[2024-11-19T03:57:02.206+0000] {local_task_job_runner.py:123} INFO - ::group::Pre task execution logs
[2024-11-19T03:57:02.251+0000] {taskinstance.py:2613} INFO - Dependencies all met for dep_context=non-requeueable deps ti=<TaskInstance: viacep.extract scheduled__2024-11-14T00:00:00+00:00 [queued]>
[2024-11-19T03:57:02.281+0000] {taskinstance.py:2613} INFO - Dependencies all met for dep_context=requeueable deps ti=<TaskInstance: viacep.extract scheduled__2024-11-14T00:00:00+00:00 [queued]>
[2024-11-19T03:57:02.285+0000] {taskinstance.py:2866} INFO - Starting attempt 1 of 1
[2024-11-19T03:57:02.313+0000] {taskinstance.py:2889} INFO - Executing <Task(PythonOperator): extract> on 2024-11-14 00:00:00+00:00
[2024-11-19T03:57:02.324+0000] {warnings.py:112} WARNING - /home/***/.local/lib/python3.12/site-packages/***/task/task_runner/standard_task_runner.py:70: DeprecationWarning: This process (pid=150) is multi-threaded, use of fork() may lead to deadlocks in the child.
  pid = os.fork()

[2024-11-19T03:57:02.333+0000] {standard_task_runner.py:72} INFO - Started process 168 to run task
[2024-11-19T03:57:02.340+0000] {standard_task_runner.py:104} INFO - Running: ['***', 'tasks', 'run', 'viacep', 'extract', 'scheduled__2024-11-14T00:00:00+00:00', '--job-id', '3', '--raw', '--subdir', 'DAGS_FOLDER/__pycache__/viacep.py', '--cfg-path', '/tmp/tmpqxcro8gk']
[2024-11-19T03:57:02.342+0000] {standard_task_runner.py:105} INFO - Job 3: Subtask extract
[2024-11-19T03:57:02.457+0000] {task_command.py:467} INFO - Running <TaskInstance: viacep.extract scheduled__2024-11-14T00:00:00+00:00 [running]> on host bf751b86ec1d
[2024-11-19T03:57:03.174+0000] {taskinstance.py:3132} INFO - Exporting env vars: AIRFLOW_CTX_DAG_OWNER='***' AIRFLOW_CTX_DAG_ID='viacep' AIRFLOW_CTX_TASK_ID='extract' AIRFLOW_CTX_EXECUTION_DATE='2024-11-14T00:00:00+00:00' AIRFLOW_CTX_TRY_NUMBER='1' AIRFLOW_CTX_DAG_RUN_ID='scheduled__2024-11-14T00:00:00+00:00'
[2024-11-19T03:57:03.175+0000] {logging_mixin.py:190} INFO - Task instance is in running state
[2024-11-19T03:57:03.176+0000] {logging_mixin.py:190} INFO -  Previous state of the Task instance: queued
[2024-11-19T03:57:03.177+0000] {logging_mixin.py:190} INFO - Current task name:extract state:running start_date:2024-11-19 03:57:02.257217+00:00
[2024-11-19T03:57:03.177+0000] {logging_mixin.py:190} INFO - Dag name:viacep and current dag run status:running
[2024-11-19T03:57:03.178+0000] {taskinstance.py:731} INFO - ::endgroup::
[2024-11-19T03:57:03.560+0000] {python.py:240} INFO - Done. Returned value was: {'cep': '01001-000', 'logradouro': 'Praça da Sé', 'complemento': 'lado ímpar', 'unidade': '', 'bairro': 'Sé', 'localidade': 'São Paulo', 'uf': 'SP', 'estado': 'São Paulo', 'regiao': 'Sudeste', 'ibge': '3550308', 'gia': '1004', 'ddd': '11', 'siafi': '7107'}
[2024-11-19T03:57:03.655+0000] {taskinstance.py:340} INFO - ::group::Post task execution logs
[2024-11-19T03:57:03.656+0000] {taskinstance.py:352} INFO - Marking task as SUCCESS. dag_id=viacep, task_id=extract, run_id=scheduled__2024-11-14T00:00:00+00:00, execution_date=20241114T000000, start_date=20241119T035702, end_date=20241119T035703
[2024-11-19T03:57:03.685+0000] {logging_mixin.py:190} INFO - Task instance in success state
[2024-11-19T03:57:03.687+0000] {logging_mixin.py:190} INFO -  Previous state of the Task instance: running
[2024-11-19T03:57:03.690+0000] {logging_mixin.py:190} INFO - Dag name:viacep queued_at:2024-11-19 03:56:54.385613+00:00
[2024-11-19T03:57:03.694+0000] {logging_mixin.py:190} INFO - Task hostname:bf751b86ec1d operator:PythonOperator
[2024-11-19T03:57:03.811+0000] {local_task_job_runner.py:266} INFO - Task exited with return code 0
[2024-11-19T03:57:03.870+0000] {taskinstance.py:3895} INFO - 1 downstream tasks scheduled from follow-on schedule check
[2024-11-19T03:57:03.872+0000] {local_task_job_runner.py:245} INFO - ::endgroup::
