[2024-11-19T03:57:08.487+0000] {local_task_job_runner.py:123} INFO - ::group::Pre task execution logs
[2024-11-19T03:57:08.514+0000] {taskinstance.py:2613} INFO - Dependencies all met for dep_context=non-requeueable deps ti=<TaskInstance: viacep.transform scheduled__2024-11-16T00:00:00+00:00 [queued]>
[2024-11-19T03:57:08.529+0000] {taskinstance.py:2613} INFO - Dependencies all met for dep_context=requeueable deps ti=<TaskInstance: viacep.transform scheduled__2024-11-16T00:00:00+00:00 [queued]>
[2024-11-19T03:57:08.530+0000] {taskinstance.py:2866} INFO - Starting attempt 1 of 1
[2024-11-19T03:57:08.551+0000] {taskinstance.py:2889} INFO - Executing <Task(PythonOperator): transform> on 2024-11-16 00:00:00+00:00
[2024-11-19T03:57:08.564+0000] {warnings.py:112} WARNING - /home/***/.local/lib/python3.12/site-packages/***/task/task_runner/standard_task_runner.py:70: DeprecationWarning: This process (pid=190) is multi-threaded, use of fork() may lead to deadlocks in the child.
  pid = os.fork()

[2024-11-19T03:57:08.567+0000] {standard_task_runner.py:72} INFO - Started process 215 to run task
[2024-11-19T03:57:08.568+0000] {standard_task_runner.py:104} INFO - Running: ['***', 'tasks', 'run', 'viacep', 'transform', 'scheduled__2024-11-16T00:00:00+00:00', '--job-id', '18', '--raw', '--subdir', 'DAGS_FOLDER/__pycache__/viacep.py', '--cfg-path', '/tmp/tmpqedpr4it']
[2024-11-19T03:57:08.570+0000] {standard_task_runner.py:105} INFO - Job 18: Subtask transform
[2024-11-19T03:57:09.043+0000] {task_command.py:467} INFO - Running <TaskInstance: viacep.transform scheduled__2024-11-16T00:00:00+00:00 [running]> on host bf751b86ec1d
[2024-11-19T03:57:09.181+0000] {taskinstance.py:3132} INFO - Exporting env vars: AIRFLOW_CTX_DAG_OWNER='***' AIRFLOW_CTX_DAG_ID='viacep' AIRFLOW_CTX_TASK_ID='transform' AIRFLOW_CTX_EXECUTION_DATE='2024-11-16T00:00:00+00:00' AIRFLOW_CTX_TRY_NUMBER='1' AIRFLOW_CTX_DAG_RUN_ID='scheduled__2024-11-16T00:00:00+00:00'
[2024-11-19T03:57:09.185+0000] {logging_mixin.py:190} INFO - Task instance is in running state
[2024-11-19T03:57:09.186+0000] {logging_mixin.py:190} INFO -  Previous state of the Task instance: queued
[2024-11-19T03:57:09.187+0000] {logging_mixin.py:190} INFO - Current task name:transform state:running start_date:2024-11-19 03:57:08.515893+00:00
[2024-11-19T03:57:09.188+0000] {logging_mixin.py:190} INFO - Dag name:viacep and current dag run status:running
[2024-11-19T03:57:09.190+0000] {taskinstance.py:731} INFO - ::endgroup::
[2024-11-19T03:57:09.211+0000] {python.py:240} INFO - Done. Returned value was: [{"cep":"01001-000","logradouro":"Pra\u00e7a da S\u00e9","complemento":"lado \u00edmpar","bairro":"S\u00e9","localidade":"S\u00e3o Paulo","uf":"SP"}]
[2024-11-19T03:57:09.251+0000] {taskinstance.py:340} INFO - ::group::Post task execution logs
[2024-11-19T03:57:09.252+0000] {taskinstance.py:352} INFO - Marking task as SUCCESS. dag_id=viacep, task_id=transform, run_id=scheduled__2024-11-16T00:00:00+00:00, execution_date=20241116T000000, start_date=20241119T035708, end_date=20241119T035709
[2024-11-19T03:57:09.273+0000] {logging_mixin.py:190} INFO - Task instance in success state
[2024-11-19T03:57:09.275+0000] {logging_mixin.py:190} INFO -  Previous state of the Task instance: running
[2024-11-19T03:57:09.275+0000] {logging_mixin.py:190} INFO - Dag name:viacep queued_at:2024-11-19 03:56:54.823754+00:00
[2024-11-19T03:57:09.276+0000] {logging_mixin.py:190} INFO - Task hostname:bf751b86ec1d operator:PythonOperator
[2024-11-19T03:57:09.310+0000] {local_task_job_runner.py:266} INFO - Task exited with return code 0
[2024-11-19T03:57:09.670+0000] {taskinstance.py:3895} INFO - 1 downstream tasks scheduled from follow-on schedule check
[2024-11-19T03:57:09.673+0000] {local_task_job_runner.py:245} INFO - ::endgroup::
