[2024-11-19T03:57:02.460+0000] {local_task_job_runner.py:123} INFO - ::group::Pre task execution logs
[2024-11-19T03:57:02.502+0000] {taskinstance.py:2613} INFO - Dependencies all met for dep_context=non-requeueable deps ti=<TaskInstance: viacep.extract scheduled__2024-11-15T00:00:00+00:00 [queued]>
[2024-11-19T03:57:02.525+0000] {taskinstance.py:2613} INFO - Dependencies all met for dep_context=requeueable deps ti=<TaskInstance: viacep.extract scheduled__2024-11-15T00:00:00+00:00 [queued]>
[2024-11-19T03:57:02.527+0000] {taskinstance.py:2866} INFO - Starting attempt 1 of 1
[2024-11-19T03:57:02.564+0000] {taskinstance.py:2889} INFO - Executing <Task(PythonOperator): extract> on 2024-11-15 00:00:00+00:00
[2024-11-19T03:57:02.577+0000] {warnings.py:112} WARNING - /home/***/.local/lib/python3.12/site-packages/***/task/task_runner/standard_task_runner.py:70: DeprecationWarning: This process (pid=152) is multi-threaded, use of fork() may lead to deadlocks in the child.
  pid = os.fork()

[2024-11-19T03:57:02.581+0000] {standard_task_runner.py:72} INFO - Started process 180 to run task
[2024-11-19T03:57:02.585+0000] {standard_task_runner.py:104} INFO - Running: ['***', 'tasks', 'run', 'viacep', 'extract', 'scheduled__2024-11-15T00:00:00+00:00', '--job-id', '11', '--raw', '--subdir', 'DAGS_FOLDER/__pycache__/viacep.py', '--cfg-path', '/tmp/tmpgwpbon_e']
[2024-11-19T03:57:02.588+0000] {standard_task_runner.py:105} INFO - Job 11: Subtask extract
[2024-11-19T03:57:02.724+0000] {task_command.py:467} INFO - Running <TaskInstance: viacep.extract scheduled__2024-11-15T00:00:00+00:00 [running]> on host bf751b86ec1d
[2024-11-19T03:57:03.002+0000] {taskinstance.py:3132} INFO - Exporting env vars: AIRFLOW_CTX_DAG_OWNER='***' AIRFLOW_CTX_DAG_ID='viacep' AIRFLOW_CTX_TASK_ID='extract' AIRFLOW_CTX_EXECUTION_DATE='2024-11-15T00:00:00+00:00' AIRFLOW_CTX_TRY_NUMBER='1' AIRFLOW_CTX_DAG_RUN_ID='scheduled__2024-11-15T00:00:00+00:00'
[2024-11-19T03:57:03.008+0000] {logging_mixin.py:190} INFO - Task instance is in running state
[2024-11-19T03:57:03.017+0000] {logging_mixin.py:190} INFO -  Previous state of the Task instance: queued
[2024-11-19T03:57:03.019+0000] {logging_mixin.py:190} INFO - Current task name:extract state:running start_date:2024-11-19 03:57:02.503348+00:00
[2024-11-19T03:57:03.032+0000] {logging_mixin.py:190} INFO - Dag name:viacep and current dag run status:running
[2024-11-19T03:57:03.035+0000] {taskinstance.py:731} INFO - ::endgroup::
[2024-11-19T03:57:03.433+0000] {python.py:240} INFO - Done. Returned value was: {'cep': '01001-000', 'logradouro': 'Praça da Sé', 'complemento': 'lado ímpar', 'unidade': '', 'bairro': 'Sé', 'localidade': 'São Paulo', 'uf': 'SP', 'estado': 'São Paulo', 'regiao': 'Sudeste', 'ibge': '3550308', 'gia': '1004', 'ddd': '11', 'siafi': '7107'}
[2024-11-19T03:57:03.472+0000] {taskinstance.py:340} INFO - ::group::Post task execution logs
[2024-11-19T03:57:03.473+0000] {taskinstance.py:352} INFO - Marking task as SUCCESS. dag_id=viacep, task_id=extract, run_id=scheduled__2024-11-15T00:00:00+00:00, execution_date=20241115T000000, start_date=20241119T035702, end_date=20241119T035703
[2024-11-19T03:57:03.496+0000] {logging_mixin.py:190} INFO - Task instance in success state
[2024-11-19T03:57:03.498+0000] {logging_mixin.py:190} INFO -  Previous state of the Task instance: running
[2024-11-19T03:57:03.499+0000] {logging_mixin.py:190} INFO - Dag name:viacep queued_at:2024-11-19 03:56:54.603509+00:00
[2024-11-19T03:57:03.500+0000] {logging_mixin.py:190} INFO - Task hostname:bf751b86ec1d operator:PythonOperator
[2024-11-19T03:57:03.598+0000] {local_task_job_runner.py:266} INFO - Task exited with return code 0
[2024-11-19T03:57:03.718+0000] {taskinstance.py:3895} INFO - 1 downstream tasks scheduled from follow-on schedule check
[2024-11-19T03:57:03.750+0000] {local_task_job_runner.py:245} INFO - ::endgroup::
