[2024-11-21T04:36:41.514+0000] {local_task_job_runner.py:123} INFO - ::group::Pre task execution logs
[2024-11-21T04:36:41.527+0000] {taskinstance.py:2613} INFO - Dependencies all met for dep_context=non-requeueable deps ti=<TaskInstance: viacep.print scheduled__2024-11-19T00:00:00+00:00 [queued]>
[2024-11-21T04:36:41.533+0000] {taskinstance.py:2613} INFO - Dependencies all met for dep_context=requeueable deps ti=<TaskInstance: viacep.print scheduled__2024-11-19T00:00:00+00:00 [queued]>
[2024-11-21T04:36:41.534+0000] {taskinstance.py:2866} INFO - Starting attempt 1 of 1
[2024-11-21T04:36:41.669+0000] {taskinstance.py:2889} INFO - Executing <Task(BashOperator): print> on 2024-11-19 00:00:00+00:00
[2024-11-21T04:36:41.675+0000] {warnings.py:112} WARNING - /home/***/.local/lib/python3.12/site-packages/***/task/task_runner/standard_task_runner.py:70: DeprecationWarning: This process (pid=87) is multi-threaded, use of fork() may lead to deadlocks in the child.
  pid = os.fork()

[2024-11-21T04:36:41.676+0000] {standard_task_runner.py:72} INFO - Started process 92 to run task
[2024-11-21T04:36:41.677+0000] {standard_task_runner.py:104} INFO - Running: ['***', 'tasks', 'run', 'viacep', 'print', 'scheduled__2024-11-19T00:00:00+00:00', '--job-id', '36', '--raw', '--subdir', 'DAGS_FOLDER/__pycache__/viacep.py', '--cfg-path', '/tmp/tmpk18yk4qe']
[2024-11-21T04:36:41.678+0000] {standard_task_runner.py:105} INFO - Job 36: Subtask print
[2024-11-21T04:36:41.713+0000] {task_command.py:467} INFO - Running <TaskInstance: viacep.print scheduled__2024-11-19T00:00:00+00:00 [running]> on host bf751b86ec1d
[2024-11-21T04:36:41.779+0000] {taskinstance.py:3132} INFO - Exporting env vars: AIRFLOW_CTX_DAG_OWNER='***' AIRFLOW_CTX_DAG_ID='viacep' AIRFLOW_CTX_TASK_ID='print' AIRFLOW_CTX_EXECUTION_DATE='2024-11-19T00:00:00+00:00' AIRFLOW_CTX_TRY_NUMBER='1' AIRFLOW_CTX_DAG_RUN_ID='scheduled__2024-11-19T00:00:00+00:00'
[2024-11-21T04:36:41.780+0000] {logging_mixin.py:190} INFO - Task instance is in running state
[2024-11-21T04:36:41.780+0000] {logging_mixin.py:190} INFO -  Previous state of the Task instance: queued
[2024-11-21T04:36:41.781+0000] {logging_mixin.py:190} INFO - Current task name:print state:running start_date:2024-11-21 04:36:41.527859+00:00
[2024-11-21T04:36:41.782+0000] {logging_mixin.py:190} INFO - Dag name:viacep and current dag run status:running
[2024-11-21T04:36:41.782+0000] {taskinstance.py:731} INFO - ::endgroup::
[2024-11-21T04:36:41.783+0000] {subprocess.py:78} INFO - Tmp dir root location: /tmp
[2024-11-21T04:36:41.784+0000] {subprocess.py:88} INFO - Running command: ['/usr/bin/bash', '-c', 'echo [{"cep":"01001-000","logradouro":"Pra\\u00e7a da S\\u00e9","complemento":"lado \\u00edmpar","bairro":"S\\u00e9","localidade":"S\\u00e3o Paulo","uf":"SP"}]']
[2024-11-21T04:36:41.792+0000] {subprocess.py:99} INFO - Output:
[2024-11-21T04:36:41.793+0000] {subprocess.py:106} INFO - [cep:01001-000] [logradouro:Pra\u00e7a da S\u00e9] [complemento:lado \u00edmpar] [bairro:S\u00e9] [localidade:S\u00e3o Paulo] [uf:SP]
[2024-11-21T04:36:41.794+0000] {subprocess.py:110} INFO - Command exited with return code 0
[2024-11-21T04:36:41.810+0000] {taskinstance.py:340} INFO - ::group::Post task execution logs
[2024-11-21T04:36:41.811+0000] {taskinstance.py:352} INFO - Marking task as SUCCESS. dag_id=viacep, task_id=print, run_id=scheduled__2024-11-19T00:00:00+00:00, execution_date=20241119T000000, start_date=20241121T043641, end_date=20241121T043641
[2024-11-21T04:36:41.818+0000] {logging_mixin.py:190} INFO - Task instance in success state
[2024-11-21T04:36:41.818+0000] {logging_mixin.py:190} INFO -  Previous state of the Task instance: running
[2024-11-21T04:36:41.819+0000] {logging_mixin.py:190} INFO - Dag name:viacep queued_at:2024-11-21 04:36:30.951457+00:00
[2024-11-21T04:36:41.819+0000] {logging_mixin.py:190} INFO - Task hostname:bf751b86ec1d operator:BashOperator
[2024-11-21T04:36:41.851+0000] {local_task_job_runner.py:266} INFO - Task exited with return code 0
[2024-11-21T04:36:41.863+0000] {taskinstance.py:3895} INFO - 0 downstream tasks scheduled from follow-on schedule check
[2024-11-21T04:36:41.865+0000] {local_task_job_runner.py:245} INFO - ::endgroup::
