[2024-11-21T16:43:00.025+0000] {local_task_job_runner.py:123} INFO - ::group::Pre task execution logs
[2024-11-21T16:43:00.039+0000] {taskinstance.py:2613} INFO - Dependencies all met for dep_context=non-requeueable deps ti=<TaskInstance: viacep.extract manual__2024-11-21T16:42:57.846843+00:00 [queued]>
[2024-11-21T16:43:00.046+0000] {taskinstance.py:2613} INFO - Dependencies all met for dep_context=requeueable deps ti=<TaskInstance: viacep.extract manual__2024-11-21T16:42:57.846843+00:00 [queued]>
[2024-11-21T16:43:00.047+0000] {taskinstance.py:2866} INFO - Starting attempt 1 of 1
[2024-11-21T16:43:00.167+0000] {taskinstance.py:2889} INFO - Executing <Task(PythonOperator): extract> on 2024-11-21 16:42:57.846843+00:00
[2024-11-21T16:43:00.173+0000] {warnings.py:112} WARNING - /home/***/.local/lib/python3.12/site-packages/***/task/task_runner/standard_task_runner.py:70: DeprecationWarning: This process (pid=175) is multi-threaded, use of fork() may lead to deadlocks in the child.
  pid = os.fork()

[2024-11-21T16:43:00.175+0000] {standard_task_runner.py:72} INFO - Started process 177 to run task
[2024-11-21T16:43:00.175+0000] {standard_task_runner.py:104} INFO - Running: ['***', 'tasks', 'run', 'viacep', 'extract', 'manual__2024-11-21T16:42:57.846843+00:00', '--job-id', '72', '--raw', '--subdir', 'DAGS_FOLDER/__pycache__/viacep.py', '--cfg-path', '/tmp/tmpwu0c6424']
[2024-11-21T16:43:00.176+0000] {standard_task_runner.py:105} INFO - Job 72: Subtask extract
[2024-11-21T16:43:00.213+0000] {task_command.py:467} INFO - Running <TaskInstance: viacep.extract manual__2024-11-21T16:42:57.846843+00:00 [running]> on host bf751b86ec1d
[2024-11-21T16:43:00.278+0000] {taskinstance.py:3132} INFO - Exporting env vars: AIRFLOW_CTX_DAG_OWNER='***' AIRFLOW_CTX_DAG_ID='viacep' AIRFLOW_CTX_TASK_ID='extract' AIRFLOW_CTX_EXECUTION_DATE='2024-11-21T16:42:57.846843+00:00' AIRFLOW_CTX_TRY_NUMBER='1' AIRFLOW_CTX_DAG_RUN_ID='manual__2024-11-21T16:42:57.846843+00:00'
[2024-11-21T16:43:00.279+0000] {logging_mixin.py:190} INFO - Task instance is in running state
[2024-11-21T16:43:00.280+0000] {logging_mixin.py:190} INFO -  Previous state of the Task instance: queued
[2024-11-21T16:43:00.280+0000] {logging_mixin.py:190} INFO - Current task name:extract state:running start_date:2024-11-21 16:43:00.040337+00:00
[2024-11-21T16:43:00.281+0000] {logging_mixin.py:190} INFO - Dag name:viacep and current dag run status:running
[2024-11-21T16:43:00.281+0000] {taskinstance.py:731} INFO - ::endgroup::
[2024-11-21T16:43:00.669+0000] {python.py:240} INFO - Done. Returned value was: {'cep': '11700-100', 'logradouro': 'Praça Dezenove de Janeiro', 'complemento': '', 'unidade': '', 'bairro': 'Boqueirão', 'localidade': 'Praia Grande', 'uf': 'SP', 'estado': 'São Paulo', 'regiao': 'Sudeste', 'ibge': '3541000', 'gia': '5587', 'ddd': '13', 'siafi': '6921'}
[2024-11-21T16:43:00.697+0000] {taskinstance.py:340} INFO - ::group::Post task execution logs
[2024-11-21T16:43:00.698+0000] {taskinstance.py:352} INFO - Marking task as SUCCESS. dag_id=viacep, task_id=extract, run_id=manual__2024-11-21T16:42:57.846843+00:00, execution_date=20241121T164257, start_date=20241121T164300, end_date=20241121T164300
[2024-11-21T16:43:00.705+0000] {logging_mixin.py:190} INFO - Task instance in success state
[2024-11-21T16:43:00.706+0000] {logging_mixin.py:190} INFO -  Previous state of the Task instance: running
[2024-11-21T16:43:00.706+0000] {logging_mixin.py:190} INFO - Dag name:viacep queued_at:2024-11-21 16:42:57.853629+00:00
[2024-11-21T16:43:00.707+0000] {logging_mixin.py:190} INFO - Task hostname:bf751b86ec1d operator:PythonOperator
[2024-11-21T16:43:00.713+0000] {local_task_job_runner.py:266} INFO - Task exited with return code 0
[2024-11-21T16:43:00.732+0000] {taskinstance.py:3895} INFO - 1 downstream tasks scheduled from follow-on schedule check
[2024-11-21T16:43:00.735+0000] {local_task_job_runner.py:245} INFO - ::endgroup::
