[2024-11-21T16:40:38.468+0000] {local_task_job_runner.py:123} INFO - ::group::Pre task execution logs
[2024-11-21T16:40:38.482+0000] {taskinstance.py:2613} INFO - Dependencies all met for dep_context=non-requeueable deps ti=<TaskInstance: viacep.transform manual__2024-11-21T16:40:32.591227+00:00 [queued]>
[2024-11-21T16:40:38.491+0000] {taskinstance.py:2613} INFO - Dependencies all met for dep_context=requeueable deps ti=<TaskInstance: viacep.transform manual__2024-11-21T16:40:32.591227+00:00 [queued]>
[2024-11-21T16:40:38.492+0000] {taskinstance.py:2866} INFO - Starting attempt 1 of 1
[2024-11-21T16:40:38.611+0000] {taskinstance.py:2889} INFO - Executing <Task(PythonOperator): transform> on 2024-11-21 16:40:32.591227+00:00
[2024-11-21T16:40:38.617+0000] {warnings.py:112} WARNING - /home/***/.local/lib/python3.12/site-packages/***/task/task_runner/standard_task_runner.py:70: DeprecationWarning: This process (pid=131) is multi-threaded, use of fork() may lead to deadlocks in the child.
  pid = os.fork()

[2024-11-21T16:40:38.619+0000] {standard_task_runner.py:72} INFO - Started process 140 to run task
[2024-11-21T16:40:38.619+0000] {standard_task_runner.py:104} INFO - Running: ['***', 'tasks', 'run', 'viacep', 'transform', 'manual__2024-11-21T16:40:32.591227+00:00', '--job-id', '70', '--raw', '--subdir', 'DAGS_FOLDER/__pycache__/viacep.py', '--cfg-path', '/tmp/tmpp6ce_hon']
[2024-11-21T16:40:38.621+0000] {standard_task_runner.py:105} INFO - Job 70: Subtask transform
[2024-11-21T16:40:38.663+0000] {task_command.py:467} INFO - Running <TaskInstance: viacep.transform manual__2024-11-21T16:40:32.591227+00:00 [running]> on host bf751b86ec1d
[2024-11-21T16:40:38.734+0000] {taskinstance.py:3132} INFO - Exporting env vars: AIRFLOW_CTX_DAG_OWNER='***' AIRFLOW_CTX_DAG_ID='viacep' AIRFLOW_CTX_TASK_ID='transform' AIRFLOW_CTX_EXECUTION_DATE='2024-11-21T16:40:32.591227+00:00' AIRFLOW_CTX_TRY_NUMBER='1' AIRFLOW_CTX_DAG_RUN_ID='manual__2024-11-21T16:40:32.591227+00:00'
[2024-11-21T16:40:38.735+0000] {logging_mixin.py:190} INFO - Task instance is in running state
[2024-11-21T16:40:38.736+0000] {logging_mixin.py:190} INFO -  Previous state of the Task instance: queued
[2024-11-21T16:40:38.736+0000] {logging_mixin.py:190} INFO - Current task name:transform state:running start_date:2024-11-21 16:40:38.483951+00:00
[2024-11-21T16:40:38.737+0000] {logging_mixin.py:190} INFO - Dag name:viacep and current dag run status:running
[2024-11-21T16:40:38.738+0000] {taskinstance.py:731} INFO - ::endgroup::
[2024-11-21T16:40:38.752+0000] {python.py:240} INFO - Done. Returned value was: [{"cep":"11700-100","logradouro":"Pra\u00e7a Dezenove de Janeiro","complemento":"","bairro":"Boqueir\u00e3o","localidade":"Praia Grande","uf":"SP"}]
[2024-11-21T16:40:38.773+0000] {taskinstance.py:340} INFO - ::group::Post task execution logs
[2024-11-21T16:40:38.774+0000] {taskinstance.py:352} INFO - Marking task as SUCCESS. dag_id=viacep, task_id=transform, run_id=manual__2024-11-21T16:40:32.591227+00:00, execution_date=20241121T164032, start_date=20241121T164038, end_date=20241121T164038
[2024-11-21T16:40:38.782+0000] {logging_mixin.py:190} INFO - Task instance in success state
[2024-11-21T16:40:38.783+0000] {logging_mixin.py:190} INFO -  Previous state of the Task instance: running
[2024-11-21T16:40:38.783+0000] {logging_mixin.py:190} INFO - Dag name:viacep queued_at:2024-11-21 16:40:32.606108+00:00
[2024-11-21T16:40:38.784+0000] {logging_mixin.py:190} INFO - Task hostname:bf751b86ec1d operator:PythonOperator
[2024-11-21T16:40:38.796+0000] {local_task_job_runner.py:266} INFO - Task exited with return code 0
[2024-11-21T16:40:38.817+0000] {taskinstance.py:3895} INFO - 1 downstream tasks scheduled from follow-on schedule check
[2024-11-21T16:40:38.820+0000] {local_task_job_runner.py:245} INFO - ::endgroup::
