[2024-11-19T03:57:13.348+0000] {local_task_job_runner.py:123} INFO - ::group::Pre task execution logs
[2024-11-19T03:57:13.386+0000] {taskinstance.py:2613} INFO - Dependencies all met for dep_context=non-requeueable deps ti=<TaskInstance: viacep.print scheduled__2024-11-12T00:00:00+00:00 [queued]>
[2024-11-19T03:57:13.406+0000] {taskinstance.py:2613} INFO - Dependencies all met for dep_context=requeueable deps ti=<TaskInstance: viacep.print scheduled__2024-11-12T00:00:00+00:00 [queued]>
[2024-11-19T03:57:13.407+0000] {taskinstance.py:2866} INFO - Starting attempt 1 of 1
[2024-11-19T03:57:13.435+0000] {taskinstance.py:2889} INFO - Executing <Task(BashOperator): print> on 2024-11-12 00:00:00+00:00
[2024-11-19T03:57:13.446+0000] {warnings.py:112} WARNING - /home/***/.local/lib/python3.12/site-packages/***/task/task_runner/standard_task_runner.py:70: DeprecationWarning: This process (pid=221) is multi-threaded, use of fork() may lead to deadlocks in the child.
  pid = os.fork()

[2024-11-19T03:57:13.448+0000] {standard_task_runner.py:72} INFO - Started process 243 to run task
[2024-11-19T03:57:13.448+0000] {standard_task_runner.py:104} INFO - Running: ['***', 'tasks', 'run', 'viacep', 'print', 'scheduled__2024-11-12T00:00:00+00:00', '--job-id', '23', '--raw', '--subdir', 'DAGS_FOLDER/__pycache__/viacep.py', '--cfg-path', '/tmp/tmpw8emf22j']
[2024-11-19T03:57:13.450+0000] {standard_task_runner.py:105} INFO - Job 23: Subtask print
[2024-11-19T03:57:13.892+0000] {task_command.py:467} INFO - Running <TaskInstance: viacep.print scheduled__2024-11-12T00:00:00+00:00 [running]> on host bf751b86ec1d
[2024-11-19T03:57:14.038+0000] {taskinstance.py:3132} INFO - Exporting env vars: AIRFLOW_CTX_DAG_OWNER='***' AIRFLOW_CTX_DAG_ID='viacep' AIRFLOW_CTX_TASK_ID='print' AIRFLOW_CTX_EXECUTION_DATE='2024-11-12T00:00:00+00:00' AIRFLOW_CTX_TRY_NUMBER='1' AIRFLOW_CTX_DAG_RUN_ID='scheduled__2024-11-12T00:00:00+00:00'
[2024-11-19T03:57:14.040+0000] {logging_mixin.py:190} INFO - Task instance is in running state
[2024-11-19T03:57:14.041+0000] {logging_mixin.py:190} INFO -  Previous state of the Task instance: queued
[2024-11-19T03:57:14.042+0000] {logging_mixin.py:190} INFO - Current task name:print state:running start_date:2024-11-19 03:57:13.389192+00:00
[2024-11-19T03:57:14.043+0000] {logging_mixin.py:190} INFO - Dag name:viacep and current dag run status:running
[2024-11-19T03:57:14.044+0000] {taskinstance.py:731} INFO - ::endgroup::
[2024-11-19T03:57:14.046+0000] {subprocess.py:78} INFO - Tmp dir root location: /tmp
[2024-11-19T03:57:14.049+0000] {subprocess.py:88} INFO - Running command: ['/usr/bin/bash', '-c', 'echo [{"cep":"01001-000","logradouro":"Pra\\u00e7a da S\\u00e9","complemento":"lado \\u00edmpar","bairro":"S\\u00e9","localidade":"S\\u00e3o Paulo","uf":"SP"}]']
[2024-11-19T03:57:14.073+0000] {subprocess.py:99} INFO - Output:
[2024-11-19T03:57:14.076+0000] {subprocess.py:106} INFO - [cep:01001-000] [logradouro:Pra\u00e7a da S\u00e9] [complemento:lado \u00edmpar] [bairro:S\u00e9] [localidade:S\u00e3o Paulo] [uf:SP]
[2024-11-19T03:57:14.077+0000] {subprocess.py:110} INFO - Command exited with return code 0
[2024-11-19T03:57:14.123+0000] {taskinstance.py:340} INFO - ::group::Post task execution logs
[2024-11-19T03:57:14.124+0000] {taskinstance.py:352} INFO - Marking task as SUCCESS. dag_id=viacep, task_id=print, run_id=scheduled__2024-11-12T00:00:00+00:00, execution_date=20241112T000000, start_date=20241119T035713, end_date=20241119T035714
[2024-11-19T03:57:14.148+0000] {logging_mixin.py:190} INFO - Task instance in success state
[2024-11-19T03:57:14.149+0000] {logging_mixin.py:190} INFO -  Previous state of the Task instance: running
[2024-11-19T03:57:14.150+0000] {logging_mixin.py:190} INFO - Dag name:viacep queued_at:2024-11-19 03:56:53.959034+00:00
[2024-11-19T03:57:14.151+0000] {logging_mixin.py:190} INFO - Task hostname:bf751b86ec1d operator:BashOperator
[2024-11-19T03:57:14.190+0000] {local_task_job_runner.py:266} INFO - Task exited with return code 0
[2024-11-19T03:57:14.454+0000] {taskinstance.py:3895} INFO - 0 downstream tasks scheduled from follow-on schedule check
[2024-11-19T03:57:14.457+0000] {local_task_job_runner.py:245} INFO - ::endgroup::
