[2024-11-18T06:15:17.122+0000] {local_task_job_runner.py:123} INFO - ::group::Pre task execution logs
[2024-11-18T06:15:17.137+0000] {taskinstance.py:2613} INFO - Dependencies all met for dep_context=non-requeueable deps ti=<TaskInstance: hello.hello manual__2024-11-18T06:10:57.819202+00:00 [queued]>
[2024-11-18T06:15:17.145+0000] {taskinstance.py:2613} INFO - Dependencies all met for dep_context=requeueable deps ti=<TaskInstance: hello.hello manual__2024-11-18T06:10:57.819202+00:00 [queued]>
[2024-11-18T06:15:17.146+0000] {taskinstance.py:2866} INFO - Starting attempt 2 of 2
[2024-11-18T06:15:17.159+0000] {taskinstance.py:2889} INFO - Executing <Task(BashOperator): hello> on 2024-11-18 06:10:57.819202+00:00
[2024-11-18T06:15:17.165+0000] {warnings.py:112} WARNING - /home/***/.local/lib/python3.12/site-packages/***/task/task_runner/standard_task_runner.py:70: DeprecationWarning: This process (pid=401) is multi-threaded, use of fork() may lead to deadlocks in the child.
  pid = os.fork()

[2024-11-18T06:15:17.166+0000] {standard_task_runner.py:72} INFO - Started process 403 to run task
[2024-11-18T06:15:17.167+0000] {standard_task_runner.py:104} INFO - Running: ['***', 'tasks', 'run', 'hello', 'hello', 'manual__2024-11-18T06:10:57.819202+00:00', '--job-id', '4', '--raw', '--subdir', 'DAGS_FOLDER/hello.py', '--cfg-path', '/tmp/tmp_s2_zr6t']
[2024-11-18T06:15:17.168+0000] {standard_task_runner.py:105} INFO - Job 4: Subtask hello
[2024-11-18T06:15:17.366+0000] {task_command.py:467} INFO - Running <TaskInstance: hello.hello manual__2024-11-18T06:10:57.819202+00:00 [running]> on host d8dbdcd9e2f2
[2024-11-18T06:15:17.422+0000] {taskinstance.py:3132} INFO - Exporting env vars: AIRFLOW_CTX_DAG_OWNER='***' AIRFLOW_CTX_DAG_ID='hello' AIRFLOW_CTX_TASK_ID='hello' AIRFLOW_CTX_EXECUTION_DATE='2024-11-18T06:10:57.819202+00:00' AIRFLOW_CTX_TRY_NUMBER='2' AIRFLOW_CTX_DAG_RUN_ID='manual__2024-11-18T06:10:57.819202+00:00'
[2024-11-18T06:15:17.423+0000] {logging_mixin.py:190} INFO - Task instance is in running state
[2024-11-18T06:15:17.424+0000] {logging_mixin.py:190} INFO -  Previous state of the Task instance: queued
[2024-11-18T06:15:17.424+0000] {logging_mixin.py:190} INFO - Current task name:hello state:running start_date:2024-11-18 06:15:17.138018+00:00
[2024-11-18T06:15:17.425+0000] {logging_mixin.py:190} INFO - Dag name:hello and current dag run status:running
[2024-11-18T06:15:17.426+0000] {taskinstance.py:731} INFO - ::endgroup::
[2024-11-18T06:15:17.427+0000] {subprocess.py:78} INFO - Tmp dir root location: /tmp
[2024-11-18T06:15:17.428+0000] {subprocess.py:88} INFO - Running command: ['/usr/bin/bash', '-c', 'echo hello']
[2024-11-18T06:15:17.437+0000] {subprocess.py:99} INFO - Output:
[2024-11-18T06:15:17.438+0000] {subprocess.py:106} INFO - hello
[2024-11-18T06:15:17.439+0000] {subprocess.py:110} INFO - Command exited with return code 0
[2024-11-18T06:15:17.459+0000] {taskinstance.py:340} INFO - ::group::Post task execution logs
[2024-11-18T06:15:17.460+0000] {taskinstance.py:352} INFO - Marking task as SUCCESS. dag_id=hello, task_id=hello, run_id=manual__2024-11-18T06:10:57.819202+00:00, execution_date=20241118T061057, start_date=20241118T061517, end_date=20241118T061517
[2024-11-18T06:15:17.468+0000] {logging_mixin.py:190} INFO - Task instance in success state
[2024-11-18T06:15:17.468+0000] {logging_mixin.py:190} INFO -  Previous state of the Task instance: running
[2024-11-18T06:15:17.469+0000] {logging_mixin.py:190} INFO - Dag name:hello queued_at:2024-11-18 06:15:15.483113+00:00
[2024-11-18T06:15:17.469+0000] {logging_mixin.py:190} INFO - Task hostname:d8dbdcd9e2f2 operator:BashOperator
[2024-11-18T06:15:17.502+0000] {local_task_job_runner.py:266} INFO - Task exited with return code 0
[2024-11-18T06:15:17.640+0000] {taskinstance.py:3895} INFO - 0 downstream tasks scheduled from follow-on schedule check
[2024-11-18T06:15:17.643+0000] {local_task_job_runner.py:245} INFO - ::endgroup::
