[2024-11-19T03:57:02.450+0000] {local_task_job_runner.py:123} INFO - ::group::Pre task execution logs
[2024-11-19T03:57:02.487+0000] {taskinstance.py:2613} INFO - Dependencies all met for dep_context=non-requeueable deps ti=<TaskInstance: viacep.extract scheduled__2024-11-17T00:00:00+00:00 [queued]>
[2024-11-19T03:57:02.500+0000] {taskinstance.py:2613} INFO - Dependencies all met for dep_context=requeueable deps ti=<TaskInstance: viacep.extract scheduled__2024-11-17T00:00:00+00:00 [queued]>
[2024-11-19T03:57:02.503+0000] {taskinstance.py:2866} INFO - Starting attempt 1 of 1
[2024-11-19T03:57:02.540+0000] {taskinstance.py:2889} INFO - Executing <Task(PythonOperator): extract> on 2024-11-17 00:00:00+00:00
[2024-11-19T03:57:02.558+0000] {standard_task_runner.py:104} INFO - Running: ['***', 'tasks', 'run', 'viacep', 'extract', 'scheduled__2024-11-17T00:00:00+00:00', '--job-id', '10', '--raw', '--subdir', 'DAGS_FOLDER/__pycache__/viacep.py', '--cfg-path', '/tmp/tmplq2lfca9']
[2024-11-19T03:57:02.555+0000] {warnings.py:112} WARNING - /home/***/.local/lib/python3.12/site-packages/***/task/task_runner/standard_task_runner.py:70: DeprecationWarning: This process (pid=156) is multi-threaded, use of fork() may lead to deadlocks in the child.
  pid = os.fork()

[2024-11-19T03:57:02.562+0000] {standard_task_runner.py:105} INFO - Job 10: Subtask extract
[2024-11-19T03:57:02.562+0000] {standard_task_runner.py:72} INFO - Started process 177 to run task
[2024-11-19T03:57:02.721+0000] {task_command.py:467} INFO - Running <TaskInstance: viacep.extract scheduled__2024-11-17T00:00:00+00:00 [running]> on host bf751b86ec1d
[2024-11-19T03:57:02.977+0000] {taskinstance.py:3132} INFO - Exporting env vars: AIRFLOW_CTX_DAG_OWNER='***' AIRFLOW_CTX_DAG_ID='viacep' AIRFLOW_CTX_TASK_ID='extract' AIRFLOW_CTX_EXECUTION_DATE='2024-11-17T00:00:00+00:00' AIRFLOW_CTX_TRY_NUMBER='1' AIRFLOW_CTX_DAG_RUN_ID='scheduled__2024-11-17T00:00:00+00:00'
[2024-11-19T03:57:02.979+0000] {logging_mixin.py:190} INFO - Task instance is in running state
[2024-11-19T03:57:02.980+0000] {logging_mixin.py:190} INFO -  Previous state of the Task instance: queued
[2024-11-19T03:57:02.981+0000] {logging_mixin.py:190} INFO - Current task name:extract state:running start_date:2024-11-19 03:57:02.489004+00:00
[2024-11-19T03:57:02.982+0000] {logging_mixin.py:190} INFO - Dag name:viacep and current dag run status:running
[2024-11-19T03:57:02.982+0000] {taskinstance.py:731} INFO - ::endgroup::
[2024-11-19T03:57:03.386+0000] {python.py:240} INFO - Done. Returned value was: {'cep': '01001-000', 'logradouro': 'Praça da Sé', 'complemento': 'lado ímpar', 'unidade': '', 'bairro': 'Sé', 'localidade': 'São Paulo', 'uf': 'SP', 'estado': 'São Paulo', 'regiao': 'Sudeste', 'ibge': '3550308', 'gia': '1004', 'ddd': '11', 'siafi': '7107'}
[2024-11-19T03:57:03.431+0000] {taskinstance.py:340} INFO - ::group::Post task execution logs
[2024-11-19T03:57:03.432+0000] {taskinstance.py:352} INFO - Marking task as SUCCESS. dag_id=viacep, task_id=extract, run_id=scheduled__2024-11-17T00:00:00+00:00, execution_date=20241117T000000, start_date=20241119T035702, end_date=20241119T035703
[2024-11-19T03:57:03.455+0000] {logging_mixin.py:190} INFO - Task instance in success state
[2024-11-19T03:57:03.456+0000] {logging_mixin.py:190} INFO -  Previous state of the Task instance: running
[2024-11-19T03:57:03.458+0000] {logging_mixin.py:190} INFO - Dag name:viacep queued_at:2024-11-19 03:56:55.160313+00:00
[2024-11-19T03:57:03.458+0000] {logging_mixin.py:190} INFO - Task hostname:bf751b86ec1d operator:PythonOperator
[2024-11-19T03:57:03.508+0000] {local_task_job_runner.py:266} INFO - Task exited with return code 0
[2024-11-19T03:57:03.647+0000] {taskinstance.py:3895} INFO - 1 downstream tasks scheduled from follow-on schedule check
[2024-11-19T03:57:03.653+0000] {local_task_job_runner.py:245} INFO - ::endgroup::
