[2024-11-18T05:49:50.344+0000] {processor.py:186} INFO - Started process (PID=80) to work on /home/airflow/.local/lib/python3.12/site-packages/airflow/example_dags/example_complex.py
[2024-11-18T05:49:50.346+0000] {processor.py:914} INFO - Processing file /home/airflow/.local/lib/python3.12/site-packages/airflow/example_dags/example_complex.py for tasks to queue
[2024-11-18T05:49:50.349+0000] {logging_mixin.py:190} INFO - [2024-11-18T05:49:50.348+0000] {dagbag.py:588} INFO - Filling up the DagBag from /home/airflow/.local/lib/python3.12/site-packages/airflow/example_dags/example_complex.py
[2024-11-18T05:49:50.371+0000] {processor.py:925} INFO - DAG(s) 'example_complex' retrieved from /home/airflow/.local/lib/python3.12/site-packages/airflow/example_dags/example_complex.py
[2024-11-18T05:49:50.525+0000] {logging_mixin.py:190} INFO - [2024-11-18T05:49:50.524+0000] {override.py:1911} INFO - Created Permission View: can edit on DAG:example_complex
[2024-11-18T05:49:50.537+0000] {logging_mixin.py:190} INFO - [2024-11-18T05:49:50.536+0000] {override.py:1911} INFO - Created Permission View: can delete on DAG:example_complex
[2024-11-18T05:49:50.545+0000] {logging_mixin.py:190} INFO - [2024-11-18T05:49:50.544+0000] {override.py:1911} INFO - Created Permission View: can read on DAG:example_complex
[2024-11-18T05:49:50.553+0000] {logging_mixin.py:190} INFO - [2024-11-18T05:49:50.553+0000] {override.py:1911} INFO - Created Permission View: menu access on DAG Run:example_complex
[2024-11-18T05:49:50.561+0000] {logging_mixin.py:190} INFO - [2024-11-18T05:49:50.561+0000] {override.py:1911} INFO - Created Permission View: can delete on DAG Run:example_complex
[2024-11-18T05:49:50.568+0000] {logging_mixin.py:190} INFO - [2024-11-18T05:49:50.568+0000] {override.py:1911} INFO - Created Permission View: can create on DAG Run:example_complex
[2024-11-18T05:49:50.576+0000] {logging_mixin.py:190} INFO - [2024-11-18T05:49:50.576+0000] {override.py:1911} INFO - Created Permission View: can read on DAG Run:example_complex
[2024-11-18T05:49:50.577+0000] {logging_mixin.py:190} INFO - [2024-11-18T05:49:50.577+0000] {dag.py:3239} INFO - Sync 1 DAGs
[2024-11-18T05:49:50.591+0000] {logging_mixin.py:190} INFO - [2024-11-18T05:49:50.591+0000] {dag.py:3262} INFO - Creating ORM DAG for example_complex
[2024-11-18T05:49:50.592+0000] {logging_mixin.py:190} INFO - [2024-11-18T05:49:50.592+0000] {dag.py:4180} INFO - Setting next_dagrun for example_complex to None, run_after=None
[2024-11-18T05:49:50.614+0000] {processor.py:208} INFO - Processing /home/airflow/.local/lib/python3.12/site-packages/airflow/example_dags/example_complex.py took 0.276 seconds
[2024-11-18T05:50:20.789+0000] {processor.py:186} INFO - Started process (PID=143) to work on /home/airflow/.local/lib/python3.12/site-packages/airflow/example_dags/example_complex.py
[2024-11-18T05:50:20.790+0000] {processor.py:914} INFO - Processing file /home/airflow/.local/lib/python3.12/site-packages/airflow/example_dags/example_complex.py for tasks to queue
[2024-11-18T05:50:20.794+0000] {logging_mixin.py:190} INFO - [2024-11-18T05:50:20.793+0000] {dagbag.py:588} INFO - Filling up the DagBag from /home/airflow/.local/lib/python3.12/site-packages/airflow/example_dags/example_complex.py
[2024-11-18T05:50:20.811+0000] {processor.py:925} INFO - DAG(s) 'example_complex' retrieved from /home/airflow/.local/lib/python3.12/site-packages/airflow/example_dags/example_complex.py
[2024-11-18T05:50:20.853+0000] {logging_mixin.py:190} INFO - [2024-11-18T05:50:20.853+0000] {dag.py:3239} INFO - Sync 1 DAGs
[2024-11-18T05:50:20.876+0000] {logging_mixin.py:190} INFO - [2024-11-18T05:50:20.876+0000] {dag.py:4180} INFO - Setting next_dagrun for example_complex to None, run_after=None
[2024-11-18T05:50:20.906+0000] {processor.py:208} INFO - Processing /home/airflow/.local/lib/python3.12/site-packages/airflow/example_dags/example_complex.py took 0.125 seconds
[2024-11-18T05:50:51.277+0000] {processor.py:186} INFO - Started process (PID=206) to work on /home/airflow/.local/lib/python3.12/site-packages/airflow/example_dags/example_complex.py
[2024-11-18T05:50:51.278+0000] {processor.py:914} INFO - Processing file /home/airflow/.local/lib/python3.12/site-packages/airflow/example_dags/example_complex.py for tasks to queue
[2024-11-18T05:50:51.281+0000] {logging_mixin.py:190} INFO - [2024-11-18T05:50:51.280+0000] {dagbag.py:588} INFO - Filling up the DagBag from /home/airflow/.local/lib/python3.12/site-packages/airflow/example_dags/example_complex.py
[2024-11-18T05:50:51.298+0000] {processor.py:925} INFO - DAG(s) 'example_complex' retrieved from /home/airflow/.local/lib/python3.12/site-packages/airflow/example_dags/example_complex.py
[2024-11-18T05:50:51.336+0000] {logging_mixin.py:190} INFO - [2024-11-18T05:50:51.335+0000] {dag.py:3239} INFO - Sync 1 DAGs
[2024-11-18T05:50:51.353+0000] {logging_mixin.py:190} INFO - [2024-11-18T05:50:51.353+0000] {dag.py:4180} INFO - Setting next_dagrun for example_complex to None, run_after=None
[2024-11-18T05:50:51.380+0000] {processor.py:208} INFO - Processing /home/airflow/.local/lib/python3.12/site-packages/airflow/example_dags/example_complex.py took 0.112 seconds
[2024-11-18T05:51:21.712+0000] {processor.py:186} INFO - Started process (PID=269) to work on /home/airflow/.local/lib/python3.12/site-packages/airflow/example_dags/example_complex.py
[2024-11-18T05:51:21.714+0000] {processor.py:914} INFO - Processing file /home/airflow/.local/lib/python3.12/site-packages/airflow/example_dags/example_complex.py for tasks to queue
[2024-11-18T05:51:21.716+0000] {logging_mixin.py:190} INFO - [2024-11-18T05:51:21.716+0000] {dagbag.py:588} INFO - Filling up the DagBag from /home/airflow/.local/lib/python3.12/site-packages/airflow/example_dags/example_complex.py
[2024-11-18T05:51:21.731+0000] {processor.py:925} INFO - DAG(s) 'example_complex' retrieved from /home/airflow/.local/lib/python3.12/site-packages/airflow/example_dags/example_complex.py
[2024-11-18T05:51:21.775+0000] {logging_mixin.py:190} INFO - [2024-11-18T05:51:21.774+0000] {dag.py:3239} INFO - Sync 1 DAGs
[2024-11-18T05:51:21.791+0000] {logging_mixin.py:190} INFO - [2024-11-18T05:51:21.791+0000] {dag.py:4180} INFO - Setting next_dagrun for example_complex to None, run_after=None
[2024-11-18T05:51:21.823+0000] {processor.py:208} INFO - Processing /home/airflow/.local/lib/python3.12/site-packages/airflow/example_dags/example_complex.py took 0.117 seconds
[2024-11-18T05:51:52.345+0000] {processor.py:186} INFO - Started process (PID=332) to work on /home/airflow/.local/lib/python3.12/site-packages/airflow/example_dags/example_complex.py
[2024-11-18T05:51:52.346+0000] {processor.py:914} INFO - Processing file /home/airflow/.local/lib/python3.12/site-packages/airflow/example_dags/example_complex.py for tasks to queue
[2024-11-18T05:51:52.348+0000] {logging_mixin.py:190} INFO - [2024-11-18T05:51:52.348+0000] {dagbag.py:588} INFO - Filling up the DagBag from /home/airflow/.local/lib/python3.12/site-packages/airflow/example_dags/example_complex.py
[2024-11-18T05:51:52.361+0000] {processor.py:925} INFO - DAG(s) 'example_complex' retrieved from /home/airflow/.local/lib/python3.12/site-packages/airflow/example_dags/example_complex.py
[2024-11-18T05:51:52.396+0000] {logging_mixin.py:190} INFO - [2024-11-18T05:51:52.396+0000] {dag.py:3239} INFO - Sync 1 DAGs
[2024-11-18T05:51:52.412+0000] {logging_mixin.py:190} INFO - [2024-11-18T05:51:52.411+0000] {dag.py:4180} INFO - Setting next_dagrun for example_complex to None, run_after=None
[2024-11-18T05:51:52.452+0000] {processor.py:208} INFO - Processing /home/airflow/.local/lib/python3.12/site-packages/airflow/example_dags/example_complex.py took 0.114 seconds
[2024-11-18T05:52:23.415+0000] {processor.py:186} INFO - Started process (PID=395) to work on /home/airflow/.local/lib/python3.12/site-packages/airflow/example_dags/example_complex.py
[2024-11-18T05:52:23.417+0000] {processor.py:914} INFO - Processing file /home/airflow/.local/lib/python3.12/site-packages/airflow/example_dags/example_complex.py for tasks to queue
[2024-11-18T05:52:23.419+0000] {logging_mixin.py:190} INFO - [2024-11-18T05:52:23.419+0000] {dagbag.py:588} INFO - Filling up the DagBag from /home/airflow/.local/lib/python3.12/site-packages/airflow/example_dags/example_complex.py
[2024-11-18T05:52:23.432+0000] {processor.py:925} INFO - DAG(s) 'example_complex' retrieved from /home/airflow/.local/lib/python3.12/site-packages/airflow/example_dags/example_complex.py
[2024-11-18T05:52:23.464+0000] {logging_mixin.py:190} INFO - [2024-11-18T05:52:23.464+0000] {dag.py:3239} INFO - Sync 1 DAGs
[2024-11-18T05:52:23.480+0000] {logging_mixin.py:190} INFO - [2024-11-18T05:52:23.479+0000] {dag.py:4180} INFO - Setting next_dagrun for example_complex to None, run_after=None
[2024-11-18T05:52:23.509+0000] {processor.py:208} INFO - Processing /home/airflow/.local/lib/python3.12/site-packages/airflow/example_dags/example_complex.py took 0.100 seconds
[2024-11-18T05:52:54.077+0000] {processor.py:186} INFO - Started process (PID=458) to work on /home/airflow/.local/lib/python3.12/site-packages/airflow/example_dags/example_complex.py
[2024-11-18T05:52:54.078+0000] {processor.py:914} INFO - Processing file /home/airflow/.local/lib/python3.12/site-packages/airflow/example_dags/example_complex.py for tasks to queue
[2024-11-18T05:52:54.081+0000] {logging_mixin.py:190} INFO - [2024-11-18T05:52:54.081+0000] {dagbag.py:588} INFO - Filling up the DagBag from /home/airflow/.local/lib/python3.12/site-packages/airflow/example_dags/example_complex.py
[2024-11-18T05:52:54.094+0000] {processor.py:925} INFO - DAG(s) 'example_complex' retrieved from /home/airflow/.local/lib/python3.12/site-packages/airflow/example_dags/example_complex.py
[2024-11-18T05:52:54.129+0000] {logging_mixin.py:190} INFO - [2024-11-18T05:52:54.128+0000] {dag.py:3239} INFO - Sync 1 DAGs
[2024-11-18T05:52:54.145+0000] {logging_mixin.py:190} INFO - [2024-11-18T05:52:54.144+0000] {dag.py:4180} INFO - Setting next_dagrun for example_complex to None, run_after=None
[2024-11-18T05:52:54.184+0000] {processor.py:208} INFO - Processing /home/airflow/.local/lib/python3.12/site-packages/airflow/example_dags/example_complex.py took 0.114 seconds
[2024-11-18T05:53:24.471+0000] {processor.py:186} INFO - Started process (PID=521) to work on /home/airflow/.local/lib/python3.12/site-packages/airflow/example_dags/example_complex.py
[2024-11-18T05:53:24.472+0000] {processor.py:914} INFO - Processing file /home/airflow/.local/lib/python3.12/site-packages/airflow/example_dags/example_complex.py for tasks to queue
[2024-11-18T05:53:24.475+0000] {logging_mixin.py:190} INFO - [2024-11-18T05:53:24.474+0000] {dagbag.py:588} INFO - Filling up the DagBag from /home/airflow/.local/lib/python3.12/site-packages/airflow/example_dags/example_complex.py
[2024-11-18T05:53:24.487+0000] {processor.py:925} INFO - DAG(s) 'example_complex' retrieved from /home/airflow/.local/lib/python3.12/site-packages/airflow/example_dags/example_complex.py
[2024-11-18T05:53:24.520+0000] {logging_mixin.py:190} INFO - [2024-11-18T05:53:24.520+0000] {dag.py:3239} INFO - Sync 1 DAGs
[2024-11-18T05:53:24.536+0000] {logging_mixin.py:190} INFO - [2024-11-18T05:53:24.536+0000] {dag.py:4180} INFO - Setting next_dagrun for example_complex to None, run_after=None
[2024-11-18T05:53:24.565+0000] {processor.py:208} INFO - Processing /home/airflow/.local/lib/python3.12/site-packages/airflow/example_dags/example_complex.py took 0.100 seconds
[2024-11-18T05:53:54.795+0000] {processor.py:186} INFO - Started process (PID=584) to work on /home/airflow/.local/lib/python3.12/site-packages/airflow/example_dags/example_complex.py
[2024-11-18T05:53:54.796+0000] {processor.py:914} INFO - Processing file /home/airflow/.local/lib/python3.12/site-packages/airflow/example_dags/example_complex.py for tasks to queue
[2024-11-18T05:53:54.799+0000] {logging_mixin.py:190} INFO - [2024-11-18T05:53:54.799+0000] {dagbag.py:588} INFO - Filling up the DagBag from /home/airflow/.local/lib/python3.12/site-packages/airflow/example_dags/example_complex.py
[2024-11-18T05:53:54.812+0000] {processor.py:925} INFO - DAG(s) 'example_complex' retrieved from /home/airflow/.local/lib/python3.12/site-packages/airflow/example_dags/example_complex.py
[2024-11-18T05:53:54.844+0000] {logging_mixin.py:190} INFO - [2024-11-18T05:53:54.844+0000] {dag.py:3239} INFO - Sync 1 DAGs
[2024-11-18T05:53:54.859+0000] {logging_mixin.py:190} INFO - [2024-11-18T05:53:54.859+0000] {dag.py:4180} INFO - Setting next_dagrun for example_complex to None, run_after=None
[2024-11-18T05:53:54.885+0000] {processor.py:208} INFO - Processing /home/airflow/.local/lib/python3.12/site-packages/airflow/example_dags/example_complex.py took 0.097 seconds
[2024-11-18T05:54:25.029+0000] {processor.py:186} INFO - Started process (PID=647) to work on /home/airflow/.local/lib/python3.12/site-packages/airflow/example_dags/example_complex.py
[2024-11-18T05:54:25.030+0000] {processor.py:914} INFO - Processing file /home/airflow/.local/lib/python3.12/site-packages/airflow/example_dags/example_complex.py for tasks to queue
[2024-11-18T05:54:25.033+0000] {logging_mixin.py:190} INFO - [2024-11-18T05:54:25.032+0000] {dagbag.py:588} INFO - Filling up the DagBag from /home/airflow/.local/lib/python3.12/site-packages/airflow/example_dags/example_complex.py
[2024-11-18T05:54:25.046+0000] {processor.py:925} INFO - DAG(s) 'example_complex' retrieved from /home/airflow/.local/lib/python3.12/site-packages/airflow/example_dags/example_complex.py
[2024-11-18T05:54:25.079+0000] {logging_mixin.py:190} INFO - [2024-11-18T05:54:25.079+0000] {dag.py:3239} INFO - Sync 1 DAGs
[2024-11-18T05:54:25.094+0000] {logging_mixin.py:190} INFO - [2024-11-18T05:54:25.094+0000] {dag.py:4180} INFO - Setting next_dagrun for example_complex to None, run_after=None
[2024-11-18T05:54:25.124+0000] {processor.py:208} INFO - Processing /home/airflow/.local/lib/python3.12/site-packages/airflow/example_dags/example_complex.py took 0.101 seconds
[2024-11-18T05:54:55.313+0000] {processor.py:186} INFO - Started process (PID=710) to work on /home/airflow/.local/lib/python3.12/site-packages/airflow/example_dags/example_complex.py
[2024-11-18T05:54:55.314+0000] {processor.py:914} INFO - Processing file /home/airflow/.local/lib/python3.12/site-packages/airflow/example_dags/example_complex.py for tasks to queue
[2024-11-18T05:54:55.317+0000] {logging_mixin.py:190} INFO - [2024-11-18T05:54:55.316+0000] {dagbag.py:588} INFO - Filling up the DagBag from /home/airflow/.local/lib/python3.12/site-packages/airflow/example_dags/example_complex.py
[2024-11-18T05:54:55.331+0000] {processor.py:925} INFO - DAG(s) 'example_complex' retrieved from /home/airflow/.local/lib/python3.12/site-packages/airflow/example_dags/example_complex.py
[2024-11-18T05:54:55.365+0000] {logging_mixin.py:190} INFO - [2024-11-18T05:54:55.365+0000] {dag.py:3239} INFO - Sync 1 DAGs
[2024-11-18T05:54:55.382+0000] {logging_mixin.py:190} INFO - [2024-11-18T05:54:55.381+0000] {dag.py:4180} INFO - Setting next_dagrun for example_complex to None, run_after=None
[2024-11-18T05:54:55.405+0000] {processor.py:208} INFO - Processing /home/airflow/.local/lib/python3.12/site-packages/airflow/example_dags/example_complex.py took 0.099 seconds
[2024-11-18T05:55:25.622+0000] {processor.py:186} INFO - Started process (PID=773) to work on /home/airflow/.local/lib/python3.12/site-packages/airflow/example_dags/example_complex.py
[2024-11-18T05:55:25.624+0000] {processor.py:914} INFO - Processing file /home/airflow/.local/lib/python3.12/site-packages/airflow/example_dags/example_complex.py for tasks to queue
[2024-11-18T05:55:25.626+0000] {logging_mixin.py:190} INFO - [2024-11-18T05:55:25.626+0000] {dagbag.py:588} INFO - Filling up the DagBag from /home/airflow/.local/lib/python3.12/site-packages/airflow/example_dags/example_complex.py
[2024-11-18T05:55:25.639+0000] {processor.py:925} INFO - DAG(s) 'example_complex' retrieved from /home/airflow/.local/lib/python3.12/site-packages/airflow/example_dags/example_complex.py
[2024-11-18T05:55:25.671+0000] {logging_mixin.py:190} INFO - [2024-11-18T05:55:25.671+0000] {dag.py:3239} INFO - Sync 1 DAGs
[2024-11-18T05:55:25.687+0000] {logging_mixin.py:190} INFO - [2024-11-18T05:55:25.687+0000] {dag.py:4180} INFO - Setting next_dagrun for example_complex to None, run_after=None
[2024-11-18T05:55:25.706+0000] {processor.py:208} INFO - Processing /home/airflow/.local/lib/python3.12/site-packages/airflow/example_dags/example_complex.py took 0.090 seconds
[2024-11-18T05:55:56.269+0000] {processor.py:186} INFO - Started process (PID=836) to work on /home/airflow/.local/lib/python3.12/site-packages/airflow/example_dags/example_complex.py
[2024-11-18T05:55:56.270+0000] {processor.py:914} INFO - Processing file /home/airflow/.local/lib/python3.12/site-packages/airflow/example_dags/example_complex.py for tasks to queue
[2024-11-18T05:55:56.273+0000] {logging_mixin.py:190} INFO - [2024-11-18T05:55:56.272+0000] {dagbag.py:588} INFO - Filling up the DagBag from /home/airflow/.local/lib/python3.12/site-packages/airflow/example_dags/example_complex.py
[2024-11-18T05:55:56.289+0000] {processor.py:925} INFO - DAG(s) 'example_complex' retrieved from /home/airflow/.local/lib/python3.12/site-packages/airflow/example_dags/example_complex.py
[2024-11-18T05:55:56.324+0000] {logging_mixin.py:190} INFO - [2024-11-18T05:55:56.324+0000] {dag.py:3239} INFO - Sync 1 DAGs
[2024-11-18T05:55:56.341+0000] {logging_mixin.py:190} INFO - [2024-11-18T05:55:56.341+0000] {dag.py:4180} INFO - Setting next_dagrun for example_complex to None, run_after=None
[2024-11-18T05:55:56.379+0000] {processor.py:208} INFO - Processing /home/airflow/.local/lib/python3.12/site-packages/airflow/example_dags/example_complex.py took 0.117 seconds
[2024-11-18T05:56:26.860+0000] {processor.py:186} INFO - Started process (PID=899) to work on /home/airflow/.local/lib/python3.12/site-packages/airflow/example_dags/example_complex.py
[2024-11-18T05:56:26.861+0000] {processor.py:914} INFO - Processing file /home/airflow/.local/lib/python3.12/site-packages/airflow/example_dags/example_complex.py for tasks to queue
[2024-11-18T05:56:26.864+0000] {logging_mixin.py:190} INFO - [2024-11-18T05:56:26.864+0000] {dagbag.py:588} INFO - Filling up the DagBag from /home/airflow/.local/lib/python3.12/site-packages/airflow/example_dags/example_complex.py
[2024-11-18T05:56:26.877+0000] {processor.py:925} INFO - DAG(s) 'example_complex' retrieved from /home/airflow/.local/lib/python3.12/site-packages/airflow/example_dags/example_complex.py
[2024-11-18T05:56:26.918+0000] {logging_mixin.py:190} INFO - [2024-11-18T05:56:26.918+0000] {dag.py:3239} INFO - Sync 1 DAGs
[2024-11-18T05:56:26.937+0000] {logging_mixin.py:190} INFO - [2024-11-18T05:56:26.936+0000] {dag.py:4180} INFO - Setting next_dagrun for example_complex to None, run_after=None
[2024-11-18T05:56:26.957+0000] {processor.py:208} INFO - Processing /home/airflow/.local/lib/python3.12/site-packages/airflow/example_dags/example_complex.py took 0.104 seconds
[2024-11-18T05:56:57.207+0000] {processor.py:186} INFO - Started process (PID=962) to work on /home/airflow/.local/lib/python3.12/site-packages/airflow/example_dags/example_complex.py
[2024-11-18T05:56:57.208+0000] {processor.py:914} INFO - Processing file /home/airflow/.local/lib/python3.12/site-packages/airflow/example_dags/example_complex.py for tasks to queue
[2024-11-18T05:56:57.212+0000] {logging_mixin.py:190} INFO - [2024-11-18T05:56:57.211+0000] {dagbag.py:588} INFO - Filling up the DagBag from /home/airflow/.local/lib/python3.12/site-packages/airflow/example_dags/example_complex.py
[2024-11-18T05:56:57.229+0000] {processor.py:925} INFO - DAG(s) 'example_complex' retrieved from /home/airflow/.local/lib/python3.12/site-packages/airflow/example_dags/example_complex.py
[2024-11-18T05:56:57.274+0000] {logging_mixin.py:190} INFO - [2024-11-18T05:56:57.273+0000] {dag.py:3239} INFO - Sync 1 DAGs
[2024-11-18T05:56:57.296+0000] {logging_mixin.py:190} INFO - [2024-11-18T05:56:57.296+0000] {dag.py:4180} INFO - Setting next_dagrun for example_complex to None, run_after=None
[2024-11-18T05:56:57.320+0000] {processor.py:208} INFO - Processing /home/airflow/.local/lib/python3.12/site-packages/airflow/example_dags/example_complex.py took 0.120 seconds
[2024-11-18T05:57:27.573+0000] {processor.py:186} INFO - Started process (PID=1026) to work on /home/airflow/.local/lib/python3.12/site-packages/airflow/example_dags/example_complex.py
[2024-11-18T05:57:27.574+0000] {processor.py:914} INFO - Processing file /home/airflow/.local/lib/python3.12/site-packages/airflow/example_dags/example_complex.py for tasks to queue
[2024-11-18T05:57:27.578+0000] {logging_mixin.py:190} INFO - [2024-11-18T05:57:27.577+0000] {dagbag.py:588} INFO - Filling up the DagBag from /home/airflow/.local/lib/python3.12/site-packages/airflow/example_dags/example_complex.py
[2024-11-18T05:57:27.592+0000] {processor.py:925} INFO - DAG(s) 'example_complex' retrieved from /home/airflow/.local/lib/python3.12/site-packages/airflow/example_dags/example_complex.py
[2024-11-18T05:57:27.638+0000] {logging_mixin.py:190} INFO - [2024-11-18T05:57:27.638+0000] {dag.py:3239} INFO - Sync 1 DAGs
[2024-11-18T05:57:27.661+0000] {logging_mixin.py:190} INFO - [2024-11-18T05:57:27.661+0000] {dag.py:4180} INFO - Setting next_dagrun for example_complex to None, run_after=None
[2024-11-18T05:57:27.688+0000] {processor.py:208} INFO - Processing /home/airflow/.local/lib/python3.12/site-packages/airflow/example_dags/example_complex.py took 0.121 seconds
[2024-11-18T05:57:58.526+0000] {processor.py:186} INFO - Started process (PID=1088) to work on /home/airflow/.local/lib/python3.12/site-packages/airflow/example_dags/example_complex.py
[2024-11-18T05:57:58.528+0000] {processor.py:914} INFO - Processing file /home/airflow/.local/lib/python3.12/site-packages/airflow/example_dags/example_complex.py for tasks to queue
[2024-11-18T05:57:58.532+0000] {logging_mixin.py:190} INFO - [2024-11-18T05:57:58.532+0000] {dagbag.py:588} INFO - Filling up the DagBag from /home/airflow/.local/lib/python3.12/site-packages/airflow/example_dags/example_complex.py
[2024-11-18T05:57:58.550+0000] {processor.py:925} INFO - DAG(s) 'example_complex' retrieved from /home/airflow/.local/lib/python3.12/site-packages/airflow/example_dags/example_complex.py
[2024-11-18T05:57:58.597+0000] {logging_mixin.py:190} INFO - [2024-11-18T05:57:58.597+0000] {dag.py:3239} INFO - Sync 1 DAGs
[2024-11-18T05:57:58.615+0000] {logging_mixin.py:190} INFO - [2024-11-18T05:57:58.615+0000] {dag.py:4180} INFO - Setting next_dagrun for example_complex to None, run_after=None
[2024-11-18T05:57:58.640+0000] {processor.py:208} INFO - Processing /home/airflow/.local/lib/python3.12/site-packages/airflow/example_dags/example_complex.py took 0.120 seconds
[2024-11-18T05:58:29.350+0000] {processor.py:186} INFO - Started process (PID=1151) to work on /home/airflow/.local/lib/python3.12/site-packages/airflow/example_dags/example_complex.py
[2024-11-18T05:58:29.352+0000] {processor.py:914} INFO - Processing file /home/airflow/.local/lib/python3.12/site-packages/airflow/example_dags/example_complex.py for tasks to queue
[2024-11-18T05:58:29.355+0000] {logging_mixin.py:190} INFO - [2024-11-18T05:58:29.354+0000] {dagbag.py:588} INFO - Filling up the DagBag from /home/airflow/.local/lib/python3.12/site-packages/airflow/example_dags/example_complex.py
[2024-11-18T05:58:29.372+0000] {processor.py:925} INFO - DAG(s) 'example_complex' retrieved from /home/airflow/.local/lib/python3.12/site-packages/airflow/example_dags/example_complex.py
[2024-11-18T05:58:29.408+0000] {logging_mixin.py:190} INFO - [2024-11-18T05:58:29.408+0000] {dag.py:3239} INFO - Sync 1 DAGs
[2024-11-18T05:58:29.426+0000] {logging_mixin.py:190} INFO - [2024-11-18T05:58:29.425+0000] {dag.py:4180} INFO - Setting next_dagrun for example_complex to None, run_after=None
[2024-11-18T05:58:29.453+0000] {processor.py:208} INFO - Processing /home/airflow/.local/lib/python3.12/site-packages/airflow/example_dags/example_complex.py took 0.112 seconds
[2024-11-18T05:58:59.671+0000] {processor.py:186} INFO - Started process (PID=1214) to work on /home/airflow/.local/lib/python3.12/site-packages/airflow/example_dags/example_complex.py
[2024-11-18T05:58:59.672+0000] {processor.py:914} INFO - Processing file /home/airflow/.local/lib/python3.12/site-packages/airflow/example_dags/example_complex.py for tasks to queue
[2024-11-18T05:58:59.675+0000] {logging_mixin.py:190} INFO - [2024-11-18T05:58:59.675+0000] {dagbag.py:588} INFO - Filling up the DagBag from /home/airflow/.local/lib/python3.12/site-packages/airflow/example_dags/example_complex.py
[2024-11-18T05:58:59.687+0000] {processor.py:925} INFO - DAG(s) 'example_complex' retrieved from /home/airflow/.local/lib/python3.12/site-packages/airflow/example_dags/example_complex.py
[2024-11-18T05:58:59.738+0000] {logging_mixin.py:190} INFO - [2024-11-18T05:58:59.738+0000] {dag.py:3239} INFO - Sync 1 DAGs
[2024-11-18T05:58:59.758+0000] {logging_mixin.py:190} INFO - [2024-11-18T05:58:59.757+0000] {dag.py:4180} INFO - Setting next_dagrun for example_complex to None, run_after=None
[2024-11-18T05:58:59.779+0000] {processor.py:208} INFO - Processing /home/airflow/.local/lib/python3.12/site-packages/airflow/example_dags/example_complex.py took 0.114 seconds
[2024-11-18T05:59:30.683+0000] {processor.py:186} INFO - Started process (PID=1277) to work on /home/airflow/.local/lib/python3.12/site-packages/airflow/example_dags/example_complex.py
[2024-11-18T05:59:30.684+0000] {processor.py:914} INFO - Processing file /home/airflow/.local/lib/python3.12/site-packages/airflow/example_dags/example_complex.py for tasks to queue
[2024-11-18T05:59:30.687+0000] {logging_mixin.py:190} INFO - [2024-11-18T05:59:30.687+0000] {dagbag.py:588} INFO - Filling up the DagBag from /home/airflow/.local/lib/python3.12/site-packages/airflow/example_dags/example_complex.py
[2024-11-18T05:59:30.701+0000] {processor.py:925} INFO - DAG(s) 'example_complex' retrieved from /home/airflow/.local/lib/python3.12/site-packages/airflow/example_dags/example_complex.py
[2024-11-18T05:59:30.736+0000] {logging_mixin.py:190} INFO - [2024-11-18T05:59:30.736+0000] {dag.py:3239} INFO - Sync 1 DAGs
[2024-11-18T05:59:30.753+0000] {logging_mixin.py:190} INFO - [2024-11-18T05:59:30.753+0000] {dag.py:4180} INFO - Setting next_dagrun for example_complex to None, run_after=None
[2024-11-18T05:59:30.774+0000] {processor.py:208} INFO - Processing /home/airflow/.local/lib/python3.12/site-packages/airflow/example_dags/example_complex.py took 0.099 seconds
[2024-11-18T06:00:01.151+0000] {processor.py:186} INFO - Started process (PID=1341) to work on /home/airflow/.local/lib/python3.12/site-packages/airflow/example_dags/example_complex.py
[2024-11-18T06:00:01.152+0000] {processor.py:914} INFO - Processing file /home/airflow/.local/lib/python3.12/site-packages/airflow/example_dags/example_complex.py for tasks to queue
[2024-11-18T06:00:01.156+0000] {logging_mixin.py:190} INFO - [2024-11-18T06:00:01.155+0000] {dagbag.py:588} INFO - Filling up the DagBag from /home/airflow/.local/lib/python3.12/site-packages/airflow/example_dags/example_complex.py
[2024-11-18T06:00:01.171+0000] {processor.py:925} INFO - DAG(s) 'example_complex' retrieved from /home/airflow/.local/lib/python3.12/site-packages/airflow/example_dags/example_complex.py
[2024-11-18T06:00:01.212+0000] {logging_mixin.py:190} INFO - [2024-11-18T06:00:01.212+0000] {dag.py:3239} INFO - Sync 1 DAGs
[2024-11-18T06:00:01.233+0000] {logging_mixin.py:190} INFO - [2024-11-18T06:00:01.233+0000] {dag.py:4180} INFO - Setting next_dagrun for example_complex to None, run_after=None
[2024-11-18T06:00:01.258+0000] {processor.py:208} INFO - Processing /home/airflow/.local/lib/python3.12/site-packages/airflow/example_dags/example_complex.py took 0.115 seconds
[2024-11-18T06:00:31.349+0000] {processor.py:186} INFO - Started process (PID=1405) to work on /home/airflow/.local/lib/python3.12/site-packages/airflow/example_dags/example_complex.py
[2024-11-18T06:00:31.350+0000] {processor.py:914} INFO - Processing file /home/airflow/.local/lib/python3.12/site-packages/airflow/example_dags/example_complex.py for tasks to queue
[2024-11-18T06:00:31.352+0000] {logging_mixin.py:190} INFO - [2024-11-18T06:00:31.352+0000] {dagbag.py:588} INFO - Filling up the DagBag from /home/airflow/.local/lib/python3.12/site-packages/airflow/example_dags/example_complex.py
[2024-11-18T06:00:31.365+0000] {processor.py:925} INFO - DAG(s) 'example_complex' retrieved from /home/airflow/.local/lib/python3.12/site-packages/airflow/example_dags/example_complex.py
[2024-11-18T06:00:31.398+0000] {logging_mixin.py:190} INFO - [2024-11-18T06:00:31.398+0000] {dag.py:3239} INFO - Sync 1 DAGs
[2024-11-18T06:00:31.412+0000] {logging_mixin.py:190} INFO - [2024-11-18T06:00:31.412+0000] {dag.py:4180} INFO - Setting next_dagrun for example_complex to None, run_after=None
[2024-11-18T06:00:31.442+0000] {processor.py:208} INFO - Processing /home/airflow/.local/lib/python3.12/site-packages/airflow/example_dags/example_complex.py took 0.100 seconds
[2024-11-18T06:01:01.856+0000] {processor.py:186} INFO - Started process (PID=1469) to work on /home/airflow/.local/lib/python3.12/site-packages/airflow/example_dags/example_complex.py
[2024-11-18T06:01:01.858+0000] {processor.py:914} INFO - Processing file /home/airflow/.local/lib/python3.12/site-packages/airflow/example_dags/example_complex.py for tasks to queue
[2024-11-18T06:01:01.861+0000] {logging_mixin.py:190} INFO - [2024-11-18T06:01:01.861+0000] {dagbag.py:588} INFO - Filling up the DagBag from /home/airflow/.local/lib/python3.12/site-packages/airflow/example_dags/example_complex.py
[2024-11-18T06:01:01.879+0000] {processor.py:925} INFO - DAG(s) 'example_complex' retrieved from /home/airflow/.local/lib/python3.12/site-packages/airflow/example_dags/example_complex.py
[2024-11-18T06:01:01.933+0000] {logging_mixin.py:190} INFO - [2024-11-18T06:01:01.933+0000] {dag.py:3239} INFO - Sync 1 DAGs
[2024-11-18T06:01:01.953+0000] {logging_mixin.py:190} INFO - [2024-11-18T06:01:01.953+0000] {dag.py:4180} INFO - Setting next_dagrun for example_complex to None, run_after=None
[2024-11-18T06:01:01.979+0000] {processor.py:208} INFO - Processing /home/airflow/.local/lib/python3.12/site-packages/airflow/example_dags/example_complex.py took 0.133 seconds
[2024-11-18T06:01:32.620+0000] {processor.py:186} INFO - Started process (PID=1532) to work on /home/airflow/.local/lib/python3.12/site-packages/airflow/example_dags/example_complex.py
[2024-11-18T06:01:32.622+0000] {processor.py:914} INFO - Processing file /home/airflow/.local/lib/python3.12/site-packages/airflow/example_dags/example_complex.py for tasks to queue
[2024-11-18T06:01:32.625+0000] {logging_mixin.py:190} INFO - [2024-11-18T06:01:32.624+0000] {dagbag.py:588} INFO - Filling up the DagBag from /home/airflow/.local/lib/python3.12/site-packages/airflow/example_dags/example_complex.py
[2024-11-18T06:01:32.640+0000] {processor.py:925} INFO - DAG(s) 'example_complex' retrieved from /home/airflow/.local/lib/python3.12/site-packages/airflow/example_dags/example_complex.py
[2024-11-18T06:01:32.681+0000] {logging_mixin.py:190} INFO - [2024-11-18T06:01:32.680+0000] {dag.py:3239} INFO - Sync 1 DAGs
[2024-11-18T06:01:32.701+0000] {logging_mixin.py:190} INFO - [2024-11-18T06:01:32.701+0000] {dag.py:4180} INFO - Setting next_dagrun for example_complex to None, run_after=None
[2024-11-18T06:01:32.725+0000] {processor.py:208} INFO - Processing /home/airflow/.local/lib/python3.12/site-packages/airflow/example_dags/example_complex.py took 0.113 seconds
[2024-11-18T06:02:03.314+0000] {processor.py:186} INFO - Started process (PID=1596) to work on /home/airflow/.local/lib/python3.12/site-packages/airflow/example_dags/example_complex.py
[2024-11-18T06:02:03.316+0000] {processor.py:914} INFO - Processing file /home/airflow/.local/lib/python3.12/site-packages/airflow/example_dags/example_complex.py for tasks to queue
[2024-11-18T06:02:03.320+0000] {logging_mixin.py:190} INFO - [2024-11-18T06:02:03.320+0000] {dagbag.py:588} INFO - Filling up the DagBag from /home/airflow/.local/lib/python3.12/site-packages/airflow/example_dags/example_complex.py
[2024-11-18T06:02:03.337+0000] {processor.py:925} INFO - DAG(s) 'example_complex' retrieved from /home/airflow/.local/lib/python3.12/site-packages/airflow/example_dags/example_complex.py
[2024-11-18T06:02:03.381+0000] {logging_mixin.py:190} INFO - [2024-11-18T06:02:03.380+0000] {dag.py:3239} INFO - Sync 1 DAGs
[2024-11-18T06:02:03.409+0000] {logging_mixin.py:190} INFO - [2024-11-18T06:02:03.408+0000] {dag.py:4180} INFO - Setting next_dagrun for example_complex to None, run_after=None
[2024-11-18T06:02:03.438+0000] {processor.py:208} INFO - Processing /home/airflow/.local/lib/python3.12/site-packages/airflow/example_dags/example_complex.py took 0.132 seconds
[2024-11-18T06:02:34.187+0000] {processor.py:186} INFO - Started process (PID=1660) to work on /home/airflow/.local/lib/python3.12/site-packages/airflow/example_dags/example_complex.py
[2024-11-18T06:02:34.188+0000] {processor.py:914} INFO - Processing file /home/airflow/.local/lib/python3.12/site-packages/airflow/example_dags/example_complex.py for tasks to queue
[2024-11-18T06:02:34.191+0000] {logging_mixin.py:190} INFO - [2024-11-18T06:02:34.191+0000] {dagbag.py:588} INFO - Filling up the DagBag from /home/airflow/.local/lib/python3.12/site-packages/airflow/example_dags/example_complex.py
[2024-11-18T06:02:34.204+0000] {processor.py:925} INFO - DAG(s) 'example_complex' retrieved from /home/airflow/.local/lib/python3.12/site-packages/airflow/example_dags/example_complex.py
[2024-11-18T06:02:34.243+0000] {logging_mixin.py:190} INFO - [2024-11-18T06:02:34.243+0000] {dag.py:3239} INFO - Sync 1 DAGs
[2024-11-18T06:02:34.273+0000] {logging_mixin.py:190} INFO - [2024-11-18T06:02:34.273+0000] {dag.py:4180} INFO - Setting next_dagrun for example_complex to None, run_after=None
[2024-11-18T06:02:34.301+0000] {processor.py:208} INFO - Processing /home/airflow/.local/lib/python3.12/site-packages/airflow/example_dags/example_complex.py took 0.122 seconds
[2024-11-18T06:03:04.559+0000] {processor.py:186} INFO - Started process (PID=1723) to work on /home/airflow/.local/lib/python3.12/site-packages/airflow/example_dags/example_complex.py
[2024-11-18T06:03:04.561+0000] {processor.py:914} INFO - Processing file /home/airflow/.local/lib/python3.12/site-packages/airflow/example_dags/example_complex.py for tasks to queue
[2024-11-18T06:03:04.564+0000] {logging_mixin.py:190} INFO - [2024-11-18T06:03:04.564+0000] {dagbag.py:588} INFO - Filling up the DagBag from /home/airflow/.local/lib/python3.12/site-packages/airflow/example_dags/example_complex.py
[2024-11-18T06:03:04.582+0000] {processor.py:925} INFO - DAG(s) 'example_complex' retrieved from /home/airflow/.local/lib/python3.12/site-packages/airflow/example_dags/example_complex.py
[2024-11-18T06:03:04.624+0000] {logging_mixin.py:190} INFO - [2024-11-18T06:03:04.624+0000] {dag.py:3239} INFO - Sync 1 DAGs
[2024-11-18T06:03:04.646+0000] {logging_mixin.py:190} INFO - [2024-11-18T06:03:04.645+0000] {dag.py:4180} INFO - Setting next_dagrun for example_complex to None, run_after=None
[2024-11-18T06:03:04.671+0000] {processor.py:208} INFO - Processing /home/airflow/.local/lib/python3.12/site-packages/airflow/example_dags/example_complex.py took 0.124 seconds
[2024-11-18T06:03:35.533+0000] {processor.py:186} INFO - Started process (PID=1787) to work on /home/airflow/.local/lib/python3.12/site-packages/airflow/example_dags/example_complex.py
[2024-11-18T06:03:35.534+0000] {processor.py:914} INFO - Processing file /home/airflow/.local/lib/python3.12/site-packages/airflow/example_dags/example_complex.py for tasks to queue
[2024-11-18T06:03:35.537+0000] {logging_mixin.py:190} INFO - [2024-11-18T06:03:35.537+0000] {dagbag.py:588} INFO - Filling up the DagBag from /home/airflow/.local/lib/python3.12/site-packages/airflow/example_dags/example_complex.py
[2024-11-18T06:03:35.556+0000] {processor.py:925} INFO - DAG(s) 'example_complex' retrieved from /home/airflow/.local/lib/python3.12/site-packages/airflow/example_dags/example_complex.py
[2024-11-18T06:03:35.595+0000] {logging_mixin.py:190} INFO - [2024-11-18T06:03:35.595+0000] {dag.py:3239} INFO - Sync 1 DAGs
[2024-11-18T06:03:35.612+0000] {logging_mixin.py:190} INFO - [2024-11-18T06:03:35.612+0000] {dag.py:4180} INFO - Setting next_dagrun for example_complex to None, run_after=None
[2024-11-18T06:03:35.638+0000] {processor.py:208} INFO - Processing /home/airflow/.local/lib/python3.12/site-packages/airflow/example_dags/example_complex.py took 0.117 seconds
[2024-11-18T06:04:05.830+0000] {processor.py:186} INFO - Started process (PID=1851) to work on /home/airflow/.local/lib/python3.12/site-packages/airflow/example_dags/example_complex.py
[2024-11-18T06:04:05.831+0000] {processor.py:914} INFO - Processing file /home/airflow/.local/lib/python3.12/site-packages/airflow/example_dags/example_complex.py for tasks to queue
[2024-11-18T06:04:05.834+0000] {logging_mixin.py:190} INFO - [2024-11-18T06:04:05.833+0000] {dagbag.py:588} INFO - Filling up the DagBag from /home/airflow/.local/lib/python3.12/site-packages/airflow/example_dags/example_complex.py
[2024-11-18T06:04:05.844+0000] {processor.py:925} INFO - DAG(s) 'example_complex' retrieved from /home/airflow/.local/lib/python3.12/site-packages/airflow/example_dags/example_complex.py
[2024-11-18T06:04:05.875+0000] {logging_mixin.py:190} INFO - [2024-11-18T06:04:05.874+0000] {dag.py:3239} INFO - Sync 1 DAGs
[2024-11-18T06:04:05.889+0000] {logging_mixin.py:190} INFO - [2024-11-18T06:04:05.889+0000] {dag.py:4180} INFO - Setting next_dagrun for example_complex to None, run_after=None
[2024-11-18T06:04:05.902+0000] {processor.py:208} INFO - Processing /home/airflow/.local/lib/python3.12/site-packages/airflow/example_dags/example_complex.py took 0.078 seconds
[2024-11-18T06:04:37.079+0000] {processor.py:186} INFO - Started process (PID=1915) to work on /home/airflow/.local/lib/python3.12/site-packages/airflow/example_dags/example_complex.py
[2024-11-18T06:04:37.080+0000] {processor.py:914} INFO - Processing file /home/airflow/.local/lib/python3.12/site-packages/airflow/example_dags/example_complex.py for tasks to queue
[2024-11-18T06:04:37.082+0000] {logging_mixin.py:190} INFO - [2024-11-18T06:04:37.082+0000] {dagbag.py:588} INFO - Filling up the DagBag from /home/airflow/.local/lib/python3.12/site-packages/airflow/example_dags/example_complex.py
[2024-11-18T06:04:37.102+0000] {processor.py:925} INFO - DAG(s) 'example_complex' retrieved from /home/airflow/.local/lib/python3.12/site-packages/airflow/example_dags/example_complex.py
[2024-11-18T06:04:37.133+0000] {logging_mixin.py:190} INFO - [2024-11-18T06:04:37.133+0000] {dag.py:3239} INFO - Sync 1 DAGs
[2024-11-18T06:04:37.146+0000] {logging_mixin.py:190} INFO - [2024-11-18T06:04:37.146+0000] {dag.py:4180} INFO - Setting next_dagrun for example_complex to None, run_after=None
[2024-11-18T06:04:37.161+0000] {processor.py:208} INFO - Processing /home/airflow/.local/lib/python3.12/site-packages/airflow/example_dags/example_complex.py took 0.087 seconds
[2024-11-18T06:05:07.767+0000] {processor.py:186} INFO - Started process (PID=1979) to work on /home/airflow/.local/lib/python3.12/site-packages/airflow/example_dags/example_complex.py
[2024-11-18T06:05:07.768+0000] {processor.py:914} INFO - Processing file /home/airflow/.local/lib/python3.12/site-packages/airflow/example_dags/example_complex.py for tasks to queue
[2024-11-18T06:05:07.771+0000] {logging_mixin.py:190} INFO - [2024-11-18T06:05:07.771+0000] {dagbag.py:588} INFO - Filling up the DagBag from /home/airflow/.local/lib/python3.12/site-packages/airflow/example_dags/example_complex.py
[2024-11-18T06:05:07.780+0000] {processor.py:925} INFO - DAG(s) 'example_complex' retrieved from /home/airflow/.local/lib/python3.12/site-packages/airflow/example_dags/example_complex.py
[2024-11-18T06:05:07.806+0000] {logging_mixin.py:190} INFO - [2024-11-18T06:05:07.806+0000] {dag.py:3239} INFO - Sync 1 DAGs
[2024-11-18T06:05:07.816+0000] {logging_mixin.py:190} INFO - [2024-11-18T06:05:07.816+0000] {dag.py:4180} INFO - Setting next_dagrun for example_complex to None, run_after=None
[2024-11-18T06:05:07.833+0000] {processor.py:208} INFO - Processing /home/airflow/.local/lib/python3.12/site-packages/airflow/example_dags/example_complex.py took 0.069 seconds
[2024-11-18T06:05:38.956+0000] {processor.py:186} INFO - Started process (PID=2043) to work on /home/airflow/.local/lib/python3.12/site-packages/airflow/example_dags/example_complex.py
[2024-11-18T06:05:38.957+0000] {processor.py:914} INFO - Processing file /home/airflow/.local/lib/python3.12/site-packages/airflow/example_dags/example_complex.py for tasks to queue
[2024-11-18T06:05:38.959+0000] {logging_mixin.py:190} INFO - [2024-11-18T06:05:38.959+0000] {dagbag.py:588} INFO - Filling up the DagBag from /home/airflow/.local/lib/python3.12/site-packages/airflow/example_dags/example_complex.py
[2024-11-18T06:05:38.970+0000] {processor.py:925} INFO - DAG(s) 'example_complex' retrieved from /home/airflow/.local/lib/python3.12/site-packages/airflow/example_dags/example_complex.py
[2024-11-18T06:05:38.993+0000] {logging_mixin.py:190} INFO - [2024-11-18T06:05:38.993+0000] {dag.py:3239} INFO - Sync 1 DAGs
[2024-11-18T06:05:39.005+0000] {logging_mixin.py:190} INFO - [2024-11-18T06:05:39.004+0000] {dag.py:4180} INFO - Setting next_dagrun for example_complex to None, run_after=None
[2024-11-18T06:05:39.026+0000] {processor.py:208} INFO - Processing /home/airflow/.local/lib/python3.12/site-packages/airflow/example_dags/example_complex.py took 0.074 seconds
[2024-11-18T06:06:10.318+0000] {processor.py:186} INFO - Started process (PID=2107) to work on /home/airflow/.local/lib/python3.12/site-packages/airflow/example_dags/example_complex.py
[2024-11-18T06:06:10.319+0000] {processor.py:914} INFO - Processing file /home/airflow/.local/lib/python3.12/site-packages/airflow/example_dags/example_complex.py for tasks to queue
[2024-11-18T06:06:10.321+0000] {logging_mixin.py:190} INFO - [2024-11-18T06:06:10.321+0000] {dagbag.py:588} INFO - Filling up the DagBag from /home/airflow/.local/lib/python3.12/site-packages/airflow/example_dags/example_complex.py
[2024-11-18T06:06:10.330+0000] {processor.py:925} INFO - DAG(s) 'example_complex' retrieved from /home/airflow/.local/lib/python3.12/site-packages/airflow/example_dags/example_complex.py
[2024-11-18T06:06:10.353+0000] {logging_mixin.py:190} INFO - [2024-11-18T06:06:10.353+0000] {dag.py:3239} INFO - Sync 1 DAGs
[2024-11-18T06:06:10.364+0000] {logging_mixin.py:190} INFO - [2024-11-18T06:06:10.364+0000] {dag.py:4180} INFO - Setting next_dagrun for example_complex to None, run_after=None
[2024-11-18T06:06:10.380+0000] {processor.py:208} INFO - Processing /home/airflow/.local/lib/python3.12/site-packages/airflow/example_dags/example_complex.py took 0.069 seconds
[2024-11-18T06:06:40.499+0000] {processor.py:186} INFO - Started process (PID=2151) to work on /home/airflow/.local/lib/python3.12/site-packages/airflow/example_dags/example_complex.py
[2024-11-18T06:06:40.500+0000] {processor.py:914} INFO - Processing file /home/airflow/.local/lib/python3.12/site-packages/airflow/example_dags/example_complex.py for tasks to queue
[2024-11-18T06:06:40.502+0000] {logging_mixin.py:190} INFO - [2024-11-18T06:06:40.502+0000] {dagbag.py:588} INFO - Filling up the DagBag from /home/airflow/.local/lib/python3.12/site-packages/airflow/example_dags/example_complex.py
[2024-11-18T06:06:40.511+0000] {processor.py:925} INFO - DAG(s) 'example_complex' retrieved from /home/airflow/.local/lib/python3.12/site-packages/airflow/example_dags/example_complex.py
[2024-11-18T06:06:40.534+0000] {logging_mixin.py:190} INFO - [2024-11-18T06:06:40.534+0000] {dag.py:3239} INFO - Sync 1 DAGs
[2024-11-18T06:06:40.544+0000] {logging_mixin.py:190} INFO - [2024-11-18T06:06:40.544+0000] {dag.py:4180} INFO - Setting next_dagrun for example_complex to None, run_after=None
[2024-11-18T06:06:40.558+0000] {processor.py:208} INFO - Processing /home/airflow/.local/lib/python3.12/site-packages/airflow/example_dags/example_complex.py took 0.063 seconds
[2024-11-18T06:07:10.836+0000] {processor.py:186} INFO - Started process (PID=2203) to work on /home/airflow/.local/lib/python3.12/site-packages/airflow/example_dags/example_complex.py
[2024-11-18T06:07:10.838+0000] {processor.py:914} INFO - Processing file /home/airflow/.local/lib/python3.12/site-packages/airflow/example_dags/example_complex.py for tasks to queue
[2024-11-18T06:07:10.840+0000] {logging_mixin.py:190} INFO - [2024-11-18T06:07:10.839+0000] {dagbag.py:588} INFO - Filling up the DagBag from /home/airflow/.local/lib/python3.12/site-packages/airflow/example_dags/example_complex.py
[2024-11-18T06:07:10.848+0000] {processor.py:925} INFO - DAG(s) 'example_complex' retrieved from /home/airflow/.local/lib/python3.12/site-packages/airflow/example_dags/example_complex.py
[2024-11-18T06:07:10.871+0000] {logging_mixin.py:190} INFO - [2024-11-18T06:07:10.871+0000] {dag.py:3239} INFO - Sync 1 DAGs
[2024-11-18T06:07:10.882+0000] {logging_mixin.py:190} INFO - [2024-11-18T06:07:10.881+0000] {dag.py:4180} INFO - Setting next_dagrun for example_complex to None, run_after=None
[2024-11-18T06:07:10.911+0000] {processor.py:208} INFO - Processing /home/airflow/.local/lib/python3.12/site-packages/airflow/example_dags/example_complex.py took 0.078 seconds
[2024-11-18T06:07:41.212+0000] {processor.py:186} INFO - Started process (PID=2267) to work on /home/airflow/.local/lib/python3.12/site-packages/airflow/example_dags/example_complex.py
[2024-11-18T06:07:41.213+0000] {processor.py:914} INFO - Processing file /home/airflow/.local/lib/python3.12/site-packages/airflow/example_dags/example_complex.py for tasks to queue
[2024-11-18T06:07:41.215+0000] {logging_mixin.py:190} INFO - [2024-11-18T06:07:41.215+0000] {dagbag.py:588} INFO - Filling up the DagBag from /home/airflow/.local/lib/python3.12/site-packages/airflow/example_dags/example_complex.py
[2024-11-18T06:07:41.224+0000] {processor.py:925} INFO - DAG(s) 'example_complex' retrieved from /home/airflow/.local/lib/python3.12/site-packages/airflow/example_dags/example_complex.py
[2024-11-18T06:07:41.248+0000] {logging_mixin.py:190} INFO - [2024-11-18T06:07:41.248+0000] {dag.py:3239} INFO - Sync 1 DAGs
[2024-11-18T06:07:41.259+0000] {logging_mixin.py:190} INFO - [2024-11-18T06:07:41.259+0000] {dag.py:4180} INFO - Setting next_dagrun for example_complex to None, run_after=None
[2024-11-18T06:07:41.274+0000] {processor.py:208} INFO - Processing /home/airflow/.local/lib/python3.12/site-packages/airflow/example_dags/example_complex.py took 0.067 seconds
[2024-11-18T06:08:11.851+0000] {processor.py:186} INFO - Started process (PID=2331) to work on /home/airflow/.local/lib/python3.12/site-packages/airflow/example_dags/example_complex.py
[2024-11-18T06:08:11.853+0000] {processor.py:914} INFO - Processing file /home/airflow/.local/lib/python3.12/site-packages/airflow/example_dags/example_complex.py for tasks to queue
[2024-11-18T06:08:11.855+0000] {logging_mixin.py:190} INFO - [2024-11-18T06:08:11.854+0000] {dagbag.py:588} INFO - Filling up the DagBag from /home/airflow/.local/lib/python3.12/site-packages/airflow/example_dags/example_complex.py
[2024-11-18T06:08:11.863+0000] {processor.py:925} INFO - DAG(s) 'example_complex' retrieved from /home/airflow/.local/lib/python3.12/site-packages/airflow/example_dags/example_complex.py
[2024-11-18T06:08:11.885+0000] {logging_mixin.py:190} INFO - [2024-11-18T06:08:11.884+0000] {dag.py:3239} INFO - Sync 1 DAGs
[2024-11-18T06:08:11.896+0000] {logging_mixin.py:190} INFO - [2024-11-18T06:08:11.895+0000] {dag.py:4180} INFO - Setting next_dagrun for example_complex to None, run_after=None
[2024-11-18T06:08:11.913+0000] {processor.py:208} INFO - Processing /home/airflow/.local/lib/python3.12/site-packages/airflow/example_dags/example_complex.py took 0.067 seconds
[2024-11-18T06:08:42.065+0000] {processor.py:186} INFO - Started process (PID=2392) to work on /home/airflow/.local/lib/python3.12/site-packages/airflow/example_dags/example_complex.py
[2024-11-18T06:08:42.067+0000] {processor.py:914} INFO - Processing file /home/airflow/.local/lib/python3.12/site-packages/airflow/example_dags/example_complex.py for tasks to queue
[2024-11-18T06:08:42.069+0000] {logging_mixin.py:190} INFO - [2024-11-18T06:08:42.069+0000] {dagbag.py:588} INFO - Filling up the DagBag from /home/airflow/.local/lib/python3.12/site-packages/airflow/example_dags/example_complex.py
[2024-11-18T06:08:42.079+0000] {processor.py:925} INFO - DAG(s) 'example_complex' retrieved from /home/airflow/.local/lib/python3.12/site-packages/airflow/example_dags/example_complex.py
[2024-11-18T06:08:42.102+0000] {logging_mixin.py:190} INFO - [2024-11-18T06:08:42.102+0000] {dag.py:3239} INFO - Sync 1 DAGs
[2024-11-18T06:08:42.114+0000] {logging_mixin.py:190} INFO - [2024-11-18T06:08:42.114+0000] {dag.py:4180} INFO - Setting next_dagrun for example_complex to None, run_after=None
[2024-11-18T06:08:42.131+0000] {processor.py:208} INFO - Processing /home/airflow/.local/lib/python3.12/site-packages/airflow/example_dags/example_complex.py took 0.071 seconds
[2024-11-18T06:09:12.244+0000] {processor.py:186} INFO - Started process (PID=2455) to work on /home/airflow/.local/lib/python3.12/site-packages/airflow/example_dags/example_complex.py
[2024-11-18T06:09:12.245+0000] {processor.py:914} INFO - Processing file /home/airflow/.local/lib/python3.12/site-packages/airflow/example_dags/example_complex.py for tasks to queue
[2024-11-18T06:09:12.248+0000] {logging_mixin.py:190} INFO - [2024-11-18T06:09:12.247+0000] {dagbag.py:588} INFO - Filling up the DagBag from /home/airflow/.local/lib/python3.12/site-packages/airflow/example_dags/example_complex.py
[2024-11-18T06:09:12.262+0000] {processor.py:925} INFO - DAG(s) 'example_complex' retrieved from /home/airflow/.local/lib/python3.12/site-packages/airflow/example_dags/example_complex.py
[2024-11-18T06:09:12.300+0000] {logging_mixin.py:190} INFO - [2024-11-18T06:09:12.299+0000] {dag.py:3239} INFO - Sync 1 DAGs
[2024-11-18T06:09:12.317+0000] {logging_mixin.py:190} INFO - [2024-11-18T06:09:12.316+0000] {dag.py:4180} INFO - Setting next_dagrun for example_complex to None, run_after=None
[2024-11-18T06:09:12.336+0000] {processor.py:208} INFO - Processing /home/airflow/.local/lib/python3.12/site-packages/airflow/example_dags/example_complex.py took 0.098 seconds
[2024-11-18T06:09:42.680+0000] {processor.py:186} INFO - Started process (PID=2517) to work on /home/airflow/.local/lib/python3.12/site-packages/airflow/example_dags/example_complex.py
[2024-11-18T06:09:42.681+0000] {processor.py:914} INFO - Processing file /home/airflow/.local/lib/python3.12/site-packages/airflow/example_dags/example_complex.py for tasks to queue
[2024-11-18T06:09:42.683+0000] {logging_mixin.py:190} INFO - [2024-11-18T06:09:42.683+0000] {dagbag.py:588} INFO - Filling up the DagBag from /home/airflow/.local/lib/python3.12/site-packages/airflow/example_dags/example_complex.py
[2024-11-18T06:09:42.691+0000] {processor.py:925} INFO - DAG(s) 'example_complex' retrieved from /home/airflow/.local/lib/python3.12/site-packages/airflow/example_dags/example_complex.py
[2024-11-18T06:09:42.714+0000] {logging_mixin.py:190} INFO - [2024-11-18T06:09:42.714+0000] {dag.py:3239} INFO - Sync 1 DAGs
[2024-11-18T06:09:42.724+0000] {logging_mixin.py:190} INFO - [2024-11-18T06:09:42.724+0000] {dag.py:4180} INFO - Setting next_dagrun for example_complex to None, run_after=None
[2024-11-18T06:09:42.740+0000] {processor.py:208} INFO - Processing /home/airflow/.local/lib/python3.12/site-packages/airflow/example_dags/example_complex.py took 0.064 seconds
[2024-11-18T06:10:12.838+0000] {processor.py:186} INFO - Started process (PID=2581) to work on /home/airflow/.local/lib/python3.12/site-packages/airflow/example_dags/example_complex.py
[2024-11-18T06:10:12.839+0000] {processor.py:914} INFO - Processing file /home/airflow/.local/lib/python3.12/site-packages/airflow/example_dags/example_complex.py for tasks to queue
[2024-11-18T06:10:12.841+0000] {logging_mixin.py:190} INFO - [2024-11-18T06:10:12.841+0000] {dagbag.py:588} INFO - Filling up the DagBag from /home/airflow/.local/lib/python3.12/site-packages/airflow/example_dags/example_complex.py
[2024-11-18T06:10:12.851+0000] {processor.py:925} INFO - DAG(s) 'example_complex' retrieved from /home/airflow/.local/lib/python3.12/site-packages/airflow/example_dags/example_complex.py
[2024-11-18T06:10:12.872+0000] {logging_mixin.py:190} INFO - [2024-11-18T06:10:12.872+0000] {dag.py:3239} INFO - Sync 1 DAGs
[2024-11-18T06:10:12.882+0000] {logging_mixin.py:190} INFO - [2024-11-18T06:10:12.882+0000] {dag.py:4180} INFO - Setting next_dagrun for example_complex to None, run_after=None
[2024-11-18T06:10:12.897+0000] {processor.py:208} INFO - Processing /home/airflow/.local/lib/python3.12/site-packages/airflow/example_dags/example_complex.py took 0.063 seconds
[2024-11-18T06:10:43.454+0000] {processor.py:186} INFO - Started process (PID=2645) to work on /home/airflow/.local/lib/python3.12/site-packages/airflow/example_dags/example_complex.py
[2024-11-18T06:10:43.456+0000] {processor.py:914} INFO - Processing file /home/airflow/.local/lib/python3.12/site-packages/airflow/example_dags/example_complex.py for tasks to queue
[2024-11-18T06:10:43.459+0000] {logging_mixin.py:190} INFO - [2024-11-18T06:10:43.459+0000] {dagbag.py:588} INFO - Filling up the DagBag from /home/airflow/.local/lib/python3.12/site-packages/airflow/example_dags/example_complex.py
[2024-11-18T06:10:43.472+0000] {processor.py:925} INFO - DAG(s) 'example_complex' retrieved from /home/airflow/.local/lib/python3.12/site-packages/airflow/example_dags/example_complex.py
[2024-11-18T06:10:43.514+0000] {logging_mixin.py:190} INFO - [2024-11-18T06:10:43.513+0000] {dag.py:3239} INFO - Sync 1 DAGs
[2024-11-18T06:10:43.533+0000] {logging_mixin.py:190} INFO - [2024-11-18T06:10:43.532+0000] {dag.py:4180} INFO - Setting next_dagrun for example_complex to None, run_after=None
[2024-11-18T06:10:43.557+0000] {processor.py:208} INFO - Processing /home/airflow/.local/lib/python3.12/site-packages/airflow/example_dags/example_complex.py took 0.109 seconds
[2024-11-18T06:11:13.918+0000] {processor.py:186} INFO - Started process (PID=2709) to work on /home/airflow/.local/lib/python3.12/site-packages/airflow/example_dags/example_complex.py
[2024-11-18T06:11:13.919+0000] {processor.py:914} INFO - Processing file /home/airflow/.local/lib/python3.12/site-packages/airflow/example_dags/example_complex.py for tasks to queue
[2024-11-18T06:11:13.921+0000] {logging_mixin.py:190} INFO - [2024-11-18T06:11:13.921+0000] {dagbag.py:588} INFO - Filling up the DagBag from /home/airflow/.local/lib/python3.12/site-packages/airflow/example_dags/example_complex.py
[2024-11-18T06:11:13.930+0000] {processor.py:925} INFO - DAG(s) 'example_complex' retrieved from /home/airflow/.local/lib/python3.12/site-packages/airflow/example_dags/example_complex.py
[2024-11-18T06:11:13.954+0000] {logging_mixin.py:190} INFO - [2024-11-18T06:11:13.954+0000] {dag.py:3239} INFO - Sync 1 DAGs
[2024-11-18T06:11:13.965+0000] {logging_mixin.py:190} INFO - [2024-11-18T06:11:13.965+0000] {dag.py:4180} INFO - Setting next_dagrun for example_complex to None, run_after=None
[2024-11-18T06:11:13.982+0000] {processor.py:208} INFO - Processing /home/airflow/.local/lib/python3.12/site-packages/airflow/example_dags/example_complex.py took 0.068 seconds
[2024-11-18T06:11:44.278+0000] {processor.py:186} INFO - Started process (PID=2773) to work on /home/airflow/.local/lib/python3.12/site-packages/airflow/example_dags/example_complex.py
[2024-11-18T06:11:44.279+0000] {processor.py:914} INFO - Processing file /home/airflow/.local/lib/python3.12/site-packages/airflow/example_dags/example_complex.py for tasks to queue
[2024-11-18T06:11:44.281+0000] {logging_mixin.py:190} INFO - [2024-11-18T06:11:44.281+0000] {dagbag.py:588} INFO - Filling up the DagBag from /home/airflow/.local/lib/python3.12/site-packages/airflow/example_dags/example_complex.py
[2024-11-18T06:11:44.291+0000] {processor.py:925} INFO - DAG(s) 'example_complex' retrieved from /home/airflow/.local/lib/python3.12/site-packages/airflow/example_dags/example_complex.py
[2024-11-18T06:11:44.314+0000] {logging_mixin.py:190} INFO - [2024-11-18T06:11:44.314+0000] {dag.py:3239} INFO - Sync 1 DAGs
[2024-11-18T06:11:44.325+0000] {logging_mixin.py:190} INFO - [2024-11-18T06:11:44.325+0000] {dag.py:4180} INFO - Setting next_dagrun for example_complex to None, run_after=None
[2024-11-18T06:11:44.340+0000] {processor.py:208} INFO - Processing /home/airflow/.local/lib/python3.12/site-packages/airflow/example_dags/example_complex.py took 0.066 seconds
[2024-11-18T06:12:14.662+0000] {processor.py:186} INFO - Started process (PID=2837) to work on /home/airflow/.local/lib/python3.12/site-packages/airflow/example_dags/example_complex.py
[2024-11-18T06:12:14.663+0000] {processor.py:914} INFO - Processing file /home/airflow/.local/lib/python3.12/site-packages/airflow/example_dags/example_complex.py for tasks to queue
[2024-11-18T06:12:14.666+0000] {logging_mixin.py:190} INFO - [2024-11-18T06:12:14.665+0000] {dagbag.py:588} INFO - Filling up the DagBag from /home/airflow/.local/lib/python3.12/site-packages/airflow/example_dags/example_complex.py
[2024-11-18T06:12:14.675+0000] {processor.py:925} INFO - DAG(s) 'example_complex' retrieved from /home/airflow/.local/lib/python3.12/site-packages/airflow/example_dags/example_complex.py
[2024-11-18T06:12:14.706+0000] {logging_mixin.py:190} INFO - [2024-11-18T06:12:14.706+0000] {dag.py:3239} INFO - Sync 1 DAGs
[2024-11-18T06:12:14.717+0000] {logging_mixin.py:190} INFO - [2024-11-18T06:12:14.716+0000] {dag.py:4180} INFO - Setting next_dagrun for example_complex to None, run_after=None
[2024-11-18T06:12:14.732+0000] {processor.py:208} INFO - Processing /home/airflow/.local/lib/python3.12/site-packages/airflow/example_dags/example_complex.py took 0.075 seconds
[2024-11-18T06:12:45.017+0000] {processor.py:186} INFO - Started process (PID=2901) to work on /home/airflow/.local/lib/python3.12/site-packages/airflow/example_dags/example_complex.py
[2024-11-18T06:12:45.019+0000] {processor.py:914} INFO - Processing file /home/airflow/.local/lib/python3.12/site-packages/airflow/example_dags/example_complex.py for tasks to queue
[2024-11-18T06:12:45.021+0000] {logging_mixin.py:190} INFO - [2024-11-18T06:12:45.021+0000] {dagbag.py:588} INFO - Filling up the DagBag from /home/airflow/.local/lib/python3.12/site-packages/airflow/example_dags/example_complex.py
[2024-11-18T06:12:45.029+0000] {processor.py:925} INFO - DAG(s) 'example_complex' retrieved from /home/airflow/.local/lib/python3.12/site-packages/airflow/example_dags/example_complex.py
[2024-11-18T06:12:45.053+0000] {logging_mixin.py:190} INFO - [2024-11-18T06:12:45.053+0000] {dag.py:3239} INFO - Sync 1 DAGs
[2024-11-18T06:12:45.063+0000] {logging_mixin.py:190} INFO - [2024-11-18T06:12:45.063+0000] {dag.py:4180} INFO - Setting next_dagrun for example_complex to None, run_after=None
[2024-11-18T06:12:45.081+0000] {processor.py:208} INFO - Processing /home/airflow/.local/lib/python3.12/site-packages/airflow/example_dags/example_complex.py took 0.067 seconds
[2024-11-18T06:13:15.275+0000] {processor.py:186} INFO - Started process (PID=2965) to work on /home/airflow/.local/lib/python3.12/site-packages/airflow/example_dags/example_complex.py
[2024-11-18T06:13:15.276+0000] {processor.py:914} INFO - Processing file /home/airflow/.local/lib/python3.12/site-packages/airflow/example_dags/example_complex.py for tasks to queue
[2024-11-18T06:13:15.278+0000] {logging_mixin.py:190} INFO - [2024-11-18T06:13:15.278+0000] {dagbag.py:588} INFO - Filling up the DagBag from /home/airflow/.local/lib/python3.12/site-packages/airflow/example_dags/example_complex.py
[2024-11-18T06:13:15.287+0000] {processor.py:925} INFO - DAG(s) 'example_complex' retrieved from /home/airflow/.local/lib/python3.12/site-packages/airflow/example_dags/example_complex.py
[2024-11-18T06:13:15.311+0000] {logging_mixin.py:190} INFO - [2024-11-18T06:13:15.311+0000] {dag.py:3239} INFO - Sync 1 DAGs
[2024-11-18T06:13:15.321+0000] {logging_mixin.py:190} INFO - [2024-11-18T06:13:15.321+0000] {dag.py:4180} INFO - Setting next_dagrun for example_complex to None, run_after=None
[2024-11-18T06:13:15.335+0000] {processor.py:208} INFO - Processing /home/airflow/.local/lib/python3.12/site-packages/airflow/example_dags/example_complex.py took 0.064 seconds
[2024-11-18T06:13:45.850+0000] {processor.py:186} INFO - Started process (PID=3029) to work on /home/airflow/.local/lib/python3.12/site-packages/airflow/example_dags/example_complex.py
[2024-11-18T06:13:45.851+0000] {processor.py:914} INFO - Processing file /home/airflow/.local/lib/python3.12/site-packages/airflow/example_dags/example_complex.py for tasks to queue
[2024-11-18T06:13:45.853+0000] {logging_mixin.py:190} INFO - [2024-11-18T06:13:45.853+0000] {dagbag.py:588} INFO - Filling up the DagBag from /home/airflow/.local/lib/python3.12/site-packages/airflow/example_dags/example_complex.py
[2024-11-18T06:13:45.862+0000] {processor.py:925} INFO - DAG(s) 'example_complex' retrieved from /home/airflow/.local/lib/python3.12/site-packages/airflow/example_dags/example_complex.py
[2024-11-18T06:13:45.887+0000] {logging_mixin.py:190} INFO - [2024-11-18T06:13:45.887+0000] {dag.py:3239} INFO - Sync 1 DAGs
[2024-11-18T06:13:45.899+0000] {logging_mixin.py:190} INFO - [2024-11-18T06:13:45.899+0000] {dag.py:4180} INFO - Setting next_dagrun for example_complex to None, run_after=None
[2024-11-18T06:13:45.913+0000] {processor.py:208} INFO - Processing /home/airflow/.local/lib/python3.12/site-packages/airflow/example_dags/example_complex.py took 0.067 seconds
[2024-11-18T06:14:16.250+0000] {processor.py:186} INFO - Started process (PID=3093) to work on /home/airflow/.local/lib/python3.12/site-packages/airflow/example_dags/example_complex.py
[2024-11-18T06:14:16.251+0000] {processor.py:914} INFO - Processing file /home/airflow/.local/lib/python3.12/site-packages/airflow/example_dags/example_complex.py for tasks to queue
[2024-11-18T06:14:16.253+0000] {logging_mixin.py:190} INFO - [2024-11-18T06:14:16.253+0000] {dagbag.py:588} INFO - Filling up the DagBag from /home/airflow/.local/lib/python3.12/site-packages/airflow/example_dags/example_complex.py
[2024-11-18T06:14:16.262+0000] {processor.py:925} INFO - DAG(s) 'example_complex' retrieved from /home/airflow/.local/lib/python3.12/site-packages/airflow/example_dags/example_complex.py
[2024-11-18T06:14:16.286+0000] {logging_mixin.py:190} INFO - [2024-11-18T06:14:16.285+0000] {dag.py:3239} INFO - Sync 1 DAGs
[2024-11-18T06:14:16.298+0000] {logging_mixin.py:190} INFO - [2024-11-18T06:14:16.297+0000] {dag.py:4180} INFO - Setting next_dagrun for example_complex to None, run_after=None
[2024-11-18T06:14:16.314+0000] {processor.py:208} INFO - Processing /home/airflow/.local/lib/python3.12/site-packages/airflow/example_dags/example_complex.py took 0.068 seconds
[2024-11-18T06:14:46.452+0000] {processor.py:186} INFO - Started process (PID=3157) to work on /home/airflow/.local/lib/python3.12/site-packages/airflow/example_dags/example_complex.py
[2024-11-18T06:14:46.453+0000] {processor.py:914} INFO - Processing file /home/airflow/.local/lib/python3.12/site-packages/airflow/example_dags/example_complex.py for tasks to queue
[2024-11-18T06:14:46.455+0000] {logging_mixin.py:190} INFO - [2024-11-18T06:14:46.455+0000] {dagbag.py:588} INFO - Filling up the DagBag from /home/airflow/.local/lib/python3.12/site-packages/airflow/example_dags/example_complex.py
[2024-11-18T06:14:46.463+0000] {processor.py:925} INFO - DAG(s) 'example_complex' retrieved from /home/airflow/.local/lib/python3.12/site-packages/airflow/example_dags/example_complex.py
[2024-11-18T06:14:46.488+0000] {logging_mixin.py:190} INFO - [2024-11-18T06:14:46.488+0000] {dag.py:3239} INFO - Sync 1 DAGs
[2024-11-18T06:14:46.499+0000] {logging_mixin.py:190} INFO - [2024-11-18T06:14:46.499+0000] {dag.py:4180} INFO - Setting next_dagrun for example_complex to None, run_after=None
[2024-11-18T06:14:46.515+0000] {processor.py:208} INFO - Processing /home/airflow/.local/lib/python3.12/site-packages/airflow/example_dags/example_complex.py took 0.067 seconds
[2024-11-18T06:15:16.724+0000] {processor.py:186} INFO - Started process (PID=3221) to work on /home/airflow/.local/lib/python3.12/site-packages/airflow/example_dags/example_complex.py
[2024-11-18T06:15:16.725+0000] {processor.py:914} INFO - Processing file /home/airflow/.local/lib/python3.12/site-packages/airflow/example_dags/example_complex.py for tasks to queue
[2024-11-18T06:15:16.727+0000] {logging_mixin.py:190} INFO - [2024-11-18T06:15:16.727+0000] {dagbag.py:588} INFO - Filling up the DagBag from /home/airflow/.local/lib/python3.12/site-packages/airflow/example_dags/example_complex.py
[2024-11-18T06:15:16.736+0000] {processor.py:925} INFO - DAG(s) 'example_complex' retrieved from /home/airflow/.local/lib/python3.12/site-packages/airflow/example_dags/example_complex.py
[2024-11-18T06:15:16.762+0000] {logging_mixin.py:190} INFO - [2024-11-18T06:15:16.762+0000] {dag.py:3239} INFO - Sync 1 DAGs
[2024-11-18T06:15:16.774+0000] {logging_mixin.py:190} INFO - [2024-11-18T06:15:16.774+0000] {dag.py:4180} INFO - Setting next_dagrun for example_complex to None, run_after=None
[2024-11-18T06:15:16.791+0000] {processor.py:208} INFO - Processing /home/airflow/.local/lib/python3.12/site-packages/airflow/example_dags/example_complex.py took 0.071 seconds
[2024-11-18T06:15:47.082+0000] {processor.py:186} INFO - Started process (PID=3285) to work on /home/airflow/.local/lib/python3.12/site-packages/airflow/example_dags/example_complex.py
[2024-11-18T06:15:47.083+0000] {processor.py:914} INFO - Processing file /home/airflow/.local/lib/python3.12/site-packages/airflow/example_dags/example_complex.py for tasks to queue
[2024-11-18T06:15:47.085+0000] {logging_mixin.py:190} INFO - [2024-11-18T06:15:47.085+0000] {dagbag.py:588} INFO - Filling up the DagBag from /home/airflow/.local/lib/python3.12/site-packages/airflow/example_dags/example_complex.py
[2024-11-18T06:15:47.095+0000] {processor.py:925} INFO - DAG(s) 'example_complex' retrieved from /home/airflow/.local/lib/python3.12/site-packages/airflow/example_dags/example_complex.py
[2024-11-18T06:15:47.118+0000] {logging_mixin.py:190} INFO - [2024-11-18T06:15:47.117+0000] {dag.py:3239} INFO - Sync 1 DAGs
[2024-11-18T06:15:47.253+0000] {logging_mixin.py:190} INFO - [2024-11-18T06:15:47.253+0000] {dag.py:4180} INFO - Setting next_dagrun for example_complex to None, run_after=None
[2024-11-18T06:15:47.268+0000] {processor.py:208} INFO - Processing /home/airflow/.local/lib/python3.12/site-packages/airflow/example_dags/example_complex.py took 0.190 seconds
[2024-11-18T06:16:17.838+0000] {processor.py:186} INFO - Started process (PID=3349) to work on /home/airflow/.local/lib/python3.12/site-packages/airflow/example_dags/example_complex.py
[2024-11-18T06:16:17.839+0000] {processor.py:914} INFO - Processing file /home/airflow/.local/lib/python3.12/site-packages/airflow/example_dags/example_complex.py for tasks to queue
[2024-11-18T06:16:17.841+0000] {logging_mixin.py:190} INFO - [2024-11-18T06:16:17.841+0000] {dagbag.py:588} INFO - Filling up the DagBag from /home/airflow/.local/lib/python3.12/site-packages/airflow/example_dags/example_complex.py
[2024-11-18T06:16:17.850+0000] {processor.py:925} INFO - DAG(s) 'example_complex' retrieved from /home/airflow/.local/lib/python3.12/site-packages/airflow/example_dags/example_complex.py
[2024-11-18T06:16:17.876+0000] {logging_mixin.py:190} INFO - [2024-11-18T06:16:17.875+0000] {dag.py:3239} INFO - Sync 1 DAGs
[2024-11-18T06:16:17.889+0000] {logging_mixin.py:190} INFO - [2024-11-18T06:16:17.888+0000] {dag.py:4180} INFO - Setting next_dagrun for example_complex to None, run_after=None
[2024-11-18T06:16:17.905+0000] {processor.py:208} INFO - Processing /home/airflow/.local/lib/python3.12/site-packages/airflow/example_dags/example_complex.py took 0.071 seconds
[2024-11-18T06:16:48.509+0000] {processor.py:186} INFO - Started process (PID=3413) to work on /home/airflow/.local/lib/python3.12/site-packages/airflow/example_dags/example_complex.py
[2024-11-18T06:16:48.510+0000] {processor.py:914} INFO - Processing file /home/airflow/.local/lib/python3.12/site-packages/airflow/example_dags/example_complex.py for tasks to queue
[2024-11-18T06:16:48.512+0000] {logging_mixin.py:190} INFO - [2024-11-18T06:16:48.511+0000] {dagbag.py:588} INFO - Filling up the DagBag from /home/airflow/.local/lib/python3.12/site-packages/airflow/example_dags/example_complex.py
[2024-11-18T06:16:48.520+0000] {processor.py:925} INFO - DAG(s) 'example_complex' retrieved from /home/airflow/.local/lib/python3.12/site-packages/airflow/example_dags/example_complex.py
[2024-11-18T06:16:48.543+0000] {logging_mixin.py:190} INFO - [2024-11-18T06:16:48.543+0000] {dag.py:3239} INFO - Sync 1 DAGs
[2024-11-18T06:16:48.554+0000] {logging_mixin.py:190} INFO - [2024-11-18T06:16:48.554+0000] {dag.py:4180} INFO - Setting next_dagrun for example_complex to None, run_after=None
[2024-11-18T06:16:48.570+0000] {processor.py:208} INFO - Processing /home/airflow/.local/lib/python3.12/site-packages/airflow/example_dags/example_complex.py took 0.065 seconds
[2024-11-18T06:17:19.225+0000] {processor.py:186} INFO - Started process (PID=3477) to work on /home/airflow/.local/lib/python3.12/site-packages/airflow/example_dags/example_complex.py
[2024-11-18T06:17:19.226+0000] {processor.py:914} INFO - Processing file /home/airflow/.local/lib/python3.12/site-packages/airflow/example_dags/example_complex.py for tasks to queue
[2024-11-18T06:17:19.228+0000] {logging_mixin.py:190} INFO - [2024-11-18T06:17:19.228+0000] {dagbag.py:588} INFO - Filling up the DagBag from /home/airflow/.local/lib/python3.12/site-packages/airflow/example_dags/example_complex.py
[2024-11-18T06:17:19.238+0000] {processor.py:925} INFO - DAG(s) 'example_complex' retrieved from /home/airflow/.local/lib/python3.12/site-packages/airflow/example_dags/example_complex.py
[2024-11-18T06:17:19.384+0000] {logging_mixin.py:190} INFO - [2024-11-18T06:17:19.384+0000] {dag.py:3239} INFO - Sync 1 DAGs
[2024-11-18T06:17:19.396+0000] {logging_mixin.py:190} INFO - [2024-11-18T06:17:19.396+0000] {dag.py:4180} INFO - Setting next_dagrun for example_complex to None, run_after=None
[2024-11-18T06:17:19.412+0000] {processor.py:208} INFO - Processing /home/airflow/.local/lib/python3.12/site-packages/airflow/example_dags/example_complex.py took 0.193 seconds
[2024-11-18T06:17:49.594+0000] {processor.py:186} INFO - Started process (PID=3541) to work on /home/airflow/.local/lib/python3.12/site-packages/airflow/example_dags/example_complex.py
[2024-11-18T06:17:49.596+0000] {processor.py:914} INFO - Processing file /home/airflow/.local/lib/python3.12/site-packages/airflow/example_dags/example_complex.py for tasks to queue
[2024-11-18T06:17:49.598+0000] {logging_mixin.py:190} INFO - [2024-11-18T06:17:49.597+0000] {dagbag.py:588} INFO - Filling up the DagBag from /home/airflow/.local/lib/python3.12/site-packages/airflow/example_dags/example_complex.py
[2024-11-18T06:17:49.608+0000] {processor.py:925} INFO - DAG(s) 'example_complex' retrieved from /home/airflow/.local/lib/python3.12/site-packages/airflow/example_dags/example_complex.py
[2024-11-18T06:17:49.633+0000] {logging_mixin.py:190} INFO - [2024-11-18T06:17:49.633+0000] {dag.py:3239} INFO - Sync 1 DAGs
[2024-11-18T06:17:49.761+0000] {logging_mixin.py:190} INFO - [2024-11-18T06:17:49.761+0000] {dag.py:4180} INFO - Setting next_dagrun for example_complex to None, run_after=None
[2024-11-18T06:17:49.774+0000] {processor.py:208} INFO - Processing /home/airflow/.local/lib/python3.12/site-packages/airflow/example_dags/example_complex.py took 0.184 seconds
