[2024-11-18T05:49:50.956+0000] {processor.py:186} INFO - Started process (PID=82) to work on /home/airflow/.local/lib/python3.12/site-packages/airflow/example_dags/example_bash_operator.py
[2024-11-18T05:49:50.958+0000] {processor.py:914} INFO - Processing file /home/airflow/.local/lib/python3.12/site-packages/airflow/example_dags/example_bash_operator.py for tasks to queue
[2024-11-18T05:49:50.960+0000] {logging_mixin.py:190} INFO - [2024-11-18T05:49:50.960+0000] {dagbag.py:588} INFO - Filling up the DagBag from /home/airflow/.local/lib/python3.12/site-packages/airflow/example_dags/example_bash_operator.py
[2024-11-18T05:49:50.985+0000] {processor.py:925} INFO - DAG(s) 'example_bash_operator' retrieved from /home/airflow/.local/lib/python3.12/site-packages/airflow/example_dags/example_bash_operator.py
[2024-11-18T05:49:51.139+0000] {logging_mixin.py:190} INFO - [2024-11-18T05:49:51.138+0000] {override.py:1911} INFO - Created Permission View: can edit on DAG:example_bash_operator
[2024-11-18T05:49:51.155+0000] {logging_mixin.py:190} INFO - [2024-11-18T05:49:51.155+0000] {override.py:1911} INFO - Created Permission View: can delete on DAG:example_bash_operator
[2024-11-18T05:49:51.165+0000] {logging_mixin.py:190} INFO - [2024-11-18T05:49:51.164+0000] {override.py:1911} INFO - Created Permission View: can read on DAG:example_bash_operator
[2024-11-18T05:49:51.185+0000] {logging_mixin.py:190} INFO - [2024-11-18T05:49:51.184+0000] {override.py:1911} INFO - Created Permission View: menu access on DAG Run:example_bash_operator
[2024-11-18T05:49:51.196+0000] {logging_mixin.py:190} INFO - [2024-11-18T05:49:51.196+0000] {override.py:1911} INFO - Created Permission View: can delete on DAG Run:example_bash_operator
[2024-11-18T05:49:51.206+0000] {logging_mixin.py:190} INFO - [2024-11-18T05:49:51.206+0000] {override.py:1911} INFO - Created Permission View: can create on DAG Run:example_bash_operator
[2024-11-18T05:49:51.216+0000] {logging_mixin.py:190} INFO - [2024-11-18T05:49:51.216+0000] {override.py:1911} INFO - Created Permission View: can read on DAG Run:example_bash_operator
[2024-11-18T05:49:51.217+0000] {logging_mixin.py:190} INFO - [2024-11-18T05:49:51.217+0000] {dag.py:3239} INFO - Sync 1 DAGs
[2024-11-18T05:49:51.231+0000] {logging_mixin.py:190} INFO - [2024-11-18T05:49:51.231+0000] {dag.py:3262} INFO - Creating ORM DAG for example_bash_operator
[2024-11-18T05:49:51.245+0000] {logging_mixin.py:190} INFO - [2024-11-18T05:49:51.245+0000] {dag.py:4180} INFO - Setting next_dagrun for example_bash_operator to 2024-11-17 00:00:00+00:00, run_after=2024-11-18 00:00:00+00:00
[2024-11-18T05:49:51.268+0000] {processor.py:208} INFO - Processing /home/airflow/.local/lib/python3.12/site-packages/airflow/example_dags/example_bash_operator.py took 0.320 seconds
[2024-11-18T05:50:21.985+0000] {processor.py:186} INFO - Started process (PID=145) to work on /home/airflow/.local/lib/python3.12/site-packages/airflow/example_dags/example_bash_operator.py
[2024-11-18T05:50:21.987+0000] {processor.py:914} INFO - Processing file /home/airflow/.local/lib/python3.12/site-packages/airflow/example_dags/example_bash_operator.py for tasks to queue
[2024-11-18T05:50:21.990+0000] {logging_mixin.py:190} INFO - [2024-11-18T05:50:21.990+0000] {dagbag.py:588} INFO - Filling up the DagBag from /home/airflow/.local/lib/python3.12/site-packages/airflow/example_dags/example_bash_operator.py
[2024-11-18T05:50:22.010+0000] {processor.py:925} INFO - DAG(s) 'example_bash_operator' retrieved from /home/airflow/.local/lib/python3.12/site-packages/airflow/example_dags/example_bash_operator.py
[2024-11-18T05:50:22.047+0000] {logging_mixin.py:190} INFO - [2024-11-18T05:50:22.047+0000] {dag.py:3239} INFO - Sync 1 DAGs
[2024-11-18T05:50:22.081+0000] {logging_mixin.py:190} INFO - [2024-11-18T05:50:22.081+0000] {dag.py:4180} INFO - Setting next_dagrun for example_bash_operator to 2024-11-17 00:00:00+00:00, run_after=2024-11-18 00:00:00+00:00
[2024-11-18T05:50:22.114+0000] {processor.py:208} INFO - Processing /home/airflow/.local/lib/python3.12/site-packages/airflow/example_dags/example_bash_operator.py took 0.138 seconds
[2024-11-18T05:50:52.456+0000] {processor.py:186} INFO - Started process (PID=208) to work on /home/airflow/.local/lib/python3.12/site-packages/airflow/example_dags/example_bash_operator.py
[2024-11-18T05:50:52.457+0000] {processor.py:914} INFO - Processing file /home/airflow/.local/lib/python3.12/site-packages/airflow/example_dags/example_bash_operator.py for tasks to queue
[2024-11-18T05:50:52.461+0000] {logging_mixin.py:190} INFO - [2024-11-18T05:50:52.460+0000] {dagbag.py:588} INFO - Filling up the DagBag from /home/airflow/.local/lib/python3.12/site-packages/airflow/example_dags/example_bash_operator.py
[2024-11-18T05:50:52.481+0000] {processor.py:925} INFO - DAG(s) 'example_bash_operator' retrieved from /home/airflow/.local/lib/python3.12/site-packages/airflow/example_dags/example_bash_operator.py
[2024-11-18T05:50:52.513+0000] {logging_mixin.py:190} INFO - [2024-11-18T05:50:52.513+0000] {dag.py:3239} INFO - Sync 1 DAGs
[2024-11-18T05:50:52.545+0000] {logging_mixin.py:190} INFO - [2024-11-18T05:50:52.545+0000] {dag.py:4180} INFO - Setting next_dagrun for example_bash_operator to 2024-11-17 00:00:00+00:00, run_after=2024-11-18 00:00:00+00:00
[2024-11-18T05:50:52.566+0000] {processor.py:208} INFO - Processing /home/airflow/.local/lib/python3.12/site-packages/airflow/example_dags/example_bash_operator.py took 0.118 seconds
[2024-11-18T05:51:22.903+0000] {processor.py:186} INFO - Started process (PID=271) to work on /home/airflow/.local/lib/python3.12/site-packages/airflow/example_dags/example_bash_operator.py
[2024-11-18T05:51:22.905+0000] {processor.py:914} INFO - Processing file /home/airflow/.local/lib/python3.12/site-packages/airflow/example_dags/example_bash_operator.py for tasks to queue
[2024-11-18T05:51:22.908+0000] {logging_mixin.py:190} INFO - [2024-11-18T05:51:22.907+0000] {dagbag.py:588} INFO - Filling up the DagBag from /home/airflow/.local/lib/python3.12/site-packages/airflow/example_dags/example_bash_operator.py
[2024-11-18T05:51:22.938+0000] {processor.py:925} INFO - DAG(s) 'example_bash_operator' retrieved from /home/airflow/.local/lib/python3.12/site-packages/airflow/example_dags/example_bash_operator.py
[2024-11-18T05:51:22.986+0000] {logging_mixin.py:190} INFO - [2024-11-18T05:51:22.986+0000] {dag.py:3239} INFO - Sync 1 DAGs
[2024-11-18T05:51:23.024+0000] {logging_mixin.py:190} INFO - [2024-11-18T05:51:23.024+0000] {dag.py:4180} INFO - Setting next_dagrun for example_bash_operator to 2024-11-17 00:00:00+00:00, run_after=2024-11-18 00:00:00+00:00
[2024-11-18T05:51:23.060+0000] {processor.py:208} INFO - Processing /home/airflow/.local/lib/python3.12/site-packages/airflow/example_dags/example_bash_operator.py took 0.166 seconds
[2024-11-18T05:51:53.555+0000] {processor.py:186} INFO - Started process (PID=334) to work on /home/airflow/.local/lib/python3.12/site-packages/airflow/example_dags/example_bash_operator.py
[2024-11-18T05:51:53.560+0000] {processor.py:914} INFO - Processing file /home/airflow/.local/lib/python3.12/site-packages/airflow/example_dags/example_bash_operator.py for tasks to queue
[2024-11-18T05:51:53.563+0000] {logging_mixin.py:190} INFO - [2024-11-18T05:51:53.562+0000] {dagbag.py:588} INFO - Filling up the DagBag from /home/airflow/.local/lib/python3.12/site-packages/airflow/example_dags/example_bash_operator.py
[2024-11-18T05:51:53.581+0000] {processor.py:925} INFO - DAG(s) 'example_bash_operator' retrieved from /home/airflow/.local/lib/python3.12/site-packages/airflow/example_dags/example_bash_operator.py
[2024-11-18T05:51:53.622+0000] {logging_mixin.py:190} INFO - [2024-11-18T05:51:53.622+0000] {dag.py:3239} INFO - Sync 1 DAGs
[2024-11-18T05:51:53.664+0000] {logging_mixin.py:190} INFO - [2024-11-18T05:51:53.663+0000] {dag.py:4180} INFO - Setting next_dagrun for example_bash_operator to 2024-11-17 00:00:00+00:00, run_after=2024-11-18 00:00:00+00:00
[2024-11-18T05:51:53.690+0000] {processor.py:208} INFO - Processing /home/airflow/.local/lib/python3.12/site-packages/airflow/example_dags/example_bash_operator.py took 0.145 seconds
[2024-11-18T05:52:24.587+0000] {processor.py:186} INFO - Started process (PID=397) to work on /home/airflow/.local/lib/python3.12/site-packages/airflow/example_dags/example_bash_operator.py
[2024-11-18T05:52:24.589+0000] {processor.py:914} INFO - Processing file /home/airflow/.local/lib/python3.12/site-packages/airflow/example_dags/example_bash_operator.py for tasks to queue
[2024-11-18T05:52:24.593+0000] {logging_mixin.py:190} INFO - [2024-11-18T05:52:24.592+0000] {dagbag.py:588} INFO - Filling up the DagBag from /home/airflow/.local/lib/python3.12/site-packages/airflow/example_dags/example_bash_operator.py
[2024-11-18T05:52:24.612+0000] {processor.py:925} INFO - DAG(s) 'example_bash_operator' retrieved from /home/airflow/.local/lib/python3.12/site-packages/airflow/example_dags/example_bash_operator.py
[2024-11-18T05:52:24.644+0000] {logging_mixin.py:190} INFO - [2024-11-18T05:52:24.644+0000] {dag.py:3239} INFO - Sync 1 DAGs
[2024-11-18T05:52:24.674+0000] {logging_mixin.py:190} INFO - [2024-11-18T05:52:24.674+0000] {dag.py:4180} INFO - Setting next_dagrun for example_bash_operator to 2024-11-17 00:00:00+00:00, run_after=2024-11-18 00:00:00+00:00
[2024-11-18T05:52:24.698+0000] {processor.py:208} INFO - Processing /home/airflow/.local/lib/python3.12/site-packages/airflow/example_dags/example_bash_operator.py took 0.122 seconds
[2024-11-18T05:52:55.275+0000] {processor.py:186} INFO - Started process (PID=460) to work on /home/airflow/.local/lib/python3.12/site-packages/airflow/example_dags/example_bash_operator.py
[2024-11-18T05:52:55.279+0000] {processor.py:914} INFO - Processing file /home/airflow/.local/lib/python3.12/site-packages/airflow/example_dags/example_bash_operator.py for tasks to queue
[2024-11-18T05:52:55.309+0000] {logging_mixin.py:190} INFO - [2024-11-18T05:52:55.308+0000] {dagbag.py:588} INFO - Filling up the DagBag from /home/airflow/.local/lib/python3.12/site-packages/airflow/example_dags/example_bash_operator.py
[2024-11-18T05:52:55.330+0000] {processor.py:925} INFO - DAG(s) 'example_bash_operator' retrieved from /home/airflow/.local/lib/python3.12/site-packages/airflow/example_dags/example_bash_operator.py
[2024-11-18T05:52:55.363+0000] {logging_mixin.py:190} INFO - [2024-11-18T05:52:55.362+0000] {dag.py:3239} INFO - Sync 1 DAGs
[2024-11-18T05:52:55.392+0000] {logging_mixin.py:190} INFO - [2024-11-18T05:52:55.392+0000] {dag.py:4180} INFO - Setting next_dagrun for example_bash_operator to 2024-11-17 00:00:00+00:00, run_after=2024-11-18 00:00:00+00:00
[2024-11-18T05:52:55.418+0000] {processor.py:208} INFO - Processing /home/airflow/.local/lib/python3.12/site-packages/airflow/example_dags/example_bash_operator.py took 0.161 seconds
[2024-11-18T05:53:25.654+0000] {processor.py:186} INFO - Started process (PID=523) to work on /home/airflow/.local/lib/python3.12/site-packages/airflow/example_dags/example_bash_operator.py
[2024-11-18T05:53:25.655+0000] {processor.py:914} INFO - Processing file /home/airflow/.local/lib/python3.12/site-packages/airflow/example_dags/example_bash_operator.py for tasks to queue
[2024-11-18T05:53:25.659+0000] {logging_mixin.py:190} INFO - [2024-11-18T05:53:25.658+0000] {dagbag.py:588} INFO - Filling up the DagBag from /home/airflow/.local/lib/python3.12/site-packages/airflow/example_dags/example_bash_operator.py
[2024-11-18T05:53:25.688+0000] {processor.py:925} INFO - DAG(s) 'example_bash_operator' retrieved from /home/airflow/.local/lib/python3.12/site-packages/airflow/example_dags/example_bash_operator.py
[2024-11-18T05:53:25.727+0000] {logging_mixin.py:190} INFO - [2024-11-18T05:53:25.726+0000] {dag.py:3239} INFO - Sync 1 DAGs
[2024-11-18T05:53:25.760+0000] {logging_mixin.py:190} INFO - [2024-11-18T05:53:25.760+0000] {dag.py:4180} INFO - Setting next_dagrun for example_bash_operator to 2024-11-17 00:00:00+00:00, run_after=2024-11-18 00:00:00+00:00
[2024-11-18T05:53:25.792+0000] {processor.py:208} INFO - Processing /home/airflow/.local/lib/python3.12/site-packages/airflow/example_dags/example_bash_operator.py took 0.147 seconds
[2024-11-18T05:53:55.976+0000] {processor.py:186} INFO - Started process (PID=586) to work on /home/airflow/.local/lib/python3.12/site-packages/airflow/example_dags/example_bash_operator.py
[2024-11-18T05:53:55.978+0000] {processor.py:914} INFO - Processing file /home/airflow/.local/lib/python3.12/site-packages/airflow/example_dags/example_bash_operator.py for tasks to queue
[2024-11-18T05:53:55.982+0000] {logging_mixin.py:190} INFO - [2024-11-18T05:53:55.981+0000] {dagbag.py:588} INFO - Filling up the DagBag from /home/airflow/.local/lib/python3.12/site-packages/airflow/example_dags/example_bash_operator.py
[2024-11-18T05:53:56.001+0000] {processor.py:925} INFO - DAG(s) 'example_bash_operator' retrieved from /home/airflow/.local/lib/python3.12/site-packages/airflow/example_dags/example_bash_operator.py
[2024-11-18T05:53:56.031+0000] {logging_mixin.py:190} INFO - [2024-11-18T05:53:56.030+0000] {dag.py:3239} INFO - Sync 1 DAGs
[2024-11-18T05:53:56.060+0000] {logging_mixin.py:190} INFO - [2024-11-18T05:53:56.059+0000] {dag.py:4180} INFO - Setting next_dagrun for example_bash_operator to 2024-11-17 00:00:00+00:00, run_after=2024-11-18 00:00:00+00:00
[2024-11-18T05:53:56.096+0000] {processor.py:208} INFO - Processing /home/airflow/.local/lib/python3.12/site-packages/airflow/example_dags/example_bash_operator.py took 0.129 seconds
[2024-11-18T05:54:26.193+0000] {processor.py:186} INFO - Started process (PID=649) to work on /home/airflow/.local/lib/python3.12/site-packages/airflow/example_dags/example_bash_operator.py
[2024-11-18T05:54:26.194+0000] {processor.py:914} INFO - Processing file /home/airflow/.local/lib/python3.12/site-packages/airflow/example_dags/example_bash_operator.py for tasks to queue
[2024-11-18T05:54:26.197+0000] {logging_mixin.py:190} INFO - [2024-11-18T05:54:26.197+0000] {dagbag.py:588} INFO - Filling up the DagBag from /home/airflow/.local/lib/python3.12/site-packages/airflow/example_dags/example_bash_operator.py
[2024-11-18T05:54:26.211+0000] {processor.py:925} INFO - DAG(s) 'example_bash_operator' retrieved from /home/airflow/.local/lib/python3.12/site-packages/airflow/example_dags/example_bash_operator.py
[2024-11-18T05:54:26.239+0000] {logging_mixin.py:190} INFO - [2024-11-18T05:54:26.238+0000] {dag.py:3239} INFO - Sync 1 DAGs
[2024-11-18T05:54:26.264+0000] {logging_mixin.py:190} INFO - [2024-11-18T05:54:26.264+0000] {dag.py:4180} INFO - Setting next_dagrun for example_bash_operator to 2024-11-17 00:00:00+00:00, run_after=2024-11-18 00:00:00+00:00
[2024-11-18T05:54:26.310+0000] {processor.py:208} INFO - Processing /home/airflow/.local/lib/python3.12/site-packages/airflow/example_dags/example_bash_operator.py took 0.125 seconds
[2024-11-18T05:54:56.489+0000] {processor.py:186} INFO - Started process (PID=712) to work on /home/airflow/.local/lib/python3.12/site-packages/airflow/example_dags/example_bash_operator.py
[2024-11-18T05:54:56.490+0000] {processor.py:914} INFO - Processing file /home/airflow/.local/lib/python3.12/site-packages/airflow/example_dags/example_bash_operator.py for tasks to queue
[2024-11-18T05:54:56.493+0000] {logging_mixin.py:190} INFO - [2024-11-18T05:54:56.493+0000] {dagbag.py:588} INFO - Filling up the DagBag from /home/airflow/.local/lib/python3.12/site-packages/airflow/example_dags/example_bash_operator.py
[2024-11-18T05:54:56.523+0000] {processor.py:925} INFO - DAG(s) 'example_bash_operator' retrieved from /home/airflow/.local/lib/python3.12/site-packages/airflow/example_dags/example_bash_operator.py
[2024-11-18T05:54:56.572+0000] {logging_mixin.py:190} INFO - [2024-11-18T05:54:56.571+0000] {dag.py:3239} INFO - Sync 1 DAGs
[2024-11-18T05:54:56.614+0000] {logging_mixin.py:190} INFO - [2024-11-18T05:54:56.614+0000] {dag.py:4180} INFO - Setting next_dagrun for example_bash_operator to 2024-11-17 00:00:00+00:00, run_after=2024-11-18 00:00:00+00:00
[2024-11-18T05:54:56.647+0000] {processor.py:208} INFO - Processing /home/airflow/.local/lib/python3.12/site-packages/airflow/example_dags/example_bash_operator.py took 0.170 seconds
[2024-11-18T05:55:26.812+0000] {processor.py:186} INFO - Started process (PID=775) to work on /home/airflow/.local/lib/python3.12/site-packages/airflow/example_dags/example_bash_operator.py
[2024-11-18T05:55:26.814+0000] {processor.py:914} INFO - Processing file /home/airflow/.local/lib/python3.12/site-packages/airflow/example_dags/example_bash_operator.py for tasks to queue
[2024-11-18T05:55:26.820+0000] {logging_mixin.py:190} INFO - [2024-11-18T05:55:26.820+0000] {dagbag.py:588} INFO - Filling up the DagBag from /home/airflow/.local/lib/python3.12/site-packages/airflow/example_dags/example_bash_operator.py
[2024-11-18T05:55:26.839+0000] {processor.py:925} INFO - DAG(s) 'example_bash_operator' retrieved from /home/airflow/.local/lib/python3.12/site-packages/airflow/example_dags/example_bash_operator.py
[2024-11-18T05:55:26.867+0000] {logging_mixin.py:190} INFO - [2024-11-18T05:55:26.867+0000] {dag.py:3239} INFO - Sync 1 DAGs
[2024-11-18T05:55:26.903+0000] {logging_mixin.py:190} INFO - [2024-11-18T05:55:26.903+0000] {dag.py:4180} INFO - Setting next_dagrun for example_bash_operator to 2024-11-17 00:00:00+00:00, run_after=2024-11-18 00:00:00+00:00
[2024-11-18T05:55:26.938+0000] {processor.py:208} INFO - Processing /home/airflow/.local/lib/python3.12/site-packages/airflow/example_dags/example_bash_operator.py took 0.135 seconds
[2024-11-18T05:55:57.472+0000] {processor.py:186} INFO - Started process (PID=838) to work on /home/airflow/.local/lib/python3.12/site-packages/airflow/example_dags/example_bash_operator.py
[2024-11-18T05:55:57.474+0000] {processor.py:914} INFO - Processing file /home/airflow/.local/lib/python3.12/site-packages/airflow/example_dags/example_bash_operator.py for tasks to queue
[2024-11-18T05:55:57.477+0000] {logging_mixin.py:190} INFO - [2024-11-18T05:55:57.476+0000] {dagbag.py:588} INFO - Filling up the DagBag from /home/airflow/.local/lib/python3.12/site-packages/airflow/example_dags/example_bash_operator.py
[2024-11-18T05:55:57.495+0000] {processor.py:925} INFO - DAG(s) 'example_bash_operator' retrieved from /home/airflow/.local/lib/python3.12/site-packages/airflow/example_dags/example_bash_operator.py
[2024-11-18T05:55:57.531+0000] {logging_mixin.py:190} INFO - [2024-11-18T05:55:57.531+0000] {dag.py:3239} INFO - Sync 1 DAGs
[2024-11-18T05:55:57.565+0000] {logging_mixin.py:190} INFO - [2024-11-18T05:55:57.565+0000] {dag.py:4180} INFO - Setting next_dagrun for example_bash_operator to 2024-11-17 00:00:00+00:00, run_after=2024-11-18 00:00:00+00:00
[2024-11-18T05:55:57.598+0000] {processor.py:208} INFO - Processing /home/airflow/.local/lib/python3.12/site-packages/airflow/example_dags/example_bash_operator.py took 0.131 seconds
[2024-11-18T05:56:27.898+0000] {processor.py:186} INFO - Started process (PID=901) to work on /home/airflow/.local/lib/python3.12/site-packages/airflow/example_dags/example_bash_operator.py
[2024-11-18T05:56:27.900+0000] {processor.py:914} INFO - Processing file /home/airflow/.local/lib/python3.12/site-packages/airflow/example_dags/example_bash_operator.py for tasks to queue
[2024-11-18T05:56:27.903+0000] {logging_mixin.py:190} INFO - [2024-11-18T05:56:27.903+0000] {dagbag.py:588} INFO - Filling up the DagBag from /home/airflow/.local/lib/python3.12/site-packages/airflow/example_dags/example_bash_operator.py
[2024-11-18T05:56:27.921+0000] {processor.py:925} INFO - DAG(s) 'example_bash_operator' retrieved from /home/airflow/.local/lib/python3.12/site-packages/airflow/example_dags/example_bash_operator.py
[2024-11-18T05:56:27.958+0000] {logging_mixin.py:190} INFO - [2024-11-18T05:56:27.957+0000] {dag.py:3239} INFO - Sync 1 DAGs
[2024-11-18T05:56:27.997+0000] {logging_mixin.py:190} INFO - [2024-11-18T05:56:27.996+0000] {dag.py:4180} INFO - Setting next_dagrun for example_bash_operator to 2024-11-17 00:00:00+00:00, run_after=2024-11-18 00:00:00+00:00
[2024-11-18T05:56:28.026+0000] {processor.py:208} INFO - Processing /home/airflow/.local/lib/python3.12/site-packages/airflow/example_dags/example_bash_operator.py took 0.137 seconds
[2024-11-18T05:56:58.363+0000] {processor.py:186} INFO - Started process (PID=964) to work on /home/airflow/.local/lib/python3.12/site-packages/airflow/example_dags/example_bash_operator.py
[2024-11-18T05:56:58.364+0000] {processor.py:914} INFO - Processing file /home/airflow/.local/lib/python3.12/site-packages/airflow/example_dags/example_bash_operator.py for tasks to queue
[2024-11-18T05:56:58.367+0000] {logging_mixin.py:190} INFO - [2024-11-18T05:56:58.367+0000] {dagbag.py:588} INFO - Filling up the DagBag from /home/airflow/.local/lib/python3.12/site-packages/airflow/example_dags/example_bash_operator.py
[2024-11-18T05:56:58.385+0000] {processor.py:925} INFO - DAG(s) 'example_bash_operator' retrieved from /home/airflow/.local/lib/python3.12/site-packages/airflow/example_dags/example_bash_operator.py
[2024-11-18T05:56:58.416+0000] {logging_mixin.py:190} INFO - [2024-11-18T05:56:58.416+0000] {dag.py:3239} INFO - Sync 1 DAGs
[2024-11-18T05:56:58.446+0000] {logging_mixin.py:190} INFO - [2024-11-18T05:56:58.446+0000] {dag.py:4180} INFO - Setting next_dagrun for example_bash_operator to 2024-11-17 00:00:00+00:00, run_after=2024-11-18 00:00:00+00:00
[2024-11-18T05:56:58.471+0000] {processor.py:208} INFO - Processing /home/airflow/.local/lib/python3.12/site-packages/airflow/example_dags/example_bash_operator.py took 0.115 seconds
[2024-11-18T05:57:28.748+0000] {processor.py:186} INFO - Started process (PID=1027) to work on /home/airflow/.local/lib/python3.12/site-packages/airflow/example_dags/example_bash_operator.py
[2024-11-18T05:57:28.749+0000] {processor.py:914} INFO - Processing file /home/airflow/.local/lib/python3.12/site-packages/airflow/example_dags/example_bash_operator.py for tasks to queue
[2024-11-18T05:57:28.752+0000] {logging_mixin.py:190} INFO - [2024-11-18T05:57:28.752+0000] {dagbag.py:588} INFO - Filling up the DagBag from /home/airflow/.local/lib/python3.12/site-packages/airflow/example_dags/example_bash_operator.py
[2024-11-18T05:57:28.769+0000] {processor.py:925} INFO - DAG(s) 'example_bash_operator' retrieved from /home/airflow/.local/lib/python3.12/site-packages/airflow/example_dags/example_bash_operator.py
[2024-11-18T05:57:28.802+0000] {logging_mixin.py:190} INFO - [2024-11-18T05:57:28.802+0000] {dag.py:3239} INFO - Sync 1 DAGs
[2024-11-18T05:57:28.832+0000] {logging_mixin.py:190} INFO - [2024-11-18T05:57:28.832+0000] {dag.py:4180} INFO - Setting next_dagrun for example_bash_operator to 2024-11-17 00:00:00+00:00, run_after=2024-11-18 00:00:00+00:00
[2024-11-18T05:57:28.857+0000] {processor.py:208} INFO - Processing /home/airflow/.local/lib/python3.12/site-packages/airflow/example_dags/example_bash_operator.py took 0.125 seconds
[2024-11-18T05:57:59.718+0000] {processor.py:186} INFO - Started process (PID=1090) to work on /home/airflow/.local/lib/python3.12/site-packages/airflow/example_dags/example_bash_operator.py
[2024-11-18T05:57:59.719+0000] {processor.py:914} INFO - Processing file /home/airflow/.local/lib/python3.12/site-packages/airflow/example_dags/example_bash_operator.py for tasks to queue
[2024-11-18T05:57:59.722+0000] {logging_mixin.py:190} INFO - [2024-11-18T05:57:59.722+0000] {dagbag.py:588} INFO - Filling up the DagBag from /home/airflow/.local/lib/python3.12/site-packages/airflow/example_dags/example_bash_operator.py
[2024-11-18T05:57:59.741+0000] {processor.py:925} INFO - DAG(s) 'example_bash_operator' retrieved from /home/airflow/.local/lib/python3.12/site-packages/airflow/example_dags/example_bash_operator.py
[2024-11-18T05:57:59.773+0000] {logging_mixin.py:190} INFO - [2024-11-18T05:57:59.773+0000] {dag.py:3239} INFO - Sync 1 DAGs
[2024-11-18T05:57:59.805+0000] {logging_mixin.py:190} INFO - [2024-11-18T05:57:59.804+0000] {dag.py:4180} INFO - Setting next_dagrun for example_bash_operator to 2024-11-17 00:00:00+00:00, run_after=2024-11-18 00:00:00+00:00
[2024-11-18T05:57:59.834+0000] {processor.py:208} INFO - Processing /home/airflow/.local/lib/python3.12/site-packages/airflow/example_dags/example_bash_operator.py took 0.125 seconds
[2024-11-18T05:58:30.546+0000] {processor.py:186} INFO - Started process (PID=1153) to work on /home/airflow/.local/lib/python3.12/site-packages/airflow/example_dags/example_bash_operator.py
[2024-11-18T05:58:30.550+0000] {processor.py:914} INFO - Processing file /home/airflow/.local/lib/python3.12/site-packages/airflow/example_dags/example_bash_operator.py for tasks to queue
[2024-11-18T05:58:30.562+0000] {logging_mixin.py:190} INFO - [2024-11-18T05:58:30.559+0000] {dagbag.py:588} INFO - Filling up the DagBag from /home/airflow/.local/lib/python3.12/site-packages/airflow/example_dags/example_bash_operator.py
[2024-11-18T05:58:30.586+0000] {processor.py:925} INFO - DAG(s) 'example_bash_operator' retrieved from /home/airflow/.local/lib/python3.12/site-packages/airflow/example_dags/example_bash_operator.py
[2024-11-18T05:58:30.623+0000] {logging_mixin.py:190} INFO - [2024-11-18T05:58:30.622+0000] {dag.py:3239} INFO - Sync 1 DAGs
[2024-11-18T05:58:30.654+0000] {logging_mixin.py:190} INFO - [2024-11-18T05:58:30.654+0000] {dag.py:4180} INFO - Setting next_dagrun for example_bash_operator to 2024-11-17 00:00:00+00:00, run_after=2024-11-18 00:00:00+00:00
[2024-11-18T05:58:30.679+0000] {processor.py:208} INFO - Processing /home/airflow/.local/lib/python3.12/site-packages/airflow/example_dags/example_bash_operator.py took 0.143 seconds
[2024-11-18T05:59:00.853+0000] {processor.py:186} INFO - Started process (PID=1216) to work on /home/airflow/.local/lib/python3.12/site-packages/airflow/example_dags/example_bash_operator.py
[2024-11-18T05:59:00.855+0000] {processor.py:914} INFO - Processing file /home/airflow/.local/lib/python3.12/site-packages/airflow/example_dags/example_bash_operator.py for tasks to queue
[2024-11-18T05:59:00.859+0000] {logging_mixin.py:190} INFO - [2024-11-18T05:59:00.858+0000] {dagbag.py:588} INFO - Filling up the DagBag from /home/airflow/.local/lib/python3.12/site-packages/airflow/example_dags/example_bash_operator.py
[2024-11-18T05:59:00.876+0000] {processor.py:925} INFO - DAG(s) 'example_bash_operator' retrieved from /home/airflow/.local/lib/python3.12/site-packages/airflow/example_dags/example_bash_operator.py
[2024-11-18T05:59:00.911+0000] {logging_mixin.py:190} INFO - [2024-11-18T05:59:00.910+0000] {dag.py:3239} INFO - Sync 1 DAGs
[2024-11-18T05:59:00.938+0000] {logging_mixin.py:190} INFO - [2024-11-18T05:59:00.938+0000] {dag.py:4180} INFO - Setting next_dagrun for example_bash_operator to 2024-11-17 00:00:00+00:00, run_after=2024-11-18 00:00:00+00:00
[2024-11-18T05:59:00.960+0000] {processor.py:208} INFO - Processing /home/airflow/.local/lib/python3.12/site-packages/airflow/example_dags/example_bash_operator.py took 0.118 seconds
[2024-11-18T05:59:31.035+0000] {processor.py:186} INFO - Started process (PID=1279) to work on /home/airflow/.local/lib/python3.12/site-packages/airflow/example_dags/example_bash_operator.py
[2024-11-18T05:59:31.037+0000] {processor.py:914} INFO - Processing file /home/airflow/.local/lib/python3.12/site-packages/airflow/example_dags/example_bash_operator.py for tasks to queue
[2024-11-18T05:59:31.040+0000] {logging_mixin.py:190} INFO - [2024-11-18T05:59:31.040+0000] {dagbag.py:588} INFO - Filling up the DagBag from /home/airflow/.local/lib/python3.12/site-packages/airflow/example_dags/example_bash_operator.py
[2024-11-18T05:59:31.065+0000] {processor.py:925} INFO - DAG(s) 'example_bash_operator' retrieved from /home/airflow/.local/lib/python3.12/site-packages/airflow/example_dags/example_bash_operator.py
[2024-11-18T05:59:31.133+0000] {logging_mixin.py:190} INFO - [2024-11-18T05:59:31.133+0000] {dag.py:3239} INFO - Sync 1 DAGs
[2024-11-18T05:59:31.168+0000] {logging_mixin.py:190} INFO - [2024-11-18T05:59:31.168+0000] {dag.py:4180} INFO - Setting next_dagrun for example_bash_operator to 2024-11-17 00:00:00+00:00, run_after=2024-11-18 00:00:00+00:00
[2024-11-18T05:59:31.211+0000] {processor.py:208} INFO - Processing /home/airflow/.local/lib/python3.12/site-packages/airflow/example_dags/example_bash_operator.py took 0.184 seconds
[2024-11-18T06:00:01.317+0000] {processor.py:186} INFO - Started process (PID=1343) to work on /home/airflow/.local/lib/python3.12/site-packages/airflow/example_dags/example_bash_operator.py
[2024-11-18T06:00:01.318+0000] {processor.py:914} INFO - Processing file /home/airflow/.local/lib/python3.12/site-packages/airflow/example_dags/example_bash_operator.py for tasks to queue
[2024-11-18T06:00:01.323+0000] {logging_mixin.py:190} INFO - [2024-11-18T06:00:01.322+0000] {dagbag.py:588} INFO - Filling up the DagBag from /home/airflow/.local/lib/python3.12/site-packages/airflow/example_dags/example_bash_operator.py
[2024-11-18T06:00:01.344+0000] {processor.py:925} INFO - DAG(s) 'example_bash_operator' retrieved from /home/airflow/.local/lib/python3.12/site-packages/airflow/example_dags/example_bash_operator.py
[2024-11-18T06:00:01.386+0000] {logging_mixin.py:190} INFO - [2024-11-18T06:00:01.386+0000] {dag.py:3239} INFO - Sync 1 DAGs
[2024-11-18T06:00:01.424+0000] {logging_mixin.py:190} INFO - [2024-11-18T06:00:01.424+0000] {dag.py:4180} INFO - Setting next_dagrun for example_bash_operator to 2024-11-17 00:00:00+00:00, run_after=2024-11-18 00:00:00+00:00
[2024-11-18T06:00:01.448+0000] {processor.py:208} INFO - Processing /home/airflow/.local/lib/python3.12/site-packages/airflow/example_dags/example_bash_operator.py took 0.141 seconds
[2024-11-18T06:00:31.688+0000] {processor.py:186} INFO - Started process (PID=1407) to work on /home/airflow/.local/lib/python3.12/site-packages/airflow/example_dags/example_bash_operator.py
[2024-11-18T06:00:31.691+0000] {processor.py:914} INFO - Processing file /home/airflow/.local/lib/python3.12/site-packages/airflow/example_dags/example_bash_operator.py for tasks to queue
[2024-11-18T06:00:31.697+0000] {logging_mixin.py:190} INFO - [2024-11-18T06:00:31.696+0000] {dagbag.py:588} INFO - Filling up the DagBag from /home/airflow/.local/lib/python3.12/site-packages/airflow/example_dags/example_bash_operator.py
[2024-11-18T06:00:31.723+0000] {processor.py:925} INFO - DAG(s) 'example_bash_operator' retrieved from /home/airflow/.local/lib/python3.12/site-packages/airflow/example_dags/example_bash_operator.py
[2024-11-18T06:00:31.762+0000] {logging_mixin.py:190} INFO - [2024-11-18T06:00:31.761+0000] {dag.py:3239} INFO - Sync 1 DAGs
[2024-11-18T06:00:31.792+0000] {logging_mixin.py:190} INFO - [2024-11-18T06:00:31.792+0000] {dag.py:4180} INFO - Setting next_dagrun for example_bash_operator to 2024-11-17 00:00:00+00:00, run_after=2024-11-18 00:00:00+00:00
[2024-11-18T06:00:31.818+0000] {processor.py:208} INFO - Processing /home/airflow/.local/lib/python3.12/site-packages/airflow/example_dags/example_bash_operator.py took 0.138 seconds
[2024-11-18T06:01:02.198+0000] {processor.py:186} INFO - Started process (PID=1471) to work on /home/airflow/.local/lib/python3.12/site-packages/airflow/example_dags/example_bash_operator.py
[2024-11-18T06:01:02.202+0000] {processor.py:914} INFO - Processing file /home/airflow/.local/lib/python3.12/site-packages/airflow/example_dags/example_bash_operator.py for tasks to queue
[2024-11-18T06:01:02.206+0000] {logging_mixin.py:190} INFO - [2024-11-18T06:01:02.205+0000] {dagbag.py:588} INFO - Filling up the DagBag from /home/airflow/.local/lib/python3.12/site-packages/airflow/example_dags/example_bash_operator.py
[2024-11-18T06:01:02.227+0000] {processor.py:925} INFO - DAG(s) 'example_bash_operator' retrieved from /home/airflow/.local/lib/python3.12/site-packages/airflow/example_dags/example_bash_operator.py
[2024-11-18T06:01:02.279+0000] {logging_mixin.py:190} INFO - [2024-11-18T06:01:02.279+0000] {dag.py:3239} INFO - Sync 1 DAGs
[2024-11-18T06:01:02.318+0000] {logging_mixin.py:190} INFO - [2024-11-18T06:01:02.317+0000] {dag.py:4180} INFO - Setting next_dagrun for example_bash_operator to 2024-11-17 00:00:00+00:00, run_after=2024-11-18 00:00:00+00:00
[2024-11-18T06:01:02.349+0000] {processor.py:208} INFO - Processing /home/airflow/.local/lib/python3.12/site-packages/airflow/example_dags/example_bash_operator.py took 0.160 seconds
[2024-11-18T06:01:33.822+0000] {processor.py:186} INFO - Started process (PID=1535) to work on /home/airflow/.local/lib/python3.12/site-packages/airflow/example_dags/example_bash_operator.py
[2024-11-18T06:01:33.824+0000] {processor.py:914} INFO - Processing file /home/airflow/.local/lib/python3.12/site-packages/airflow/example_dags/example_bash_operator.py for tasks to queue
[2024-11-18T06:01:33.827+0000] {logging_mixin.py:190} INFO - [2024-11-18T06:01:33.826+0000] {dagbag.py:588} INFO - Filling up the DagBag from /home/airflow/.local/lib/python3.12/site-packages/airflow/example_dags/example_bash_operator.py
[2024-11-18T06:01:33.847+0000] {processor.py:925} INFO - DAG(s) 'example_bash_operator' retrieved from /home/airflow/.local/lib/python3.12/site-packages/airflow/example_dags/example_bash_operator.py
[2024-11-18T06:01:33.889+0000] {logging_mixin.py:190} INFO - [2024-11-18T06:01:33.888+0000] {dag.py:3239} INFO - Sync 1 DAGs
[2024-11-18T06:01:33.920+0000] {logging_mixin.py:190} INFO - [2024-11-18T06:01:33.919+0000] {dag.py:4180} INFO - Setting next_dagrun for example_bash_operator to 2024-11-17 00:00:00+00:00, run_after=2024-11-18 00:00:00+00:00
[2024-11-18T06:01:33.948+0000] {processor.py:208} INFO - Processing /home/airflow/.local/lib/python3.12/site-packages/airflow/example_dags/example_bash_operator.py took 0.133 seconds
[2024-11-18T06:02:04.343+0000] {processor.py:186} INFO - Started process (PID=1598) to work on /home/airflow/.local/lib/python3.12/site-packages/airflow/example_dags/example_bash_operator.py
[2024-11-18T06:02:04.345+0000] {processor.py:914} INFO - Processing file /home/airflow/.local/lib/python3.12/site-packages/airflow/example_dags/example_bash_operator.py for tasks to queue
[2024-11-18T06:02:04.349+0000] {logging_mixin.py:190} INFO - [2024-11-18T06:02:04.349+0000] {dagbag.py:588} INFO - Filling up the DagBag from /home/airflow/.local/lib/python3.12/site-packages/airflow/example_dags/example_bash_operator.py
[2024-11-18T06:02:04.364+0000] {processor.py:925} INFO - DAG(s) 'example_bash_operator' retrieved from /home/airflow/.local/lib/python3.12/site-packages/airflow/example_dags/example_bash_operator.py
[2024-11-18T06:02:04.404+0000] {logging_mixin.py:190} INFO - [2024-11-18T06:02:04.403+0000] {dag.py:3239} INFO - Sync 1 DAGs
[2024-11-18T06:02:04.441+0000] {logging_mixin.py:190} INFO - [2024-11-18T06:02:04.441+0000] {dag.py:4180} INFO - Setting next_dagrun for example_bash_operator to 2024-11-17 00:00:00+00:00, run_after=2024-11-18 00:00:00+00:00
[2024-11-18T06:02:04.474+0000] {processor.py:208} INFO - Processing /home/airflow/.local/lib/python3.12/site-packages/airflow/example_dags/example_bash_operator.py took 0.140 seconds
[2024-11-18T06:02:35.327+0000] {processor.py:186} INFO - Started process (PID=1662) to work on /home/airflow/.local/lib/python3.12/site-packages/airflow/example_dags/example_bash_operator.py
[2024-11-18T06:02:35.328+0000] {processor.py:914} INFO - Processing file /home/airflow/.local/lib/python3.12/site-packages/airflow/example_dags/example_bash_operator.py for tasks to queue
[2024-11-18T06:02:35.331+0000] {logging_mixin.py:190} INFO - [2024-11-18T06:02:35.331+0000] {dagbag.py:588} INFO - Filling up the DagBag from /home/airflow/.local/lib/python3.12/site-packages/airflow/example_dags/example_bash_operator.py
[2024-11-18T06:02:35.348+0000] {processor.py:925} INFO - DAG(s) 'example_bash_operator' retrieved from /home/airflow/.local/lib/python3.12/site-packages/airflow/example_dags/example_bash_operator.py
[2024-11-18T06:02:35.383+0000] {logging_mixin.py:190} INFO - [2024-11-18T06:02:35.382+0000] {dag.py:3239} INFO - Sync 1 DAGs
[2024-11-18T06:02:35.415+0000] {logging_mixin.py:190} INFO - [2024-11-18T06:02:35.415+0000] {dag.py:4180} INFO - Setting next_dagrun for example_bash_operator to 2024-11-17 00:00:00+00:00, run_after=2024-11-18 00:00:00+00:00
[2024-11-18T06:02:35.437+0000] {processor.py:208} INFO - Processing /home/airflow/.local/lib/python3.12/site-packages/airflow/example_dags/example_bash_operator.py took 0.122 seconds
[2024-11-18T06:03:05.707+0000] {processor.py:186} INFO - Started process (PID=1725) to work on /home/airflow/.local/lib/python3.12/site-packages/airflow/example_dags/example_bash_operator.py
[2024-11-18T06:03:05.709+0000] {processor.py:914} INFO - Processing file /home/airflow/.local/lib/python3.12/site-packages/airflow/example_dags/example_bash_operator.py for tasks to queue
[2024-11-18T06:03:05.712+0000] {logging_mixin.py:190} INFO - [2024-11-18T06:03:05.711+0000] {dagbag.py:588} INFO - Filling up the DagBag from /home/airflow/.local/lib/python3.12/site-packages/airflow/example_dags/example_bash_operator.py
[2024-11-18T06:03:05.727+0000] {processor.py:925} INFO - DAG(s) 'example_bash_operator' retrieved from /home/airflow/.local/lib/python3.12/site-packages/airflow/example_dags/example_bash_operator.py
[2024-11-18T06:03:05.763+0000] {logging_mixin.py:190} INFO - [2024-11-18T06:03:05.763+0000] {dag.py:3239} INFO - Sync 1 DAGs
[2024-11-18T06:03:05.798+0000] {logging_mixin.py:190} INFO - [2024-11-18T06:03:05.797+0000] {dag.py:4180} INFO - Setting next_dagrun for example_bash_operator to 2024-11-17 00:00:00+00:00, run_after=2024-11-18 00:00:00+00:00
[2024-11-18T06:03:05.822+0000] {processor.py:208} INFO - Processing /home/airflow/.local/lib/python3.12/site-packages/airflow/example_dags/example_bash_operator.py took 0.123 seconds
[2024-11-18T06:03:36.684+0000] {processor.py:186} INFO - Started process (PID=1789) to work on /home/airflow/.local/lib/python3.12/site-packages/airflow/example_dags/example_bash_operator.py
[2024-11-18T06:03:36.685+0000] {processor.py:914} INFO - Processing file /home/airflow/.local/lib/python3.12/site-packages/airflow/example_dags/example_bash_operator.py for tasks to queue
[2024-11-18T06:03:36.688+0000] {logging_mixin.py:190} INFO - [2024-11-18T06:03:36.687+0000] {dagbag.py:588} INFO - Filling up the DagBag from /home/airflow/.local/lib/python3.12/site-packages/airflow/example_dags/example_bash_operator.py
[2024-11-18T06:03:36.702+0000] {processor.py:925} INFO - DAG(s) 'example_bash_operator' retrieved from /home/airflow/.local/lib/python3.12/site-packages/airflow/example_dags/example_bash_operator.py
[2024-11-18T06:03:36.734+0000] {logging_mixin.py:190} INFO - [2024-11-18T06:03:36.734+0000] {dag.py:3239} INFO - Sync 1 DAGs
[2024-11-18T06:03:36.770+0000] {logging_mixin.py:190} INFO - [2024-11-18T06:03:36.769+0000] {dag.py:4180} INFO - Setting next_dagrun for example_bash_operator to 2024-11-17 00:00:00+00:00, run_after=2024-11-18 00:00:00+00:00
[2024-11-18T06:03:36.820+0000] {processor.py:208} INFO - Processing /home/airflow/.local/lib/python3.12/site-packages/airflow/example_dags/example_bash_operator.py took 0.143 seconds
[2024-11-18T06:04:06.985+0000] {processor.py:186} INFO - Started process (PID=1853) to work on /home/airflow/.local/lib/python3.12/site-packages/airflow/example_dags/example_bash_operator.py
[2024-11-18T06:04:06.987+0000] {processor.py:914} INFO - Processing file /home/airflow/.local/lib/python3.12/site-packages/airflow/example_dags/example_bash_operator.py for tasks to queue
[2024-11-18T06:04:06.995+0000] {logging_mixin.py:190} INFO - [2024-11-18T06:04:06.995+0000] {dagbag.py:588} INFO - Filling up the DagBag from /home/airflow/.local/lib/python3.12/site-packages/airflow/example_dags/example_bash_operator.py
[2024-11-18T06:04:07.039+0000] {processor.py:925} INFO - DAG(s) 'example_bash_operator' retrieved from /home/airflow/.local/lib/python3.12/site-packages/airflow/example_dags/example_bash_operator.py
[2024-11-18T06:04:07.117+0000] {logging_mixin.py:190} INFO - [2024-11-18T06:04:07.116+0000] {dag.py:3239} INFO - Sync 1 DAGs
[2024-11-18T06:04:07.156+0000] {logging_mixin.py:190} INFO - [2024-11-18T06:04:07.155+0000] {dag.py:4180} INFO - Setting next_dagrun for example_bash_operator to 2024-11-17 00:00:00+00:00, run_after=2024-11-18 00:00:00+00:00
[2024-11-18T06:04:07.202+0000] {processor.py:208} INFO - Processing /home/airflow/.local/lib/python3.12/site-packages/airflow/example_dags/example_bash_operator.py took 0.237 seconds
[2024-11-18T06:04:37.331+0000] {processor.py:186} INFO - Started process (PID=1917) to work on /home/airflow/.local/lib/python3.12/site-packages/airflow/example_dags/example_bash_operator.py
[2024-11-18T06:04:37.332+0000] {processor.py:914} INFO - Processing file /home/airflow/.local/lib/python3.12/site-packages/airflow/example_dags/example_bash_operator.py for tasks to queue
[2024-11-18T06:04:37.335+0000] {logging_mixin.py:190} INFO - [2024-11-18T06:04:37.335+0000] {dagbag.py:588} INFO - Filling up the DagBag from /home/airflow/.local/lib/python3.12/site-packages/airflow/example_dags/example_bash_operator.py
[2024-11-18T06:04:37.347+0000] {processor.py:925} INFO - DAG(s) 'example_bash_operator' retrieved from /home/airflow/.local/lib/python3.12/site-packages/airflow/example_dags/example_bash_operator.py
[2024-11-18T06:04:37.371+0000] {logging_mixin.py:190} INFO - [2024-11-18T06:04:37.370+0000] {dag.py:3239} INFO - Sync 1 DAGs
[2024-11-18T06:04:37.390+0000] {logging_mixin.py:190} INFO - [2024-11-18T06:04:37.390+0000] {dag.py:4180} INFO - Setting next_dagrun for example_bash_operator to 2024-11-17 00:00:00+00:00, run_after=2024-11-18 00:00:00+00:00
[2024-11-18T06:04:37.404+0000] {processor.py:208} INFO - Processing /home/airflow/.local/lib/python3.12/site-packages/airflow/example_dags/example_bash_operator.py took 0.079 seconds
[2024-11-18T06:05:07.863+0000] {processor.py:186} INFO - Started process (PID=1981) to work on /home/airflow/.local/lib/python3.12/site-packages/airflow/example_dags/example_bash_operator.py
[2024-11-18T06:05:07.864+0000] {processor.py:914} INFO - Processing file /home/airflow/.local/lib/python3.12/site-packages/airflow/example_dags/example_bash_operator.py for tasks to queue
[2024-11-18T06:05:07.866+0000] {logging_mixin.py:190} INFO - [2024-11-18T06:05:07.866+0000] {dagbag.py:588} INFO - Filling up the DagBag from /home/airflow/.local/lib/python3.12/site-packages/airflow/example_dags/example_bash_operator.py
[2024-11-18T06:05:07.877+0000] {processor.py:925} INFO - DAG(s) 'example_bash_operator' retrieved from /home/airflow/.local/lib/python3.12/site-packages/airflow/example_dags/example_bash_operator.py
[2024-11-18T06:05:07.900+0000] {logging_mixin.py:190} INFO - [2024-11-18T06:05:07.899+0000] {dag.py:3239} INFO - Sync 1 DAGs
[2024-11-18T06:05:07.922+0000] {logging_mixin.py:190} INFO - [2024-11-18T06:05:07.922+0000] {dag.py:4180} INFO - Setting next_dagrun for example_bash_operator to 2024-11-17 00:00:00+00:00, run_after=2024-11-18 00:00:00+00:00
[2024-11-18T06:05:07.938+0000] {processor.py:208} INFO - Processing /home/airflow/.local/lib/python3.12/site-packages/airflow/example_dags/example_bash_operator.py took 0.079 seconds
[2024-11-18T06:05:39.175+0000] {processor.py:186} INFO - Started process (PID=2045) to work on /home/airflow/.local/lib/python3.12/site-packages/airflow/example_dags/example_bash_operator.py
[2024-11-18T06:05:39.176+0000] {processor.py:914} INFO - Processing file /home/airflow/.local/lib/python3.12/site-packages/airflow/example_dags/example_bash_operator.py for tasks to queue
[2024-11-18T06:05:39.179+0000] {logging_mixin.py:190} INFO - [2024-11-18T06:05:39.178+0000] {dagbag.py:588} INFO - Filling up the DagBag from /home/airflow/.local/lib/python3.12/site-packages/airflow/example_dags/example_bash_operator.py
[2024-11-18T06:05:39.189+0000] {processor.py:925} INFO - DAG(s) 'example_bash_operator' retrieved from /home/airflow/.local/lib/python3.12/site-packages/airflow/example_dags/example_bash_operator.py
[2024-11-18T06:05:39.221+0000] {logging_mixin.py:190} INFO - [2024-11-18T06:05:39.221+0000] {dag.py:3239} INFO - Sync 1 DAGs
[2024-11-18T06:05:39.251+0000] {logging_mixin.py:190} INFO - [2024-11-18T06:05:39.251+0000] {dag.py:4180} INFO - Setting next_dagrun for example_bash_operator to 2024-11-17 00:00:00+00:00, run_after=2024-11-18 00:00:00+00:00
[2024-11-18T06:05:39.275+0000] {processor.py:208} INFO - Processing /home/airflow/.local/lib/python3.12/site-packages/airflow/example_dags/example_bash_operator.py took 0.105 seconds
[2024-11-18T06:06:10.430+0000] {processor.py:186} INFO - Started process (PID=2109) to work on /home/airflow/.local/lib/python3.12/site-packages/airflow/example_dags/example_bash_operator.py
[2024-11-18T06:06:10.431+0000] {processor.py:914} INFO - Processing file /home/airflow/.local/lib/python3.12/site-packages/airflow/example_dags/example_bash_operator.py for tasks to queue
[2024-11-18T06:06:10.433+0000] {logging_mixin.py:190} INFO - [2024-11-18T06:06:10.433+0000] {dagbag.py:588} INFO - Filling up the DagBag from /home/airflow/.local/lib/python3.12/site-packages/airflow/example_dags/example_bash_operator.py
[2024-11-18T06:06:10.443+0000] {processor.py:925} INFO - DAG(s) 'example_bash_operator' retrieved from /home/airflow/.local/lib/python3.12/site-packages/airflow/example_dags/example_bash_operator.py
[2024-11-18T06:06:10.464+0000] {logging_mixin.py:190} INFO - [2024-11-18T06:06:10.464+0000] {dag.py:3239} INFO - Sync 1 DAGs
[2024-11-18T06:06:10.487+0000] {logging_mixin.py:190} INFO - [2024-11-18T06:06:10.487+0000] {dag.py:4180} INFO - Setting next_dagrun for example_bash_operator to 2024-11-17 00:00:00+00:00, run_after=2024-11-18 00:00:00+00:00
[2024-11-18T06:06:10.502+0000] {processor.py:208} INFO - Processing /home/airflow/.local/lib/python3.12/site-packages/airflow/example_dags/example_bash_operator.py took 0.076 seconds
[2024-11-18T06:06:41.385+0000] {processor.py:186} INFO - Started process (PID=2173) to work on /home/airflow/.local/lib/python3.12/site-packages/airflow/example_dags/example_bash_operator.py
[2024-11-18T06:06:41.387+0000] {processor.py:914} INFO - Processing file /home/airflow/.local/lib/python3.12/site-packages/airflow/example_dags/example_bash_operator.py for tasks to queue
[2024-11-18T06:06:41.389+0000] {logging_mixin.py:190} INFO - [2024-11-18T06:06:41.389+0000] {dagbag.py:588} INFO - Filling up the DagBag from /home/airflow/.local/lib/python3.12/site-packages/airflow/example_dags/example_bash_operator.py
[2024-11-18T06:06:41.399+0000] {processor.py:925} INFO - DAG(s) 'example_bash_operator' retrieved from /home/airflow/.local/lib/python3.12/site-packages/airflow/example_dags/example_bash_operator.py
[2024-11-18T06:06:41.419+0000] {logging_mixin.py:190} INFO - [2024-11-18T06:06:41.419+0000] {dag.py:3239} INFO - Sync 1 DAGs
[2024-11-18T06:06:41.436+0000] {logging_mixin.py:190} INFO - [2024-11-18T06:06:41.436+0000] {dag.py:4180} INFO - Setting next_dagrun for example_bash_operator to 2024-11-17 00:00:00+00:00, run_after=2024-11-18 00:00:00+00:00
[2024-11-18T06:06:41.452+0000] {processor.py:208} INFO - Processing /home/airflow/.local/lib/python3.12/site-packages/airflow/example_dags/example_bash_operator.py took 0.072 seconds
[2024-11-18T06:07:12.186+0000] {processor.py:186} INFO - Started process (PID=2218) to work on /home/airflow/.local/lib/python3.12/site-packages/airflow/example_dags/example_bash_operator.py
[2024-11-18T06:07:12.187+0000] {processor.py:914} INFO - Processing file /home/airflow/.local/lib/python3.12/site-packages/airflow/example_dags/example_bash_operator.py for tasks to queue
[2024-11-18T06:07:12.189+0000] {logging_mixin.py:190} INFO - [2024-11-18T06:07:12.189+0000] {dagbag.py:588} INFO - Filling up the DagBag from /home/airflow/.local/lib/python3.12/site-packages/airflow/example_dags/example_bash_operator.py
[2024-11-18T06:07:12.199+0000] {processor.py:925} INFO - DAG(s) 'example_bash_operator' retrieved from /home/airflow/.local/lib/python3.12/site-packages/airflow/example_dags/example_bash_operator.py
[2024-11-18T06:07:12.218+0000] {logging_mixin.py:190} INFO - [2024-11-18T06:07:12.218+0000] {dag.py:3239} INFO - Sync 1 DAGs
[2024-11-18T06:07:12.237+0000] {logging_mixin.py:190} INFO - [2024-11-18T06:07:12.237+0000] {dag.py:4180} INFO - Setting next_dagrun for example_bash_operator to 2024-11-17 00:00:00+00:00, run_after=2024-11-18 00:00:00+00:00
[2024-11-18T06:07:12.252+0000] {processor.py:208} INFO - Processing /home/airflow/.local/lib/python3.12/site-packages/airflow/example_dags/example_bash_operator.py took 0.069 seconds
[2024-11-18T06:07:42.317+0000] {processor.py:186} INFO - Started process (PID=2269) to work on /home/airflow/.local/lib/python3.12/site-packages/airflow/example_dags/example_bash_operator.py
[2024-11-18T06:07:42.318+0000] {processor.py:914} INFO - Processing file /home/airflow/.local/lib/python3.12/site-packages/airflow/example_dags/example_bash_operator.py for tasks to queue
[2024-11-18T06:07:42.321+0000] {logging_mixin.py:190} INFO - [2024-11-18T06:07:42.320+0000] {dagbag.py:588} INFO - Filling up the DagBag from /home/airflow/.local/lib/python3.12/site-packages/airflow/example_dags/example_bash_operator.py
[2024-11-18T06:07:42.330+0000] {processor.py:925} INFO - DAG(s) 'example_bash_operator' retrieved from /home/airflow/.local/lib/python3.12/site-packages/airflow/example_dags/example_bash_operator.py
[2024-11-18T06:07:42.352+0000] {logging_mixin.py:190} INFO - [2024-11-18T06:07:42.352+0000] {dag.py:3239} INFO - Sync 1 DAGs
[2024-11-18T06:07:42.370+0000] {logging_mixin.py:190} INFO - [2024-11-18T06:07:42.370+0000] {dag.py:4180} INFO - Setting next_dagrun for example_bash_operator to 2024-11-17 00:00:00+00:00, run_after=2024-11-18 00:00:00+00:00
[2024-11-18T06:07:42.386+0000] {processor.py:208} INFO - Processing /home/airflow/.local/lib/python3.12/site-packages/airflow/example_dags/example_bash_operator.py took 0.073 seconds
[2024-11-18T06:08:12.956+0000] {processor.py:186} INFO - Started process (PID=2333) to work on /home/airflow/.local/lib/python3.12/site-packages/airflow/example_dags/example_bash_operator.py
[2024-11-18T06:08:12.958+0000] {processor.py:914} INFO - Processing file /home/airflow/.local/lib/python3.12/site-packages/airflow/example_dags/example_bash_operator.py for tasks to queue
[2024-11-18T06:08:12.960+0000] {logging_mixin.py:190} INFO - [2024-11-18T06:08:12.959+0000] {dagbag.py:588} INFO - Filling up the DagBag from /home/airflow/.local/lib/python3.12/site-packages/airflow/example_dags/example_bash_operator.py
[2024-11-18T06:08:12.969+0000] {processor.py:925} INFO - DAG(s) 'example_bash_operator' retrieved from /home/airflow/.local/lib/python3.12/site-packages/airflow/example_dags/example_bash_operator.py
[2024-11-18T06:08:12.990+0000] {logging_mixin.py:190} INFO - [2024-11-18T06:08:12.990+0000] {dag.py:3239} INFO - Sync 1 DAGs
[2024-11-18T06:08:13.011+0000] {logging_mixin.py:190} INFO - [2024-11-18T06:08:13.011+0000] {dag.py:4180} INFO - Setting next_dagrun for example_bash_operator to 2024-11-17 00:00:00+00:00, run_after=2024-11-18 00:00:00+00:00
[2024-11-18T06:08:13.037+0000] {processor.py:208} INFO - Processing /home/airflow/.local/lib/python3.12/site-packages/airflow/example_dags/example_bash_operator.py took 0.084 seconds
[2024-11-18T06:08:43.485+0000] {processor.py:186} INFO - Started process (PID=2397) to work on /home/airflow/.local/lib/python3.12/site-packages/airflow/example_dags/example_bash_operator.py
[2024-11-18T06:08:43.486+0000] {processor.py:914} INFO - Processing file /home/airflow/.local/lib/python3.12/site-packages/airflow/example_dags/example_bash_operator.py for tasks to queue
[2024-11-18T06:08:43.487+0000] {logging_mixin.py:190} INFO - [2024-11-18T06:08:43.487+0000] {dagbag.py:588} INFO - Filling up the DagBag from /home/airflow/.local/lib/python3.12/site-packages/airflow/example_dags/example_bash_operator.py
[2024-11-18T06:08:43.496+0000] {processor.py:925} INFO - DAG(s) 'example_bash_operator' retrieved from /home/airflow/.local/lib/python3.12/site-packages/airflow/example_dags/example_bash_operator.py
[2024-11-18T06:08:43.516+0000] {logging_mixin.py:190} INFO - [2024-11-18T06:08:43.515+0000] {dag.py:3239} INFO - Sync 1 DAGs
[2024-11-18T06:08:43.531+0000] {logging_mixin.py:190} INFO - [2024-11-18T06:08:43.531+0000] {dag.py:4180} INFO - Setting next_dagrun for example_bash_operator to 2024-11-17 00:00:00+00:00, run_after=2024-11-18 00:00:00+00:00
[2024-11-18T06:08:43.553+0000] {processor.py:208} INFO - Processing /home/airflow/.local/lib/python3.12/site-packages/airflow/example_dags/example_bash_operator.py took 0.072 seconds
[2024-11-18T06:09:13.664+0000] {processor.py:186} INFO - Started process (PID=2461) to work on /home/airflow/.local/lib/python3.12/site-packages/airflow/example_dags/example_bash_operator.py
[2024-11-18T06:09:13.665+0000] {processor.py:914} INFO - Processing file /home/airflow/.local/lib/python3.12/site-packages/airflow/example_dags/example_bash_operator.py for tasks to queue
[2024-11-18T06:09:13.668+0000] {logging_mixin.py:190} INFO - [2024-11-18T06:09:13.667+0000] {dagbag.py:588} INFO - Filling up the DagBag from /home/airflow/.local/lib/python3.12/site-packages/airflow/example_dags/example_bash_operator.py
[2024-11-18T06:09:13.679+0000] {processor.py:925} INFO - DAG(s) 'example_bash_operator' retrieved from /home/airflow/.local/lib/python3.12/site-packages/airflow/example_dags/example_bash_operator.py
[2024-11-18T06:09:13.701+0000] {logging_mixin.py:190} INFO - [2024-11-18T06:09:13.701+0000] {dag.py:3239} INFO - Sync 1 DAGs
[2024-11-18T06:09:13.720+0000] {logging_mixin.py:190} INFO - [2024-11-18T06:09:13.720+0000] {dag.py:4180} INFO - Setting next_dagrun for example_bash_operator to 2024-11-17 00:00:00+00:00, run_after=2024-11-18 00:00:00+00:00
[2024-11-18T06:09:13.733+0000] {processor.py:208} INFO - Processing /home/airflow/.local/lib/python3.12/site-packages/airflow/example_dags/example_bash_operator.py took 0.076 seconds
[2024-11-18T06:09:44.052+0000] {processor.py:186} INFO - Started process (PID=2524) to work on /home/airflow/.local/lib/python3.12/site-packages/airflow/example_dags/example_bash_operator.py
[2024-11-18T06:09:44.053+0000] {processor.py:914} INFO - Processing file /home/airflow/.local/lib/python3.12/site-packages/airflow/example_dags/example_bash_operator.py for tasks to queue
[2024-11-18T06:09:44.055+0000] {logging_mixin.py:190} INFO - [2024-11-18T06:09:44.055+0000] {dagbag.py:588} INFO - Filling up the DagBag from /home/airflow/.local/lib/python3.12/site-packages/airflow/example_dags/example_bash_operator.py
[2024-11-18T06:09:44.065+0000] {processor.py:925} INFO - DAG(s) 'example_bash_operator' retrieved from /home/airflow/.local/lib/python3.12/site-packages/airflow/example_dags/example_bash_operator.py
[2024-11-18T06:09:44.087+0000] {logging_mixin.py:190} INFO - [2024-11-18T06:09:44.087+0000] {dag.py:3239} INFO - Sync 1 DAGs
[2024-11-18T06:09:44.112+0000] {logging_mixin.py:190} INFO - [2024-11-18T06:09:44.112+0000] {dag.py:4180} INFO - Setting next_dagrun for example_bash_operator to 2024-11-17 00:00:00+00:00, run_after=2024-11-18 00:00:00+00:00
[2024-11-18T06:09:44.142+0000] {processor.py:208} INFO - Processing /home/airflow/.local/lib/python3.12/site-packages/airflow/example_dags/example_bash_operator.py took 0.093 seconds
[2024-11-18T06:10:14.240+0000] {processor.py:186} INFO - Started process (PID=2587) to work on /home/airflow/.local/lib/python3.12/site-packages/airflow/example_dags/example_bash_operator.py
[2024-11-18T06:10:14.242+0000] {processor.py:914} INFO - Processing file /home/airflow/.local/lib/python3.12/site-packages/airflow/example_dags/example_bash_operator.py for tasks to queue
[2024-11-18T06:10:14.244+0000] {logging_mixin.py:190} INFO - [2024-11-18T06:10:14.244+0000] {dagbag.py:588} INFO - Filling up the DagBag from /home/airflow/.local/lib/python3.12/site-packages/airflow/example_dags/example_bash_operator.py
[2024-11-18T06:10:14.253+0000] {processor.py:925} INFO - DAG(s) 'example_bash_operator' retrieved from /home/airflow/.local/lib/python3.12/site-packages/airflow/example_dags/example_bash_operator.py
[2024-11-18T06:10:14.275+0000] {logging_mixin.py:190} INFO - [2024-11-18T06:10:14.275+0000] {dag.py:3239} INFO - Sync 1 DAGs
[2024-11-18T06:10:14.294+0000] {logging_mixin.py:190} INFO - [2024-11-18T06:10:14.294+0000] {dag.py:4180} INFO - Setting next_dagrun for example_bash_operator to 2024-11-17 00:00:00+00:00, run_after=2024-11-18 00:00:00+00:00
[2024-11-18T06:10:14.321+0000] {processor.py:208} INFO - Processing /home/airflow/.local/lib/python3.12/site-packages/airflow/example_dags/example_bash_operator.py took 0.084 seconds
[2024-11-18T06:10:44.782+0000] {processor.py:186} INFO - Started process (PID=2651) to work on /home/airflow/.local/lib/python3.12/site-packages/airflow/example_dags/example_bash_operator.py
[2024-11-18T06:10:44.783+0000] {processor.py:914} INFO - Processing file /home/airflow/.local/lib/python3.12/site-packages/airflow/example_dags/example_bash_operator.py for tasks to queue
[2024-11-18T06:10:44.786+0000] {logging_mixin.py:190} INFO - [2024-11-18T06:10:44.785+0000] {dagbag.py:588} INFO - Filling up the DagBag from /home/airflow/.local/lib/python3.12/site-packages/airflow/example_dags/example_bash_operator.py
[2024-11-18T06:10:44.797+0000] {processor.py:925} INFO - DAG(s) 'example_bash_operator' retrieved from /home/airflow/.local/lib/python3.12/site-packages/airflow/example_dags/example_bash_operator.py
[2024-11-18T06:10:44.820+0000] {logging_mixin.py:190} INFO - [2024-11-18T06:10:44.820+0000] {dag.py:3239} INFO - Sync 1 DAGs
[2024-11-18T06:10:44.840+0000] {logging_mixin.py:190} INFO - [2024-11-18T06:10:44.840+0000] {dag.py:4180} INFO - Setting next_dagrun for example_bash_operator to 2024-11-17 00:00:00+00:00, run_after=2024-11-18 00:00:00+00:00
[2024-11-18T06:10:44.867+0000] {processor.py:208} INFO - Processing /home/airflow/.local/lib/python3.12/site-packages/airflow/example_dags/example_bash_operator.py took 0.089 seconds
[2024-11-18T06:11:15.221+0000] {processor.py:186} INFO - Started process (PID=2715) to work on /home/airflow/.local/lib/python3.12/site-packages/airflow/example_dags/example_bash_operator.py
[2024-11-18T06:11:15.222+0000] {processor.py:914} INFO - Processing file /home/airflow/.local/lib/python3.12/site-packages/airflow/example_dags/example_bash_operator.py for tasks to queue
[2024-11-18T06:11:15.224+0000] {logging_mixin.py:190} INFO - [2024-11-18T06:11:15.224+0000] {dagbag.py:588} INFO - Filling up the DagBag from /home/airflow/.local/lib/python3.12/site-packages/airflow/example_dags/example_bash_operator.py
[2024-11-18T06:11:15.234+0000] {processor.py:925} INFO - DAG(s) 'example_bash_operator' retrieved from /home/airflow/.local/lib/python3.12/site-packages/airflow/example_dags/example_bash_operator.py
[2024-11-18T06:11:15.253+0000] {logging_mixin.py:190} INFO - [2024-11-18T06:11:15.253+0000] {dag.py:3239} INFO - Sync 1 DAGs
[2024-11-18T06:11:15.270+0000] {logging_mixin.py:190} INFO - [2024-11-18T06:11:15.270+0000] {dag.py:4180} INFO - Setting next_dagrun for example_bash_operator to 2024-11-17 00:00:00+00:00, run_after=2024-11-18 00:00:00+00:00
[2024-11-18T06:11:15.286+0000] {processor.py:208} INFO - Processing /home/airflow/.local/lib/python3.12/site-packages/airflow/example_dags/example_bash_operator.py took 0.069 seconds
[2024-11-18T06:11:45.576+0000] {processor.py:186} INFO - Started process (PID=2779) to work on /home/airflow/.local/lib/python3.12/site-packages/airflow/example_dags/example_bash_operator.py
[2024-11-18T06:11:45.578+0000] {processor.py:914} INFO - Processing file /home/airflow/.local/lib/python3.12/site-packages/airflow/example_dags/example_bash_operator.py for tasks to queue
[2024-11-18T06:11:45.580+0000] {logging_mixin.py:190} INFO - [2024-11-18T06:11:45.580+0000] {dagbag.py:588} INFO - Filling up the DagBag from /home/airflow/.local/lib/python3.12/site-packages/airflow/example_dags/example_bash_operator.py
[2024-11-18T06:11:45.589+0000] {processor.py:925} INFO - DAG(s) 'example_bash_operator' retrieved from /home/airflow/.local/lib/python3.12/site-packages/airflow/example_dags/example_bash_operator.py
[2024-11-18T06:11:45.610+0000] {logging_mixin.py:190} INFO - [2024-11-18T06:11:45.610+0000] {dag.py:3239} INFO - Sync 1 DAGs
[2024-11-18T06:11:45.628+0000] {logging_mixin.py:190} INFO - [2024-11-18T06:11:45.628+0000] {dag.py:4180} INFO - Setting next_dagrun for example_bash_operator to 2024-11-17 00:00:00+00:00, run_after=2024-11-18 00:00:00+00:00
[2024-11-18T06:11:45.645+0000] {processor.py:208} INFO - Processing /home/airflow/.local/lib/python3.12/site-packages/airflow/example_dags/example_bash_operator.py took 0.075 seconds
[2024-11-18T06:12:16.101+0000] {processor.py:186} INFO - Started process (PID=2843) to work on /home/airflow/.local/lib/python3.12/site-packages/airflow/example_dags/example_bash_operator.py
[2024-11-18T06:12:16.102+0000] {processor.py:914} INFO - Processing file /home/airflow/.local/lib/python3.12/site-packages/airflow/example_dags/example_bash_operator.py for tasks to queue
[2024-11-18T06:12:16.106+0000] {logging_mixin.py:190} INFO - [2024-11-18T06:12:16.105+0000] {dagbag.py:588} INFO - Filling up the DagBag from /home/airflow/.local/lib/python3.12/site-packages/airflow/example_dags/example_bash_operator.py
[2024-11-18T06:12:16.115+0000] {processor.py:925} INFO - DAG(s) 'example_bash_operator' retrieved from /home/airflow/.local/lib/python3.12/site-packages/airflow/example_dags/example_bash_operator.py
[2024-11-18T06:12:16.137+0000] {logging_mixin.py:190} INFO - [2024-11-18T06:12:16.137+0000] {dag.py:3239} INFO - Sync 1 DAGs
[2024-11-18T06:12:16.155+0000] {logging_mixin.py:190} INFO - [2024-11-18T06:12:16.154+0000] {dag.py:4180} INFO - Setting next_dagrun for example_bash_operator to 2024-11-17 00:00:00+00:00, run_after=2024-11-18 00:00:00+00:00
[2024-11-18T06:12:16.180+0000] {processor.py:208} INFO - Processing /home/airflow/.local/lib/python3.12/site-packages/airflow/example_dags/example_bash_operator.py took 0.085 seconds
[2024-11-18T06:12:46.439+0000] {processor.py:186} INFO - Started process (PID=2907) to work on /home/airflow/.local/lib/python3.12/site-packages/airflow/example_dags/example_bash_operator.py
[2024-11-18T06:12:46.440+0000] {processor.py:914} INFO - Processing file /home/airflow/.local/lib/python3.12/site-packages/airflow/example_dags/example_bash_operator.py for tasks to queue
[2024-11-18T06:12:46.442+0000] {logging_mixin.py:190} INFO - [2024-11-18T06:12:46.442+0000] {dagbag.py:588} INFO - Filling up the DagBag from /home/airflow/.local/lib/python3.12/site-packages/airflow/example_dags/example_bash_operator.py
[2024-11-18T06:12:46.451+0000] {processor.py:925} INFO - DAG(s) 'example_bash_operator' retrieved from /home/airflow/.local/lib/python3.12/site-packages/airflow/example_dags/example_bash_operator.py
[2024-11-18T06:12:46.471+0000] {logging_mixin.py:190} INFO - [2024-11-18T06:12:46.471+0000] {dag.py:3239} INFO - Sync 1 DAGs
[2024-11-18T06:12:46.488+0000] {logging_mixin.py:190} INFO - [2024-11-18T06:12:46.488+0000] {dag.py:4180} INFO - Setting next_dagrun for example_bash_operator to 2024-11-17 00:00:00+00:00, run_after=2024-11-18 00:00:00+00:00
[2024-11-18T06:12:46.505+0000] {processor.py:208} INFO - Processing /home/airflow/.local/lib/python3.12/site-packages/airflow/example_dags/example_bash_operator.py took 0.071 seconds
[2024-11-18T06:13:16.691+0000] {processor.py:186} INFO - Started process (PID=2971) to work on /home/airflow/.local/lib/python3.12/site-packages/airflow/example_dags/example_bash_operator.py
[2024-11-18T06:13:16.692+0000] {processor.py:914} INFO - Processing file /home/airflow/.local/lib/python3.12/site-packages/airflow/example_dags/example_bash_operator.py for tasks to queue
[2024-11-18T06:13:16.694+0000] {logging_mixin.py:190} INFO - [2024-11-18T06:13:16.694+0000] {dagbag.py:588} INFO - Filling up the DagBag from /home/airflow/.local/lib/python3.12/site-packages/airflow/example_dags/example_bash_operator.py
[2024-11-18T06:13:16.704+0000] {processor.py:925} INFO - DAG(s) 'example_bash_operator' retrieved from /home/airflow/.local/lib/python3.12/site-packages/airflow/example_dags/example_bash_operator.py
[2024-11-18T06:13:16.727+0000] {logging_mixin.py:190} INFO - [2024-11-18T06:13:16.727+0000] {dag.py:3239} INFO - Sync 1 DAGs
[2024-11-18T06:13:16.746+0000] {logging_mixin.py:190} INFO - [2024-11-18T06:13:16.746+0000] {dag.py:4180} INFO - Setting next_dagrun for example_bash_operator to 2024-11-17 00:00:00+00:00, run_after=2024-11-18 00:00:00+00:00
[2024-11-18T06:13:16.763+0000] {processor.py:208} INFO - Processing /home/airflow/.local/lib/python3.12/site-packages/airflow/example_dags/example_bash_operator.py took 0.076 seconds
[2024-11-18T06:13:47.178+0000] {processor.py:186} INFO - Started process (PID=3035) to work on /home/airflow/.local/lib/python3.12/site-packages/airflow/example_dags/example_bash_operator.py
[2024-11-18T06:13:47.179+0000] {processor.py:914} INFO - Processing file /home/airflow/.local/lib/python3.12/site-packages/airflow/example_dags/example_bash_operator.py for tasks to queue
[2024-11-18T06:13:47.181+0000] {logging_mixin.py:190} INFO - [2024-11-18T06:13:47.180+0000] {dagbag.py:588} INFO - Filling up the DagBag from /home/airflow/.local/lib/python3.12/site-packages/airflow/example_dags/example_bash_operator.py
[2024-11-18T06:13:47.191+0000] {processor.py:925} INFO - DAG(s) 'example_bash_operator' retrieved from /home/airflow/.local/lib/python3.12/site-packages/airflow/example_dags/example_bash_operator.py
[2024-11-18T06:13:47.211+0000] {logging_mixin.py:190} INFO - [2024-11-18T06:13:47.211+0000] {dag.py:3239} INFO - Sync 1 DAGs
[2024-11-18T06:13:47.229+0000] {logging_mixin.py:190} INFO - [2024-11-18T06:13:47.228+0000] {dag.py:4180} INFO - Setting next_dagrun for example_bash_operator to 2024-11-17 00:00:00+00:00, run_after=2024-11-18 00:00:00+00:00
[2024-11-18T06:13:47.253+0000] {processor.py:208} INFO - Processing /home/airflow/.local/lib/python3.12/site-packages/airflow/example_dags/example_bash_operator.py took 0.080 seconds
[2024-11-18T06:14:17.587+0000] {processor.py:186} INFO - Started process (PID=3099) to work on /home/airflow/.local/lib/python3.12/site-packages/airflow/example_dags/example_bash_operator.py
[2024-11-18T06:14:17.588+0000] {processor.py:914} INFO - Processing file /home/airflow/.local/lib/python3.12/site-packages/airflow/example_dags/example_bash_operator.py for tasks to queue
[2024-11-18T06:14:17.590+0000] {logging_mixin.py:190} INFO - [2024-11-18T06:14:17.590+0000] {dagbag.py:588} INFO - Filling up the DagBag from /home/airflow/.local/lib/python3.12/site-packages/airflow/example_dags/example_bash_operator.py
[2024-11-18T06:14:17.599+0000] {processor.py:925} INFO - DAG(s) 'example_bash_operator' retrieved from /home/airflow/.local/lib/python3.12/site-packages/airflow/example_dags/example_bash_operator.py
[2024-11-18T06:14:17.622+0000] {logging_mixin.py:190} INFO - [2024-11-18T06:14:17.622+0000] {dag.py:3239} INFO - Sync 1 DAGs
[2024-11-18T06:14:17.638+0000] {logging_mixin.py:190} INFO - [2024-11-18T06:14:17.638+0000] {dag.py:4180} INFO - Setting next_dagrun for example_bash_operator to 2024-11-17 00:00:00+00:00, run_after=2024-11-18 00:00:00+00:00
[2024-11-18T06:14:17.653+0000] {processor.py:208} INFO - Processing /home/airflow/.local/lib/python3.12/site-packages/airflow/example_dags/example_bash_operator.py took 0.071 seconds
[2024-11-18T06:14:47.847+0000] {processor.py:186} INFO - Started process (PID=3163) to work on /home/airflow/.local/lib/python3.12/site-packages/airflow/example_dags/example_bash_operator.py
[2024-11-18T06:14:47.849+0000] {processor.py:914} INFO - Processing file /home/airflow/.local/lib/python3.12/site-packages/airflow/example_dags/example_bash_operator.py for tasks to queue
[2024-11-18T06:14:47.851+0000] {logging_mixin.py:190} INFO - [2024-11-18T06:14:47.851+0000] {dagbag.py:588} INFO - Filling up the DagBag from /home/airflow/.local/lib/python3.12/site-packages/airflow/example_dags/example_bash_operator.py
[2024-11-18T06:14:47.861+0000] {processor.py:925} INFO - DAG(s) 'example_bash_operator' retrieved from /home/airflow/.local/lib/python3.12/site-packages/airflow/example_dags/example_bash_operator.py
[2024-11-18T06:14:47.882+0000] {logging_mixin.py:190} INFO - [2024-11-18T06:14:47.881+0000] {dag.py:3239} INFO - Sync 1 DAGs
[2024-11-18T06:14:47.898+0000] {logging_mixin.py:190} INFO - [2024-11-18T06:14:47.898+0000] {dag.py:4180} INFO - Setting next_dagrun for example_bash_operator to 2024-11-17 00:00:00+00:00, run_after=2024-11-18 00:00:00+00:00
[2024-11-18T06:14:47.923+0000] {processor.py:208} INFO - Processing /home/airflow/.local/lib/python3.12/site-packages/airflow/example_dags/example_bash_operator.py took 0.081 seconds
[2024-11-18T06:15:18.151+0000] {processor.py:186} INFO - Started process (PID=3227) to work on /home/airflow/.local/lib/python3.12/site-packages/airflow/example_dags/example_bash_operator.py
[2024-11-18T06:15:18.152+0000] {processor.py:914} INFO - Processing file /home/airflow/.local/lib/python3.12/site-packages/airflow/example_dags/example_bash_operator.py for tasks to queue
[2024-11-18T06:15:18.154+0000] {logging_mixin.py:190} INFO - [2024-11-18T06:15:18.154+0000] {dagbag.py:588} INFO - Filling up the DagBag from /home/airflow/.local/lib/python3.12/site-packages/airflow/example_dags/example_bash_operator.py
[2024-11-18T06:15:18.165+0000] {processor.py:925} INFO - DAG(s) 'example_bash_operator' retrieved from /home/airflow/.local/lib/python3.12/site-packages/airflow/example_dags/example_bash_operator.py
[2024-11-18T06:15:18.188+0000] {logging_mixin.py:190} INFO - [2024-11-18T06:15:18.188+0000] {dag.py:3239} INFO - Sync 1 DAGs
[2024-11-18T06:15:18.210+0000] {logging_mixin.py:190} INFO - [2024-11-18T06:15:18.210+0000] {dag.py:4180} INFO - Setting next_dagrun for example_bash_operator to 2024-11-17 00:00:00+00:00, run_after=2024-11-18 00:00:00+00:00
[2024-11-18T06:15:18.225+0000] {processor.py:208} INFO - Processing /home/airflow/.local/lib/python3.12/site-packages/airflow/example_dags/example_bash_operator.py took 0.079 seconds
[2024-11-18T06:15:49.014+0000] {processor.py:186} INFO - Started process (PID=3291) to work on /home/airflow/.local/lib/python3.12/site-packages/airflow/example_dags/example_bash_operator.py
[2024-11-18T06:15:49.015+0000] {processor.py:914} INFO - Processing file /home/airflow/.local/lib/python3.12/site-packages/airflow/example_dags/example_bash_operator.py for tasks to queue
[2024-11-18T06:15:49.016+0000] {logging_mixin.py:190} INFO - [2024-11-18T06:15:49.016+0000] {dagbag.py:588} INFO - Filling up the DagBag from /home/airflow/.local/lib/python3.12/site-packages/airflow/example_dags/example_bash_operator.py
[2024-11-18T06:15:49.025+0000] {processor.py:925} INFO - DAG(s) 'example_bash_operator' retrieved from /home/airflow/.local/lib/python3.12/site-packages/airflow/example_dags/example_bash_operator.py
[2024-11-18T06:15:49.045+0000] {logging_mixin.py:190} INFO - [2024-11-18T06:15:49.045+0000] {dag.py:3239} INFO - Sync 1 DAGs
[2024-11-18T06:15:49.174+0000] {logging_mixin.py:190} INFO - [2024-11-18T06:15:49.173+0000] {dag.py:4180} INFO - Setting next_dagrun for example_bash_operator to 2024-11-17 00:00:00+00:00, run_after=2024-11-18 00:00:00+00:00
[2024-11-18T06:15:49.187+0000] {processor.py:208} INFO - Processing /home/airflow/.local/lib/python3.12/site-packages/airflow/example_dags/example_bash_operator.py took 0.177 seconds
[2024-11-18T06:16:20.139+0000] {processor.py:186} INFO - Started process (PID=3355) to work on /home/airflow/.local/lib/python3.12/site-packages/airflow/example_dags/example_bash_operator.py
[2024-11-18T06:16:20.140+0000] {processor.py:914} INFO - Processing file /home/airflow/.local/lib/python3.12/site-packages/airflow/example_dags/example_bash_operator.py for tasks to queue
[2024-11-18T06:16:20.142+0000] {logging_mixin.py:190} INFO - [2024-11-18T06:16:20.142+0000] {dagbag.py:588} INFO - Filling up the DagBag from /home/airflow/.local/lib/python3.12/site-packages/airflow/example_dags/example_bash_operator.py
[2024-11-18T06:16:20.154+0000] {processor.py:925} INFO - DAG(s) 'example_bash_operator' retrieved from /home/airflow/.local/lib/python3.12/site-packages/airflow/example_dags/example_bash_operator.py
[2024-11-18T06:16:20.176+0000] {logging_mixin.py:190} INFO - [2024-11-18T06:16:20.176+0000] {dag.py:3239} INFO - Sync 1 DAGs
[2024-11-18T06:16:20.198+0000] {logging_mixin.py:190} INFO - [2024-11-18T06:16:20.198+0000] {dag.py:4180} INFO - Setting next_dagrun for example_bash_operator to 2024-11-17 00:00:00+00:00, run_after=2024-11-18 00:00:00+00:00
[2024-11-18T06:16:20.223+0000] {processor.py:208} INFO - Processing /home/airflow/.local/lib/python3.12/site-packages/airflow/example_dags/example_bash_operator.py took 0.088 seconds
[2024-11-18T06:16:50.936+0000] {processor.py:186} INFO - Started process (PID=3425) to work on /home/airflow/.local/lib/python3.12/site-packages/airflow/example_dags/example_bash_operator.py
[2024-11-18T06:16:50.937+0000] {processor.py:914} INFO - Processing file /home/airflow/.local/lib/python3.12/site-packages/airflow/example_dags/example_bash_operator.py for tasks to queue
[2024-11-18T06:16:50.939+0000] {logging_mixin.py:190} INFO - [2024-11-18T06:16:50.939+0000] {dagbag.py:588} INFO - Filling up the DagBag from /home/airflow/.local/lib/python3.12/site-packages/airflow/example_dags/example_bash_operator.py
[2024-11-18T06:16:50.948+0000] {processor.py:925} INFO - DAG(s) 'example_bash_operator' retrieved from /home/airflow/.local/lib/python3.12/site-packages/airflow/example_dags/example_bash_operator.py
[2024-11-18T06:16:50.967+0000] {logging_mixin.py:190} INFO - [2024-11-18T06:16:50.967+0000] {dag.py:3239} INFO - Sync 1 DAGs
[2024-11-18T06:16:50.983+0000] {logging_mixin.py:190} INFO - [2024-11-18T06:16:50.983+0000] {dag.py:4180} INFO - Setting next_dagrun for example_bash_operator to 2024-11-17 00:00:00+00:00, run_after=2024-11-18 00:00:00+00:00
[2024-11-18T06:16:51.008+0000] {processor.py:208} INFO - Processing /home/airflow/.local/lib/python3.12/site-packages/airflow/example_dags/example_bash_operator.py took 0.078 seconds
[2024-11-18T06:17:21.922+0000] {processor.py:186} INFO - Started process (PID=3489) to work on /home/airflow/.local/lib/python3.12/site-packages/airflow/example_dags/example_bash_operator.py
[2024-11-18T06:17:21.923+0000] {processor.py:914} INFO - Processing file /home/airflow/.local/lib/python3.12/site-packages/airflow/example_dags/example_bash_operator.py for tasks to queue
[2024-11-18T06:17:21.925+0000] {logging_mixin.py:190} INFO - [2024-11-18T06:17:21.925+0000] {dagbag.py:588} INFO - Filling up the DagBag from /home/airflow/.local/lib/python3.12/site-packages/airflow/example_dags/example_bash_operator.py
[2024-11-18T06:17:21.936+0000] {processor.py:925} INFO - DAG(s) 'example_bash_operator' retrieved from /home/airflow/.local/lib/python3.12/site-packages/airflow/example_dags/example_bash_operator.py
[2024-11-18T06:17:22.071+0000] {logging_mixin.py:190} INFO - [2024-11-18T06:17:22.071+0000] {dag.py:3239} INFO - Sync 1 DAGs
[2024-11-18T06:17:22.087+0000] {logging_mixin.py:190} INFO - [2024-11-18T06:17:22.086+0000] {dag.py:4180} INFO - Setting next_dagrun for example_bash_operator to 2024-11-17 00:00:00+00:00, run_after=2024-11-18 00:00:00+00:00
[2024-11-18T06:17:22.099+0000] {processor.py:208} INFO - Processing /home/airflow/.local/lib/python3.12/site-packages/airflow/example_dags/example_bash_operator.py took 0.182 seconds
[2024-11-18T06:17:52.314+0000] {processor.py:186} INFO - Started process (PID=3553) to work on /home/airflow/.local/lib/python3.12/site-packages/airflow/example_dags/example_bash_operator.py
[2024-11-18T06:17:52.315+0000] {processor.py:914} INFO - Processing file /home/airflow/.local/lib/python3.12/site-packages/airflow/example_dags/example_bash_operator.py for tasks to queue
[2024-11-18T06:17:52.317+0000] {logging_mixin.py:190} INFO - [2024-11-18T06:17:52.317+0000] {dagbag.py:588} INFO - Filling up the DagBag from /home/airflow/.local/lib/python3.12/site-packages/airflow/example_dags/example_bash_operator.py
[2024-11-18T06:17:52.326+0000] {processor.py:925} INFO - DAG(s) 'example_bash_operator' retrieved from /home/airflow/.local/lib/python3.12/site-packages/airflow/example_dags/example_bash_operator.py
[2024-11-18T06:17:52.346+0000] {logging_mixin.py:190} INFO - [2024-11-18T06:17:52.346+0000] {dag.py:3239} INFO - Sync 1 DAGs
[2024-11-18T06:17:52.478+0000] {logging_mixin.py:190} INFO - [2024-11-18T06:17:52.478+0000] {dag.py:4180} INFO - Setting next_dagrun for example_bash_operator to 2024-11-17 00:00:00+00:00, run_after=2024-11-18 00:00:00+00:00
[2024-11-18T06:17:52.492+0000] {processor.py:208} INFO - Processing /home/airflow/.local/lib/python3.12/site-packages/airflow/example_dags/example_bash_operator.py took 0.183 seconds
