[2024-11-18T05:49:59.161+0000] {processor.py:186} INFO - Started process (PID=110) to work on /home/airflow/.local/lib/python3.12/site-packages/airflow/example_dags/example_branch_python_dop_operator_3.py
[2024-11-18T05:49:59.162+0000] {processor.py:914} INFO - Processing file /home/airflow/.local/lib/python3.12/site-packages/airflow/example_dags/example_branch_python_dop_operator_3.py for tasks to queue
[2024-11-18T05:49:59.166+0000] {logging_mixin.py:190} INFO - [2024-11-18T05:49:59.166+0000] {dagbag.py:588} INFO - Filling up the DagBag from /home/airflow/.local/lib/python3.12/site-packages/airflow/example_dags/example_branch_python_dop_operator_3.py
[2024-11-18T05:49:59.180+0000] {processor.py:925} INFO - DAG(s) 'example_branch_dop_operator_v3' retrieved from /home/airflow/.local/lib/python3.12/site-packages/airflow/example_dags/example_branch_python_dop_operator_3.py
[2024-11-18T05:49:59.313+0000] {logging_mixin.py:190} INFO - [2024-11-18T05:49:59.312+0000] {override.py:1911} INFO - Created Permission View: can edit on DAG:example_branch_dop_operator_v3
[2024-11-18T05:49:59.326+0000] {logging_mixin.py:190} INFO - [2024-11-18T05:49:59.325+0000] {override.py:1911} INFO - Created Permission View: can delete on DAG:example_branch_dop_operator_v3
[2024-11-18T05:49:59.334+0000] {logging_mixin.py:190} INFO - [2024-11-18T05:49:59.333+0000] {override.py:1911} INFO - Created Permission View: can read on DAG:example_branch_dop_operator_v3
[2024-11-18T05:49:59.342+0000] {logging_mixin.py:190} INFO - [2024-11-18T05:49:59.341+0000] {override.py:1911} INFO - Created Permission View: menu access on DAG Run:example_branch_dop_operator_v3
[2024-11-18T05:49:59.350+0000] {logging_mixin.py:190} INFO - [2024-11-18T05:49:59.350+0000] {override.py:1911} INFO - Created Permission View: can delete on DAG Run:example_branch_dop_operator_v3
[2024-11-18T05:49:59.359+0000] {logging_mixin.py:190} INFO - [2024-11-18T05:49:59.359+0000] {override.py:1911} INFO - Created Permission View: can create on DAG Run:example_branch_dop_operator_v3
[2024-11-18T05:49:59.369+0000] {logging_mixin.py:190} INFO - [2024-11-18T05:49:59.368+0000] {override.py:1911} INFO - Created Permission View: can read on DAG Run:example_branch_dop_operator_v3
[2024-11-18T05:49:59.370+0000] {logging_mixin.py:190} INFO - [2024-11-18T05:49:59.369+0000] {dag.py:3239} INFO - Sync 1 DAGs
[2024-11-18T05:49:59.391+0000] {logging_mixin.py:190} INFO - [2024-11-18T05:49:59.391+0000] {dag.py:3262} INFO - Creating ORM DAG for example_branch_dop_operator_v3
[2024-11-18T05:49:59.408+0000] {logging_mixin.py:190} INFO - [2024-11-18T05:49:59.408+0000] {dag.py:4180} INFO - Setting next_dagrun for example_branch_dop_operator_v3 to 2024-11-18 05:48:00+00:00, run_after=2024-11-18 05:49:00+00:00
[2024-11-18T05:49:59.433+0000] {processor.py:208} INFO - Processing /home/airflow/.local/lib/python3.12/site-packages/airflow/example_dags/example_branch_python_dop_operator_3.py took 0.279 seconds
[2024-11-18T05:50:29.533+0000] {processor.py:186} INFO - Started process (PID=173) to work on /home/airflow/.local/lib/python3.12/site-packages/airflow/example_dags/example_branch_python_dop_operator_3.py
[2024-11-18T05:50:29.535+0000] {processor.py:914} INFO - Processing file /home/airflow/.local/lib/python3.12/site-packages/airflow/example_dags/example_branch_python_dop_operator_3.py for tasks to queue
[2024-11-18T05:50:29.537+0000] {logging_mixin.py:190} INFO - [2024-11-18T05:50:29.537+0000] {dagbag.py:588} INFO - Filling up the DagBag from /home/airflow/.local/lib/python3.12/site-packages/airflow/example_dags/example_branch_python_dop_operator_3.py
[2024-11-18T05:50:29.550+0000] {processor.py:925} INFO - DAG(s) 'example_branch_dop_operator_v3' retrieved from /home/airflow/.local/lib/python3.12/site-packages/airflow/example_dags/example_branch_python_dop_operator_3.py
[2024-11-18T05:50:29.571+0000] {logging_mixin.py:190} INFO - [2024-11-18T05:50:29.570+0000] {dag.py:3239} INFO - Sync 1 DAGs
[2024-11-18T05:50:29.599+0000] {logging_mixin.py:190} INFO - [2024-11-18T05:50:29.599+0000] {dag.py:4180} INFO - Setting next_dagrun for example_branch_dop_operator_v3 to 2024-11-18 05:49:00+00:00, run_after=2024-11-18 05:50:00+00:00
[2024-11-18T05:50:29.623+0000] {processor.py:208} INFO - Processing /home/airflow/.local/lib/python3.12/site-packages/airflow/example_dags/example_branch_python_dop_operator_3.py took 0.097 seconds
[2024-11-18T05:50:59.820+0000] {processor.py:186} INFO - Started process (PID=236) to work on /home/airflow/.local/lib/python3.12/site-packages/airflow/example_dags/example_branch_python_dop_operator_3.py
[2024-11-18T05:50:59.821+0000] {processor.py:914} INFO - Processing file /home/airflow/.local/lib/python3.12/site-packages/airflow/example_dags/example_branch_python_dop_operator_3.py for tasks to queue
[2024-11-18T05:50:59.824+0000] {logging_mixin.py:190} INFO - [2024-11-18T05:50:59.823+0000] {dagbag.py:588} INFO - Filling up the DagBag from /home/airflow/.local/lib/python3.12/site-packages/airflow/example_dags/example_branch_python_dop_operator_3.py
[2024-11-18T05:50:59.835+0000] {processor.py:925} INFO - DAG(s) 'example_branch_dop_operator_v3' retrieved from /home/airflow/.local/lib/python3.12/site-packages/airflow/example_dags/example_branch_python_dop_operator_3.py
[2024-11-18T05:50:59.859+0000] {logging_mixin.py:190} INFO - [2024-11-18T05:50:59.859+0000] {dag.py:3239} INFO - Sync 1 DAGs
[2024-11-18T05:50:59.888+0000] {logging_mixin.py:190} INFO - [2024-11-18T05:50:59.887+0000] {dag.py:4180} INFO - Setting next_dagrun for example_branch_dop_operator_v3 to 2024-11-18 05:49:00+00:00, run_after=2024-11-18 05:50:00+00:00
[2024-11-18T05:50:59.919+0000] {processor.py:208} INFO - Processing /home/airflow/.local/lib/python3.12/site-packages/airflow/example_dags/example_branch_python_dop_operator_3.py took 0.106 seconds
[2024-11-18T05:51:30.888+0000] {processor.py:186} INFO - Started process (PID=299) to work on /home/airflow/.local/lib/python3.12/site-packages/airflow/example_dags/example_branch_python_dop_operator_3.py
[2024-11-18T05:51:30.890+0000] {processor.py:914} INFO - Processing file /home/airflow/.local/lib/python3.12/site-packages/airflow/example_dags/example_branch_python_dop_operator_3.py for tasks to queue
[2024-11-18T05:51:30.893+0000] {logging_mixin.py:190} INFO - [2024-11-18T05:51:30.892+0000] {dagbag.py:588} INFO - Filling up the DagBag from /home/airflow/.local/lib/python3.12/site-packages/airflow/example_dags/example_branch_python_dop_operator_3.py
[2024-11-18T05:51:30.905+0000] {processor.py:925} INFO - DAG(s) 'example_branch_dop_operator_v3' retrieved from /home/airflow/.local/lib/python3.12/site-packages/airflow/example_dags/example_branch_python_dop_operator_3.py
[2024-11-18T05:51:30.938+0000] {logging_mixin.py:190} INFO - [2024-11-18T05:51:30.937+0000] {dag.py:3239} INFO - Sync 1 DAGs
[2024-11-18T05:51:31.001+0000] {logging_mixin.py:190} INFO - [2024-11-18T05:51:31.001+0000] {dag.py:4180} INFO - Setting next_dagrun for example_branch_dop_operator_v3 to 2024-11-18 05:50:00+00:00, run_after=2024-11-18 05:51:00+00:00
[2024-11-18T05:51:31.036+0000] {processor.py:208} INFO - Processing /home/airflow/.local/lib/python3.12/site-packages/airflow/example_dags/example_branch_python_dop_operator_3.py took 0.154 seconds
[2024-11-18T05:52:02.888+0000] {processor.py:186} INFO - Started process (PID=362) to work on /home/airflow/.local/lib/python3.12/site-packages/airflow/example_dags/example_branch_python_dop_operator_3.py
[2024-11-18T05:52:02.890+0000] {processor.py:914} INFO - Processing file /home/airflow/.local/lib/python3.12/site-packages/airflow/example_dags/example_branch_python_dop_operator_3.py for tasks to queue
[2024-11-18T05:52:02.894+0000] {logging_mixin.py:190} INFO - [2024-11-18T05:52:02.893+0000] {dagbag.py:588} INFO - Filling up the DagBag from /home/airflow/.local/lib/python3.12/site-packages/airflow/example_dags/example_branch_python_dop_operator_3.py
[2024-11-18T05:52:02.906+0000] {processor.py:925} INFO - DAG(s) 'example_branch_dop_operator_v3' retrieved from /home/airflow/.local/lib/python3.12/site-packages/airflow/example_dags/example_branch_python_dop_operator_3.py
[2024-11-18T05:52:02.936+0000] {logging_mixin.py:190} INFO - [2024-11-18T05:52:02.936+0000] {dag.py:3239} INFO - Sync 1 DAGs
[2024-11-18T05:52:02.976+0000] {logging_mixin.py:190} INFO - [2024-11-18T05:52:02.975+0000] {dag.py:4180} INFO - Setting next_dagrun for example_branch_dop_operator_v3 to 2024-11-18 05:51:00+00:00, run_after=2024-11-18 05:52:00+00:00
[2024-11-18T05:52:03.038+0000] {processor.py:208} INFO - Processing /home/airflow/.local/lib/python3.12/site-packages/airflow/example_dags/example_branch_python_dop_operator_3.py took 0.157 seconds
[2024-11-18T05:52:33.740+0000] {processor.py:186} INFO - Started process (PID=425) to work on /home/airflow/.local/lib/python3.12/site-packages/airflow/example_dags/example_branch_python_dop_operator_3.py
[2024-11-18T05:52:33.741+0000] {processor.py:914} INFO - Processing file /home/airflow/.local/lib/python3.12/site-packages/airflow/example_dags/example_branch_python_dop_operator_3.py for tasks to queue
[2024-11-18T05:52:33.745+0000] {logging_mixin.py:190} INFO - [2024-11-18T05:52:33.744+0000] {dagbag.py:588} INFO - Filling up the DagBag from /home/airflow/.local/lib/python3.12/site-packages/airflow/example_dags/example_branch_python_dop_operator_3.py
[2024-11-18T05:52:33.759+0000] {processor.py:925} INFO - DAG(s) 'example_branch_dop_operator_v3' retrieved from /home/airflow/.local/lib/python3.12/site-packages/airflow/example_dags/example_branch_python_dop_operator_3.py
[2024-11-18T05:52:33.787+0000] {logging_mixin.py:190} INFO - [2024-11-18T05:52:33.787+0000] {dag.py:3239} INFO - Sync 1 DAGs
[2024-11-18T05:52:33.827+0000] {logging_mixin.py:190} INFO - [2024-11-18T05:52:33.827+0000] {dag.py:4180} INFO - Setting next_dagrun for example_branch_dop_operator_v3 to 2024-11-18 05:51:00+00:00, run_after=2024-11-18 05:52:00+00:00
[2024-11-18T05:52:33.856+0000] {processor.py:208} INFO - Processing /home/airflow/.local/lib/python3.12/site-packages/airflow/example_dags/example_branch_python_dop_operator_3.py took 0.125 seconds
[2024-11-18T05:53:05.343+0000] {processor.py:186} INFO - Started process (PID=488) to work on /home/airflow/.local/lib/python3.12/site-packages/airflow/example_dags/example_branch_python_dop_operator_3.py
[2024-11-18T05:53:05.347+0000] {processor.py:914} INFO - Processing file /home/airflow/.local/lib/python3.12/site-packages/airflow/example_dags/example_branch_python_dop_operator_3.py for tasks to queue
[2024-11-18T05:53:05.350+0000] {logging_mixin.py:190} INFO - [2024-11-18T05:53:05.350+0000] {dagbag.py:588} INFO - Filling up the DagBag from /home/airflow/.local/lib/python3.12/site-packages/airflow/example_dags/example_branch_python_dop_operator_3.py
[2024-11-18T05:53:05.362+0000] {processor.py:925} INFO - DAG(s) 'example_branch_dop_operator_v3' retrieved from /home/airflow/.local/lib/python3.12/site-packages/airflow/example_dags/example_branch_python_dop_operator_3.py
[2024-11-18T05:53:05.388+0000] {logging_mixin.py:190} INFO - [2024-11-18T05:53:05.388+0000] {dag.py:3239} INFO - Sync 1 DAGs
[2024-11-18T05:53:05.425+0000] {logging_mixin.py:190} INFO - [2024-11-18T05:53:05.424+0000] {dag.py:4180} INFO - Setting next_dagrun for example_branch_dop_operator_v3 to 2024-11-18 05:52:00+00:00, run_after=2024-11-18 05:53:00+00:00
[2024-11-18T05:53:05.452+0000] {processor.py:208} INFO - Processing /home/airflow/.local/lib/python3.12/site-packages/airflow/example_dags/example_branch_python_dop_operator_3.py took 0.116 seconds
[2024-11-18T05:53:36.643+0000] {processor.py:186} INFO - Started process (PID=551) to work on /home/airflow/.local/lib/python3.12/site-packages/airflow/example_dags/example_branch_python_dop_operator_3.py
[2024-11-18T05:53:36.644+0000] {processor.py:914} INFO - Processing file /home/airflow/.local/lib/python3.12/site-packages/airflow/example_dags/example_branch_python_dop_operator_3.py for tasks to queue
[2024-11-18T05:53:36.647+0000] {logging_mixin.py:190} INFO - [2024-11-18T05:53:36.647+0000] {dagbag.py:588} INFO - Filling up the DagBag from /home/airflow/.local/lib/python3.12/site-packages/airflow/example_dags/example_branch_python_dop_operator_3.py
[2024-11-18T05:53:36.658+0000] {processor.py:925} INFO - DAG(s) 'example_branch_dop_operator_v3' retrieved from /home/airflow/.local/lib/python3.12/site-packages/airflow/example_dags/example_branch_python_dop_operator_3.py
[2024-11-18T05:53:36.683+0000] {logging_mixin.py:190} INFO - [2024-11-18T05:53:36.683+0000] {dag.py:3239} INFO - Sync 1 DAGs
[2024-11-18T05:53:36.719+0000] {logging_mixin.py:190} INFO - [2024-11-18T05:53:36.719+0000] {dag.py:4180} INFO - Setting next_dagrun for example_branch_dop_operator_v3 to 2024-11-18 05:52:00+00:00, run_after=2024-11-18 05:53:00+00:00
[2024-11-18T05:53:36.739+0000] {processor.py:208} INFO - Processing /home/airflow/.local/lib/python3.12/site-packages/airflow/example_dags/example_branch_python_dop_operator_3.py took 0.103 seconds
[2024-11-18T05:54:07.805+0000] {processor.py:186} INFO - Started process (PID=614) to work on /home/airflow/.local/lib/python3.12/site-packages/airflow/example_dags/example_branch_python_dop_operator_3.py
[2024-11-18T05:54:07.806+0000] {processor.py:914} INFO - Processing file /home/airflow/.local/lib/python3.12/site-packages/airflow/example_dags/example_branch_python_dop_operator_3.py for tasks to queue
[2024-11-18T05:54:07.810+0000] {logging_mixin.py:190} INFO - [2024-11-18T05:54:07.809+0000] {dagbag.py:588} INFO - Filling up the DagBag from /home/airflow/.local/lib/python3.12/site-packages/airflow/example_dags/example_branch_python_dop_operator_3.py
[2024-11-18T05:54:07.824+0000] {processor.py:925} INFO - DAG(s) 'example_branch_dop_operator_v3' retrieved from /home/airflow/.local/lib/python3.12/site-packages/airflow/example_dags/example_branch_python_dop_operator_3.py
[2024-11-18T05:54:07.851+0000] {logging_mixin.py:190} INFO - [2024-11-18T05:54:07.850+0000] {dag.py:3239} INFO - Sync 1 DAGs
[2024-11-18T05:54:07.881+0000] {logging_mixin.py:190} INFO - [2024-11-18T05:54:07.881+0000] {dag.py:4180} INFO - Setting next_dagrun for example_branch_dop_operator_v3 to 2024-11-18 05:53:00+00:00, run_after=2024-11-18 05:54:00+00:00
[2024-11-18T05:54:07.926+0000] {processor.py:208} INFO - Processing /home/airflow/.local/lib/python3.12/site-packages/airflow/example_dags/example_branch_python_dop_operator_3.py took 0.132 seconds
[2024-11-18T05:54:39.006+0000] {processor.py:186} INFO - Started process (PID=677) to work on /home/airflow/.local/lib/python3.12/site-packages/airflow/example_dags/example_branch_python_dop_operator_3.py
[2024-11-18T05:54:39.007+0000] {processor.py:914} INFO - Processing file /home/airflow/.local/lib/python3.12/site-packages/airflow/example_dags/example_branch_python_dop_operator_3.py for tasks to queue
[2024-11-18T05:54:39.011+0000] {logging_mixin.py:190} INFO - [2024-11-18T05:54:39.010+0000] {dagbag.py:588} INFO - Filling up the DagBag from /home/airflow/.local/lib/python3.12/site-packages/airflow/example_dags/example_branch_python_dop_operator_3.py
[2024-11-18T05:54:39.024+0000] {processor.py:925} INFO - DAG(s) 'example_branch_dop_operator_v3' retrieved from /home/airflow/.local/lib/python3.12/site-packages/airflow/example_dags/example_branch_python_dop_operator_3.py
[2024-11-18T05:54:39.053+0000] {logging_mixin.py:190} INFO - [2024-11-18T05:54:39.053+0000] {dag.py:3239} INFO - Sync 1 DAGs
[2024-11-18T05:54:39.114+0000] {logging_mixin.py:190} INFO - [2024-11-18T05:54:39.114+0000] {dag.py:4180} INFO - Setting next_dagrun for example_branch_dop_operator_v3 to 2024-11-18 05:53:00+00:00, run_after=2024-11-18 05:54:00+00:00
[2024-11-18T05:54:39.149+0000] {processor.py:208} INFO - Processing /home/airflow/.local/lib/python3.12/site-packages/airflow/example_dags/example_branch_python_dop_operator_3.py took 0.150 seconds
[2024-11-18T05:55:10.389+0000] {processor.py:186} INFO - Started process (PID=740) to work on /home/airflow/.local/lib/python3.12/site-packages/airflow/example_dags/example_branch_python_dop_operator_3.py
[2024-11-18T05:55:10.390+0000] {processor.py:914} INFO - Processing file /home/airflow/.local/lib/python3.12/site-packages/airflow/example_dags/example_branch_python_dop_operator_3.py for tasks to queue
[2024-11-18T05:55:10.393+0000] {logging_mixin.py:190} INFO - [2024-11-18T05:55:10.393+0000] {dagbag.py:588} INFO - Filling up the DagBag from /home/airflow/.local/lib/python3.12/site-packages/airflow/example_dags/example_branch_python_dop_operator_3.py
[2024-11-18T05:55:10.408+0000] {processor.py:925} INFO - DAG(s) 'example_branch_dop_operator_v3' retrieved from /home/airflow/.local/lib/python3.12/site-packages/airflow/example_dags/example_branch_python_dop_operator_3.py
[2024-11-18T05:55:10.437+0000] {logging_mixin.py:190} INFO - [2024-11-18T05:55:10.437+0000] {dag.py:3239} INFO - Sync 1 DAGs
[2024-11-18T05:55:10.472+0000] {logging_mixin.py:190} INFO - [2024-11-18T05:55:10.472+0000] {dag.py:4180} INFO - Setting next_dagrun for example_branch_dop_operator_v3 to 2024-11-18 05:54:00+00:00, run_after=2024-11-18 05:55:00+00:00
[2024-11-18T05:55:10.499+0000] {processor.py:208} INFO - Processing /home/airflow/.local/lib/python3.12/site-packages/airflow/example_dags/example_branch_python_dop_operator_3.py took 0.116 seconds
[2024-11-18T05:55:41.363+0000] {processor.py:186} INFO - Started process (PID=803) to work on /home/airflow/.local/lib/python3.12/site-packages/airflow/example_dags/example_branch_python_dop_operator_3.py
[2024-11-18T05:55:41.364+0000] {processor.py:914} INFO - Processing file /home/airflow/.local/lib/python3.12/site-packages/airflow/example_dags/example_branch_python_dop_operator_3.py for tasks to queue
[2024-11-18T05:55:41.367+0000] {logging_mixin.py:190} INFO - [2024-11-18T05:55:41.367+0000] {dagbag.py:588} INFO - Filling up the DagBag from /home/airflow/.local/lib/python3.12/site-packages/airflow/example_dags/example_branch_python_dop_operator_3.py
[2024-11-18T05:55:41.382+0000] {processor.py:925} INFO - DAG(s) 'example_branch_dop_operator_v3' retrieved from /home/airflow/.local/lib/python3.12/site-packages/airflow/example_dags/example_branch_python_dop_operator_3.py
[2024-11-18T05:55:41.409+0000] {logging_mixin.py:190} INFO - [2024-11-18T05:55:41.408+0000] {dag.py:3239} INFO - Sync 1 DAGs
[2024-11-18T05:55:41.445+0000] {logging_mixin.py:190} INFO - [2024-11-18T05:55:41.445+0000] {dag.py:4180} INFO - Setting next_dagrun for example_branch_dop_operator_v3 to 2024-11-18 05:54:00+00:00, run_after=2024-11-18 05:55:00+00:00
[2024-11-18T05:55:41.465+0000] {processor.py:208} INFO - Processing /home/airflow/.local/lib/python3.12/site-packages/airflow/example_dags/example_branch_python_dop_operator_3.py took 0.111 seconds
[2024-11-18T05:56:12.951+0000] {processor.py:186} INFO - Started process (PID=866) to work on /home/airflow/.local/lib/python3.12/site-packages/airflow/example_dags/example_branch_python_dop_operator_3.py
[2024-11-18T05:56:12.952+0000] {processor.py:914} INFO - Processing file /home/airflow/.local/lib/python3.12/site-packages/airflow/example_dags/example_branch_python_dop_operator_3.py for tasks to queue
[2024-11-18T05:56:12.955+0000] {logging_mixin.py:190} INFO - [2024-11-18T05:56:12.955+0000] {dagbag.py:588} INFO - Filling up the DagBag from /home/airflow/.local/lib/python3.12/site-packages/airflow/example_dags/example_branch_python_dop_operator_3.py
[2024-11-18T05:56:12.968+0000] {processor.py:925} INFO - DAG(s) 'example_branch_dop_operator_v3' retrieved from /home/airflow/.local/lib/python3.12/site-packages/airflow/example_dags/example_branch_python_dop_operator_3.py
[2024-11-18T05:56:13.002+0000] {logging_mixin.py:190} INFO - [2024-11-18T05:56:13.000+0000] {dag.py:3239} INFO - Sync 1 DAGs
[2024-11-18T05:56:13.042+0000] {logging_mixin.py:190} INFO - [2024-11-18T05:56:13.042+0000] {dag.py:4180} INFO - Setting next_dagrun for example_branch_dop_operator_v3 to 2024-11-18 05:55:00+00:00, run_after=2024-11-18 05:56:00+00:00
[2024-11-18T05:56:13.068+0000] {processor.py:208} INFO - Processing /home/airflow/.local/lib/python3.12/site-packages/airflow/example_dags/example_branch_python_dop_operator_3.py took 0.123 seconds
[2024-11-18T05:56:44.878+0000] {processor.py:186} INFO - Started process (PID=929) to work on /home/airflow/.local/lib/python3.12/site-packages/airflow/example_dags/example_branch_python_dop_operator_3.py
[2024-11-18T05:56:44.880+0000] {processor.py:914} INFO - Processing file /home/airflow/.local/lib/python3.12/site-packages/airflow/example_dags/example_branch_python_dop_operator_3.py for tasks to queue
[2024-11-18T05:56:44.882+0000] {logging_mixin.py:190} INFO - [2024-11-18T05:56:44.882+0000] {dagbag.py:588} INFO - Filling up the DagBag from /home/airflow/.local/lib/python3.12/site-packages/airflow/example_dags/example_branch_python_dop_operator_3.py
[2024-11-18T05:56:44.896+0000] {processor.py:925} INFO - DAG(s) 'example_branch_dop_operator_v3' retrieved from /home/airflow/.local/lib/python3.12/site-packages/airflow/example_dags/example_branch_python_dop_operator_3.py
[2024-11-18T05:56:44.918+0000] {logging_mixin.py:190} INFO - [2024-11-18T05:56:44.918+0000] {dag.py:3239} INFO - Sync 1 DAGs
[2024-11-18T05:56:44.947+0000] {logging_mixin.py:190} INFO - [2024-11-18T05:56:44.947+0000] {dag.py:4180} INFO - Setting next_dagrun for example_branch_dop_operator_v3 to 2024-11-18 05:55:00+00:00, run_after=2024-11-18 05:56:00+00:00
[2024-11-18T05:56:44.978+0000] {processor.py:208} INFO - Processing /home/airflow/.local/lib/python3.12/site-packages/airflow/example_dags/example_branch_python_dop_operator_3.py took 0.109 seconds
[2024-11-18T05:57:16.984+0000] {processor.py:186} INFO - Started process (PID=992) to work on /home/airflow/.local/lib/python3.12/site-packages/airflow/example_dags/example_branch_python_dop_operator_3.py
[2024-11-18T05:57:16.986+0000] {processor.py:914} INFO - Processing file /home/airflow/.local/lib/python3.12/site-packages/airflow/example_dags/example_branch_python_dop_operator_3.py for tasks to queue
[2024-11-18T05:57:16.989+0000] {logging_mixin.py:190} INFO - [2024-11-18T05:57:16.988+0000] {dagbag.py:588} INFO - Filling up the DagBag from /home/airflow/.local/lib/python3.12/site-packages/airflow/example_dags/example_branch_python_dop_operator_3.py
[2024-11-18T05:57:17.001+0000] {processor.py:925} INFO - DAG(s) 'example_branch_dop_operator_v3' retrieved from /home/airflow/.local/lib/python3.12/site-packages/airflow/example_dags/example_branch_python_dop_operator_3.py
[2024-11-18T05:57:17.024+0000] {logging_mixin.py:190} INFO - [2024-11-18T05:57:17.024+0000] {dag.py:3239} INFO - Sync 1 DAGs
[2024-11-18T05:57:17.054+0000] {logging_mixin.py:190} INFO - [2024-11-18T05:57:17.053+0000] {dag.py:4180} INFO - Setting next_dagrun for example_branch_dop_operator_v3 to 2024-11-18 05:56:00+00:00, run_after=2024-11-18 05:57:00+00:00
[2024-11-18T05:57:17.081+0000] {processor.py:208} INFO - Processing /home/airflow/.local/lib/python3.12/site-packages/airflow/example_dags/example_branch_python_dop_operator_3.py took 0.104 seconds
[2024-11-18T05:57:48.087+0000] {processor.py:186} INFO - Started process (PID=1055) to work on /home/airflow/.local/lib/python3.12/site-packages/airflow/example_dags/example_branch_python_dop_operator_3.py
[2024-11-18T05:57:48.089+0000] {processor.py:914} INFO - Processing file /home/airflow/.local/lib/python3.12/site-packages/airflow/example_dags/example_branch_python_dop_operator_3.py for tasks to queue
[2024-11-18T05:57:48.092+0000] {logging_mixin.py:190} INFO - [2024-11-18T05:57:48.091+0000] {dagbag.py:588} INFO - Filling up the DagBag from /home/airflow/.local/lib/python3.12/site-packages/airflow/example_dags/example_branch_python_dop_operator_3.py
[2024-11-18T05:57:48.104+0000] {processor.py:925} INFO - DAG(s) 'example_branch_dop_operator_v3' retrieved from /home/airflow/.local/lib/python3.12/site-packages/airflow/example_dags/example_branch_python_dop_operator_3.py
[2024-11-18T05:57:48.125+0000] {logging_mixin.py:190} INFO - [2024-11-18T05:57:48.125+0000] {dag.py:3239} INFO - Sync 1 DAGs
[2024-11-18T05:57:48.156+0000] {logging_mixin.py:190} INFO - [2024-11-18T05:57:48.156+0000] {dag.py:4180} INFO - Setting next_dagrun for example_branch_dop_operator_v3 to 2024-11-18 05:56:00+00:00, run_after=2024-11-18 05:57:00+00:00
[2024-11-18T05:57:48.178+0000] {processor.py:208} INFO - Processing /home/airflow/.local/lib/python3.12/site-packages/airflow/example_dags/example_branch_python_dop_operator_3.py took 0.098 seconds
[2024-11-18T05:58:18.867+0000] {processor.py:186} INFO - Started process (PID=1118) to work on /home/airflow/.local/lib/python3.12/site-packages/airflow/example_dags/example_branch_python_dop_operator_3.py
[2024-11-18T05:58:18.868+0000] {processor.py:914} INFO - Processing file /home/airflow/.local/lib/python3.12/site-packages/airflow/example_dags/example_branch_python_dop_operator_3.py for tasks to queue
[2024-11-18T05:58:18.871+0000] {logging_mixin.py:190} INFO - [2024-11-18T05:58:18.871+0000] {dagbag.py:588} INFO - Filling up the DagBag from /home/airflow/.local/lib/python3.12/site-packages/airflow/example_dags/example_branch_python_dop_operator_3.py
[2024-11-18T05:58:18.887+0000] {processor.py:925} INFO - DAG(s) 'example_branch_dop_operator_v3' retrieved from /home/airflow/.local/lib/python3.12/site-packages/airflow/example_dags/example_branch_python_dop_operator_3.py
[2024-11-18T05:58:18.929+0000] {logging_mixin.py:190} INFO - [2024-11-18T05:58:18.929+0000] {dag.py:3239} INFO - Sync 1 DAGs
[2024-11-18T05:58:18.971+0000] {logging_mixin.py:190} INFO - [2024-11-18T05:58:18.971+0000] {dag.py:4180} INFO - Setting next_dagrun for example_branch_dop_operator_v3 to 2024-11-18 05:57:00+00:00, run_after=2024-11-18 05:58:00+00:00
[2024-11-18T05:58:19.007+0000] {processor.py:208} INFO - Processing /home/airflow/.local/lib/python3.12/site-packages/airflow/example_dags/example_branch_python_dop_operator_3.py took 0.148 seconds
[2024-11-18T05:58:50.654+0000] {processor.py:186} INFO - Started process (PID=1187) to work on /home/airflow/.local/lib/python3.12/site-packages/airflow/example_dags/example_branch_python_dop_operator_3.py
[2024-11-18T05:58:50.655+0000] {processor.py:914} INFO - Processing file /home/airflow/.local/lib/python3.12/site-packages/airflow/example_dags/example_branch_python_dop_operator_3.py for tasks to queue
[2024-11-18T05:58:50.658+0000] {logging_mixin.py:190} INFO - [2024-11-18T05:58:50.658+0000] {dagbag.py:588} INFO - Filling up the DagBag from /home/airflow/.local/lib/python3.12/site-packages/airflow/example_dags/example_branch_python_dop_operator_3.py
[2024-11-18T05:58:50.672+0000] {processor.py:925} INFO - DAG(s) 'example_branch_dop_operator_v3' retrieved from /home/airflow/.local/lib/python3.12/site-packages/airflow/example_dags/example_branch_python_dop_operator_3.py
[2024-11-18T05:58:50.696+0000] {logging_mixin.py:190} INFO - [2024-11-18T05:58:50.695+0000] {dag.py:3239} INFO - Sync 1 DAGs
[2024-11-18T05:58:50.727+0000] {logging_mixin.py:190} INFO - [2024-11-18T05:58:50.726+0000] {dag.py:4180} INFO - Setting next_dagrun for example_branch_dop_operator_v3 to 2024-11-18 05:57:00+00:00, run_after=2024-11-18 05:58:00+00:00
[2024-11-18T05:58:50.749+0000] {processor.py:208} INFO - Processing /home/airflow/.local/lib/python3.12/site-packages/airflow/example_dags/example_branch_python_dop_operator_3.py took 0.103 seconds
[2024-11-18T05:59:22.281+0000] {processor.py:186} INFO - Started process (PID=1250) to work on /home/airflow/.local/lib/python3.12/site-packages/airflow/example_dags/example_branch_python_dop_operator_3.py
[2024-11-18T05:59:22.282+0000] {processor.py:914} INFO - Processing file /home/airflow/.local/lib/python3.12/site-packages/airflow/example_dags/example_branch_python_dop_operator_3.py for tasks to queue
[2024-11-18T05:59:22.285+0000] {logging_mixin.py:190} INFO - [2024-11-18T05:59:22.284+0000] {dagbag.py:588} INFO - Filling up the DagBag from /home/airflow/.local/lib/python3.12/site-packages/airflow/example_dags/example_branch_python_dop_operator_3.py
[2024-11-18T05:59:22.296+0000] {processor.py:925} INFO - DAG(s) 'example_branch_dop_operator_v3' retrieved from /home/airflow/.local/lib/python3.12/site-packages/airflow/example_dags/example_branch_python_dop_operator_3.py
[2024-11-18T05:59:22.320+0000] {logging_mixin.py:190} INFO - [2024-11-18T05:59:22.319+0000] {dag.py:3239} INFO - Sync 1 DAGs
[2024-11-18T05:59:22.369+0000] {logging_mixin.py:190} INFO - [2024-11-18T05:59:22.368+0000] {dag.py:4180} INFO - Setting next_dagrun for example_branch_dop_operator_v3 to 2024-11-18 05:58:00+00:00, run_after=2024-11-18 05:59:00+00:00
[2024-11-18T05:59:22.395+0000] {processor.py:208} INFO - Processing /home/airflow/.local/lib/python3.12/site-packages/airflow/example_dags/example_branch_python_dop_operator_3.py took 0.122 seconds
[2024-11-18T05:59:53.672+0000] {processor.py:186} INFO - Started process (PID=1314) to work on /home/airflow/.local/lib/python3.12/site-packages/airflow/example_dags/example_branch_python_dop_operator_3.py
[2024-11-18T05:59:53.674+0000] {processor.py:914} INFO - Processing file /home/airflow/.local/lib/python3.12/site-packages/airflow/example_dags/example_branch_python_dop_operator_3.py for tasks to queue
[2024-11-18T05:59:53.678+0000] {logging_mixin.py:190} INFO - [2024-11-18T05:59:53.677+0000] {dagbag.py:588} INFO - Filling up the DagBag from /home/airflow/.local/lib/python3.12/site-packages/airflow/example_dags/example_branch_python_dop_operator_3.py
[2024-11-18T05:59:53.694+0000] {processor.py:925} INFO - DAG(s) 'example_branch_dop_operator_v3' retrieved from /home/airflow/.local/lib/python3.12/site-packages/airflow/example_dags/example_branch_python_dop_operator_3.py
[2024-11-18T05:59:53.722+0000] {logging_mixin.py:190} INFO - [2024-11-18T05:59:53.722+0000] {dag.py:3239} INFO - Sync 1 DAGs
[2024-11-18T05:59:53.758+0000] {logging_mixin.py:190} INFO - [2024-11-18T05:59:53.758+0000] {dag.py:4180} INFO - Setting next_dagrun for example_branch_dop_operator_v3 to 2024-11-18 05:58:00+00:00, run_after=2024-11-18 05:59:00+00:00
[2024-11-18T05:59:53.787+0000] {processor.py:208} INFO - Processing /home/airflow/.local/lib/python3.12/site-packages/airflow/example_dags/example_branch_python_dop_operator_3.py took 0.125 seconds
[2024-11-18T06:00:25.035+0000] {processor.py:186} INFO - Started process (PID=1378) to work on /home/airflow/.local/lib/python3.12/site-packages/airflow/example_dags/example_branch_python_dop_operator_3.py
[2024-11-18T06:00:25.036+0000] {processor.py:914} INFO - Processing file /home/airflow/.local/lib/python3.12/site-packages/airflow/example_dags/example_branch_python_dop_operator_3.py for tasks to queue
[2024-11-18T06:00:25.040+0000] {logging_mixin.py:190} INFO - [2024-11-18T06:00:25.039+0000] {dagbag.py:588} INFO - Filling up the DagBag from /home/airflow/.local/lib/python3.12/site-packages/airflow/example_dags/example_branch_python_dop_operator_3.py
[2024-11-18T06:00:25.055+0000] {processor.py:925} INFO - DAG(s) 'example_branch_dop_operator_v3' retrieved from /home/airflow/.local/lib/python3.12/site-packages/airflow/example_dags/example_branch_python_dop_operator_3.py
[2024-11-18T06:00:25.091+0000] {logging_mixin.py:190} INFO - [2024-11-18T06:00:25.090+0000] {dag.py:3239} INFO - Sync 1 DAGs
[2024-11-18T06:00:25.141+0000] {logging_mixin.py:190} INFO - [2024-11-18T06:00:25.137+0000] {dag.py:4180} INFO - Setting next_dagrun for example_branch_dop_operator_v3 to 2024-11-18 05:59:00+00:00, run_after=2024-11-18 06:00:00+00:00
[2024-11-18T06:00:25.176+0000] {processor.py:208} INFO - Processing /home/airflow/.local/lib/python3.12/site-packages/airflow/example_dags/example_branch_python_dop_operator_3.py took 0.151 seconds
[2024-11-18T06:00:55.790+0000] {processor.py:186} INFO - Started process (PID=1442) to work on /home/airflow/.local/lib/python3.12/site-packages/airflow/example_dags/example_branch_python_dop_operator_3.py
[2024-11-18T06:00:55.791+0000] {processor.py:914} INFO - Processing file /home/airflow/.local/lib/python3.12/site-packages/airflow/example_dags/example_branch_python_dop_operator_3.py for tasks to queue
[2024-11-18T06:00:55.794+0000] {logging_mixin.py:190} INFO - [2024-11-18T06:00:55.794+0000] {dagbag.py:588} INFO - Filling up the DagBag from /home/airflow/.local/lib/python3.12/site-packages/airflow/example_dags/example_branch_python_dop_operator_3.py
[2024-11-18T06:00:55.809+0000] {processor.py:925} INFO - DAG(s) 'example_branch_dop_operator_v3' retrieved from /home/airflow/.local/lib/python3.12/site-packages/airflow/example_dags/example_branch_python_dop_operator_3.py
[2024-11-18T06:00:55.835+0000] {logging_mixin.py:190} INFO - [2024-11-18T06:00:55.835+0000] {dag.py:3239} INFO - Sync 1 DAGs
[2024-11-18T06:00:55.872+0000] {logging_mixin.py:190} INFO - [2024-11-18T06:00:55.871+0000] {dag.py:4180} INFO - Setting next_dagrun for example_branch_dop_operator_v3 to 2024-11-18 05:59:00+00:00, run_after=2024-11-18 06:00:00+00:00
[2024-11-18T06:00:55.912+0000] {processor.py:208} INFO - Processing /home/airflow/.local/lib/python3.12/site-packages/airflow/example_dags/example_branch_python_dop_operator_3.py took 0.131 seconds
[2024-11-18T06:01:27.439+0000] {processor.py:186} INFO - Started process (PID=1506) to work on /home/airflow/.local/lib/python3.12/site-packages/airflow/example_dags/example_branch_python_dop_operator_3.py
[2024-11-18T06:01:27.441+0000] {processor.py:914} INFO - Processing file /home/airflow/.local/lib/python3.12/site-packages/airflow/example_dags/example_branch_python_dop_operator_3.py for tasks to queue
[2024-11-18T06:01:27.444+0000] {logging_mixin.py:190} INFO - [2024-11-18T06:01:27.444+0000] {dagbag.py:588} INFO - Filling up the DagBag from /home/airflow/.local/lib/python3.12/site-packages/airflow/example_dags/example_branch_python_dop_operator_3.py
[2024-11-18T06:01:27.459+0000] {processor.py:925} INFO - DAG(s) 'example_branch_dop_operator_v3' retrieved from /home/airflow/.local/lib/python3.12/site-packages/airflow/example_dags/example_branch_python_dop_operator_3.py
[2024-11-18T06:01:27.485+0000] {logging_mixin.py:190} INFO - [2024-11-18T06:01:27.485+0000] {dag.py:3239} INFO - Sync 1 DAGs
[2024-11-18T06:01:27.520+0000] {logging_mixin.py:190} INFO - [2024-11-18T06:01:27.520+0000] {dag.py:4180} INFO - Setting next_dagrun for example_branch_dop_operator_v3 to 2024-11-18 06:00:00+00:00, run_after=2024-11-18 06:01:00+00:00
[2024-11-18T06:01:27.546+0000] {processor.py:208} INFO - Processing /home/airflow/.local/lib/python3.12/site-packages/airflow/example_dags/example_branch_python_dop_operator_3.py took 0.114 seconds
[2024-11-18T06:01:59.166+0000] {processor.py:186} INFO - Started process (PID=1570) to work on /home/airflow/.local/lib/python3.12/site-packages/airflow/example_dags/example_branch_python_dop_operator_3.py
[2024-11-18T06:01:59.167+0000] {processor.py:914} INFO - Processing file /home/airflow/.local/lib/python3.12/site-packages/airflow/example_dags/example_branch_python_dop_operator_3.py for tasks to queue
[2024-11-18T06:01:59.170+0000] {logging_mixin.py:190} INFO - [2024-11-18T06:01:59.170+0000] {dagbag.py:588} INFO - Filling up the DagBag from /home/airflow/.local/lib/python3.12/site-packages/airflow/example_dags/example_branch_python_dop_operator_3.py
[2024-11-18T06:01:59.181+0000] {processor.py:925} INFO - DAG(s) 'example_branch_dop_operator_v3' retrieved from /home/airflow/.local/lib/python3.12/site-packages/airflow/example_dags/example_branch_python_dop_operator_3.py
[2024-11-18T06:01:59.207+0000] {logging_mixin.py:190} INFO - [2024-11-18T06:01:59.206+0000] {dag.py:3239} INFO - Sync 1 DAGs
[2024-11-18T06:01:59.239+0000] {logging_mixin.py:190} INFO - [2024-11-18T06:01:59.238+0000] {dag.py:4180} INFO - Setting next_dagrun for example_branch_dop_operator_v3 to 2024-11-18 06:00:00+00:00, run_after=2024-11-18 06:01:00+00:00
[2024-11-18T06:01:59.260+0000] {processor.py:208} INFO - Processing /home/airflow/.local/lib/python3.12/site-packages/airflow/example_dags/example_branch_python_dop_operator_3.py took 0.101 seconds
[2024-11-18T06:02:30.365+0000] {processor.py:186} INFO - Started process (PID=1634) to work on /home/airflow/.local/lib/python3.12/site-packages/airflow/example_dags/example_branch_python_dop_operator_3.py
[2024-11-18T06:02:30.367+0000] {processor.py:914} INFO - Processing file /home/airflow/.local/lib/python3.12/site-packages/airflow/example_dags/example_branch_python_dop_operator_3.py for tasks to queue
[2024-11-18T06:02:30.369+0000] {logging_mixin.py:190} INFO - [2024-11-18T06:02:30.369+0000] {dagbag.py:588} INFO - Filling up the DagBag from /home/airflow/.local/lib/python3.12/site-packages/airflow/example_dags/example_branch_python_dop_operator_3.py
[2024-11-18T06:02:30.381+0000] {processor.py:925} INFO - DAG(s) 'example_branch_dop_operator_v3' retrieved from /home/airflow/.local/lib/python3.12/site-packages/airflow/example_dags/example_branch_python_dop_operator_3.py
[2024-11-18T06:02:30.405+0000] {logging_mixin.py:190} INFO - [2024-11-18T06:02:30.404+0000] {dag.py:3239} INFO - Sync 1 DAGs
[2024-11-18T06:02:30.434+0000] {logging_mixin.py:190} INFO - [2024-11-18T06:02:30.433+0000] {dag.py:4180} INFO - Setting next_dagrun for example_branch_dop_operator_v3 to 2024-11-18 06:01:00+00:00, run_after=2024-11-18 06:02:00+00:00
[2024-11-18T06:02:30.462+0000] {processor.py:208} INFO - Processing /home/airflow/.local/lib/python3.12/site-packages/airflow/example_dags/example_branch_python_dop_operator_3.py took 0.103 seconds
[2024-11-18T06:03:01.478+0000] {processor.py:186} INFO - Started process (PID=1697) to work on /home/airflow/.local/lib/python3.12/site-packages/airflow/example_dags/example_branch_python_dop_operator_3.py
[2024-11-18T06:03:01.479+0000] {processor.py:914} INFO - Processing file /home/airflow/.local/lib/python3.12/site-packages/airflow/example_dags/example_branch_python_dop_operator_3.py for tasks to queue
[2024-11-18T06:03:01.483+0000] {logging_mixin.py:190} INFO - [2024-11-18T06:03:01.482+0000] {dagbag.py:588} INFO - Filling up the DagBag from /home/airflow/.local/lib/python3.12/site-packages/airflow/example_dags/example_branch_python_dop_operator_3.py
[2024-11-18T06:03:01.494+0000] {processor.py:925} INFO - DAG(s) 'example_branch_dop_operator_v3' retrieved from /home/airflow/.local/lib/python3.12/site-packages/airflow/example_dags/example_branch_python_dop_operator_3.py
[2024-11-18T06:03:01.520+0000] {logging_mixin.py:190} INFO - [2024-11-18T06:03:01.519+0000] {dag.py:3239} INFO - Sync 1 DAGs
[2024-11-18T06:03:01.552+0000] {logging_mixin.py:190} INFO - [2024-11-18T06:03:01.551+0000] {dag.py:4180} INFO - Setting next_dagrun for example_branch_dop_operator_v3 to 2024-11-18 06:02:00+00:00, run_after=2024-11-18 06:03:00+00:00
[2024-11-18T06:03:01.574+0000] {processor.py:208} INFO - Processing /home/airflow/.local/lib/python3.12/site-packages/airflow/example_dags/example_branch_python_dop_operator_3.py took 0.102 seconds
[2024-11-18T06:03:32.579+0000] {processor.py:186} INFO - Started process (PID=1761) to work on /home/airflow/.local/lib/python3.12/site-packages/airflow/example_dags/example_branch_python_dop_operator_3.py
[2024-11-18T06:03:32.580+0000] {processor.py:914} INFO - Processing file /home/airflow/.local/lib/python3.12/site-packages/airflow/example_dags/example_branch_python_dop_operator_3.py for tasks to queue
[2024-11-18T06:03:32.583+0000] {logging_mixin.py:190} INFO - [2024-11-18T06:03:32.582+0000] {dagbag.py:588} INFO - Filling up the DagBag from /home/airflow/.local/lib/python3.12/site-packages/airflow/example_dags/example_branch_python_dop_operator_3.py
[2024-11-18T06:03:32.595+0000] {processor.py:925} INFO - DAG(s) 'example_branch_dop_operator_v3' retrieved from /home/airflow/.local/lib/python3.12/site-packages/airflow/example_dags/example_branch_python_dop_operator_3.py
[2024-11-18T06:03:32.617+0000] {logging_mixin.py:190} INFO - [2024-11-18T06:03:32.616+0000] {dag.py:3239} INFO - Sync 1 DAGs
[2024-11-18T06:03:32.649+0000] {logging_mixin.py:190} INFO - [2024-11-18T06:03:32.649+0000] {dag.py:4180} INFO - Setting next_dagrun for example_branch_dop_operator_v3 to 2024-11-18 06:02:00+00:00, run_after=2024-11-18 06:03:00+00:00
[2024-11-18T06:03:32.673+0000] {processor.py:208} INFO - Processing /home/airflow/.local/lib/python3.12/site-packages/airflow/example_dags/example_branch_python_dop_operator_3.py took 0.101 seconds
[2024-11-18T06:04:03.567+0000] {processor.py:186} INFO - Started process (PID=1825) to work on /home/airflow/.local/lib/python3.12/site-packages/airflow/example_dags/example_branch_python_dop_operator_3.py
[2024-11-18T06:04:03.568+0000] {processor.py:914} INFO - Processing file /home/airflow/.local/lib/python3.12/site-packages/airflow/example_dags/example_branch_python_dop_operator_3.py for tasks to queue
[2024-11-18T06:04:03.570+0000] {logging_mixin.py:190} INFO - [2024-11-18T06:04:03.569+0000] {dagbag.py:588} INFO - Filling up the DagBag from /home/airflow/.local/lib/python3.12/site-packages/airflow/example_dags/example_branch_python_dop_operator_3.py
[2024-11-18T06:04:03.577+0000] {processor.py:925} INFO - DAG(s) 'example_branch_dop_operator_v3' retrieved from /home/airflow/.local/lib/python3.12/site-packages/airflow/example_dags/example_branch_python_dop_operator_3.py
[2024-11-18T06:04:03.593+0000] {logging_mixin.py:190} INFO - [2024-11-18T06:04:03.593+0000] {dag.py:3239} INFO - Sync 1 DAGs
[2024-11-18T06:04:03.613+0000] {logging_mixin.py:190} INFO - [2024-11-18T06:04:03.613+0000] {dag.py:4180} INFO - Setting next_dagrun for example_branch_dop_operator_v3 to 2024-11-18 06:03:00+00:00, run_after=2024-11-18 06:04:00+00:00
[2024-11-18T06:04:03.630+0000] {processor.py:208} INFO - Processing /home/airflow/.local/lib/python3.12/site-packages/airflow/example_dags/example_branch_python_dop_operator_3.py took 0.067 seconds
[2024-11-18T06:04:34.774+0000] {processor.py:186} INFO - Started process (PID=1889) to work on /home/airflow/.local/lib/python3.12/site-packages/airflow/example_dags/example_branch_python_dop_operator_3.py
[2024-11-18T06:04:34.775+0000] {processor.py:914} INFO - Processing file /home/airflow/.local/lib/python3.12/site-packages/airflow/example_dags/example_branch_python_dop_operator_3.py for tasks to queue
[2024-11-18T06:04:34.777+0000] {logging_mixin.py:190} INFO - [2024-11-18T06:04:34.777+0000] {dagbag.py:588} INFO - Filling up the DagBag from /home/airflow/.local/lib/python3.12/site-packages/airflow/example_dags/example_branch_python_dop_operator_3.py
[2024-11-18T06:04:34.784+0000] {processor.py:925} INFO - DAG(s) 'example_branch_dop_operator_v3' retrieved from /home/airflow/.local/lib/python3.12/site-packages/airflow/example_dags/example_branch_python_dop_operator_3.py
[2024-11-18T06:04:34.799+0000] {logging_mixin.py:190} INFO - [2024-11-18T06:04:34.799+0000] {dag.py:3239} INFO - Sync 1 DAGs
[2024-11-18T06:04:34.819+0000] {logging_mixin.py:190} INFO - [2024-11-18T06:04:34.818+0000] {dag.py:4180} INFO - Setting next_dagrun for example_branch_dop_operator_v3 to 2024-11-18 06:03:00+00:00, run_after=2024-11-18 06:04:00+00:00
[2024-11-18T06:04:34.835+0000] {processor.py:208} INFO - Processing /home/airflow/.local/lib/python3.12/site-packages/airflow/example_dags/example_branch_python_dop_operator_3.py took 0.065 seconds
[2024-11-18T06:05:06.489+0000] {processor.py:186} INFO - Started process (PID=1955) to work on /home/airflow/.local/lib/python3.12/site-packages/airflow/example_dags/example_branch_python_dop_operator_3.py
[2024-11-18T06:05:06.490+0000] {processor.py:914} INFO - Processing file /home/airflow/.local/lib/python3.12/site-packages/airflow/example_dags/example_branch_python_dop_operator_3.py for tasks to queue
[2024-11-18T06:05:06.492+0000] {logging_mixin.py:190} INFO - [2024-11-18T06:05:06.492+0000] {dagbag.py:588} INFO - Filling up the DagBag from /home/airflow/.local/lib/python3.12/site-packages/airflow/example_dags/example_branch_python_dop_operator_3.py
[2024-11-18T06:05:06.500+0000] {processor.py:925} INFO - DAG(s) 'example_branch_dop_operator_v3' retrieved from /home/airflow/.local/lib/python3.12/site-packages/airflow/example_dags/example_branch_python_dop_operator_3.py
[2024-11-18T06:05:06.517+0000] {logging_mixin.py:190} INFO - [2024-11-18T06:05:06.516+0000] {dag.py:3239} INFO - Sync 1 DAGs
[2024-11-18T06:05:06.536+0000] {logging_mixin.py:190} INFO - [2024-11-18T06:05:06.536+0000] {dag.py:4180} INFO - Setting next_dagrun for example_branch_dop_operator_v3 to 2024-11-18 06:04:00+00:00, run_after=2024-11-18 06:05:00+00:00
[2024-11-18T06:05:06.552+0000] {processor.py:208} INFO - Processing /home/airflow/.local/lib/python3.12/site-packages/airflow/example_dags/example_branch_python_dop_operator_3.py took 0.068 seconds
[2024-11-18T06:05:37.761+0000] {processor.py:186} INFO - Started process (PID=2019) to work on /home/airflow/.local/lib/python3.12/site-packages/airflow/example_dags/example_branch_python_dop_operator_3.py
[2024-11-18T06:05:37.762+0000] {processor.py:914} INFO - Processing file /home/airflow/.local/lib/python3.12/site-packages/airflow/example_dags/example_branch_python_dop_operator_3.py for tasks to queue
[2024-11-18T06:05:37.765+0000] {logging_mixin.py:190} INFO - [2024-11-18T06:05:37.764+0000] {dagbag.py:588} INFO - Filling up the DagBag from /home/airflow/.local/lib/python3.12/site-packages/airflow/example_dags/example_branch_python_dop_operator_3.py
[2024-11-18T06:05:37.774+0000] {processor.py:925} INFO - DAG(s) 'example_branch_dop_operator_v3' retrieved from /home/airflow/.local/lib/python3.12/site-packages/airflow/example_dags/example_branch_python_dop_operator_3.py
[2024-11-18T06:05:37.791+0000] {logging_mixin.py:190} INFO - [2024-11-18T06:05:37.791+0000] {dag.py:3239} INFO - Sync 1 DAGs
[2024-11-18T06:05:37.812+0000] {logging_mixin.py:190} INFO - [2024-11-18T06:05:37.812+0000] {dag.py:4180} INFO - Setting next_dagrun for example_branch_dop_operator_v3 to 2024-11-18 06:04:00+00:00, run_after=2024-11-18 06:05:00+00:00
[2024-11-18T06:05:37.830+0000] {processor.py:208} INFO - Processing /home/airflow/.local/lib/python3.12/site-packages/airflow/example_dags/example_branch_python_dop_operator_3.py took 0.073 seconds
[2024-11-18T06:06:08.866+0000] {processor.py:186} INFO - Started process (PID=2083) to work on /home/airflow/.local/lib/python3.12/site-packages/airflow/example_dags/example_branch_python_dop_operator_3.py
[2024-11-18T06:06:08.867+0000] {processor.py:914} INFO - Processing file /home/airflow/.local/lib/python3.12/site-packages/airflow/example_dags/example_branch_python_dop_operator_3.py for tasks to queue
[2024-11-18T06:06:08.869+0000] {logging_mixin.py:190} INFO - [2024-11-18T06:06:08.868+0000] {dagbag.py:588} INFO - Filling up the DagBag from /home/airflow/.local/lib/python3.12/site-packages/airflow/example_dags/example_branch_python_dop_operator_3.py
[2024-11-18T06:06:08.877+0000] {processor.py:925} INFO - DAG(s) 'example_branch_dop_operator_v3' retrieved from /home/airflow/.local/lib/python3.12/site-packages/airflow/example_dags/example_branch_python_dop_operator_3.py
[2024-11-18T06:06:08.894+0000] {logging_mixin.py:190} INFO - [2024-11-18T06:06:08.894+0000] {dag.py:3239} INFO - Sync 1 DAGs
[2024-11-18T06:06:08.915+0000] {logging_mixin.py:190} INFO - [2024-11-18T06:06:08.915+0000] {dag.py:4180} INFO - Setting next_dagrun for example_branch_dop_operator_v3 to 2024-11-18 06:05:00+00:00, run_after=2024-11-18 06:06:00+00:00
[2024-11-18T06:06:08.931+0000] {processor.py:208} INFO - Processing /home/airflow/.local/lib/python3.12/site-packages/airflow/example_dags/example_branch_python_dop_operator_3.py took 0.069 seconds
[2024-11-18T06:06:40.355+0000] {processor.py:186} INFO - Started process (PID=2148) to work on /home/airflow/.local/lib/python3.12/site-packages/airflow/example_dags/example_branch_python_dop_operator_3.py
[2024-11-18T06:06:40.356+0000] {processor.py:914} INFO - Processing file /home/airflow/.local/lib/python3.12/site-packages/airflow/example_dags/example_branch_python_dop_operator_3.py for tasks to queue
[2024-11-18T06:06:40.358+0000] {logging_mixin.py:190} INFO - [2024-11-18T06:06:40.357+0000] {dagbag.py:588} INFO - Filling up the DagBag from /home/airflow/.local/lib/python3.12/site-packages/airflow/example_dags/example_branch_python_dop_operator_3.py
[2024-11-18T06:06:40.365+0000] {processor.py:925} INFO - DAG(s) 'example_branch_dop_operator_v3' retrieved from /home/airflow/.local/lib/python3.12/site-packages/airflow/example_dags/example_branch_python_dop_operator_3.py
[2024-11-18T06:06:40.381+0000] {logging_mixin.py:190} INFO - [2024-11-18T06:06:40.381+0000] {dag.py:3239} INFO - Sync 1 DAGs
[2024-11-18T06:06:40.400+0000] {logging_mixin.py:190} INFO - [2024-11-18T06:06:40.400+0000] {dag.py:4180} INFO - Setting next_dagrun for example_branch_dop_operator_v3 to 2024-11-18 06:05:00+00:00, run_after=2024-11-18 06:06:00+00:00
[2024-11-18T06:06:40.415+0000] {processor.py:208} INFO - Processing /home/airflow/.local/lib/python3.12/site-packages/airflow/example_dags/example_branch_python_dop_operator_3.py took 0.065 seconds
[2024-11-18T06:07:12.099+0000] {processor.py:186} INFO - Started process (PID=2216) to work on /home/airflow/.local/lib/python3.12/site-packages/airflow/example_dags/example_branch_python_dop_operator_3.py
[2024-11-18T06:07:12.100+0000] {processor.py:914} INFO - Processing file /home/airflow/.local/lib/python3.12/site-packages/airflow/example_dags/example_branch_python_dop_operator_3.py for tasks to queue
[2024-11-18T06:07:12.102+0000] {logging_mixin.py:190} INFO - [2024-11-18T06:07:12.102+0000] {dagbag.py:588} INFO - Filling up the DagBag from /home/airflow/.local/lib/python3.12/site-packages/airflow/example_dags/example_branch_python_dop_operator_3.py
[2024-11-18T06:07:12.109+0000] {processor.py:925} INFO - DAG(s) 'example_branch_dop_operator_v3' retrieved from /home/airflow/.local/lib/python3.12/site-packages/airflow/example_dags/example_branch_python_dop_operator_3.py
[2024-11-18T06:07:12.124+0000] {logging_mixin.py:190} INFO - [2024-11-18T06:07:12.124+0000] {dag.py:3239} INFO - Sync 1 DAGs
[2024-11-18T06:07:12.144+0000] {logging_mixin.py:190} INFO - [2024-11-18T06:07:12.143+0000] {dag.py:4180} INFO - Setting next_dagrun for example_branch_dop_operator_v3 to 2024-11-18 06:06:00+00:00, run_after=2024-11-18 06:07:00+00:00
[2024-11-18T06:07:12.159+0000] {processor.py:208} INFO - Processing /home/airflow/.local/lib/python3.12/site-packages/airflow/example_dags/example_branch_python_dop_operator_3.py took 0.065 seconds
[2024-11-18T06:07:43.296+0000] {processor.py:186} INFO - Started process (PID=2281) to work on /home/airflow/.local/lib/python3.12/site-packages/airflow/example_dags/example_branch_python_dop_operator_3.py
[2024-11-18T06:07:43.297+0000] {processor.py:914} INFO - Processing file /home/airflow/.local/lib/python3.12/site-packages/airflow/example_dags/example_branch_python_dop_operator_3.py for tasks to queue
[2024-11-18T06:07:43.298+0000] {logging_mixin.py:190} INFO - [2024-11-18T06:07:43.298+0000] {dagbag.py:588} INFO - Filling up the DagBag from /home/airflow/.local/lib/python3.12/site-packages/airflow/example_dags/example_branch_python_dop_operator_3.py
[2024-11-18T06:07:43.306+0000] {processor.py:925} INFO - DAG(s) 'example_branch_dop_operator_v3' retrieved from /home/airflow/.local/lib/python3.12/site-packages/airflow/example_dags/example_branch_python_dop_operator_3.py
[2024-11-18T06:07:43.322+0000] {logging_mixin.py:190} INFO - [2024-11-18T06:07:43.322+0000] {dag.py:3239} INFO - Sync 1 DAGs
[2024-11-18T06:07:43.342+0000] {logging_mixin.py:190} INFO - [2024-11-18T06:07:43.341+0000] {dag.py:4180} INFO - Setting next_dagrun for example_branch_dop_operator_v3 to 2024-11-18 06:06:00+00:00, run_after=2024-11-18 06:07:00+00:00
[2024-11-18T06:07:43.358+0000] {processor.py:208} INFO - Processing /home/airflow/.local/lib/python3.12/site-packages/airflow/example_dags/example_branch_python_dop_operator_3.py took 0.067 seconds
[2024-11-18T06:08:14.207+0000] {processor.py:186} INFO - Started process (PID=2347) to work on /home/airflow/.local/lib/python3.12/site-packages/airflow/example_dags/example_branch_python_dop_operator_3.py
[2024-11-18T06:08:14.208+0000] {processor.py:914} INFO - Processing file /home/airflow/.local/lib/python3.12/site-packages/airflow/example_dags/example_branch_python_dop_operator_3.py for tasks to queue
[2024-11-18T06:08:14.210+0000] {logging_mixin.py:190} INFO - [2024-11-18T06:08:14.209+0000] {dagbag.py:588} INFO - Filling up the DagBag from /home/airflow/.local/lib/python3.12/site-packages/airflow/example_dags/example_branch_python_dop_operator_3.py
[2024-11-18T06:08:14.217+0000] {processor.py:925} INFO - DAG(s) 'example_branch_dop_operator_v3' retrieved from /home/airflow/.local/lib/python3.12/site-packages/airflow/example_dags/example_branch_python_dop_operator_3.py
[2024-11-18T06:08:14.232+0000] {logging_mixin.py:190} INFO - [2024-11-18T06:08:14.232+0000] {dag.py:3239} INFO - Sync 1 DAGs
[2024-11-18T06:08:14.252+0000] {logging_mixin.py:190} INFO - [2024-11-18T06:08:14.252+0000] {dag.py:4180} INFO - Setting next_dagrun for example_branch_dop_operator_v3 to 2024-11-18 06:07:00+00:00, run_after=2024-11-18 06:08:00+00:00
[2024-11-18T06:08:14.268+0000] {processor.py:208} INFO - Processing /home/airflow/.local/lib/python3.12/site-packages/airflow/example_dags/example_branch_python_dop_operator_3.py took 0.065 seconds
[2024-11-18T06:08:45.067+0000] {processor.py:186} INFO - Started process (PID=2415) to work on /home/airflow/.local/lib/python3.12/site-packages/airflow/example_dags/example_branch_python_dop_operator_3.py
[2024-11-18T06:08:45.069+0000] {processor.py:914} INFO - Processing file /home/airflow/.local/lib/python3.12/site-packages/airflow/example_dags/example_branch_python_dop_operator_3.py for tasks to queue
[2024-11-18T06:08:45.071+0000] {logging_mixin.py:190} INFO - [2024-11-18T06:08:45.071+0000] {dagbag.py:588} INFO - Filling up the DagBag from /home/airflow/.local/lib/python3.12/site-packages/airflow/example_dags/example_branch_python_dop_operator_3.py
[2024-11-18T06:08:45.080+0000] {processor.py:925} INFO - DAG(s) 'example_branch_dop_operator_v3' retrieved from /home/airflow/.local/lib/python3.12/site-packages/airflow/example_dags/example_branch_python_dop_operator_3.py
[2024-11-18T06:08:45.097+0000] {logging_mixin.py:190} INFO - [2024-11-18T06:08:45.096+0000] {dag.py:3239} INFO - Sync 1 DAGs
[2024-11-18T06:08:45.117+0000] {logging_mixin.py:190} INFO - [2024-11-18T06:08:45.117+0000] {dag.py:4180} INFO - Setting next_dagrun for example_branch_dop_operator_v3 to 2024-11-18 06:07:00+00:00, run_after=2024-11-18 06:08:00+00:00
[2024-11-18T06:08:45.133+0000] {processor.py:208} INFO - Processing /home/airflow/.local/lib/python3.12/site-packages/airflow/example_dags/example_branch_python_dop_operator_3.py took 0.070 seconds
[2024-11-18T06:09:16.457+0000] {processor.py:186} INFO - Started process (PID=2482) to work on /home/airflow/.local/lib/python3.12/site-packages/airflow/example_dags/example_branch_python_dop_operator_3.py
[2024-11-18T06:09:16.458+0000] {processor.py:914} INFO - Processing file /home/airflow/.local/lib/python3.12/site-packages/airflow/example_dags/example_branch_python_dop_operator_3.py for tasks to queue
[2024-11-18T06:09:16.460+0000] {logging_mixin.py:190} INFO - [2024-11-18T06:09:16.460+0000] {dagbag.py:588} INFO - Filling up the DagBag from /home/airflow/.local/lib/python3.12/site-packages/airflow/example_dags/example_branch_python_dop_operator_3.py
[2024-11-18T06:09:16.468+0000] {processor.py:925} INFO - DAG(s) 'example_branch_dop_operator_v3' retrieved from /home/airflow/.local/lib/python3.12/site-packages/airflow/example_dags/example_branch_python_dop_operator_3.py
[2024-11-18T06:09:16.484+0000] {logging_mixin.py:190} INFO - [2024-11-18T06:09:16.484+0000] {dag.py:3239} INFO - Sync 1 DAGs
[2024-11-18T06:09:16.503+0000] {logging_mixin.py:190} INFO - [2024-11-18T06:09:16.503+0000] {dag.py:4180} INFO - Setting next_dagrun for example_branch_dop_operator_v3 to 2024-11-18 06:08:00+00:00, run_after=2024-11-18 06:09:00+00:00
[2024-11-18T06:09:16.520+0000] {processor.py:208} INFO - Processing /home/airflow/.local/lib/python3.12/site-packages/airflow/example_dags/example_branch_python_dop_operator_3.py took 0.068 seconds
[2024-11-18T06:09:47.034+0000] {processor.py:186} INFO - Started process (PID=2546) to work on /home/airflow/.local/lib/python3.12/site-packages/airflow/example_dags/example_branch_python_dop_operator_3.py
[2024-11-18T06:09:47.035+0000] {processor.py:914} INFO - Processing file /home/airflow/.local/lib/python3.12/site-packages/airflow/example_dags/example_branch_python_dop_operator_3.py for tasks to queue
[2024-11-18T06:09:47.038+0000] {logging_mixin.py:190} INFO - [2024-11-18T06:09:47.038+0000] {dagbag.py:588} INFO - Filling up the DagBag from /home/airflow/.local/lib/python3.12/site-packages/airflow/example_dags/example_branch_python_dop_operator_3.py
[2024-11-18T06:09:47.046+0000] {processor.py:925} INFO - DAG(s) 'example_branch_dop_operator_v3' retrieved from /home/airflow/.local/lib/python3.12/site-packages/airflow/example_dags/example_branch_python_dop_operator_3.py
[2024-11-18T06:09:47.066+0000] {logging_mixin.py:190} INFO - [2024-11-18T06:09:47.065+0000] {dag.py:3239} INFO - Sync 1 DAGs
[2024-11-18T06:09:47.096+0000] {logging_mixin.py:190} INFO - [2024-11-18T06:09:47.096+0000] {dag.py:4180} INFO - Setting next_dagrun for example_branch_dop_operator_v3 to 2024-11-18 06:08:00+00:00, run_after=2024-11-18 06:09:00+00:00
[2024-11-18T06:09:47.122+0000] {processor.py:208} INFO - Processing /home/airflow/.local/lib/python3.12/site-packages/airflow/example_dags/example_branch_python_dop_operator_3.py took 0.092 seconds
[2024-11-18T06:10:17.711+0000] {processor.py:186} INFO - Started process (PID=2610) to work on /home/airflow/.local/lib/python3.12/site-packages/airflow/example_dags/example_branch_python_dop_operator_3.py
[2024-11-18T06:10:17.712+0000] {processor.py:914} INFO - Processing file /home/airflow/.local/lib/python3.12/site-packages/airflow/example_dags/example_branch_python_dop_operator_3.py for tasks to queue
[2024-11-18T06:10:17.716+0000] {logging_mixin.py:190} INFO - [2024-11-18T06:10:17.715+0000] {dagbag.py:588} INFO - Filling up the DagBag from /home/airflow/.local/lib/python3.12/site-packages/airflow/example_dags/example_branch_python_dop_operator_3.py
[2024-11-18T06:10:17.728+0000] {processor.py:925} INFO - DAG(s) 'example_branch_dop_operator_v3' retrieved from /home/airflow/.local/lib/python3.12/site-packages/airflow/example_dags/example_branch_python_dop_operator_3.py
[2024-11-18T06:10:17.749+0000] {logging_mixin.py:190} INFO - [2024-11-18T06:10:17.749+0000] {dag.py:3239} INFO - Sync 1 DAGs
[2024-11-18T06:10:17.776+0000] {logging_mixin.py:190} INFO - [2024-11-18T06:10:17.776+0000] {dag.py:4180} INFO - Setting next_dagrun for example_branch_dop_operator_v3 to 2024-11-18 06:09:00+00:00, run_after=2024-11-18 06:10:00+00:00
[2024-11-18T06:10:17.799+0000] {processor.py:208} INFO - Processing /home/airflow/.local/lib/python3.12/site-packages/airflow/example_dags/example_branch_python_dop_operator_3.py took 0.097 seconds
[2024-11-18T06:10:47.884+0000] {processor.py:186} INFO - Started process (PID=2673) to work on /home/airflow/.local/lib/python3.12/site-packages/airflow/example_dags/example_branch_python_dop_operator_3.py
[2024-11-18T06:10:47.885+0000] {processor.py:914} INFO - Processing file /home/airflow/.local/lib/python3.12/site-packages/airflow/example_dags/example_branch_python_dop_operator_3.py for tasks to queue
[2024-11-18T06:10:47.887+0000] {logging_mixin.py:190} INFO - [2024-11-18T06:10:47.887+0000] {dagbag.py:588} INFO - Filling up the DagBag from /home/airflow/.local/lib/python3.12/site-packages/airflow/example_dags/example_branch_python_dop_operator_3.py
[2024-11-18T06:10:47.895+0000] {processor.py:925} INFO - DAG(s) 'example_branch_dop_operator_v3' retrieved from /home/airflow/.local/lib/python3.12/site-packages/airflow/example_dags/example_branch_python_dop_operator_3.py
[2024-11-18T06:10:47.911+0000] {logging_mixin.py:190} INFO - [2024-11-18T06:10:47.911+0000] {dag.py:3239} INFO - Sync 1 DAGs
[2024-11-18T06:10:47.934+0000] {logging_mixin.py:190} INFO - [2024-11-18T06:10:47.934+0000] {dag.py:4180} INFO - Setting next_dagrun for example_branch_dop_operator_v3 to 2024-11-18 06:09:00+00:00, run_after=2024-11-18 06:10:00+00:00
[2024-11-18T06:10:47.951+0000] {processor.py:208} INFO - Processing /home/airflow/.local/lib/python3.12/site-packages/airflow/example_dags/example_branch_python_dop_operator_3.py took 0.071 seconds
[2024-11-18T06:11:19.005+0000] {processor.py:186} INFO - Started process (PID=2738) to work on /home/airflow/.local/lib/python3.12/site-packages/airflow/example_dags/example_branch_python_dop_operator_3.py
[2024-11-18T06:11:19.006+0000] {processor.py:914} INFO - Processing file /home/airflow/.local/lib/python3.12/site-packages/airflow/example_dags/example_branch_python_dop_operator_3.py for tasks to queue
[2024-11-18T06:11:19.009+0000] {logging_mixin.py:190} INFO - [2024-11-18T06:11:19.009+0000] {dagbag.py:588} INFO - Filling up the DagBag from /home/airflow/.local/lib/python3.12/site-packages/airflow/example_dags/example_branch_python_dop_operator_3.py
[2024-11-18T06:11:19.016+0000] {processor.py:925} INFO - DAG(s) 'example_branch_dop_operator_v3' retrieved from /home/airflow/.local/lib/python3.12/site-packages/airflow/example_dags/example_branch_python_dop_operator_3.py
[2024-11-18T06:11:19.032+0000] {logging_mixin.py:190} INFO - [2024-11-18T06:11:19.032+0000] {dag.py:3239} INFO - Sync 1 DAGs
[2024-11-18T06:11:19.056+0000] {logging_mixin.py:190} INFO - [2024-11-18T06:11:19.055+0000] {dag.py:4180} INFO - Setting next_dagrun for example_branch_dop_operator_v3 to 2024-11-18 06:10:00+00:00, run_after=2024-11-18 06:11:00+00:00
[2024-11-18T06:11:19.069+0000] {processor.py:208} INFO - Processing /home/airflow/.local/lib/python3.12/site-packages/airflow/example_dags/example_branch_python_dop_operator_3.py took 0.068 seconds
[2024-11-18T06:11:49.907+0000] {processor.py:186} INFO - Started process (PID=2802) to work on /home/airflow/.local/lib/python3.12/site-packages/airflow/example_dags/example_branch_python_dop_operator_3.py
[2024-11-18T06:11:49.908+0000] {processor.py:914} INFO - Processing file /home/airflow/.local/lib/python3.12/site-packages/airflow/example_dags/example_branch_python_dop_operator_3.py for tasks to queue
[2024-11-18T06:11:49.910+0000] {logging_mixin.py:190} INFO - [2024-11-18T06:11:49.910+0000] {dagbag.py:588} INFO - Filling up the DagBag from /home/airflow/.local/lib/python3.12/site-packages/airflow/example_dags/example_branch_python_dop_operator_3.py
[2024-11-18T06:11:49.918+0000] {processor.py:925} INFO - DAG(s) 'example_branch_dop_operator_v3' retrieved from /home/airflow/.local/lib/python3.12/site-packages/airflow/example_dags/example_branch_python_dop_operator_3.py
[2024-11-18T06:11:49.933+0000] {logging_mixin.py:190} INFO - [2024-11-18T06:11:49.933+0000] {dag.py:3239} INFO - Sync 1 DAGs
[2024-11-18T06:11:49.953+0000] {logging_mixin.py:190} INFO - [2024-11-18T06:11:49.953+0000] {dag.py:4180} INFO - Setting next_dagrun for example_branch_dop_operator_v3 to 2024-11-18 06:10:00+00:00, run_after=2024-11-18 06:11:00+00:00
[2024-11-18T06:11:49.969+0000] {processor.py:208} INFO - Processing /home/airflow/.local/lib/python3.12/site-packages/airflow/example_dags/example_branch_python_dop_operator_3.py took 0.067 seconds
[2024-11-18T06:12:21.287+0000] {processor.py:186} INFO - Started process (PID=2872) to work on /home/airflow/.local/lib/python3.12/site-packages/airflow/example_dags/example_branch_python_dop_operator_3.py
[2024-11-18T06:12:21.288+0000] {processor.py:914} INFO - Processing file /home/airflow/.local/lib/python3.12/site-packages/airflow/example_dags/example_branch_python_dop_operator_3.py for tasks to queue
[2024-11-18T06:12:21.290+0000] {logging_mixin.py:190} INFO - [2024-11-18T06:12:21.290+0000] {dagbag.py:588} INFO - Filling up the DagBag from /home/airflow/.local/lib/python3.12/site-packages/airflow/example_dags/example_branch_python_dop_operator_3.py
[2024-11-18T06:12:21.298+0000] {processor.py:925} INFO - DAG(s) 'example_branch_dop_operator_v3' retrieved from /home/airflow/.local/lib/python3.12/site-packages/airflow/example_dags/example_branch_python_dop_operator_3.py
[2024-11-18T06:12:21.315+0000] {logging_mixin.py:190} INFO - [2024-11-18T06:12:21.315+0000] {dag.py:3239} INFO - Sync 1 DAGs
[2024-11-18T06:12:21.334+0000] {logging_mixin.py:190} INFO - [2024-11-18T06:12:21.334+0000] {dag.py:4180} INFO - Setting next_dagrun for example_branch_dop_operator_v3 to 2024-11-18 06:11:00+00:00, run_after=2024-11-18 06:12:00+00:00
[2024-11-18T06:12:21.350+0000] {processor.py:208} INFO - Processing /home/airflow/.local/lib/python3.12/site-packages/airflow/example_dags/example_branch_python_dop_operator_3.py took 0.068 seconds
[2024-11-18T06:12:52.205+0000] {processor.py:186} INFO - Started process (PID=2936) to work on /home/airflow/.local/lib/python3.12/site-packages/airflow/example_dags/example_branch_python_dop_operator_3.py
[2024-11-18T06:12:52.207+0000] {processor.py:914} INFO - Processing file /home/airflow/.local/lib/python3.12/site-packages/airflow/example_dags/example_branch_python_dop_operator_3.py for tasks to queue
[2024-11-18T06:12:52.209+0000] {logging_mixin.py:190} INFO - [2024-11-18T06:12:52.209+0000] {dagbag.py:588} INFO - Filling up the DagBag from /home/airflow/.local/lib/python3.12/site-packages/airflow/example_dags/example_branch_python_dop_operator_3.py
[2024-11-18T06:12:52.218+0000] {processor.py:925} INFO - DAG(s) 'example_branch_dop_operator_v3' retrieved from /home/airflow/.local/lib/python3.12/site-packages/airflow/example_dags/example_branch_python_dop_operator_3.py
[2024-11-18T06:12:52.236+0000] {logging_mixin.py:190} INFO - [2024-11-18T06:12:52.236+0000] {dag.py:3239} INFO - Sync 1 DAGs
[2024-11-18T06:12:52.257+0000] {logging_mixin.py:190} INFO - [2024-11-18T06:12:52.257+0000] {dag.py:4180} INFO - Setting next_dagrun for example_branch_dop_operator_v3 to 2024-11-18 06:11:00+00:00, run_after=2024-11-18 06:12:00+00:00
[2024-11-18T06:12:52.270+0000] {processor.py:208} INFO - Processing /home/airflow/.local/lib/python3.12/site-packages/airflow/example_dags/example_branch_python_dop_operator_3.py took 0.069 seconds
[2024-11-18T06:13:23.065+0000] {processor.py:186} INFO - Started process (PID=3000) to work on /home/airflow/.local/lib/python3.12/site-packages/airflow/example_dags/example_branch_python_dop_operator_3.py
[2024-11-18T06:13:23.066+0000] {processor.py:914} INFO - Processing file /home/airflow/.local/lib/python3.12/site-packages/airflow/example_dags/example_branch_python_dop_operator_3.py for tasks to queue
[2024-11-18T06:13:23.068+0000] {logging_mixin.py:190} INFO - [2024-11-18T06:13:23.068+0000] {dagbag.py:588} INFO - Filling up the DagBag from /home/airflow/.local/lib/python3.12/site-packages/airflow/example_dags/example_branch_python_dop_operator_3.py
[2024-11-18T06:13:23.076+0000] {processor.py:925} INFO - DAG(s) 'example_branch_dop_operator_v3' retrieved from /home/airflow/.local/lib/python3.12/site-packages/airflow/example_dags/example_branch_python_dop_operator_3.py
[2024-11-18T06:13:23.092+0000] {logging_mixin.py:190} INFO - [2024-11-18T06:13:23.092+0000] {dag.py:3239} INFO - Sync 1 DAGs
[2024-11-18T06:13:23.113+0000] {logging_mixin.py:190} INFO - [2024-11-18T06:13:23.113+0000] {dag.py:4180} INFO - Setting next_dagrun for example_branch_dop_operator_v3 to 2024-11-18 06:12:00+00:00, run_after=2024-11-18 06:13:00+00:00
[2024-11-18T06:13:23.130+0000] {processor.py:208} INFO - Processing /home/airflow/.local/lib/python3.12/site-packages/airflow/example_dags/example_branch_python_dop_operator_3.py took 0.069 seconds
[2024-11-18T06:13:54.162+0000] {processor.py:186} INFO - Started process (PID=3064) to work on /home/airflow/.local/lib/python3.12/site-packages/airflow/example_dags/example_branch_python_dop_operator_3.py
[2024-11-18T06:13:54.163+0000] {processor.py:914} INFO - Processing file /home/airflow/.local/lib/python3.12/site-packages/airflow/example_dags/example_branch_python_dop_operator_3.py for tasks to queue
[2024-11-18T06:13:54.166+0000] {logging_mixin.py:190} INFO - [2024-11-18T06:13:54.165+0000] {dagbag.py:588} INFO - Filling up the DagBag from /home/airflow/.local/lib/python3.12/site-packages/airflow/example_dags/example_branch_python_dop_operator_3.py
[2024-11-18T06:13:54.173+0000] {processor.py:925} INFO - DAG(s) 'example_branch_dop_operator_v3' retrieved from /home/airflow/.local/lib/python3.12/site-packages/airflow/example_dags/example_branch_python_dop_operator_3.py
[2024-11-18T06:13:54.187+0000] {logging_mixin.py:190} INFO - [2024-11-18T06:13:54.187+0000] {dag.py:3239} INFO - Sync 1 DAGs
[2024-11-18T06:13:54.208+0000] {logging_mixin.py:190} INFO - [2024-11-18T06:13:54.208+0000] {dag.py:4180} INFO - Setting next_dagrun for example_branch_dop_operator_v3 to 2024-11-18 06:12:00+00:00, run_after=2024-11-18 06:13:00+00:00
[2024-11-18T06:13:54.225+0000] {processor.py:208} INFO - Processing /home/airflow/.local/lib/python3.12/site-packages/airflow/example_dags/example_branch_python_dop_operator_3.py took 0.067 seconds
[2024-11-18T06:14:24.913+0000] {processor.py:186} INFO - Started process (PID=3128) to work on /home/airflow/.local/lib/python3.12/site-packages/airflow/example_dags/example_branch_python_dop_operator_3.py
[2024-11-18T06:14:24.914+0000] {processor.py:914} INFO - Processing file /home/airflow/.local/lib/python3.12/site-packages/airflow/example_dags/example_branch_python_dop_operator_3.py for tasks to queue
[2024-11-18T06:14:24.917+0000] {logging_mixin.py:190} INFO - [2024-11-18T06:14:24.917+0000] {dagbag.py:588} INFO - Filling up the DagBag from /home/airflow/.local/lib/python3.12/site-packages/airflow/example_dags/example_branch_python_dop_operator_3.py
[2024-11-18T06:14:24.924+0000] {processor.py:925} INFO - DAG(s) 'example_branch_dop_operator_v3' retrieved from /home/airflow/.local/lib/python3.12/site-packages/airflow/example_dags/example_branch_python_dop_operator_3.py
[2024-11-18T06:14:24.940+0000] {logging_mixin.py:190} INFO - [2024-11-18T06:14:24.940+0000] {dag.py:3239} INFO - Sync 1 DAGs
[2024-11-18T06:14:24.961+0000] {logging_mixin.py:190} INFO - [2024-11-18T06:14:24.961+0000] {dag.py:4180} INFO - Setting next_dagrun for example_branch_dop_operator_v3 to 2024-11-18 06:13:00+00:00, run_after=2024-11-18 06:14:00+00:00
[2024-11-18T06:14:24.977+0000] {processor.py:208} INFO - Processing /home/airflow/.local/lib/python3.12/site-packages/airflow/example_dags/example_branch_python_dop_operator_3.py took 0.068 seconds
[2024-11-18T06:14:56.094+0000] {processor.py:186} INFO - Started process (PID=3192) to work on /home/airflow/.local/lib/python3.12/site-packages/airflow/example_dags/example_branch_python_dop_operator_3.py
[2024-11-18T06:14:56.095+0000] {processor.py:914} INFO - Processing file /home/airflow/.local/lib/python3.12/site-packages/airflow/example_dags/example_branch_python_dop_operator_3.py for tasks to queue
[2024-11-18T06:14:56.098+0000] {logging_mixin.py:190} INFO - [2024-11-18T06:14:56.097+0000] {dagbag.py:588} INFO - Filling up the DagBag from /home/airflow/.local/lib/python3.12/site-packages/airflow/example_dags/example_branch_python_dop_operator_3.py
[2024-11-18T06:14:56.105+0000] {processor.py:925} INFO - DAG(s) 'example_branch_dop_operator_v3' retrieved from /home/airflow/.local/lib/python3.12/site-packages/airflow/example_dags/example_branch_python_dop_operator_3.py
[2024-11-18T06:14:56.120+0000] {logging_mixin.py:190} INFO - [2024-11-18T06:14:56.120+0000] {dag.py:3239} INFO - Sync 1 DAGs
[2024-11-18T06:14:56.140+0000] {logging_mixin.py:190} INFO - [2024-11-18T06:14:56.140+0000] {dag.py:4180} INFO - Setting next_dagrun for example_branch_dop_operator_v3 to 2024-11-18 06:13:00+00:00, run_after=2024-11-18 06:14:00+00:00
[2024-11-18T06:14:56.156+0000] {processor.py:208} INFO - Processing /home/airflow/.local/lib/python3.12/site-packages/airflow/example_dags/example_branch_python_dop_operator_3.py took 0.067 seconds
[2024-11-18T06:15:27.398+0000] {processor.py:186} INFO - Started process (PID=3256) to work on /home/airflow/.local/lib/python3.12/site-packages/airflow/example_dags/example_branch_python_dop_operator_3.py
[2024-11-18T06:15:27.400+0000] {processor.py:914} INFO - Processing file /home/airflow/.local/lib/python3.12/site-packages/airflow/example_dags/example_branch_python_dop_operator_3.py for tasks to queue
[2024-11-18T06:15:27.402+0000] {logging_mixin.py:190} INFO - [2024-11-18T06:15:27.402+0000] {dagbag.py:588} INFO - Filling up the DagBag from /home/airflow/.local/lib/python3.12/site-packages/airflow/example_dags/example_branch_python_dop_operator_3.py
[2024-11-18T06:15:27.410+0000] {processor.py:925} INFO - DAG(s) 'example_branch_dop_operator_v3' retrieved from /home/airflow/.local/lib/python3.12/site-packages/airflow/example_dags/example_branch_python_dop_operator_3.py
[2024-11-18T06:15:27.428+0000] {logging_mixin.py:190} INFO - [2024-11-18T06:15:27.427+0000] {dag.py:3239} INFO - Sync 1 DAGs
[2024-11-18T06:15:27.447+0000] {logging_mixin.py:190} INFO - [2024-11-18T06:15:27.447+0000] {dag.py:4180} INFO - Setting next_dagrun for example_branch_dop_operator_v3 to 2024-11-18 06:14:00+00:00, run_after=2024-11-18 06:15:00+00:00
[2024-11-18T06:15:27.464+0000] {processor.py:208} INFO - Processing /home/airflow/.local/lib/python3.12/site-packages/airflow/example_dags/example_branch_python_dop_operator_3.py took 0.069 seconds
[2024-11-18T06:15:58.518+0000] {processor.py:186} INFO - Started process (PID=3320) to work on /home/airflow/.local/lib/python3.12/site-packages/airflow/example_dags/example_branch_python_dop_operator_3.py
[2024-11-18T06:15:58.519+0000] {processor.py:914} INFO - Processing file /home/airflow/.local/lib/python3.12/site-packages/airflow/example_dags/example_branch_python_dop_operator_3.py for tasks to queue
[2024-11-18T06:15:58.522+0000] {logging_mixin.py:190} INFO - [2024-11-18T06:15:58.522+0000] {dagbag.py:588} INFO - Filling up the DagBag from /home/airflow/.local/lib/python3.12/site-packages/airflow/example_dags/example_branch_python_dop_operator_3.py
[2024-11-18T06:15:58.530+0000] {processor.py:925} INFO - DAG(s) 'example_branch_dop_operator_v3' retrieved from /home/airflow/.local/lib/python3.12/site-packages/airflow/example_dags/example_branch_python_dop_operator_3.py
[2024-11-18T06:15:58.546+0000] {logging_mixin.py:190} INFO - [2024-11-18T06:15:58.546+0000] {dag.py:3239} INFO - Sync 1 DAGs
[2024-11-18T06:15:58.569+0000] {logging_mixin.py:190} INFO - [2024-11-18T06:15:58.569+0000] {dag.py:4180} INFO - Setting next_dagrun for example_branch_dop_operator_v3 to 2024-11-18 06:14:00+00:00, run_after=2024-11-18 06:15:00+00:00
[2024-11-18T06:15:58.587+0000] {processor.py:208} INFO - Processing /home/airflow/.local/lib/python3.12/site-packages/airflow/example_dags/example_branch_python_dop_operator_3.py took 0.074 seconds
[2024-11-18T06:16:29.516+0000] {processor.py:186} INFO - Started process (PID=3384) to work on /home/airflow/.local/lib/python3.12/site-packages/airflow/example_dags/example_branch_python_dop_operator_3.py
[2024-11-18T06:16:29.517+0000] {processor.py:914} INFO - Processing file /home/airflow/.local/lib/python3.12/site-packages/airflow/example_dags/example_branch_python_dop_operator_3.py for tasks to queue
[2024-11-18T06:16:29.520+0000] {logging_mixin.py:190} INFO - [2024-11-18T06:16:29.519+0000] {dagbag.py:588} INFO - Filling up the DagBag from /home/airflow/.local/lib/python3.12/site-packages/airflow/example_dags/example_branch_python_dop_operator_3.py
[2024-11-18T06:16:29.527+0000] {processor.py:925} INFO - DAG(s) 'example_branch_dop_operator_v3' retrieved from /home/airflow/.local/lib/python3.12/site-packages/airflow/example_dags/example_branch_python_dop_operator_3.py
[2024-11-18T06:16:29.541+0000] {logging_mixin.py:190} INFO - [2024-11-18T06:16:29.541+0000] {dag.py:3239} INFO - Sync 1 DAGs
[2024-11-18T06:16:29.559+0000] {logging_mixin.py:190} INFO - [2024-11-18T06:16:29.559+0000] {dag.py:4180} INFO - Setting next_dagrun for example_branch_dop_operator_v3 to 2024-11-18 06:15:00+00:00, run_after=2024-11-18 06:16:00+00:00
[2024-11-18T06:16:29.695+0000] {processor.py:208} INFO - Processing /home/airflow/.local/lib/python3.12/site-packages/airflow/example_dags/example_branch_python_dop_operator_3.py took 0.183 seconds
[2024-11-18T06:16:59.943+0000] {processor.py:186} INFO - Started process (PID=3448) to work on /home/airflow/.local/lib/python3.12/site-packages/airflow/example_dags/example_branch_python_dop_operator_3.py
[2024-11-18T06:16:59.944+0000] {processor.py:914} INFO - Processing file /home/airflow/.local/lib/python3.12/site-packages/airflow/example_dags/example_branch_python_dop_operator_3.py for tasks to queue
[2024-11-18T06:16:59.946+0000] {logging_mixin.py:190} INFO - [2024-11-18T06:16:59.946+0000] {dagbag.py:588} INFO - Filling up the DagBag from /home/airflow/.local/lib/python3.12/site-packages/airflow/example_dags/example_branch_python_dop_operator_3.py
[2024-11-18T06:16:59.954+0000] {processor.py:925} INFO - DAG(s) 'example_branch_dop_operator_v3' retrieved from /home/airflow/.local/lib/python3.12/site-packages/airflow/example_dags/example_branch_python_dop_operator_3.py
[2024-11-18T06:16:59.967+0000] {logging_mixin.py:190} INFO - [2024-11-18T06:16:59.966+0000] {dag.py:3239} INFO - Sync 1 DAGs
[2024-11-18T06:16:59.984+0000] {logging_mixin.py:190} INFO - [2024-11-18T06:16:59.984+0000] {dag.py:4180} INFO - Setting next_dagrun for example_branch_dop_operator_v3 to 2024-11-18 06:15:00+00:00, run_after=2024-11-18 06:16:00+00:00
[2024-11-18T06:16:59.997+0000] {processor.py:208} INFO - Processing /home/airflow/.local/lib/python3.12/site-packages/airflow/example_dags/example_branch_python_dop_operator_3.py took 0.058 seconds
[2024-11-18T06:17:30.801+0000] {processor.py:186} INFO - Started process (PID=3512) to work on /home/airflow/.local/lib/python3.12/site-packages/airflow/example_dags/example_branch_python_dop_operator_3.py
[2024-11-18T06:17:30.802+0000] {processor.py:914} INFO - Processing file /home/airflow/.local/lib/python3.12/site-packages/airflow/example_dags/example_branch_python_dop_operator_3.py for tasks to queue
[2024-11-18T06:17:30.805+0000] {logging_mixin.py:190} INFO - [2024-11-18T06:17:30.805+0000] {dagbag.py:588} INFO - Filling up the DagBag from /home/airflow/.local/lib/python3.12/site-packages/airflow/example_dags/example_branch_python_dop_operator_3.py
[2024-11-18T06:17:30.815+0000] {processor.py:925} INFO - DAG(s) 'example_branch_dop_operator_v3' retrieved from /home/airflow/.local/lib/python3.12/site-packages/airflow/example_dags/example_branch_python_dop_operator_3.py
[2024-11-18T06:17:30.831+0000] {logging_mixin.py:190} INFO - [2024-11-18T06:17:30.831+0000] {dag.py:3239} INFO - Sync 1 DAGs
[2024-11-18T06:17:30.855+0000] {logging_mixin.py:190} INFO - [2024-11-18T06:17:30.854+0000] {dag.py:4180} INFO - Setting next_dagrun for example_branch_dop_operator_v3 to 2024-11-18 06:16:00+00:00, run_after=2024-11-18 06:17:00+00:00
[2024-11-18T06:17:30.876+0000] {processor.py:208} INFO - Processing /home/airflow/.local/lib/python3.12/site-packages/airflow/example_dags/example_branch_python_dop_operator_3.py took 0.079 seconds
