[2024-11-18T05:49:59.732+0000] {processor.py:186} INFO - Started process (PID=113) to work on /home/airflow/.local/lib/python3.12/site-packages/airflow/example_dags/example_python_operator.py
[2024-11-18T05:49:59.734+0000] {processor.py:914} INFO - Processing file /home/airflow/.local/lib/python3.12/site-packages/airflow/example_dags/example_python_operator.py for tasks to queue
[2024-11-18T05:49:59.737+0000] {logging_mixin.py:190} INFO - [2024-11-18T05:49:59.737+0000] {dagbag.py:588} INFO - Filling up the DagBag from /home/airflow/.local/lib/python3.12/site-packages/airflow/example_dags/example_python_operator.py
[2024-11-18T05:49:59.756+0000] {processor.py:925} INFO - DAG(s) 'example_python_operator' retrieved from /home/airflow/.local/lib/python3.12/site-packages/airflow/example_dags/example_python_operator.py
[2024-11-18T05:49:59.883+0000] {logging_mixin.py:190} INFO - [2024-11-18T05:49:59.882+0000] {override.py:1911} INFO - Created Permission View: can edit on DAG:example_python_operator
[2024-11-18T05:49:59.897+0000] {logging_mixin.py:190} INFO - [2024-11-18T05:49:59.896+0000] {override.py:1911} INFO - Created Permission View: can delete on DAG:example_python_operator
[2024-11-18T05:49:59.905+0000] {logging_mixin.py:190} INFO - [2024-11-18T05:49:59.904+0000] {override.py:1911} INFO - Created Permission View: can read on DAG:example_python_operator
[2024-11-18T05:49:59.913+0000] {logging_mixin.py:190} INFO - [2024-11-18T05:49:59.913+0000] {override.py:1911} INFO - Created Permission View: menu access on DAG Run:example_python_operator
[2024-11-18T05:49:59.921+0000] {logging_mixin.py:190} INFO - [2024-11-18T05:49:59.921+0000] {override.py:1911} INFO - Created Permission View: can delete on DAG Run:example_python_operator
[2024-11-18T05:49:59.928+0000] {logging_mixin.py:190} INFO - [2024-11-18T05:49:59.927+0000] {override.py:1911} INFO - Created Permission View: can create on DAG Run:example_python_operator
[2024-11-18T05:49:59.937+0000] {logging_mixin.py:190} INFO - [2024-11-18T05:49:59.936+0000] {override.py:1911} INFO - Created Permission View: can read on DAG Run:example_python_operator
[2024-11-18T05:49:59.938+0000] {logging_mixin.py:190} INFO - [2024-11-18T05:49:59.937+0000] {dag.py:3239} INFO - Sync 1 DAGs
[2024-11-18T05:49:59.957+0000] {logging_mixin.py:190} INFO - [2024-11-18T05:49:59.957+0000] {dag.py:3262} INFO - Creating ORM DAG for example_python_operator
[2024-11-18T05:49:59.959+0000] {logging_mixin.py:190} INFO - [2024-11-18T05:49:59.959+0000] {dag.py:4180} INFO - Setting next_dagrun for example_python_operator to None, run_after=None
[2024-11-18T05:49:59.980+0000] {processor.py:208} INFO - Processing /home/airflow/.local/lib/python3.12/site-packages/airflow/example_dags/example_python_operator.py took 0.254 seconds
[2024-11-18T05:50:30.695+0000] {processor.py:186} INFO - Started process (PID=176) to work on /home/airflow/.local/lib/python3.12/site-packages/airflow/example_dags/example_python_operator.py
[2024-11-18T05:50:30.697+0000] {processor.py:914} INFO - Processing file /home/airflow/.local/lib/python3.12/site-packages/airflow/example_dags/example_python_operator.py for tasks to queue
[2024-11-18T05:50:30.700+0000] {logging_mixin.py:190} INFO - [2024-11-18T05:50:30.699+0000] {dagbag.py:588} INFO - Filling up the DagBag from /home/airflow/.local/lib/python3.12/site-packages/airflow/example_dags/example_python_operator.py
[2024-11-18T05:50:30.719+0000] {processor.py:925} INFO - DAG(s) 'example_python_operator' retrieved from /home/airflow/.local/lib/python3.12/site-packages/airflow/example_dags/example_python_operator.py
[2024-11-18T05:50:30.746+0000] {logging_mixin.py:190} INFO - [2024-11-18T05:50:30.745+0000] {dag.py:3239} INFO - Sync 1 DAGs
[2024-11-18T05:50:30.762+0000] {logging_mixin.py:190} INFO - [2024-11-18T05:50:30.762+0000] {dag.py:4180} INFO - Setting next_dagrun for example_python_operator to None, run_after=None
[2024-11-18T05:50:30.781+0000] {processor.py:208} INFO - Processing /home/airflow/.local/lib/python3.12/site-packages/airflow/example_dags/example_python_operator.py took 0.092 seconds
[2024-11-18T05:51:01.054+0000] {processor.py:186} INFO - Started process (PID=239) to work on /home/airflow/.local/lib/python3.12/site-packages/airflow/example_dags/example_python_operator.py
[2024-11-18T05:51:01.056+0000] {processor.py:914} INFO - Processing file /home/airflow/.local/lib/python3.12/site-packages/airflow/example_dags/example_python_operator.py for tasks to queue
[2024-11-18T05:51:01.059+0000] {logging_mixin.py:190} INFO - [2024-11-18T05:51:01.059+0000] {dagbag.py:588} INFO - Filling up the DagBag from /home/airflow/.local/lib/python3.12/site-packages/airflow/example_dags/example_python_operator.py
[2024-11-18T05:51:01.082+0000] {processor.py:925} INFO - DAG(s) 'example_python_operator' retrieved from /home/airflow/.local/lib/python3.12/site-packages/airflow/example_dags/example_python_operator.py
[2024-11-18T05:51:01.116+0000] {logging_mixin.py:190} INFO - [2024-11-18T05:51:01.116+0000] {dag.py:3239} INFO - Sync 1 DAGs
[2024-11-18T05:51:01.136+0000] {logging_mixin.py:190} INFO - [2024-11-18T05:51:01.136+0000] {dag.py:4180} INFO - Setting next_dagrun for example_python_operator to None, run_after=None
[2024-11-18T05:51:01.161+0000] {processor.py:208} INFO - Processing /home/airflow/.local/lib/python3.12/site-packages/airflow/example_dags/example_python_operator.py took 0.115 seconds
[2024-11-18T05:51:31.363+0000] {processor.py:186} INFO - Started process (PID=302) to work on /home/airflow/.local/lib/python3.12/site-packages/airflow/example_dags/example_python_operator.py
[2024-11-18T05:51:31.365+0000] {processor.py:914} INFO - Processing file /home/airflow/.local/lib/python3.12/site-packages/airflow/example_dags/example_python_operator.py for tasks to queue
[2024-11-18T05:51:31.368+0000] {logging_mixin.py:190} INFO - [2024-11-18T05:51:31.368+0000] {dagbag.py:588} INFO - Filling up the DagBag from /home/airflow/.local/lib/python3.12/site-packages/airflow/example_dags/example_python_operator.py
[2024-11-18T05:51:31.384+0000] {processor.py:925} INFO - DAG(s) 'example_python_operator' retrieved from /home/airflow/.local/lib/python3.12/site-packages/airflow/example_dags/example_python_operator.py
[2024-11-18T05:51:31.419+0000] {logging_mixin.py:190} INFO - [2024-11-18T05:51:31.418+0000] {dag.py:3239} INFO - Sync 1 DAGs
[2024-11-18T05:51:31.445+0000] {logging_mixin.py:190} INFO - [2024-11-18T05:51:31.445+0000] {dag.py:4180} INFO - Setting next_dagrun for example_python_operator to None, run_after=None
[2024-11-18T05:51:31.480+0000] {processor.py:208} INFO - Processing /home/airflow/.local/lib/python3.12/site-packages/airflow/example_dags/example_python_operator.py took 0.124 seconds
[2024-11-18T05:52:03.152+0000] {processor.py:186} INFO - Started process (PID=365) to work on /home/airflow/.local/lib/python3.12/site-packages/airflow/example_dags/example_python_operator.py
[2024-11-18T05:52:03.154+0000] {processor.py:914} INFO - Processing file /home/airflow/.local/lib/python3.12/site-packages/airflow/example_dags/example_python_operator.py for tasks to queue
[2024-11-18T05:52:03.156+0000] {logging_mixin.py:190} INFO - [2024-11-18T05:52:03.156+0000] {dagbag.py:588} INFO - Filling up the DagBag from /home/airflow/.local/lib/python3.12/site-packages/airflow/example_dags/example_python_operator.py
[2024-11-18T05:52:03.170+0000] {processor.py:925} INFO - DAG(s) 'example_python_operator' retrieved from /home/airflow/.local/lib/python3.12/site-packages/airflow/example_dags/example_python_operator.py
[2024-11-18T05:52:03.195+0000] {logging_mixin.py:190} INFO - [2024-11-18T05:52:03.195+0000] {dag.py:3239} INFO - Sync 1 DAGs
[2024-11-18T05:52:03.214+0000] {logging_mixin.py:190} INFO - [2024-11-18T05:52:03.214+0000] {dag.py:4180} INFO - Setting next_dagrun for example_python_operator to None, run_after=None
[2024-11-18T05:52:03.238+0000] {processor.py:208} INFO - Processing /home/airflow/.local/lib/python3.12/site-packages/airflow/example_dags/example_python_operator.py took 0.092 seconds
[2024-11-18T05:52:33.979+0000] {processor.py:186} INFO - Started process (PID=428) to work on /home/airflow/.local/lib/python3.12/site-packages/airflow/example_dags/example_python_operator.py
[2024-11-18T05:52:33.980+0000] {processor.py:914} INFO - Processing file /home/airflow/.local/lib/python3.12/site-packages/airflow/example_dags/example_python_operator.py for tasks to queue
[2024-11-18T05:52:33.984+0000] {logging_mixin.py:190} INFO - [2024-11-18T05:52:33.983+0000] {dagbag.py:588} INFO - Filling up the DagBag from /home/airflow/.local/lib/python3.12/site-packages/airflow/example_dags/example_python_operator.py
[2024-11-18T05:52:34.001+0000] {processor.py:925} INFO - DAG(s) 'example_python_operator' retrieved from /home/airflow/.local/lib/python3.12/site-packages/airflow/example_dags/example_python_operator.py
[2024-11-18T05:52:34.033+0000] {logging_mixin.py:190} INFO - [2024-11-18T05:52:34.033+0000] {dag.py:3239} INFO - Sync 1 DAGs
[2024-11-18T05:52:34.055+0000] {logging_mixin.py:190} INFO - [2024-11-18T05:52:34.055+0000] {dag.py:4180} INFO - Setting next_dagrun for example_python_operator to None, run_after=None
[2024-11-18T05:52:34.087+0000] {processor.py:208} INFO - Processing /home/airflow/.local/lib/python3.12/site-packages/airflow/example_dags/example_python_operator.py took 0.116 seconds
[2024-11-18T05:53:05.514+0000] {processor.py:186} INFO - Started process (PID=491) to work on /home/airflow/.local/lib/python3.12/site-packages/airflow/example_dags/example_python_operator.py
[2024-11-18T05:53:05.516+0000] {processor.py:914} INFO - Processing file /home/airflow/.local/lib/python3.12/site-packages/airflow/example_dags/example_python_operator.py for tasks to queue
[2024-11-18T05:53:05.518+0000] {logging_mixin.py:190} INFO - [2024-11-18T05:53:05.518+0000] {dagbag.py:588} INFO - Filling up the DagBag from /home/airflow/.local/lib/python3.12/site-packages/airflow/example_dags/example_python_operator.py
[2024-11-18T05:53:05.533+0000] {processor.py:925} INFO - DAG(s) 'example_python_operator' retrieved from /home/airflow/.local/lib/python3.12/site-packages/airflow/example_dags/example_python_operator.py
[2024-11-18T05:53:05.556+0000] {logging_mixin.py:190} INFO - [2024-11-18T05:53:05.556+0000] {dag.py:3239} INFO - Sync 1 DAGs
[2024-11-18T05:53:05.572+0000] {logging_mixin.py:190} INFO - [2024-11-18T05:53:05.571+0000] {dag.py:4180} INFO - Setting next_dagrun for example_python_operator to None, run_after=None
[2024-11-18T05:53:05.612+0000] {processor.py:208} INFO - Processing /home/airflow/.local/lib/python3.12/site-packages/airflow/example_dags/example_python_operator.py took 0.104 seconds
[2024-11-18T05:53:36.889+0000] {processor.py:186} INFO - Started process (PID=554) to work on /home/airflow/.local/lib/python3.12/site-packages/airflow/example_dags/example_python_operator.py
[2024-11-18T05:53:36.891+0000] {processor.py:914} INFO - Processing file /home/airflow/.local/lib/python3.12/site-packages/airflow/example_dags/example_python_operator.py for tasks to queue
[2024-11-18T05:53:36.894+0000] {logging_mixin.py:190} INFO - [2024-11-18T05:53:36.893+0000] {dagbag.py:588} INFO - Filling up the DagBag from /home/airflow/.local/lib/python3.12/site-packages/airflow/example_dags/example_python_operator.py
[2024-11-18T05:53:36.908+0000] {processor.py:925} INFO - DAG(s) 'example_python_operator' retrieved from /home/airflow/.local/lib/python3.12/site-packages/airflow/example_dags/example_python_operator.py
[2024-11-18T05:53:36.934+0000] {logging_mixin.py:190} INFO - [2024-11-18T05:53:36.934+0000] {dag.py:3239} INFO - Sync 1 DAGs
[2024-11-18T05:53:36.953+0000] {logging_mixin.py:190} INFO - [2024-11-18T05:53:36.952+0000] {dag.py:4180} INFO - Setting next_dagrun for example_python_operator to None, run_after=None
[2024-11-18T05:53:36.975+0000] {processor.py:208} INFO - Processing /home/airflow/.local/lib/python3.12/site-packages/airflow/example_dags/example_python_operator.py took 0.098 seconds
[2024-11-18T05:54:08.145+0000] {processor.py:186} INFO - Started process (PID=617) to work on /home/airflow/.local/lib/python3.12/site-packages/airflow/example_dags/example_python_operator.py
[2024-11-18T05:54:08.147+0000] {processor.py:914} INFO - Processing file /home/airflow/.local/lib/python3.12/site-packages/airflow/example_dags/example_python_operator.py for tasks to queue
[2024-11-18T05:54:08.151+0000] {logging_mixin.py:190} INFO - [2024-11-18T05:54:08.150+0000] {dagbag.py:588} INFO - Filling up the DagBag from /home/airflow/.local/lib/python3.12/site-packages/airflow/example_dags/example_python_operator.py
[2024-11-18T05:54:08.164+0000] {processor.py:925} INFO - DAG(s) 'example_python_operator' retrieved from /home/airflow/.local/lib/python3.12/site-packages/airflow/example_dags/example_python_operator.py
[2024-11-18T05:54:08.196+0000] {logging_mixin.py:190} INFO - [2024-11-18T05:54:08.196+0000] {dag.py:3239} INFO - Sync 1 DAGs
[2024-11-18T05:54:08.224+0000] {logging_mixin.py:190} INFO - [2024-11-18T05:54:08.224+0000] {dag.py:4180} INFO - Setting next_dagrun for example_python_operator to None, run_after=None
[2024-11-18T05:54:08.249+0000] {processor.py:208} INFO - Processing /home/airflow/.local/lib/python3.12/site-packages/airflow/example_dags/example_python_operator.py took 0.113 seconds
[2024-11-18T05:54:39.292+0000] {processor.py:186} INFO - Started process (PID=680) to work on /home/airflow/.local/lib/python3.12/site-packages/airflow/example_dags/example_python_operator.py
[2024-11-18T05:54:39.294+0000] {processor.py:914} INFO - Processing file /home/airflow/.local/lib/python3.12/site-packages/airflow/example_dags/example_python_operator.py for tasks to queue
[2024-11-18T05:54:39.298+0000] {logging_mixin.py:190} INFO - [2024-11-18T05:54:39.297+0000] {dagbag.py:588} INFO - Filling up the DagBag from /home/airflow/.local/lib/python3.12/site-packages/airflow/example_dags/example_python_operator.py
[2024-11-18T05:54:39.313+0000] {processor.py:925} INFO - DAG(s) 'example_python_operator' retrieved from /home/airflow/.local/lib/python3.12/site-packages/airflow/example_dags/example_python_operator.py
[2024-11-18T05:54:39.340+0000] {logging_mixin.py:190} INFO - [2024-11-18T05:54:39.339+0000] {dag.py:3239} INFO - Sync 1 DAGs
[2024-11-18T05:54:39.359+0000] {logging_mixin.py:190} INFO - [2024-11-18T05:54:39.359+0000] {dag.py:4180} INFO - Setting next_dagrun for example_python_operator to None, run_after=None
[2024-11-18T05:54:39.386+0000] {processor.py:208} INFO - Processing /home/airflow/.local/lib/python3.12/site-packages/airflow/example_dags/example_python_operator.py took 0.100 seconds
[2024-11-18T05:55:10.613+0000] {processor.py:186} INFO - Started process (PID=743) to work on /home/airflow/.local/lib/python3.12/site-packages/airflow/example_dags/example_python_operator.py
[2024-11-18T05:55:10.615+0000] {processor.py:914} INFO - Processing file /home/airflow/.local/lib/python3.12/site-packages/airflow/example_dags/example_python_operator.py for tasks to queue
[2024-11-18T05:55:10.618+0000] {logging_mixin.py:190} INFO - [2024-11-18T05:55:10.617+0000] {dagbag.py:588} INFO - Filling up the DagBag from /home/airflow/.local/lib/python3.12/site-packages/airflow/example_dags/example_python_operator.py
[2024-11-18T05:55:10.633+0000] {processor.py:925} INFO - DAG(s) 'example_python_operator' retrieved from /home/airflow/.local/lib/python3.12/site-packages/airflow/example_dags/example_python_operator.py
[2024-11-18T05:55:10.659+0000] {logging_mixin.py:190} INFO - [2024-11-18T05:55:10.658+0000] {dag.py:3239} INFO - Sync 1 DAGs
[2024-11-18T05:55:10.679+0000] {logging_mixin.py:190} INFO - [2024-11-18T05:55:10.679+0000] {dag.py:4180} INFO - Setting next_dagrun for example_python_operator to None, run_after=None
[2024-11-18T05:55:10.703+0000] {processor.py:208} INFO - Processing /home/airflow/.local/lib/python3.12/site-packages/airflow/example_dags/example_python_operator.py took 0.097 seconds
[2024-11-18T05:55:41.583+0000] {processor.py:186} INFO - Started process (PID=806) to work on /home/airflow/.local/lib/python3.12/site-packages/airflow/example_dags/example_python_operator.py
[2024-11-18T05:55:41.585+0000] {processor.py:914} INFO - Processing file /home/airflow/.local/lib/python3.12/site-packages/airflow/example_dags/example_python_operator.py for tasks to queue
[2024-11-18T05:55:41.588+0000] {logging_mixin.py:190} INFO - [2024-11-18T05:55:41.587+0000] {dagbag.py:588} INFO - Filling up the DagBag from /home/airflow/.local/lib/python3.12/site-packages/airflow/example_dags/example_python_operator.py
[2024-11-18T05:55:41.601+0000] {processor.py:925} INFO - DAG(s) 'example_python_operator' retrieved from /home/airflow/.local/lib/python3.12/site-packages/airflow/example_dags/example_python_operator.py
[2024-11-18T05:55:41.634+0000] {logging_mixin.py:190} INFO - [2024-11-18T05:55:41.634+0000] {dag.py:3239} INFO - Sync 1 DAGs
[2024-11-18T05:55:41.656+0000] {logging_mixin.py:190} INFO - [2024-11-18T05:55:41.656+0000] {dag.py:4180} INFO - Setting next_dagrun for example_python_operator to None, run_after=None
[2024-11-18T05:55:41.676+0000] {processor.py:208} INFO - Processing /home/airflow/.local/lib/python3.12/site-packages/airflow/example_dags/example_python_operator.py took 0.100 seconds
[2024-11-18T05:56:13.238+0000] {processor.py:186} INFO - Started process (PID=869) to work on /home/airflow/.local/lib/python3.12/site-packages/airflow/example_dags/example_python_operator.py
[2024-11-18T05:56:13.239+0000] {processor.py:914} INFO - Processing file /home/airflow/.local/lib/python3.12/site-packages/airflow/example_dags/example_python_operator.py for tasks to queue
[2024-11-18T05:56:13.242+0000] {logging_mixin.py:190} INFO - [2024-11-18T05:56:13.242+0000] {dagbag.py:588} INFO - Filling up the DagBag from /home/airflow/.local/lib/python3.12/site-packages/airflow/example_dags/example_python_operator.py
[2024-11-18T05:56:13.260+0000] {processor.py:925} INFO - DAG(s) 'example_python_operator' retrieved from /home/airflow/.local/lib/python3.12/site-packages/airflow/example_dags/example_python_operator.py
[2024-11-18T05:56:13.288+0000] {logging_mixin.py:190} INFO - [2024-11-18T05:56:13.288+0000] {dag.py:3239} INFO - Sync 1 DAGs
[2024-11-18T05:56:13.307+0000] {logging_mixin.py:190} INFO - [2024-11-18T05:56:13.307+0000] {dag.py:4180} INFO - Setting next_dagrun for example_python_operator to None, run_after=None
[2024-11-18T05:56:13.330+0000] {processor.py:208} INFO - Processing /home/airflow/.local/lib/python3.12/site-packages/airflow/example_dags/example_python_operator.py took 0.099 seconds
[2024-11-18T05:56:45.208+0000] {processor.py:186} INFO - Started process (PID=932) to work on /home/airflow/.local/lib/python3.12/site-packages/airflow/example_dags/example_python_operator.py
[2024-11-18T05:56:45.210+0000] {processor.py:914} INFO - Processing file /home/airflow/.local/lib/python3.12/site-packages/airflow/example_dags/example_python_operator.py for tasks to queue
[2024-11-18T05:56:45.213+0000] {logging_mixin.py:190} INFO - [2024-11-18T05:56:45.213+0000] {dagbag.py:588} INFO - Filling up the DagBag from /home/airflow/.local/lib/python3.12/site-packages/airflow/example_dags/example_python_operator.py
[2024-11-18T05:56:45.229+0000] {processor.py:925} INFO - DAG(s) 'example_python_operator' retrieved from /home/airflow/.local/lib/python3.12/site-packages/airflow/example_dags/example_python_operator.py
[2024-11-18T05:56:45.254+0000] {logging_mixin.py:190} INFO - [2024-11-18T05:56:45.254+0000] {dag.py:3239} INFO - Sync 1 DAGs
[2024-11-18T05:56:45.286+0000] {logging_mixin.py:190} INFO - [2024-11-18T05:56:45.286+0000] {dag.py:4180} INFO - Setting next_dagrun for example_python_operator to None, run_after=None
[2024-11-18T05:56:45.336+0000] {processor.py:208} INFO - Processing /home/airflow/.local/lib/python3.12/site-packages/airflow/example_dags/example_python_operator.py took 0.135 seconds
[2024-11-18T05:57:17.129+0000] {processor.py:186} INFO - Started process (PID=995) to work on /home/airflow/.local/lib/python3.12/site-packages/airflow/example_dags/example_python_operator.py
[2024-11-18T05:57:17.130+0000] {processor.py:914} INFO - Processing file /home/airflow/.local/lib/python3.12/site-packages/airflow/example_dags/example_python_operator.py for tasks to queue
[2024-11-18T05:57:17.133+0000] {logging_mixin.py:190} INFO - [2024-11-18T05:57:17.133+0000] {dagbag.py:588} INFO - Filling up the DagBag from /home/airflow/.local/lib/python3.12/site-packages/airflow/example_dags/example_python_operator.py
[2024-11-18T05:57:17.146+0000] {processor.py:925} INFO - DAG(s) 'example_python_operator' retrieved from /home/airflow/.local/lib/python3.12/site-packages/airflow/example_dags/example_python_operator.py
[2024-11-18T05:57:17.185+0000] {logging_mixin.py:190} INFO - [2024-11-18T05:57:17.185+0000] {dag.py:3239} INFO - Sync 1 DAGs
[2024-11-18T05:57:17.205+0000] {logging_mixin.py:190} INFO - [2024-11-18T05:57:17.205+0000] {dag.py:4180} INFO - Setting next_dagrun for example_python_operator to None, run_after=None
[2024-11-18T05:57:17.230+0000] {processor.py:208} INFO - Processing /home/airflow/.local/lib/python3.12/site-packages/airflow/example_dags/example_python_operator.py took 0.107 seconds
[2024-11-18T05:57:48.396+0000] {processor.py:186} INFO - Started process (PID=1058) to work on /home/airflow/.local/lib/python3.12/site-packages/airflow/example_dags/example_python_operator.py
[2024-11-18T05:57:48.397+0000] {processor.py:914} INFO - Processing file /home/airflow/.local/lib/python3.12/site-packages/airflow/example_dags/example_python_operator.py for tasks to queue
[2024-11-18T05:57:48.400+0000] {logging_mixin.py:190} INFO - [2024-11-18T05:57:48.400+0000] {dagbag.py:588} INFO - Filling up the DagBag from /home/airflow/.local/lib/python3.12/site-packages/airflow/example_dags/example_python_operator.py
[2024-11-18T05:57:48.420+0000] {processor.py:925} INFO - DAG(s) 'example_python_operator' retrieved from /home/airflow/.local/lib/python3.12/site-packages/airflow/example_dags/example_python_operator.py
[2024-11-18T05:57:48.464+0000] {logging_mixin.py:190} INFO - [2024-11-18T05:57:48.464+0000] {dag.py:3239} INFO - Sync 1 DAGs
[2024-11-18T05:57:48.486+0000] {logging_mixin.py:190} INFO - [2024-11-18T05:57:48.485+0000] {dag.py:4180} INFO - Setting next_dagrun for example_python_operator to None, run_after=None
[2024-11-18T05:57:48.531+0000] {processor.py:208} INFO - Processing /home/airflow/.local/lib/python3.12/site-packages/airflow/example_dags/example_python_operator.py took 0.142 seconds
[2024-11-18T05:58:19.061+0000] {processor.py:186} INFO - Started process (PID=1127) to work on /home/airflow/.local/lib/python3.12/site-packages/airflow/example_dags/example_python_operator.py
[2024-11-18T05:58:19.062+0000] {processor.py:914} INFO - Processing file /home/airflow/.local/lib/python3.12/site-packages/airflow/example_dags/example_python_operator.py for tasks to queue
[2024-11-18T05:58:19.065+0000] {logging_mixin.py:190} INFO - [2024-11-18T05:58:19.064+0000] {dagbag.py:588} INFO - Filling up the DagBag from /home/airflow/.local/lib/python3.12/site-packages/airflow/example_dags/example_python_operator.py
[2024-11-18T05:58:19.079+0000] {processor.py:925} INFO - DAG(s) 'example_python_operator' retrieved from /home/airflow/.local/lib/python3.12/site-packages/airflow/example_dags/example_python_operator.py
[2024-11-18T05:58:19.104+0000] {logging_mixin.py:190} INFO - [2024-11-18T05:58:19.104+0000] {dag.py:3239} INFO - Sync 1 DAGs
[2024-11-18T05:58:19.121+0000] {logging_mixin.py:190} INFO - [2024-11-18T05:58:19.120+0000] {dag.py:4180} INFO - Setting next_dagrun for example_python_operator to None, run_after=None
[2024-11-18T05:58:19.153+0000] {processor.py:208} INFO - Processing /home/airflow/.local/lib/python3.12/site-packages/airflow/example_dags/example_python_operator.py took 0.098 seconds
[2024-11-18T05:58:50.842+0000] {processor.py:186} INFO - Started process (PID=1190) to work on /home/airflow/.local/lib/python3.12/site-packages/airflow/example_dags/example_python_operator.py
[2024-11-18T05:58:50.843+0000] {processor.py:914} INFO - Processing file /home/airflow/.local/lib/python3.12/site-packages/airflow/example_dags/example_python_operator.py for tasks to queue
[2024-11-18T05:58:50.846+0000] {logging_mixin.py:190} INFO - [2024-11-18T05:58:50.846+0000] {dagbag.py:588} INFO - Filling up the DagBag from /home/airflow/.local/lib/python3.12/site-packages/airflow/example_dags/example_python_operator.py
[2024-11-18T05:58:50.862+0000] {processor.py:925} INFO - DAG(s) 'example_python_operator' retrieved from /home/airflow/.local/lib/python3.12/site-packages/airflow/example_dags/example_python_operator.py
[2024-11-18T05:58:50.887+0000] {logging_mixin.py:190} INFO - [2024-11-18T05:58:50.887+0000] {dag.py:3239} INFO - Sync 1 DAGs
[2024-11-18T05:58:50.905+0000] {logging_mixin.py:190} INFO - [2024-11-18T05:58:50.905+0000] {dag.py:4180} INFO - Setting next_dagrun for example_python_operator to None, run_after=None
[2024-11-18T05:58:50.930+0000] {processor.py:208} INFO - Processing /home/airflow/.local/lib/python3.12/site-packages/airflow/example_dags/example_python_operator.py took 0.095 seconds
[2024-11-18T05:59:22.503+0000] {processor.py:186} INFO - Started process (PID=1253) to work on /home/airflow/.local/lib/python3.12/site-packages/airflow/example_dags/example_python_operator.py
[2024-11-18T05:59:22.504+0000] {processor.py:914} INFO - Processing file /home/airflow/.local/lib/python3.12/site-packages/airflow/example_dags/example_python_operator.py for tasks to queue
[2024-11-18T05:59:22.507+0000] {logging_mixin.py:190} INFO - [2024-11-18T05:59:22.506+0000] {dagbag.py:588} INFO - Filling up the DagBag from /home/airflow/.local/lib/python3.12/site-packages/airflow/example_dags/example_python_operator.py
[2024-11-18T05:59:22.523+0000] {processor.py:925} INFO - DAG(s) 'example_python_operator' retrieved from /home/airflow/.local/lib/python3.12/site-packages/airflow/example_dags/example_python_operator.py
[2024-11-18T05:59:22.550+0000] {logging_mixin.py:190} INFO - [2024-11-18T05:59:22.550+0000] {dag.py:3239} INFO - Sync 1 DAGs
[2024-11-18T05:59:22.571+0000] {logging_mixin.py:190} INFO - [2024-11-18T05:59:22.570+0000] {dag.py:4180} INFO - Setting next_dagrun for example_python_operator to None, run_after=None
[2024-11-18T05:59:22.594+0000] {processor.py:208} INFO - Processing /home/airflow/.local/lib/python3.12/site-packages/airflow/example_dags/example_python_operator.py took 0.098 seconds
[2024-11-18T05:59:53.912+0000] {processor.py:186} INFO - Started process (PID=1317) to work on /home/airflow/.local/lib/python3.12/site-packages/airflow/example_dags/example_python_operator.py
[2024-11-18T05:59:53.914+0000] {processor.py:914} INFO - Processing file /home/airflow/.local/lib/python3.12/site-packages/airflow/example_dags/example_python_operator.py for tasks to queue
[2024-11-18T05:59:53.917+0000] {logging_mixin.py:190} INFO - [2024-11-18T05:59:53.917+0000] {dagbag.py:588} INFO - Filling up the DagBag from /home/airflow/.local/lib/python3.12/site-packages/airflow/example_dags/example_python_operator.py
[2024-11-18T05:59:53.935+0000] {processor.py:925} INFO - DAG(s) 'example_python_operator' retrieved from /home/airflow/.local/lib/python3.12/site-packages/airflow/example_dags/example_python_operator.py
[2024-11-18T05:59:53.964+0000] {logging_mixin.py:190} INFO - [2024-11-18T05:59:53.964+0000] {dag.py:3239} INFO - Sync 1 DAGs
[2024-11-18T05:59:54.004+0000] {logging_mixin.py:190} INFO - [2024-11-18T05:59:54.004+0000] {dag.py:4180} INFO - Setting next_dagrun for example_python_operator to None, run_after=None
[2024-11-18T05:59:54.034+0000] {processor.py:208} INFO - Processing /home/airflow/.local/lib/python3.12/site-packages/airflow/example_dags/example_python_operator.py took 0.129 seconds
[2024-11-18T06:00:25.296+0000] {processor.py:186} INFO - Started process (PID=1381) to work on /home/airflow/.local/lib/python3.12/site-packages/airflow/example_dags/example_python_operator.py
[2024-11-18T06:00:25.297+0000] {processor.py:914} INFO - Processing file /home/airflow/.local/lib/python3.12/site-packages/airflow/example_dags/example_python_operator.py for tasks to queue
[2024-11-18T06:00:25.302+0000] {logging_mixin.py:190} INFO - [2024-11-18T06:00:25.301+0000] {dagbag.py:588} INFO - Filling up the DagBag from /home/airflow/.local/lib/python3.12/site-packages/airflow/example_dags/example_python_operator.py
[2024-11-18T06:00:25.330+0000] {processor.py:925} INFO - DAG(s) 'example_python_operator' retrieved from /home/airflow/.local/lib/python3.12/site-packages/airflow/example_dags/example_python_operator.py
[2024-11-18T06:00:25.375+0000] {logging_mixin.py:190} INFO - [2024-11-18T06:00:25.375+0000] {dag.py:3239} INFO - Sync 1 DAGs
[2024-11-18T06:00:25.405+0000] {logging_mixin.py:190} INFO - [2024-11-18T06:00:25.404+0000] {dag.py:4180} INFO - Setting next_dagrun for example_python_operator to None, run_after=None
[2024-11-18T06:00:25.435+0000] {processor.py:208} INFO - Processing /home/airflow/.local/lib/python3.12/site-packages/airflow/example_dags/example_python_operator.py took 0.148 seconds
[2024-11-18T06:00:56.130+0000] {processor.py:186} INFO - Started process (PID=1445) to work on /home/airflow/.local/lib/python3.12/site-packages/airflow/example_dags/example_python_operator.py
[2024-11-18T06:00:56.131+0000] {processor.py:914} INFO - Processing file /home/airflow/.local/lib/python3.12/site-packages/airflow/example_dags/example_python_operator.py for tasks to queue
[2024-11-18T06:00:56.135+0000] {logging_mixin.py:190} INFO - [2024-11-18T06:00:56.135+0000] {dagbag.py:588} INFO - Filling up the DagBag from /home/airflow/.local/lib/python3.12/site-packages/airflow/example_dags/example_python_operator.py
[2024-11-18T06:00:56.153+0000] {processor.py:925} INFO - DAG(s) 'example_python_operator' retrieved from /home/airflow/.local/lib/python3.12/site-packages/airflow/example_dags/example_python_operator.py
[2024-11-18T06:00:56.182+0000] {logging_mixin.py:190} INFO - [2024-11-18T06:00:56.182+0000] {dag.py:3239} INFO - Sync 1 DAGs
[2024-11-18T06:00:56.207+0000] {logging_mixin.py:190} INFO - [2024-11-18T06:00:56.207+0000] {dag.py:4180} INFO - Setting next_dagrun for example_python_operator to None, run_after=None
[2024-11-18T06:00:56.233+0000] {processor.py:208} INFO - Processing /home/airflow/.local/lib/python3.12/site-packages/airflow/example_dags/example_python_operator.py took 0.110 seconds
[2024-11-18T06:01:27.656+0000] {processor.py:186} INFO - Started process (PID=1509) to work on /home/airflow/.local/lib/python3.12/site-packages/airflow/example_dags/example_python_operator.py
[2024-11-18T06:01:27.657+0000] {processor.py:914} INFO - Processing file /home/airflow/.local/lib/python3.12/site-packages/airflow/example_dags/example_python_operator.py for tasks to queue
[2024-11-18T06:01:27.661+0000] {logging_mixin.py:190} INFO - [2024-11-18T06:01:27.661+0000] {dagbag.py:588} INFO - Filling up the DagBag from /home/airflow/.local/lib/python3.12/site-packages/airflow/example_dags/example_python_operator.py
[2024-11-18T06:01:27.677+0000] {processor.py:925} INFO - DAG(s) 'example_python_operator' retrieved from /home/airflow/.local/lib/python3.12/site-packages/airflow/example_dags/example_python_operator.py
[2024-11-18T06:01:27.707+0000] {logging_mixin.py:190} INFO - [2024-11-18T06:01:27.706+0000] {dag.py:3239} INFO - Sync 1 DAGs
[2024-11-18T06:01:27.726+0000] {logging_mixin.py:190} INFO - [2024-11-18T06:01:27.726+0000] {dag.py:4180} INFO - Setting next_dagrun for example_python_operator to None, run_after=None
[2024-11-18T06:01:27.747+0000] {processor.py:208} INFO - Processing /home/airflow/.local/lib/python3.12/site-packages/airflow/example_dags/example_python_operator.py took 0.103 seconds
[2024-11-18T06:01:59.364+0000] {processor.py:186} INFO - Started process (PID=1573) to work on /home/airflow/.local/lib/python3.12/site-packages/airflow/example_dags/example_python_operator.py
[2024-11-18T06:01:59.365+0000] {processor.py:914} INFO - Processing file /home/airflow/.local/lib/python3.12/site-packages/airflow/example_dags/example_python_operator.py for tasks to queue
[2024-11-18T06:01:59.368+0000] {logging_mixin.py:190} INFO - [2024-11-18T06:01:59.367+0000] {dagbag.py:588} INFO - Filling up the DagBag from /home/airflow/.local/lib/python3.12/site-packages/airflow/example_dags/example_python_operator.py
[2024-11-18T06:01:59.380+0000] {processor.py:925} INFO - DAG(s) 'example_python_operator' retrieved from /home/airflow/.local/lib/python3.12/site-packages/airflow/example_dags/example_python_operator.py
[2024-11-18T06:01:59.406+0000] {logging_mixin.py:190} INFO - [2024-11-18T06:01:59.406+0000] {dag.py:3239} INFO - Sync 1 DAGs
[2024-11-18T06:01:59.425+0000] {logging_mixin.py:190} INFO - [2024-11-18T06:01:59.424+0000] {dag.py:4180} INFO - Setting next_dagrun for example_python_operator to None, run_after=None
[2024-11-18T06:01:59.449+0000] {processor.py:208} INFO - Processing /home/airflow/.local/lib/python3.12/site-packages/airflow/example_dags/example_python_operator.py took 0.094 seconds
[2024-11-18T06:02:30.655+0000] {processor.py:186} INFO - Started process (PID=1637) to work on /home/airflow/.local/lib/python3.12/site-packages/airflow/example_dags/example_python_operator.py
[2024-11-18T06:02:30.656+0000] {processor.py:914} INFO - Processing file /home/airflow/.local/lib/python3.12/site-packages/airflow/example_dags/example_python_operator.py for tasks to queue
[2024-11-18T06:02:30.659+0000] {logging_mixin.py:190} INFO - [2024-11-18T06:02:30.659+0000] {dagbag.py:588} INFO - Filling up the DagBag from /home/airflow/.local/lib/python3.12/site-packages/airflow/example_dags/example_python_operator.py
[2024-11-18T06:02:30.675+0000] {processor.py:925} INFO - DAG(s) 'example_python_operator' retrieved from /home/airflow/.local/lib/python3.12/site-packages/airflow/example_dags/example_python_operator.py
[2024-11-18T06:02:30.700+0000] {logging_mixin.py:190} INFO - [2024-11-18T06:02:30.700+0000] {dag.py:3239} INFO - Sync 1 DAGs
[2024-11-18T06:02:30.716+0000] {logging_mixin.py:190} INFO - [2024-11-18T06:02:30.715+0000] {dag.py:4180} INFO - Setting next_dagrun for example_python_operator to None, run_after=None
[2024-11-18T06:02:30.741+0000] {processor.py:208} INFO - Processing /home/airflow/.local/lib/python3.12/site-packages/airflow/example_dags/example_python_operator.py took 0.094 seconds
[2024-11-18T06:03:01.813+0000] {processor.py:186} INFO - Started process (PID=1700) to work on /home/airflow/.local/lib/python3.12/site-packages/airflow/example_dags/example_python_operator.py
[2024-11-18T06:03:01.814+0000] {processor.py:914} INFO - Processing file /home/airflow/.local/lib/python3.12/site-packages/airflow/example_dags/example_python_operator.py for tasks to queue
[2024-11-18T06:03:01.817+0000] {logging_mixin.py:190} INFO - [2024-11-18T06:03:01.816+0000] {dagbag.py:588} INFO - Filling up the DagBag from /home/airflow/.local/lib/python3.12/site-packages/airflow/example_dags/example_python_operator.py
[2024-11-18T06:03:01.831+0000] {processor.py:925} INFO - DAG(s) 'example_python_operator' retrieved from /home/airflow/.local/lib/python3.12/site-packages/airflow/example_dags/example_python_operator.py
[2024-11-18T06:03:01.859+0000] {logging_mixin.py:190} INFO - [2024-11-18T06:03:01.858+0000] {dag.py:3239} INFO - Sync 1 DAGs
[2024-11-18T06:03:01.875+0000] {logging_mixin.py:190} INFO - [2024-11-18T06:03:01.874+0000] {dag.py:4180} INFO - Setting next_dagrun for example_python_operator to None, run_after=None
[2024-11-18T06:03:01.895+0000] {processor.py:208} INFO - Processing /home/airflow/.local/lib/python3.12/site-packages/airflow/example_dags/example_python_operator.py took 0.090 seconds
[2024-11-18T06:03:32.850+0000] {processor.py:186} INFO - Started process (PID=1764) to work on /home/airflow/.local/lib/python3.12/site-packages/airflow/example_dags/example_python_operator.py
[2024-11-18T06:03:32.851+0000] {processor.py:914} INFO - Processing file /home/airflow/.local/lib/python3.12/site-packages/airflow/example_dags/example_python_operator.py for tasks to queue
[2024-11-18T06:03:32.854+0000] {logging_mixin.py:190} INFO - [2024-11-18T06:03:32.854+0000] {dagbag.py:588} INFO - Filling up the DagBag from /home/airflow/.local/lib/python3.12/site-packages/airflow/example_dags/example_python_operator.py
[2024-11-18T06:03:32.872+0000] {processor.py:925} INFO - DAG(s) 'example_python_operator' retrieved from /home/airflow/.local/lib/python3.12/site-packages/airflow/example_dags/example_python_operator.py
[2024-11-18T06:03:32.907+0000] {logging_mixin.py:190} INFO - [2024-11-18T06:03:32.906+0000] {dag.py:3239} INFO - Sync 1 DAGs
[2024-11-18T06:03:32.929+0000] {logging_mixin.py:190} INFO - [2024-11-18T06:03:32.928+0000] {dag.py:4180} INFO - Setting next_dagrun for example_python_operator to None, run_after=None
[2024-11-18T06:03:32.960+0000] {processor.py:208} INFO - Processing /home/airflow/.local/lib/python3.12/site-packages/airflow/example_dags/example_python_operator.py took 0.118 seconds
[2024-11-18T06:04:03.727+0000] {processor.py:186} INFO - Started process (PID=1828) to work on /home/airflow/.local/lib/python3.12/site-packages/airflow/example_dags/example_python_operator.py
[2024-11-18T06:04:03.728+0000] {processor.py:914} INFO - Processing file /home/airflow/.local/lib/python3.12/site-packages/airflow/example_dags/example_python_operator.py for tasks to queue
[2024-11-18T06:04:03.730+0000] {logging_mixin.py:190} INFO - [2024-11-18T06:04:03.730+0000] {dagbag.py:588} INFO - Filling up the DagBag from /home/airflow/.local/lib/python3.12/site-packages/airflow/example_dags/example_python_operator.py
[2024-11-18T06:04:03.739+0000] {processor.py:925} INFO - DAG(s) 'example_python_operator' retrieved from /home/airflow/.local/lib/python3.12/site-packages/airflow/example_dags/example_python_operator.py
[2024-11-18T06:04:03.756+0000] {logging_mixin.py:190} INFO - [2024-11-18T06:04:03.755+0000] {dag.py:3239} INFO - Sync 1 DAGs
[2024-11-18T06:04:03.766+0000] {logging_mixin.py:190} INFO - [2024-11-18T06:04:03.766+0000] {dag.py:4180} INFO - Setting next_dagrun for example_python_operator to None, run_after=None
[2024-11-18T06:04:03.782+0000] {processor.py:208} INFO - Processing /home/airflow/.local/lib/python3.12/site-packages/airflow/example_dags/example_python_operator.py took 0.059 seconds
[2024-11-18T06:04:34.923+0000] {processor.py:186} INFO - Started process (PID=1892) to work on /home/airflow/.local/lib/python3.12/site-packages/airflow/example_dags/example_python_operator.py
[2024-11-18T06:04:34.924+0000] {processor.py:914} INFO - Processing file /home/airflow/.local/lib/python3.12/site-packages/airflow/example_dags/example_python_operator.py for tasks to queue
[2024-11-18T06:04:34.926+0000] {logging_mixin.py:190} INFO - [2024-11-18T06:04:34.925+0000] {dagbag.py:588} INFO - Filling up the DagBag from /home/airflow/.local/lib/python3.12/site-packages/airflow/example_dags/example_python_operator.py
[2024-11-18T06:04:34.934+0000] {processor.py:925} INFO - DAG(s) 'example_python_operator' retrieved from /home/airflow/.local/lib/python3.12/site-packages/airflow/example_dags/example_python_operator.py
[2024-11-18T06:04:34.951+0000] {logging_mixin.py:190} INFO - [2024-11-18T06:04:34.951+0000] {dag.py:3239} INFO - Sync 1 DAGs
[2024-11-18T06:04:34.962+0000] {logging_mixin.py:190} INFO - [2024-11-18T06:04:34.962+0000] {dag.py:4180} INFO - Setting next_dagrun for example_python_operator to None, run_after=None
[2024-11-18T06:04:34.976+0000] {processor.py:208} INFO - Processing /home/airflow/.local/lib/python3.12/site-packages/airflow/example_dags/example_python_operator.py took 0.057 seconds
[2024-11-18T06:05:06.659+0000] {processor.py:186} INFO - Started process (PID=1958) to work on /home/airflow/.local/lib/python3.12/site-packages/airflow/example_dags/example_python_operator.py
[2024-11-18T06:05:06.660+0000] {processor.py:914} INFO - Processing file /home/airflow/.local/lib/python3.12/site-packages/airflow/example_dags/example_python_operator.py for tasks to queue
[2024-11-18T06:05:06.662+0000] {logging_mixin.py:190} INFO - [2024-11-18T06:05:06.662+0000] {dagbag.py:588} INFO - Filling up the DagBag from /home/airflow/.local/lib/python3.12/site-packages/airflow/example_dags/example_python_operator.py
[2024-11-18T06:05:06.674+0000] {processor.py:925} INFO - DAG(s) 'example_python_operator' retrieved from /home/airflow/.local/lib/python3.12/site-packages/airflow/example_dags/example_python_operator.py
[2024-11-18T06:05:06.692+0000] {logging_mixin.py:190} INFO - [2024-11-18T06:05:06.691+0000] {dag.py:3239} INFO - Sync 1 DAGs
[2024-11-18T06:05:06.702+0000] {logging_mixin.py:190} INFO - [2024-11-18T06:05:06.702+0000] {dag.py:4180} INFO - Setting next_dagrun for example_python_operator to None, run_after=None
[2024-11-18T06:05:06.721+0000] {processor.py:208} INFO - Processing /home/airflow/.local/lib/python3.12/site-packages/airflow/example_dags/example_python_operator.py took 0.066 seconds
[2024-11-18T06:05:38.064+0000] {processor.py:186} INFO - Started process (PID=2024) to work on /home/airflow/.local/lib/python3.12/site-packages/airflow/example_dags/example_python_operator.py
[2024-11-18T06:05:38.065+0000] {processor.py:914} INFO - Processing file /home/airflow/.local/lib/python3.12/site-packages/airflow/example_dags/example_python_operator.py for tasks to queue
[2024-11-18T06:05:38.067+0000] {logging_mixin.py:190} INFO - [2024-11-18T06:05:38.066+0000] {dagbag.py:588} INFO - Filling up the DagBag from /home/airflow/.local/lib/python3.12/site-packages/airflow/example_dags/example_python_operator.py
[2024-11-18T06:05:38.077+0000] {processor.py:925} INFO - DAG(s) 'example_python_operator' retrieved from /home/airflow/.local/lib/python3.12/site-packages/airflow/example_dags/example_python_operator.py
[2024-11-18T06:05:38.094+0000] {logging_mixin.py:190} INFO - [2024-11-18T06:05:38.093+0000] {dag.py:3239} INFO - Sync 1 DAGs
[2024-11-18T06:05:38.105+0000] {logging_mixin.py:190} INFO - [2024-11-18T06:05:38.105+0000] {dag.py:4180} INFO - Setting next_dagrun for example_python_operator to None, run_after=None
[2024-11-18T06:05:38.123+0000] {processor.py:208} INFO - Processing /home/airflow/.local/lib/python3.12/site-packages/airflow/example_dags/example_python_operator.py took 0.063 seconds
[2024-11-18T06:06:09.284+0000] {processor.py:186} INFO - Started process (PID=2088) to work on /home/airflow/.local/lib/python3.12/site-packages/airflow/example_dags/example_python_operator.py
[2024-11-18T06:06:09.285+0000] {processor.py:914} INFO - Processing file /home/airflow/.local/lib/python3.12/site-packages/airflow/example_dags/example_python_operator.py for tasks to queue
[2024-11-18T06:06:09.287+0000] {logging_mixin.py:190} INFO - [2024-11-18T06:06:09.286+0000] {dagbag.py:588} INFO - Filling up the DagBag from /home/airflow/.local/lib/python3.12/site-packages/airflow/example_dags/example_python_operator.py
[2024-11-18T06:06:09.296+0000] {processor.py:925} INFO - DAG(s) 'example_python_operator' retrieved from /home/airflow/.local/lib/python3.12/site-packages/airflow/example_dags/example_python_operator.py
[2024-11-18T06:06:09.314+0000] {logging_mixin.py:190} INFO - [2024-11-18T06:06:09.314+0000] {dag.py:3239} INFO - Sync 1 DAGs
[2024-11-18T06:06:09.325+0000] {logging_mixin.py:190} INFO - [2024-11-18T06:06:09.324+0000] {dag.py:4180} INFO - Setting next_dagrun for example_python_operator to None, run_after=None
[2024-11-18T06:06:09.340+0000] {processor.py:208} INFO - Processing /home/airflow/.local/lib/python3.12/site-packages/airflow/example_dags/example_python_operator.py took 0.061 seconds
[2024-11-18T06:06:40.682+0000] {processor.py:186} INFO - Started process (PID=2155) to work on /home/airflow/.local/lib/python3.12/site-packages/airflow/example_dags/example_python_operator.py
[2024-11-18T06:06:40.683+0000] {processor.py:914} INFO - Processing file /home/airflow/.local/lib/python3.12/site-packages/airflow/example_dags/example_python_operator.py for tasks to queue
[2024-11-18T06:06:40.685+0000] {logging_mixin.py:190} INFO - [2024-11-18T06:06:40.685+0000] {dagbag.py:588} INFO - Filling up the DagBag from /home/airflow/.local/lib/python3.12/site-packages/airflow/example_dags/example_python_operator.py
[2024-11-18T06:06:40.693+0000] {processor.py:925} INFO - DAG(s) 'example_python_operator' retrieved from /home/airflow/.local/lib/python3.12/site-packages/airflow/example_dags/example_python_operator.py
[2024-11-18T06:06:40.711+0000] {logging_mixin.py:190} INFO - [2024-11-18T06:06:40.711+0000] {dag.py:3239} INFO - Sync 1 DAGs
[2024-11-18T06:06:40.722+0000] {logging_mixin.py:190} INFO - [2024-11-18T06:06:40.722+0000] {dag.py:4180} INFO - Setting next_dagrun for example_python_operator to None, run_after=None
[2024-11-18T06:06:40.737+0000] {processor.py:208} INFO - Processing /home/airflow/.local/lib/python3.12/site-packages/airflow/example_dags/example_python_operator.py took 0.059 seconds
[2024-11-18T06:07:12.712+0000] {processor.py:186} INFO - Started process (PID=2229) to work on /home/airflow/.local/lib/python3.12/site-packages/airflow/example_dags/example_python_operator.py
[2024-11-18T06:07:12.713+0000] {processor.py:914} INFO - Processing file /home/airflow/.local/lib/python3.12/site-packages/airflow/example_dags/example_python_operator.py for tasks to queue
[2024-11-18T06:07:12.716+0000] {logging_mixin.py:190} INFO - [2024-11-18T06:07:12.715+0000] {dagbag.py:588} INFO - Filling up the DagBag from /home/airflow/.local/lib/python3.12/site-packages/airflow/example_dags/example_python_operator.py
[2024-11-18T06:07:12.725+0000] {processor.py:925} INFO - DAG(s) 'example_python_operator' retrieved from /home/airflow/.local/lib/python3.12/site-packages/airflow/example_dags/example_python_operator.py
[2024-11-18T06:07:12.744+0000] {logging_mixin.py:190} INFO - [2024-11-18T06:07:12.744+0000] {dag.py:3239} INFO - Sync 1 DAGs
[2024-11-18T06:07:12.755+0000] {logging_mixin.py:190} INFO - [2024-11-18T06:07:12.755+0000] {dag.py:4180} INFO - Setting next_dagrun for example_python_operator to None, run_after=None
[2024-11-18T06:07:12.771+0000] {processor.py:208} INFO - Processing /home/airflow/.local/lib/python3.12/site-packages/airflow/example_dags/example_python_operator.py took 0.063 seconds
[2024-11-18T06:07:44.006+0000] {processor.py:186} INFO - Started process (PID=2293) to work on /home/airflow/.local/lib/python3.12/site-packages/airflow/example_dags/example_python_operator.py
[2024-11-18T06:07:44.007+0000] {processor.py:914} INFO - Processing file /home/airflow/.local/lib/python3.12/site-packages/airflow/example_dags/example_python_operator.py for tasks to queue
[2024-11-18T06:07:44.009+0000] {logging_mixin.py:190} INFO - [2024-11-18T06:07:44.008+0000] {dagbag.py:588} INFO - Filling up the DagBag from /home/airflow/.local/lib/python3.12/site-packages/airflow/example_dags/example_python_operator.py
[2024-11-18T06:07:44.017+0000] {processor.py:925} INFO - DAG(s) 'example_python_operator' retrieved from /home/airflow/.local/lib/python3.12/site-packages/airflow/example_dags/example_python_operator.py
[2024-11-18T06:07:44.035+0000] {logging_mixin.py:190} INFO - [2024-11-18T06:07:44.035+0000] {dag.py:3239} INFO - Sync 1 DAGs
[2024-11-18T06:07:44.047+0000] {logging_mixin.py:190} INFO - [2024-11-18T06:07:44.047+0000] {dag.py:4180} INFO - Setting next_dagrun for example_python_operator to None, run_after=None
[2024-11-18T06:07:44.064+0000] {processor.py:208} INFO - Processing /home/airflow/.local/lib/python3.12/site-packages/airflow/example_dags/example_python_operator.py took 0.062 seconds
[2024-11-18T06:08:14.680+0000] {processor.py:186} INFO - Started process (PID=2357) to work on /home/airflow/.local/lib/python3.12/site-packages/airflow/example_dags/example_python_operator.py
[2024-11-18T06:08:14.681+0000] {processor.py:914} INFO - Processing file /home/airflow/.local/lib/python3.12/site-packages/airflow/example_dags/example_python_operator.py for tasks to queue
[2024-11-18T06:08:14.683+0000] {logging_mixin.py:190} INFO - [2024-11-18T06:08:14.683+0000] {dagbag.py:588} INFO - Filling up the DagBag from /home/airflow/.local/lib/python3.12/site-packages/airflow/example_dags/example_python_operator.py
[2024-11-18T06:08:14.693+0000] {processor.py:925} INFO - DAG(s) 'example_python_operator' retrieved from /home/airflow/.local/lib/python3.12/site-packages/airflow/example_dags/example_python_operator.py
[2024-11-18T06:08:14.711+0000] {logging_mixin.py:190} INFO - [2024-11-18T06:08:14.711+0000] {dag.py:3239} INFO - Sync 1 DAGs
[2024-11-18T06:08:14.724+0000] {logging_mixin.py:190} INFO - [2024-11-18T06:08:14.724+0000] {dag.py:4180} INFO - Setting next_dagrun for example_python_operator to None, run_after=None
[2024-11-18T06:08:14.742+0000] {processor.py:208} INFO - Processing /home/airflow/.local/lib/python3.12/site-packages/airflow/example_dags/example_python_operator.py took 0.066 seconds
[2024-11-18T06:08:45.478+0000] {processor.py:186} INFO - Started process (PID=2421) to work on /home/airflow/.local/lib/python3.12/site-packages/airflow/example_dags/example_python_operator.py
[2024-11-18T06:08:45.480+0000] {processor.py:914} INFO - Processing file /home/airflow/.local/lib/python3.12/site-packages/airflow/example_dags/example_python_operator.py for tasks to queue
[2024-11-18T06:08:45.482+0000] {logging_mixin.py:190} INFO - [2024-11-18T06:08:45.482+0000] {dagbag.py:588} INFO - Filling up the DagBag from /home/airflow/.local/lib/python3.12/site-packages/airflow/example_dags/example_python_operator.py
[2024-11-18T06:08:45.493+0000] {processor.py:925} INFO - DAG(s) 'example_python_operator' retrieved from /home/airflow/.local/lib/python3.12/site-packages/airflow/example_dags/example_python_operator.py
[2024-11-18T06:08:45.511+0000] {logging_mixin.py:190} INFO - [2024-11-18T06:08:45.511+0000] {dag.py:3239} INFO - Sync 1 DAGs
[2024-11-18T06:08:45.523+0000] {logging_mixin.py:190} INFO - [2024-11-18T06:08:45.522+0000] {dag.py:4180} INFO - Setting next_dagrun for example_python_operator to None, run_after=None
[2024-11-18T06:08:45.540+0000] {processor.py:208} INFO - Processing /home/airflow/.local/lib/python3.12/site-packages/airflow/example_dags/example_python_operator.py took 0.066 seconds
[2024-11-18T06:09:16.560+0000] {processor.py:186} INFO - Started process (PID=2485) to work on /home/airflow/.local/lib/python3.12/site-packages/airflow/example_dags/example_python_operator.py
[2024-11-18T06:09:16.561+0000] {processor.py:914} INFO - Processing file /home/airflow/.local/lib/python3.12/site-packages/airflow/example_dags/example_python_operator.py for tasks to queue
[2024-11-18T06:09:16.563+0000] {logging_mixin.py:190} INFO - [2024-11-18T06:09:16.563+0000] {dagbag.py:588} INFO - Filling up the DagBag from /home/airflow/.local/lib/python3.12/site-packages/airflow/example_dags/example_python_operator.py
[2024-11-18T06:09:16.572+0000] {processor.py:925} INFO - DAG(s) 'example_python_operator' retrieved from /home/airflow/.local/lib/python3.12/site-packages/airflow/example_dags/example_python_operator.py
[2024-11-18T06:09:16.593+0000] {logging_mixin.py:190} INFO - [2024-11-18T06:09:16.592+0000] {dag.py:3239} INFO - Sync 1 DAGs
[2024-11-18T06:09:16.604+0000] {logging_mixin.py:190} INFO - [2024-11-18T06:09:16.604+0000] {dag.py:4180} INFO - Setting next_dagrun for example_python_operator to None, run_after=None
[2024-11-18T06:09:16.621+0000] {processor.py:208} INFO - Processing /home/airflow/.local/lib/python3.12/site-packages/airflow/example_dags/example_python_operator.py took 0.067 seconds
[2024-11-18T06:09:47.200+0000] {processor.py:186} INFO - Started process (PID=2549) to work on /home/airflow/.local/lib/python3.12/site-packages/airflow/example_dags/example_python_operator.py
[2024-11-18T06:09:47.202+0000] {processor.py:914} INFO - Processing file /home/airflow/.local/lib/python3.12/site-packages/airflow/example_dags/example_python_operator.py for tasks to queue
[2024-11-18T06:09:47.205+0000] {logging_mixin.py:190} INFO - [2024-11-18T06:09:47.204+0000] {dagbag.py:588} INFO - Filling up the DagBag from /home/airflow/.local/lib/python3.12/site-packages/airflow/example_dags/example_python_operator.py
[2024-11-18T06:09:47.219+0000] {processor.py:925} INFO - DAG(s) 'example_python_operator' retrieved from /home/airflow/.local/lib/python3.12/site-packages/airflow/example_dags/example_python_operator.py
[2024-11-18T06:09:47.245+0000] {logging_mixin.py:190} INFO - [2024-11-18T06:09:47.245+0000] {dag.py:3239} INFO - Sync 1 DAGs
[2024-11-18T06:09:47.262+0000] {logging_mixin.py:190} INFO - [2024-11-18T06:09:47.261+0000] {dag.py:4180} INFO - Setting next_dagrun for example_python_operator to None, run_after=None
[2024-11-18T06:09:47.293+0000] {processor.py:208} INFO - Processing /home/airflow/.local/lib/python3.12/site-packages/airflow/example_dags/example_python_operator.py took 0.100 seconds
[2024-11-18T06:10:18.010+0000] {processor.py:186} INFO - Started process (PID=2613) to work on /home/airflow/.local/lib/python3.12/site-packages/airflow/example_dags/example_python_operator.py
[2024-11-18T06:10:18.011+0000] {processor.py:914} INFO - Processing file /home/airflow/.local/lib/python3.12/site-packages/airflow/example_dags/example_python_operator.py for tasks to queue
[2024-11-18T06:10:18.013+0000] {logging_mixin.py:190} INFO - [2024-11-18T06:10:18.013+0000] {dagbag.py:588} INFO - Filling up the DagBag from /home/airflow/.local/lib/python3.12/site-packages/airflow/example_dags/example_python_operator.py
[2024-11-18T06:10:18.025+0000] {processor.py:925} INFO - DAG(s) 'example_python_operator' retrieved from /home/airflow/.local/lib/python3.12/site-packages/airflow/example_dags/example_python_operator.py
[2024-11-18T06:10:18.047+0000] {logging_mixin.py:190} INFO - [2024-11-18T06:10:18.047+0000] {dag.py:3239} INFO - Sync 1 DAGs
[2024-11-18T06:10:18.060+0000] {logging_mixin.py:190} INFO - [2024-11-18T06:10:18.060+0000] {dag.py:4180} INFO - Setting next_dagrun for example_python_operator to None, run_after=None
[2024-11-18T06:10:18.080+0000] {processor.py:208} INFO - Processing /home/airflow/.local/lib/python3.12/site-packages/airflow/example_dags/example_python_operator.py took 0.074 seconds
[2024-11-18T06:10:48.629+0000] {processor.py:186} INFO - Started process (PID=2677) to work on /home/airflow/.local/lib/python3.12/site-packages/airflow/example_dags/example_python_operator.py
[2024-11-18T06:10:48.630+0000] {processor.py:914} INFO - Processing file /home/airflow/.local/lib/python3.12/site-packages/airflow/example_dags/example_python_operator.py for tasks to queue
[2024-11-18T06:10:48.632+0000] {logging_mixin.py:190} INFO - [2024-11-18T06:10:48.632+0000] {dagbag.py:588} INFO - Filling up the DagBag from /home/airflow/.local/lib/python3.12/site-packages/airflow/example_dags/example_python_operator.py
[2024-11-18T06:10:48.641+0000] {processor.py:925} INFO - DAG(s) 'example_python_operator' retrieved from /home/airflow/.local/lib/python3.12/site-packages/airflow/example_dags/example_python_operator.py
[2024-11-18T06:10:48.659+0000] {logging_mixin.py:190} INFO - [2024-11-18T06:10:48.658+0000] {dag.py:3239} INFO - Sync 1 DAGs
[2024-11-18T06:10:48.670+0000] {logging_mixin.py:190} INFO - [2024-11-18T06:10:48.670+0000] {dag.py:4180} INFO - Setting next_dagrun for example_python_operator to None, run_after=None
[2024-11-18T06:10:48.689+0000] {processor.py:208} INFO - Processing /home/airflow/.local/lib/python3.12/site-packages/airflow/example_dags/example_python_operator.py took 0.067 seconds
[2024-11-18T06:11:19.193+0000] {processor.py:186} INFO - Started process (PID=2741) to work on /home/airflow/.local/lib/python3.12/site-packages/airflow/example_dags/example_python_operator.py
[2024-11-18T06:11:19.194+0000] {processor.py:914} INFO - Processing file /home/airflow/.local/lib/python3.12/site-packages/airflow/example_dags/example_python_operator.py for tasks to queue
[2024-11-18T06:11:19.197+0000] {logging_mixin.py:190} INFO - [2024-11-18T06:11:19.197+0000] {dagbag.py:588} INFO - Filling up the DagBag from /home/airflow/.local/lib/python3.12/site-packages/airflow/example_dags/example_python_operator.py
[2024-11-18T06:11:19.206+0000] {processor.py:925} INFO - DAG(s) 'example_python_operator' retrieved from /home/airflow/.local/lib/python3.12/site-packages/airflow/example_dags/example_python_operator.py
[2024-11-18T06:11:19.223+0000] {logging_mixin.py:190} INFO - [2024-11-18T06:11:19.223+0000] {dag.py:3239} INFO - Sync 1 DAGs
[2024-11-18T06:11:19.234+0000] {logging_mixin.py:190} INFO - [2024-11-18T06:11:19.234+0000] {dag.py:4180} INFO - Setting next_dagrun for example_python_operator to None, run_after=None
[2024-11-18T06:11:19.248+0000] {processor.py:208} INFO - Processing /home/airflow/.local/lib/python3.12/site-packages/airflow/example_dags/example_python_operator.py took 0.059 seconds
[2024-11-18T06:11:50.022+0000] {processor.py:186} INFO - Started process (PID=2805) to work on /home/airflow/.local/lib/python3.12/site-packages/airflow/example_dags/example_python_operator.py
[2024-11-18T06:11:50.024+0000] {processor.py:914} INFO - Processing file /home/airflow/.local/lib/python3.12/site-packages/airflow/example_dags/example_python_operator.py for tasks to queue
[2024-11-18T06:11:50.026+0000] {logging_mixin.py:190} INFO - [2024-11-18T06:11:50.025+0000] {dagbag.py:588} INFO - Filling up the DagBag from /home/airflow/.local/lib/python3.12/site-packages/airflow/example_dags/example_python_operator.py
[2024-11-18T06:11:50.036+0000] {processor.py:925} INFO - DAG(s) 'example_python_operator' retrieved from /home/airflow/.local/lib/python3.12/site-packages/airflow/example_dags/example_python_operator.py
[2024-11-18T06:11:50.054+0000] {logging_mixin.py:190} INFO - [2024-11-18T06:11:50.054+0000] {dag.py:3239} INFO - Sync 1 DAGs
[2024-11-18T06:11:50.065+0000] {logging_mixin.py:190} INFO - [2024-11-18T06:11:50.064+0000] {dag.py:4180} INFO - Setting next_dagrun for example_python_operator to None, run_after=None
[2024-11-18T06:11:50.081+0000] {processor.py:208} INFO - Processing /home/airflow/.local/lib/python3.12/site-packages/airflow/example_dags/example_python_operator.py took 0.063 seconds
[2024-11-18T06:12:21.412+0000] {processor.py:186} INFO - Started process (PID=2875) to work on /home/airflow/.local/lib/python3.12/site-packages/airflow/example_dags/example_python_operator.py
[2024-11-18T06:12:21.413+0000] {processor.py:914} INFO - Processing file /home/airflow/.local/lib/python3.12/site-packages/airflow/example_dags/example_python_operator.py for tasks to queue
[2024-11-18T06:12:21.415+0000] {logging_mixin.py:190} INFO - [2024-11-18T06:12:21.415+0000] {dagbag.py:588} INFO - Filling up the DagBag from /home/airflow/.local/lib/python3.12/site-packages/airflow/example_dags/example_python_operator.py
[2024-11-18T06:12:21.427+0000] {processor.py:925} INFO - DAG(s) 'example_python_operator' retrieved from /home/airflow/.local/lib/python3.12/site-packages/airflow/example_dags/example_python_operator.py
[2024-11-18T06:12:21.445+0000] {logging_mixin.py:190} INFO - [2024-11-18T06:12:21.445+0000] {dag.py:3239} INFO - Sync 1 DAGs
[2024-11-18T06:12:21.456+0000] {logging_mixin.py:190} INFO - [2024-11-18T06:12:21.456+0000] {dag.py:4180} INFO - Setting next_dagrun for example_python_operator to None, run_after=None
[2024-11-18T06:12:21.473+0000] {processor.py:208} INFO - Processing /home/airflow/.local/lib/python3.12/site-packages/airflow/example_dags/example_python_operator.py took 0.065 seconds
[2024-11-18T06:12:52.366+0000] {processor.py:186} INFO - Started process (PID=2939) to work on /home/airflow/.local/lib/python3.12/site-packages/airflow/example_dags/example_python_operator.py
[2024-11-18T06:12:52.367+0000] {processor.py:914} INFO - Processing file /home/airflow/.local/lib/python3.12/site-packages/airflow/example_dags/example_python_operator.py for tasks to queue
[2024-11-18T06:12:52.369+0000] {logging_mixin.py:190} INFO - [2024-11-18T06:12:52.369+0000] {dagbag.py:588} INFO - Filling up the DagBag from /home/airflow/.local/lib/python3.12/site-packages/airflow/example_dags/example_python_operator.py
[2024-11-18T06:12:52.378+0000] {processor.py:925} INFO - DAG(s) 'example_python_operator' retrieved from /home/airflow/.local/lib/python3.12/site-packages/airflow/example_dags/example_python_operator.py
[2024-11-18T06:12:52.396+0000] {logging_mixin.py:190} INFO - [2024-11-18T06:12:52.396+0000] {dag.py:3239} INFO - Sync 1 DAGs
[2024-11-18T06:12:52.408+0000] {logging_mixin.py:190} INFO - [2024-11-18T06:12:52.407+0000] {dag.py:4180} INFO - Setting next_dagrun for example_python_operator to None, run_after=None
[2024-11-18T06:12:52.424+0000] {processor.py:208} INFO - Processing /home/airflow/.local/lib/python3.12/site-packages/airflow/example_dags/example_python_operator.py took 0.062 seconds
[2024-11-18T06:13:23.175+0000] {processor.py:186} INFO - Started process (PID=3003) to work on /home/airflow/.local/lib/python3.12/site-packages/airflow/example_dags/example_python_operator.py
[2024-11-18T06:13:23.176+0000] {processor.py:914} INFO - Processing file /home/airflow/.local/lib/python3.12/site-packages/airflow/example_dags/example_python_operator.py for tasks to queue
[2024-11-18T06:13:23.178+0000] {logging_mixin.py:190} INFO - [2024-11-18T06:13:23.178+0000] {dagbag.py:588} INFO - Filling up the DagBag from /home/airflow/.local/lib/python3.12/site-packages/airflow/example_dags/example_python_operator.py
[2024-11-18T06:13:23.187+0000] {processor.py:925} INFO - DAG(s) 'example_python_operator' retrieved from /home/airflow/.local/lib/python3.12/site-packages/airflow/example_dags/example_python_operator.py
[2024-11-18T06:13:23.207+0000] {logging_mixin.py:190} INFO - [2024-11-18T06:13:23.207+0000] {dag.py:3239} INFO - Sync 1 DAGs
[2024-11-18T06:13:23.219+0000] {logging_mixin.py:190} INFO - [2024-11-18T06:13:23.219+0000] {dag.py:4180} INFO - Setting next_dagrun for example_python_operator to None, run_after=None
[2024-11-18T06:13:23.236+0000] {processor.py:208} INFO - Processing /home/airflow/.local/lib/python3.12/site-packages/airflow/example_dags/example_python_operator.py took 0.066 seconds
[2024-11-18T06:13:54.280+0000] {processor.py:186} INFO - Started process (PID=3067) to work on /home/airflow/.local/lib/python3.12/site-packages/airflow/example_dags/example_python_operator.py
[2024-11-18T06:13:54.281+0000] {processor.py:914} INFO - Processing file /home/airflow/.local/lib/python3.12/site-packages/airflow/example_dags/example_python_operator.py for tasks to queue
[2024-11-18T06:13:54.283+0000] {logging_mixin.py:190} INFO - [2024-11-18T06:13:54.283+0000] {dagbag.py:588} INFO - Filling up the DagBag from /home/airflow/.local/lib/python3.12/site-packages/airflow/example_dags/example_python_operator.py
[2024-11-18T06:13:54.292+0000] {processor.py:925} INFO - DAG(s) 'example_python_operator' retrieved from /home/airflow/.local/lib/python3.12/site-packages/airflow/example_dags/example_python_operator.py
[2024-11-18T06:13:54.310+0000] {logging_mixin.py:190} INFO - [2024-11-18T06:13:54.310+0000] {dag.py:3239} INFO - Sync 1 DAGs
[2024-11-18T06:13:54.320+0000] {logging_mixin.py:190} INFO - [2024-11-18T06:13:54.320+0000] {dag.py:4180} INFO - Setting next_dagrun for example_python_operator to None, run_after=None
[2024-11-18T06:13:54.335+0000] {processor.py:208} INFO - Processing /home/airflow/.local/lib/python3.12/site-packages/airflow/example_dags/example_python_operator.py took 0.059 seconds
[2024-11-18T06:14:25.064+0000] {processor.py:186} INFO - Started process (PID=3131) to work on /home/airflow/.local/lib/python3.12/site-packages/airflow/example_dags/example_python_operator.py
[2024-11-18T06:14:25.065+0000] {processor.py:914} INFO - Processing file /home/airflow/.local/lib/python3.12/site-packages/airflow/example_dags/example_python_operator.py for tasks to queue
[2024-11-18T06:14:25.067+0000] {logging_mixin.py:190} INFO - [2024-11-18T06:14:25.067+0000] {dagbag.py:588} INFO - Filling up the DagBag from /home/airflow/.local/lib/python3.12/site-packages/airflow/example_dags/example_python_operator.py
[2024-11-18T06:14:25.077+0000] {processor.py:925} INFO - DAG(s) 'example_python_operator' retrieved from /home/airflow/.local/lib/python3.12/site-packages/airflow/example_dags/example_python_operator.py
[2024-11-18T06:14:25.095+0000] {logging_mixin.py:190} INFO - [2024-11-18T06:14:25.095+0000] {dag.py:3239} INFO - Sync 1 DAGs
[2024-11-18T06:14:25.108+0000] {logging_mixin.py:190} INFO - [2024-11-18T06:14:25.108+0000] {dag.py:4180} INFO - Setting next_dagrun for example_python_operator to None, run_after=None
[2024-11-18T06:14:25.124+0000] {processor.py:208} INFO - Processing /home/airflow/.local/lib/python3.12/site-packages/airflow/example_dags/example_python_operator.py took 0.065 seconds
[2024-11-18T06:14:56.304+0000] {processor.py:186} INFO - Started process (PID=3195) to work on /home/airflow/.local/lib/python3.12/site-packages/airflow/example_dags/example_python_operator.py
[2024-11-18T06:14:56.306+0000] {processor.py:914} INFO - Processing file /home/airflow/.local/lib/python3.12/site-packages/airflow/example_dags/example_python_operator.py for tasks to queue
[2024-11-18T06:14:56.309+0000] {logging_mixin.py:190} INFO - [2024-11-18T06:14:56.309+0000] {dagbag.py:588} INFO - Filling up the DagBag from /home/airflow/.local/lib/python3.12/site-packages/airflow/example_dags/example_python_operator.py
[2024-11-18T06:14:56.324+0000] {processor.py:925} INFO - DAG(s) 'example_python_operator' retrieved from /home/airflow/.local/lib/python3.12/site-packages/airflow/example_dags/example_python_operator.py
[2024-11-18T06:14:56.352+0000] {logging_mixin.py:190} INFO - [2024-11-18T06:14:56.351+0000] {dag.py:3239} INFO - Sync 1 DAGs
[2024-11-18T06:14:56.369+0000] {logging_mixin.py:190} INFO - [2024-11-18T06:14:56.369+0000] {dag.py:4180} INFO - Setting next_dagrun for example_python_operator to None, run_after=None
[2024-11-18T06:14:56.388+0000] {processor.py:208} INFO - Processing /home/airflow/.local/lib/python3.12/site-packages/airflow/example_dags/example_python_operator.py took 0.092 seconds
[2024-11-18T06:15:27.589+0000] {processor.py:186} INFO - Started process (PID=3259) to work on /home/airflow/.local/lib/python3.12/site-packages/airflow/example_dags/example_python_operator.py
[2024-11-18T06:15:27.590+0000] {processor.py:914} INFO - Processing file /home/airflow/.local/lib/python3.12/site-packages/airflow/example_dags/example_python_operator.py for tasks to queue
[2024-11-18T06:15:27.593+0000] {logging_mixin.py:190} INFO - [2024-11-18T06:15:27.592+0000] {dagbag.py:588} INFO - Filling up the DagBag from /home/airflow/.local/lib/python3.12/site-packages/airflow/example_dags/example_python_operator.py
[2024-11-18T06:15:27.602+0000] {processor.py:925} INFO - DAG(s) 'example_python_operator' retrieved from /home/airflow/.local/lib/python3.12/site-packages/airflow/example_dags/example_python_operator.py
[2024-11-18T06:15:27.619+0000] {logging_mixin.py:190} INFO - [2024-11-18T06:15:27.619+0000] {dag.py:3239} INFO - Sync 1 DAGs
[2024-11-18T06:15:27.631+0000] {logging_mixin.py:190} INFO - [2024-11-18T06:15:27.631+0000] {dag.py:4180} INFO - Setting next_dagrun for example_python_operator to None, run_after=None
[2024-11-18T06:15:27.649+0000] {processor.py:208} INFO - Processing /home/airflow/.local/lib/python3.12/site-packages/airflow/example_dags/example_python_operator.py took 0.064 seconds
[2024-11-18T06:15:58.692+0000] {processor.py:186} INFO - Started process (PID=3323) to work on /home/airflow/.local/lib/python3.12/site-packages/airflow/example_dags/example_python_operator.py
[2024-11-18T06:15:58.693+0000] {processor.py:914} INFO - Processing file /home/airflow/.local/lib/python3.12/site-packages/airflow/example_dags/example_python_operator.py for tasks to queue
[2024-11-18T06:15:58.695+0000] {logging_mixin.py:190} INFO - [2024-11-18T06:15:58.695+0000] {dagbag.py:588} INFO - Filling up the DagBag from /home/airflow/.local/lib/python3.12/site-packages/airflow/example_dags/example_python_operator.py
[2024-11-18T06:15:58.706+0000] {processor.py:925} INFO - DAG(s) 'example_python_operator' retrieved from /home/airflow/.local/lib/python3.12/site-packages/airflow/example_dags/example_python_operator.py
[2024-11-18T06:15:58.742+0000] {logging_mixin.py:190} INFO - [2024-11-18T06:15:58.741+0000] {dag.py:3239} INFO - Sync 1 DAGs
[2024-11-18T06:15:58.766+0000] {logging_mixin.py:190} INFO - [2024-11-18T06:15:58.766+0000] {dag.py:4180} INFO - Setting next_dagrun for example_python_operator to None, run_after=None
[2024-11-18T06:15:58.801+0000] {processor.py:208} INFO - Processing /home/airflow/.local/lib/python3.12/site-packages/airflow/example_dags/example_python_operator.py took 0.113 seconds
[2024-11-18T06:16:29.970+0000] {processor.py:186} INFO - Started process (PID=3387) to work on /home/airflow/.local/lib/python3.12/site-packages/airflow/example_dags/example_python_operator.py
[2024-11-18T06:16:29.971+0000] {processor.py:914} INFO - Processing file /home/airflow/.local/lib/python3.12/site-packages/airflow/example_dags/example_python_operator.py for tasks to queue
[2024-11-18T06:16:29.973+0000] {logging_mixin.py:190} INFO - [2024-11-18T06:16:29.973+0000] {dagbag.py:588} INFO - Filling up the DagBag from /home/airflow/.local/lib/python3.12/site-packages/airflow/example_dags/example_python_operator.py
[2024-11-18T06:16:29.984+0000] {processor.py:925} INFO - DAG(s) 'example_python_operator' retrieved from /home/airflow/.local/lib/python3.12/site-packages/airflow/example_dags/example_python_operator.py
[2024-11-18T06:16:30.005+0000] {logging_mixin.py:190} INFO - [2024-11-18T06:16:30.004+0000] {dag.py:3239} INFO - Sync 1 DAGs
[2024-11-18T06:16:30.019+0000] {logging_mixin.py:190} INFO - [2024-11-18T06:16:30.018+0000] {dag.py:4180} INFO - Setting next_dagrun for example_python_operator to None, run_after=None
[2024-11-18T06:16:30.166+0000] {processor.py:208} INFO - Processing /home/airflow/.local/lib/python3.12/site-packages/airflow/example_dags/example_python_operator.py took 0.203 seconds
[2024-11-18T06:17:01.157+0000] {processor.py:186} INFO - Started process (PID=3451) to work on /home/airflow/.local/lib/python3.12/site-packages/airflow/example_dags/example_python_operator.py
[2024-11-18T06:17:01.159+0000] {processor.py:914} INFO - Processing file /home/airflow/.local/lib/python3.12/site-packages/airflow/example_dags/example_python_operator.py for tasks to queue
[2024-11-18T06:17:01.161+0000] {logging_mixin.py:190} INFO - [2024-11-18T06:17:01.161+0000] {dagbag.py:588} INFO - Filling up the DagBag from /home/airflow/.local/lib/python3.12/site-packages/airflow/example_dags/example_python_operator.py
[2024-11-18T06:17:01.169+0000] {processor.py:925} INFO - DAG(s) 'example_python_operator' retrieved from /home/airflow/.local/lib/python3.12/site-packages/airflow/example_dags/example_python_operator.py
[2024-11-18T06:17:01.187+0000] {logging_mixin.py:190} INFO - [2024-11-18T06:17:01.187+0000] {dag.py:3239} INFO - Sync 1 DAGs
[2024-11-18T06:17:01.198+0000] {logging_mixin.py:190} INFO - [2024-11-18T06:17:01.198+0000] {dag.py:4180} INFO - Setting next_dagrun for example_python_operator to None, run_after=None
[2024-11-18T06:17:01.226+0000] {processor.py:208} INFO - Processing /home/airflow/.local/lib/python3.12/site-packages/airflow/example_dags/example_python_operator.py took 0.072 seconds
[2024-11-18T06:17:32.007+0000] {processor.py:186} INFO - Started process (PID=3515) to work on /home/airflow/.local/lib/python3.12/site-packages/airflow/example_dags/example_python_operator.py
[2024-11-18T06:17:32.009+0000] {processor.py:914} INFO - Processing file /home/airflow/.local/lib/python3.12/site-packages/airflow/example_dags/example_python_operator.py for tasks to queue
[2024-11-18T06:17:32.011+0000] {logging_mixin.py:190} INFO - [2024-11-18T06:17:32.011+0000] {dagbag.py:588} INFO - Filling up the DagBag from /home/airflow/.local/lib/python3.12/site-packages/airflow/example_dags/example_python_operator.py
[2024-11-18T06:17:32.024+0000] {processor.py:925} INFO - DAG(s) 'example_python_operator' retrieved from /home/airflow/.local/lib/python3.12/site-packages/airflow/example_dags/example_python_operator.py
[2024-11-18T06:17:32.044+0000] {logging_mixin.py:190} INFO - [2024-11-18T06:17:32.044+0000] {dag.py:3239} INFO - Sync 1 DAGs
[2024-11-18T06:17:32.057+0000] {logging_mixin.py:190} INFO - [2024-11-18T06:17:32.057+0000] {dag.py:4180} INFO - Setting next_dagrun for example_python_operator to None, run_after=None
[2024-11-18T06:17:32.074+0000] {processor.py:208} INFO - Processing /home/airflow/.local/lib/python3.12/site-packages/airflow/example_dags/example_python_operator.py took 0.072 seconds
