[2024-11-18T05:49:55.886+0000] {processor.py:186} INFO - Started process (PID=94) to work on /home/airflow/.local/lib/python3.12/site-packages/airflow/example_dags/example_xcomargs.py
[2024-11-18T05:49:55.888+0000] {processor.py:914} INFO - Processing file /home/airflow/.local/lib/python3.12/site-packages/airflow/example_dags/example_xcomargs.py for tasks to queue
[2024-11-18T05:49:55.891+0000] {logging_mixin.py:190} INFO - [2024-11-18T05:49:55.891+0000] {dagbag.py:588} INFO - Filling up the DagBag from /home/airflow/.local/lib/python3.12/site-packages/airflow/example_dags/example_xcomargs.py
[2024-11-18T05:49:55.909+0000] {processor.py:925} INFO - DAG(s) 'example_xcom_args', 'example_xcom_args_with_operators' retrieved from /home/airflow/.local/lib/python3.12/site-packages/airflow/example_dags/example_xcomargs.py
[2024-11-18T05:49:56.119+0000] {logging_mixin.py:190} INFO - [2024-11-18T05:49:56.118+0000] {override.py:1911} INFO - Created Permission View: can edit on DAG:example_xcom_args
[2024-11-18T05:49:56.144+0000] {logging_mixin.py:190} INFO - [2024-11-18T05:49:56.144+0000] {override.py:1911} INFO - Created Permission View: can delete on DAG:example_xcom_args
[2024-11-18T05:49:56.163+0000] {logging_mixin.py:190} INFO - [2024-11-18T05:49:56.162+0000] {override.py:1911} INFO - Created Permission View: can read on DAG:example_xcom_args
[2024-11-18T05:49:56.176+0000] {logging_mixin.py:190} INFO - [2024-11-18T05:49:56.176+0000] {override.py:1911} INFO - Created Permission View: menu access on DAG Run:example_xcom_args
[2024-11-18T05:49:56.193+0000] {logging_mixin.py:190} INFO - [2024-11-18T05:49:56.192+0000] {override.py:1911} INFO - Created Permission View: can delete on DAG Run:example_xcom_args
[2024-11-18T05:49:56.205+0000] {logging_mixin.py:190} INFO - [2024-11-18T05:49:56.204+0000] {override.py:1911} INFO - Created Permission View: can create on DAG Run:example_xcom_args
[2024-11-18T05:49:56.220+0000] {logging_mixin.py:190} INFO - [2024-11-18T05:49:56.220+0000] {override.py:1911} INFO - Created Permission View: can read on DAG Run:example_xcom_args
[2024-11-18T05:49:56.246+0000] {logging_mixin.py:190} INFO - [2024-11-18T05:49:56.246+0000] {override.py:1911} INFO - Created Permission View: can edit on DAG:example_xcom_args_with_operators
[2024-11-18T05:49:56.259+0000] {logging_mixin.py:190} INFO - [2024-11-18T05:49:56.258+0000] {override.py:1911} INFO - Created Permission View: can delete on DAG:example_xcom_args_with_operators
[2024-11-18T05:49:56.270+0000] {logging_mixin.py:190} INFO - [2024-11-18T05:49:56.269+0000] {override.py:1911} INFO - Created Permission View: can read on DAG:example_xcom_args_with_operators
[2024-11-18T05:49:56.283+0000] {logging_mixin.py:190} INFO - [2024-11-18T05:49:56.282+0000] {override.py:1911} INFO - Created Permission View: menu access on DAG Run:example_xcom_args_with_operators
[2024-11-18T05:49:56.295+0000] {logging_mixin.py:190} INFO - [2024-11-18T05:49:56.294+0000] {override.py:1911} INFO - Created Permission View: can delete on DAG Run:example_xcom_args_with_operators
[2024-11-18T05:49:56.309+0000] {logging_mixin.py:190} INFO - [2024-11-18T05:49:56.308+0000] {override.py:1911} INFO - Created Permission View: can create on DAG Run:example_xcom_args_with_operators
[2024-11-18T05:49:56.320+0000] {logging_mixin.py:190} INFO - [2024-11-18T05:49:56.319+0000] {override.py:1911} INFO - Created Permission View: can read on DAG Run:example_xcom_args_with_operators
[2024-11-18T05:49:56.321+0000] {logging_mixin.py:190} INFO - [2024-11-18T05:49:56.320+0000] {dag.py:3239} INFO - Sync 2 DAGs
[2024-11-18T05:49:56.345+0000] {logging_mixin.py:190} INFO - [2024-11-18T05:49:56.345+0000] {dag.py:3262} INFO - Creating ORM DAG for example_xcom_args
[2024-11-18T05:49:56.347+0000] {logging_mixin.py:190} INFO - [2024-11-18T05:49:56.346+0000] {dag.py:3262} INFO - Creating ORM DAG for example_xcom_args_with_operators
[2024-11-18T05:49:56.348+0000] {logging_mixin.py:190} INFO - [2024-11-18T05:49:56.348+0000] {dag.py:4180} INFO - Setting next_dagrun for example_xcom_args to None, run_after=None
[2024-11-18T05:49:56.350+0000] {logging_mixin.py:190} INFO - [2024-11-18T05:49:56.349+0000] {dag.py:4180} INFO - Setting next_dagrun for example_xcom_args_with_operators to None, run_after=None
[2024-11-18T05:49:56.383+0000] {processor.py:208} INFO - Processing /home/airflow/.local/lib/python3.12/site-packages/airflow/example_dags/example_xcomargs.py took 0.504 seconds
[2024-11-18T05:50:26.526+0000] {processor.py:186} INFO - Started process (PID=157) to work on /home/airflow/.local/lib/python3.12/site-packages/airflow/example_dags/example_xcomargs.py
[2024-11-18T05:50:26.528+0000] {processor.py:914} INFO - Processing file /home/airflow/.local/lib/python3.12/site-packages/airflow/example_dags/example_xcomargs.py for tasks to queue
[2024-11-18T05:50:26.530+0000] {logging_mixin.py:190} INFO - [2024-11-18T05:50:26.530+0000] {dagbag.py:588} INFO - Filling up the DagBag from /home/airflow/.local/lib/python3.12/site-packages/airflow/example_dags/example_xcomargs.py
[2024-11-18T05:50:26.545+0000] {processor.py:925} INFO - DAG(s) 'example_xcom_args', 'example_xcom_args_with_operators' retrieved from /home/airflow/.local/lib/python3.12/site-packages/airflow/example_dags/example_xcomargs.py
[2024-11-18T05:50:26.578+0000] {logging_mixin.py:190} INFO - [2024-11-18T05:50:26.578+0000] {dag.py:3239} INFO - Sync 2 DAGs
[2024-11-18T05:50:26.597+0000] {logging_mixin.py:190} INFO - [2024-11-18T05:50:26.597+0000] {dag.py:4180} INFO - Setting next_dagrun for example_xcom_args to None, run_after=None
[2024-11-18T05:50:26.602+0000] {logging_mixin.py:190} INFO - [2024-11-18T05:50:26.601+0000] {dag.py:4180} INFO - Setting next_dagrun for example_xcom_args_with_operators to None, run_after=None
[2024-11-18T05:50:26.621+0000] {processor.py:208} INFO - Processing /home/airflow/.local/lib/python3.12/site-packages/airflow/example_dags/example_xcomargs.py took 0.103 seconds
[2024-11-18T05:50:56.943+0000] {processor.py:186} INFO - Started process (PID=219) to work on /home/airflow/.local/lib/python3.12/site-packages/airflow/example_dags/example_xcomargs.py
[2024-11-18T05:50:56.944+0000] {processor.py:914} INFO - Processing file /home/airflow/.local/lib/python3.12/site-packages/airflow/example_dags/example_xcomargs.py for tasks to queue
[2024-11-18T05:50:56.947+0000] {logging_mixin.py:190} INFO - [2024-11-18T05:50:56.947+0000] {dagbag.py:588} INFO - Filling up the DagBag from /home/airflow/.local/lib/python3.12/site-packages/airflow/example_dags/example_xcomargs.py
[2024-11-18T05:50:56.959+0000] {processor.py:925} INFO - DAG(s) 'example_xcom_args', 'example_xcom_args_with_operators' retrieved from /home/airflow/.local/lib/python3.12/site-packages/airflow/example_dags/example_xcomargs.py
[2024-11-18T05:50:56.990+0000] {logging_mixin.py:190} INFO - [2024-11-18T05:50:56.990+0000] {dag.py:3239} INFO - Sync 2 DAGs
[2024-11-18T05:50:57.008+0000] {logging_mixin.py:190} INFO - [2024-11-18T05:50:57.008+0000] {dag.py:4180} INFO - Setting next_dagrun for example_xcom_args to None, run_after=None
[2024-11-18T05:50:57.013+0000] {logging_mixin.py:190} INFO - [2024-11-18T05:50:57.013+0000] {dag.py:4180} INFO - Setting next_dagrun for example_xcom_args_with_operators to None, run_after=None
[2024-11-18T05:50:57.032+0000] {processor.py:208} INFO - Processing /home/airflow/.local/lib/python3.12/site-packages/airflow/example_dags/example_xcomargs.py took 0.096 seconds
[2024-11-18T05:51:27.739+0000] {processor.py:186} INFO - Started process (PID=281) to work on /home/airflow/.local/lib/python3.12/site-packages/airflow/example_dags/example_xcomargs.py
[2024-11-18T05:51:27.740+0000] {processor.py:914} INFO - Processing file /home/airflow/.local/lib/python3.12/site-packages/airflow/example_dags/example_xcomargs.py for tasks to queue
[2024-11-18T05:51:27.743+0000] {logging_mixin.py:190} INFO - [2024-11-18T05:51:27.743+0000] {dagbag.py:588} INFO - Filling up the DagBag from /home/airflow/.local/lib/python3.12/site-packages/airflow/example_dags/example_xcomargs.py
[2024-11-18T05:51:27.761+0000] {processor.py:925} INFO - DAG(s) 'example_xcom_args', 'example_xcom_args_with_operators' retrieved from /home/airflow/.local/lib/python3.12/site-packages/airflow/example_dags/example_xcomargs.py
[2024-11-18T05:51:27.798+0000] {logging_mixin.py:190} INFO - [2024-11-18T05:51:27.797+0000] {dag.py:3239} INFO - Sync 2 DAGs
[2024-11-18T05:51:27.822+0000] {logging_mixin.py:190} INFO - [2024-11-18T05:51:27.822+0000] {dag.py:4180} INFO - Setting next_dagrun for example_xcom_args to None, run_after=None
[2024-11-18T05:51:27.829+0000] {logging_mixin.py:190} INFO - [2024-11-18T05:51:27.828+0000] {dag.py:4180} INFO - Setting next_dagrun for example_xcom_args_with_operators to None, run_after=None
[2024-11-18T05:51:27.884+0000] {processor.py:208} INFO - Processing /home/airflow/.local/lib/python3.12/site-packages/airflow/example_dags/example_xcomargs.py took 0.155 seconds
[2024-11-18T05:51:58.187+0000] {processor.py:186} INFO - Started process (PID=343) to work on /home/airflow/.local/lib/python3.12/site-packages/airflow/example_dags/example_xcomargs.py
[2024-11-18T05:51:58.189+0000] {processor.py:914} INFO - Processing file /home/airflow/.local/lib/python3.12/site-packages/airflow/example_dags/example_xcomargs.py for tasks to queue
[2024-11-18T05:51:58.193+0000] {logging_mixin.py:190} INFO - [2024-11-18T05:51:58.192+0000] {dagbag.py:588} INFO - Filling up the DagBag from /home/airflow/.local/lib/python3.12/site-packages/airflow/example_dags/example_xcomargs.py
[2024-11-18T05:51:58.206+0000] {processor.py:925} INFO - DAG(s) 'example_xcom_args_with_operators', 'example_xcom_args' retrieved from /home/airflow/.local/lib/python3.12/site-packages/airflow/example_dags/example_xcomargs.py
[2024-11-18T05:51:58.241+0000] {logging_mixin.py:190} INFO - [2024-11-18T05:51:58.240+0000] {dag.py:3239} INFO - Sync 2 DAGs
[2024-11-18T05:51:58.264+0000] {logging_mixin.py:190} INFO - [2024-11-18T05:51:58.264+0000] {dag.py:4180} INFO - Setting next_dagrun for example_xcom_args to None, run_after=None
[2024-11-18T05:51:58.269+0000] {logging_mixin.py:190} INFO - [2024-11-18T05:51:58.269+0000] {dag.py:4180} INFO - Setting next_dagrun for example_xcom_args_with_operators to None, run_after=None
[2024-11-18T05:51:58.293+0000] {processor.py:208} INFO - Processing /home/airflow/.local/lib/python3.12/site-packages/airflow/example_dags/example_xcomargs.py took 0.114 seconds
[2024-11-18T05:52:28.363+0000] {processor.py:186} INFO - Started process (PID=406) to work on /home/airflow/.local/lib/python3.12/site-packages/airflow/example_dags/example_xcomargs.py
[2024-11-18T05:52:28.364+0000] {processor.py:914} INFO - Processing file /home/airflow/.local/lib/python3.12/site-packages/airflow/example_dags/example_xcomargs.py for tasks to queue
[2024-11-18T05:52:28.368+0000] {logging_mixin.py:190} INFO - [2024-11-18T05:52:28.367+0000] {dagbag.py:588} INFO - Filling up the DagBag from /home/airflow/.local/lib/python3.12/site-packages/airflow/example_dags/example_xcomargs.py
[2024-11-18T05:52:28.381+0000] {processor.py:925} INFO - DAG(s) 'example_xcom_args_with_operators', 'example_xcom_args' retrieved from /home/airflow/.local/lib/python3.12/site-packages/airflow/example_dags/example_xcomargs.py
[2024-11-18T05:52:28.411+0000] {logging_mixin.py:190} INFO - [2024-11-18T05:52:28.411+0000] {dag.py:3239} INFO - Sync 2 DAGs
[2024-11-18T05:52:28.430+0000] {logging_mixin.py:190} INFO - [2024-11-18T05:52:28.430+0000] {dag.py:4180} INFO - Setting next_dagrun for example_xcom_args to None, run_after=None
[2024-11-18T05:52:28.435+0000] {logging_mixin.py:190} INFO - [2024-11-18T05:52:28.435+0000] {dag.py:4180} INFO - Setting next_dagrun for example_xcom_args_with_operators to None, run_after=None
[2024-11-18T05:52:28.456+0000] {processor.py:208} INFO - Processing /home/airflow/.local/lib/python3.12/site-packages/airflow/example_dags/example_xcomargs.py took 0.101 seconds
[2024-11-18T05:52:59.079+0000] {processor.py:186} INFO - Started process (PID=469) to work on /home/airflow/.local/lib/python3.12/site-packages/airflow/example_dags/example_xcomargs.py
[2024-11-18T05:52:59.080+0000] {processor.py:914} INFO - Processing file /home/airflow/.local/lib/python3.12/site-packages/airflow/example_dags/example_xcomargs.py for tasks to queue
[2024-11-18T05:52:59.084+0000] {logging_mixin.py:190} INFO - [2024-11-18T05:52:59.084+0000] {dagbag.py:588} INFO - Filling up the DagBag from /home/airflow/.local/lib/python3.12/site-packages/airflow/example_dags/example_xcomargs.py
[2024-11-18T05:52:59.099+0000] {processor.py:925} INFO - DAG(s) 'example_xcom_args_with_operators', 'example_xcom_args' retrieved from /home/airflow/.local/lib/python3.12/site-packages/airflow/example_dags/example_xcomargs.py
[2024-11-18T05:52:59.132+0000] {logging_mixin.py:190} INFO - [2024-11-18T05:52:59.132+0000] {dag.py:3239} INFO - Sync 2 DAGs
[2024-11-18T05:52:59.152+0000] {logging_mixin.py:190} INFO - [2024-11-18T05:52:59.151+0000] {dag.py:4180} INFO - Setting next_dagrun for example_xcom_args to None, run_after=None
[2024-11-18T05:52:59.158+0000] {logging_mixin.py:190} INFO - [2024-11-18T05:52:59.157+0000] {dag.py:4180} INFO - Setting next_dagrun for example_xcom_args_with_operators to None, run_after=None
[2024-11-18T05:52:59.196+0000] {processor.py:208} INFO - Processing /home/airflow/.local/lib/python3.12/site-packages/airflow/example_dags/example_xcomargs.py took 0.125 seconds
[2024-11-18T05:53:29.481+0000] {processor.py:186} INFO - Started process (PID=532) to work on /home/airflow/.local/lib/python3.12/site-packages/airflow/example_dags/example_xcomargs.py
[2024-11-18T05:53:29.483+0000] {processor.py:914} INFO - Processing file /home/airflow/.local/lib/python3.12/site-packages/airflow/example_dags/example_xcomargs.py for tasks to queue
[2024-11-18T05:53:29.487+0000] {logging_mixin.py:190} INFO - [2024-11-18T05:53:29.487+0000] {dagbag.py:588} INFO - Filling up the DagBag from /home/airflow/.local/lib/python3.12/site-packages/airflow/example_dags/example_xcomargs.py
[2024-11-18T05:53:29.502+0000] {processor.py:925} INFO - DAG(s) 'example_xcom_args', 'example_xcom_args_with_operators' retrieved from /home/airflow/.local/lib/python3.12/site-packages/airflow/example_dags/example_xcomargs.py
[2024-11-18T05:53:29.534+0000] {logging_mixin.py:190} INFO - [2024-11-18T05:53:29.534+0000] {dag.py:3239} INFO - Sync 2 DAGs
[2024-11-18T05:53:29.551+0000] {logging_mixin.py:190} INFO - [2024-11-18T05:53:29.551+0000] {dag.py:4180} INFO - Setting next_dagrun for example_xcom_args to None, run_after=None
[2024-11-18T05:53:29.556+0000] {logging_mixin.py:190} INFO - [2024-11-18T05:53:29.556+0000] {dag.py:4180} INFO - Setting next_dagrun for example_xcom_args_with_operators to None, run_after=None
[2024-11-18T05:53:29.577+0000] {processor.py:208} INFO - Processing /home/airflow/.local/lib/python3.12/site-packages/airflow/example_dags/example_xcomargs.py took 0.104 seconds
[2024-11-18T05:53:59.799+0000] {processor.py:186} INFO - Started process (PID=595) to work on /home/airflow/.local/lib/python3.12/site-packages/airflow/example_dags/example_xcomargs.py
[2024-11-18T05:53:59.801+0000] {processor.py:914} INFO - Processing file /home/airflow/.local/lib/python3.12/site-packages/airflow/example_dags/example_xcomargs.py for tasks to queue
[2024-11-18T05:53:59.804+0000] {logging_mixin.py:190} INFO - [2024-11-18T05:53:59.804+0000] {dagbag.py:588} INFO - Filling up the DagBag from /home/airflow/.local/lib/python3.12/site-packages/airflow/example_dags/example_xcomargs.py
[2024-11-18T05:53:59.818+0000] {processor.py:925} INFO - DAG(s) 'example_xcom_args_with_operators', 'example_xcom_args' retrieved from /home/airflow/.local/lib/python3.12/site-packages/airflow/example_dags/example_xcomargs.py
[2024-11-18T05:53:59.850+0000] {logging_mixin.py:190} INFO - [2024-11-18T05:53:59.849+0000] {dag.py:3239} INFO - Sync 2 DAGs
[2024-11-18T05:53:59.869+0000] {logging_mixin.py:190} INFO - [2024-11-18T05:53:59.869+0000] {dag.py:4180} INFO - Setting next_dagrun for example_xcom_args to None, run_after=None
[2024-11-18T05:53:59.873+0000] {logging_mixin.py:190} INFO - [2024-11-18T05:53:59.873+0000] {dag.py:4180} INFO - Setting next_dagrun for example_xcom_args_with_operators to None, run_after=None
[2024-11-18T05:53:59.899+0000] {processor.py:208} INFO - Processing /home/airflow/.local/lib/python3.12/site-packages/airflow/example_dags/example_xcomargs.py took 0.108 seconds
[2024-11-18T05:54:30.084+0000] {processor.py:186} INFO - Started process (PID=658) to work on /home/airflow/.local/lib/python3.12/site-packages/airflow/example_dags/example_xcomargs.py
[2024-11-18T05:54:30.086+0000] {processor.py:914} INFO - Processing file /home/airflow/.local/lib/python3.12/site-packages/airflow/example_dags/example_xcomargs.py for tasks to queue
[2024-11-18T05:54:30.090+0000] {logging_mixin.py:190} INFO - [2024-11-18T05:54:30.090+0000] {dagbag.py:588} INFO - Filling up the DagBag from /home/airflow/.local/lib/python3.12/site-packages/airflow/example_dags/example_xcomargs.py
[2024-11-18T05:54:30.109+0000] {processor.py:925} INFO - DAG(s) 'example_xcom_args_with_operators', 'example_xcom_args' retrieved from /home/airflow/.local/lib/python3.12/site-packages/airflow/example_dags/example_xcomargs.py
[2024-11-18T05:54:30.137+0000] {logging_mixin.py:190} INFO - [2024-11-18T05:54:30.137+0000] {dag.py:3239} INFO - Sync 2 DAGs
[2024-11-18T05:54:30.155+0000] {logging_mixin.py:190} INFO - [2024-11-18T05:54:30.155+0000] {dag.py:4180} INFO - Setting next_dagrun for example_xcom_args to None, run_after=None
[2024-11-18T05:54:30.161+0000] {logging_mixin.py:190} INFO - [2024-11-18T05:54:30.160+0000] {dag.py:4180} INFO - Setting next_dagrun for example_xcom_args_with_operators to None, run_after=None
[2024-11-18T05:54:30.185+0000] {processor.py:208} INFO - Processing /home/airflow/.local/lib/python3.12/site-packages/airflow/example_dags/example_xcomargs.py took 0.109 seconds
[2024-11-18T05:55:00.374+0000] {processor.py:186} INFO - Started process (PID=721) to work on /home/airflow/.local/lib/python3.12/site-packages/airflow/example_dags/example_xcomargs.py
[2024-11-18T05:55:00.376+0000] {processor.py:914} INFO - Processing file /home/airflow/.local/lib/python3.12/site-packages/airflow/example_dags/example_xcomargs.py for tasks to queue
[2024-11-18T05:55:00.380+0000] {logging_mixin.py:190} INFO - [2024-11-18T05:55:00.379+0000] {dagbag.py:588} INFO - Filling up the DagBag from /home/airflow/.local/lib/python3.12/site-packages/airflow/example_dags/example_xcomargs.py
[2024-11-18T05:55:00.392+0000] {processor.py:925} INFO - DAG(s) 'example_xcom_args_with_operators', 'example_xcom_args' retrieved from /home/airflow/.local/lib/python3.12/site-packages/airflow/example_dags/example_xcomargs.py
[2024-11-18T05:55:00.418+0000] {logging_mixin.py:190} INFO - [2024-11-18T05:55:00.418+0000] {dag.py:3239} INFO - Sync 2 DAGs
[2024-11-18T05:55:00.434+0000] {logging_mixin.py:190} INFO - [2024-11-18T05:55:00.434+0000] {dag.py:4180} INFO - Setting next_dagrun for example_xcom_args to None, run_after=None
[2024-11-18T05:55:00.439+0000] {logging_mixin.py:190} INFO - [2024-11-18T05:55:00.438+0000] {dag.py:4180} INFO - Setting next_dagrun for example_xcom_args_with_operators to None, run_after=None
[2024-11-18T05:55:00.464+0000] {processor.py:208} INFO - Processing /home/airflow/.local/lib/python3.12/site-packages/airflow/example_dags/example_xcomargs.py took 0.096 seconds
[2024-11-18T05:55:30.589+0000] {processor.py:186} INFO - Started process (PID=784) to work on /home/airflow/.local/lib/python3.12/site-packages/airflow/example_dags/example_xcomargs.py
[2024-11-18T05:55:30.591+0000] {processor.py:914} INFO - Processing file /home/airflow/.local/lib/python3.12/site-packages/airflow/example_dags/example_xcomargs.py for tasks to queue
[2024-11-18T05:55:30.595+0000] {logging_mixin.py:190} INFO - [2024-11-18T05:55:30.595+0000] {dagbag.py:588} INFO - Filling up the DagBag from /home/airflow/.local/lib/python3.12/site-packages/airflow/example_dags/example_xcomargs.py
[2024-11-18T05:55:30.610+0000] {processor.py:925} INFO - DAG(s) 'example_xcom_args', 'example_xcom_args_with_operators' retrieved from /home/airflow/.local/lib/python3.12/site-packages/airflow/example_dags/example_xcomargs.py
[2024-11-18T05:55:30.639+0000] {logging_mixin.py:190} INFO - [2024-11-18T05:55:30.638+0000] {dag.py:3239} INFO - Sync 2 DAGs
[2024-11-18T05:55:30.656+0000] {logging_mixin.py:190} INFO - [2024-11-18T05:55:30.656+0000] {dag.py:4180} INFO - Setting next_dagrun for example_xcom_args to None, run_after=None
[2024-11-18T05:55:30.662+0000] {logging_mixin.py:190} INFO - [2024-11-18T05:55:30.661+0000] {dag.py:4180} INFO - Setting next_dagrun for example_xcom_args_with_operators to None, run_after=None
[2024-11-18T05:55:30.684+0000] {processor.py:208} INFO - Processing /home/airflow/.local/lib/python3.12/site-packages/airflow/example_dags/example_xcomargs.py took 0.104 seconds
[2024-11-18T05:56:01.127+0000] {processor.py:186} INFO - Started process (PID=847) to work on /home/airflow/.local/lib/python3.12/site-packages/airflow/example_dags/example_xcomargs.py
[2024-11-18T05:56:01.129+0000] {processor.py:914} INFO - Processing file /home/airflow/.local/lib/python3.12/site-packages/airflow/example_dags/example_xcomargs.py for tasks to queue
[2024-11-18T05:56:01.131+0000] {logging_mixin.py:190} INFO - [2024-11-18T05:56:01.131+0000] {dagbag.py:588} INFO - Filling up the DagBag from /home/airflow/.local/lib/python3.12/site-packages/airflow/example_dags/example_xcomargs.py
[2024-11-18T05:56:01.143+0000] {processor.py:925} INFO - DAG(s) 'example_xcom_args_with_operators', 'example_xcom_args' retrieved from /home/airflow/.local/lib/python3.12/site-packages/airflow/example_dags/example_xcomargs.py
[2024-11-18T05:56:01.170+0000] {logging_mixin.py:190} INFO - [2024-11-18T05:56:01.169+0000] {dag.py:3239} INFO - Sync 2 DAGs
[2024-11-18T05:56:01.185+0000] {logging_mixin.py:190} INFO - [2024-11-18T05:56:01.185+0000] {dag.py:4180} INFO - Setting next_dagrun for example_xcom_args to None, run_after=None
[2024-11-18T05:56:01.190+0000] {logging_mixin.py:190} INFO - [2024-11-18T05:56:01.190+0000] {dag.py:4180} INFO - Setting next_dagrun for example_xcom_args_with_operators to None, run_after=None
[2024-11-18T05:56:01.210+0000] {processor.py:208} INFO - Processing /home/airflow/.local/lib/python3.12/site-packages/airflow/example_dags/example_xcomargs.py took 0.089 seconds
[2024-11-18T05:56:31.723+0000] {processor.py:186} INFO - Started process (PID=910) to work on /home/airflow/.local/lib/python3.12/site-packages/airflow/example_dags/example_xcomargs.py
[2024-11-18T05:56:31.725+0000] {processor.py:914} INFO - Processing file /home/airflow/.local/lib/python3.12/site-packages/airflow/example_dags/example_xcomargs.py for tasks to queue
[2024-11-18T05:56:31.732+0000] {logging_mixin.py:190} INFO - [2024-11-18T05:56:31.732+0000] {dagbag.py:588} INFO - Filling up the DagBag from /home/airflow/.local/lib/python3.12/site-packages/airflow/example_dags/example_xcomargs.py
[2024-11-18T05:56:31.765+0000] {processor.py:925} INFO - DAG(s) 'example_xcom_args_with_operators', 'example_xcom_args' retrieved from /home/airflow/.local/lib/python3.12/site-packages/airflow/example_dags/example_xcomargs.py
[2024-11-18T05:56:31.802+0000] {logging_mixin.py:190} INFO - [2024-11-18T05:56:31.802+0000] {dag.py:3239} INFO - Sync 2 DAGs
[2024-11-18T05:56:31.825+0000] {logging_mixin.py:190} INFO - [2024-11-18T05:56:31.825+0000] {dag.py:4180} INFO - Setting next_dagrun for example_xcom_args to None, run_after=None
[2024-11-18T05:56:31.831+0000] {logging_mixin.py:190} INFO - [2024-11-18T05:56:31.830+0000] {dag.py:4180} INFO - Setting next_dagrun for example_xcom_args_with_operators to None, run_after=None
[2024-11-18T05:56:31.849+0000] {processor.py:208} INFO - Processing /home/airflow/.local/lib/python3.12/site-packages/airflow/example_dags/example_xcomargs.py took 0.134 seconds
[2024-11-18T05:57:02.333+0000] {processor.py:186} INFO - Started process (PID=973) to work on /home/airflow/.local/lib/python3.12/site-packages/airflow/example_dags/example_xcomargs.py
[2024-11-18T05:57:02.335+0000] {processor.py:914} INFO - Processing file /home/airflow/.local/lib/python3.12/site-packages/airflow/example_dags/example_xcomargs.py for tasks to queue
[2024-11-18T05:57:02.338+0000] {logging_mixin.py:190} INFO - [2024-11-18T05:57:02.338+0000] {dagbag.py:588} INFO - Filling up the DagBag from /home/airflow/.local/lib/python3.12/site-packages/airflow/example_dags/example_xcomargs.py
[2024-11-18T05:57:02.357+0000] {processor.py:925} INFO - DAG(s) 'example_xcom_args_with_operators', 'example_xcom_args' retrieved from /home/airflow/.local/lib/python3.12/site-packages/airflow/example_dags/example_xcomargs.py
[2024-11-18T05:57:02.385+0000] {logging_mixin.py:190} INFO - [2024-11-18T05:57:02.385+0000] {dag.py:3239} INFO - Sync 2 DAGs
[2024-11-18T05:57:02.401+0000] {logging_mixin.py:190} INFO - [2024-11-18T05:57:02.401+0000] {dag.py:4180} INFO - Setting next_dagrun for example_xcom_args to None, run_after=None
[2024-11-18T05:57:02.405+0000] {logging_mixin.py:190} INFO - [2024-11-18T05:57:02.405+0000] {dag.py:4180} INFO - Setting next_dagrun for example_xcom_args_with_operators to None, run_after=None
[2024-11-18T05:57:02.423+0000] {processor.py:208} INFO - Processing /home/airflow/.local/lib/python3.12/site-packages/airflow/example_dags/example_xcomargs.py took 0.096 seconds
[2024-11-18T05:57:32.603+0000] {processor.py:186} INFO - Started process (PID=1036) to work on /home/airflow/.local/lib/python3.12/site-packages/airflow/example_dags/example_xcomargs.py
[2024-11-18T05:57:32.605+0000] {processor.py:914} INFO - Processing file /home/airflow/.local/lib/python3.12/site-packages/airflow/example_dags/example_xcomargs.py for tasks to queue
[2024-11-18T05:57:32.608+0000] {logging_mixin.py:190} INFO - [2024-11-18T05:57:32.608+0000] {dagbag.py:588} INFO - Filling up the DagBag from /home/airflow/.local/lib/python3.12/site-packages/airflow/example_dags/example_xcomargs.py
[2024-11-18T05:57:32.621+0000] {processor.py:925} INFO - DAG(s) 'example_xcom_args', 'example_xcom_args_with_operators' retrieved from /home/airflow/.local/lib/python3.12/site-packages/airflow/example_dags/example_xcomargs.py
[2024-11-18T05:57:32.649+0000] {logging_mixin.py:190} INFO - [2024-11-18T05:57:32.649+0000] {dag.py:3239} INFO - Sync 2 DAGs
[2024-11-18T05:57:32.666+0000] {logging_mixin.py:190} INFO - [2024-11-18T05:57:32.666+0000] {dag.py:4180} INFO - Setting next_dagrun for example_xcom_args to None, run_after=None
[2024-11-18T05:57:32.671+0000] {logging_mixin.py:190} INFO - [2024-11-18T05:57:32.670+0000] {dag.py:4180} INFO - Setting next_dagrun for example_xcom_args_with_operators to None, run_after=None
[2024-11-18T05:57:32.700+0000] {processor.py:208} INFO - Processing /home/airflow/.local/lib/python3.12/site-packages/airflow/example_dags/example_xcomargs.py took 0.105 seconds
[2024-11-18T05:58:03.555+0000] {processor.py:186} INFO - Started process (PID=1099) to work on /home/airflow/.local/lib/python3.12/site-packages/airflow/example_dags/example_xcomargs.py
[2024-11-18T05:58:03.557+0000] {processor.py:914} INFO - Processing file /home/airflow/.local/lib/python3.12/site-packages/airflow/example_dags/example_xcomargs.py for tasks to queue
[2024-11-18T05:58:03.560+0000] {logging_mixin.py:190} INFO - [2024-11-18T05:58:03.560+0000] {dagbag.py:588} INFO - Filling up the DagBag from /home/airflow/.local/lib/python3.12/site-packages/airflow/example_dags/example_xcomargs.py
[2024-11-18T05:58:03.573+0000] {processor.py:925} INFO - DAG(s) 'example_xcom_args', 'example_xcom_args_with_operators' retrieved from /home/airflow/.local/lib/python3.12/site-packages/airflow/example_dags/example_xcomargs.py
[2024-11-18T05:58:03.602+0000] {logging_mixin.py:190} INFO - [2024-11-18T05:58:03.602+0000] {dag.py:3239} INFO - Sync 2 DAGs
[2024-11-18T05:58:03.621+0000] {logging_mixin.py:190} INFO - [2024-11-18T05:58:03.621+0000] {dag.py:4180} INFO - Setting next_dagrun for example_xcom_args to None, run_after=None
[2024-11-18T05:58:03.626+0000] {logging_mixin.py:190} INFO - [2024-11-18T05:58:03.626+0000] {dag.py:4180} INFO - Setting next_dagrun for example_xcom_args_with_operators to None, run_after=None
[2024-11-18T05:58:03.648+0000] {processor.py:208} INFO - Processing /home/airflow/.local/lib/python3.12/site-packages/airflow/example_dags/example_xcomargs.py took 0.100 seconds
[2024-11-18T05:58:34.372+0000] {processor.py:186} INFO - Started process (PID=1162) to work on /home/airflow/.local/lib/python3.12/site-packages/airflow/example_dags/example_xcomargs.py
[2024-11-18T05:58:34.373+0000] {processor.py:914} INFO - Processing file /home/airflow/.local/lib/python3.12/site-packages/airflow/example_dags/example_xcomargs.py for tasks to queue
[2024-11-18T05:58:34.376+0000] {logging_mixin.py:190} INFO - [2024-11-18T05:58:34.376+0000] {dagbag.py:588} INFO - Filling up the DagBag from /home/airflow/.local/lib/python3.12/site-packages/airflow/example_dags/example_xcomargs.py
[2024-11-18T05:58:34.387+0000] {processor.py:925} INFO - DAG(s) 'example_xcom_args', 'example_xcom_args_with_operators' retrieved from /home/airflow/.local/lib/python3.12/site-packages/airflow/example_dags/example_xcomargs.py
[2024-11-18T05:58:34.422+0000] {logging_mixin.py:190} INFO - [2024-11-18T05:58:34.422+0000] {dag.py:3239} INFO - Sync 2 DAGs
[2024-11-18T05:58:34.453+0000] {logging_mixin.py:190} INFO - [2024-11-18T05:58:34.452+0000] {dag.py:4180} INFO - Setting next_dagrun for example_xcom_args to None, run_after=None
[2024-11-18T05:58:34.458+0000] {logging_mixin.py:190} INFO - [2024-11-18T05:58:34.458+0000] {dag.py:4180} INFO - Setting next_dagrun for example_xcom_args_with_operators to None, run_after=None
[2024-11-18T05:58:34.479+0000] {processor.py:208} INFO - Processing /home/airflow/.local/lib/python3.12/site-packages/airflow/example_dags/example_xcomargs.py took 0.115 seconds
[2024-11-18T05:59:05.407+0000] {processor.py:186} INFO - Started process (PID=1225) to work on /home/airflow/.local/lib/python3.12/site-packages/airflow/example_dags/example_xcomargs.py
[2024-11-18T05:59:05.408+0000] {processor.py:914} INFO - Processing file /home/airflow/.local/lib/python3.12/site-packages/airflow/example_dags/example_xcomargs.py for tasks to queue
[2024-11-18T05:59:05.412+0000] {logging_mixin.py:190} INFO - [2024-11-18T05:59:05.412+0000] {dagbag.py:588} INFO - Filling up the DagBag from /home/airflow/.local/lib/python3.12/site-packages/airflow/example_dags/example_xcomargs.py
[2024-11-18T05:59:05.425+0000] {processor.py:925} INFO - DAG(s) 'example_xcom_args_with_operators', 'example_xcom_args' retrieved from /home/airflow/.local/lib/python3.12/site-packages/airflow/example_dags/example_xcomargs.py
[2024-11-18T05:59:05.458+0000] {logging_mixin.py:190} INFO - [2024-11-18T05:59:05.457+0000] {dag.py:3239} INFO - Sync 2 DAGs
[2024-11-18T05:59:05.476+0000] {logging_mixin.py:190} INFO - [2024-11-18T05:59:05.476+0000] {dag.py:4180} INFO - Setting next_dagrun for example_xcom_args to None, run_after=None
[2024-11-18T05:59:05.480+0000] {logging_mixin.py:190} INFO - [2024-11-18T05:59:05.480+0000] {dag.py:4180} INFO - Setting next_dagrun for example_xcom_args_with_operators to None, run_after=None
[2024-11-18T05:59:05.502+0000] {processor.py:208} INFO - Processing /home/airflow/.local/lib/python3.12/site-packages/airflow/example_dags/example_xcomargs.py took 0.103 seconds
[2024-11-18T05:59:35.851+0000] {processor.py:186} INFO - Started process (PID=1288) to work on /home/airflow/.local/lib/python3.12/site-packages/airflow/example_dags/example_xcomargs.py
[2024-11-18T05:59:35.853+0000] {processor.py:914} INFO - Processing file /home/airflow/.local/lib/python3.12/site-packages/airflow/example_dags/example_xcomargs.py for tasks to queue
[2024-11-18T05:59:35.858+0000] {logging_mixin.py:190} INFO - [2024-11-18T05:59:35.857+0000] {dagbag.py:588} INFO - Filling up the DagBag from /home/airflow/.local/lib/python3.12/site-packages/airflow/example_dags/example_xcomargs.py
[2024-11-18T05:59:35.881+0000] {processor.py:925} INFO - DAG(s) 'example_xcom_args_with_operators', 'example_xcom_args' retrieved from /home/airflow/.local/lib/python3.12/site-packages/airflow/example_dags/example_xcomargs.py
[2024-11-18T05:59:35.920+0000] {logging_mixin.py:190} INFO - [2024-11-18T05:59:35.919+0000] {dag.py:3239} INFO - Sync 2 DAGs
[2024-11-18T05:59:35.947+0000] {logging_mixin.py:190} INFO - [2024-11-18T05:59:35.946+0000] {dag.py:4180} INFO - Setting next_dagrun for example_xcom_args to None, run_after=None
[2024-11-18T05:59:35.954+0000] {logging_mixin.py:190} INFO - [2024-11-18T05:59:35.954+0000] {dag.py:4180} INFO - Setting next_dagrun for example_xcom_args_with_operators to None, run_after=None
[2024-11-18T05:59:35.977+0000] {processor.py:208} INFO - Processing /home/airflow/.local/lib/python3.12/site-packages/airflow/example_dags/example_xcomargs.py took 0.136 seconds
[2024-11-18T06:00:06.145+0000] {processor.py:186} INFO - Started process (PID=1352) to work on /home/airflow/.local/lib/python3.12/site-packages/airflow/example_dags/example_xcomargs.py
[2024-11-18T06:00:06.146+0000] {processor.py:914} INFO - Processing file /home/airflow/.local/lib/python3.12/site-packages/airflow/example_dags/example_xcomargs.py for tasks to queue
[2024-11-18T06:00:06.151+0000] {logging_mixin.py:190} INFO - [2024-11-18T06:00:06.150+0000] {dagbag.py:588} INFO - Filling up the DagBag from /home/airflow/.local/lib/python3.12/site-packages/airflow/example_dags/example_xcomargs.py
[2024-11-18T06:00:06.165+0000] {processor.py:925} INFO - DAG(s) 'example_xcom_args', 'example_xcom_args_with_operators' retrieved from /home/airflow/.local/lib/python3.12/site-packages/airflow/example_dags/example_xcomargs.py
[2024-11-18T06:00:06.206+0000] {logging_mixin.py:190} INFO - [2024-11-18T06:00:06.206+0000] {dag.py:3239} INFO - Sync 2 DAGs
[2024-11-18T06:00:06.243+0000] {logging_mixin.py:190} INFO - [2024-11-18T06:00:06.243+0000] {dag.py:4180} INFO - Setting next_dagrun for example_xcom_args to None, run_after=None
[2024-11-18T06:00:06.250+0000] {logging_mixin.py:190} INFO - [2024-11-18T06:00:06.249+0000] {dag.py:4180} INFO - Setting next_dagrun for example_xcom_args_with_operators to None, run_after=None
[2024-11-18T06:00:06.273+0000] {processor.py:208} INFO - Processing /home/airflow/.local/lib/python3.12/site-packages/airflow/example_dags/example_xcomargs.py took 0.136 seconds
[2024-11-18T06:00:36.502+0000] {processor.py:186} INFO - Started process (PID=1416) to work on /home/airflow/.local/lib/python3.12/site-packages/airflow/example_dags/example_xcomargs.py
[2024-11-18T06:00:36.503+0000] {processor.py:914} INFO - Processing file /home/airflow/.local/lib/python3.12/site-packages/airflow/example_dags/example_xcomargs.py for tasks to queue
[2024-11-18T06:00:36.507+0000] {logging_mixin.py:190} INFO - [2024-11-18T06:00:36.507+0000] {dagbag.py:588} INFO - Filling up the DagBag from /home/airflow/.local/lib/python3.12/site-packages/airflow/example_dags/example_xcomargs.py
[2024-11-18T06:00:36.521+0000] {processor.py:925} INFO - DAG(s) 'example_xcom_args', 'example_xcom_args_with_operators' retrieved from /home/airflow/.local/lib/python3.12/site-packages/airflow/example_dags/example_xcomargs.py
[2024-11-18T06:00:36.553+0000] {logging_mixin.py:190} INFO - [2024-11-18T06:00:36.553+0000] {dag.py:3239} INFO - Sync 2 DAGs
[2024-11-18T06:00:36.570+0000] {logging_mixin.py:190} INFO - [2024-11-18T06:00:36.570+0000] {dag.py:4180} INFO - Setting next_dagrun for example_xcom_args to None, run_after=None
[2024-11-18T06:00:36.575+0000] {logging_mixin.py:190} INFO - [2024-11-18T06:00:36.575+0000] {dag.py:4180} INFO - Setting next_dagrun for example_xcom_args_with_operators to None, run_after=None
[2024-11-18T06:00:36.632+0000] {processor.py:208} INFO - Processing /home/airflow/.local/lib/python3.12/site-packages/airflow/example_dags/example_xcomargs.py took 0.140 seconds
[2024-11-18T06:01:06.870+0000] {processor.py:186} INFO - Started process (PID=1480) to work on /home/airflow/.local/lib/python3.12/site-packages/airflow/example_dags/example_xcomargs.py
[2024-11-18T06:01:06.872+0000] {processor.py:914} INFO - Processing file /home/airflow/.local/lib/python3.12/site-packages/airflow/example_dags/example_xcomargs.py for tasks to queue
[2024-11-18T06:01:06.878+0000] {logging_mixin.py:190} INFO - [2024-11-18T06:01:06.877+0000] {dagbag.py:588} INFO - Filling up the DagBag from /home/airflow/.local/lib/python3.12/site-packages/airflow/example_dags/example_xcomargs.py
[2024-11-18T06:01:06.897+0000] {processor.py:925} INFO - DAG(s) 'example_xcom_args_with_operators', 'example_xcom_args' retrieved from /home/airflow/.local/lib/python3.12/site-packages/airflow/example_dags/example_xcomargs.py
[2024-11-18T06:01:06.929+0000] {logging_mixin.py:190} INFO - [2024-11-18T06:01:06.929+0000] {dag.py:3239} INFO - Sync 2 DAGs
[2024-11-18T06:01:06.948+0000] {logging_mixin.py:190} INFO - [2024-11-18T06:01:06.948+0000] {dag.py:4180} INFO - Setting next_dagrun for example_xcom_args to None, run_after=None
[2024-11-18T06:01:06.954+0000] {logging_mixin.py:190} INFO - [2024-11-18T06:01:06.953+0000] {dag.py:4180} INFO - Setting next_dagrun for example_xcom_args_with_operators to None, run_after=None
[2024-11-18T06:01:06.981+0000] {processor.py:208} INFO - Processing /home/airflow/.local/lib/python3.12/site-packages/airflow/example_dags/example_xcomargs.py took 0.127 seconds
[2024-11-18T06:01:37.629+0000] {processor.py:186} INFO - Started process (PID=1544) to work on /home/airflow/.local/lib/python3.12/site-packages/airflow/example_dags/example_xcomargs.py
[2024-11-18T06:01:37.631+0000] {processor.py:914} INFO - Processing file /home/airflow/.local/lib/python3.12/site-packages/airflow/example_dags/example_xcomargs.py for tasks to queue
[2024-11-18T06:01:37.635+0000] {logging_mixin.py:190} INFO - [2024-11-18T06:01:37.635+0000] {dagbag.py:588} INFO - Filling up the DagBag from /home/airflow/.local/lib/python3.12/site-packages/airflow/example_dags/example_xcomargs.py
[2024-11-18T06:01:37.649+0000] {processor.py:925} INFO - DAG(s) 'example_xcom_args_with_operators', 'example_xcom_args' retrieved from /home/airflow/.local/lib/python3.12/site-packages/airflow/example_dags/example_xcomargs.py
[2024-11-18T06:01:37.702+0000] {logging_mixin.py:190} INFO - [2024-11-18T06:01:37.702+0000] {dag.py:3239} INFO - Sync 2 DAGs
[2024-11-18T06:01:37.742+0000] {logging_mixin.py:190} INFO - [2024-11-18T06:01:37.742+0000] {dag.py:4180} INFO - Setting next_dagrun for example_xcom_args to None, run_after=None
[2024-11-18T06:01:37.751+0000] {logging_mixin.py:190} INFO - [2024-11-18T06:01:37.750+0000] {dag.py:4180} INFO - Setting next_dagrun for example_xcom_args_with_operators to None, run_after=None
[2024-11-18T06:01:37.785+0000] {processor.py:208} INFO - Processing /home/airflow/.local/lib/python3.12/site-packages/airflow/example_dags/example_xcomargs.py took 0.164 seconds
[2024-11-18T06:02:07.943+0000] {processor.py:186} INFO - Started process (PID=1608) to work on /home/airflow/.local/lib/python3.12/site-packages/airflow/example_dags/example_xcomargs.py
[2024-11-18T06:02:07.945+0000] {processor.py:914} INFO - Processing file /home/airflow/.local/lib/python3.12/site-packages/airflow/example_dags/example_xcomargs.py for tasks to queue
[2024-11-18T06:02:07.948+0000] {logging_mixin.py:190} INFO - [2024-11-18T06:02:07.948+0000] {dagbag.py:588} INFO - Filling up the DagBag from /home/airflow/.local/lib/python3.12/site-packages/airflow/example_dags/example_xcomargs.py
[2024-11-18T06:02:07.971+0000] {processor.py:925} INFO - DAG(s) 'example_xcom_args_with_operators', 'example_xcom_args' retrieved from /home/airflow/.local/lib/python3.12/site-packages/airflow/example_dags/example_xcomargs.py
[2024-11-18T06:02:08.013+0000] {logging_mixin.py:190} INFO - [2024-11-18T06:02:08.012+0000] {dag.py:3239} INFO - Sync 2 DAGs
[2024-11-18T06:02:08.042+0000] {logging_mixin.py:190} INFO - [2024-11-18T06:02:08.042+0000] {dag.py:4180} INFO - Setting next_dagrun for example_xcom_args to None, run_after=None
[2024-11-18T06:02:08.055+0000] {logging_mixin.py:190} INFO - [2024-11-18T06:02:08.055+0000] {dag.py:4180} INFO - Setting next_dagrun for example_xcom_args_with_operators to None, run_after=None
[2024-11-18T06:02:08.085+0000] {processor.py:208} INFO - Processing /home/airflow/.local/lib/python3.12/site-packages/airflow/example_dags/example_xcomargs.py took 0.151 seconds
[2024-11-18T06:02:38.233+0000] {processor.py:186} INFO - Started process (PID=1672) to work on /home/airflow/.local/lib/python3.12/site-packages/airflow/example_dags/example_xcomargs.py
[2024-11-18T06:02:38.236+0000] {processor.py:914} INFO - Processing file /home/airflow/.local/lib/python3.12/site-packages/airflow/example_dags/example_xcomargs.py for tasks to queue
[2024-11-18T06:02:38.242+0000] {logging_mixin.py:190} INFO - [2024-11-18T06:02:38.242+0000] {dagbag.py:588} INFO - Filling up the DagBag from /home/airflow/.local/lib/python3.12/site-packages/airflow/example_dags/example_xcomargs.py
[2024-11-18T06:02:38.261+0000] {processor.py:925} INFO - DAG(s) 'example_xcom_args_with_operators', 'example_xcom_args' retrieved from /home/airflow/.local/lib/python3.12/site-packages/airflow/example_dags/example_xcomargs.py
[2024-11-18T06:02:38.306+0000] {logging_mixin.py:190} INFO - [2024-11-18T06:02:38.306+0000] {dag.py:3239} INFO - Sync 2 DAGs
[2024-11-18T06:02:38.327+0000] {logging_mixin.py:190} INFO - [2024-11-18T06:02:38.327+0000] {dag.py:4180} INFO - Setting next_dagrun for example_xcom_args to None, run_after=None
[2024-11-18T06:02:38.333+0000] {logging_mixin.py:190} INFO - [2024-11-18T06:02:38.333+0000] {dag.py:4180} INFO - Setting next_dagrun for example_xcom_args_with_operators to None, run_after=None
[2024-11-18T06:02:38.361+0000] {processor.py:208} INFO - Processing /home/airflow/.local/lib/python3.12/site-packages/airflow/example_dags/example_xcomargs.py took 0.140 seconds
[2024-11-18T06:03:08.598+0000] {processor.py:186} INFO - Started process (PID=1735) to work on /home/airflow/.local/lib/python3.12/site-packages/airflow/example_dags/example_xcomargs.py
[2024-11-18T06:03:08.599+0000] {processor.py:914} INFO - Processing file /home/airflow/.local/lib/python3.12/site-packages/airflow/example_dags/example_xcomargs.py for tasks to queue
[2024-11-18T06:03:08.602+0000] {logging_mixin.py:190} INFO - [2024-11-18T06:03:08.602+0000] {dagbag.py:588} INFO - Filling up the DagBag from /home/airflow/.local/lib/python3.12/site-packages/airflow/example_dags/example_xcomargs.py
[2024-11-18T06:03:08.616+0000] {processor.py:925} INFO - DAG(s) 'example_xcom_args', 'example_xcom_args_with_operators' retrieved from /home/airflow/.local/lib/python3.12/site-packages/airflow/example_dags/example_xcomargs.py
[2024-11-18T06:03:08.659+0000] {logging_mixin.py:190} INFO - [2024-11-18T06:03:08.658+0000] {dag.py:3239} INFO - Sync 2 DAGs
[2024-11-18T06:03:08.680+0000] {logging_mixin.py:190} INFO - [2024-11-18T06:03:08.679+0000] {dag.py:4180} INFO - Setting next_dagrun for example_xcom_args to None, run_after=None
[2024-11-18T06:03:08.685+0000] {logging_mixin.py:190} INFO - [2024-11-18T06:03:08.685+0000] {dag.py:4180} INFO - Setting next_dagrun for example_xcom_args_with_operators to None, run_after=None
[2024-11-18T06:03:08.703+0000] {processor.py:208} INFO - Processing /home/airflow/.local/lib/python3.12/site-packages/airflow/example_dags/example_xcomargs.py took 0.112 seconds
[2024-11-18T06:03:39.509+0000] {processor.py:186} INFO - Started process (PID=1799) to work on /home/airflow/.local/lib/python3.12/site-packages/airflow/example_dags/example_xcomargs.py
[2024-11-18T06:03:39.510+0000] {processor.py:914} INFO - Processing file /home/airflow/.local/lib/python3.12/site-packages/airflow/example_dags/example_xcomargs.py for tasks to queue
[2024-11-18T06:03:39.513+0000] {logging_mixin.py:190} INFO - [2024-11-18T06:03:39.513+0000] {dagbag.py:588} INFO - Filling up the DagBag from /home/airflow/.local/lib/python3.12/site-packages/airflow/example_dags/example_xcomargs.py
[2024-11-18T06:03:39.528+0000] {processor.py:925} INFO - DAG(s) 'example_xcom_args_with_operators', 'example_xcom_args' retrieved from /home/airflow/.local/lib/python3.12/site-packages/airflow/example_dags/example_xcomargs.py
[2024-11-18T06:03:39.568+0000] {logging_mixin.py:190} INFO - [2024-11-18T06:03:39.567+0000] {dag.py:3239} INFO - Sync 2 DAGs
[2024-11-18T06:03:39.586+0000] {logging_mixin.py:190} INFO - [2024-11-18T06:03:39.586+0000] {dag.py:4180} INFO - Setting next_dagrun for example_xcom_args to None, run_after=None
[2024-11-18T06:03:39.592+0000] {logging_mixin.py:190} INFO - [2024-11-18T06:03:39.591+0000] {dag.py:4180} INFO - Setting next_dagrun for example_xcom_args_with_operators to None, run_after=None
[2024-11-18T06:03:39.610+0000] {processor.py:208} INFO - Processing /home/airflow/.local/lib/python3.12/site-packages/airflow/example_dags/example_xcomargs.py took 0.109 seconds
[2024-11-18T06:04:09.741+0000] {processor.py:186} INFO - Started process (PID=1862) to work on /home/airflow/.local/lib/python3.12/site-packages/airflow/example_dags/example_xcomargs.py
[2024-11-18T06:04:09.743+0000] {processor.py:914} INFO - Processing file /home/airflow/.local/lib/python3.12/site-packages/airflow/example_dags/example_xcomargs.py for tasks to queue
[2024-11-18T06:04:09.746+0000] {logging_mixin.py:190} INFO - [2024-11-18T06:04:09.746+0000] {dagbag.py:588} INFO - Filling up the DagBag from /home/airflow/.local/lib/python3.12/site-packages/airflow/example_dags/example_xcomargs.py
[2024-11-18T06:04:09.760+0000] {processor.py:925} INFO - DAG(s) 'example_xcom_args_with_operators', 'example_xcom_args' retrieved from /home/airflow/.local/lib/python3.12/site-packages/airflow/example_dags/example_xcomargs.py
[2024-11-18T06:04:09.793+0000] {logging_mixin.py:190} INFO - [2024-11-18T06:04:09.792+0000] {dag.py:3239} INFO - Sync 2 DAGs
[2024-11-18T06:04:09.809+0000] {logging_mixin.py:190} INFO - [2024-11-18T06:04:09.808+0000] {dag.py:4180} INFO - Setting next_dagrun for example_xcom_args to None, run_after=None
[2024-11-18T06:04:09.828+0000] {logging_mixin.py:190} INFO - [2024-11-18T06:04:09.827+0000] {dag.py:4180} INFO - Setting next_dagrun for example_xcom_args_with_operators to None, run_after=None
[2024-11-18T06:04:09.898+0000] {processor.py:208} INFO - Processing /home/airflow/.local/lib/python3.12/site-packages/airflow/example_dags/example_xcomargs.py took 0.166 seconds
[2024-11-18T06:04:39.968+0000] {processor.py:186} INFO - Started process (PID=1926) to work on /home/airflow/.local/lib/python3.12/site-packages/airflow/example_dags/example_xcomargs.py
[2024-11-18T06:04:39.970+0000] {processor.py:914} INFO - Processing file /home/airflow/.local/lib/python3.12/site-packages/airflow/example_dags/example_xcomargs.py for tasks to queue
[2024-11-18T06:04:39.972+0000] {logging_mixin.py:190} INFO - [2024-11-18T06:04:39.971+0000] {dagbag.py:588} INFO - Filling up the DagBag from /home/airflow/.local/lib/python3.12/site-packages/airflow/example_dags/example_xcomargs.py
[2024-11-18T06:04:39.979+0000] {processor.py:925} INFO - DAG(s) 'example_xcom_args_with_operators', 'example_xcom_args' retrieved from /home/airflow/.local/lib/python3.12/site-packages/airflow/example_dags/example_xcomargs.py
[2024-11-18T06:04:40.000+0000] {logging_mixin.py:190} INFO - [2024-11-18T06:04:39.999+0000] {dag.py:3239} INFO - Sync 2 DAGs
[2024-11-18T06:04:40.009+0000] {logging_mixin.py:190} INFO - [2024-11-18T06:04:40.009+0000] {dag.py:4180} INFO - Setting next_dagrun for example_xcom_args to None, run_after=None
[2024-11-18T06:04:40.013+0000] {logging_mixin.py:190} INFO - [2024-11-18T06:04:40.013+0000] {dag.py:4180} INFO - Setting next_dagrun for example_xcom_args_with_operators to None, run_after=None
[2024-11-18T06:04:40.039+0000] {processor.py:208} INFO - Processing /home/airflow/.local/lib/python3.12/site-packages/airflow/example_dags/example_xcomargs.py took 0.075 seconds
[2024-11-18T06:05:10.334+0000] {processor.py:186} INFO - Started process (PID=1990) to work on /home/airflow/.local/lib/python3.12/site-packages/airflow/example_dags/example_xcomargs.py
[2024-11-18T06:05:10.335+0000] {processor.py:914} INFO - Processing file /home/airflow/.local/lib/python3.12/site-packages/airflow/example_dags/example_xcomargs.py for tasks to queue
[2024-11-18T06:05:10.337+0000] {logging_mixin.py:190} INFO - [2024-11-18T06:05:10.337+0000] {dagbag.py:588} INFO - Filling up the DagBag from /home/airflow/.local/lib/python3.12/site-packages/airflow/example_dags/example_xcomargs.py
[2024-11-18T06:05:10.344+0000] {processor.py:925} INFO - DAG(s) 'example_xcom_args', 'example_xcom_args_with_operators' retrieved from /home/airflow/.local/lib/python3.12/site-packages/airflow/example_dags/example_xcomargs.py
[2024-11-18T06:05:10.363+0000] {logging_mixin.py:190} INFO - [2024-11-18T06:05:10.363+0000] {dag.py:3239} INFO - Sync 2 DAGs
[2024-11-18T06:05:10.376+0000] {logging_mixin.py:190} INFO - [2024-11-18T06:05:10.375+0000] {dag.py:4180} INFO - Setting next_dagrun for example_xcom_args to None, run_after=None
[2024-11-18T06:05:10.380+0000] {logging_mixin.py:190} INFO - [2024-11-18T06:05:10.379+0000] {dag.py:4180} INFO - Setting next_dagrun for example_xcom_args_with_operators to None, run_after=None
[2024-11-18T06:05:10.400+0000] {processor.py:208} INFO - Processing /home/airflow/.local/lib/python3.12/site-packages/airflow/example_dags/example_xcomargs.py took 0.071 seconds
[2024-11-18T06:05:40.602+0000] {processor.py:186} INFO - Started process (PID=2054) to work on /home/airflow/.local/lib/python3.12/site-packages/airflow/example_dags/example_xcomargs.py
[2024-11-18T06:05:40.603+0000] {processor.py:914} INFO - Processing file /home/airflow/.local/lib/python3.12/site-packages/airflow/example_dags/example_xcomargs.py for tasks to queue
[2024-11-18T06:05:40.605+0000] {logging_mixin.py:190} INFO - [2024-11-18T06:05:40.604+0000] {dagbag.py:588} INFO - Filling up the DagBag from /home/airflow/.local/lib/python3.12/site-packages/airflow/example_dags/example_xcomargs.py
[2024-11-18T06:05:40.614+0000] {processor.py:925} INFO - DAG(s) 'example_xcom_args', 'example_xcom_args_with_operators' retrieved from /home/airflow/.local/lib/python3.12/site-packages/airflow/example_dags/example_xcomargs.py
[2024-11-18T06:05:40.633+0000] {logging_mixin.py:190} INFO - [2024-11-18T06:05:40.633+0000] {dag.py:3239} INFO - Sync 2 DAGs
[2024-11-18T06:05:40.644+0000] {logging_mixin.py:190} INFO - [2024-11-18T06:05:40.644+0000] {dag.py:4180} INFO - Setting next_dagrun for example_xcom_args to None, run_after=None
[2024-11-18T06:05:40.648+0000] {logging_mixin.py:190} INFO - [2024-11-18T06:05:40.648+0000] {dag.py:4180} INFO - Setting next_dagrun for example_xcom_args_with_operators to None, run_after=None
[2024-11-18T06:05:40.670+0000] {processor.py:208} INFO - Processing /home/airflow/.local/lib/python3.12/site-packages/airflow/example_dags/example_xcomargs.py took 0.072 seconds
[2024-11-18T06:06:10.933+0000] {processor.py:186} INFO - Started process (PID=2118) to work on /home/airflow/.local/lib/python3.12/site-packages/airflow/example_dags/example_xcomargs.py
[2024-11-18T06:06:10.934+0000] {processor.py:914} INFO - Processing file /home/airflow/.local/lib/python3.12/site-packages/airflow/example_dags/example_xcomargs.py for tasks to queue
[2024-11-18T06:06:10.936+0000] {logging_mixin.py:190} INFO - [2024-11-18T06:06:10.936+0000] {dagbag.py:588} INFO - Filling up the DagBag from /home/airflow/.local/lib/python3.12/site-packages/airflow/example_dags/example_xcomargs.py
[2024-11-18T06:06:10.943+0000] {processor.py:925} INFO - DAG(s) 'example_xcom_args', 'example_xcom_args_with_operators' retrieved from /home/airflow/.local/lib/python3.12/site-packages/airflow/example_dags/example_xcomargs.py
[2024-11-18T06:06:10.963+0000] {logging_mixin.py:190} INFO - [2024-11-18T06:06:10.963+0000] {dag.py:3239} INFO - Sync 2 DAGs
[2024-11-18T06:06:10.974+0000] {logging_mixin.py:190} INFO - [2024-11-18T06:06:10.974+0000] {dag.py:4180} INFO - Setting next_dagrun for example_xcom_args to None, run_after=None
[2024-11-18T06:06:10.978+0000] {logging_mixin.py:190} INFO - [2024-11-18T06:06:10.978+0000] {dag.py:4180} INFO - Setting next_dagrun for example_xcom_args_with_operators to None, run_after=None
[2024-11-18T06:06:10.990+0000] {processor.py:208} INFO - Processing /home/airflow/.local/lib/python3.12/site-packages/airflow/example_dags/example_xcomargs.py took 0.061 seconds
[2024-11-18T06:06:41.804+0000] {processor.py:186} INFO - Started process (PID=2182) to work on /home/airflow/.local/lib/python3.12/site-packages/airflow/example_dags/example_xcomargs.py
[2024-11-18T06:06:41.805+0000] {processor.py:914} INFO - Processing file /home/airflow/.local/lib/python3.12/site-packages/airflow/example_dags/example_xcomargs.py for tasks to queue
[2024-11-18T06:06:41.807+0000] {logging_mixin.py:190} INFO - [2024-11-18T06:06:41.806+0000] {dagbag.py:588} INFO - Filling up the DagBag from /home/airflow/.local/lib/python3.12/site-packages/airflow/example_dags/example_xcomargs.py
[2024-11-18T06:06:41.816+0000] {processor.py:925} INFO - DAG(s) 'example_xcom_args_with_operators', 'example_xcom_args' retrieved from /home/airflow/.local/lib/python3.12/site-packages/airflow/example_dags/example_xcomargs.py
[2024-11-18T06:06:41.835+0000] {logging_mixin.py:190} INFO - [2024-11-18T06:06:41.835+0000] {dag.py:3239} INFO - Sync 2 DAGs
[2024-11-18T06:06:41.847+0000] {logging_mixin.py:190} INFO - [2024-11-18T06:06:41.847+0000] {dag.py:4180} INFO - Setting next_dagrun for example_xcom_args to None, run_after=None
[2024-11-18T06:06:41.851+0000] {logging_mixin.py:190} INFO - [2024-11-18T06:06:41.851+0000] {dag.py:4180} INFO - Setting next_dagrun for example_xcom_args_with_operators to None, run_after=None
[2024-11-18T06:06:41.863+0000] {processor.py:208} INFO - Processing /home/airflow/.local/lib/python3.12/site-packages/airflow/example_dags/example_xcomargs.py took 0.064 seconds
[2024-11-18T06:07:12.623+0000] {processor.py:186} INFO - Started process (PID=2227) to work on /home/airflow/.local/lib/python3.12/site-packages/airflow/example_dags/example_xcomargs.py
[2024-11-18T06:07:12.624+0000] {processor.py:914} INFO - Processing file /home/airflow/.local/lib/python3.12/site-packages/airflow/example_dags/example_xcomargs.py for tasks to queue
[2024-11-18T06:07:12.626+0000] {logging_mixin.py:190} INFO - [2024-11-18T06:07:12.626+0000] {dagbag.py:588} INFO - Filling up the DagBag from /home/airflow/.local/lib/python3.12/site-packages/airflow/example_dags/example_xcomargs.py
[2024-11-18T06:07:12.634+0000] {processor.py:925} INFO - DAG(s) 'example_xcom_args_with_operators', 'example_xcom_args' retrieved from /home/airflow/.local/lib/python3.12/site-packages/airflow/example_dags/example_xcomargs.py
[2024-11-18T06:07:12.652+0000] {logging_mixin.py:190} INFO - [2024-11-18T06:07:12.652+0000] {dag.py:3239} INFO - Sync 2 DAGs
[2024-11-18T06:07:12.663+0000] {logging_mixin.py:190} INFO - [2024-11-18T06:07:12.663+0000] {dag.py:4180} INFO - Setting next_dagrun for example_xcom_args to None, run_after=None
[2024-11-18T06:07:12.667+0000] {logging_mixin.py:190} INFO - [2024-11-18T06:07:12.667+0000] {dag.py:4180} INFO - Setting next_dagrun for example_xcom_args_with_operators to None, run_after=None
[2024-11-18T06:07:12.681+0000] {processor.py:208} INFO - Processing /home/airflow/.local/lib/python3.12/site-packages/airflow/example_dags/example_xcomargs.py took 0.062 seconds
[2024-11-18T06:07:43.919+0000] {processor.py:186} INFO - Started process (PID=2291) to work on /home/airflow/.local/lib/python3.12/site-packages/airflow/example_dags/example_xcomargs.py
[2024-11-18T06:07:43.920+0000] {processor.py:914} INFO - Processing file /home/airflow/.local/lib/python3.12/site-packages/airflow/example_dags/example_xcomargs.py for tasks to queue
[2024-11-18T06:07:43.922+0000] {logging_mixin.py:190} INFO - [2024-11-18T06:07:43.922+0000] {dagbag.py:588} INFO - Filling up the DagBag from /home/airflow/.local/lib/python3.12/site-packages/airflow/example_dags/example_xcomargs.py
[2024-11-18T06:07:43.929+0000] {processor.py:925} INFO - DAG(s) 'example_xcom_args', 'example_xcom_args_with_operators' retrieved from /home/airflow/.local/lib/python3.12/site-packages/airflow/example_dags/example_xcomargs.py
[2024-11-18T06:07:43.946+0000] {logging_mixin.py:190} INFO - [2024-11-18T06:07:43.945+0000] {dag.py:3239} INFO - Sync 2 DAGs
[2024-11-18T06:07:43.956+0000] {logging_mixin.py:190} INFO - [2024-11-18T06:07:43.956+0000] {dag.py:4180} INFO - Setting next_dagrun for example_xcom_args to None, run_after=None
[2024-11-18T06:07:43.959+0000] {logging_mixin.py:190} INFO - [2024-11-18T06:07:43.959+0000] {dag.py:4180} INFO - Setting next_dagrun for example_xcom_args_with_operators to None, run_after=None
[2024-11-18T06:07:43.970+0000] {processor.py:208} INFO - Processing /home/airflow/.local/lib/python3.12/site-packages/airflow/example_dags/example_xcomargs.py took 0.055 seconds
[2024-11-18T06:08:14.580+0000] {processor.py:186} INFO - Started process (PID=2355) to work on /home/airflow/.local/lib/python3.12/site-packages/airflow/example_dags/example_xcomargs.py
[2024-11-18T06:08:14.582+0000] {processor.py:914} INFO - Processing file /home/airflow/.local/lib/python3.12/site-packages/airflow/example_dags/example_xcomargs.py for tasks to queue
[2024-11-18T06:08:14.584+0000] {logging_mixin.py:190} INFO - [2024-11-18T06:08:14.584+0000] {dagbag.py:588} INFO - Filling up the DagBag from /home/airflow/.local/lib/python3.12/site-packages/airflow/example_dags/example_xcomargs.py
[2024-11-18T06:08:14.593+0000] {processor.py:925} INFO - DAG(s) 'example_xcom_args_with_operators', 'example_xcom_args' retrieved from /home/airflow/.local/lib/python3.12/site-packages/airflow/example_dags/example_xcomargs.py
[2024-11-18T06:08:14.614+0000] {logging_mixin.py:190} INFO - [2024-11-18T06:08:14.614+0000] {dag.py:3239} INFO - Sync 2 DAGs
[2024-11-18T06:08:14.626+0000] {logging_mixin.py:190} INFO - [2024-11-18T06:08:14.626+0000] {dag.py:4180} INFO - Setting next_dagrun for example_xcom_args to None, run_after=None
[2024-11-18T06:08:14.630+0000] {logging_mixin.py:190} INFO - [2024-11-18T06:08:14.630+0000] {dag.py:4180} INFO - Setting next_dagrun for example_xcom_args_with_operators to None, run_after=None
[2024-11-18T06:08:14.645+0000] {processor.py:208} INFO - Processing /home/airflow/.local/lib/python3.12/site-packages/airflow/example_dags/example_xcomargs.py took 0.069 seconds
[2024-11-18T06:08:45.379+0000] {processor.py:186} INFO - Started process (PID=2419) to work on /home/airflow/.local/lib/python3.12/site-packages/airflow/example_dags/example_xcomargs.py
[2024-11-18T06:08:45.381+0000] {processor.py:914} INFO - Processing file /home/airflow/.local/lib/python3.12/site-packages/airflow/example_dags/example_xcomargs.py for tasks to queue
[2024-11-18T06:08:45.383+0000] {logging_mixin.py:190} INFO - [2024-11-18T06:08:45.383+0000] {dagbag.py:588} INFO - Filling up the DagBag from /home/airflow/.local/lib/python3.12/site-packages/airflow/example_dags/example_xcomargs.py
[2024-11-18T06:08:45.394+0000] {processor.py:925} INFO - DAG(s) 'example_xcom_args_with_operators', 'example_xcom_args' retrieved from /home/airflow/.local/lib/python3.12/site-packages/airflow/example_dags/example_xcomargs.py
[2024-11-18T06:08:45.412+0000] {logging_mixin.py:190} INFO - [2024-11-18T06:08:45.412+0000] {dag.py:3239} INFO - Sync 2 DAGs
[2024-11-18T06:08:45.425+0000] {logging_mixin.py:190} INFO - [2024-11-18T06:08:45.424+0000] {dag.py:4180} INFO - Setting next_dagrun for example_xcom_args to None, run_after=None
[2024-11-18T06:08:45.428+0000] {logging_mixin.py:190} INFO - [2024-11-18T06:08:45.428+0000] {dag.py:4180} INFO - Setting next_dagrun for example_xcom_args_with_operators to None, run_after=None
[2024-11-18T06:08:45.440+0000] {processor.py:208} INFO - Processing /home/airflow/.local/lib/python3.12/site-packages/airflow/example_dags/example_xcomargs.py took 0.066 seconds
[2024-11-18T06:09:16.133+0000] {processor.py:186} INFO - Started process (PID=2477) to work on /home/airflow/.local/lib/python3.12/site-packages/airflow/example_dags/example_xcomargs.py
[2024-11-18T06:09:16.134+0000] {processor.py:914} INFO - Processing file /home/airflow/.local/lib/python3.12/site-packages/airflow/example_dags/example_xcomargs.py for tasks to queue
[2024-11-18T06:09:16.136+0000] {logging_mixin.py:190} INFO - [2024-11-18T06:09:16.135+0000] {dagbag.py:588} INFO - Filling up the DagBag from /home/airflow/.local/lib/python3.12/site-packages/airflow/example_dags/example_xcomargs.py
[2024-11-18T06:09:16.145+0000] {processor.py:925} INFO - DAG(s) 'example_xcom_args', 'example_xcom_args_with_operators' retrieved from /home/airflow/.local/lib/python3.12/site-packages/airflow/example_dags/example_xcomargs.py
[2024-11-18T06:09:16.164+0000] {logging_mixin.py:190} INFO - [2024-11-18T06:09:16.164+0000] {dag.py:3239} INFO - Sync 2 DAGs
[2024-11-18T06:09:16.177+0000] {logging_mixin.py:190} INFO - [2024-11-18T06:09:16.177+0000] {dag.py:4180} INFO - Setting next_dagrun for example_xcom_args to None, run_after=None
[2024-11-18T06:09:16.181+0000] {logging_mixin.py:190} INFO - [2024-11-18T06:09:16.181+0000] {dag.py:4180} INFO - Setting next_dagrun for example_xcom_args_with_operators to None, run_after=None
[2024-11-18T06:09:16.197+0000] {processor.py:208} INFO - Processing /home/airflow/.local/lib/python3.12/site-packages/airflow/example_dags/example_xcomargs.py took 0.068 seconds
[2024-11-18T06:09:46.539+0000] {processor.py:186} INFO - Started process (PID=2541) to work on /home/airflow/.local/lib/python3.12/site-packages/airflow/example_dags/example_xcomargs.py
[2024-11-18T06:09:46.540+0000] {processor.py:914} INFO - Processing file /home/airflow/.local/lib/python3.12/site-packages/airflow/example_dags/example_xcomargs.py for tasks to queue
[2024-11-18T06:09:46.543+0000] {logging_mixin.py:190} INFO - [2024-11-18T06:09:46.543+0000] {dagbag.py:588} INFO - Filling up the DagBag from /home/airflow/.local/lib/python3.12/site-packages/airflow/example_dags/example_xcomargs.py
[2024-11-18T06:09:46.553+0000] {processor.py:925} INFO - DAG(s) 'example_xcom_args_with_operators', 'example_xcom_args' retrieved from /home/airflow/.local/lib/python3.12/site-packages/airflow/example_dags/example_xcomargs.py
[2024-11-18T06:09:46.581+0000] {logging_mixin.py:190} INFO - [2024-11-18T06:09:46.580+0000] {dag.py:3239} INFO - Sync 2 DAGs
[2024-11-18T06:09:46.598+0000] {logging_mixin.py:190} INFO - [2024-11-18T06:09:46.598+0000] {dag.py:4180} INFO - Setting next_dagrun for example_xcom_args to None, run_after=None
[2024-11-18T06:09:46.602+0000] {logging_mixin.py:190} INFO - [2024-11-18T06:09:46.602+0000] {dag.py:4180} INFO - Setting next_dagrun for example_xcom_args_with_operators to None, run_after=None
[2024-11-18T06:09:46.624+0000] {processor.py:208} INFO - Processing /home/airflow/.local/lib/python3.12/site-packages/airflow/example_dags/example_xcomargs.py took 0.090 seconds
[2024-11-18T06:10:16.856+0000] {processor.py:186} INFO - Started process (PID=2604) to work on /home/airflow/.local/lib/python3.12/site-packages/airflow/example_dags/example_xcomargs.py
[2024-11-18T06:10:16.857+0000] {processor.py:914} INFO - Processing file /home/airflow/.local/lib/python3.12/site-packages/airflow/example_dags/example_xcomargs.py for tasks to queue
[2024-11-18T06:10:16.860+0000] {logging_mixin.py:190} INFO - [2024-11-18T06:10:16.859+0000] {dagbag.py:588} INFO - Filling up the DagBag from /home/airflow/.local/lib/python3.12/site-packages/airflow/example_dags/example_xcomargs.py
[2024-11-18T06:10:16.867+0000] {processor.py:925} INFO - DAG(s) 'example_xcom_args', 'example_xcom_args_with_operators' retrieved from /home/airflow/.local/lib/python3.12/site-packages/airflow/example_dags/example_xcomargs.py
[2024-11-18T06:10:16.891+0000] {logging_mixin.py:190} INFO - [2024-11-18T06:10:16.891+0000] {dag.py:3239} INFO - Sync 2 DAGs
[2024-11-18T06:10:16.906+0000] {logging_mixin.py:190} INFO - [2024-11-18T06:10:16.906+0000] {dag.py:4180} INFO - Setting next_dagrun for example_xcom_args to None, run_after=None
[2024-11-18T06:10:16.910+0000] {logging_mixin.py:190} INFO - [2024-11-18T06:10:16.910+0000] {dag.py:4180} INFO - Setting next_dagrun for example_xcom_args_with_operators to None, run_after=None
[2024-11-18T06:10:16.928+0000] {processor.py:208} INFO - Processing /home/airflow/.local/lib/python3.12/site-packages/airflow/example_dags/example_xcomargs.py took 0.077 seconds
[2024-11-18T06:10:47.446+0000] {processor.py:186} INFO - Started process (PID=2668) to work on /home/airflow/.local/lib/python3.12/site-packages/airflow/example_dags/example_xcomargs.py
[2024-11-18T06:10:47.447+0000] {processor.py:914} INFO - Processing file /home/airflow/.local/lib/python3.12/site-packages/airflow/example_dags/example_xcomargs.py for tasks to queue
[2024-11-18T06:10:47.449+0000] {logging_mixin.py:190} INFO - [2024-11-18T06:10:47.448+0000] {dagbag.py:588} INFO - Filling up the DagBag from /home/airflow/.local/lib/python3.12/site-packages/airflow/example_dags/example_xcomargs.py
[2024-11-18T06:10:47.456+0000] {processor.py:925} INFO - DAG(s) 'example_xcom_args', 'example_xcom_args_with_operators' retrieved from /home/airflow/.local/lib/python3.12/site-packages/airflow/example_dags/example_xcomargs.py
[2024-11-18T06:10:47.475+0000] {logging_mixin.py:190} INFO - [2024-11-18T06:10:47.475+0000] {dag.py:3239} INFO - Sync 2 DAGs
[2024-11-18T06:10:47.488+0000] {logging_mixin.py:190} INFO - [2024-11-18T06:10:47.488+0000] {dag.py:4180} INFO - Setting next_dagrun for example_xcom_args to None, run_after=None
[2024-11-18T06:10:47.491+0000] {logging_mixin.py:190} INFO - [2024-11-18T06:10:47.491+0000] {dag.py:4180} INFO - Setting next_dagrun for example_xcom_args_with_operators to None, run_after=None
[2024-11-18T06:10:47.505+0000] {processor.py:208} INFO - Processing /home/airflow/.local/lib/python3.12/site-packages/airflow/example_dags/example_xcomargs.py took 0.063 seconds
[2024-11-18T06:11:18.430+0000] {processor.py:186} INFO - Started process (PID=2729) to work on /home/airflow/.local/lib/python3.12/site-packages/airflow/example_dags/example_xcomargs.py
[2024-11-18T06:11:18.431+0000] {processor.py:914} INFO - Processing file /home/airflow/.local/lib/python3.12/site-packages/airflow/example_dags/example_xcomargs.py for tasks to queue
[2024-11-18T06:11:18.433+0000] {logging_mixin.py:190} INFO - [2024-11-18T06:11:18.433+0000] {dagbag.py:588} INFO - Filling up the DagBag from /home/airflow/.local/lib/python3.12/site-packages/airflow/example_dags/example_xcomargs.py
[2024-11-18T06:11:18.442+0000] {processor.py:925} INFO - DAG(s) 'example_xcom_args', 'example_xcom_args_with_operators' retrieved from /home/airflow/.local/lib/python3.12/site-packages/airflow/example_dags/example_xcomargs.py
[2024-11-18T06:11:18.461+0000] {logging_mixin.py:190} INFO - [2024-11-18T06:11:18.461+0000] {dag.py:3239} INFO - Sync 2 DAGs
[2024-11-18T06:11:18.472+0000] {logging_mixin.py:190} INFO - [2024-11-18T06:11:18.471+0000] {dag.py:4180} INFO - Setting next_dagrun for example_xcom_args to None, run_after=None
[2024-11-18T06:11:18.476+0000] {logging_mixin.py:190} INFO - [2024-11-18T06:11:18.475+0000] {dag.py:4180} INFO - Setting next_dagrun for example_xcom_args_with_operators to None, run_after=None
[2024-11-18T06:11:18.489+0000] {processor.py:208} INFO - Processing /home/airflow/.local/lib/python3.12/site-packages/airflow/example_dags/example_xcomargs.py took 0.064 seconds
[2024-11-18T06:11:49.249+0000] {processor.py:186} INFO - Started process (PID=2793) to work on /home/airflow/.local/lib/python3.12/site-packages/airflow/example_dags/example_xcomargs.py
[2024-11-18T06:11:49.251+0000] {processor.py:914} INFO - Processing file /home/airflow/.local/lib/python3.12/site-packages/airflow/example_dags/example_xcomargs.py for tasks to queue
[2024-11-18T06:11:49.253+0000] {logging_mixin.py:190} INFO - [2024-11-18T06:11:49.252+0000] {dagbag.py:588} INFO - Filling up the DagBag from /home/airflow/.local/lib/python3.12/site-packages/airflow/example_dags/example_xcomargs.py
[2024-11-18T06:11:49.261+0000] {processor.py:925} INFO - DAG(s) 'example_xcom_args', 'example_xcom_args_with_operators' retrieved from /home/airflow/.local/lib/python3.12/site-packages/airflow/example_dags/example_xcomargs.py
[2024-11-18T06:11:49.280+0000] {logging_mixin.py:190} INFO - [2024-11-18T06:11:49.280+0000] {dag.py:3239} INFO - Sync 2 DAGs
[2024-11-18T06:11:49.294+0000] {logging_mixin.py:190} INFO - [2024-11-18T06:11:49.293+0000] {dag.py:4180} INFO - Setting next_dagrun for example_xcom_args to None, run_after=None
[2024-11-18T06:11:49.297+0000] {logging_mixin.py:190} INFO - [2024-11-18T06:11:49.297+0000] {dag.py:4180} INFO - Setting next_dagrun for example_xcom_args_with_operators to None, run_after=None
[2024-11-18T06:11:49.310+0000] {processor.py:208} INFO - Processing /home/airflow/.local/lib/python3.12/site-packages/airflow/example_dags/example_xcomargs.py took 0.064 seconds
[2024-11-18T06:12:20.645+0000] {processor.py:186} INFO - Started process (PID=2863) to work on /home/airflow/.local/lib/python3.12/site-packages/airflow/example_dags/example_xcomargs.py
[2024-11-18T06:12:20.646+0000] {processor.py:914} INFO - Processing file /home/airflow/.local/lib/python3.12/site-packages/airflow/example_dags/example_xcomargs.py for tasks to queue
[2024-11-18T06:12:20.651+0000] {logging_mixin.py:190} INFO - [2024-11-18T06:12:20.650+0000] {dagbag.py:588} INFO - Filling up the DagBag from /home/airflow/.local/lib/python3.12/site-packages/airflow/example_dags/example_xcomargs.py
[2024-11-18T06:12:20.663+0000] {processor.py:925} INFO - DAG(s) 'example_xcom_args_with_operators', 'example_xcom_args' retrieved from /home/airflow/.local/lib/python3.12/site-packages/airflow/example_dags/example_xcomargs.py
[2024-11-18T06:12:20.684+0000] {logging_mixin.py:190} INFO - [2024-11-18T06:12:20.684+0000] {dag.py:3239} INFO - Sync 2 DAGs
[2024-11-18T06:12:20.697+0000] {logging_mixin.py:190} INFO - [2024-11-18T06:12:20.697+0000] {dag.py:4180} INFO - Setting next_dagrun for example_xcom_args to None, run_after=None
[2024-11-18T06:12:20.701+0000] {logging_mixin.py:190} INFO - [2024-11-18T06:12:20.700+0000] {dag.py:4180} INFO - Setting next_dagrun for example_xcom_args_with_operators to None, run_after=None
[2024-11-18T06:12:20.715+0000] {processor.py:208} INFO - Processing /home/airflow/.local/lib/python3.12/site-packages/airflow/example_dags/example_xcomargs.py took 0.083 seconds
[2024-11-18T06:12:51.552+0000] {processor.py:186} INFO - Started process (PID=2927) to work on /home/airflow/.local/lib/python3.12/site-packages/airflow/example_dags/example_xcomargs.py
[2024-11-18T06:12:51.553+0000] {processor.py:914} INFO - Processing file /home/airflow/.local/lib/python3.12/site-packages/airflow/example_dags/example_xcomargs.py for tasks to queue
[2024-11-18T06:12:51.555+0000] {logging_mixin.py:190} INFO - [2024-11-18T06:12:51.555+0000] {dagbag.py:588} INFO - Filling up the DagBag from /home/airflow/.local/lib/python3.12/site-packages/airflow/example_dags/example_xcomargs.py
[2024-11-18T06:12:51.562+0000] {processor.py:925} INFO - DAG(s) 'example_xcom_args_with_operators', 'example_xcom_args' retrieved from /home/airflow/.local/lib/python3.12/site-packages/airflow/example_dags/example_xcomargs.py
[2024-11-18T06:12:51.580+0000] {logging_mixin.py:190} INFO - [2024-11-18T06:12:51.580+0000] {dag.py:3239} INFO - Sync 2 DAGs
[2024-11-18T06:12:51.595+0000] {logging_mixin.py:190} INFO - [2024-11-18T06:12:51.594+0000] {dag.py:4180} INFO - Setting next_dagrun for example_xcom_args to None, run_after=None
[2024-11-18T06:12:51.598+0000] {logging_mixin.py:190} INFO - [2024-11-18T06:12:51.598+0000] {dag.py:4180} INFO - Setting next_dagrun for example_xcom_args_with_operators to None, run_after=None
[2024-11-18T06:12:51.612+0000] {processor.py:208} INFO - Processing /home/airflow/.local/lib/python3.12/site-packages/airflow/example_dags/example_xcomargs.py took 0.064 seconds
[2024-11-18T06:13:22.422+0000] {processor.py:186} INFO - Started process (PID=2991) to work on /home/airflow/.local/lib/python3.12/site-packages/airflow/example_dags/example_xcomargs.py
[2024-11-18T06:13:22.423+0000] {processor.py:914} INFO - Processing file /home/airflow/.local/lib/python3.12/site-packages/airflow/example_dags/example_xcomargs.py for tasks to queue
[2024-11-18T06:13:22.425+0000] {logging_mixin.py:190} INFO - [2024-11-18T06:13:22.425+0000] {dagbag.py:588} INFO - Filling up the DagBag from /home/airflow/.local/lib/python3.12/site-packages/airflow/example_dags/example_xcomargs.py
[2024-11-18T06:13:22.432+0000] {processor.py:925} INFO - DAG(s) 'example_xcom_args_with_operators', 'example_xcom_args' retrieved from /home/airflow/.local/lib/python3.12/site-packages/airflow/example_dags/example_xcomargs.py
[2024-11-18T06:13:22.451+0000] {logging_mixin.py:190} INFO - [2024-11-18T06:13:22.451+0000] {dag.py:3239} INFO - Sync 2 DAGs
[2024-11-18T06:13:22.464+0000] {logging_mixin.py:190} INFO - [2024-11-18T06:13:22.464+0000] {dag.py:4180} INFO - Setting next_dagrun for example_xcom_args to None, run_after=None
[2024-11-18T06:13:22.467+0000] {logging_mixin.py:190} INFO - [2024-11-18T06:13:22.467+0000] {dag.py:4180} INFO - Setting next_dagrun for example_xcom_args_with_operators to None, run_after=None
[2024-11-18T06:13:22.481+0000] {processor.py:208} INFO - Processing /home/airflow/.local/lib/python3.12/site-packages/airflow/example_dags/example_xcomargs.py took 0.063 seconds
[2024-11-18T06:13:53.360+0000] {processor.py:186} INFO - Started process (PID=3055) to work on /home/airflow/.local/lib/python3.12/site-packages/airflow/example_dags/example_xcomargs.py
[2024-11-18T06:13:53.361+0000] {processor.py:914} INFO - Processing file /home/airflow/.local/lib/python3.12/site-packages/airflow/example_dags/example_xcomargs.py for tasks to queue
[2024-11-18T06:13:53.364+0000] {logging_mixin.py:190} INFO - [2024-11-18T06:13:53.363+0000] {dagbag.py:588} INFO - Filling up the DagBag from /home/airflow/.local/lib/python3.12/site-packages/airflow/example_dags/example_xcomargs.py
[2024-11-18T06:13:53.371+0000] {processor.py:925} INFO - DAG(s) 'example_xcom_args_with_operators', 'example_xcom_args' retrieved from /home/airflow/.local/lib/python3.12/site-packages/airflow/example_dags/example_xcomargs.py
[2024-11-18T06:13:53.393+0000] {logging_mixin.py:190} INFO - [2024-11-18T06:13:53.393+0000] {dag.py:3239} INFO - Sync 2 DAGs
[2024-11-18T06:13:53.404+0000] {logging_mixin.py:190} INFO - [2024-11-18T06:13:53.404+0000] {dag.py:4180} INFO - Setting next_dagrun for example_xcom_args to None, run_after=None
[2024-11-18T06:13:53.408+0000] {logging_mixin.py:190} INFO - [2024-11-18T06:13:53.408+0000] {dag.py:4180} INFO - Setting next_dagrun for example_xcom_args_with_operators to None, run_after=None
[2024-11-18T06:13:53.423+0000] {processor.py:208} INFO - Processing /home/airflow/.local/lib/python3.12/site-packages/airflow/example_dags/example_xcomargs.py took 0.067 seconds
[2024-11-18T06:14:24.300+0000] {processor.py:186} INFO - Started process (PID=3119) to work on /home/airflow/.local/lib/python3.12/site-packages/airflow/example_dags/example_xcomargs.py
[2024-11-18T06:14:24.301+0000] {processor.py:914} INFO - Processing file /home/airflow/.local/lib/python3.12/site-packages/airflow/example_dags/example_xcomargs.py for tasks to queue
[2024-11-18T06:14:24.303+0000] {logging_mixin.py:190} INFO - [2024-11-18T06:14:24.303+0000] {dagbag.py:588} INFO - Filling up the DagBag from /home/airflow/.local/lib/python3.12/site-packages/airflow/example_dags/example_xcomargs.py
[2024-11-18T06:14:24.311+0000] {processor.py:925} INFO - DAG(s) 'example_xcom_args_with_operators', 'example_xcom_args' retrieved from /home/airflow/.local/lib/python3.12/site-packages/airflow/example_dags/example_xcomargs.py
[2024-11-18T06:14:24.329+0000] {logging_mixin.py:190} INFO - [2024-11-18T06:14:24.329+0000] {dag.py:3239} INFO - Sync 2 DAGs
[2024-11-18T06:14:24.340+0000] {logging_mixin.py:190} INFO - [2024-11-18T06:14:24.340+0000] {dag.py:4180} INFO - Setting next_dagrun for example_xcom_args to None, run_after=None
[2024-11-18T06:14:24.344+0000] {logging_mixin.py:190} INFO - [2024-11-18T06:14:24.344+0000] {dag.py:4180} INFO - Setting next_dagrun for example_xcom_args_with_operators to None, run_after=None
[2024-11-18T06:14:24.358+0000] {processor.py:208} INFO - Processing /home/airflow/.local/lib/python3.12/site-packages/airflow/example_dags/example_xcomargs.py took 0.063 seconds
[2024-11-18T06:14:55.135+0000] {processor.py:186} INFO - Started process (PID=3183) to work on /home/airflow/.local/lib/python3.12/site-packages/airflow/example_dags/example_xcomargs.py
[2024-11-18T06:14:55.136+0000] {processor.py:914} INFO - Processing file /home/airflow/.local/lib/python3.12/site-packages/airflow/example_dags/example_xcomargs.py for tasks to queue
[2024-11-18T06:14:55.139+0000] {logging_mixin.py:190} INFO - [2024-11-18T06:14:55.138+0000] {dagbag.py:588} INFO - Filling up the DagBag from /home/airflow/.local/lib/python3.12/site-packages/airflow/example_dags/example_xcomargs.py
[2024-11-18T06:14:55.148+0000] {processor.py:925} INFO - DAG(s) 'example_xcom_args_with_operators', 'example_xcom_args' retrieved from /home/airflow/.local/lib/python3.12/site-packages/airflow/example_dags/example_xcomargs.py
[2024-11-18T06:14:55.178+0000] {logging_mixin.py:190} INFO - [2024-11-18T06:14:55.178+0000] {dag.py:3239} INFO - Sync 2 DAGs
[2024-11-18T06:14:55.195+0000] {logging_mixin.py:190} INFO - [2024-11-18T06:14:55.195+0000] {dag.py:4180} INFO - Setting next_dagrun for example_xcom_args to None, run_after=None
[2024-11-18T06:14:55.199+0000] {logging_mixin.py:190} INFO - [2024-11-18T06:14:55.199+0000] {dag.py:4180} INFO - Setting next_dagrun for example_xcom_args_with_operators to None, run_after=None
[2024-11-18T06:14:55.219+0000] {processor.py:208} INFO - Processing /home/airflow/.local/lib/python3.12/site-packages/airflow/example_dags/example_xcomargs.py took 0.088 seconds
[2024-11-18T06:15:26.627+0000] {processor.py:186} INFO - Started process (PID=3247) to work on /home/airflow/.local/lib/python3.12/site-packages/airflow/example_dags/example_xcomargs.py
[2024-11-18T06:15:26.628+0000] {processor.py:914} INFO - Processing file /home/airflow/.local/lib/python3.12/site-packages/airflow/example_dags/example_xcomargs.py for tasks to queue
[2024-11-18T06:15:26.630+0000] {logging_mixin.py:190} INFO - [2024-11-18T06:15:26.630+0000] {dagbag.py:588} INFO - Filling up the DagBag from /home/airflow/.local/lib/python3.12/site-packages/airflow/example_dags/example_xcomargs.py
[2024-11-18T06:15:26.637+0000] {processor.py:925} INFO - DAG(s) 'example_xcom_args', 'example_xcom_args_with_operators' retrieved from /home/airflow/.local/lib/python3.12/site-packages/airflow/example_dags/example_xcomargs.py
[2024-11-18T06:15:26.657+0000] {logging_mixin.py:190} INFO - [2024-11-18T06:15:26.657+0000] {dag.py:3239} INFO - Sync 2 DAGs
[2024-11-18T06:15:26.669+0000] {logging_mixin.py:190} INFO - [2024-11-18T06:15:26.669+0000] {dag.py:4180} INFO - Setting next_dagrun for example_xcom_args to None, run_after=None
[2024-11-18T06:15:26.674+0000] {logging_mixin.py:190} INFO - [2024-11-18T06:15:26.674+0000] {dag.py:4180} INFO - Setting next_dagrun for example_xcom_args_with_operators to None, run_after=None
[2024-11-18T06:15:26.690+0000] {processor.py:208} INFO - Processing /home/airflow/.local/lib/python3.12/site-packages/airflow/example_dags/example_xcomargs.py took 0.068 seconds
[2024-11-18T06:15:57.718+0000] {processor.py:186} INFO - Started process (PID=3311) to work on /home/airflow/.local/lib/python3.12/site-packages/airflow/example_dags/example_xcomargs.py
[2024-11-18T06:15:57.719+0000] {processor.py:914} INFO - Processing file /home/airflow/.local/lib/python3.12/site-packages/airflow/example_dags/example_xcomargs.py for tasks to queue
[2024-11-18T06:15:57.722+0000] {logging_mixin.py:190} INFO - [2024-11-18T06:15:57.722+0000] {dagbag.py:588} INFO - Filling up the DagBag from /home/airflow/.local/lib/python3.12/site-packages/airflow/example_dags/example_xcomargs.py
[2024-11-18T06:15:57.733+0000] {processor.py:925} INFO - DAG(s) 'example_xcom_args', 'example_xcom_args_with_operators' retrieved from /home/airflow/.local/lib/python3.12/site-packages/airflow/example_dags/example_xcomargs.py
[2024-11-18T06:15:57.755+0000] {logging_mixin.py:190} INFO - [2024-11-18T06:15:57.755+0000] {dag.py:3239} INFO - Sync 2 DAGs
[2024-11-18T06:15:57.769+0000] {logging_mixin.py:190} INFO - [2024-11-18T06:15:57.769+0000] {dag.py:4180} INFO - Setting next_dagrun for example_xcom_args to None, run_after=None
[2024-11-18T06:15:57.774+0000] {logging_mixin.py:190} INFO - [2024-11-18T06:15:57.774+0000] {dag.py:4180} INFO - Setting next_dagrun for example_xcom_args_with_operators to None, run_after=None
[2024-11-18T06:15:57.790+0000] {processor.py:208} INFO - Processing /home/airflow/.local/lib/python3.12/site-packages/airflow/example_dags/example_xcomargs.py took 0.076 seconds
[2024-11-18T06:16:28.652+0000] {processor.py:186} INFO - Started process (PID=3375) to work on /home/airflow/.local/lib/python3.12/site-packages/airflow/example_dags/example_xcomargs.py
[2024-11-18T06:16:28.653+0000] {processor.py:914} INFO - Processing file /home/airflow/.local/lib/python3.12/site-packages/airflow/example_dags/example_xcomargs.py for tasks to queue
[2024-11-18T06:16:28.655+0000] {logging_mixin.py:190} INFO - [2024-11-18T06:16:28.655+0000] {dagbag.py:588} INFO - Filling up the DagBag from /home/airflow/.local/lib/python3.12/site-packages/airflow/example_dags/example_xcomargs.py
[2024-11-18T06:16:28.662+0000] {processor.py:925} INFO - DAG(s) 'example_xcom_args', 'example_xcom_args_with_operators' retrieved from /home/airflow/.local/lib/python3.12/site-packages/airflow/example_dags/example_xcomargs.py
[2024-11-18T06:16:28.681+0000] {logging_mixin.py:190} INFO - [2024-11-18T06:16:28.681+0000] {dag.py:3239} INFO - Sync 2 DAGs
[2024-11-18T06:16:28.693+0000] {logging_mixin.py:190} INFO - [2024-11-18T06:16:28.693+0000] {dag.py:4180} INFO - Setting next_dagrun for example_xcom_args to None, run_after=None
[2024-11-18T06:16:28.696+0000] {logging_mixin.py:190} INFO - [2024-11-18T06:16:28.696+0000] {dag.py:4180} INFO - Setting next_dagrun for example_xcom_args_with_operators to None, run_after=None
[2024-11-18T06:16:28.709+0000] {processor.py:208} INFO - Processing /home/airflow/.local/lib/python3.12/site-packages/airflow/example_dags/example_xcomargs.py took 0.061 seconds
[2024-11-18T06:16:59.168+0000] {processor.py:186} INFO - Started process (PID=3439) to work on /home/airflow/.local/lib/python3.12/site-packages/airflow/example_dags/example_xcomargs.py
[2024-11-18T06:16:59.169+0000] {processor.py:914} INFO - Processing file /home/airflow/.local/lib/python3.12/site-packages/airflow/example_dags/example_xcomargs.py for tasks to queue
[2024-11-18T06:16:59.171+0000] {logging_mixin.py:190} INFO - [2024-11-18T06:16:59.171+0000] {dagbag.py:588} INFO - Filling up the DagBag from /home/airflow/.local/lib/python3.12/site-packages/airflow/example_dags/example_xcomargs.py
[2024-11-18T06:16:59.178+0000] {processor.py:925} INFO - DAG(s) 'example_xcom_args', 'example_xcom_args_with_operators' retrieved from /home/airflow/.local/lib/python3.12/site-packages/airflow/example_dags/example_xcomargs.py
[2024-11-18T06:16:59.197+0000] {logging_mixin.py:190} INFO - [2024-11-18T06:16:59.196+0000] {dag.py:3239} INFO - Sync 2 DAGs
[2024-11-18T06:16:59.208+0000] {logging_mixin.py:190} INFO - [2024-11-18T06:16:59.208+0000] {dag.py:4180} INFO - Setting next_dagrun for example_xcom_args to None, run_after=None
[2024-11-18T06:16:59.212+0000] {logging_mixin.py:190} INFO - [2024-11-18T06:16:59.212+0000] {dag.py:4180} INFO - Setting next_dagrun for example_xcom_args_with_operators to None, run_after=None
[2024-11-18T06:16:59.226+0000] {processor.py:208} INFO - Processing /home/airflow/.local/lib/python3.12/site-packages/airflow/example_dags/example_xcomargs.py took 0.063 seconds
[2024-11-18T06:17:29.908+0000] {processor.py:186} INFO - Started process (PID=3503) to work on /home/airflow/.local/lib/python3.12/site-packages/airflow/example_dags/example_xcomargs.py
[2024-11-18T06:17:29.910+0000] {processor.py:914} INFO - Processing file /home/airflow/.local/lib/python3.12/site-packages/airflow/example_dags/example_xcomargs.py for tasks to queue
[2024-11-18T06:17:29.912+0000] {logging_mixin.py:190} INFO - [2024-11-18T06:17:29.912+0000] {dagbag.py:588} INFO - Filling up the DagBag from /home/airflow/.local/lib/python3.12/site-packages/airflow/example_dags/example_xcomargs.py
[2024-11-18T06:17:29.921+0000] {processor.py:925} INFO - DAG(s) 'example_xcom_args_with_operators', 'example_xcom_args' retrieved from /home/airflow/.local/lib/python3.12/site-packages/airflow/example_dags/example_xcomargs.py
[2024-11-18T06:17:29.945+0000] {logging_mixin.py:190} INFO - [2024-11-18T06:17:29.944+0000] {dag.py:3239} INFO - Sync 2 DAGs
[2024-11-18T06:17:29.958+0000] {logging_mixin.py:190} INFO - [2024-11-18T06:17:29.957+0000] {dag.py:4180} INFO - Setting next_dagrun for example_xcom_args to None, run_after=None
[2024-11-18T06:17:29.961+0000] {logging_mixin.py:190} INFO - [2024-11-18T06:17:29.961+0000] {dag.py:4180} INFO - Setting next_dagrun for example_xcom_args_with_operators to None, run_after=None
[2024-11-18T06:17:29.978+0000] {processor.py:208} INFO - Processing /home/airflow/.local/lib/python3.12/site-packages/airflow/example_dags/example_xcomargs.py took 0.076 seconds
