[2024-11-18T05:49:59.397+0000] {processor.py:186} INFO - Started process (PID=111) to work on /home/airflow/.local/lib/python3.12/site-packages/airflow/example_dags/example_sla_dag.py
[2024-11-18T05:49:59.398+0000] {processor.py:914} INFO - Processing file /home/airflow/.local/lib/python3.12/site-packages/airflow/example_dags/example_sla_dag.py for tasks to queue
[2024-11-18T05:49:59.402+0000] {logging_mixin.py:190} INFO - [2024-11-18T05:49:59.402+0000] {dagbag.py:588} INFO - Filling up the DagBag from /home/airflow/.local/lib/python3.12/site-packages/airflow/example_dags/example_sla_dag.py
[2024-11-18T05:49:59.418+0000] {processor.py:925} INFO - DAG(s) 'example_sla_dag' retrieved from /home/airflow/.local/lib/python3.12/site-packages/airflow/example_dags/example_sla_dag.py
[2024-11-18T05:49:59.545+0000] {logging_mixin.py:190} INFO - [2024-11-18T05:49:59.543+0000] {override.py:1911} INFO - Created Permission View: can edit on DAG:example_sla_dag
[2024-11-18T05:49:59.557+0000] {logging_mixin.py:190} INFO - [2024-11-18T05:49:59.557+0000] {override.py:1911} INFO - Created Permission View: can delete on DAG:example_sla_dag
[2024-11-18T05:49:59.565+0000] {logging_mixin.py:190} INFO - [2024-11-18T05:49:59.565+0000] {override.py:1911} INFO - Created Permission View: can read on DAG:example_sla_dag
[2024-11-18T05:49:59.579+0000] {logging_mixin.py:190} INFO - [2024-11-18T05:49:59.579+0000] {override.py:1911} INFO - Created Permission View: menu access on DAG Run:example_sla_dag
[2024-11-18T05:49:59.598+0000] {logging_mixin.py:190} INFO - [2024-11-18T05:49:59.597+0000] {override.py:1911} INFO - Created Permission View: can delete on DAG Run:example_sla_dag
[2024-11-18T05:49:59.615+0000] {logging_mixin.py:190} INFO - [2024-11-18T05:49:59.614+0000] {override.py:1911} INFO - Created Permission View: can create on DAG Run:example_sla_dag
[2024-11-18T05:49:59.625+0000] {logging_mixin.py:190} INFO - [2024-11-18T05:49:59.625+0000] {override.py:1911} INFO - Created Permission View: can read on DAG Run:example_sla_dag
[2024-11-18T05:49:59.627+0000] {logging_mixin.py:190} INFO - [2024-11-18T05:49:59.627+0000] {dag.py:3239} INFO - Sync 1 DAGs
[2024-11-18T05:49:59.647+0000] {logging_mixin.py:190} INFO - [2024-11-18T05:49:59.646+0000] {dag.py:3262} INFO - Creating ORM DAG for example_sla_dag
[2024-11-18T05:49:59.666+0000] {logging_mixin.py:190} INFO - [2024-11-18T05:49:59.666+0000] {dag.py:4180} INFO - Setting next_dagrun for example_sla_dag to 2024-11-18 05:46:00+00:00, run_after=2024-11-18 05:48:00+00:00
[2024-11-18T05:49:59.685+0000] {processor.py:208} INFO - Processing /home/airflow/.local/lib/python3.12/site-packages/airflow/example_dags/example_sla_dag.py took 0.296 seconds
[2024-11-18T05:50:30.555+0000] {processor.py:186} INFO - Started process (PID=174) to work on /home/airflow/.local/lib/python3.12/site-packages/airflow/example_dags/example_sla_dag.py
[2024-11-18T05:50:30.557+0000] {processor.py:914} INFO - Processing file /home/airflow/.local/lib/python3.12/site-packages/airflow/example_dags/example_sla_dag.py for tasks to queue
[2024-11-18T05:50:30.561+0000] {logging_mixin.py:190} INFO - [2024-11-18T05:50:30.560+0000] {dagbag.py:588} INFO - Filling up the DagBag from /home/airflow/.local/lib/python3.12/site-packages/airflow/example_dags/example_sla_dag.py
[2024-11-18T05:50:30.572+0000] {processor.py:925} INFO - DAG(s) 'example_sla_dag' retrieved from /home/airflow/.local/lib/python3.12/site-packages/airflow/example_dags/example_sla_dag.py
[2024-11-18T05:50:30.593+0000] {logging_mixin.py:190} INFO - [2024-11-18T05:50:30.592+0000] {dag.py:3239} INFO - Sync 1 DAGs
[2024-11-18T05:50:30.631+0000] {logging_mixin.py:190} INFO - [2024-11-18T05:50:30.631+0000] {dag.py:4180} INFO - Setting next_dagrun for example_sla_dag to 2024-11-18 05:48:00+00:00, run_after=2024-11-18 05:50:00+00:00
[2024-11-18T05:50:30.653+0000] {processor.py:208} INFO - Processing /home/airflow/.local/lib/python3.12/site-packages/airflow/example_dags/example_sla_dag.py took 0.106 seconds
[2024-11-18T05:51:00.890+0000] {processor.py:186} INFO - Started process (PID=237) to work on /home/airflow/.local/lib/python3.12/site-packages/airflow/example_dags/example_sla_dag.py
[2024-11-18T05:51:00.892+0000] {processor.py:914} INFO - Processing file /home/airflow/.local/lib/python3.12/site-packages/airflow/example_dags/example_sla_dag.py for tasks to queue
[2024-11-18T05:51:00.896+0000] {logging_mixin.py:190} INFO - [2024-11-18T05:51:00.895+0000] {dagbag.py:588} INFO - Filling up the DagBag from /home/airflow/.local/lib/python3.12/site-packages/airflow/example_dags/example_sla_dag.py
[2024-11-18T05:51:00.911+0000] {processor.py:925} INFO - DAG(s) 'example_sla_dag' retrieved from /home/airflow/.local/lib/python3.12/site-packages/airflow/example_dags/example_sla_dag.py
[2024-11-18T05:51:00.936+0000] {logging_mixin.py:190} INFO - [2024-11-18T05:51:00.935+0000] {dag.py:3239} INFO - Sync 1 DAGs
[2024-11-18T05:51:00.969+0000] {logging_mixin.py:190} INFO - [2024-11-18T05:51:00.969+0000] {dag.py:4180} INFO - Setting next_dagrun for example_sla_dag to 2024-11-18 05:48:00+00:00, run_after=2024-11-18 05:50:00+00:00
[2024-11-18T05:51:01.007+0000] {processor.py:208} INFO - Processing /home/airflow/.local/lib/python3.12/site-packages/airflow/example_dags/example_sla_dag.py took 0.127 seconds
[2024-11-18T05:51:31.115+0000] {processor.py:186} INFO - Started process (PID=300) to work on /home/airflow/.local/lib/python3.12/site-packages/airflow/example_dags/example_sla_dag.py
[2024-11-18T05:51:31.117+0000] {processor.py:914} INFO - Processing file /home/airflow/.local/lib/python3.12/site-packages/airflow/example_dags/example_sla_dag.py for tasks to queue
[2024-11-18T05:51:31.121+0000] {logging_mixin.py:190} INFO - [2024-11-18T05:51:31.120+0000] {dagbag.py:588} INFO - Filling up the DagBag from /home/airflow/.local/lib/python3.12/site-packages/airflow/example_dags/example_sla_dag.py
[2024-11-18T05:51:31.139+0000] {processor.py:925} INFO - DAG(s) 'example_sla_dag' retrieved from /home/airflow/.local/lib/python3.12/site-packages/airflow/example_dags/example_sla_dag.py
[2024-11-18T05:51:31.195+0000] {logging_mixin.py:190} INFO - [2024-11-18T05:51:31.194+0000] {dag.py:3239} INFO - Sync 1 DAGs
[2024-11-18T05:51:31.277+0000] {logging_mixin.py:190} INFO - [2024-11-18T05:51:31.276+0000] {dag.py:4180} INFO - Setting next_dagrun for example_sla_dag to 2024-11-18 05:48:00+00:00, run_after=2024-11-18 05:50:00+00:00
[2024-11-18T05:51:31.320+0000] {processor.py:208} INFO - Processing /home/airflow/.local/lib/python3.12/site-packages/airflow/example_dags/example_sla_dag.py took 0.216 seconds
[2024-11-18T05:52:02.952+0000] {processor.py:186} INFO - Started process (PID=363) to work on /home/airflow/.local/lib/python3.12/site-packages/airflow/example_dags/example_sla_dag.py
[2024-11-18T05:52:02.954+0000] {processor.py:914} INFO - Processing file /home/airflow/.local/lib/python3.12/site-packages/airflow/example_dags/example_sla_dag.py for tasks to queue
[2024-11-18T05:52:02.957+0000] {logging_mixin.py:190} INFO - [2024-11-18T05:52:02.956+0000] {dagbag.py:588} INFO - Filling up the DagBag from /home/airflow/.local/lib/python3.12/site-packages/airflow/example_dags/example_sla_dag.py
[2024-11-18T05:52:02.975+0000] {processor.py:925} INFO - DAG(s) 'example_sla_dag' retrieved from /home/airflow/.local/lib/python3.12/site-packages/airflow/example_dags/example_sla_dag.py
[2024-11-18T05:52:03.025+0000] {logging_mixin.py:190} INFO - [2024-11-18T05:52:03.025+0000] {dag.py:3239} INFO - Sync 1 DAGs
[2024-11-18T05:52:03.077+0000] {logging_mixin.py:190} INFO - [2024-11-18T05:52:03.077+0000] {dag.py:4180} INFO - Setting next_dagrun for example_sla_dag to 2024-11-18 05:50:00+00:00, run_after=2024-11-18 05:52:00+00:00
[2024-11-18T05:52:03.110+0000] {processor.py:208} INFO - Processing /home/airflow/.local/lib/python3.12/site-packages/airflow/example_dags/example_sla_dag.py took 0.164 seconds
[2024-11-18T05:52:33.816+0000] {processor.py:186} INFO - Started process (PID=426) to work on /home/airflow/.local/lib/python3.12/site-packages/airflow/example_dags/example_sla_dag.py
[2024-11-18T05:52:33.817+0000] {processor.py:914} INFO - Processing file /home/airflow/.local/lib/python3.12/site-packages/airflow/example_dags/example_sla_dag.py for tasks to queue
[2024-11-18T05:52:33.820+0000] {logging_mixin.py:190} INFO - [2024-11-18T05:52:33.820+0000] {dagbag.py:588} INFO - Filling up the DagBag from /home/airflow/.local/lib/python3.12/site-packages/airflow/example_dags/example_sla_dag.py
[2024-11-18T05:52:33.836+0000] {processor.py:925} INFO - DAG(s) 'example_sla_dag' retrieved from /home/airflow/.local/lib/python3.12/site-packages/airflow/example_dags/example_sla_dag.py
[2024-11-18T05:52:33.865+0000] {logging_mixin.py:190} INFO - [2024-11-18T05:52:33.865+0000] {dag.py:3239} INFO - Sync 1 DAGs
[2024-11-18T05:52:33.907+0000] {logging_mixin.py:190} INFO - [2024-11-18T05:52:33.907+0000] {dag.py:4180} INFO - Setting next_dagrun for example_sla_dag to 2024-11-18 05:50:00+00:00, run_after=2024-11-18 05:52:00+00:00
[2024-11-18T05:52:33.934+0000] {processor.py:208} INFO - Processing /home/airflow/.local/lib/python3.12/site-packages/airflow/example_dags/example_sla_dag.py took 0.125 seconds
[2024-11-18T05:53:05.374+0000] {processor.py:186} INFO - Started process (PID=489) to work on /home/airflow/.local/lib/python3.12/site-packages/airflow/example_dags/example_sla_dag.py
[2024-11-18T05:53:05.376+0000] {processor.py:914} INFO - Processing file /home/airflow/.local/lib/python3.12/site-packages/airflow/example_dags/example_sla_dag.py for tasks to queue
[2024-11-18T05:53:05.379+0000] {logging_mixin.py:190} INFO - [2024-11-18T05:53:05.378+0000] {dagbag.py:588} INFO - Filling up the DagBag from /home/airflow/.local/lib/python3.12/site-packages/airflow/example_dags/example_sla_dag.py
[2024-11-18T05:53:05.394+0000] {processor.py:925} INFO - DAG(s) 'example_sla_dag' retrieved from /home/airflow/.local/lib/python3.12/site-packages/airflow/example_dags/example_sla_dag.py
[2024-11-18T05:53:05.417+0000] {logging_mixin.py:190} INFO - [2024-11-18T05:53:05.417+0000] {dag.py:3239} INFO - Sync 1 DAGs
[2024-11-18T05:53:05.448+0000] {logging_mixin.py:190} INFO - [2024-11-18T05:53:05.448+0000] {dag.py:4180} INFO - Setting next_dagrun for example_sla_dag to 2024-11-18 05:50:00+00:00, run_after=2024-11-18 05:52:00+00:00
[2024-11-18T05:53:05.476+0000] {processor.py:208} INFO - Processing /home/airflow/.local/lib/python3.12/site-packages/airflow/example_dags/example_sla_dag.py took 0.112 seconds
[2024-11-18T05:53:36.715+0000] {processor.py:186} INFO - Started process (PID=552) to work on /home/airflow/.local/lib/python3.12/site-packages/airflow/example_dags/example_sla_dag.py
[2024-11-18T05:53:36.716+0000] {processor.py:914} INFO - Processing file /home/airflow/.local/lib/python3.12/site-packages/airflow/example_dags/example_sla_dag.py for tasks to queue
[2024-11-18T05:53:36.719+0000] {logging_mixin.py:190} INFO - [2024-11-18T05:53:36.719+0000] {dagbag.py:588} INFO - Filling up the DagBag from /home/airflow/.local/lib/python3.12/site-packages/airflow/example_dags/example_sla_dag.py
[2024-11-18T05:53:36.730+0000] {processor.py:925} INFO - DAG(s) 'example_sla_dag' retrieved from /home/airflow/.local/lib/python3.12/site-packages/airflow/example_dags/example_sla_dag.py
[2024-11-18T05:53:36.753+0000] {logging_mixin.py:190} INFO - [2024-11-18T05:53:36.752+0000] {dag.py:3239} INFO - Sync 1 DAGs
[2024-11-18T05:53:36.789+0000] {logging_mixin.py:190} INFO - [2024-11-18T05:53:36.789+0000] {dag.py:4180} INFO - Setting next_dagrun for example_sla_dag to 2024-11-18 05:50:00+00:00, run_after=2024-11-18 05:52:00+00:00
[2024-11-18T05:53:36.834+0000] {processor.py:208} INFO - Processing /home/airflow/.local/lib/python3.12/site-packages/airflow/example_dags/example_sla_dag.py took 0.126 seconds
[2024-11-18T05:54:07.801+0000] {processor.py:186} INFO - Started process (PID=615) to work on /home/airflow/.local/lib/python3.12/site-packages/airflow/example_dags/example_sla_dag.py
[2024-11-18T05:54:07.803+0000] {processor.py:914} INFO - Processing file /home/airflow/.local/lib/python3.12/site-packages/airflow/example_dags/example_sla_dag.py for tasks to queue
[2024-11-18T05:54:07.806+0000] {logging_mixin.py:190} INFO - [2024-11-18T05:54:07.805+0000] {dagbag.py:588} INFO - Filling up the DagBag from /home/airflow/.local/lib/python3.12/site-packages/airflow/example_dags/example_sla_dag.py
[2024-11-18T05:54:07.821+0000] {processor.py:925} INFO - DAG(s) 'example_sla_dag' retrieved from /home/airflow/.local/lib/python3.12/site-packages/airflow/example_dags/example_sla_dag.py
[2024-11-18T05:54:07.844+0000] {logging_mixin.py:190} INFO - [2024-11-18T05:54:07.844+0000] {dag.py:3239} INFO - Sync 1 DAGs
[2024-11-18T05:54:07.879+0000] {logging_mixin.py:190} INFO - [2024-11-18T05:54:07.879+0000] {dag.py:4180} INFO - Setting next_dagrun for example_sla_dag to 2024-11-18 05:52:00+00:00, run_after=2024-11-18 05:54:00+00:00
[2024-11-18T05:54:07.926+0000] {processor.py:208} INFO - Processing /home/airflow/.local/lib/python3.12/site-packages/airflow/example_dags/example_sla_dag.py took 0.133 seconds
[2024-11-18T05:54:39.114+0000] {processor.py:186} INFO - Started process (PID=678) to work on /home/airflow/.local/lib/python3.12/site-packages/airflow/example_dags/example_sla_dag.py
[2024-11-18T05:54:39.116+0000] {processor.py:914} INFO - Processing file /home/airflow/.local/lib/python3.12/site-packages/airflow/example_dags/example_sla_dag.py for tasks to queue
[2024-11-18T05:54:39.124+0000] {logging_mixin.py:190} INFO - [2024-11-18T05:54:39.123+0000] {dagbag.py:588} INFO - Filling up the DagBag from /home/airflow/.local/lib/python3.12/site-packages/airflow/example_dags/example_sla_dag.py
[2024-11-18T05:54:39.139+0000] {processor.py:925} INFO - DAG(s) 'example_sla_dag' retrieved from /home/airflow/.local/lib/python3.12/site-packages/airflow/example_dags/example_sla_dag.py
[2024-11-18T05:54:39.167+0000] {logging_mixin.py:190} INFO - [2024-11-18T05:54:39.167+0000] {dag.py:3239} INFO - Sync 1 DAGs
[2024-11-18T05:54:39.204+0000] {logging_mixin.py:190} INFO - [2024-11-18T05:54:39.204+0000] {dag.py:4180} INFO - Setting next_dagrun for example_sla_dag to 2024-11-18 05:52:00+00:00, run_after=2024-11-18 05:54:00+00:00
[2024-11-18T05:54:39.244+0000] {processor.py:208} INFO - Processing /home/airflow/.local/lib/python3.12/site-packages/airflow/example_dags/example_sla_dag.py took 0.139 seconds
[2024-11-18T05:55:10.463+0000] {processor.py:186} INFO - Started process (PID=741) to work on /home/airflow/.local/lib/python3.12/site-packages/airflow/example_dags/example_sla_dag.py
[2024-11-18T05:55:10.465+0000] {processor.py:914} INFO - Processing file /home/airflow/.local/lib/python3.12/site-packages/airflow/example_dags/example_sla_dag.py for tasks to queue
[2024-11-18T05:55:10.468+0000] {logging_mixin.py:190} INFO - [2024-11-18T05:55:10.467+0000] {dagbag.py:588} INFO - Filling up the DagBag from /home/airflow/.local/lib/python3.12/site-packages/airflow/example_dags/example_sla_dag.py
[2024-11-18T05:55:10.483+0000] {processor.py:925} INFO - DAG(s) 'example_sla_dag' retrieved from /home/airflow/.local/lib/python3.12/site-packages/airflow/example_dags/example_sla_dag.py
[2024-11-18T05:55:10.509+0000] {logging_mixin.py:190} INFO - [2024-11-18T05:55:10.508+0000] {dag.py:3239} INFO - Sync 1 DAGs
[2024-11-18T05:55:10.548+0000] {logging_mixin.py:190} INFO - [2024-11-18T05:55:10.547+0000] {dag.py:4180} INFO - Setting next_dagrun for example_sla_dag to 2024-11-18 05:52:00+00:00, run_after=2024-11-18 05:54:00+00:00
[2024-11-18T05:55:10.572+0000] {processor.py:208} INFO - Processing /home/airflow/.local/lib/python3.12/site-packages/airflow/example_dags/example_sla_dag.py took 0.116 seconds
[2024-11-18T05:55:41.450+0000] {processor.py:186} INFO - Started process (PID=804) to work on /home/airflow/.local/lib/python3.12/site-packages/airflow/example_dags/example_sla_dag.py
[2024-11-18T05:55:41.451+0000] {processor.py:914} INFO - Processing file /home/airflow/.local/lib/python3.12/site-packages/airflow/example_dags/example_sla_dag.py for tasks to queue
[2024-11-18T05:55:41.454+0000] {logging_mixin.py:190} INFO - [2024-11-18T05:55:41.454+0000] {dagbag.py:588} INFO - Filling up the DagBag from /home/airflow/.local/lib/python3.12/site-packages/airflow/example_dags/example_sla_dag.py
[2024-11-18T05:55:41.466+0000] {processor.py:925} INFO - DAG(s) 'example_sla_dag' retrieved from /home/airflow/.local/lib/python3.12/site-packages/airflow/example_dags/example_sla_dag.py
[2024-11-18T05:55:41.490+0000] {logging_mixin.py:190} INFO - [2024-11-18T05:55:41.490+0000] {dag.py:3239} INFO - Sync 1 DAGs
[2024-11-18T05:55:41.522+0000] {logging_mixin.py:190} INFO - [2024-11-18T05:55:41.521+0000] {dag.py:4180} INFO - Setting next_dagrun for example_sla_dag to 2024-11-18 05:52:00+00:00, run_after=2024-11-18 05:54:00+00:00
[2024-11-18T05:55:41.543+0000] {processor.py:208} INFO - Processing /home/airflow/.local/lib/python3.12/site-packages/airflow/example_dags/example_sla_dag.py took 0.100 seconds
[2024-11-18T05:56:13.083+0000] {processor.py:186} INFO - Started process (PID=867) to work on /home/airflow/.local/lib/python3.12/site-packages/airflow/example_dags/example_sla_dag.py
[2024-11-18T05:56:13.085+0000] {processor.py:914} INFO - Processing file /home/airflow/.local/lib/python3.12/site-packages/airflow/example_dags/example_sla_dag.py for tasks to queue
[2024-11-18T05:56:13.087+0000] {logging_mixin.py:190} INFO - [2024-11-18T05:56:13.087+0000] {dagbag.py:588} INFO - Filling up the DagBag from /home/airflow/.local/lib/python3.12/site-packages/airflow/example_dags/example_sla_dag.py
[2024-11-18T05:56:13.101+0000] {processor.py:925} INFO - DAG(s) 'example_sla_dag' retrieved from /home/airflow/.local/lib/python3.12/site-packages/airflow/example_dags/example_sla_dag.py
[2024-11-18T05:56:13.122+0000] {logging_mixin.py:190} INFO - [2024-11-18T05:56:13.122+0000] {dag.py:3239} INFO - Sync 1 DAGs
[2024-11-18T05:56:13.153+0000] {logging_mixin.py:190} INFO - [2024-11-18T05:56:13.153+0000] {dag.py:4180} INFO - Setting next_dagrun for example_sla_dag to 2024-11-18 05:54:00+00:00, run_after=2024-11-18 05:56:00+00:00
[2024-11-18T05:56:13.194+0000] {processor.py:208} INFO - Processing /home/airflow/.local/lib/python3.12/site-packages/airflow/example_dags/example_sla_dag.py took 0.119 seconds
[2024-11-18T05:56:44.878+0000] {processor.py:186} INFO - Started process (PID=930) to work on /home/airflow/.local/lib/python3.12/site-packages/airflow/example_dags/example_sla_dag.py
[2024-11-18T05:56:44.880+0000] {processor.py:914} INFO - Processing file /home/airflow/.local/lib/python3.12/site-packages/airflow/example_dags/example_sla_dag.py for tasks to queue
[2024-11-18T05:56:44.882+0000] {logging_mixin.py:190} INFO - [2024-11-18T05:56:44.882+0000] {dagbag.py:588} INFO - Filling up the DagBag from /home/airflow/.local/lib/python3.12/site-packages/airflow/example_dags/example_sla_dag.py
[2024-11-18T05:56:44.896+0000] {processor.py:925} INFO - DAG(s) 'example_sla_dag' retrieved from /home/airflow/.local/lib/python3.12/site-packages/airflow/example_dags/example_sla_dag.py
[2024-11-18T05:56:44.918+0000] {logging_mixin.py:190} INFO - [2024-11-18T05:56:44.918+0000] {dag.py:3239} INFO - Sync 1 DAGs
[2024-11-18T05:56:44.947+0000] {logging_mixin.py:190} INFO - [2024-11-18T05:56:44.947+0000] {dag.py:4180} INFO - Setting next_dagrun for example_sla_dag to 2024-11-18 05:54:00+00:00, run_after=2024-11-18 05:56:00+00:00
[2024-11-18T05:56:44.978+0000] {processor.py:208} INFO - Processing /home/airflow/.local/lib/python3.12/site-packages/airflow/example_dags/example_sla_dag.py took 0.107 seconds
[2024-11-18T05:57:16.984+0000] {processor.py:186} INFO - Started process (PID=993) to work on /home/airflow/.local/lib/python3.12/site-packages/airflow/example_dags/example_sla_dag.py
[2024-11-18T05:57:16.986+0000] {processor.py:914} INFO - Processing file /home/airflow/.local/lib/python3.12/site-packages/airflow/example_dags/example_sla_dag.py for tasks to queue
[2024-11-18T05:57:16.989+0000] {logging_mixin.py:190} INFO - [2024-11-18T05:57:16.988+0000] {dagbag.py:588} INFO - Filling up the DagBag from /home/airflow/.local/lib/python3.12/site-packages/airflow/example_dags/example_sla_dag.py
[2024-11-18T05:57:17.001+0000] {processor.py:925} INFO - DAG(s) 'example_sla_dag' retrieved from /home/airflow/.local/lib/python3.12/site-packages/airflow/example_dags/example_sla_dag.py
[2024-11-18T05:57:17.024+0000] {logging_mixin.py:190} INFO - [2024-11-18T05:57:17.023+0000] {dag.py:3239} INFO - Sync 1 DAGs
[2024-11-18T05:57:17.053+0000] {logging_mixin.py:190} INFO - [2024-11-18T05:57:17.053+0000] {dag.py:4180} INFO - Setting next_dagrun for example_sla_dag to 2024-11-18 05:54:00+00:00, run_after=2024-11-18 05:56:00+00:00
[2024-11-18T05:57:17.081+0000] {processor.py:208} INFO - Processing /home/airflow/.local/lib/python3.12/site-packages/airflow/example_dags/example_sla_dag.py took 0.104 seconds
[2024-11-18T05:57:48.227+0000] {processor.py:186} INFO - Started process (PID=1056) to work on /home/airflow/.local/lib/python3.12/site-packages/airflow/example_dags/example_sla_dag.py
[2024-11-18T05:57:48.228+0000] {processor.py:914} INFO - Processing file /home/airflow/.local/lib/python3.12/site-packages/airflow/example_dags/example_sla_dag.py for tasks to queue
[2024-11-18T05:57:48.230+0000] {logging_mixin.py:190} INFO - [2024-11-18T05:57:48.230+0000] {dagbag.py:588} INFO - Filling up the DagBag from /home/airflow/.local/lib/python3.12/site-packages/airflow/example_dags/example_sla_dag.py
[2024-11-18T05:57:48.242+0000] {processor.py:925} INFO - DAG(s) 'example_sla_dag' retrieved from /home/airflow/.local/lib/python3.12/site-packages/airflow/example_dags/example_sla_dag.py
[2024-11-18T05:57:48.262+0000] {logging_mixin.py:190} INFO - [2024-11-18T05:57:48.261+0000] {dag.py:3239} INFO - Sync 1 DAGs
[2024-11-18T05:57:48.294+0000] {logging_mixin.py:190} INFO - [2024-11-18T05:57:48.294+0000] {dag.py:4180} INFO - Setting next_dagrun for example_sla_dag to 2024-11-18 05:54:00+00:00, run_after=2024-11-18 05:56:00+00:00
[2024-11-18T05:57:48.337+0000] {processor.py:208} INFO - Processing /home/airflow/.local/lib/python3.12/site-packages/airflow/example_dags/example_sla_dag.py took 0.117 seconds
[2024-11-18T05:58:18.923+0000] {processor.py:186} INFO - Started process (PID=1119) to work on /home/airflow/.local/lib/python3.12/site-packages/airflow/example_dags/example_sla_dag.py
[2024-11-18T05:58:18.925+0000] {processor.py:914} INFO - Processing file /home/airflow/.local/lib/python3.12/site-packages/airflow/example_dags/example_sla_dag.py for tasks to queue
[2024-11-18T05:58:18.928+0000] {logging_mixin.py:190} INFO - [2024-11-18T05:58:18.928+0000] {dagbag.py:588} INFO - Filling up the DagBag from /home/airflow/.local/lib/python3.12/site-packages/airflow/example_dags/example_sla_dag.py
[2024-11-18T05:58:18.943+0000] {processor.py:925} INFO - DAG(s) 'example_sla_dag' retrieved from /home/airflow/.local/lib/python3.12/site-packages/airflow/example_dags/example_sla_dag.py
[2024-11-18T05:58:18.968+0000] {logging_mixin.py:190} INFO - [2024-11-18T05:58:18.967+0000] {dag.py:3239} INFO - Sync 1 DAGs
[2024-11-18T05:58:18.996+0000] {logging_mixin.py:190} INFO - [2024-11-18T05:58:18.996+0000] {dag.py:4180} INFO - Setting next_dagrun for example_sla_dag to 2024-11-18 05:56:00+00:00, run_after=2024-11-18 05:58:00+00:00
[2024-11-18T05:58:19.020+0000] {processor.py:208} INFO - Processing /home/airflow/.local/lib/python3.12/site-packages/airflow/example_dags/example_sla_dag.py took 0.105 seconds
[2024-11-18T05:58:50.711+0000] {processor.py:186} INFO - Started process (PID=1188) to work on /home/airflow/.local/lib/python3.12/site-packages/airflow/example_dags/example_sla_dag.py
[2024-11-18T05:58:50.713+0000] {processor.py:914} INFO - Processing file /home/airflow/.local/lib/python3.12/site-packages/airflow/example_dags/example_sla_dag.py for tasks to queue
[2024-11-18T05:58:50.715+0000] {logging_mixin.py:190} INFO - [2024-11-18T05:58:50.715+0000] {dagbag.py:588} INFO - Filling up the DagBag from /home/airflow/.local/lib/python3.12/site-packages/airflow/example_dags/example_sla_dag.py
[2024-11-18T05:58:50.726+0000] {processor.py:925} INFO - DAG(s) 'example_sla_dag' retrieved from /home/airflow/.local/lib/python3.12/site-packages/airflow/example_dags/example_sla_dag.py
[2024-11-18T05:58:50.748+0000] {logging_mixin.py:190} INFO - [2024-11-18T05:58:50.748+0000] {dag.py:3239} INFO - Sync 1 DAGs
[2024-11-18T05:58:50.781+0000] {logging_mixin.py:190} INFO - [2024-11-18T05:58:50.780+0000] {dag.py:4180} INFO - Setting next_dagrun for example_sla_dag to 2024-11-18 05:56:00+00:00, run_after=2024-11-18 05:58:00+00:00
[2024-11-18T05:58:50.802+0000] {processor.py:208} INFO - Processing /home/airflow/.local/lib/python3.12/site-packages/airflow/example_dags/example_sla_dag.py took 0.097 seconds
[2024-11-18T05:59:22.363+0000] {processor.py:186} INFO - Started process (PID=1251) to work on /home/airflow/.local/lib/python3.12/site-packages/airflow/example_dags/example_sla_dag.py
[2024-11-18T05:59:22.364+0000] {processor.py:914} INFO - Processing file /home/airflow/.local/lib/python3.12/site-packages/airflow/example_dags/example_sla_dag.py for tasks to queue
[2024-11-18T05:59:22.368+0000] {logging_mixin.py:190} INFO - [2024-11-18T05:59:22.367+0000] {dagbag.py:588} INFO - Filling up the DagBag from /home/airflow/.local/lib/python3.12/site-packages/airflow/example_dags/example_sla_dag.py
[2024-11-18T05:59:22.381+0000] {processor.py:925} INFO - DAG(s) 'example_sla_dag' retrieved from /home/airflow/.local/lib/python3.12/site-packages/airflow/example_dags/example_sla_dag.py
[2024-11-18T05:59:22.405+0000] {logging_mixin.py:190} INFO - [2024-11-18T05:59:22.405+0000] {dag.py:3239} INFO - Sync 1 DAGs
[2024-11-18T05:59:22.439+0000] {logging_mixin.py:190} INFO - [2024-11-18T05:59:22.438+0000] {dag.py:4180} INFO - Setting next_dagrun for example_sla_dag to 2024-11-18 05:56:00+00:00, run_after=2024-11-18 05:58:00+00:00
[2024-11-18T05:59:22.461+0000] {processor.py:208} INFO - Processing /home/airflow/.local/lib/python3.12/site-packages/airflow/example_dags/example_sla_dag.py took 0.105 seconds
[2024-11-18T05:59:53.756+0000] {processor.py:186} INFO - Started process (PID=1315) to work on /home/airflow/.local/lib/python3.12/site-packages/airflow/example_dags/example_sla_dag.py
[2024-11-18T05:59:53.758+0000] {processor.py:914} INFO - Processing file /home/airflow/.local/lib/python3.12/site-packages/airflow/example_dags/example_sla_dag.py for tasks to queue
[2024-11-18T05:59:53.761+0000] {logging_mixin.py:190} INFO - [2024-11-18T05:59:53.760+0000] {dagbag.py:588} INFO - Filling up the DagBag from /home/airflow/.local/lib/python3.12/site-packages/airflow/example_dags/example_sla_dag.py
[2024-11-18T05:59:53.775+0000] {processor.py:925} INFO - DAG(s) 'example_sla_dag' retrieved from /home/airflow/.local/lib/python3.12/site-packages/airflow/example_dags/example_sla_dag.py
[2024-11-18T05:59:53.800+0000] {logging_mixin.py:190} INFO - [2024-11-18T05:59:53.799+0000] {dag.py:3239} INFO - Sync 1 DAGs
[2024-11-18T05:59:53.841+0000] {logging_mixin.py:190} INFO - [2024-11-18T05:59:53.841+0000] {dag.py:4180} INFO - Setting next_dagrun for example_sla_dag to 2024-11-18 05:56:00+00:00, run_after=2024-11-18 05:58:00+00:00
[2024-11-18T05:59:53.871+0000] {processor.py:208} INFO - Processing /home/airflow/.local/lib/python3.12/site-packages/airflow/example_dags/example_sla_dag.py took 0.121 seconds
[2024-11-18T06:00:25.103+0000] {processor.py:186} INFO - Started process (PID=1379) to work on /home/airflow/.local/lib/python3.12/site-packages/airflow/example_dags/example_sla_dag.py
[2024-11-18T06:00:25.105+0000] {processor.py:914} INFO - Processing file /home/airflow/.local/lib/python3.12/site-packages/airflow/example_dags/example_sla_dag.py for tasks to queue
[2024-11-18T06:00:25.109+0000] {logging_mixin.py:190} INFO - [2024-11-18T06:00:25.108+0000] {dagbag.py:588} INFO - Filling up the DagBag from /home/airflow/.local/lib/python3.12/site-packages/airflow/example_dags/example_sla_dag.py
[2024-11-18T06:00:25.126+0000] {processor.py:925} INFO - DAG(s) 'example_sla_dag' retrieved from /home/airflow/.local/lib/python3.12/site-packages/airflow/example_dags/example_sla_dag.py
[2024-11-18T06:00:25.156+0000] {logging_mixin.py:190} INFO - [2024-11-18T06:00:25.156+0000] {dag.py:3239} INFO - Sync 1 DAGs
[2024-11-18T06:00:25.209+0000] {logging_mixin.py:190} INFO - [2024-11-18T06:00:25.208+0000] {dag.py:4180} INFO - Setting next_dagrun for example_sla_dag to 2024-11-18 05:58:00+00:00, run_after=2024-11-18 06:00:00+00:00
[2024-11-18T06:00:25.241+0000] {processor.py:208} INFO - Processing /home/airflow/.local/lib/python3.12/site-packages/airflow/example_dags/example_sla_dag.py took 0.147 seconds
[2024-11-18T06:00:55.962+0000] {processor.py:186} INFO - Started process (PID=1443) to work on /home/airflow/.local/lib/python3.12/site-packages/airflow/example_dags/example_sla_dag.py
[2024-11-18T06:00:55.963+0000] {processor.py:914} INFO - Processing file /home/airflow/.local/lib/python3.12/site-packages/airflow/example_dags/example_sla_dag.py for tasks to queue
[2024-11-18T06:00:55.967+0000] {logging_mixin.py:190} INFO - [2024-11-18T06:00:55.966+0000] {dagbag.py:588} INFO - Filling up the DagBag from /home/airflow/.local/lib/python3.12/site-packages/airflow/example_dags/example_sla_dag.py
[2024-11-18T06:00:55.979+0000] {processor.py:925} INFO - DAG(s) 'example_sla_dag' retrieved from /home/airflow/.local/lib/python3.12/site-packages/airflow/example_dags/example_sla_dag.py
[2024-11-18T06:00:56.004+0000] {logging_mixin.py:190} INFO - [2024-11-18T06:00:56.003+0000] {dag.py:3239} INFO - Sync 1 DAGs
[2024-11-18T06:00:56.038+0000] {logging_mixin.py:190} INFO - [2024-11-18T06:00:56.037+0000] {dag.py:4180} INFO - Setting next_dagrun for example_sla_dag to 2024-11-18 05:58:00+00:00, run_after=2024-11-18 06:00:00+00:00
[2024-11-18T06:00:56.074+0000] {processor.py:208} INFO - Processing /home/airflow/.local/lib/python3.12/site-packages/airflow/example_dags/example_sla_dag.py took 0.118 seconds
[2024-11-18T06:01:27.492+0000] {processor.py:186} INFO - Started process (PID=1507) to work on /home/airflow/.local/lib/python3.12/site-packages/airflow/example_dags/example_sla_dag.py
[2024-11-18T06:01:27.493+0000] {processor.py:914} INFO - Processing file /home/airflow/.local/lib/python3.12/site-packages/airflow/example_dags/example_sla_dag.py for tasks to queue
[2024-11-18T06:01:27.496+0000] {logging_mixin.py:190} INFO - [2024-11-18T06:01:27.496+0000] {dagbag.py:588} INFO - Filling up the DagBag from /home/airflow/.local/lib/python3.12/site-packages/airflow/example_dags/example_sla_dag.py
[2024-11-18T06:01:27.511+0000] {processor.py:925} INFO - DAG(s) 'example_sla_dag' retrieved from /home/airflow/.local/lib/python3.12/site-packages/airflow/example_dags/example_sla_dag.py
[2024-11-18T06:01:27.538+0000] {logging_mixin.py:190} INFO - [2024-11-18T06:01:27.537+0000] {dag.py:3239} INFO - Sync 1 DAGs
[2024-11-18T06:01:27.576+0000] {logging_mixin.py:190} INFO - [2024-11-18T06:01:27.575+0000] {dag.py:4180} INFO - Setting next_dagrun for example_sla_dag to 2024-11-18 05:58:00+00:00, run_after=2024-11-18 06:00:00+00:00
[2024-11-18T06:01:27.602+0000] {processor.py:208} INFO - Processing /home/airflow/.local/lib/python3.12/site-packages/airflow/example_dags/example_sla_dag.py took 0.117 seconds
[2024-11-18T06:01:59.216+0000] {processor.py:186} INFO - Started process (PID=1571) to work on /home/airflow/.local/lib/python3.12/site-packages/airflow/example_dags/example_sla_dag.py
[2024-11-18T06:01:59.218+0000] {processor.py:914} INFO - Processing file /home/airflow/.local/lib/python3.12/site-packages/airflow/example_dags/example_sla_dag.py for tasks to queue
[2024-11-18T06:01:59.220+0000] {logging_mixin.py:190} INFO - [2024-11-18T06:01:59.220+0000] {dagbag.py:588} INFO - Filling up the DagBag from /home/airflow/.local/lib/python3.12/site-packages/airflow/example_dags/example_sla_dag.py
[2024-11-18T06:01:59.232+0000] {processor.py:925} INFO - DAG(s) 'example_sla_dag' retrieved from /home/airflow/.local/lib/python3.12/site-packages/airflow/example_dags/example_sla_dag.py
[2024-11-18T06:01:59.252+0000] {logging_mixin.py:190} INFO - [2024-11-18T06:01:59.252+0000] {dag.py:3239} INFO - Sync 1 DAGs
[2024-11-18T06:01:59.289+0000] {logging_mixin.py:190} INFO - [2024-11-18T06:01:59.289+0000] {dag.py:4180} INFO - Setting next_dagrun for example_sla_dag to 2024-11-18 05:58:00+00:00, run_after=2024-11-18 06:00:00+00:00
[2024-11-18T06:01:59.310+0000] {processor.py:208} INFO - Processing /home/airflow/.local/lib/python3.12/site-packages/airflow/example_dags/example_sla_dag.py took 0.102 seconds
[2024-11-18T06:02:30.526+0000] {processor.py:186} INFO - Started process (PID=1635) to work on /home/airflow/.local/lib/python3.12/site-packages/airflow/example_dags/example_sla_dag.py
[2024-11-18T06:02:30.528+0000] {processor.py:914} INFO - Processing file /home/airflow/.local/lib/python3.12/site-packages/airflow/example_dags/example_sla_dag.py for tasks to queue
[2024-11-18T06:02:30.531+0000] {logging_mixin.py:190} INFO - [2024-11-18T06:02:30.530+0000] {dagbag.py:588} INFO - Filling up the DagBag from /home/airflow/.local/lib/python3.12/site-packages/airflow/example_dags/example_sla_dag.py
[2024-11-18T06:02:30.543+0000] {processor.py:925} INFO - DAG(s) 'example_sla_dag' retrieved from /home/airflow/.local/lib/python3.12/site-packages/airflow/example_dags/example_sla_dag.py
[2024-11-18T06:02:30.565+0000] {logging_mixin.py:190} INFO - [2024-11-18T06:02:30.564+0000] {dag.py:3239} INFO - Sync 1 DAGs
[2024-11-18T06:02:30.594+0000] {logging_mixin.py:190} INFO - [2024-11-18T06:02:30.594+0000] {dag.py:4180} INFO - Setting next_dagrun for example_sla_dag to 2024-11-18 06:00:00+00:00, run_after=2024-11-18 06:02:00+00:00
[2024-11-18T06:02:30.614+0000] {processor.py:208} INFO - Processing /home/airflow/.local/lib/python3.12/site-packages/airflow/example_dags/example_sla_dag.py took 0.095 seconds
[2024-11-18T06:03:01.478+0000] {processor.py:186} INFO - Started process (PID=1698) to work on /home/airflow/.local/lib/python3.12/site-packages/airflow/example_dags/example_sla_dag.py
[2024-11-18T06:03:01.479+0000] {processor.py:914} INFO - Processing file /home/airflow/.local/lib/python3.12/site-packages/airflow/example_dags/example_sla_dag.py for tasks to queue
[2024-11-18T06:03:01.483+0000] {logging_mixin.py:190} INFO - [2024-11-18T06:03:01.482+0000] {dagbag.py:588} INFO - Filling up the DagBag from /home/airflow/.local/lib/python3.12/site-packages/airflow/example_dags/example_sla_dag.py
[2024-11-18T06:03:01.494+0000] {processor.py:925} INFO - DAG(s) 'example_sla_dag' retrieved from /home/airflow/.local/lib/python3.12/site-packages/airflow/example_dags/example_sla_dag.py
[2024-11-18T06:03:01.519+0000] {logging_mixin.py:190} INFO - [2024-11-18T06:03:01.519+0000] {dag.py:3239} INFO - Sync 1 DAGs
[2024-11-18T06:03:01.551+0000] {logging_mixin.py:190} INFO - [2024-11-18T06:03:01.550+0000] {dag.py:4180} INFO - Setting next_dagrun for example_sla_dag to 2024-11-18 06:00:00+00:00, run_after=2024-11-18 06:02:00+00:00
[2024-11-18T06:03:01.574+0000] {processor.py:208} INFO - Processing /home/airflow/.local/lib/python3.12/site-packages/airflow/example_dags/example_sla_dag.py took 0.102 seconds
[2024-11-18T06:03:32.703+0000] {processor.py:186} INFO - Started process (PID=1762) to work on /home/airflow/.local/lib/python3.12/site-packages/airflow/example_dags/example_sla_dag.py
[2024-11-18T06:03:32.704+0000] {processor.py:914} INFO - Processing file /home/airflow/.local/lib/python3.12/site-packages/airflow/example_dags/example_sla_dag.py for tasks to queue
[2024-11-18T06:03:32.707+0000] {logging_mixin.py:190} INFO - [2024-11-18T06:03:32.707+0000] {dagbag.py:588} INFO - Filling up the DagBag from /home/airflow/.local/lib/python3.12/site-packages/airflow/example_dags/example_sla_dag.py
[2024-11-18T06:03:32.719+0000] {processor.py:925} INFO - DAG(s) 'example_sla_dag' retrieved from /home/airflow/.local/lib/python3.12/site-packages/airflow/example_dags/example_sla_dag.py
[2024-11-18T06:03:32.738+0000] {logging_mixin.py:190} INFO - [2024-11-18T06:03:32.738+0000] {dag.py:3239} INFO - Sync 1 DAGs
[2024-11-18T06:03:32.766+0000] {logging_mixin.py:190} INFO - [2024-11-18T06:03:32.766+0000] {dag.py:4180} INFO - Setting next_dagrun for example_sla_dag to 2024-11-18 06:00:00+00:00, run_after=2024-11-18 06:02:00+00:00
[2024-11-18T06:03:32.796+0000] {processor.py:208} INFO - Processing /home/airflow/.local/lib/python3.12/site-packages/airflow/example_dags/example_sla_dag.py took 0.099 seconds
[2024-11-18T06:04:03.635+0000] {processor.py:186} INFO - Started process (PID=1826) to work on /home/airflow/.local/lib/python3.12/site-packages/airflow/example_dags/example_sla_dag.py
[2024-11-18T06:04:03.636+0000] {processor.py:914} INFO - Processing file /home/airflow/.local/lib/python3.12/site-packages/airflow/example_dags/example_sla_dag.py for tasks to queue
[2024-11-18T06:04:03.638+0000] {logging_mixin.py:190} INFO - [2024-11-18T06:04:03.638+0000] {dagbag.py:588} INFO - Filling up the DagBag from /home/airflow/.local/lib/python3.12/site-packages/airflow/example_dags/example_sla_dag.py
[2024-11-18T06:04:03.646+0000] {processor.py:925} INFO - DAG(s) 'example_sla_dag' retrieved from /home/airflow/.local/lib/python3.12/site-packages/airflow/example_dags/example_sla_dag.py
[2024-11-18T06:04:03.661+0000] {logging_mixin.py:190} INFO - [2024-11-18T06:04:03.661+0000] {dag.py:3239} INFO - Sync 1 DAGs
[2024-11-18T06:04:03.681+0000] {logging_mixin.py:190} INFO - [2024-11-18T06:04:03.680+0000] {dag.py:4180} INFO - Setting next_dagrun for example_sla_dag to 2024-11-18 06:02:00+00:00, run_after=2024-11-18 06:04:00+00:00
[2024-11-18T06:04:03.696+0000] {processor.py:208} INFO - Processing /home/airflow/.local/lib/python3.12/site-packages/airflow/example_dags/example_sla_dag.py took 0.066 seconds
[2024-11-18T06:04:34.835+0000] {processor.py:186} INFO - Started process (PID=1890) to work on /home/airflow/.local/lib/python3.12/site-packages/airflow/example_dags/example_sla_dag.py
[2024-11-18T06:04:34.836+0000] {processor.py:914} INFO - Processing file /home/airflow/.local/lib/python3.12/site-packages/airflow/example_dags/example_sla_dag.py for tasks to queue
[2024-11-18T06:04:34.838+0000] {logging_mixin.py:190} INFO - [2024-11-18T06:04:34.838+0000] {dagbag.py:588} INFO - Filling up the DagBag from /home/airflow/.local/lib/python3.12/site-packages/airflow/example_dags/example_sla_dag.py
[2024-11-18T06:04:34.847+0000] {processor.py:925} INFO - DAG(s) 'example_sla_dag' retrieved from /home/airflow/.local/lib/python3.12/site-packages/airflow/example_dags/example_sla_dag.py
[2024-11-18T06:04:34.862+0000] {logging_mixin.py:190} INFO - [2024-11-18T06:04:34.862+0000] {dag.py:3239} INFO - Sync 1 DAGs
[2024-11-18T06:04:34.880+0000] {logging_mixin.py:190} INFO - [2024-11-18T06:04:34.880+0000] {dag.py:4180} INFO - Setting next_dagrun for example_sla_dag to 2024-11-18 06:02:00+00:00, run_after=2024-11-18 06:04:00+00:00
[2024-11-18T06:04:34.894+0000] {processor.py:208} INFO - Processing /home/airflow/.local/lib/python3.12/site-packages/airflow/example_dags/example_sla_dag.py took 0.064 seconds
[2024-11-18T06:05:06.562+0000] {processor.py:186} INFO - Started process (PID=1956) to work on /home/airflow/.local/lib/python3.12/site-packages/airflow/example_dags/example_sla_dag.py
[2024-11-18T06:05:06.563+0000] {processor.py:914} INFO - Processing file /home/airflow/.local/lib/python3.12/site-packages/airflow/example_dags/example_sla_dag.py for tasks to queue
[2024-11-18T06:05:06.565+0000] {logging_mixin.py:190} INFO - [2024-11-18T06:05:06.565+0000] {dagbag.py:588} INFO - Filling up the DagBag from /home/airflow/.local/lib/python3.12/site-packages/airflow/example_dags/example_sla_dag.py
[2024-11-18T06:05:06.574+0000] {processor.py:925} INFO - DAG(s) 'example_sla_dag' retrieved from /home/airflow/.local/lib/python3.12/site-packages/airflow/example_dags/example_sla_dag.py
[2024-11-18T06:05:06.586+0000] {logging_mixin.py:190} INFO - [2024-11-18T06:05:06.586+0000] {dag.py:3239} INFO - Sync 1 DAGs
[2024-11-18T06:05:06.605+0000] {logging_mixin.py:190} INFO - [2024-11-18T06:05:06.605+0000] {dag.py:4180} INFO - Setting next_dagrun for example_sla_dag to 2024-11-18 06:02:00+00:00, run_after=2024-11-18 06:04:00+00:00
[2024-11-18T06:05:06.625+0000] {processor.py:208} INFO - Processing /home/airflow/.local/lib/python3.12/site-packages/airflow/example_dags/example_sla_dag.py took 0.067 seconds
[2024-11-18T06:05:37.962+0000] {processor.py:186} INFO - Started process (PID=2022) to work on /home/airflow/.local/lib/python3.12/site-packages/airflow/example_dags/example_sla_dag.py
[2024-11-18T06:05:37.964+0000] {processor.py:914} INFO - Processing file /home/airflow/.local/lib/python3.12/site-packages/airflow/example_dags/example_sla_dag.py for tasks to queue
[2024-11-18T06:05:37.966+0000] {logging_mixin.py:190} INFO - [2024-11-18T06:05:37.965+0000] {dagbag.py:588} INFO - Filling up the DagBag from /home/airflow/.local/lib/python3.12/site-packages/airflow/example_dags/example_sla_dag.py
[2024-11-18T06:05:37.976+0000] {processor.py:925} INFO - DAG(s) 'example_sla_dag' retrieved from /home/airflow/.local/lib/python3.12/site-packages/airflow/example_dags/example_sla_dag.py
[2024-11-18T06:05:37.993+0000] {logging_mixin.py:190} INFO - [2024-11-18T06:05:37.993+0000] {dag.py:3239} INFO - Sync 1 DAGs
[2024-11-18T06:05:38.014+0000] {logging_mixin.py:190} INFO - [2024-11-18T06:05:38.014+0000] {dag.py:4180} INFO - Setting next_dagrun for example_sla_dag to 2024-11-18 06:02:00+00:00, run_after=2024-11-18 06:04:00+00:00
[2024-11-18T06:05:38.031+0000] {processor.py:208} INFO - Processing /home/airflow/.local/lib/python3.12/site-packages/airflow/example_dags/example_sla_dag.py took 0.074 seconds
[2024-11-18T06:06:09.072+0000] {processor.py:186} INFO - Started process (PID=2086) to work on /home/airflow/.local/lib/python3.12/site-packages/airflow/example_dags/example_sla_dag.py
[2024-11-18T06:06:09.073+0000] {processor.py:914} INFO - Processing file /home/airflow/.local/lib/python3.12/site-packages/airflow/example_dags/example_sla_dag.py for tasks to queue
[2024-11-18T06:06:09.075+0000] {logging_mixin.py:190} INFO - [2024-11-18T06:06:09.075+0000] {dagbag.py:588} INFO - Filling up the DagBag from /home/airflow/.local/lib/python3.12/site-packages/airflow/example_dags/example_sla_dag.py
[2024-11-18T06:06:09.082+0000] {processor.py:925} INFO - DAG(s) 'example_sla_dag' retrieved from /home/airflow/.local/lib/python3.12/site-packages/airflow/example_dags/example_sla_dag.py
[2024-11-18T06:06:09.099+0000] {logging_mixin.py:190} INFO - [2024-11-18T06:06:09.099+0000] {dag.py:3239} INFO - Sync 1 DAGs
[2024-11-18T06:06:09.121+0000] {logging_mixin.py:190} INFO - [2024-11-18T06:06:09.121+0000] {dag.py:4180} INFO - Setting next_dagrun for example_sla_dag to 2024-11-18 06:04:00+00:00, run_after=2024-11-18 06:06:00+00:00
[2024-11-18T06:06:09.140+0000] {processor.py:208} INFO - Processing /home/airflow/.local/lib/python3.12/site-packages/airflow/example_dags/example_sla_dag.py took 0.072 seconds
[2024-11-18T06:06:40.587+0000] {processor.py:186} INFO - Started process (PID=2153) to work on /home/airflow/.local/lib/python3.12/site-packages/airflow/example_dags/example_sla_dag.py
[2024-11-18T06:06:40.588+0000] {processor.py:914} INFO - Processing file /home/airflow/.local/lib/python3.12/site-packages/airflow/example_dags/example_sla_dag.py for tasks to queue
[2024-11-18T06:06:40.590+0000] {logging_mixin.py:190} INFO - [2024-11-18T06:06:40.590+0000] {dagbag.py:588} INFO - Filling up the DagBag from /home/airflow/.local/lib/python3.12/site-packages/airflow/example_dags/example_sla_dag.py
[2024-11-18T06:06:40.599+0000] {processor.py:925} INFO - DAG(s) 'example_sla_dag' retrieved from /home/airflow/.local/lib/python3.12/site-packages/airflow/example_dags/example_sla_dag.py
[2024-11-18T06:06:40.614+0000] {logging_mixin.py:190} INFO - [2024-11-18T06:06:40.614+0000] {dag.py:3239} INFO - Sync 1 DAGs
[2024-11-18T06:06:40.633+0000] {logging_mixin.py:190} INFO - [2024-11-18T06:06:40.633+0000] {dag.py:4180} INFO - Setting next_dagrun for example_sla_dag to 2024-11-18 06:04:00+00:00, run_after=2024-11-18 06:06:00+00:00
[2024-11-18T06:06:40.648+0000] {processor.py:208} INFO - Processing /home/airflow/.local/lib/python3.12/site-packages/airflow/example_dags/example_sla_dag.py took 0.065 seconds
[2024-11-18T06:07:12.150+0000] {processor.py:186} INFO - Started process (PID=2217) to work on /home/airflow/.local/lib/python3.12/site-packages/airflow/example_dags/example_sla_dag.py
[2024-11-18T06:07:12.151+0000] {processor.py:914} INFO - Processing file /home/airflow/.local/lib/python3.12/site-packages/airflow/example_dags/example_sla_dag.py for tasks to queue
[2024-11-18T06:07:12.153+0000] {logging_mixin.py:190} INFO - [2024-11-18T06:07:12.152+0000] {dagbag.py:588} INFO - Filling up the DagBag from /home/airflow/.local/lib/python3.12/site-packages/airflow/example_dags/example_sla_dag.py
[2024-11-18T06:07:12.160+0000] {processor.py:925} INFO - DAG(s) 'example_sla_dag' retrieved from /home/airflow/.local/lib/python3.12/site-packages/airflow/example_dags/example_sla_dag.py
[2024-11-18T06:07:12.176+0000] {logging_mixin.py:190} INFO - [2024-11-18T06:07:12.175+0000] {dag.py:3239} INFO - Sync 1 DAGs
[2024-11-18T06:07:12.195+0000] {logging_mixin.py:190} INFO - [2024-11-18T06:07:12.194+0000] {dag.py:4180} INFO - Setting next_dagrun for example_sla_dag to 2024-11-18 06:04:00+00:00, run_after=2024-11-18 06:06:00+00:00
[2024-11-18T06:07:12.209+0000] {processor.py:208} INFO - Processing /home/airflow/.local/lib/python3.12/site-packages/airflow/example_dags/example_sla_dag.py took 0.063 seconds
[2024-11-18T06:07:43.365+0000] {processor.py:186} INFO - Started process (PID=2282) to work on /home/airflow/.local/lib/python3.12/site-packages/airflow/example_dags/example_sla_dag.py
[2024-11-18T06:07:43.365+0000] {processor.py:914} INFO - Processing file /home/airflow/.local/lib/python3.12/site-packages/airflow/example_dags/example_sla_dag.py for tasks to queue
[2024-11-18T06:07:43.367+0000] {logging_mixin.py:190} INFO - [2024-11-18T06:07:43.367+0000] {dagbag.py:588} INFO - Filling up the DagBag from /home/airflow/.local/lib/python3.12/site-packages/airflow/example_dags/example_sla_dag.py
[2024-11-18T06:07:43.376+0000] {processor.py:925} INFO - DAG(s) 'example_sla_dag' retrieved from /home/airflow/.local/lib/python3.12/site-packages/airflow/example_dags/example_sla_dag.py
[2024-11-18T06:07:43.390+0000] {logging_mixin.py:190} INFO - [2024-11-18T06:07:43.390+0000] {dag.py:3239} INFO - Sync 1 DAGs
[2024-11-18T06:07:43.409+0000] {logging_mixin.py:190} INFO - [2024-11-18T06:07:43.409+0000] {dag.py:4180} INFO - Setting next_dagrun for example_sla_dag to 2024-11-18 06:04:00+00:00, run_after=2024-11-18 06:06:00+00:00
[2024-11-18T06:07:43.425+0000] {processor.py:208} INFO - Processing /home/airflow/.local/lib/python3.12/site-packages/airflow/example_dags/example_sla_dag.py took 0.065 seconds
[2024-11-18T06:08:14.271+0000] {processor.py:186} INFO - Started process (PID=2348) to work on /home/airflow/.local/lib/python3.12/site-packages/airflow/example_dags/example_sla_dag.py
[2024-11-18T06:08:14.272+0000] {processor.py:914} INFO - Processing file /home/airflow/.local/lib/python3.12/site-packages/airflow/example_dags/example_sla_dag.py for tasks to queue
[2024-11-18T06:08:14.274+0000] {logging_mixin.py:190} INFO - [2024-11-18T06:08:14.274+0000] {dagbag.py:588} INFO - Filling up the DagBag from /home/airflow/.local/lib/python3.12/site-packages/airflow/example_dags/example_sla_dag.py
[2024-11-18T06:08:14.282+0000] {processor.py:925} INFO - DAG(s) 'example_sla_dag' retrieved from /home/airflow/.local/lib/python3.12/site-packages/airflow/example_dags/example_sla_dag.py
[2024-11-18T06:08:14.296+0000] {logging_mixin.py:190} INFO - [2024-11-18T06:08:14.295+0000] {dag.py:3239} INFO - Sync 1 DAGs
[2024-11-18T06:08:14.315+0000] {logging_mixin.py:190} INFO - [2024-11-18T06:08:14.314+0000] {dag.py:4180} INFO - Setting next_dagrun for example_sla_dag to 2024-11-18 06:06:00+00:00, run_after=2024-11-18 06:08:00+00:00
[2024-11-18T06:08:14.329+0000] {processor.py:208} INFO - Processing /home/airflow/.local/lib/python3.12/site-packages/airflow/example_dags/example_sla_dag.py took 0.062 seconds
[2024-11-18T06:08:45.174+0000] {processor.py:186} INFO - Started process (PID=2416) to work on /home/airflow/.local/lib/python3.12/site-packages/airflow/example_dags/example_sla_dag.py
[2024-11-18T06:08:45.175+0000] {processor.py:914} INFO - Processing file /home/airflow/.local/lib/python3.12/site-packages/airflow/example_dags/example_sla_dag.py for tasks to queue
[2024-11-18T06:08:45.177+0000] {logging_mixin.py:190} INFO - [2024-11-18T06:08:45.177+0000] {dagbag.py:588} INFO - Filling up the DagBag from /home/airflow/.local/lib/python3.12/site-packages/airflow/example_dags/example_sla_dag.py
[2024-11-18T06:08:45.185+0000] {processor.py:925} INFO - DAG(s) 'example_sla_dag' retrieved from /home/airflow/.local/lib/python3.12/site-packages/airflow/example_dags/example_sla_dag.py
[2024-11-18T06:08:45.200+0000] {logging_mixin.py:190} INFO - [2024-11-18T06:08:45.200+0000] {dag.py:3239} INFO - Sync 1 DAGs
[2024-11-18T06:08:45.222+0000] {logging_mixin.py:190} INFO - [2024-11-18T06:08:45.222+0000] {dag.py:4180} INFO - Setting next_dagrun for example_sla_dag to 2024-11-18 06:06:00+00:00, run_after=2024-11-18 06:08:00+00:00
[2024-11-18T06:08:45.236+0000] {processor.py:208} INFO - Processing /home/airflow/.local/lib/python3.12/site-packages/airflow/example_dags/example_sla_dag.py took 0.066 seconds
[2024-11-18T06:09:16.457+0000] {processor.py:186} INFO - Started process (PID=2483) to work on /home/airflow/.local/lib/python3.12/site-packages/airflow/example_dags/example_sla_dag.py
[2024-11-18T06:09:16.459+0000] {processor.py:914} INFO - Processing file /home/airflow/.local/lib/python3.12/site-packages/airflow/example_dags/example_sla_dag.py for tasks to queue
[2024-11-18T06:09:16.460+0000] {logging_mixin.py:190} INFO - [2024-11-18T06:09:16.460+0000] {dagbag.py:588} INFO - Filling up the DagBag from /home/airflow/.local/lib/python3.12/site-packages/airflow/example_dags/example_sla_dag.py
[2024-11-18T06:09:16.468+0000] {processor.py:925} INFO - DAG(s) 'example_sla_dag' retrieved from /home/airflow/.local/lib/python3.12/site-packages/airflow/example_dags/example_sla_dag.py
[2024-11-18T06:09:16.484+0000] {logging_mixin.py:190} INFO - [2024-11-18T06:09:16.484+0000] {dag.py:3239} INFO - Sync 1 DAGs
[2024-11-18T06:09:16.504+0000] {logging_mixin.py:190} INFO - [2024-11-18T06:09:16.504+0000] {dag.py:4180} INFO - Setting next_dagrun for example_sla_dag to 2024-11-18 06:06:00+00:00, run_after=2024-11-18 06:08:00+00:00
[2024-11-18T06:09:16.520+0000] {processor.py:208} INFO - Processing /home/airflow/.local/lib/python3.12/site-packages/airflow/example_dags/example_sla_dag.py took 0.067 seconds
[2024-11-18T06:09:47.063+0000] {processor.py:186} INFO - Started process (PID=2547) to work on /home/airflow/.local/lib/python3.12/site-packages/airflow/example_dags/example_sla_dag.py
[2024-11-18T06:09:47.064+0000] {processor.py:914} INFO - Processing file /home/airflow/.local/lib/python3.12/site-packages/airflow/example_dags/example_sla_dag.py for tasks to queue
[2024-11-18T06:09:47.067+0000] {logging_mixin.py:190} INFO - [2024-11-18T06:09:47.067+0000] {dagbag.py:588} INFO - Filling up the DagBag from /home/airflow/.local/lib/python3.12/site-packages/airflow/example_dags/example_sla_dag.py
[2024-11-18T06:09:47.078+0000] {processor.py:925} INFO - DAG(s) 'example_sla_dag' retrieved from /home/airflow/.local/lib/python3.12/site-packages/airflow/example_dags/example_sla_dag.py
[2024-11-18T06:09:47.102+0000] {logging_mixin.py:190} INFO - [2024-11-18T06:09:47.102+0000] {dag.py:3239} INFO - Sync 1 DAGs
[2024-11-18T06:09:47.139+0000] {logging_mixin.py:190} INFO - [2024-11-18T06:09:47.139+0000] {dag.py:4180} INFO - Setting next_dagrun for example_sla_dag to 2024-11-18 06:06:00+00:00, run_after=2024-11-18 06:08:00+00:00
[2024-11-18T06:09:47.158+0000] {processor.py:208} INFO - Processing /home/airflow/.local/lib/python3.12/site-packages/airflow/example_dags/example_sla_dag.py took 0.099 seconds
[2024-11-18T06:10:17.841+0000] {processor.py:186} INFO - Started process (PID=2611) to work on /home/airflow/.local/lib/python3.12/site-packages/airflow/example_dags/example_sla_dag.py
[2024-11-18T06:10:17.842+0000] {processor.py:914} INFO - Processing file /home/airflow/.local/lib/python3.12/site-packages/airflow/example_dags/example_sla_dag.py for tasks to queue
[2024-11-18T06:10:17.846+0000] {logging_mixin.py:190} INFO - [2024-11-18T06:10:17.846+0000] {dagbag.py:588} INFO - Filling up the DagBag from /home/airflow/.local/lib/python3.12/site-packages/airflow/example_dags/example_sla_dag.py
[2024-11-18T06:10:17.858+0000] {processor.py:925} INFO - DAG(s) 'example_sla_dag' retrieved from /home/airflow/.local/lib/python3.12/site-packages/airflow/example_dags/example_sla_dag.py
[2024-11-18T06:10:17.882+0000] {logging_mixin.py:190} INFO - [2024-11-18T06:10:17.882+0000] {dag.py:3239} INFO - Sync 1 DAGs
[2024-11-18T06:10:17.922+0000] {logging_mixin.py:190} INFO - [2024-11-18T06:10:17.922+0000] {dag.py:4180} INFO - Setting next_dagrun for example_sla_dag to 2024-11-18 06:08:00+00:00, run_after=2024-11-18 06:10:00+00:00
[2024-11-18T06:10:17.970+0000] {processor.py:208} INFO - Processing /home/airflow/.local/lib/python3.12/site-packages/airflow/example_dags/example_sla_dag.py took 0.136 seconds
[2024-11-18T06:10:48.515+0000] {processor.py:186} INFO - Started process (PID=2675) to work on /home/airflow/.local/lib/python3.12/site-packages/airflow/example_dags/example_sla_dag.py
[2024-11-18T06:10:48.516+0000] {processor.py:914} INFO - Processing file /home/airflow/.local/lib/python3.12/site-packages/airflow/example_dags/example_sla_dag.py for tasks to queue
[2024-11-18T06:10:48.518+0000] {logging_mixin.py:190} INFO - [2024-11-18T06:10:48.518+0000] {dagbag.py:588} INFO - Filling up the DagBag from /home/airflow/.local/lib/python3.12/site-packages/airflow/example_dags/example_sla_dag.py
[2024-11-18T06:10:48.526+0000] {processor.py:925} INFO - DAG(s) 'example_sla_dag' retrieved from /home/airflow/.local/lib/python3.12/site-packages/airflow/example_dags/example_sla_dag.py
[2024-11-18T06:10:48.544+0000] {logging_mixin.py:190} INFO - [2024-11-18T06:10:48.544+0000] {dag.py:3239} INFO - Sync 1 DAGs
[2024-11-18T06:10:48.565+0000] {logging_mixin.py:190} INFO - [2024-11-18T06:10:48.564+0000] {dag.py:4180} INFO - Setting next_dagrun for example_sla_dag to 2024-11-18 06:08:00+00:00, run_after=2024-11-18 06:10:00+00:00
[2024-11-18T06:10:48.588+0000] {processor.py:208} INFO - Processing /home/airflow/.local/lib/python3.12/site-packages/airflow/example_dags/example_sla_dag.py took 0.078 seconds
[2024-11-18T06:11:19.100+0000] {processor.py:186} INFO - Started process (PID=2739) to work on /home/airflow/.local/lib/python3.12/site-packages/airflow/example_dags/example_sla_dag.py
[2024-11-18T06:11:19.101+0000] {processor.py:914} INFO - Processing file /home/airflow/.local/lib/python3.12/site-packages/airflow/example_dags/example_sla_dag.py for tasks to queue
[2024-11-18T06:11:19.104+0000] {logging_mixin.py:190} INFO - [2024-11-18T06:11:19.104+0000] {dagbag.py:588} INFO - Filling up the DagBag from /home/airflow/.local/lib/python3.12/site-packages/airflow/example_dags/example_sla_dag.py
[2024-11-18T06:11:19.111+0000] {processor.py:925} INFO - DAG(s) 'example_sla_dag' retrieved from /home/airflow/.local/lib/python3.12/site-packages/airflow/example_dags/example_sla_dag.py
[2024-11-18T06:11:19.127+0000] {logging_mixin.py:190} INFO - [2024-11-18T06:11:19.126+0000] {dag.py:3239} INFO - Sync 1 DAGs
[2024-11-18T06:11:19.146+0000] {logging_mixin.py:190} INFO - [2024-11-18T06:11:19.146+0000] {dag.py:4180} INFO - Setting next_dagrun for example_sla_dag to 2024-11-18 06:08:00+00:00, run_after=2024-11-18 06:10:00+00:00
[2024-11-18T06:11:19.161+0000] {processor.py:208} INFO - Processing /home/airflow/.local/lib/python3.12/site-packages/airflow/example_dags/example_sla_dag.py took 0.064 seconds
[2024-11-18T06:11:49.932+0000] {processor.py:186} INFO - Started process (PID=2803) to work on /home/airflow/.local/lib/python3.12/site-packages/airflow/example_dags/example_sla_dag.py
[2024-11-18T06:11:49.933+0000] {processor.py:914} INFO - Processing file /home/airflow/.local/lib/python3.12/site-packages/airflow/example_dags/example_sla_dag.py for tasks to queue
[2024-11-18T06:11:49.935+0000] {logging_mixin.py:190} INFO - [2024-11-18T06:11:49.935+0000] {dagbag.py:588} INFO - Filling up the DagBag from /home/airflow/.local/lib/python3.12/site-packages/airflow/example_dags/example_sla_dag.py
[2024-11-18T06:11:49.943+0000] {processor.py:925} INFO - DAG(s) 'example_sla_dag' retrieved from /home/airflow/.local/lib/python3.12/site-packages/airflow/example_dags/example_sla_dag.py
[2024-11-18T06:11:49.959+0000] {logging_mixin.py:190} INFO - [2024-11-18T06:11:49.959+0000] {dag.py:3239} INFO - Sync 1 DAGs
[2024-11-18T06:11:49.979+0000] {logging_mixin.py:190} INFO - [2024-11-18T06:11:49.979+0000] {dag.py:4180} INFO - Setting next_dagrun for example_sla_dag to 2024-11-18 06:08:00+00:00, run_after=2024-11-18 06:10:00+00:00
[2024-11-18T06:11:49.993+0000] {processor.py:208} INFO - Processing /home/airflow/.local/lib/python3.12/site-packages/airflow/example_dags/example_sla_dag.py took 0.065 seconds
[2024-11-18T06:12:21.322+0000] {processor.py:186} INFO - Started process (PID=2873) to work on /home/airflow/.local/lib/python3.12/site-packages/airflow/example_dags/example_sla_dag.py
[2024-11-18T06:12:21.323+0000] {processor.py:914} INFO - Processing file /home/airflow/.local/lib/python3.12/site-packages/airflow/example_dags/example_sla_dag.py for tasks to queue
[2024-11-18T06:12:21.325+0000] {logging_mixin.py:190} INFO - [2024-11-18T06:12:21.325+0000] {dagbag.py:588} INFO - Filling up the DagBag from /home/airflow/.local/lib/python3.12/site-packages/airflow/example_dags/example_sla_dag.py
[2024-11-18T06:12:21.332+0000] {processor.py:925} INFO - DAG(s) 'example_sla_dag' retrieved from /home/airflow/.local/lib/python3.12/site-packages/airflow/example_dags/example_sla_dag.py
[2024-11-18T06:12:21.347+0000] {logging_mixin.py:190} INFO - [2024-11-18T06:12:21.346+0000] {dag.py:3239} INFO - Sync 1 DAGs
[2024-11-18T06:12:21.369+0000] {logging_mixin.py:190} INFO - [2024-11-18T06:12:21.368+0000] {dag.py:4180} INFO - Setting next_dagrun for example_sla_dag to 2024-11-18 06:10:00+00:00, run_after=2024-11-18 06:12:00+00:00
[2024-11-18T06:12:21.383+0000] {processor.py:208} INFO - Processing /home/airflow/.local/lib/python3.12/site-packages/airflow/example_dags/example_sla_dag.py took 0.066 seconds
[2024-11-18T06:12:52.270+0000] {processor.py:186} INFO - Started process (PID=2937) to work on /home/airflow/.local/lib/python3.12/site-packages/airflow/example_dags/example_sla_dag.py
[2024-11-18T06:12:52.271+0000] {processor.py:914} INFO - Processing file /home/airflow/.local/lib/python3.12/site-packages/airflow/example_dags/example_sla_dag.py for tasks to queue
[2024-11-18T06:12:52.274+0000] {logging_mixin.py:190} INFO - [2024-11-18T06:12:52.274+0000] {dagbag.py:588} INFO - Filling up the DagBag from /home/airflow/.local/lib/python3.12/site-packages/airflow/example_dags/example_sla_dag.py
[2024-11-18T06:12:52.282+0000] {processor.py:925} INFO - DAG(s) 'example_sla_dag' retrieved from /home/airflow/.local/lib/python3.12/site-packages/airflow/example_dags/example_sla_dag.py
[2024-11-18T06:12:52.298+0000] {logging_mixin.py:190} INFO - [2024-11-18T06:12:52.298+0000] {dag.py:3239} INFO - Sync 1 DAGs
[2024-11-18T06:12:52.319+0000] {logging_mixin.py:190} INFO - [2024-11-18T06:12:52.319+0000] {dag.py:4180} INFO - Setting next_dagrun for example_sla_dag to 2024-11-18 06:10:00+00:00, run_after=2024-11-18 06:12:00+00:00
[2024-11-18T06:12:52.335+0000] {processor.py:208} INFO - Processing /home/airflow/.local/lib/python3.12/site-packages/airflow/example_dags/example_sla_dag.py took 0.069 seconds
[2024-11-18T06:13:23.079+0000] {processor.py:186} INFO - Started process (PID=3001) to work on /home/airflow/.local/lib/python3.12/site-packages/airflow/example_dags/example_sla_dag.py
[2024-11-18T06:13:23.080+0000] {processor.py:914} INFO - Processing file /home/airflow/.local/lib/python3.12/site-packages/airflow/example_dags/example_sla_dag.py for tasks to queue
[2024-11-18T06:13:23.083+0000] {logging_mixin.py:190} INFO - [2024-11-18T06:13:23.082+0000] {dagbag.py:588} INFO - Filling up the DagBag from /home/airflow/.local/lib/python3.12/site-packages/airflow/example_dags/example_sla_dag.py
[2024-11-18T06:13:23.090+0000] {processor.py:925} INFO - DAG(s) 'example_sla_dag' retrieved from /home/airflow/.local/lib/python3.12/site-packages/airflow/example_dags/example_sla_dag.py
[2024-11-18T06:13:23.105+0000] {logging_mixin.py:190} INFO - [2024-11-18T06:13:23.105+0000] {dag.py:3239} INFO - Sync 1 DAGs
[2024-11-18T06:13:23.126+0000] {logging_mixin.py:190} INFO - [2024-11-18T06:13:23.126+0000] {dag.py:4180} INFO - Setting next_dagrun for example_sla_dag to 2024-11-18 06:10:00+00:00, run_after=2024-11-18 06:12:00+00:00
[2024-11-18T06:13:23.144+0000] {processor.py:208} INFO - Processing /home/airflow/.local/lib/python3.12/site-packages/airflow/example_dags/example_sla_dag.py took 0.069 seconds
[2024-11-18T06:13:54.186+0000] {processor.py:186} INFO - Started process (PID=3065) to work on /home/airflow/.local/lib/python3.12/site-packages/airflow/example_dags/example_sla_dag.py
[2024-11-18T06:13:54.187+0000] {processor.py:914} INFO - Processing file /home/airflow/.local/lib/python3.12/site-packages/airflow/example_dags/example_sla_dag.py for tasks to queue
[2024-11-18T06:13:54.190+0000] {logging_mixin.py:190} INFO - [2024-11-18T06:13:54.190+0000] {dagbag.py:588} INFO - Filling up the DagBag from /home/airflow/.local/lib/python3.12/site-packages/airflow/example_dags/example_sla_dag.py
[2024-11-18T06:13:54.197+0000] {processor.py:925} INFO - DAG(s) 'example_sla_dag' retrieved from /home/airflow/.local/lib/python3.12/site-packages/airflow/example_dags/example_sla_dag.py
[2024-11-18T06:13:54.213+0000] {logging_mixin.py:190} INFO - [2024-11-18T06:13:54.212+0000] {dag.py:3239} INFO - Sync 1 DAGs
[2024-11-18T06:13:54.233+0000] {logging_mixin.py:190} INFO - [2024-11-18T06:13:54.233+0000] {dag.py:4180} INFO - Setting next_dagrun for example_sla_dag to 2024-11-18 06:10:00+00:00, run_after=2024-11-18 06:12:00+00:00
[2024-11-18T06:13:54.248+0000] {processor.py:208} INFO - Processing /home/airflow/.local/lib/python3.12/site-packages/airflow/example_dags/example_sla_dag.py took 0.066 seconds
[2024-11-18T06:14:24.974+0000] {processor.py:186} INFO - Started process (PID=3129) to work on /home/airflow/.local/lib/python3.12/site-packages/airflow/example_dags/example_sla_dag.py
[2024-11-18T06:14:24.975+0000] {processor.py:914} INFO - Processing file /home/airflow/.local/lib/python3.12/site-packages/airflow/example_dags/example_sla_dag.py for tasks to queue
[2024-11-18T06:14:24.977+0000] {logging_mixin.py:190} INFO - [2024-11-18T06:14:24.977+0000] {dagbag.py:588} INFO - Filling up the DagBag from /home/airflow/.local/lib/python3.12/site-packages/airflow/example_dags/example_sla_dag.py
[2024-11-18T06:14:24.985+0000] {processor.py:925} INFO - DAG(s) 'example_sla_dag' retrieved from /home/airflow/.local/lib/python3.12/site-packages/airflow/example_dags/example_sla_dag.py
[2024-11-18T06:14:25.001+0000] {logging_mixin.py:190} INFO - [2024-11-18T06:14:25.001+0000] {dag.py:3239} INFO - Sync 1 DAGs
[2024-11-18T06:14:25.020+0000] {logging_mixin.py:190} INFO - [2024-11-18T06:14:25.020+0000] {dag.py:4180} INFO - Setting next_dagrun for example_sla_dag to 2024-11-18 06:12:00+00:00, run_after=2024-11-18 06:14:00+00:00
[2024-11-18T06:14:25.035+0000] {processor.py:208} INFO - Processing /home/airflow/.local/lib/python3.12/site-packages/airflow/example_dags/example_sla_dag.py took 0.066 seconds
[2024-11-18T06:14:56.195+0000] {processor.py:186} INFO - Started process (PID=3193) to work on /home/airflow/.local/lib/python3.12/site-packages/airflow/example_dags/example_sla_dag.py
[2024-11-18T06:14:56.196+0000] {processor.py:914} INFO - Processing file /home/airflow/.local/lib/python3.12/site-packages/airflow/example_dags/example_sla_dag.py for tasks to queue
[2024-11-18T06:14:56.200+0000] {logging_mixin.py:190} INFO - [2024-11-18T06:14:56.199+0000] {dagbag.py:588} INFO - Filling up the DagBag from /home/airflow/.local/lib/python3.12/site-packages/airflow/example_dags/example_sla_dag.py
[2024-11-18T06:14:56.216+0000] {processor.py:925} INFO - DAG(s) 'example_sla_dag' retrieved from /home/airflow/.local/lib/python3.12/site-packages/airflow/example_dags/example_sla_dag.py
[2024-11-18T06:14:56.230+0000] {logging_mixin.py:190} INFO - [2024-11-18T06:14:56.230+0000] {dag.py:3239} INFO - Sync 1 DAGs
[2024-11-18T06:14:56.249+0000] {logging_mixin.py:190} INFO - [2024-11-18T06:14:56.249+0000] {dag.py:4180} INFO - Setting next_dagrun for example_sla_dag to 2024-11-18 06:12:00+00:00, run_after=2024-11-18 06:14:00+00:00
[2024-11-18T06:14:56.263+0000] {processor.py:208} INFO - Processing /home/airflow/.local/lib/python3.12/site-packages/airflow/example_dags/example_sla_dag.py took 0.072 seconds
[2024-11-18T06:15:27.495+0000] {processor.py:186} INFO - Started process (PID=3257) to work on /home/airflow/.local/lib/python3.12/site-packages/airflow/example_dags/example_sla_dag.py
[2024-11-18T06:15:27.496+0000] {processor.py:914} INFO - Processing file /home/airflow/.local/lib/python3.12/site-packages/airflow/example_dags/example_sla_dag.py for tasks to queue
[2024-11-18T06:15:27.499+0000] {logging_mixin.py:190} INFO - [2024-11-18T06:15:27.499+0000] {dagbag.py:588} INFO - Filling up the DagBag from /home/airflow/.local/lib/python3.12/site-packages/airflow/example_dags/example_sla_dag.py
[2024-11-18T06:15:27.507+0000] {processor.py:925} INFO - DAG(s) 'example_sla_dag' retrieved from /home/airflow/.local/lib/python3.12/site-packages/airflow/example_dags/example_sla_dag.py
[2024-11-18T06:15:27.522+0000] {logging_mixin.py:190} INFO - [2024-11-18T06:15:27.522+0000] {dag.py:3239} INFO - Sync 1 DAGs
[2024-11-18T06:15:27.543+0000] {logging_mixin.py:190} INFO - [2024-11-18T06:15:27.543+0000] {dag.py:4180} INFO - Setting next_dagrun for example_sla_dag to 2024-11-18 06:12:00+00:00, run_after=2024-11-18 06:14:00+00:00
[2024-11-18T06:15:27.559+0000] {processor.py:208} INFO - Processing /home/airflow/.local/lib/python3.12/site-packages/airflow/example_dags/example_sla_dag.py took 0.069 seconds
[2024-11-18T06:15:58.585+0000] {processor.py:186} INFO - Started process (PID=3321) to work on /home/airflow/.local/lib/python3.12/site-packages/airflow/example_dags/example_sla_dag.py
[2024-11-18T06:15:58.586+0000] {processor.py:914} INFO - Processing file /home/airflow/.local/lib/python3.12/site-packages/airflow/example_dags/example_sla_dag.py for tasks to queue
[2024-11-18T06:15:58.589+0000] {logging_mixin.py:190} INFO - [2024-11-18T06:15:58.588+0000] {dagbag.py:588} INFO - Filling up the DagBag from /home/airflow/.local/lib/python3.12/site-packages/airflow/example_dags/example_sla_dag.py
[2024-11-18T06:15:58.598+0000] {processor.py:925} INFO - DAG(s) 'example_sla_dag' retrieved from /home/airflow/.local/lib/python3.12/site-packages/airflow/example_dags/example_sla_dag.py
[2024-11-18T06:15:58.615+0000] {logging_mixin.py:190} INFO - [2024-11-18T06:15:58.615+0000] {dag.py:3239} INFO - Sync 1 DAGs
[2024-11-18T06:15:58.637+0000] {logging_mixin.py:190} INFO - [2024-11-18T06:15:58.637+0000] {dag.py:4180} INFO - Setting next_dagrun for example_sla_dag to 2024-11-18 06:12:00+00:00, run_after=2024-11-18 06:14:00+00:00
[2024-11-18T06:15:58.655+0000] {processor.py:208} INFO - Processing /home/airflow/.local/lib/python3.12/site-packages/airflow/example_dags/example_sla_dag.py took 0.075 seconds
[2024-11-18T06:16:29.733+0000] {processor.py:186} INFO - Started process (PID=3385) to work on /home/airflow/.local/lib/python3.12/site-packages/airflow/example_dags/example_sla_dag.py
[2024-11-18T06:16:29.734+0000] {processor.py:914} INFO - Processing file /home/airflow/.local/lib/python3.12/site-packages/airflow/example_dags/example_sla_dag.py for tasks to queue
[2024-11-18T06:16:29.736+0000] {logging_mixin.py:190} INFO - [2024-11-18T06:16:29.736+0000] {dagbag.py:588} INFO - Filling up the DagBag from /home/airflow/.local/lib/python3.12/site-packages/airflow/example_dags/example_sla_dag.py
[2024-11-18T06:16:29.743+0000] {processor.py:925} INFO - DAG(s) 'example_sla_dag' retrieved from /home/airflow/.local/lib/python3.12/site-packages/airflow/example_dags/example_sla_dag.py
[2024-11-18T06:16:29.758+0000] {logging_mixin.py:190} INFO - [2024-11-18T06:16:29.758+0000] {dag.py:3239} INFO - Sync 1 DAGs
[2024-11-18T06:16:29.779+0000] {logging_mixin.py:190} INFO - [2024-11-18T06:16:29.779+0000] {dag.py:4180} INFO - Setting next_dagrun for example_sla_dag to 2024-11-18 06:14:00+00:00, run_after=2024-11-18 06:16:00+00:00
[2024-11-18T06:16:29.931+0000] {processor.py:208} INFO - Processing /home/airflow/.local/lib/python3.12/site-packages/airflow/example_dags/example_sla_dag.py took 0.201 seconds
[2024-11-18T06:17:00.036+0000] {processor.py:186} INFO - Started process (PID=3449) to work on /home/airflow/.local/lib/python3.12/site-packages/airflow/example_dags/example_sla_dag.py
[2024-11-18T06:17:00.037+0000] {processor.py:914} INFO - Processing file /home/airflow/.local/lib/python3.12/site-packages/airflow/example_dags/example_sla_dag.py for tasks to queue
[2024-11-18T06:17:00.039+0000] {logging_mixin.py:190} INFO - [2024-11-18T06:17:00.039+0000] {dagbag.py:588} INFO - Filling up the DagBag from /home/airflow/.local/lib/python3.12/site-packages/airflow/example_dags/example_sla_dag.py
[2024-11-18T06:17:00.047+0000] {processor.py:925} INFO - DAG(s) 'example_sla_dag' retrieved from /home/airflow/.local/lib/python3.12/site-packages/airflow/example_dags/example_sla_dag.py
[2024-11-18T06:17:00.062+0000] {logging_mixin.py:190} INFO - [2024-11-18T06:17:00.062+0000] {dag.py:3239} INFO - Sync 1 DAGs
[2024-11-18T06:17:00.081+0000] {logging_mixin.py:190} INFO - [2024-11-18T06:17:00.081+0000] {dag.py:4180} INFO - Setting next_dagrun for example_sla_dag to 2024-11-18 06:14:00+00:00, run_after=2024-11-18 06:16:00+00:00
[2024-11-18T06:17:00.097+0000] {processor.py:208} INFO - Processing /home/airflow/.local/lib/python3.12/site-packages/airflow/example_dags/example_sla_dag.py took 0.065 seconds
[2024-11-18T06:17:30.875+0000] {processor.py:186} INFO - Started process (PID=3513) to work on /home/airflow/.local/lib/python3.12/site-packages/airflow/example_dags/example_sla_dag.py
[2024-11-18T06:17:30.877+0000] {processor.py:914} INFO - Processing file /home/airflow/.local/lib/python3.12/site-packages/airflow/example_dags/example_sla_dag.py for tasks to queue
[2024-11-18T06:17:30.881+0000] {logging_mixin.py:190} INFO - [2024-11-18T06:17:30.880+0000] {dagbag.py:588} INFO - Filling up the DagBag from /home/airflow/.local/lib/python3.12/site-packages/airflow/example_dags/example_sla_dag.py
[2024-11-18T06:17:30.891+0000] {processor.py:925} INFO - DAG(s) 'example_sla_dag' retrieved from /home/airflow/.local/lib/python3.12/site-packages/airflow/example_dags/example_sla_dag.py
[2024-11-18T06:17:30.912+0000] {logging_mixin.py:190} INFO - [2024-11-18T06:17:30.912+0000] {dag.py:3239} INFO - Sync 1 DAGs
[2024-11-18T06:17:30.937+0000] {logging_mixin.py:190} INFO - [2024-11-18T06:17:30.937+0000] {dag.py:4180} INFO - Setting next_dagrun for example_sla_dag to 2024-11-18 06:14:00+00:00, run_after=2024-11-18 06:16:00+00:00
[2024-11-18T06:17:30.957+0000] {processor.py:208} INFO - Processing /home/airflow/.local/lib/python3.12/site-packages/airflow/example_dags/example_sla_dag.py took 0.087 seconds
