[2024-11-18T05:49:51.608+0000] {processor.py:186} INFO - Started process (PID=85) to work on /home/airflow/.local/lib/python3.12/site-packages/airflow/example_dags/example_xcom.py
[2024-11-18T05:49:51.610+0000] {processor.py:914} INFO - Processing file /home/airflow/.local/lib/python3.12/site-packages/airflow/example_dags/example_xcom.py for tasks to queue
[2024-11-18T05:49:51.612+0000] {logging_mixin.py:190} INFO - [2024-11-18T05:49:51.612+0000] {dagbag.py:588} INFO - Filling up the DagBag from /home/airflow/.local/lib/python3.12/site-packages/airflow/example_dags/example_xcom.py
[2024-11-18T05:49:51.630+0000] {processor.py:925} INFO - DAG(s) 'example_xcom' retrieved from /home/airflow/.local/lib/python3.12/site-packages/airflow/example_dags/example_xcom.py
[2024-11-18T05:49:51.754+0000] {logging_mixin.py:190} INFO - [2024-11-18T05:49:51.753+0000] {override.py:1911} INFO - Created Permission View: can edit on DAG:example_xcom
[2024-11-18T05:49:51.767+0000] {logging_mixin.py:190} INFO - [2024-11-18T05:49:51.767+0000] {override.py:1911} INFO - Created Permission View: can delete on DAG:example_xcom
[2024-11-18T05:49:51.775+0000] {logging_mixin.py:190} INFO - [2024-11-18T05:49:51.774+0000] {override.py:1911} INFO - Created Permission View: can read on DAG:example_xcom
[2024-11-18T05:49:51.784+0000] {logging_mixin.py:190} INFO - [2024-11-18T05:49:51.784+0000] {override.py:1911} INFO - Created Permission View: menu access on DAG Run:example_xcom
[2024-11-18T05:49:51.792+0000] {logging_mixin.py:190} INFO - [2024-11-18T05:49:51.792+0000] {override.py:1911} INFO - Created Permission View: can delete on DAG Run:example_xcom
[2024-11-18T05:49:51.800+0000] {logging_mixin.py:190} INFO - [2024-11-18T05:49:51.800+0000] {override.py:1911} INFO - Created Permission View: can create on DAG Run:example_xcom
[2024-11-18T05:49:51.808+0000] {logging_mixin.py:190} INFO - [2024-11-18T05:49:51.807+0000] {override.py:1911} INFO - Created Permission View: can read on DAG Run:example_xcom
[2024-11-18T05:49:51.809+0000] {logging_mixin.py:190} INFO - [2024-11-18T05:49:51.808+0000] {dag.py:3239} INFO - Sync 1 DAGs
[2024-11-18T05:49:51.824+0000] {logging_mixin.py:190} INFO - [2024-11-18T05:49:51.824+0000] {dag.py:3262} INFO - Creating ORM DAG for example_xcom
[2024-11-18T05:49:51.836+0000] {logging_mixin.py:190} INFO - [2024-11-18T05:49:51.836+0000] {dag.py:4180} INFO - Setting next_dagrun for example_xcom to 2021-01-01 00:00:00+00:00, run_after=2021-01-01 00:00:00+00:00
[2024-11-18T05:49:51.859+0000] {processor.py:208} INFO - Processing /home/airflow/.local/lib/python3.12/site-packages/airflow/example_dags/example_xcom.py took 0.257 seconds
[2024-11-18T05:50:22.280+0000] {processor.py:186} INFO - Started process (PID=148) to work on /home/airflow/.local/lib/python3.12/site-packages/airflow/example_dags/example_xcom.py
[2024-11-18T05:50:22.281+0000] {processor.py:914} INFO - Processing file /home/airflow/.local/lib/python3.12/site-packages/airflow/example_dags/example_xcom.py for tasks to queue
[2024-11-18T05:50:22.285+0000] {logging_mixin.py:190} INFO - [2024-11-18T05:50:22.284+0000] {dagbag.py:588} INFO - Filling up the DagBag from /home/airflow/.local/lib/python3.12/site-packages/airflow/example_dags/example_xcom.py
[2024-11-18T05:50:22.299+0000] {processor.py:925} INFO - DAG(s) 'example_xcom' retrieved from /home/airflow/.local/lib/python3.12/site-packages/airflow/example_dags/example_xcom.py
[2024-11-18T05:50:22.324+0000] {logging_mixin.py:190} INFO - [2024-11-18T05:50:22.323+0000] {dag.py:3239} INFO - Sync 1 DAGs
[2024-11-18T05:50:22.353+0000] {logging_mixin.py:190} INFO - [2024-11-18T05:50:22.352+0000] {dag.py:4180} INFO - Setting next_dagrun for example_xcom to 2021-01-01 00:00:00+00:00, run_after=2021-01-01 00:00:00+00:00
[2024-11-18T05:50:22.376+0000] {processor.py:208} INFO - Processing /home/airflow/.local/lib/python3.12/site-packages/airflow/example_dags/example_xcom.py took 0.103 seconds
[2024-11-18T05:50:52.754+0000] {processor.py:186} INFO - Started process (PID=211) to work on /home/airflow/.local/lib/python3.12/site-packages/airflow/example_dags/example_xcom.py
[2024-11-18T05:50:52.756+0000] {processor.py:914} INFO - Processing file /home/airflow/.local/lib/python3.12/site-packages/airflow/example_dags/example_xcom.py for tasks to queue
[2024-11-18T05:50:52.759+0000] {logging_mixin.py:190} INFO - [2024-11-18T05:50:52.758+0000] {dagbag.py:588} INFO - Filling up the DagBag from /home/airflow/.local/lib/python3.12/site-packages/airflow/example_dags/example_xcom.py
[2024-11-18T05:50:52.772+0000] {processor.py:925} INFO - DAG(s) 'example_xcom' retrieved from /home/airflow/.local/lib/python3.12/site-packages/airflow/example_dags/example_xcom.py
[2024-11-18T05:50:52.796+0000] {logging_mixin.py:190} INFO - [2024-11-18T05:50:52.795+0000] {dag.py:3239} INFO - Sync 1 DAGs
[2024-11-18T05:50:52.826+0000] {logging_mixin.py:190} INFO - [2024-11-18T05:50:52.826+0000] {dag.py:4180} INFO - Setting next_dagrun for example_xcom to 2021-01-01 00:00:00+00:00, run_after=2021-01-01 00:00:00+00:00
[2024-11-18T05:50:52.848+0000] {processor.py:208} INFO - Processing /home/airflow/.local/lib/python3.12/site-packages/airflow/example_dags/example_xcom.py took 0.101 seconds
[2024-11-18T05:51:23.245+0000] {processor.py:186} INFO - Started process (PID=275) to work on /home/airflow/.local/lib/python3.12/site-packages/airflow/example_dags/example_xcom.py
[2024-11-18T05:51:23.246+0000] {processor.py:914} INFO - Processing file /home/airflow/.local/lib/python3.12/site-packages/airflow/example_dags/example_xcom.py for tasks to queue
[2024-11-18T05:51:23.249+0000] {logging_mixin.py:190} INFO - [2024-11-18T05:51:23.249+0000] {dagbag.py:588} INFO - Filling up the DagBag from /home/airflow/.local/lib/python3.12/site-packages/airflow/example_dags/example_xcom.py
[2024-11-18T05:51:23.261+0000] {processor.py:925} INFO - DAG(s) 'example_xcom' retrieved from /home/airflow/.local/lib/python3.12/site-packages/airflow/example_dags/example_xcom.py
[2024-11-18T05:51:23.300+0000] {logging_mixin.py:190} INFO - [2024-11-18T05:51:23.299+0000] {dag.py:3239} INFO - Sync 1 DAGs
[2024-11-18T05:51:23.330+0000] {logging_mixin.py:190} INFO - [2024-11-18T05:51:23.330+0000] {dag.py:4180} INFO - Setting next_dagrun for example_xcom to 2021-01-01 00:00:00+00:00, run_after=2021-01-01 00:00:00+00:00
[2024-11-18T05:51:23.350+0000] {processor.py:208} INFO - Processing /home/airflow/.local/lib/python3.12/site-packages/airflow/example_dags/example_xcom.py took 0.113 seconds
[2024-11-18T05:51:53.882+0000] {processor.py:186} INFO - Started process (PID=337) to work on /home/airflow/.local/lib/python3.12/site-packages/airflow/example_dags/example_xcom.py
[2024-11-18T05:51:53.883+0000] {processor.py:914} INFO - Processing file /home/airflow/.local/lib/python3.12/site-packages/airflow/example_dags/example_xcom.py for tasks to queue
[2024-11-18T05:51:53.887+0000] {logging_mixin.py:190} INFO - [2024-11-18T05:51:53.886+0000] {dagbag.py:588} INFO - Filling up the DagBag from /home/airflow/.local/lib/python3.12/site-packages/airflow/example_dags/example_xcom.py
[2024-11-18T05:51:53.898+0000] {processor.py:925} INFO - DAG(s) 'example_xcom' retrieved from /home/airflow/.local/lib/python3.12/site-packages/airflow/example_dags/example_xcom.py
[2024-11-18T05:51:53.927+0000] {logging_mixin.py:190} INFO - [2024-11-18T05:51:53.927+0000] {dag.py:3239} INFO - Sync 1 DAGs
[2024-11-18T05:51:53.957+0000] {logging_mixin.py:190} INFO - [2024-11-18T05:51:53.957+0000] {dag.py:4180} INFO - Setting next_dagrun for example_xcom to 2021-01-01 00:00:00+00:00, run_after=2021-01-01 00:00:00+00:00
[2024-11-18T05:51:53.998+0000] {processor.py:208} INFO - Processing /home/airflow/.local/lib/python3.12/site-packages/airflow/example_dags/example_xcom.py took 0.124 seconds
[2024-11-18T05:52:24.844+0000] {processor.py:186} INFO - Started process (PID=400) to work on /home/airflow/.local/lib/python3.12/site-packages/airflow/example_dags/example_xcom.py
[2024-11-18T05:52:24.846+0000] {processor.py:914} INFO - Processing file /home/airflow/.local/lib/python3.12/site-packages/airflow/example_dags/example_xcom.py for tasks to queue
[2024-11-18T05:52:24.849+0000] {logging_mixin.py:190} INFO - [2024-11-18T05:52:24.849+0000] {dagbag.py:588} INFO - Filling up the DagBag from /home/airflow/.local/lib/python3.12/site-packages/airflow/example_dags/example_xcom.py
[2024-11-18T05:52:24.864+0000] {processor.py:925} INFO - DAG(s) 'example_xcom' retrieved from /home/airflow/.local/lib/python3.12/site-packages/airflow/example_dags/example_xcom.py
[2024-11-18T05:52:24.891+0000] {logging_mixin.py:190} INFO - [2024-11-18T05:52:24.891+0000] {dag.py:3239} INFO - Sync 1 DAGs
[2024-11-18T05:52:24.922+0000] {logging_mixin.py:190} INFO - [2024-11-18T05:52:24.921+0000] {dag.py:4180} INFO - Setting next_dagrun for example_xcom to 2021-01-01 00:00:00+00:00, run_after=2021-01-01 00:00:00+00:00
[2024-11-18T05:52:24.952+0000] {processor.py:208} INFO - Processing /home/airflow/.local/lib/python3.12/site-packages/airflow/example_dags/example_xcom.py took 0.117 seconds
[2024-11-18T05:52:55.531+0000] {processor.py:186} INFO - Started process (PID=463) to work on /home/airflow/.local/lib/python3.12/site-packages/airflow/example_dags/example_xcom.py
[2024-11-18T05:52:55.532+0000] {processor.py:914} INFO - Processing file /home/airflow/.local/lib/python3.12/site-packages/airflow/example_dags/example_xcom.py for tasks to queue
[2024-11-18T05:52:55.535+0000] {logging_mixin.py:190} INFO - [2024-11-18T05:52:55.534+0000] {dagbag.py:588} INFO - Filling up the DagBag from /home/airflow/.local/lib/python3.12/site-packages/airflow/example_dags/example_xcom.py
[2024-11-18T05:52:55.548+0000] {processor.py:925} INFO - DAG(s) 'example_xcom' retrieved from /home/airflow/.local/lib/python3.12/site-packages/airflow/example_dags/example_xcom.py
[2024-11-18T05:52:55.575+0000] {logging_mixin.py:190} INFO - [2024-11-18T05:52:55.574+0000] {dag.py:3239} INFO - Sync 1 DAGs
[2024-11-18T05:52:55.604+0000] {logging_mixin.py:190} INFO - [2024-11-18T05:52:55.604+0000] {dag.py:4180} INFO - Setting next_dagrun for example_xcom to 2021-01-01 00:00:00+00:00, run_after=2021-01-01 00:00:00+00:00
[2024-11-18T05:52:55.626+0000] {processor.py:208} INFO - Processing /home/airflow/.local/lib/python3.12/site-packages/airflow/example_dags/example_xcom.py took 0.101 seconds
[2024-11-18T05:53:25.924+0000] {processor.py:186} INFO - Started process (PID=526) to work on /home/airflow/.local/lib/python3.12/site-packages/airflow/example_dags/example_xcom.py
[2024-11-18T05:53:25.925+0000] {processor.py:914} INFO - Processing file /home/airflow/.local/lib/python3.12/site-packages/airflow/example_dags/example_xcom.py for tasks to queue
[2024-11-18T05:53:25.928+0000] {logging_mixin.py:190} INFO - [2024-11-18T05:53:25.928+0000] {dagbag.py:588} INFO - Filling up the DagBag from /home/airflow/.local/lib/python3.12/site-packages/airflow/example_dags/example_xcom.py
[2024-11-18T05:53:25.940+0000] {processor.py:925} INFO - DAG(s) 'example_xcom' retrieved from /home/airflow/.local/lib/python3.12/site-packages/airflow/example_dags/example_xcom.py
[2024-11-18T05:53:25.966+0000] {logging_mixin.py:190} INFO - [2024-11-18T05:53:25.965+0000] {dag.py:3239} INFO - Sync 1 DAGs
[2024-11-18T05:53:25.993+0000] {logging_mixin.py:190} INFO - [2024-11-18T05:53:25.993+0000] {dag.py:4180} INFO - Setting next_dagrun for example_xcom to 2021-01-01 00:00:00+00:00, run_after=2021-01-01 00:00:00+00:00
[2024-11-18T05:53:26.017+0000] {processor.py:208} INFO - Processing /home/airflow/.local/lib/python3.12/site-packages/airflow/example_dags/example_xcom.py took 0.100 seconds
[2024-11-18T05:53:56.225+0000] {processor.py:186} INFO - Started process (PID=589) to work on /home/airflow/.local/lib/python3.12/site-packages/airflow/example_dags/example_xcom.py
[2024-11-18T05:53:56.226+0000] {processor.py:914} INFO - Processing file /home/airflow/.local/lib/python3.12/site-packages/airflow/example_dags/example_xcom.py for tasks to queue
[2024-11-18T05:53:56.229+0000] {logging_mixin.py:190} INFO - [2024-11-18T05:53:56.229+0000] {dagbag.py:588} INFO - Filling up the DagBag from /home/airflow/.local/lib/python3.12/site-packages/airflow/example_dags/example_xcom.py
[2024-11-18T05:53:56.240+0000] {processor.py:925} INFO - DAG(s) 'example_xcom' retrieved from /home/airflow/.local/lib/python3.12/site-packages/airflow/example_dags/example_xcom.py
[2024-11-18T05:53:56.287+0000] {logging_mixin.py:190} INFO - [2024-11-18T05:53:56.287+0000] {dag.py:3239} INFO - Sync 1 DAGs
[2024-11-18T05:53:56.348+0000] {logging_mixin.py:190} INFO - [2024-11-18T05:53:56.348+0000] {dag.py:4180} INFO - Setting next_dagrun for example_xcom to 2021-01-01 00:00:00+00:00, run_after=2021-01-01 00:00:00+00:00
[2024-11-18T05:53:56.397+0000] {processor.py:208} INFO - Processing /home/airflow/.local/lib/python3.12/site-packages/airflow/example_dags/example_xcom.py took 0.181 seconds
[2024-11-18T05:54:26.592+0000] {processor.py:186} INFO - Started process (PID=652) to work on /home/airflow/.local/lib/python3.12/site-packages/airflow/example_dags/example_xcom.py
[2024-11-18T05:54:26.594+0000] {processor.py:914} INFO - Processing file /home/airflow/.local/lib/python3.12/site-packages/airflow/example_dags/example_xcom.py for tasks to queue
[2024-11-18T05:54:26.598+0000] {logging_mixin.py:190} INFO - [2024-11-18T05:54:26.597+0000] {dagbag.py:588} INFO - Filling up the DagBag from /home/airflow/.local/lib/python3.12/site-packages/airflow/example_dags/example_xcom.py
[2024-11-18T05:54:26.613+0000] {processor.py:925} INFO - DAG(s) 'example_xcom' retrieved from /home/airflow/.local/lib/python3.12/site-packages/airflow/example_dags/example_xcom.py
[2024-11-18T05:54:26.644+0000] {logging_mixin.py:190} INFO - [2024-11-18T05:54:26.643+0000] {dag.py:3239} INFO - Sync 1 DAGs
[2024-11-18T05:54:26.678+0000] {logging_mixin.py:190} INFO - [2024-11-18T05:54:26.677+0000] {dag.py:4180} INFO - Setting next_dagrun for example_xcom to 2021-01-01 00:00:00+00:00, run_after=2021-01-01 00:00:00+00:00
[2024-11-18T05:54:26.707+0000] {processor.py:208} INFO - Processing /home/airflow/.local/lib/python3.12/site-packages/airflow/example_dags/example_xcom.py took 0.125 seconds
[2024-11-18T05:54:56.864+0000] {processor.py:186} INFO - Started process (PID=715) to work on /home/airflow/.local/lib/python3.12/site-packages/airflow/example_dags/example_xcom.py
[2024-11-18T05:54:56.866+0000] {processor.py:914} INFO - Processing file /home/airflow/.local/lib/python3.12/site-packages/airflow/example_dags/example_xcom.py for tasks to queue
[2024-11-18T05:54:56.870+0000] {logging_mixin.py:190} INFO - [2024-11-18T05:54:56.870+0000] {dagbag.py:588} INFO - Filling up the DagBag from /home/airflow/.local/lib/python3.12/site-packages/airflow/example_dags/example_xcom.py
[2024-11-18T05:54:56.888+0000] {processor.py:925} INFO - DAG(s) 'example_xcom' retrieved from /home/airflow/.local/lib/python3.12/site-packages/airflow/example_dags/example_xcom.py
[2024-11-18T05:54:56.932+0000] {logging_mixin.py:190} INFO - [2024-11-18T05:54:56.931+0000] {dag.py:3239} INFO - Sync 1 DAGs
[2024-11-18T05:54:56.971+0000] {logging_mixin.py:190} INFO - [2024-11-18T05:54:56.971+0000] {dag.py:4180} INFO - Setting next_dagrun for example_xcom to 2021-01-01 00:00:00+00:00, run_after=2021-01-01 00:00:00+00:00
[2024-11-18T05:54:56.996+0000] {processor.py:208} INFO - Processing /home/airflow/.local/lib/python3.12/site-packages/airflow/example_dags/example_xcom.py took 0.143 seconds
[2024-11-18T05:55:28.007+0000] {processor.py:186} INFO - Started process (PID=778) to work on /home/airflow/.local/lib/python3.12/site-packages/airflow/example_dags/example_xcom.py
[2024-11-18T05:55:28.008+0000] {processor.py:914} INFO - Processing file /home/airflow/.local/lib/python3.12/site-packages/airflow/example_dags/example_xcom.py for tasks to queue
[2024-11-18T05:55:28.011+0000] {logging_mixin.py:190} INFO - [2024-11-18T05:55:28.011+0000] {dagbag.py:588} INFO - Filling up the DagBag from /home/airflow/.local/lib/python3.12/site-packages/airflow/example_dags/example_xcom.py
[2024-11-18T05:55:28.024+0000] {processor.py:925} INFO - DAG(s) 'example_xcom' retrieved from /home/airflow/.local/lib/python3.12/site-packages/airflow/example_dags/example_xcom.py
[2024-11-18T05:55:28.048+0000] {logging_mixin.py:190} INFO - [2024-11-18T05:55:28.048+0000] {dag.py:3239} INFO - Sync 1 DAGs
[2024-11-18T05:55:28.073+0000] {logging_mixin.py:190} INFO - [2024-11-18T05:55:28.072+0000] {dag.py:4180} INFO - Setting next_dagrun for example_xcom to 2021-01-01 00:00:00+00:00, run_after=2021-01-01 00:00:00+00:00
[2024-11-18T05:55:28.105+0000] {processor.py:208} INFO - Processing /home/airflow/.local/lib/python3.12/site-packages/airflow/example_dags/example_xcom.py took 0.107 seconds
[2024-11-18T05:55:58.642+0000] {processor.py:186} INFO - Started process (PID=841) to work on /home/airflow/.local/lib/python3.12/site-packages/airflow/example_dags/example_xcom.py
[2024-11-18T05:55:58.644+0000] {processor.py:914} INFO - Processing file /home/airflow/.local/lib/python3.12/site-packages/airflow/example_dags/example_xcom.py for tasks to queue
[2024-11-18T05:55:58.650+0000] {logging_mixin.py:190} INFO - [2024-11-18T05:55:58.649+0000] {dagbag.py:588} INFO - Filling up the DagBag from /home/airflow/.local/lib/python3.12/site-packages/airflow/example_dags/example_xcom.py
[2024-11-18T05:55:58.666+0000] {processor.py:925} INFO - DAG(s) 'example_xcom' retrieved from /home/airflow/.local/lib/python3.12/site-packages/airflow/example_dags/example_xcom.py
[2024-11-18T05:55:58.708+0000] {logging_mixin.py:190} INFO - [2024-11-18T05:55:58.708+0000] {dag.py:3239} INFO - Sync 1 DAGs
[2024-11-18T05:55:58.738+0000] {logging_mixin.py:190} INFO - [2024-11-18T05:55:58.737+0000] {dag.py:4180} INFO - Setting next_dagrun for example_xcom to 2021-01-01 00:00:00+00:00, run_after=2021-01-01 00:00:00+00:00
[2024-11-18T05:55:58.762+0000] {processor.py:208} INFO - Processing /home/airflow/.local/lib/python3.12/site-packages/airflow/example_dags/example_xcom.py took 0.127 seconds
[2024-11-18T05:56:29.083+0000] {processor.py:186} INFO - Started process (PID=904) to work on /home/airflow/.local/lib/python3.12/site-packages/airflow/example_dags/example_xcom.py
[2024-11-18T05:56:29.084+0000] {processor.py:914} INFO - Processing file /home/airflow/.local/lib/python3.12/site-packages/airflow/example_dags/example_xcom.py for tasks to queue
[2024-11-18T05:56:29.087+0000] {logging_mixin.py:190} INFO - [2024-11-18T05:56:29.087+0000] {dagbag.py:588} INFO - Filling up the DagBag from /home/airflow/.local/lib/python3.12/site-packages/airflow/example_dags/example_xcom.py
[2024-11-18T05:56:29.100+0000] {processor.py:925} INFO - DAG(s) 'example_xcom' retrieved from /home/airflow/.local/lib/python3.12/site-packages/airflow/example_dags/example_xcom.py
[2024-11-18T05:56:29.128+0000] {logging_mixin.py:190} INFO - [2024-11-18T05:56:29.127+0000] {dag.py:3239} INFO - Sync 1 DAGs
[2024-11-18T05:56:29.152+0000] {logging_mixin.py:190} INFO - [2024-11-18T05:56:29.152+0000] {dag.py:4180} INFO - Setting next_dagrun for example_xcom to 2021-01-01 00:00:00+00:00, run_after=2021-01-01 00:00:00+00:00
[2024-11-18T05:56:29.187+0000] {processor.py:208} INFO - Processing /home/airflow/.local/lib/python3.12/site-packages/airflow/example_dags/example_xcom.py took 0.111 seconds
[2024-11-18T05:56:59.525+0000] {processor.py:186} INFO - Started process (PID=967) to work on /home/airflow/.local/lib/python3.12/site-packages/airflow/example_dags/example_xcom.py
[2024-11-18T05:56:59.526+0000] {processor.py:914} INFO - Processing file /home/airflow/.local/lib/python3.12/site-packages/airflow/example_dags/example_xcom.py for tasks to queue
[2024-11-18T05:56:59.529+0000] {logging_mixin.py:190} INFO - [2024-11-18T05:56:59.529+0000] {dagbag.py:588} INFO - Filling up the DagBag from /home/airflow/.local/lib/python3.12/site-packages/airflow/example_dags/example_xcom.py
[2024-11-18T05:56:59.541+0000] {processor.py:925} INFO - DAG(s) 'example_xcom' retrieved from /home/airflow/.local/lib/python3.12/site-packages/airflow/example_dags/example_xcom.py
[2024-11-18T05:56:59.573+0000] {logging_mixin.py:190} INFO - [2024-11-18T05:56:59.573+0000] {dag.py:3239} INFO - Sync 1 DAGs
[2024-11-18T05:56:59.609+0000] {logging_mixin.py:190} INFO - [2024-11-18T05:56:59.608+0000] {dag.py:4180} INFO - Setting next_dagrun for example_xcom to 2021-01-01 00:00:00+00:00, run_after=2021-01-01 00:00:00+00:00
[2024-11-18T05:56:59.652+0000] {processor.py:208} INFO - Processing /home/airflow/.local/lib/python3.12/site-packages/airflow/example_dags/example_xcom.py took 0.139 seconds
[2024-11-18T05:57:29.903+0000] {processor.py:186} INFO - Started process (PID=1030) to work on /home/airflow/.local/lib/python3.12/site-packages/airflow/example_dags/example_xcom.py
[2024-11-18T05:57:29.905+0000] {processor.py:914} INFO - Processing file /home/airflow/.local/lib/python3.12/site-packages/airflow/example_dags/example_xcom.py for tasks to queue
[2024-11-18T05:57:29.909+0000] {logging_mixin.py:190} INFO - [2024-11-18T05:57:29.909+0000] {dagbag.py:588} INFO - Filling up the DagBag from /home/airflow/.local/lib/python3.12/site-packages/airflow/example_dags/example_xcom.py
[2024-11-18T05:57:29.922+0000] {processor.py:925} INFO - DAG(s) 'example_xcom' retrieved from /home/airflow/.local/lib/python3.12/site-packages/airflow/example_dags/example_xcom.py
[2024-11-18T05:57:29.948+0000] {logging_mixin.py:190} INFO - [2024-11-18T05:57:29.948+0000] {dag.py:3239} INFO - Sync 1 DAGs
[2024-11-18T05:57:29.975+0000] {logging_mixin.py:190} INFO - [2024-11-18T05:57:29.975+0000] {dag.py:4180} INFO - Setting next_dagrun for example_xcom to 2021-01-01 00:00:00+00:00, run_after=2021-01-01 00:00:00+00:00
[2024-11-18T05:57:30.004+0000] {processor.py:208} INFO - Processing /home/airflow/.local/lib/python3.12/site-packages/airflow/example_dags/example_xcom.py took 0.110 seconds
[2024-11-18T05:58:00.903+0000] {processor.py:186} INFO - Started process (PID=1093) to work on /home/airflow/.local/lib/python3.12/site-packages/airflow/example_dags/example_xcom.py
[2024-11-18T05:58:00.911+0000] {processor.py:914} INFO - Processing file /home/airflow/.local/lib/python3.12/site-packages/airflow/example_dags/example_xcom.py for tasks to queue
[2024-11-18T05:58:00.916+0000] {logging_mixin.py:190} INFO - [2024-11-18T05:58:00.915+0000] {dagbag.py:588} INFO - Filling up the DagBag from /home/airflow/.local/lib/python3.12/site-packages/airflow/example_dags/example_xcom.py
[2024-11-18T05:58:00.928+0000] {processor.py:925} INFO - DAG(s) 'example_xcom' retrieved from /home/airflow/.local/lib/python3.12/site-packages/airflow/example_dags/example_xcom.py
[2024-11-18T05:58:00.954+0000] {logging_mixin.py:190} INFO - [2024-11-18T05:58:00.954+0000] {dag.py:3239} INFO - Sync 1 DAGs
[2024-11-18T05:58:00.982+0000] {logging_mixin.py:190} INFO - [2024-11-18T05:58:00.981+0000] {dag.py:4180} INFO - Setting next_dagrun for example_xcom to 2021-01-01 00:00:00+00:00, run_after=2021-01-01 00:00:00+00:00
[2024-11-18T05:58:01.026+0000] {processor.py:208} INFO - Processing /home/airflow/.local/lib/python3.12/site-packages/airflow/example_dags/example_xcom.py took 0.133 seconds
[2024-11-18T05:58:31.737+0000] {processor.py:186} INFO - Started process (PID=1156) to work on /home/airflow/.local/lib/python3.12/site-packages/airflow/example_dags/example_xcom.py
[2024-11-18T05:58:31.738+0000] {processor.py:914} INFO - Processing file /home/airflow/.local/lib/python3.12/site-packages/airflow/example_dags/example_xcom.py for tasks to queue
[2024-11-18T05:58:31.740+0000] {logging_mixin.py:190} INFO - [2024-11-18T05:58:31.740+0000] {dagbag.py:588} INFO - Filling up the DagBag from /home/airflow/.local/lib/python3.12/site-packages/airflow/example_dags/example_xcom.py
[2024-11-18T05:58:31.750+0000] {processor.py:925} INFO - DAG(s) 'example_xcom' retrieved from /home/airflow/.local/lib/python3.12/site-packages/airflow/example_dags/example_xcom.py
[2024-11-18T05:58:31.776+0000] {logging_mixin.py:190} INFO - [2024-11-18T05:58:31.776+0000] {dag.py:3239} INFO - Sync 1 DAGs
[2024-11-18T05:58:31.808+0000] {logging_mixin.py:190} INFO - [2024-11-18T05:58:31.807+0000] {dag.py:4180} INFO - Setting next_dagrun for example_xcom to 2021-01-01 00:00:00+00:00, run_after=2021-01-01 00:00:00+00:00
[2024-11-18T05:58:31.846+0000] {processor.py:208} INFO - Processing /home/airflow/.local/lib/python3.12/site-packages/airflow/example_dags/example_xcom.py took 0.121 seconds
[2024-11-18T05:59:02.033+0000] {processor.py:186} INFO - Started process (PID=1219) to work on /home/airflow/.local/lib/python3.12/site-packages/airflow/example_dags/example_xcom.py
[2024-11-18T05:59:02.035+0000] {processor.py:914} INFO - Processing file /home/airflow/.local/lib/python3.12/site-packages/airflow/example_dags/example_xcom.py for tasks to queue
[2024-11-18T05:59:02.038+0000] {logging_mixin.py:190} INFO - [2024-11-18T05:59:02.037+0000] {dagbag.py:588} INFO - Filling up the DagBag from /home/airflow/.local/lib/python3.12/site-packages/airflow/example_dags/example_xcom.py
[2024-11-18T05:59:02.050+0000] {processor.py:925} INFO - DAG(s) 'example_xcom' retrieved from /home/airflow/.local/lib/python3.12/site-packages/airflow/example_dags/example_xcom.py
[2024-11-18T05:59:02.076+0000] {logging_mixin.py:190} INFO - [2024-11-18T05:59:02.076+0000] {dag.py:3239} INFO - Sync 1 DAGs
[2024-11-18T05:59:02.100+0000] {logging_mixin.py:190} INFO - [2024-11-18T05:59:02.100+0000] {dag.py:4180} INFO - Setting next_dagrun for example_xcom to 2021-01-01 00:00:00+00:00, run_after=2021-01-01 00:00:00+00:00
[2024-11-18T05:59:02.128+0000] {processor.py:208} INFO - Processing /home/airflow/.local/lib/python3.12/site-packages/airflow/example_dags/example_xcom.py took 0.101 seconds
[2024-11-18T05:59:32.264+0000] {processor.py:186} INFO - Started process (PID=1281) to work on /home/airflow/.local/lib/python3.12/site-packages/airflow/example_dags/example_xcom.py
[2024-11-18T05:59:32.265+0000] {processor.py:914} INFO - Processing file /home/airflow/.local/lib/python3.12/site-packages/airflow/example_dags/example_xcom.py for tasks to queue
[2024-11-18T05:59:32.268+0000] {logging_mixin.py:190} INFO - [2024-11-18T05:59:32.267+0000] {dagbag.py:588} INFO - Filling up the DagBag from /home/airflow/.local/lib/python3.12/site-packages/airflow/example_dags/example_xcom.py
[2024-11-18T05:59:32.278+0000] {processor.py:925} INFO - DAG(s) 'example_xcom' retrieved from /home/airflow/.local/lib/python3.12/site-packages/airflow/example_dags/example_xcom.py
[2024-11-18T05:59:32.301+0000] {logging_mixin.py:190} INFO - [2024-11-18T05:59:32.301+0000] {dag.py:3239} INFO - Sync 1 DAGs
[2024-11-18T05:59:32.363+0000] {logging_mixin.py:190} INFO - [2024-11-18T05:59:32.363+0000] {dag.py:4180} INFO - Setting next_dagrun for example_xcom to 2021-01-01 00:00:00+00:00, run_after=2021-01-01 00:00:00+00:00
[2024-11-18T05:59:32.397+0000] {processor.py:208} INFO - Processing /home/airflow/.local/lib/python3.12/site-packages/airflow/example_dags/example_xcom.py took 0.141 seconds
[2024-11-18T06:00:02.537+0000] {processor.py:186} INFO - Started process (PID=1345) to work on /home/airflow/.local/lib/python3.12/site-packages/airflow/example_dags/example_xcom.py
[2024-11-18T06:00:02.538+0000] {processor.py:914} INFO - Processing file /home/airflow/.local/lib/python3.12/site-packages/airflow/example_dags/example_xcom.py for tasks to queue
[2024-11-18T06:00:02.541+0000] {logging_mixin.py:190} INFO - [2024-11-18T06:00:02.541+0000] {dagbag.py:588} INFO - Filling up the DagBag from /home/airflow/.local/lib/python3.12/site-packages/airflow/example_dags/example_xcom.py
[2024-11-18T06:00:02.552+0000] {processor.py:925} INFO - DAG(s) 'example_xcom' retrieved from /home/airflow/.local/lib/python3.12/site-packages/airflow/example_dags/example_xcom.py
[2024-11-18T06:00:02.573+0000] {logging_mixin.py:190} INFO - [2024-11-18T06:00:02.573+0000] {dag.py:3239} INFO - Sync 1 DAGs
[2024-11-18T06:00:02.607+0000] {logging_mixin.py:190} INFO - [2024-11-18T06:00:02.607+0000] {dag.py:4180} INFO - Setting next_dagrun for example_xcom to 2021-01-01 00:00:00+00:00, run_after=2021-01-01 00:00:00+00:00
[2024-11-18T06:00:02.644+0000] {processor.py:208} INFO - Processing /home/airflow/.local/lib/python3.12/site-packages/airflow/example_dags/example_xcom.py took 0.114 seconds
[2024-11-18T06:00:32.864+0000] {processor.py:186} INFO - Started process (PID=1409) to work on /home/airflow/.local/lib/python3.12/site-packages/airflow/example_dags/example_xcom.py
[2024-11-18T06:00:32.868+0000] {processor.py:914} INFO - Processing file /home/airflow/.local/lib/python3.12/site-packages/airflow/example_dags/example_xcom.py for tasks to queue
[2024-11-18T06:00:32.872+0000] {logging_mixin.py:190} INFO - [2024-11-18T06:00:32.871+0000] {dagbag.py:588} INFO - Filling up the DagBag from /home/airflow/.local/lib/python3.12/site-packages/airflow/example_dags/example_xcom.py
[2024-11-18T06:00:32.884+0000] {processor.py:925} INFO - DAG(s) 'example_xcom' retrieved from /home/airflow/.local/lib/python3.12/site-packages/airflow/example_dags/example_xcom.py
[2024-11-18T06:00:32.920+0000] {logging_mixin.py:190} INFO - [2024-11-18T06:00:32.920+0000] {dag.py:3239} INFO - Sync 1 DAGs
[2024-11-18T06:00:32.959+0000] {logging_mixin.py:190} INFO - [2024-11-18T06:00:32.959+0000] {dag.py:4180} INFO - Setting next_dagrun for example_xcom to 2021-01-01 00:00:00+00:00, run_after=2021-01-01 00:00:00+00:00
[2024-11-18T06:00:32.991+0000] {processor.py:208} INFO - Processing /home/airflow/.local/lib/python3.12/site-packages/airflow/example_dags/example_xcom.py took 0.134 seconds
[2024-11-18T06:01:03.404+0000] {processor.py:186} INFO - Started process (PID=1474) to work on /home/airflow/.local/lib/python3.12/site-packages/airflow/example_dags/example_xcom.py
[2024-11-18T06:01:03.406+0000] {processor.py:914} INFO - Processing file /home/airflow/.local/lib/python3.12/site-packages/airflow/example_dags/example_xcom.py for tasks to queue
[2024-11-18T06:01:03.409+0000] {logging_mixin.py:190} INFO - [2024-11-18T06:01:03.408+0000] {dagbag.py:588} INFO - Filling up the DagBag from /home/airflow/.local/lib/python3.12/site-packages/airflow/example_dags/example_xcom.py
[2024-11-18T06:01:03.423+0000] {processor.py:925} INFO - DAG(s) 'example_xcom' retrieved from /home/airflow/.local/lib/python3.12/site-packages/airflow/example_dags/example_xcom.py
[2024-11-18T06:01:03.451+0000] {logging_mixin.py:190} INFO - [2024-11-18T06:01:03.450+0000] {dag.py:3239} INFO - Sync 1 DAGs
[2024-11-18T06:01:03.481+0000] {logging_mixin.py:190} INFO - [2024-11-18T06:01:03.480+0000] {dag.py:4180} INFO - Setting next_dagrun for example_xcom to 2021-01-01 00:00:00+00:00, run_after=2021-01-01 00:00:00+00:00
[2024-11-18T06:01:03.517+0000] {processor.py:208} INFO - Processing /home/airflow/.local/lib/python3.12/site-packages/airflow/example_dags/example_xcom.py took 0.122 seconds
[2024-11-18T06:01:33.999+0000] {processor.py:186} INFO - Started process (PID=1537) to work on /home/airflow/.local/lib/python3.12/site-packages/airflow/example_dags/example_xcom.py
[2024-11-18T06:01:34.000+0000] {processor.py:914} INFO - Processing file /home/airflow/.local/lib/python3.12/site-packages/airflow/example_dags/example_xcom.py for tasks to queue
[2024-11-18T06:01:34.004+0000] {logging_mixin.py:190} INFO - [2024-11-18T06:01:34.003+0000] {dagbag.py:588} INFO - Filling up the DagBag from /home/airflow/.local/lib/python3.12/site-packages/airflow/example_dags/example_xcom.py
[2024-11-18T06:01:34.018+0000] {processor.py:925} INFO - DAG(s) 'example_xcom' retrieved from /home/airflow/.local/lib/python3.12/site-packages/airflow/example_dags/example_xcom.py
[2024-11-18T06:01:34.047+0000] {logging_mixin.py:190} INFO - [2024-11-18T06:01:34.047+0000] {dag.py:3239} INFO - Sync 1 DAGs
[2024-11-18T06:01:34.075+0000] {logging_mixin.py:190} INFO - [2024-11-18T06:01:34.075+0000] {dag.py:4180} INFO - Setting next_dagrun for example_xcom to 2021-01-01 00:00:00+00:00, run_after=2021-01-01 00:00:00+00:00
[2024-11-18T06:01:34.104+0000] {processor.py:208} INFO - Processing /home/airflow/.local/lib/python3.12/site-packages/airflow/example_dags/example_xcom.py took 0.113 seconds
[2024-11-18T06:02:04.717+0000] {processor.py:186} INFO - Started process (PID=1600) to work on /home/airflow/.local/lib/python3.12/site-packages/airflow/example_dags/example_xcom.py
[2024-11-18T06:02:04.724+0000] {processor.py:914} INFO - Processing file /home/airflow/.local/lib/python3.12/site-packages/airflow/example_dags/example_xcom.py for tasks to queue
[2024-11-18T06:02:04.729+0000] {logging_mixin.py:190} INFO - [2024-11-18T06:02:04.728+0000] {dagbag.py:588} INFO - Filling up the DagBag from /home/airflow/.local/lib/python3.12/site-packages/airflow/example_dags/example_xcom.py
[2024-11-18T06:02:04.744+0000] {processor.py:925} INFO - DAG(s) 'example_xcom' retrieved from /home/airflow/.local/lib/python3.12/site-packages/airflow/example_dags/example_xcom.py
[2024-11-18T06:02:04.769+0000] {logging_mixin.py:190} INFO - [2024-11-18T06:02:04.769+0000] {dag.py:3239} INFO - Sync 1 DAGs
[2024-11-18T06:02:04.800+0000] {logging_mixin.py:190} INFO - [2024-11-18T06:02:04.799+0000] {dag.py:4180} INFO - Setting next_dagrun for example_xcom to 2021-01-01 00:00:00+00:00, run_after=2021-01-01 00:00:00+00:00
[2024-11-18T06:02:04.843+0000] {processor.py:208} INFO - Processing /home/airflow/.local/lib/python3.12/site-packages/airflow/example_dags/example_xcom.py took 0.135 seconds
[2024-11-18T06:02:35.709+0000] {processor.py:186} INFO - Started process (PID=1665) to work on /home/airflow/.local/lib/python3.12/site-packages/airflow/example_dags/example_xcom.py
[2024-11-18T06:02:35.711+0000] {processor.py:914} INFO - Processing file /home/airflow/.local/lib/python3.12/site-packages/airflow/example_dags/example_xcom.py for tasks to queue
[2024-11-18T06:02:35.713+0000] {logging_mixin.py:190} INFO - [2024-11-18T06:02:35.713+0000] {dagbag.py:588} INFO - Filling up the DagBag from /home/airflow/.local/lib/python3.12/site-packages/airflow/example_dags/example_xcom.py
[2024-11-18T06:02:35.724+0000] {processor.py:925} INFO - DAG(s) 'example_xcom' retrieved from /home/airflow/.local/lib/python3.12/site-packages/airflow/example_dags/example_xcom.py
[2024-11-18T06:02:35.747+0000] {logging_mixin.py:190} INFO - [2024-11-18T06:02:35.746+0000] {dag.py:3239} INFO - Sync 1 DAGs
[2024-11-18T06:02:35.773+0000] {logging_mixin.py:190} INFO - [2024-11-18T06:02:35.773+0000] {dag.py:4180} INFO - Setting next_dagrun for example_xcom to 2021-01-01 00:00:00+00:00, run_after=2021-01-01 00:00:00+00:00
[2024-11-18T06:02:35.801+0000] {processor.py:208} INFO - Processing /home/airflow/.local/lib/python3.12/site-packages/airflow/example_dags/example_xcom.py took 0.098 seconds
[2024-11-18T06:03:06.149+0000] {processor.py:186} INFO - Started process (PID=1728) to work on /home/airflow/.local/lib/python3.12/site-packages/airflow/example_dags/example_xcom.py
[2024-11-18T06:03:06.152+0000] {processor.py:914} INFO - Processing file /home/airflow/.local/lib/python3.12/site-packages/airflow/example_dags/example_xcom.py for tasks to queue
[2024-11-18T06:03:06.155+0000] {logging_mixin.py:190} INFO - [2024-11-18T06:03:06.155+0000] {dagbag.py:588} INFO - Filling up the DagBag from /home/airflow/.local/lib/python3.12/site-packages/airflow/example_dags/example_xcom.py
[2024-11-18T06:03:06.168+0000] {processor.py:925} INFO - DAG(s) 'example_xcom' retrieved from /home/airflow/.local/lib/python3.12/site-packages/airflow/example_dags/example_xcom.py
[2024-11-18T06:03:06.197+0000] {logging_mixin.py:190} INFO - [2024-11-18T06:03:06.196+0000] {dag.py:3239} INFO - Sync 1 DAGs
[2024-11-18T06:03:06.231+0000] {logging_mixin.py:190} INFO - [2024-11-18T06:03:06.230+0000] {dag.py:4180} INFO - Setting next_dagrun for example_xcom to 2021-01-01 00:00:00+00:00, run_after=2021-01-01 00:00:00+00:00
[2024-11-18T06:03:06.263+0000] {processor.py:208} INFO - Processing /home/airflow/.local/lib/python3.12/site-packages/airflow/example_dags/example_xcom.py took 0.121 seconds
[2024-11-18T06:03:37.214+0000] {processor.py:186} INFO - Started process (PID=1792) to work on /home/airflow/.local/lib/python3.12/site-packages/airflow/example_dags/example_xcom.py
[2024-11-18T06:03:37.215+0000] {processor.py:914} INFO - Processing file /home/airflow/.local/lib/python3.12/site-packages/airflow/example_dags/example_xcom.py for tasks to queue
[2024-11-18T06:03:37.218+0000] {logging_mixin.py:190} INFO - [2024-11-18T06:03:37.218+0000] {dagbag.py:588} INFO - Filling up the DagBag from /home/airflow/.local/lib/python3.12/site-packages/airflow/example_dags/example_xcom.py
[2024-11-18T06:03:37.229+0000] {processor.py:925} INFO - DAG(s) 'example_xcom' retrieved from /home/airflow/.local/lib/python3.12/site-packages/airflow/example_dags/example_xcom.py
[2024-11-18T06:03:37.254+0000] {logging_mixin.py:190} INFO - [2024-11-18T06:03:37.254+0000] {dag.py:3239} INFO - Sync 1 DAGs
[2024-11-18T06:03:37.284+0000] {logging_mixin.py:190} INFO - [2024-11-18T06:03:37.284+0000] {dag.py:4180} INFO - Setting next_dagrun for example_xcom to 2021-01-01 00:00:00+00:00, run_after=2021-01-01 00:00:00+00:00
[2024-11-18T06:03:37.308+0000] {processor.py:208} INFO - Processing /home/airflow/.local/lib/python3.12/site-packages/airflow/example_dags/example_xcom.py took 0.102 seconds
[2024-11-18T06:04:07.404+0000] {processor.py:186} INFO - Started process (PID=1856) to work on /home/airflow/.local/lib/python3.12/site-packages/airflow/example_dags/example_xcom.py
[2024-11-18T06:04:07.405+0000] {processor.py:914} INFO - Processing file /home/airflow/.local/lib/python3.12/site-packages/airflow/example_dags/example_xcom.py for tasks to queue
[2024-11-18T06:04:07.408+0000] {logging_mixin.py:190} INFO - [2024-11-18T06:04:07.408+0000] {dagbag.py:588} INFO - Filling up the DagBag from /home/airflow/.local/lib/python3.12/site-packages/airflow/example_dags/example_xcom.py
[2024-11-18T06:04:07.421+0000] {processor.py:925} INFO - DAG(s) 'example_xcom' retrieved from /home/airflow/.local/lib/python3.12/site-packages/airflow/example_dags/example_xcom.py
[2024-11-18T06:04:07.447+0000] {logging_mixin.py:190} INFO - [2024-11-18T06:04:07.447+0000] {dag.py:3239} INFO - Sync 1 DAGs
[2024-11-18T06:04:07.479+0000] {logging_mixin.py:190} INFO - [2024-11-18T06:04:07.479+0000] {dag.py:4180} INFO - Setting next_dagrun for example_xcom to 2021-01-01 00:00:00+00:00, run_after=2021-01-01 00:00:00+00:00
[2024-11-18T06:04:07.509+0000] {processor.py:208} INFO - Processing /home/airflow/.local/lib/python3.12/site-packages/airflow/example_dags/example_xcom.py took 0.109 seconds
[2024-11-18T06:04:37.624+0000] {processor.py:186} INFO - Started process (PID=1920) to work on /home/airflow/.local/lib/python3.12/site-packages/airflow/example_dags/example_xcom.py
[2024-11-18T06:04:37.625+0000] {processor.py:914} INFO - Processing file /home/airflow/.local/lib/python3.12/site-packages/airflow/example_dags/example_xcom.py for tasks to queue
[2024-11-18T06:04:37.627+0000] {logging_mixin.py:190} INFO - [2024-11-18T06:04:37.627+0000] {dagbag.py:588} INFO - Filling up the DagBag from /home/airflow/.local/lib/python3.12/site-packages/airflow/example_dags/example_xcom.py
[2024-11-18T06:04:37.635+0000] {processor.py:925} INFO - DAG(s) 'example_xcom' retrieved from /home/airflow/.local/lib/python3.12/site-packages/airflow/example_dags/example_xcom.py
[2024-11-18T06:04:37.654+0000] {logging_mixin.py:190} INFO - [2024-11-18T06:04:37.653+0000] {dag.py:3239} INFO - Sync 1 DAGs
[2024-11-18T06:04:37.672+0000] {logging_mixin.py:190} INFO - [2024-11-18T06:04:37.672+0000] {dag.py:4180} INFO - Setting next_dagrun for example_xcom to 2021-01-01 00:00:00+00:00, run_after=2021-01-01 00:00:00+00:00
[2024-11-18T06:04:37.688+0000] {processor.py:208} INFO - Processing /home/airflow/.local/lib/python3.12/site-packages/airflow/example_dags/example_xcom.py took 0.069 seconds
[2024-11-18T06:05:08.065+0000] {processor.py:186} INFO - Started process (PID=1984) to work on /home/airflow/.local/lib/python3.12/site-packages/airflow/example_dags/example_xcom.py
[2024-11-18T06:05:08.067+0000] {processor.py:914} INFO - Processing file /home/airflow/.local/lib/python3.12/site-packages/airflow/example_dags/example_xcom.py for tasks to queue
[2024-11-18T06:05:08.069+0000] {logging_mixin.py:190} INFO - [2024-11-18T06:05:08.069+0000] {dagbag.py:588} INFO - Filling up the DagBag from /home/airflow/.local/lib/python3.12/site-packages/airflow/example_dags/example_xcom.py
[2024-11-18T06:05:08.076+0000] {processor.py:925} INFO - DAG(s) 'example_xcom' retrieved from /home/airflow/.local/lib/python3.12/site-packages/airflow/example_dags/example_xcom.py
[2024-11-18T06:05:08.094+0000] {logging_mixin.py:190} INFO - [2024-11-18T06:05:08.094+0000] {dag.py:3239} INFO - Sync 1 DAGs
[2024-11-18T06:05:08.113+0000] {logging_mixin.py:190} INFO - [2024-11-18T06:05:08.113+0000] {dag.py:4180} INFO - Setting next_dagrun for example_xcom to 2021-01-01 00:00:00+00:00, run_after=2021-01-01 00:00:00+00:00
[2024-11-18T06:05:08.130+0000] {processor.py:208} INFO - Processing /home/airflow/.local/lib/python3.12/site-packages/airflow/example_dags/example_xcom.py took 0.069 seconds
[2024-11-18T06:05:39.352+0000] {processor.py:186} INFO - Started process (PID=2048) to work on /home/airflow/.local/lib/python3.12/site-packages/airflow/example_dags/example_xcom.py
[2024-11-18T06:05:39.353+0000] {processor.py:914} INFO - Processing file /home/airflow/.local/lib/python3.12/site-packages/airflow/example_dags/example_xcom.py for tasks to queue
[2024-11-18T06:05:39.356+0000] {logging_mixin.py:190} INFO - [2024-11-18T06:05:39.355+0000] {dagbag.py:588} INFO - Filling up the DagBag from /home/airflow/.local/lib/python3.12/site-packages/airflow/example_dags/example_xcom.py
[2024-11-18T06:05:39.363+0000] {processor.py:925} INFO - DAG(s) 'example_xcom' retrieved from /home/airflow/.local/lib/python3.12/site-packages/airflow/example_dags/example_xcom.py
[2024-11-18T06:05:39.381+0000] {logging_mixin.py:190} INFO - [2024-11-18T06:05:39.381+0000] {dag.py:3239} INFO - Sync 1 DAGs
[2024-11-18T06:05:39.402+0000] {logging_mixin.py:190} INFO - [2024-11-18T06:05:39.402+0000] {dag.py:4180} INFO - Setting next_dagrun for example_xcom to 2021-01-01 00:00:00+00:00, run_after=2021-01-01 00:00:00+00:00
[2024-11-18T06:05:39.418+0000] {processor.py:208} INFO - Processing /home/airflow/.local/lib/python3.12/site-packages/airflow/example_dags/example_xcom.py took 0.070 seconds
[2024-11-18T06:06:10.620+0000] {processor.py:186} INFO - Started process (PID=2112) to work on /home/airflow/.local/lib/python3.12/site-packages/airflow/example_dags/example_xcom.py
[2024-11-18T06:06:10.622+0000] {processor.py:914} INFO - Processing file /home/airflow/.local/lib/python3.12/site-packages/airflow/example_dags/example_xcom.py for tasks to queue
[2024-11-18T06:06:10.624+0000] {logging_mixin.py:190} INFO - [2024-11-18T06:06:10.623+0000] {dagbag.py:588} INFO - Filling up the DagBag from /home/airflow/.local/lib/python3.12/site-packages/airflow/example_dags/example_xcom.py
[2024-11-18T06:06:10.630+0000] {processor.py:925} INFO - DAG(s) 'example_xcom' retrieved from /home/airflow/.local/lib/python3.12/site-packages/airflow/example_dags/example_xcom.py
[2024-11-18T06:06:10.647+0000] {logging_mixin.py:190} INFO - [2024-11-18T06:06:10.647+0000] {dag.py:3239} INFO - Sync 1 DAGs
[2024-11-18T06:06:10.664+0000] {logging_mixin.py:190} INFO - [2024-11-18T06:06:10.663+0000] {dag.py:4180} INFO - Setting next_dagrun for example_xcom to 2021-01-01 00:00:00+00:00, run_after=2021-01-01 00:00:00+00:00
[2024-11-18T06:06:10.678+0000] {processor.py:208} INFO - Processing /home/airflow/.local/lib/python3.12/site-packages/airflow/example_dags/example_xcom.py took 0.062 seconds
[2024-11-18T06:06:41.549+0000] {processor.py:186} INFO - Started process (PID=2176) to work on /home/airflow/.local/lib/python3.12/site-packages/airflow/example_dags/example_xcom.py
[2024-11-18T06:06:41.550+0000] {processor.py:914} INFO - Processing file /home/airflow/.local/lib/python3.12/site-packages/airflow/example_dags/example_xcom.py for tasks to queue
[2024-11-18T06:06:41.552+0000] {logging_mixin.py:190} INFO - [2024-11-18T06:06:41.551+0000] {dagbag.py:588} INFO - Filling up the DagBag from /home/airflow/.local/lib/python3.12/site-packages/airflow/example_dags/example_xcom.py
[2024-11-18T06:06:41.559+0000] {processor.py:925} INFO - DAG(s) 'example_xcom' retrieved from /home/airflow/.local/lib/python3.12/site-packages/airflow/example_dags/example_xcom.py
[2024-11-18T06:06:41.574+0000] {logging_mixin.py:190} INFO - [2024-11-18T06:06:41.574+0000] {dag.py:3239} INFO - Sync 1 DAGs
[2024-11-18T06:06:41.591+0000] {logging_mixin.py:190} INFO - [2024-11-18T06:06:41.590+0000] {dag.py:4180} INFO - Setting next_dagrun for example_xcom to 2021-01-01 00:00:00+00:00, run_after=2021-01-01 00:00:00+00:00
[2024-11-18T06:06:41.606+0000] {processor.py:208} INFO - Processing /home/airflow/.local/lib/python3.12/site-packages/airflow/example_dags/example_xcom.py took 0.061 seconds
[2024-11-18T06:07:12.365+0000] {processor.py:186} INFO - Started process (PID=2221) to work on /home/airflow/.local/lib/python3.12/site-packages/airflow/example_dags/example_xcom.py
[2024-11-18T06:07:12.366+0000] {processor.py:914} INFO - Processing file /home/airflow/.local/lib/python3.12/site-packages/airflow/example_dags/example_xcom.py for tasks to queue
[2024-11-18T06:07:12.367+0000] {logging_mixin.py:190} INFO - [2024-11-18T06:07:12.367+0000] {dagbag.py:588} INFO - Filling up the DagBag from /home/airflow/.local/lib/python3.12/site-packages/airflow/example_dags/example_xcom.py
[2024-11-18T06:07:12.375+0000] {processor.py:925} INFO - DAG(s) 'example_xcom' retrieved from /home/airflow/.local/lib/python3.12/site-packages/airflow/example_dags/example_xcom.py
[2024-11-18T06:07:12.390+0000] {logging_mixin.py:190} INFO - [2024-11-18T06:07:12.390+0000] {dag.py:3239} INFO - Sync 1 DAGs
[2024-11-18T06:07:12.407+0000] {logging_mixin.py:190} INFO - [2024-11-18T06:07:12.406+0000] {dag.py:4180} INFO - Setting next_dagrun for example_xcom to 2021-01-01 00:00:00+00:00, run_after=2021-01-01 00:00:00+00:00
[2024-11-18T06:07:12.421+0000] {processor.py:208} INFO - Processing /home/airflow/.local/lib/python3.12/site-packages/airflow/example_dags/example_xcom.py took 0.060 seconds
[2024-11-18T06:07:43.554+0000] {processor.py:186} INFO - Started process (PID=2285) to work on /home/airflow/.local/lib/python3.12/site-packages/airflow/example_dags/example_xcom.py
[2024-11-18T06:07:43.556+0000] {processor.py:914} INFO - Processing file /home/airflow/.local/lib/python3.12/site-packages/airflow/example_dags/example_xcom.py for tasks to queue
[2024-11-18T06:07:43.558+0000] {logging_mixin.py:190} INFO - [2024-11-18T06:07:43.557+0000] {dagbag.py:588} INFO - Filling up the DagBag from /home/airflow/.local/lib/python3.12/site-packages/airflow/example_dags/example_xcom.py
[2024-11-18T06:07:43.564+0000] {processor.py:925} INFO - DAG(s) 'example_xcom' retrieved from /home/airflow/.local/lib/python3.12/site-packages/airflow/example_dags/example_xcom.py
[2024-11-18T06:07:43.579+0000] {logging_mixin.py:190} INFO - [2024-11-18T06:07:43.579+0000] {dag.py:3239} INFO - Sync 1 DAGs
[2024-11-18T06:07:43.595+0000] {logging_mixin.py:190} INFO - [2024-11-18T06:07:43.595+0000] {dag.py:4180} INFO - Setting next_dagrun for example_xcom to 2021-01-01 00:00:00+00:00, run_after=2021-01-01 00:00:00+00:00
[2024-11-18T06:07:43.608+0000] {processor.py:208} INFO - Processing /home/airflow/.local/lib/python3.12/site-packages/airflow/example_dags/example_xcom.py took 0.057 seconds
[2024-11-18T06:08:14.300+0000] {processor.py:186} INFO - Started process (PID=2349) to work on /home/airflow/.local/lib/python3.12/site-packages/airflow/example_dags/example_xcom.py
[2024-11-18T06:08:14.301+0000] {processor.py:914} INFO - Processing file /home/airflow/.local/lib/python3.12/site-packages/airflow/example_dags/example_xcom.py for tasks to queue
[2024-11-18T06:08:14.303+0000] {logging_mixin.py:190} INFO - [2024-11-18T06:08:14.303+0000] {dagbag.py:588} INFO - Filling up the DagBag from /home/airflow/.local/lib/python3.12/site-packages/airflow/example_dags/example_xcom.py
[2024-11-18T06:08:14.311+0000] {processor.py:925} INFO - DAG(s) 'example_xcom' retrieved from /home/airflow/.local/lib/python3.12/site-packages/airflow/example_dags/example_xcom.py
[2024-11-18T06:08:14.327+0000] {logging_mixin.py:190} INFO - [2024-11-18T06:08:14.327+0000] {dag.py:3239} INFO - Sync 1 DAGs
[2024-11-18T06:08:14.346+0000] {logging_mixin.py:190} INFO - [2024-11-18T06:08:14.345+0000] {dag.py:4180} INFO - Setting next_dagrun for example_xcom to 2021-01-01 00:00:00+00:00, run_after=2021-01-01 00:00:00+00:00
[2024-11-18T06:08:14.360+0000] {processor.py:208} INFO - Processing /home/airflow/.local/lib/python3.12/site-packages/airflow/example_dags/example_xcom.py took 0.064 seconds
[2024-11-18T06:08:44.543+0000] {processor.py:186} INFO - Started process (PID=2407) to work on /home/airflow/.local/lib/python3.12/site-packages/airflow/example_dags/example_xcom.py
[2024-11-18T06:08:44.544+0000] {processor.py:914} INFO - Processing file /home/airflow/.local/lib/python3.12/site-packages/airflow/example_dags/example_xcom.py for tasks to queue
[2024-11-18T06:08:44.546+0000] {logging_mixin.py:190} INFO - [2024-11-18T06:08:44.545+0000] {dagbag.py:588} INFO - Filling up the DagBag from /home/airflow/.local/lib/python3.12/site-packages/airflow/example_dags/example_xcom.py
[2024-11-18T06:08:44.552+0000] {processor.py:925} INFO - DAG(s) 'example_xcom' retrieved from /home/airflow/.local/lib/python3.12/site-packages/airflow/example_dags/example_xcom.py
[2024-11-18T06:08:44.568+0000] {logging_mixin.py:190} INFO - [2024-11-18T06:08:44.567+0000] {dag.py:3239} INFO - Sync 1 DAGs
[2024-11-18T06:08:44.583+0000] {logging_mixin.py:190} INFO - [2024-11-18T06:08:44.583+0000] {dag.py:4180} INFO - Setting next_dagrun for example_xcom to 2021-01-01 00:00:00+00:00, run_after=2021-01-01 00:00:00+00:00
[2024-11-18T06:08:44.598+0000] {processor.py:208} INFO - Processing /home/airflow/.local/lib/python3.12/site-packages/airflow/example_dags/example_xcom.py took 0.059 seconds
[2024-11-18T06:09:14.760+0000] {processor.py:186} INFO - Started process (PID=2464) to work on /home/airflow/.local/lib/python3.12/site-packages/airflow/example_dags/example_xcom.py
[2024-11-18T06:09:14.761+0000] {processor.py:914} INFO - Processing file /home/airflow/.local/lib/python3.12/site-packages/airflow/example_dags/example_xcom.py for tasks to queue
[2024-11-18T06:09:14.763+0000] {logging_mixin.py:190} INFO - [2024-11-18T06:09:14.762+0000] {dagbag.py:588} INFO - Filling up the DagBag from /home/airflow/.local/lib/python3.12/site-packages/airflow/example_dags/example_xcom.py
[2024-11-18T06:09:14.769+0000] {processor.py:925} INFO - DAG(s) 'example_xcom' retrieved from /home/airflow/.local/lib/python3.12/site-packages/airflow/example_dags/example_xcom.py
[2024-11-18T06:09:14.785+0000] {logging_mixin.py:190} INFO - [2024-11-18T06:09:14.784+0000] {dag.py:3239} INFO - Sync 1 DAGs
[2024-11-18T06:09:14.801+0000] {logging_mixin.py:190} INFO - [2024-11-18T06:09:14.801+0000] {dag.py:4180} INFO - Setting next_dagrun for example_xcom to 2021-01-01 00:00:00+00:00, run_after=2021-01-01 00:00:00+00:00
[2024-11-18T06:09:14.819+0000] {processor.py:208} INFO - Processing /home/airflow/.local/lib/python3.12/site-packages/airflow/example_dags/example_xcom.py took 0.063 seconds
[2024-11-18T06:09:45.340+0000] {processor.py:186} INFO - Started process (PID=2528) to work on /home/airflow/.local/lib/python3.12/site-packages/airflow/example_dags/example_xcom.py
[2024-11-18T06:09:45.342+0000] {processor.py:914} INFO - Processing file /home/airflow/.local/lib/python3.12/site-packages/airflow/example_dags/example_xcom.py for tasks to queue
[2024-11-18T06:09:45.346+0000] {logging_mixin.py:190} INFO - [2024-11-18T06:09:45.346+0000] {dagbag.py:588} INFO - Filling up the DagBag from /home/airflow/.local/lib/python3.12/site-packages/airflow/example_dags/example_xcom.py
[2024-11-18T06:09:45.358+0000] {processor.py:925} INFO - DAG(s) 'example_xcom' retrieved from /home/airflow/.local/lib/python3.12/site-packages/airflow/example_dags/example_xcom.py
[2024-11-18T06:09:45.377+0000] {logging_mixin.py:190} INFO - [2024-11-18T06:09:45.377+0000] {dag.py:3239} INFO - Sync 1 DAGs
[2024-11-18T06:09:45.395+0000] {logging_mixin.py:190} INFO - [2024-11-18T06:09:45.395+0000] {dag.py:4180} INFO - Setting next_dagrun for example_xcom to 2021-01-01 00:00:00+00:00, run_after=2021-01-01 00:00:00+00:00
[2024-11-18T06:09:45.411+0000] {processor.py:208} INFO - Processing /home/airflow/.local/lib/python3.12/site-packages/airflow/example_dags/example_xcom.py took 0.080 seconds
[2024-11-18T06:10:15.513+0000] {processor.py:186} INFO - Started process (PID=2592) to work on /home/airflow/.local/lib/python3.12/site-packages/airflow/example_dags/example_xcom.py
[2024-11-18T06:10:15.513+0000] {processor.py:914} INFO - Processing file /home/airflow/.local/lib/python3.12/site-packages/airflow/example_dags/example_xcom.py for tasks to queue
[2024-11-18T06:10:15.515+0000] {logging_mixin.py:190} INFO - [2024-11-18T06:10:15.515+0000] {dagbag.py:588} INFO - Filling up the DagBag from /home/airflow/.local/lib/python3.12/site-packages/airflow/example_dags/example_xcom.py
[2024-11-18T06:10:15.524+0000] {processor.py:925} INFO - DAG(s) 'example_xcom' retrieved from /home/airflow/.local/lib/python3.12/site-packages/airflow/example_dags/example_xcom.py
[2024-11-18T06:10:15.544+0000] {logging_mixin.py:190} INFO - [2024-11-18T06:10:15.544+0000] {dag.py:3239} INFO - Sync 1 DAGs
[2024-11-18T06:10:15.567+0000] {logging_mixin.py:190} INFO - [2024-11-18T06:10:15.567+0000] {dag.py:4180} INFO - Setting next_dagrun for example_xcom to 2021-01-01 00:00:00+00:00, run_after=2021-01-01 00:00:00+00:00
[2024-11-18T06:10:15.591+0000] {processor.py:208} INFO - Processing /home/airflow/.local/lib/python3.12/site-packages/airflow/example_dags/example_xcom.py took 0.082 seconds
[2024-11-18T06:10:46.034+0000] {processor.py:186} INFO - Started process (PID=2655) to work on /home/airflow/.local/lib/python3.12/site-packages/airflow/example_dags/example_xcom.py
[2024-11-18T06:10:46.035+0000] {processor.py:914} INFO - Processing file /home/airflow/.local/lib/python3.12/site-packages/airflow/example_dags/example_xcom.py for tasks to queue
[2024-11-18T06:10:46.039+0000] {logging_mixin.py:190} INFO - [2024-11-18T06:10:46.039+0000] {dagbag.py:588} INFO - Filling up the DagBag from /home/airflow/.local/lib/python3.12/site-packages/airflow/example_dags/example_xcom.py
[2024-11-18T06:10:46.052+0000] {processor.py:925} INFO - DAG(s) 'example_xcom' retrieved from /home/airflow/.local/lib/python3.12/site-packages/airflow/example_dags/example_xcom.py
[2024-11-18T06:10:46.080+0000] {logging_mixin.py:190} INFO - [2024-11-18T06:10:46.080+0000] {dag.py:3239} INFO - Sync 1 DAGs
[2024-11-18T06:10:46.116+0000] {logging_mixin.py:190} INFO - [2024-11-18T06:10:46.115+0000] {dag.py:4180} INFO - Setting next_dagrun for example_xcom to 2021-01-01 00:00:00+00:00, run_after=2021-01-01 00:00:00+00:00
[2024-11-18T06:10:46.140+0000] {processor.py:208} INFO - Processing /home/airflow/.local/lib/python3.12/site-packages/airflow/example_dags/example_xcom.py took 0.113 seconds
[2024-11-18T06:11:16.471+0000] {processor.py:186} INFO - Started process (PID=2719) to work on /home/airflow/.local/lib/python3.12/site-packages/airflow/example_dags/example_xcom.py
[2024-11-18T06:11:16.472+0000] {processor.py:914} INFO - Processing file /home/airflow/.local/lib/python3.12/site-packages/airflow/example_dags/example_xcom.py for tasks to queue
[2024-11-18T06:11:16.474+0000] {logging_mixin.py:190} INFO - [2024-11-18T06:11:16.473+0000] {dagbag.py:588} INFO - Filling up the DagBag from /home/airflow/.local/lib/python3.12/site-packages/airflow/example_dags/example_xcom.py
[2024-11-18T06:11:16.481+0000] {processor.py:925} INFO - DAG(s) 'example_xcom' retrieved from /home/airflow/.local/lib/python3.12/site-packages/airflow/example_dags/example_xcom.py
[2024-11-18T06:11:16.499+0000] {logging_mixin.py:190} INFO - [2024-11-18T06:11:16.499+0000] {dag.py:3239} INFO - Sync 1 DAGs
[2024-11-18T06:11:16.519+0000] {logging_mixin.py:190} INFO - [2024-11-18T06:11:16.518+0000] {dag.py:4180} INFO - Setting next_dagrun for example_xcom to 2021-01-01 00:00:00+00:00, run_after=2021-01-01 00:00:00+00:00
[2024-11-18T06:11:16.535+0000] {processor.py:208} INFO - Processing /home/airflow/.local/lib/python3.12/site-packages/airflow/example_dags/example_xcom.py took 0.068 seconds
[2024-11-18T06:11:46.778+0000] {processor.py:186} INFO - Started process (PID=2782) to work on /home/airflow/.local/lib/python3.12/site-packages/airflow/example_dags/example_xcom.py
[2024-11-18T06:11:46.779+0000] {processor.py:914} INFO - Processing file /home/airflow/.local/lib/python3.12/site-packages/airflow/example_dags/example_xcom.py for tasks to queue
[2024-11-18T06:11:46.781+0000] {logging_mixin.py:190} INFO - [2024-11-18T06:11:46.781+0000] {dagbag.py:588} INFO - Filling up the DagBag from /home/airflow/.local/lib/python3.12/site-packages/airflow/example_dags/example_xcom.py
[2024-11-18T06:11:46.789+0000] {processor.py:925} INFO - DAG(s) 'example_xcom' retrieved from /home/airflow/.local/lib/python3.12/site-packages/airflow/example_dags/example_xcom.py
[2024-11-18T06:11:46.808+0000] {logging_mixin.py:190} INFO - [2024-11-18T06:11:46.808+0000] {dag.py:3239} INFO - Sync 1 DAGs
[2024-11-18T06:11:46.827+0000] {logging_mixin.py:190} INFO - [2024-11-18T06:11:46.827+0000] {dag.py:4180} INFO - Setting next_dagrun for example_xcom to 2021-01-01 00:00:00+00:00, run_after=2021-01-01 00:00:00+00:00
[2024-11-18T06:11:46.844+0000] {processor.py:208} INFO - Processing /home/airflow/.local/lib/python3.12/site-packages/airflow/example_dags/example_xcom.py took 0.071 seconds
[2024-11-18T06:12:17.294+0000] {processor.py:186} INFO - Started process (PID=2846) to work on /home/airflow/.local/lib/python3.12/site-packages/airflow/example_dags/example_xcom.py
[2024-11-18T06:12:17.295+0000] {processor.py:914} INFO - Processing file /home/airflow/.local/lib/python3.12/site-packages/airflow/example_dags/example_xcom.py for tasks to queue
[2024-11-18T06:12:17.297+0000] {logging_mixin.py:190} INFO - [2024-11-18T06:12:17.297+0000] {dagbag.py:588} INFO - Filling up the DagBag from /home/airflow/.local/lib/python3.12/site-packages/airflow/example_dags/example_xcom.py
[2024-11-18T06:12:17.304+0000] {processor.py:925} INFO - DAG(s) 'example_xcom' retrieved from /home/airflow/.local/lib/python3.12/site-packages/airflow/example_dags/example_xcom.py
[2024-11-18T06:12:17.322+0000] {logging_mixin.py:190} INFO - [2024-11-18T06:12:17.322+0000] {dag.py:3239} INFO - Sync 1 DAGs
[2024-11-18T06:12:17.340+0000] {logging_mixin.py:190} INFO - [2024-11-18T06:12:17.340+0000] {dag.py:4180} INFO - Setting next_dagrun for example_xcom to 2021-01-01 00:00:00+00:00, run_after=2021-01-01 00:00:00+00:00
[2024-11-18T06:12:17.355+0000] {processor.py:208} INFO - Processing /home/airflow/.local/lib/python3.12/site-packages/airflow/example_dags/example_xcom.py took 0.066 seconds
[2024-11-18T06:12:47.544+0000] {processor.py:186} INFO - Started process (PID=2910) to work on /home/airflow/.local/lib/python3.12/site-packages/airflow/example_dags/example_xcom.py
[2024-11-18T06:12:47.545+0000] {processor.py:914} INFO - Processing file /home/airflow/.local/lib/python3.12/site-packages/airflow/example_dags/example_xcom.py for tasks to queue
[2024-11-18T06:12:47.548+0000] {logging_mixin.py:190} INFO - [2024-11-18T06:12:47.548+0000] {dagbag.py:588} INFO - Filling up the DagBag from /home/airflow/.local/lib/python3.12/site-packages/airflow/example_dags/example_xcom.py
[2024-11-18T06:12:47.555+0000] {processor.py:925} INFO - DAG(s) 'example_xcom' retrieved from /home/airflow/.local/lib/python3.12/site-packages/airflow/example_dags/example_xcom.py
[2024-11-18T06:12:47.573+0000] {logging_mixin.py:190} INFO - [2024-11-18T06:12:47.572+0000] {dag.py:3239} INFO - Sync 1 DAGs
[2024-11-18T06:12:47.593+0000] {logging_mixin.py:190} INFO - [2024-11-18T06:12:47.593+0000] {dag.py:4180} INFO - Setting next_dagrun for example_xcom to 2021-01-01 00:00:00+00:00, run_after=2021-01-01 00:00:00+00:00
[2024-11-18T06:12:47.609+0000] {processor.py:208} INFO - Processing /home/airflow/.local/lib/python3.12/site-packages/airflow/example_dags/example_xcom.py took 0.068 seconds
[2024-11-18T06:13:17.872+0000] {processor.py:186} INFO - Started process (PID=2974) to work on /home/airflow/.local/lib/python3.12/site-packages/airflow/example_dags/example_xcom.py
[2024-11-18T06:13:17.873+0000] {processor.py:914} INFO - Processing file /home/airflow/.local/lib/python3.12/site-packages/airflow/example_dags/example_xcom.py for tasks to queue
[2024-11-18T06:13:17.876+0000] {logging_mixin.py:190} INFO - [2024-11-18T06:13:17.875+0000] {dagbag.py:588} INFO - Filling up the DagBag from /home/airflow/.local/lib/python3.12/site-packages/airflow/example_dags/example_xcom.py
[2024-11-18T06:13:17.882+0000] {processor.py:925} INFO - DAG(s) 'example_xcom' retrieved from /home/airflow/.local/lib/python3.12/site-packages/airflow/example_dags/example_xcom.py
[2024-11-18T06:13:17.902+0000] {logging_mixin.py:190} INFO - [2024-11-18T06:13:17.901+0000] {dag.py:3239} INFO - Sync 1 DAGs
[2024-11-18T06:13:17.921+0000] {logging_mixin.py:190} INFO - [2024-11-18T06:13:17.921+0000] {dag.py:4180} INFO - Setting next_dagrun for example_xcom to 2021-01-01 00:00:00+00:00, run_after=2021-01-01 00:00:00+00:00
[2024-11-18T06:13:17.939+0000] {processor.py:208} INFO - Processing /home/airflow/.local/lib/python3.12/site-packages/airflow/example_dags/example_xcom.py took 0.071 seconds
[2024-11-18T06:13:48.362+0000] {processor.py:186} INFO - Started process (PID=3038) to work on /home/airflow/.local/lib/python3.12/site-packages/airflow/example_dags/example_xcom.py
[2024-11-18T06:13:48.364+0000] {processor.py:914} INFO - Processing file /home/airflow/.local/lib/python3.12/site-packages/airflow/example_dags/example_xcom.py for tasks to queue
[2024-11-18T06:13:48.366+0000] {logging_mixin.py:190} INFO - [2024-11-18T06:13:48.366+0000] {dagbag.py:588} INFO - Filling up the DagBag from /home/airflow/.local/lib/python3.12/site-packages/airflow/example_dags/example_xcom.py
[2024-11-18T06:13:48.373+0000] {processor.py:925} INFO - DAG(s) 'example_xcom' retrieved from /home/airflow/.local/lib/python3.12/site-packages/airflow/example_dags/example_xcom.py
[2024-11-18T06:13:48.393+0000] {logging_mixin.py:190} INFO - [2024-11-18T06:13:48.393+0000] {dag.py:3239} INFO - Sync 1 DAGs
[2024-11-18T06:13:48.414+0000] {logging_mixin.py:190} INFO - [2024-11-18T06:13:48.413+0000] {dag.py:4180} INFO - Setting next_dagrun for example_xcom to 2021-01-01 00:00:00+00:00, run_after=2021-01-01 00:00:00+00:00
[2024-11-18T06:13:48.431+0000] {processor.py:208} INFO - Processing /home/airflow/.local/lib/python3.12/site-packages/airflow/example_dags/example_xcom.py took 0.073 seconds
[2024-11-18T06:14:18.758+0000] {processor.py:186} INFO - Started process (PID=3102) to work on /home/airflow/.local/lib/python3.12/site-packages/airflow/example_dags/example_xcom.py
[2024-11-18T06:14:18.759+0000] {processor.py:914} INFO - Processing file /home/airflow/.local/lib/python3.12/site-packages/airflow/example_dags/example_xcom.py for tasks to queue
[2024-11-18T06:14:18.761+0000] {logging_mixin.py:190} INFO - [2024-11-18T06:14:18.761+0000] {dagbag.py:588} INFO - Filling up the DagBag from /home/airflow/.local/lib/python3.12/site-packages/airflow/example_dags/example_xcom.py
[2024-11-18T06:14:18.768+0000] {processor.py:925} INFO - DAG(s) 'example_xcom' retrieved from /home/airflow/.local/lib/python3.12/site-packages/airflow/example_dags/example_xcom.py
[2024-11-18T06:14:18.784+0000] {logging_mixin.py:190} INFO - [2024-11-18T06:14:18.784+0000] {dag.py:3239} INFO - Sync 1 DAGs
[2024-11-18T06:14:18.804+0000] {logging_mixin.py:190} INFO - [2024-11-18T06:14:18.803+0000] {dag.py:4180} INFO - Setting next_dagrun for example_xcom to 2021-01-01 00:00:00+00:00, run_after=2021-01-01 00:00:00+00:00
[2024-11-18T06:14:18.819+0000] {processor.py:208} INFO - Processing /home/airflow/.local/lib/python3.12/site-packages/airflow/example_dags/example_xcom.py took 0.065 seconds
[2024-11-18T06:14:49.005+0000] {processor.py:186} INFO - Started process (PID=3166) to work on /home/airflow/.local/lib/python3.12/site-packages/airflow/example_dags/example_xcom.py
[2024-11-18T06:14:49.006+0000] {processor.py:914} INFO - Processing file /home/airflow/.local/lib/python3.12/site-packages/airflow/example_dags/example_xcom.py for tasks to queue
[2024-11-18T06:14:49.009+0000] {logging_mixin.py:190} INFO - [2024-11-18T06:14:49.008+0000] {dagbag.py:588} INFO - Filling up the DagBag from /home/airflow/.local/lib/python3.12/site-packages/airflow/example_dags/example_xcom.py
[2024-11-18T06:14:49.017+0000] {processor.py:925} INFO - DAG(s) 'example_xcom' retrieved from /home/airflow/.local/lib/python3.12/site-packages/airflow/example_dags/example_xcom.py
[2024-11-18T06:14:49.036+0000] {logging_mixin.py:190} INFO - [2024-11-18T06:14:49.036+0000] {dag.py:3239} INFO - Sync 1 DAGs
[2024-11-18T06:14:49.057+0000] {logging_mixin.py:190} INFO - [2024-11-18T06:14:49.057+0000] {dag.py:4180} INFO - Setting next_dagrun for example_xcom to 2021-01-01 00:00:00+00:00, run_after=2021-01-01 00:00:00+00:00
[2024-11-18T06:14:49.072+0000] {processor.py:208} INFO - Processing /home/airflow/.local/lib/python3.12/site-packages/airflow/example_dags/example_xcom.py took 0.072 seconds
[2024-11-18T06:15:19.350+0000] {processor.py:186} INFO - Started process (PID=3230) to work on /home/airflow/.local/lib/python3.12/site-packages/airflow/example_dags/example_xcom.py
[2024-11-18T06:15:19.351+0000] {processor.py:914} INFO - Processing file /home/airflow/.local/lib/python3.12/site-packages/airflow/example_dags/example_xcom.py for tasks to queue
[2024-11-18T06:15:19.354+0000] {logging_mixin.py:190} INFO - [2024-11-18T06:15:19.354+0000] {dagbag.py:588} INFO - Filling up the DagBag from /home/airflow/.local/lib/python3.12/site-packages/airflow/example_dags/example_xcom.py
[2024-11-18T06:15:19.361+0000] {processor.py:925} INFO - DAG(s) 'example_xcom' retrieved from /home/airflow/.local/lib/python3.12/site-packages/airflow/example_dags/example_xcom.py
[2024-11-18T06:15:19.380+0000] {logging_mixin.py:190} INFO - [2024-11-18T06:15:19.379+0000] {dag.py:3239} INFO - Sync 1 DAGs
[2024-11-18T06:15:19.399+0000] {logging_mixin.py:190} INFO - [2024-11-18T06:15:19.398+0000] {dag.py:4180} INFO - Setting next_dagrun for example_xcom to 2021-01-01 00:00:00+00:00, run_after=2021-01-01 00:00:00+00:00
[2024-11-18T06:15:19.417+0000] {processor.py:208} INFO - Processing /home/airflow/.local/lib/python3.12/site-packages/airflow/example_dags/example_xcom.py took 0.071 seconds
[2024-11-18T06:15:50.281+0000] {processor.py:186} INFO - Started process (PID=3294) to work on /home/airflow/.local/lib/python3.12/site-packages/airflow/example_dags/example_xcom.py
[2024-11-18T06:15:50.283+0000] {processor.py:914} INFO - Processing file /home/airflow/.local/lib/python3.12/site-packages/airflow/example_dags/example_xcom.py for tasks to queue
[2024-11-18T06:15:50.284+0000] {logging_mixin.py:190} INFO - [2024-11-18T06:15:50.284+0000] {dagbag.py:588} INFO - Filling up the DagBag from /home/airflow/.local/lib/python3.12/site-packages/airflow/example_dags/example_xcom.py
[2024-11-18T06:15:50.291+0000] {processor.py:925} INFO - DAG(s) 'example_xcom' retrieved from /home/airflow/.local/lib/python3.12/site-packages/airflow/example_dags/example_xcom.py
[2024-11-18T06:15:50.310+0000] {logging_mixin.py:190} INFO - [2024-11-18T06:15:50.309+0000] {dag.py:3239} INFO - Sync 1 DAGs
[2024-11-18T06:15:50.465+0000] {logging_mixin.py:190} INFO - [2024-11-18T06:15:50.464+0000] {dag.py:4180} INFO - Setting next_dagrun for example_xcom to 2021-01-01 00:00:00+00:00, run_after=2021-01-01 00:00:00+00:00
[2024-11-18T06:15:50.483+0000] {processor.py:208} INFO - Processing /home/airflow/.local/lib/python3.12/site-packages/airflow/example_dags/example_xcom.py took 0.206 seconds
[2024-11-18T06:16:21.337+0000] {processor.py:186} INFO - Started process (PID=3364) to work on /home/airflow/.local/lib/python3.12/site-packages/airflow/example_dags/example_xcom.py
[2024-11-18T06:16:21.339+0000] {processor.py:914} INFO - Processing file /home/airflow/.local/lib/python3.12/site-packages/airflow/example_dags/example_xcom.py for tasks to queue
[2024-11-18T06:16:21.342+0000] {logging_mixin.py:190} INFO - [2024-11-18T06:16:21.341+0000] {dagbag.py:588} INFO - Filling up the DagBag from /home/airflow/.local/lib/python3.12/site-packages/airflow/example_dags/example_xcom.py
[2024-11-18T06:16:21.351+0000] {processor.py:925} INFO - DAG(s) 'example_xcom' retrieved from /home/airflow/.local/lib/python3.12/site-packages/airflow/example_dags/example_xcom.py
[2024-11-18T06:16:21.369+0000] {logging_mixin.py:190} INFO - [2024-11-18T06:16:21.369+0000] {dag.py:3239} INFO - Sync 1 DAGs
[2024-11-18T06:16:21.388+0000] {logging_mixin.py:190} INFO - [2024-11-18T06:16:21.387+0000] {dag.py:4180} INFO - Setting next_dagrun for example_xcom to 2021-01-01 00:00:00+00:00, run_after=2021-01-01 00:00:00+00:00
[2024-11-18T06:16:21.405+0000] {processor.py:208} INFO - Processing /home/airflow/.local/lib/python3.12/site-packages/airflow/example_dags/example_xcom.py took 0.072 seconds
[2024-11-18T06:16:52.050+0000] {processor.py:186} INFO - Started process (PID=3428) to work on /home/airflow/.local/lib/python3.12/site-packages/airflow/example_dags/example_xcom.py
[2024-11-18T06:16:52.051+0000] {processor.py:914} INFO - Processing file /home/airflow/.local/lib/python3.12/site-packages/airflow/example_dags/example_xcom.py for tasks to queue
[2024-11-18T06:16:52.054+0000] {logging_mixin.py:190} INFO - [2024-11-18T06:16:52.053+0000] {dagbag.py:588} INFO - Filling up the DagBag from /home/airflow/.local/lib/python3.12/site-packages/airflow/example_dags/example_xcom.py
[2024-11-18T06:16:52.064+0000] {processor.py:925} INFO - DAG(s) 'example_xcom' retrieved from /home/airflow/.local/lib/python3.12/site-packages/airflow/example_dags/example_xcom.py
[2024-11-18T06:16:52.084+0000] {logging_mixin.py:190} INFO - [2024-11-18T06:16:52.084+0000] {dag.py:3239} INFO - Sync 1 DAGs
[2024-11-18T06:16:52.105+0000] {logging_mixin.py:190} INFO - [2024-11-18T06:16:52.105+0000] {dag.py:4180} INFO - Setting next_dagrun for example_xcom to 2021-01-01 00:00:00+00:00, run_after=2021-01-01 00:00:00+00:00
[2024-11-18T06:16:52.124+0000] {processor.py:208} INFO - Processing /home/airflow/.local/lib/python3.12/site-packages/airflow/example_dags/example_xcom.py took 0.078 seconds
[2024-11-18T06:17:22.359+0000] {processor.py:186} INFO - Started process (PID=3492) to work on /home/airflow/.local/lib/python3.12/site-packages/airflow/example_dags/example_xcom.py
[2024-11-18T06:17:22.360+0000] {processor.py:914} INFO - Processing file /home/airflow/.local/lib/python3.12/site-packages/airflow/example_dags/example_xcom.py for tasks to queue
[2024-11-18T06:17:22.361+0000] {logging_mixin.py:190} INFO - [2024-11-18T06:17:22.361+0000] {dagbag.py:588} INFO - Filling up the DagBag from /home/airflow/.local/lib/python3.12/site-packages/airflow/example_dags/example_xcom.py
[2024-11-18T06:17:22.368+0000] {processor.py:925} INFO - DAG(s) 'example_xcom' retrieved from /home/airflow/.local/lib/python3.12/site-packages/airflow/example_dags/example_xcom.py
[2024-11-18T06:17:22.506+0000] {logging_mixin.py:190} INFO - [2024-11-18T06:17:22.505+0000] {dag.py:3239} INFO - Sync 1 DAGs
[2024-11-18T06:17:22.521+0000] {logging_mixin.py:190} INFO - [2024-11-18T06:17:22.521+0000] {dag.py:4180} INFO - Setting next_dagrun for example_xcom to 2021-01-01 00:00:00+00:00, run_after=2021-01-01 00:00:00+00:00
[2024-11-18T06:17:22.536+0000] {processor.py:208} INFO - Processing /home/airflow/.local/lib/python3.12/site-packages/airflow/example_dags/example_xcom.py took 0.181 seconds
[2024-11-18T06:17:52.798+0000] {processor.py:186} INFO - Started process (PID=3556) to work on /home/airflow/.local/lib/python3.12/site-packages/airflow/example_dags/example_xcom.py
[2024-11-18T06:17:52.799+0000] {processor.py:914} INFO - Processing file /home/airflow/.local/lib/python3.12/site-packages/airflow/example_dags/example_xcom.py for tasks to queue
[2024-11-18T06:17:52.801+0000] {logging_mixin.py:190} INFO - [2024-11-18T06:17:52.801+0000] {dagbag.py:588} INFO - Filling up the DagBag from /home/airflow/.local/lib/python3.12/site-packages/airflow/example_dags/example_xcom.py
[2024-11-18T06:17:52.808+0000] {processor.py:925} INFO - DAG(s) 'example_xcom' retrieved from /home/airflow/.local/lib/python3.12/site-packages/airflow/example_dags/example_xcom.py
[2024-11-18T06:17:52.826+0000] {logging_mixin.py:190} INFO - [2024-11-18T06:17:52.826+0000] {dag.py:3239} INFO - Sync 1 DAGs
[2024-11-18T06:17:52.969+0000] {logging_mixin.py:190} INFO - [2024-11-18T06:17:52.969+0000] {dag.py:4180} INFO - Setting next_dagrun for example_xcom to 2021-01-01 00:00:00+00:00, run_after=2021-01-01 00:00:00+00:00
[2024-11-18T06:17:52.985+0000] {processor.py:208} INFO - Processing /home/airflow/.local/lib/python3.12/site-packages/airflow/example_dags/example_xcom.py took 0.191 seconds
