[2024-11-18T05:49:55.263+0000] {processor.py:186} INFO - Started process (PID=92) to work on /home/airflow/.local/lib/python3.12/site-packages/airflow/example_dags/example_latest_only_with_trigger.py
[2024-11-18T05:49:55.265+0000] {processor.py:914} INFO - Processing file /home/airflow/.local/lib/python3.12/site-packages/airflow/example_dags/example_latest_only_with_trigger.py for tasks to queue
[2024-11-18T05:49:55.268+0000] {logging_mixin.py:190} INFO - [2024-11-18T05:49:55.268+0000] {dagbag.py:588} INFO - Filling up the DagBag from /home/airflow/.local/lib/python3.12/site-packages/airflow/example_dags/example_latest_only_with_trigger.py
[2024-11-18T05:49:55.278+0000] {processor.py:925} INFO - DAG(s) 'latest_only_with_trigger' retrieved from /home/airflow/.local/lib/python3.12/site-packages/airflow/example_dags/example_latest_only_with_trigger.py
[2024-11-18T05:49:55.442+0000] {logging_mixin.py:190} INFO - [2024-11-18T05:49:55.441+0000] {override.py:1911} INFO - Created Permission View: can edit on DAG:latest_only_with_trigger
[2024-11-18T05:49:55.457+0000] {logging_mixin.py:190} INFO - [2024-11-18T05:49:55.457+0000] {override.py:1911} INFO - Created Permission View: can delete on DAG:latest_only_with_trigger
[2024-11-18T05:49:55.466+0000] {logging_mixin.py:190} INFO - [2024-11-18T05:49:55.466+0000] {override.py:1911} INFO - Created Permission View: can read on DAG:latest_only_with_trigger
[2024-11-18T05:49:55.476+0000] {logging_mixin.py:190} INFO - [2024-11-18T05:49:55.475+0000] {override.py:1911} INFO - Created Permission View: menu access on DAG Run:latest_only_with_trigger
[2024-11-18T05:49:55.483+0000] {logging_mixin.py:190} INFO - [2024-11-18T05:49:55.483+0000] {override.py:1911} INFO - Created Permission View: can delete on DAG Run:latest_only_with_trigger
[2024-11-18T05:49:55.492+0000] {logging_mixin.py:190} INFO - [2024-11-18T05:49:55.492+0000] {override.py:1911} INFO - Created Permission View: can create on DAG Run:latest_only_with_trigger
[2024-11-18T05:49:55.501+0000] {logging_mixin.py:190} INFO - [2024-11-18T05:49:55.500+0000] {override.py:1911} INFO - Created Permission View: can read on DAG Run:latest_only_with_trigger
[2024-11-18T05:49:55.502+0000] {logging_mixin.py:190} INFO - [2024-11-18T05:49:55.501+0000] {dag.py:3239} INFO - Sync 1 DAGs
[2024-11-18T05:49:55.519+0000] {logging_mixin.py:190} INFO - [2024-11-18T05:49:55.519+0000] {dag.py:3262} INFO - Creating ORM DAG for latest_only_with_trigger
[2024-11-18T05:49:55.533+0000] {logging_mixin.py:190} INFO - [2024-11-18T05:49:55.533+0000] {dag.py:4180} INFO - Setting next_dagrun for latest_only_with_trigger to 2024-11-18 00:00:00+00:00, run_after=2024-11-18 04:00:00+00:00
[2024-11-18T05:49:55.555+0000] {processor.py:208} INFO - Processing /home/airflow/.local/lib/python3.12/site-packages/airflow/example_dags/example_latest_only_with_trigger.py took 0.301 seconds
[2024-11-18T05:50:25.606+0000] {processor.py:186} INFO - Started process (PID=154) to work on /home/airflow/.local/lib/python3.12/site-packages/airflow/example_dags/example_latest_only_with_trigger.py
[2024-11-18T05:50:25.607+0000] {processor.py:914} INFO - Processing file /home/airflow/.local/lib/python3.12/site-packages/airflow/example_dags/example_latest_only_with_trigger.py for tasks to queue
[2024-11-18T05:50:25.610+0000] {logging_mixin.py:190} INFO - [2024-11-18T05:50:25.610+0000] {dagbag.py:588} INFO - Filling up the DagBag from /home/airflow/.local/lib/python3.12/site-packages/airflow/example_dags/example_latest_only_with_trigger.py
[2024-11-18T05:50:25.619+0000] {processor.py:925} INFO - DAG(s) 'latest_only_with_trigger' retrieved from /home/airflow/.local/lib/python3.12/site-packages/airflow/example_dags/example_latest_only_with_trigger.py
[2024-11-18T05:50:25.643+0000] {logging_mixin.py:190} INFO - [2024-11-18T05:50:25.643+0000] {dag.py:3239} INFO - Sync 1 DAGs
[2024-11-18T05:50:25.675+0000] {logging_mixin.py:190} INFO - [2024-11-18T05:50:25.675+0000] {dag.py:4180} INFO - Setting next_dagrun for latest_only_with_trigger to 2024-11-18 00:00:00+00:00, run_after=2024-11-18 04:00:00+00:00
[2024-11-18T05:50:25.703+0000] {processor.py:208} INFO - Processing /home/airflow/.local/lib/python3.12/site-packages/airflow/example_dags/example_latest_only_with_trigger.py took 0.104 seconds
[2024-11-18T05:50:56.093+0000] {processor.py:186} INFO - Started process (PID=216) to work on /home/airflow/.local/lib/python3.12/site-packages/airflow/example_dags/example_latest_only_with_trigger.py
[2024-11-18T05:50:56.095+0000] {processor.py:914} INFO - Processing file /home/airflow/.local/lib/python3.12/site-packages/airflow/example_dags/example_latest_only_with_trigger.py for tasks to queue
[2024-11-18T05:50:56.098+0000] {logging_mixin.py:190} INFO - [2024-11-18T05:50:56.098+0000] {dagbag.py:588} INFO - Filling up the DagBag from /home/airflow/.local/lib/python3.12/site-packages/airflow/example_dags/example_latest_only_with_trigger.py
[2024-11-18T05:50:56.118+0000] {processor.py:925} INFO - DAG(s) 'latest_only_with_trigger' retrieved from /home/airflow/.local/lib/python3.12/site-packages/airflow/example_dags/example_latest_only_with_trigger.py
[2024-11-18T05:50:56.180+0000] {logging_mixin.py:190} INFO - [2024-11-18T05:50:56.179+0000] {dag.py:3239} INFO - Sync 1 DAGs
[2024-11-18T05:50:56.227+0000] {logging_mixin.py:190} INFO - [2024-11-18T05:50:56.226+0000] {dag.py:4180} INFO - Setting next_dagrun for latest_only_with_trigger to 2024-11-18 00:00:00+00:00, run_after=2024-11-18 04:00:00+00:00
[2024-11-18T05:50:56.272+0000] {processor.py:208} INFO - Processing /home/airflow/.local/lib/python3.12/site-packages/airflow/example_dags/example_latest_only_with_trigger.py took 0.187 seconds
[2024-11-18T05:51:26.564+0000] {processor.py:186} INFO - Started process (PID=278) to work on /home/airflow/.local/lib/python3.12/site-packages/airflow/example_dags/example_latest_only_with_trigger.py
[2024-11-18T05:51:26.565+0000] {processor.py:914} INFO - Processing file /home/airflow/.local/lib/python3.12/site-packages/airflow/example_dags/example_latest_only_with_trigger.py for tasks to queue
[2024-11-18T05:51:26.569+0000] {logging_mixin.py:190} INFO - [2024-11-18T05:51:26.569+0000] {dagbag.py:588} INFO - Filling up the DagBag from /home/airflow/.local/lib/python3.12/site-packages/airflow/example_dags/example_latest_only_with_trigger.py
[2024-11-18T05:51:26.582+0000] {processor.py:925} INFO - DAG(s) 'latest_only_with_trigger' retrieved from /home/airflow/.local/lib/python3.12/site-packages/airflow/example_dags/example_latest_only_with_trigger.py
[2024-11-18T05:51:26.605+0000] {logging_mixin.py:190} INFO - [2024-11-18T05:51:26.605+0000] {dag.py:3239} INFO - Sync 1 DAGs
[2024-11-18T05:51:26.636+0000] {logging_mixin.py:190} INFO - [2024-11-18T05:51:26.636+0000] {dag.py:4180} INFO - Setting next_dagrun for latest_only_with_trigger to 2024-11-18 00:00:00+00:00, run_after=2024-11-18 04:00:00+00:00
[2024-11-18T05:51:26.660+0000] {processor.py:208} INFO - Processing /home/airflow/.local/lib/python3.12/site-packages/airflow/example_dags/example_latest_only_with_trigger.py took 0.103 seconds
[2024-11-18T05:51:57.156+0000] {processor.py:186} INFO - Started process (PID=341) to work on /home/airflow/.local/lib/python3.12/site-packages/airflow/example_dags/example_latest_only_with_trigger.py
[2024-11-18T05:51:57.158+0000] {processor.py:914} INFO - Processing file /home/airflow/.local/lib/python3.12/site-packages/airflow/example_dags/example_latest_only_with_trigger.py for tasks to queue
[2024-11-18T05:51:57.165+0000] {logging_mixin.py:190} INFO - [2024-11-18T05:51:57.164+0000] {dagbag.py:588} INFO - Filling up the DagBag from /home/airflow/.local/lib/python3.12/site-packages/airflow/example_dags/example_latest_only_with_trigger.py
[2024-11-18T05:51:57.175+0000] {processor.py:925} INFO - DAG(s) 'latest_only_with_trigger' retrieved from /home/airflow/.local/lib/python3.12/site-packages/airflow/example_dags/example_latest_only_with_trigger.py
[2024-11-18T05:51:57.208+0000] {logging_mixin.py:190} INFO - [2024-11-18T05:51:57.207+0000] {dag.py:3239} INFO - Sync 1 DAGs
[2024-11-18T05:51:57.248+0000] {logging_mixin.py:190} INFO - [2024-11-18T05:51:57.247+0000] {dag.py:4180} INFO - Setting next_dagrun for latest_only_with_trigger to 2024-11-18 00:00:00+00:00, run_after=2024-11-18 04:00:00+00:00
[2024-11-18T05:51:57.269+0000] {processor.py:208} INFO - Processing /home/airflow/.local/lib/python3.12/site-packages/airflow/example_dags/example_latest_only_with_trigger.py took 0.120 seconds
[2024-11-18T05:52:28.200+0000] {processor.py:186} INFO - Started process (PID=404) to work on /home/airflow/.local/lib/python3.12/site-packages/airflow/example_dags/example_latest_only_with_trigger.py
[2024-11-18T05:52:28.202+0000] {processor.py:914} INFO - Processing file /home/airflow/.local/lib/python3.12/site-packages/airflow/example_dags/example_latest_only_with_trigger.py for tasks to queue
[2024-11-18T05:52:28.207+0000] {logging_mixin.py:190} INFO - [2024-11-18T05:52:28.206+0000] {dagbag.py:588} INFO - Filling up the DagBag from /home/airflow/.local/lib/python3.12/site-packages/airflow/example_dags/example_latest_only_with_trigger.py
[2024-11-18T05:52:28.218+0000] {processor.py:925} INFO - DAG(s) 'latest_only_with_trigger' retrieved from /home/airflow/.local/lib/python3.12/site-packages/airflow/example_dags/example_latest_only_with_trigger.py
[2024-11-18T05:52:28.246+0000] {logging_mixin.py:190} INFO - [2024-11-18T05:52:28.246+0000] {dag.py:3239} INFO - Sync 1 DAGs
[2024-11-18T05:52:28.280+0000] {logging_mixin.py:190} INFO - [2024-11-18T05:52:28.280+0000] {dag.py:4180} INFO - Setting next_dagrun for latest_only_with_trigger to 2024-11-18 00:00:00+00:00, run_after=2024-11-18 04:00:00+00:00
[2024-11-18T05:52:28.315+0000] {processor.py:208} INFO - Processing /home/airflow/.local/lib/python3.12/site-packages/airflow/example_dags/example_latest_only_with_trigger.py took 0.123 seconds
[2024-11-18T05:52:58.922+0000] {processor.py:186} INFO - Started process (PID=467) to work on /home/airflow/.local/lib/python3.12/site-packages/airflow/example_dags/example_latest_only_with_trigger.py
[2024-11-18T05:52:58.924+0000] {processor.py:914} INFO - Processing file /home/airflow/.local/lib/python3.12/site-packages/airflow/example_dags/example_latest_only_with_trigger.py for tasks to queue
[2024-11-18T05:52:58.928+0000] {logging_mixin.py:190} INFO - [2024-11-18T05:52:58.927+0000] {dagbag.py:588} INFO - Filling up the DagBag from /home/airflow/.local/lib/python3.12/site-packages/airflow/example_dags/example_latest_only_with_trigger.py
[2024-11-18T05:52:58.936+0000] {processor.py:925} INFO - DAG(s) 'latest_only_with_trigger' retrieved from /home/airflow/.local/lib/python3.12/site-packages/airflow/example_dags/example_latest_only_with_trigger.py
[2024-11-18T05:52:58.959+0000] {logging_mixin.py:190} INFO - [2024-11-18T05:52:58.959+0000] {dag.py:3239} INFO - Sync 1 DAGs
[2024-11-18T05:52:58.990+0000] {logging_mixin.py:190} INFO - [2024-11-18T05:52:58.990+0000] {dag.py:4180} INFO - Setting next_dagrun for latest_only_with_trigger to 2024-11-18 00:00:00+00:00, run_after=2024-11-18 04:00:00+00:00
[2024-11-18T05:52:59.013+0000] {processor.py:208} INFO - Processing /home/airflow/.local/lib/python3.12/site-packages/airflow/example_dags/example_latest_only_with_trigger.py took 0.097 seconds
[2024-11-18T05:53:29.318+0000] {processor.py:186} INFO - Started process (PID=530) to work on /home/airflow/.local/lib/python3.12/site-packages/airflow/example_dags/example_latest_only_with_trigger.py
[2024-11-18T05:53:29.319+0000] {processor.py:914} INFO - Processing file /home/airflow/.local/lib/python3.12/site-packages/airflow/example_dags/example_latest_only_with_trigger.py for tasks to queue
[2024-11-18T05:53:29.323+0000] {logging_mixin.py:190} INFO - [2024-11-18T05:53:29.322+0000] {dagbag.py:588} INFO - Filling up the DagBag from /home/airflow/.local/lib/python3.12/site-packages/airflow/example_dags/example_latest_only_with_trigger.py
[2024-11-18T05:53:29.332+0000] {processor.py:925} INFO - DAG(s) 'latest_only_with_trigger' retrieved from /home/airflow/.local/lib/python3.12/site-packages/airflow/example_dags/example_latest_only_with_trigger.py
[2024-11-18T05:53:29.363+0000] {logging_mixin.py:190} INFO - [2024-11-18T05:53:29.363+0000] {dag.py:3239} INFO - Sync 1 DAGs
[2024-11-18T05:53:29.388+0000] {logging_mixin.py:190} INFO - [2024-11-18T05:53:29.388+0000] {dag.py:4180} INFO - Setting next_dagrun for latest_only_with_trigger to 2024-11-18 00:00:00+00:00, run_after=2024-11-18 04:00:00+00:00
[2024-11-18T05:53:29.412+0000] {processor.py:208} INFO - Processing /home/airflow/.local/lib/python3.12/site-packages/airflow/example_dags/example_latest_only_with_trigger.py took 0.103 seconds
[2024-11-18T05:53:59.645+0000] {processor.py:186} INFO - Started process (PID=593) to work on /home/airflow/.local/lib/python3.12/site-packages/airflow/example_dags/example_latest_only_with_trigger.py
[2024-11-18T05:53:59.647+0000] {processor.py:914} INFO - Processing file /home/airflow/.local/lib/python3.12/site-packages/airflow/example_dags/example_latest_only_with_trigger.py for tasks to queue
[2024-11-18T05:53:59.651+0000] {logging_mixin.py:190} INFO - [2024-11-18T05:53:59.650+0000] {dagbag.py:588} INFO - Filling up the DagBag from /home/airflow/.local/lib/python3.12/site-packages/airflow/example_dags/example_latest_only_with_trigger.py
[2024-11-18T05:53:59.660+0000] {processor.py:925} INFO - DAG(s) 'latest_only_with_trigger' retrieved from /home/airflow/.local/lib/python3.12/site-packages/airflow/example_dags/example_latest_only_with_trigger.py
[2024-11-18T05:53:59.686+0000] {logging_mixin.py:190} INFO - [2024-11-18T05:53:59.686+0000] {dag.py:3239} INFO - Sync 1 DAGs
[2024-11-18T05:53:59.714+0000] {logging_mixin.py:190} INFO - [2024-11-18T05:53:59.714+0000] {dag.py:4180} INFO - Setting next_dagrun for latest_only_with_trigger to 2024-11-18 00:00:00+00:00, run_after=2024-11-18 04:00:00+00:00
[2024-11-18T05:53:59.746+0000] {processor.py:208} INFO - Processing /home/airflow/.local/lib/python3.12/site-packages/airflow/example_dags/example_latest_only_with_trigger.py took 0.109 seconds
[2024-11-18T05:54:29.943+0000] {processor.py:186} INFO - Started process (PID=656) to work on /home/airflow/.local/lib/python3.12/site-packages/airflow/example_dags/example_latest_only_with_trigger.py
[2024-11-18T05:54:29.944+0000] {processor.py:914} INFO - Processing file /home/airflow/.local/lib/python3.12/site-packages/airflow/example_dags/example_latest_only_with_trigger.py for tasks to queue
[2024-11-18T05:54:29.947+0000] {logging_mixin.py:190} INFO - [2024-11-18T05:54:29.947+0000] {dagbag.py:588} INFO - Filling up the DagBag from /home/airflow/.local/lib/python3.12/site-packages/airflow/example_dags/example_latest_only_with_trigger.py
[2024-11-18T05:54:29.955+0000] {processor.py:925} INFO - DAG(s) 'latest_only_with_trigger' retrieved from /home/airflow/.local/lib/python3.12/site-packages/airflow/example_dags/example_latest_only_with_trigger.py
[2024-11-18T05:54:29.976+0000] {logging_mixin.py:190} INFO - [2024-11-18T05:54:29.976+0000] {dag.py:3239} INFO - Sync 1 DAGs
[2024-11-18T05:54:30.007+0000] {logging_mixin.py:190} INFO - [2024-11-18T05:54:30.006+0000] {dag.py:4180} INFO - Setting next_dagrun for latest_only_with_trigger to 2024-11-18 00:00:00+00:00, run_after=2024-11-18 04:00:00+00:00
[2024-11-18T05:54:30.025+0000] {processor.py:208} INFO - Processing /home/airflow/.local/lib/python3.12/site-packages/airflow/example_dags/example_latest_only_with_trigger.py took 0.088 seconds
[2024-11-18T05:55:00.232+0000] {processor.py:186} INFO - Started process (PID=719) to work on /home/airflow/.local/lib/python3.12/site-packages/airflow/example_dags/example_latest_only_with_trigger.py
[2024-11-18T05:55:00.233+0000] {processor.py:914} INFO - Processing file /home/airflow/.local/lib/python3.12/site-packages/airflow/example_dags/example_latest_only_with_trigger.py for tasks to queue
[2024-11-18T05:55:00.236+0000] {logging_mixin.py:190} INFO - [2024-11-18T05:55:00.236+0000] {dagbag.py:588} INFO - Filling up the DagBag from /home/airflow/.local/lib/python3.12/site-packages/airflow/example_dags/example_latest_only_with_trigger.py
[2024-11-18T05:55:00.245+0000] {processor.py:925} INFO - DAG(s) 'latest_only_with_trigger' retrieved from /home/airflow/.local/lib/python3.12/site-packages/airflow/example_dags/example_latest_only_with_trigger.py
[2024-11-18T05:55:00.266+0000] {logging_mixin.py:190} INFO - [2024-11-18T05:55:00.266+0000] {dag.py:3239} INFO - Sync 1 DAGs
[2024-11-18T05:55:00.290+0000] {logging_mixin.py:190} INFO - [2024-11-18T05:55:00.290+0000] {dag.py:4180} INFO - Setting next_dagrun for latest_only_with_trigger to 2024-11-18 00:00:00+00:00, run_after=2024-11-18 04:00:00+00:00
[2024-11-18T05:55:00.324+0000] {processor.py:208} INFO - Processing /home/airflow/.local/lib/python3.12/site-packages/airflow/example_dags/example_latest_only_with_trigger.py took 0.098 seconds
[2024-11-18T05:55:30.427+0000] {processor.py:186} INFO - Started process (PID=782) to work on /home/airflow/.local/lib/python3.12/site-packages/airflow/example_dags/example_latest_only_with_trigger.py
[2024-11-18T05:55:30.428+0000] {processor.py:914} INFO - Processing file /home/airflow/.local/lib/python3.12/site-packages/airflow/example_dags/example_latest_only_with_trigger.py for tasks to queue
[2024-11-18T05:55:30.432+0000] {logging_mixin.py:190} INFO - [2024-11-18T05:55:30.431+0000] {dagbag.py:588} INFO - Filling up the DagBag from /home/airflow/.local/lib/python3.12/site-packages/airflow/example_dags/example_latest_only_with_trigger.py
[2024-11-18T05:55:30.440+0000] {processor.py:925} INFO - DAG(s) 'latest_only_with_trigger' retrieved from /home/airflow/.local/lib/python3.12/site-packages/airflow/example_dags/example_latest_only_with_trigger.py
[2024-11-18T05:55:30.465+0000] {logging_mixin.py:190} INFO - [2024-11-18T05:55:30.464+0000] {dag.py:3239} INFO - Sync 1 DAGs
[2024-11-18T05:55:30.491+0000] {logging_mixin.py:190} INFO - [2024-11-18T05:55:30.491+0000] {dag.py:4180} INFO - Setting next_dagrun for latest_only_with_trigger to 2024-11-18 00:00:00+00:00, run_after=2024-11-18 04:00:00+00:00
[2024-11-18T05:55:30.513+0000] {processor.py:208} INFO - Processing /home/airflow/.local/lib/python3.12/site-packages/airflow/example_dags/example_latest_only_with_trigger.py took 0.094 seconds
[2024-11-18T05:56:00.987+0000] {processor.py:186} INFO - Started process (PID=845) to work on /home/airflow/.local/lib/python3.12/site-packages/airflow/example_dags/example_latest_only_with_trigger.py
[2024-11-18T05:56:00.989+0000] {processor.py:914} INFO - Processing file /home/airflow/.local/lib/python3.12/site-packages/airflow/example_dags/example_latest_only_with_trigger.py for tasks to queue
[2024-11-18T05:56:00.991+0000] {logging_mixin.py:190} INFO - [2024-11-18T05:56:00.991+0000] {dagbag.py:588} INFO - Filling up the DagBag from /home/airflow/.local/lib/python3.12/site-packages/airflow/example_dags/example_latest_only_with_trigger.py
[2024-11-18T05:56:00.999+0000] {processor.py:925} INFO - DAG(s) 'latest_only_with_trigger' retrieved from /home/airflow/.local/lib/python3.12/site-packages/airflow/example_dags/example_latest_only_with_trigger.py
[2024-11-18T05:56:01.019+0000] {logging_mixin.py:190} INFO - [2024-11-18T05:56:01.019+0000] {dag.py:3239} INFO - Sync 1 DAGs
[2024-11-18T05:56:01.047+0000] {logging_mixin.py:190} INFO - [2024-11-18T05:56:01.047+0000] {dag.py:4180} INFO - Setting next_dagrun for latest_only_with_trigger to 2024-11-18 00:00:00+00:00, run_after=2024-11-18 04:00:00+00:00
[2024-11-18T05:56:01.076+0000] {processor.py:208} INFO - Processing /home/airflow/.local/lib/python3.12/site-packages/airflow/example_dags/example_latest_only_with_trigger.py took 0.094 seconds
[2024-11-18T05:56:31.443+0000] {processor.py:186} INFO - Started process (PID=908) to work on /home/airflow/.local/lib/python3.12/site-packages/airflow/example_dags/example_latest_only_with_trigger.py
[2024-11-18T05:56:31.444+0000] {processor.py:914} INFO - Processing file /home/airflow/.local/lib/python3.12/site-packages/airflow/example_dags/example_latest_only_with_trigger.py for tasks to queue
[2024-11-18T05:56:31.451+0000] {logging_mixin.py:190} INFO - [2024-11-18T05:56:31.451+0000] {dagbag.py:588} INFO - Filling up the DagBag from /home/airflow/.local/lib/python3.12/site-packages/airflow/example_dags/example_latest_only_with_trigger.py
[2024-11-18T05:56:31.459+0000] {processor.py:925} INFO - DAG(s) 'latest_only_with_trigger' retrieved from /home/airflow/.local/lib/python3.12/site-packages/airflow/example_dags/example_latest_only_with_trigger.py
[2024-11-18T05:56:31.479+0000] {logging_mixin.py:190} INFO - [2024-11-18T05:56:31.479+0000] {dag.py:3239} INFO - Sync 1 DAGs
[2024-11-18T05:56:31.506+0000] {logging_mixin.py:190} INFO - [2024-11-18T05:56:31.506+0000] {dag.py:4180} INFO - Setting next_dagrun for latest_only_with_trigger to 2024-11-18 00:00:00+00:00, run_after=2024-11-18 04:00:00+00:00
[2024-11-18T05:56:31.543+0000] {processor.py:208} INFO - Processing /home/airflow/.local/lib/python3.12/site-packages/airflow/example_dags/example_latest_only_with_trigger.py took 0.106 seconds
[2024-11-18T05:57:02.014+0000] {processor.py:186} INFO - Started process (PID=971) to work on /home/airflow/.local/lib/python3.12/site-packages/airflow/example_dags/example_latest_only_with_trigger.py
[2024-11-18T05:57:02.015+0000] {processor.py:914} INFO - Processing file /home/airflow/.local/lib/python3.12/site-packages/airflow/example_dags/example_latest_only_with_trigger.py for tasks to queue
[2024-11-18T05:57:02.019+0000] {logging_mixin.py:190} INFO - [2024-11-18T05:57:02.019+0000] {dagbag.py:588} INFO - Filling up the DagBag from /home/airflow/.local/lib/python3.12/site-packages/airflow/example_dags/example_latest_only_with_trigger.py
[2024-11-18T05:57:02.029+0000] {processor.py:925} INFO - DAG(s) 'latest_only_with_trigger' retrieved from /home/airflow/.local/lib/python3.12/site-packages/airflow/example_dags/example_latest_only_with_trigger.py
[2024-11-18T05:57:02.068+0000] {logging_mixin.py:190} INFO - [2024-11-18T05:57:02.067+0000] {dag.py:3239} INFO - Sync 1 DAGs
[2024-11-18T05:57:02.097+0000] {logging_mixin.py:190} INFO - [2024-11-18T05:57:02.096+0000] {dag.py:4180} INFO - Setting next_dagrun for latest_only_with_trigger to 2024-11-18 00:00:00+00:00, run_after=2024-11-18 04:00:00+00:00
[2024-11-18T05:57:02.128+0000] {processor.py:208} INFO - Processing /home/airflow/.local/lib/python3.12/site-packages/airflow/example_dags/example_latest_only_with_trigger.py took 0.122 seconds
[2024-11-18T05:57:32.339+0000] {processor.py:186} INFO - Started process (PID=1034) to work on /home/airflow/.local/lib/python3.12/site-packages/airflow/example_dags/example_latest_only_with_trigger.py
[2024-11-18T05:57:32.340+0000] {processor.py:914} INFO - Processing file /home/airflow/.local/lib/python3.12/site-packages/airflow/example_dags/example_latest_only_with_trigger.py for tasks to queue
[2024-11-18T05:57:32.343+0000] {logging_mixin.py:190} INFO - [2024-11-18T05:57:32.343+0000] {dagbag.py:588} INFO - Filling up the DagBag from /home/airflow/.local/lib/python3.12/site-packages/airflow/example_dags/example_latest_only_with_trigger.py
[2024-11-18T05:57:32.353+0000] {processor.py:925} INFO - DAG(s) 'latest_only_with_trigger' retrieved from /home/airflow/.local/lib/python3.12/site-packages/airflow/example_dags/example_latest_only_with_trigger.py
[2024-11-18T05:57:32.377+0000] {logging_mixin.py:190} INFO - [2024-11-18T05:57:32.376+0000] {dag.py:3239} INFO - Sync 1 DAGs
[2024-11-18T05:57:32.401+0000] {logging_mixin.py:190} INFO - [2024-11-18T05:57:32.401+0000] {dag.py:4180} INFO - Setting next_dagrun for latest_only_with_trigger to 2024-11-18 00:00:00+00:00, run_after=2024-11-18 04:00:00+00:00
[2024-11-18T05:57:32.422+0000] {processor.py:208} INFO - Processing /home/airflow/.local/lib/python3.12/site-packages/airflow/example_dags/example_latest_only_with_trigger.py took 0.091 seconds
[2024-11-18T05:58:03.322+0000] {processor.py:186} INFO - Started process (PID=1097) to work on /home/airflow/.local/lib/python3.12/site-packages/airflow/example_dags/example_latest_only_with_trigger.py
[2024-11-18T05:58:03.324+0000] {processor.py:914} INFO - Processing file /home/airflow/.local/lib/python3.12/site-packages/airflow/example_dags/example_latest_only_with_trigger.py for tasks to queue
[2024-11-18T05:58:03.328+0000] {logging_mixin.py:190} INFO - [2024-11-18T05:58:03.327+0000] {dagbag.py:588} INFO - Filling up the DagBag from /home/airflow/.local/lib/python3.12/site-packages/airflow/example_dags/example_latest_only_with_trigger.py
[2024-11-18T05:58:03.336+0000] {processor.py:925} INFO - DAG(s) 'latest_only_with_trigger' retrieved from /home/airflow/.local/lib/python3.12/site-packages/airflow/example_dags/example_latest_only_with_trigger.py
[2024-11-18T05:58:03.362+0000] {logging_mixin.py:190} INFO - [2024-11-18T05:58:03.362+0000] {dag.py:3239} INFO - Sync 1 DAGs
[2024-11-18T05:58:03.394+0000] {logging_mixin.py:190} INFO - [2024-11-18T05:58:03.394+0000] {dag.py:4180} INFO - Setting next_dagrun for latest_only_with_trigger to 2024-11-18 00:00:00+00:00, run_after=2024-11-18 04:00:00+00:00
[2024-11-18T05:58:03.431+0000] {processor.py:208} INFO - Processing /home/airflow/.local/lib/python3.12/site-packages/airflow/example_dags/example_latest_only_with_trigger.py took 0.115 seconds
[2024-11-18T05:58:34.222+0000] {processor.py:186} INFO - Started process (PID=1160) to work on /home/airflow/.local/lib/python3.12/site-packages/airflow/example_dags/example_latest_only_with_trigger.py
[2024-11-18T05:58:34.223+0000] {processor.py:914} INFO - Processing file /home/airflow/.local/lib/python3.12/site-packages/airflow/example_dags/example_latest_only_with_trigger.py for tasks to queue
[2024-11-18T05:58:34.227+0000] {logging_mixin.py:190} INFO - [2024-11-18T05:58:34.226+0000] {dagbag.py:588} INFO - Filling up the DagBag from /home/airflow/.local/lib/python3.12/site-packages/airflow/example_dags/example_latest_only_with_trigger.py
[2024-11-18T05:58:34.239+0000] {processor.py:925} INFO - DAG(s) 'latest_only_with_trigger' retrieved from /home/airflow/.local/lib/python3.12/site-packages/airflow/example_dags/example_latest_only_with_trigger.py
[2024-11-18T05:58:34.262+0000] {logging_mixin.py:190} INFO - [2024-11-18T05:58:34.261+0000] {dag.py:3239} INFO - Sync 1 DAGs
[2024-11-18T05:58:34.303+0000] {logging_mixin.py:190} INFO - [2024-11-18T05:58:34.303+0000] {dag.py:4180} INFO - Setting next_dagrun for latest_only_with_trigger to 2024-11-18 00:00:00+00:00, run_after=2024-11-18 04:00:00+00:00
[2024-11-18T05:58:34.326+0000] {processor.py:208} INFO - Processing /home/airflow/.local/lib/python3.12/site-packages/airflow/example_dags/example_latest_only_with_trigger.py took 0.111 seconds
[2024-11-18T05:59:04.377+0000] {processor.py:186} INFO - Started process (PID=1223) to work on /home/airflow/.local/lib/python3.12/site-packages/airflow/example_dags/example_latest_only_with_trigger.py
[2024-11-18T05:59:04.378+0000] {processor.py:914} INFO - Processing file /home/airflow/.local/lib/python3.12/site-packages/airflow/example_dags/example_latest_only_with_trigger.py for tasks to queue
[2024-11-18T05:59:04.381+0000] {logging_mixin.py:190} INFO - [2024-11-18T05:59:04.381+0000] {dagbag.py:588} INFO - Filling up the DagBag from /home/airflow/.local/lib/python3.12/site-packages/airflow/example_dags/example_latest_only_with_trigger.py
[2024-11-18T05:59:04.390+0000] {processor.py:925} INFO - DAG(s) 'latest_only_with_trigger' retrieved from /home/airflow/.local/lib/python3.12/site-packages/airflow/example_dags/example_latest_only_with_trigger.py
[2024-11-18T05:59:04.414+0000] {logging_mixin.py:190} INFO - [2024-11-18T05:59:04.413+0000] {dag.py:3239} INFO - Sync 1 DAGs
[2024-11-18T05:59:04.446+0000] {logging_mixin.py:190} INFO - [2024-11-18T05:59:04.445+0000] {dag.py:4180} INFO - Setting next_dagrun for latest_only_with_trigger to 2024-11-18 00:00:00+00:00, run_after=2024-11-18 04:00:00+00:00
[2024-11-18T05:59:04.467+0000] {processor.py:208} INFO - Processing /home/airflow/.local/lib/python3.12/site-packages/airflow/example_dags/example_latest_only_with_trigger.py took 0.097 seconds
[2024-11-18T05:59:34.816+0000] {processor.py:186} INFO - Started process (PID=1286) to work on /home/airflow/.local/lib/python3.12/site-packages/airflow/example_dags/example_latest_only_with_trigger.py
[2024-11-18T05:59:34.817+0000] {processor.py:914} INFO - Processing file /home/airflow/.local/lib/python3.12/site-packages/airflow/example_dags/example_latest_only_with_trigger.py for tasks to queue
[2024-11-18T05:59:34.822+0000] {logging_mixin.py:190} INFO - [2024-11-18T05:59:34.821+0000] {dagbag.py:588} INFO - Filling up the DagBag from /home/airflow/.local/lib/python3.12/site-packages/airflow/example_dags/example_latest_only_with_trigger.py
[2024-11-18T05:59:34.831+0000] {processor.py:925} INFO - DAG(s) 'latest_only_with_trigger' retrieved from /home/airflow/.local/lib/python3.12/site-packages/airflow/example_dags/example_latest_only_with_trigger.py
[2024-11-18T05:59:34.857+0000] {logging_mixin.py:190} INFO - [2024-11-18T05:59:34.856+0000] {dag.py:3239} INFO - Sync 1 DAGs
[2024-11-18T05:59:34.881+0000] {logging_mixin.py:190} INFO - [2024-11-18T05:59:34.880+0000] {dag.py:4180} INFO - Setting next_dagrun for latest_only_with_trigger to 2024-11-18 00:00:00+00:00, run_after=2024-11-18 04:00:00+00:00
[2024-11-18T05:59:34.909+0000] {processor.py:208} INFO - Processing /home/airflow/.local/lib/python3.12/site-packages/airflow/example_dags/example_latest_only_with_trigger.py took 0.101 seconds
[2024-11-18T06:00:05.113+0000] {processor.py:186} INFO - Started process (PID=1350) to work on /home/airflow/.local/lib/python3.12/site-packages/airflow/example_dags/example_latest_only_with_trigger.py
[2024-11-18T06:00:05.115+0000] {processor.py:914} INFO - Processing file /home/airflow/.local/lib/python3.12/site-packages/airflow/example_dags/example_latest_only_with_trigger.py for tasks to queue
[2024-11-18T06:00:05.118+0000] {logging_mixin.py:190} INFO - [2024-11-18T06:00:05.118+0000] {dagbag.py:588} INFO - Filling up the DagBag from /home/airflow/.local/lib/python3.12/site-packages/airflow/example_dags/example_latest_only_with_trigger.py
[2024-11-18T06:00:05.126+0000] {processor.py:925} INFO - DAG(s) 'latest_only_with_trigger' retrieved from /home/airflow/.local/lib/python3.12/site-packages/airflow/example_dags/example_latest_only_with_trigger.py
[2024-11-18T06:00:05.148+0000] {logging_mixin.py:190} INFO - [2024-11-18T06:00:05.148+0000] {dag.py:3239} INFO - Sync 1 DAGs
[2024-11-18T06:00:05.183+0000] {logging_mixin.py:190} INFO - [2024-11-18T06:00:05.183+0000] {dag.py:4180} INFO - Setting next_dagrun for latest_only_with_trigger to 2024-11-18 00:00:00+00:00, run_after=2024-11-18 04:00:00+00:00
[2024-11-18T06:00:05.212+0000] {processor.py:208} INFO - Processing /home/airflow/.local/lib/python3.12/site-packages/airflow/example_dags/example_latest_only_with_trigger.py took 0.105 seconds
[2024-11-18T06:00:35.484+0000] {processor.py:186} INFO - Started process (PID=1414) to work on /home/airflow/.local/lib/python3.12/site-packages/airflow/example_dags/example_latest_only_with_trigger.py
[2024-11-18T06:00:35.486+0000] {processor.py:914} INFO - Processing file /home/airflow/.local/lib/python3.12/site-packages/airflow/example_dags/example_latest_only_with_trigger.py for tasks to queue
[2024-11-18T06:00:35.489+0000] {logging_mixin.py:190} INFO - [2024-11-18T06:00:35.488+0000] {dagbag.py:588} INFO - Filling up the DagBag from /home/airflow/.local/lib/python3.12/site-packages/airflow/example_dags/example_latest_only_with_trigger.py
[2024-11-18T06:00:35.498+0000] {processor.py:925} INFO - DAG(s) 'latest_only_with_trigger' retrieved from /home/airflow/.local/lib/python3.12/site-packages/airflow/example_dags/example_latest_only_with_trigger.py
[2024-11-18T06:00:35.525+0000] {logging_mixin.py:190} INFO - [2024-11-18T06:00:35.524+0000] {dag.py:3239} INFO - Sync 1 DAGs
[2024-11-18T06:00:35.555+0000] {logging_mixin.py:190} INFO - [2024-11-18T06:00:35.554+0000] {dag.py:4180} INFO - Setting next_dagrun for latest_only_with_trigger to 2024-11-18 00:00:00+00:00, run_after=2024-11-18 04:00:00+00:00
[2024-11-18T06:00:35.585+0000] {processor.py:208} INFO - Processing /home/airflow/.local/lib/python3.12/site-packages/airflow/example_dags/example_latest_only_with_trigger.py took 0.107 seconds
[2024-11-18T06:01:05.829+0000] {processor.py:186} INFO - Started process (PID=1478) to work on /home/airflow/.local/lib/python3.12/site-packages/airflow/example_dags/example_latest_only_with_trigger.py
[2024-11-18T06:01:05.830+0000] {processor.py:914} INFO - Processing file /home/airflow/.local/lib/python3.12/site-packages/airflow/example_dags/example_latest_only_with_trigger.py for tasks to queue
[2024-11-18T06:01:05.833+0000] {logging_mixin.py:190} INFO - [2024-11-18T06:01:05.833+0000] {dagbag.py:588} INFO - Filling up the DagBag from /home/airflow/.local/lib/python3.12/site-packages/airflow/example_dags/example_latest_only_with_trigger.py
[2024-11-18T06:01:05.840+0000] {processor.py:925} INFO - DAG(s) 'latest_only_with_trigger' retrieved from /home/airflow/.local/lib/python3.12/site-packages/airflow/example_dags/example_latest_only_with_trigger.py
[2024-11-18T06:01:05.861+0000] {logging_mixin.py:190} INFO - [2024-11-18T06:01:05.861+0000] {dag.py:3239} INFO - Sync 1 DAGs
[2024-11-18T06:01:05.887+0000] {logging_mixin.py:190} INFO - [2024-11-18T06:01:05.886+0000] {dag.py:4180} INFO - Setting next_dagrun for latest_only_with_trigger to 2024-11-18 00:00:00+00:00, run_after=2024-11-18 04:00:00+00:00
[2024-11-18T06:01:05.914+0000] {processor.py:208} INFO - Processing /home/airflow/.local/lib/python3.12/site-packages/airflow/example_dags/example_latest_only_with_trigger.py took 0.091 seconds
[2024-11-18T06:01:36.602+0000] {processor.py:186} INFO - Started process (PID=1542) to work on /home/airflow/.local/lib/python3.12/site-packages/airflow/example_dags/example_latest_only_with_trigger.py
[2024-11-18T06:01:36.604+0000] {processor.py:914} INFO - Processing file /home/airflow/.local/lib/python3.12/site-packages/airflow/example_dags/example_latest_only_with_trigger.py for tasks to queue
[2024-11-18T06:01:36.607+0000] {logging_mixin.py:190} INFO - [2024-11-18T06:01:36.606+0000] {dagbag.py:588} INFO - Filling up the DagBag from /home/airflow/.local/lib/python3.12/site-packages/airflow/example_dags/example_latest_only_with_trigger.py
[2024-11-18T06:01:36.616+0000] {processor.py:925} INFO - DAG(s) 'latest_only_with_trigger' retrieved from /home/airflow/.local/lib/python3.12/site-packages/airflow/example_dags/example_latest_only_with_trigger.py
[2024-11-18T06:01:36.641+0000] {logging_mixin.py:190} INFO - [2024-11-18T06:01:36.641+0000] {dag.py:3239} INFO - Sync 1 DAGs
[2024-11-18T06:01:36.688+0000] {logging_mixin.py:190} INFO - [2024-11-18T06:01:36.688+0000] {dag.py:4180} INFO - Setting next_dagrun for latest_only_with_trigger to 2024-11-18 00:00:00+00:00, run_after=2024-11-18 04:00:00+00:00
[2024-11-18T06:01:36.729+0000] {processor.py:208} INFO - Processing /home/airflow/.local/lib/python3.12/site-packages/airflow/example_dags/example_latest_only_with_trigger.py took 0.135 seconds
[2024-11-18T06:02:06.925+0000] {processor.py:186} INFO - Started process (PID=1606) to work on /home/airflow/.local/lib/python3.12/site-packages/airflow/example_dags/example_latest_only_with_trigger.py
[2024-11-18T06:02:06.926+0000] {processor.py:914} INFO - Processing file /home/airflow/.local/lib/python3.12/site-packages/airflow/example_dags/example_latest_only_with_trigger.py for tasks to queue
[2024-11-18T06:02:06.930+0000] {logging_mixin.py:190} INFO - [2024-11-18T06:02:06.929+0000] {dagbag.py:588} INFO - Filling up the DagBag from /home/airflow/.local/lib/python3.12/site-packages/airflow/example_dags/example_latest_only_with_trigger.py
[2024-11-18T06:02:06.942+0000] {processor.py:925} INFO - DAG(s) 'latest_only_with_trigger' retrieved from /home/airflow/.local/lib/python3.12/site-packages/airflow/example_dags/example_latest_only_with_trigger.py
[2024-11-18T06:02:06.972+0000] {logging_mixin.py:190} INFO - [2024-11-18T06:02:06.972+0000] {dag.py:3239} INFO - Sync 1 DAGs
[2024-11-18T06:02:07.005+0000] {logging_mixin.py:190} INFO - [2024-11-18T06:02:07.004+0000] {dag.py:4180} INFO - Setting next_dagrun for latest_only_with_trigger to 2024-11-18 00:00:00+00:00, run_after=2024-11-18 04:00:00+00:00
[2024-11-18T06:02:07.035+0000] {processor.py:208} INFO - Processing /home/airflow/.local/lib/python3.12/site-packages/airflow/example_dags/example_latest_only_with_trigger.py took 0.118 seconds
[2024-11-18T06:02:37.173+0000] {processor.py:186} INFO - Started process (PID=1670) to work on /home/airflow/.local/lib/python3.12/site-packages/airflow/example_dags/example_latest_only_with_trigger.py
[2024-11-18T06:02:37.174+0000] {processor.py:914} INFO - Processing file /home/airflow/.local/lib/python3.12/site-packages/airflow/example_dags/example_latest_only_with_trigger.py for tasks to queue
[2024-11-18T06:02:37.177+0000] {logging_mixin.py:190} INFO - [2024-11-18T06:02:37.176+0000] {dagbag.py:588} INFO - Filling up the DagBag from /home/airflow/.local/lib/python3.12/site-packages/airflow/example_dags/example_latest_only_with_trigger.py
[2024-11-18T06:02:37.185+0000] {processor.py:925} INFO - DAG(s) 'latest_only_with_trigger' retrieved from /home/airflow/.local/lib/python3.12/site-packages/airflow/example_dags/example_latest_only_with_trigger.py
[2024-11-18T06:02:37.207+0000] {logging_mixin.py:190} INFO - [2024-11-18T06:02:37.207+0000] {dag.py:3239} INFO - Sync 1 DAGs
[2024-11-18T06:02:37.233+0000] {logging_mixin.py:190} INFO - [2024-11-18T06:02:37.233+0000] {dag.py:4180} INFO - Setting next_dagrun for latest_only_with_trigger to 2024-11-18 00:00:00+00:00, run_after=2024-11-18 04:00:00+00:00
[2024-11-18T06:02:37.263+0000] {processor.py:208} INFO - Processing /home/airflow/.local/lib/python3.12/site-packages/airflow/example_dags/example_latest_only_with_trigger.py took 0.097 seconds
[2024-11-18T06:03:07.534+0000] {processor.py:186} INFO - Started process (PID=1732) to work on /home/airflow/.local/lib/python3.12/site-packages/airflow/example_dags/example_latest_only_with_trigger.py
[2024-11-18T06:03:07.536+0000] {processor.py:914} INFO - Processing file /home/airflow/.local/lib/python3.12/site-packages/airflow/example_dags/example_latest_only_with_trigger.py for tasks to queue
[2024-11-18T06:03:07.539+0000] {logging_mixin.py:190} INFO - [2024-11-18T06:03:07.538+0000] {dagbag.py:588} INFO - Filling up the DagBag from /home/airflow/.local/lib/python3.12/site-packages/airflow/example_dags/example_latest_only_with_trigger.py
[2024-11-18T06:03:07.548+0000] {processor.py:925} INFO - DAG(s) 'latest_only_with_trigger' retrieved from /home/airflow/.local/lib/python3.12/site-packages/airflow/example_dags/example_latest_only_with_trigger.py
[2024-11-18T06:03:07.568+0000] {logging_mixin.py:190} INFO - [2024-11-18T06:03:07.568+0000] {dag.py:3239} INFO - Sync 1 DAGs
[2024-11-18T06:03:07.593+0000] {logging_mixin.py:190} INFO - [2024-11-18T06:03:07.592+0000] {dag.py:4180} INFO - Setting next_dagrun for latest_only_with_trigger to 2024-11-18 00:00:00+00:00, run_after=2024-11-18 04:00:00+00:00
[2024-11-18T06:03:07.617+0000] {processor.py:208} INFO - Processing /home/airflow/.local/lib/python3.12/site-packages/airflow/example_dags/example_latest_only_with_trigger.py took 0.089 seconds
[2024-11-18T06:03:38.517+0000] {processor.py:186} INFO - Started process (PID=1796) to work on /home/airflow/.local/lib/python3.12/site-packages/airflow/example_dags/example_latest_only_with_trigger.py
[2024-11-18T06:03:38.518+0000] {processor.py:914} INFO - Processing file /home/airflow/.local/lib/python3.12/site-packages/airflow/example_dags/example_latest_only_with_trigger.py for tasks to queue
[2024-11-18T06:03:38.521+0000] {logging_mixin.py:190} INFO - [2024-11-18T06:03:38.520+0000] {dagbag.py:588} INFO - Filling up the DagBag from /home/airflow/.local/lib/python3.12/site-packages/airflow/example_dags/example_latest_only_with_trigger.py
[2024-11-18T06:03:38.529+0000] {processor.py:925} INFO - DAG(s) 'latest_only_with_trigger' retrieved from /home/airflow/.local/lib/python3.12/site-packages/airflow/example_dags/example_latest_only_with_trigger.py
[2024-11-18T06:03:38.550+0000] {logging_mixin.py:190} INFO - [2024-11-18T06:03:38.550+0000] {dag.py:3239} INFO - Sync 1 DAGs
[2024-11-18T06:03:38.577+0000] {logging_mixin.py:190} INFO - [2024-11-18T06:03:38.577+0000] {dag.py:4180} INFO - Setting next_dagrun for latest_only_with_trigger to 2024-11-18 00:00:00+00:00, run_after=2024-11-18 04:00:00+00:00
[2024-11-18T06:03:38.605+0000] {processor.py:208} INFO - Processing /home/airflow/.local/lib/python3.12/site-packages/airflow/example_dags/example_latest_only_with_trigger.py took 0.094 seconds
[2024-11-18T06:04:08.726+0000] {processor.py:186} INFO - Started process (PID=1860) to work on /home/airflow/.local/lib/python3.12/site-packages/airflow/example_dags/example_latest_only_with_trigger.py
[2024-11-18T06:04:08.727+0000] {processor.py:914} INFO - Processing file /home/airflow/.local/lib/python3.12/site-packages/airflow/example_dags/example_latest_only_with_trigger.py for tasks to queue
[2024-11-18T06:04:08.729+0000] {logging_mixin.py:190} INFO - [2024-11-18T06:04:08.729+0000] {dagbag.py:588} INFO - Filling up the DagBag from /home/airflow/.local/lib/python3.12/site-packages/airflow/example_dags/example_latest_only_with_trigger.py
[2024-11-18T06:04:08.735+0000] {processor.py:925} INFO - DAG(s) 'latest_only_with_trigger' retrieved from /home/airflow/.local/lib/python3.12/site-packages/airflow/example_dags/example_latest_only_with_trigger.py
[2024-11-18T06:04:08.750+0000] {logging_mixin.py:190} INFO - [2024-11-18T06:04:08.750+0000] {dag.py:3239} INFO - Sync 1 DAGs
[2024-11-18T06:04:08.773+0000] {logging_mixin.py:190} INFO - [2024-11-18T06:04:08.772+0000] {dag.py:4180} INFO - Setting next_dagrun for latest_only_with_trigger to 2024-11-18 00:00:00+00:00, run_after=2024-11-18 04:00:00+00:00
[2024-11-18T06:04:08.796+0000] {processor.py:208} INFO - Processing /home/airflow/.local/lib/python3.12/site-packages/airflow/example_dags/example_latest_only_with_trigger.py took 0.075 seconds
[2024-11-18T06:04:38.857+0000] {processor.py:186} INFO - Started process (PID=1924) to work on /home/airflow/.local/lib/python3.12/site-packages/airflow/example_dags/example_latest_only_with_trigger.py
[2024-11-18T06:04:38.858+0000] {processor.py:914} INFO - Processing file /home/airflow/.local/lib/python3.12/site-packages/airflow/example_dags/example_latest_only_with_trigger.py for tasks to queue
[2024-11-18T06:04:38.860+0000] {logging_mixin.py:190} INFO - [2024-11-18T06:04:38.860+0000] {dagbag.py:588} INFO - Filling up the DagBag from /home/airflow/.local/lib/python3.12/site-packages/airflow/example_dags/example_latest_only_with_trigger.py
[2024-11-18T06:04:38.866+0000] {processor.py:925} INFO - DAG(s) 'latest_only_with_trigger' retrieved from /home/airflow/.local/lib/python3.12/site-packages/airflow/example_dags/example_latest_only_with_trigger.py
[2024-11-18T06:04:38.883+0000] {logging_mixin.py:190} INFO - [2024-11-18T06:04:38.883+0000] {dag.py:3239} INFO - Sync 1 DAGs
[2024-11-18T06:04:38.898+0000] {logging_mixin.py:190} INFO - [2024-11-18T06:04:38.898+0000] {dag.py:4180} INFO - Setting next_dagrun for latest_only_with_trigger to 2024-11-18 00:00:00+00:00, run_after=2024-11-18 04:00:00+00:00
[2024-11-18T06:04:38.911+0000] {processor.py:208} INFO - Processing /home/airflow/.local/lib/python3.12/site-packages/airflow/example_dags/example_latest_only_with_trigger.py took 0.057 seconds
[2024-11-18T06:05:09.325+0000] {processor.py:186} INFO - Started process (PID=1988) to work on /home/airflow/.local/lib/python3.12/site-packages/airflow/example_dags/example_latest_only_with_trigger.py
[2024-11-18T06:05:09.327+0000] {processor.py:914} INFO - Processing file /home/airflow/.local/lib/python3.12/site-packages/airflow/example_dags/example_latest_only_with_trigger.py for tasks to queue
[2024-11-18T06:05:09.329+0000] {logging_mixin.py:190} INFO - [2024-11-18T06:05:09.329+0000] {dagbag.py:588} INFO - Filling up the DagBag from /home/airflow/.local/lib/python3.12/site-packages/airflow/example_dags/example_latest_only_with_trigger.py
[2024-11-18T06:05:09.335+0000] {processor.py:925} INFO - DAG(s) 'latest_only_with_trigger' retrieved from /home/airflow/.local/lib/python3.12/site-packages/airflow/example_dags/example_latest_only_with_trigger.py
[2024-11-18T06:05:09.351+0000] {logging_mixin.py:190} INFO - [2024-11-18T06:05:09.351+0000] {dag.py:3239} INFO - Sync 1 DAGs
[2024-11-18T06:05:09.366+0000] {logging_mixin.py:190} INFO - [2024-11-18T06:05:09.366+0000] {dag.py:4180} INFO - Setting next_dagrun for latest_only_with_trigger to 2024-11-18 00:00:00+00:00, run_after=2024-11-18 04:00:00+00:00
[2024-11-18T06:05:09.383+0000] {processor.py:208} INFO - Processing /home/airflow/.local/lib/python3.12/site-packages/airflow/example_dags/example_latest_only_with_trigger.py took 0.062 seconds
[2024-11-18T06:05:39.541+0000] {processor.py:186} INFO - Started process (PID=2052) to work on /home/airflow/.local/lib/python3.12/site-packages/airflow/example_dags/example_latest_only_with_trigger.py
[2024-11-18T06:05:39.542+0000] {processor.py:914} INFO - Processing file /home/airflow/.local/lib/python3.12/site-packages/airflow/example_dags/example_latest_only_with_trigger.py for tasks to queue
[2024-11-18T06:05:39.545+0000] {logging_mixin.py:190} INFO - [2024-11-18T06:05:39.544+0000] {dagbag.py:588} INFO - Filling up the DagBag from /home/airflow/.local/lib/python3.12/site-packages/airflow/example_dags/example_latest_only_with_trigger.py
[2024-11-18T06:05:39.551+0000] {processor.py:925} INFO - DAG(s) 'latest_only_with_trigger' retrieved from /home/airflow/.local/lib/python3.12/site-packages/airflow/example_dags/example_latest_only_with_trigger.py
[2024-11-18T06:05:39.566+0000] {logging_mixin.py:190} INFO - [2024-11-18T06:05:39.566+0000] {dag.py:3239} INFO - Sync 1 DAGs
[2024-11-18T06:05:39.582+0000] {logging_mixin.py:190} INFO - [2024-11-18T06:05:39.582+0000] {dag.py:4180} INFO - Setting next_dagrun for latest_only_with_trigger to 2024-11-18 00:00:00+00:00, run_after=2024-11-18 04:00:00+00:00
[2024-11-18T06:05:39.594+0000] {processor.py:208} INFO - Processing /home/airflow/.local/lib/python3.12/site-packages/airflow/example_dags/example_latest_only_with_trigger.py took 0.057 seconds
[2024-11-18T06:06:10.838+0000] {processor.py:186} INFO - Started process (PID=2116) to work on /home/airflow/.local/lib/python3.12/site-packages/airflow/example_dags/example_latest_only_with_trigger.py
[2024-11-18T06:06:10.839+0000] {processor.py:914} INFO - Processing file /home/airflow/.local/lib/python3.12/site-packages/airflow/example_dags/example_latest_only_with_trigger.py for tasks to queue
[2024-11-18T06:06:10.843+0000] {logging_mixin.py:190} INFO - [2024-11-18T06:06:10.842+0000] {dagbag.py:588} INFO - Filling up the DagBag from /home/airflow/.local/lib/python3.12/site-packages/airflow/example_dags/example_latest_only_with_trigger.py
[2024-11-18T06:06:10.850+0000] {processor.py:925} INFO - DAG(s) 'latest_only_with_trigger' retrieved from /home/airflow/.local/lib/python3.12/site-packages/airflow/example_dags/example_latest_only_with_trigger.py
[2024-11-18T06:06:10.867+0000] {logging_mixin.py:190} INFO - [2024-11-18T06:06:10.867+0000] {dag.py:3239} INFO - Sync 1 DAGs
[2024-11-18T06:06:10.885+0000] {logging_mixin.py:190} INFO - [2024-11-18T06:06:10.885+0000] {dag.py:4180} INFO - Setting next_dagrun for latest_only_with_trigger to 2024-11-18 00:00:00+00:00, run_after=2024-11-18 04:00:00+00:00
[2024-11-18T06:06:10.902+0000] {processor.py:208} INFO - Processing /home/airflow/.local/lib/python3.12/site-packages/airflow/example_dags/example_latest_only_with_trigger.py took 0.072 seconds
[2024-11-18T06:06:41.721+0000] {processor.py:186} INFO - Started process (PID=2180) to work on /home/airflow/.local/lib/python3.12/site-packages/airflow/example_dags/example_latest_only_with_trigger.py
[2024-11-18T06:06:41.722+0000] {processor.py:914} INFO - Processing file /home/airflow/.local/lib/python3.12/site-packages/airflow/example_dags/example_latest_only_with_trigger.py for tasks to queue
[2024-11-18T06:06:41.724+0000] {logging_mixin.py:190} INFO - [2024-11-18T06:06:41.724+0000] {dagbag.py:588} INFO - Filling up the DagBag from /home/airflow/.local/lib/python3.12/site-packages/airflow/example_dags/example_latest_only_with_trigger.py
[2024-11-18T06:06:41.730+0000] {processor.py:925} INFO - DAG(s) 'latest_only_with_trigger' retrieved from /home/airflow/.local/lib/python3.12/site-packages/airflow/example_dags/example_latest_only_with_trigger.py
[2024-11-18T06:06:41.744+0000] {logging_mixin.py:190} INFO - [2024-11-18T06:06:41.744+0000] {dag.py:3239} INFO - Sync 1 DAGs
[2024-11-18T06:06:41.761+0000] {logging_mixin.py:190} INFO - [2024-11-18T06:06:41.761+0000] {dag.py:4180} INFO - Setting next_dagrun for latest_only_with_trigger to 2024-11-18 00:00:00+00:00, run_after=2024-11-18 04:00:00+00:00
[2024-11-18T06:06:41.777+0000] {processor.py:208} INFO - Processing /home/airflow/.local/lib/python3.12/site-packages/airflow/example_dags/example_latest_only_with_trigger.py took 0.060 seconds
[2024-11-18T06:07:12.535+0000] {processor.py:186} INFO - Started process (PID=2225) to work on /home/airflow/.local/lib/python3.12/site-packages/airflow/example_dags/example_latest_only_with_trigger.py
[2024-11-18T06:07:12.536+0000] {processor.py:914} INFO - Processing file /home/airflow/.local/lib/python3.12/site-packages/airflow/example_dags/example_latest_only_with_trigger.py for tasks to queue
[2024-11-18T06:07:12.538+0000] {logging_mixin.py:190} INFO - [2024-11-18T06:07:12.538+0000] {dagbag.py:588} INFO - Filling up the DagBag from /home/airflow/.local/lib/python3.12/site-packages/airflow/example_dags/example_latest_only_with_trigger.py
[2024-11-18T06:07:12.543+0000] {processor.py:925} INFO - DAG(s) 'latest_only_with_trigger' retrieved from /home/airflow/.local/lib/python3.12/site-packages/airflow/example_dags/example_latest_only_with_trigger.py
[2024-11-18T06:07:12.559+0000] {logging_mixin.py:190} INFO - [2024-11-18T06:07:12.559+0000] {dag.py:3239} INFO - Sync 1 DAGs
[2024-11-18T06:07:12.579+0000] {logging_mixin.py:190} INFO - [2024-11-18T06:07:12.578+0000] {dag.py:4180} INFO - Setting next_dagrun for latest_only_with_trigger to 2024-11-18 00:00:00+00:00, run_after=2024-11-18 04:00:00+00:00
[2024-11-18T06:07:12.595+0000] {processor.py:208} INFO - Processing /home/airflow/.local/lib/python3.12/site-packages/airflow/example_dags/example_latest_only_with_trigger.py took 0.065 seconds
[2024-11-18T06:07:43.827+0000] {processor.py:186} INFO - Started process (PID=2289) to work on /home/airflow/.local/lib/python3.12/site-packages/airflow/example_dags/example_latest_only_with_trigger.py
[2024-11-18T06:07:43.828+0000] {processor.py:914} INFO - Processing file /home/airflow/.local/lib/python3.12/site-packages/airflow/example_dags/example_latest_only_with_trigger.py for tasks to queue
[2024-11-18T06:07:43.831+0000] {logging_mixin.py:190} INFO - [2024-11-18T06:07:43.830+0000] {dagbag.py:588} INFO - Filling up the DagBag from /home/airflow/.local/lib/python3.12/site-packages/airflow/example_dags/example_latest_only_with_trigger.py
[2024-11-18T06:07:43.836+0000] {processor.py:925} INFO - DAG(s) 'latest_only_with_trigger' retrieved from /home/airflow/.local/lib/python3.12/site-packages/airflow/example_dags/example_latest_only_with_trigger.py
[2024-11-18T06:07:43.852+0000] {logging_mixin.py:190} INFO - [2024-11-18T06:07:43.852+0000] {dag.py:3239} INFO - Sync 1 DAGs
[2024-11-18T06:07:43.870+0000] {logging_mixin.py:190} INFO - [2024-11-18T06:07:43.870+0000] {dag.py:4180} INFO - Setting next_dagrun for latest_only_with_trigger to 2024-11-18 00:00:00+00:00, run_after=2024-11-18 04:00:00+00:00
[2024-11-18T06:07:43.884+0000] {processor.py:208} INFO - Processing /home/airflow/.local/lib/python3.12/site-packages/airflow/example_dags/example_latest_only_with_trigger.py took 0.061 seconds
[2024-11-18T06:08:14.481+0000] {processor.py:186} INFO - Started process (PID=2353) to work on /home/airflow/.local/lib/python3.12/site-packages/airflow/example_dags/example_latest_only_with_trigger.py
[2024-11-18T06:08:14.482+0000] {processor.py:914} INFO - Processing file /home/airflow/.local/lib/python3.12/site-packages/airflow/example_dags/example_latest_only_with_trigger.py for tasks to queue
[2024-11-18T06:08:14.485+0000] {logging_mixin.py:190} INFO - [2024-11-18T06:08:14.485+0000] {dagbag.py:588} INFO - Filling up the DagBag from /home/airflow/.local/lib/python3.12/site-packages/airflow/example_dags/example_latest_only_with_trigger.py
[2024-11-18T06:08:14.491+0000] {processor.py:925} INFO - DAG(s) 'latest_only_with_trigger' retrieved from /home/airflow/.local/lib/python3.12/site-packages/airflow/example_dags/example_latest_only_with_trigger.py
[2024-11-18T06:08:14.509+0000] {logging_mixin.py:190} INFO - [2024-11-18T06:08:14.509+0000] {dag.py:3239} INFO - Sync 1 DAGs
[2024-11-18T06:08:14.528+0000] {logging_mixin.py:190} INFO - [2024-11-18T06:08:14.528+0000] {dag.py:4180} INFO - Setting next_dagrun for latest_only_with_trigger to 2024-11-18 00:00:00+00:00, run_after=2024-11-18 04:00:00+00:00
[2024-11-18T06:08:14.545+0000] {processor.py:208} INFO - Processing /home/airflow/.local/lib/python3.12/site-packages/airflow/example_dags/example_latest_only_with_trigger.py took 0.068 seconds
[2024-11-18T06:08:45.274+0000] {processor.py:186} INFO - Started process (PID=2417) to work on /home/airflow/.local/lib/python3.12/site-packages/airflow/example_dags/example_latest_only_with_trigger.py
[2024-11-18T06:08:45.276+0000] {processor.py:914} INFO - Processing file /home/airflow/.local/lib/python3.12/site-packages/airflow/example_dags/example_latest_only_with_trigger.py for tasks to queue
[2024-11-18T06:08:45.278+0000] {logging_mixin.py:190} INFO - [2024-11-18T06:08:45.277+0000] {dagbag.py:588} INFO - Filling up the DagBag from /home/airflow/.local/lib/python3.12/site-packages/airflow/example_dags/example_latest_only_with_trigger.py
[2024-11-18T06:08:45.283+0000] {processor.py:925} INFO - DAG(s) 'latest_only_with_trigger' retrieved from /home/airflow/.local/lib/python3.12/site-packages/airflow/example_dags/example_latest_only_with_trigger.py
[2024-11-18T06:08:45.301+0000] {logging_mixin.py:190} INFO - [2024-11-18T06:08:45.301+0000] {dag.py:3239} INFO - Sync 1 DAGs
[2024-11-18T06:08:45.320+0000] {logging_mixin.py:190} INFO - [2024-11-18T06:08:45.320+0000] {dag.py:4180} INFO - Setting next_dagrun for latest_only_with_trigger to 2024-11-18 00:00:00+00:00, run_after=2024-11-18 04:00:00+00:00
[2024-11-18T06:08:45.337+0000] {processor.py:208} INFO - Processing /home/airflow/.local/lib/python3.12/site-packages/airflow/example_dags/example_latest_only_with_trigger.py took 0.067 seconds
[2024-11-18T06:09:16.036+0000] {processor.py:186} INFO - Started process (PID=2475) to work on /home/airflow/.local/lib/python3.12/site-packages/airflow/example_dags/example_latest_only_with_trigger.py
[2024-11-18T06:09:16.037+0000] {processor.py:914} INFO - Processing file /home/airflow/.local/lib/python3.12/site-packages/airflow/example_dags/example_latest_only_with_trigger.py for tasks to queue
[2024-11-18T06:09:16.040+0000] {logging_mixin.py:190} INFO - [2024-11-18T06:09:16.040+0000] {dagbag.py:588} INFO - Filling up the DagBag from /home/airflow/.local/lib/python3.12/site-packages/airflow/example_dags/example_latest_only_with_trigger.py
[2024-11-18T06:09:16.047+0000] {processor.py:925} INFO - DAG(s) 'latest_only_with_trigger' retrieved from /home/airflow/.local/lib/python3.12/site-packages/airflow/example_dags/example_latest_only_with_trigger.py
[2024-11-18T06:09:16.065+0000] {logging_mixin.py:190} INFO - [2024-11-18T06:09:16.065+0000] {dag.py:3239} INFO - Sync 1 DAGs
[2024-11-18T06:09:16.084+0000] {logging_mixin.py:190} INFO - [2024-11-18T06:09:16.084+0000] {dag.py:4180} INFO - Setting next_dagrun for latest_only_with_trigger to 2024-11-18 00:00:00+00:00, run_after=2024-11-18 04:00:00+00:00
[2024-11-18T06:09:16.101+0000] {processor.py:208} INFO - Processing /home/airflow/.local/lib/python3.12/site-packages/airflow/example_dags/example_latest_only_with_trigger.py took 0.069 seconds
[2024-11-18T06:09:46.273+0000] {processor.py:186} INFO - Started process (PID=2538) to work on /home/airflow/.local/lib/python3.12/site-packages/airflow/example_dags/example_latest_only_with_trigger.py
[2024-11-18T06:09:46.274+0000] {processor.py:914} INFO - Processing file /home/airflow/.local/lib/python3.12/site-packages/airflow/example_dags/example_latest_only_with_trigger.py for tasks to queue
[2024-11-18T06:09:46.277+0000] {logging_mixin.py:190} INFO - [2024-11-18T06:09:46.276+0000] {dagbag.py:588} INFO - Filling up the DagBag from /home/airflow/.local/lib/python3.12/site-packages/airflow/example_dags/example_latest_only_with_trigger.py
[2024-11-18T06:09:46.285+0000] {processor.py:925} INFO - DAG(s) 'latest_only_with_trigger' retrieved from /home/airflow/.local/lib/python3.12/site-packages/airflow/example_dags/example_latest_only_with_trigger.py
[2024-11-18T06:09:46.311+0000] {logging_mixin.py:190} INFO - [2024-11-18T06:09:46.310+0000] {dag.py:3239} INFO - Sync 1 DAGs
[2024-11-18T06:09:46.337+0000] {logging_mixin.py:190} INFO - [2024-11-18T06:09:46.337+0000] {dag.py:4180} INFO - Setting next_dagrun for latest_only_with_trigger to 2024-11-18 00:00:00+00:00, run_after=2024-11-18 04:00:00+00:00
[2024-11-18T06:09:46.361+0000] {processor.py:208} INFO - Processing /home/airflow/.local/lib/python3.12/site-packages/airflow/example_dags/example_latest_only_with_trigger.py took 0.094 seconds
[2024-11-18T06:10:16.623+0000] {processor.py:186} INFO - Started process (PID=2602) to work on /home/airflow/.local/lib/python3.12/site-packages/airflow/example_dags/example_latest_only_with_trigger.py
[2024-11-18T06:10:16.625+0000] {processor.py:914} INFO - Processing file /home/airflow/.local/lib/python3.12/site-packages/airflow/example_dags/example_latest_only_with_trigger.py for tasks to queue
[2024-11-18T06:10:16.628+0000] {logging_mixin.py:190} INFO - [2024-11-18T06:10:16.628+0000] {dagbag.py:588} INFO - Filling up the DagBag from /home/airflow/.local/lib/python3.12/site-packages/airflow/example_dags/example_latest_only_with_trigger.py
[2024-11-18T06:10:16.638+0000] {processor.py:925} INFO - DAG(s) 'latest_only_with_trigger' retrieved from /home/airflow/.local/lib/python3.12/site-packages/airflow/example_dags/example_latest_only_with_trigger.py
[2024-11-18T06:10:16.664+0000] {logging_mixin.py:190} INFO - [2024-11-18T06:10:16.664+0000] {dag.py:3239} INFO - Sync 1 DAGs
[2024-11-18T06:10:16.692+0000] {logging_mixin.py:190} INFO - [2024-11-18T06:10:16.692+0000] {dag.py:4180} INFO - Setting next_dagrun for latest_only_with_trigger to 2024-11-18 00:00:00+00:00, run_after=2024-11-18 04:00:00+00:00
[2024-11-18T06:10:16.713+0000] {processor.py:208} INFO - Processing /home/airflow/.local/lib/python3.12/site-packages/airflow/example_dags/example_latest_only_with_trigger.py took 0.096 seconds
[2024-11-18T06:10:47.253+0000] {processor.py:186} INFO - Started process (PID=2666) to work on /home/airflow/.local/lib/python3.12/site-packages/airflow/example_dags/example_latest_only_with_trigger.py
[2024-11-18T06:10:47.255+0000] {processor.py:914} INFO - Processing file /home/airflow/.local/lib/python3.12/site-packages/airflow/example_dags/example_latest_only_with_trigger.py for tasks to queue
[2024-11-18T06:10:47.257+0000] {logging_mixin.py:190} INFO - [2024-11-18T06:10:47.257+0000] {dagbag.py:588} INFO - Filling up the DagBag from /home/airflow/.local/lib/python3.12/site-packages/airflow/example_dags/example_latest_only_with_trigger.py
[2024-11-18T06:10:47.265+0000] {processor.py:925} INFO - DAG(s) 'latest_only_with_trigger' retrieved from /home/airflow/.local/lib/python3.12/site-packages/airflow/example_dags/example_latest_only_with_trigger.py
[2024-11-18T06:10:47.285+0000] {logging_mixin.py:190} INFO - [2024-11-18T06:10:47.285+0000] {dag.py:3239} INFO - Sync 1 DAGs
[2024-11-18T06:10:47.306+0000] {logging_mixin.py:190} INFO - [2024-11-18T06:10:47.306+0000] {dag.py:4180} INFO - Setting next_dagrun for latest_only_with_trigger to 2024-11-18 00:00:00+00:00, run_after=2024-11-18 04:00:00+00:00
[2024-11-18T06:10:47.323+0000] {processor.py:208} INFO - Processing /home/airflow/.local/lib/python3.12/site-packages/airflow/example_dags/example_latest_only_with_trigger.py took 0.074 seconds
[2024-11-18T06:11:18.309+0000] {processor.py:186} INFO - Started process (PID=2727) to work on /home/airflow/.local/lib/python3.12/site-packages/airflow/example_dags/example_latest_only_with_trigger.py
[2024-11-18T06:11:18.310+0000] {processor.py:914} INFO - Processing file /home/airflow/.local/lib/python3.12/site-packages/airflow/example_dags/example_latest_only_with_trigger.py for tasks to queue
[2024-11-18T06:11:18.313+0000] {logging_mixin.py:190} INFO - [2024-11-18T06:11:18.313+0000] {dagbag.py:588} INFO - Filling up the DagBag from /home/airflow/.local/lib/python3.12/site-packages/airflow/example_dags/example_latest_only_with_trigger.py
[2024-11-18T06:11:18.325+0000] {processor.py:925} INFO - DAG(s) 'latest_only_with_trigger' retrieved from /home/airflow/.local/lib/python3.12/site-packages/airflow/example_dags/example_latest_only_with_trigger.py
[2024-11-18T06:11:18.352+0000] {logging_mixin.py:190} INFO - [2024-11-18T06:11:18.351+0000] {dag.py:3239} INFO - Sync 1 DAGs
[2024-11-18T06:11:18.380+0000] {logging_mixin.py:190} INFO - [2024-11-18T06:11:18.379+0000] {dag.py:4180} INFO - Setting next_dagrun for latest_only_with_trigger to 2024-11-18 00:00:00+00:00, run_after=2024-11-18 04:00:00+00:00
[2024-11-18T06:11:18.399+0000] {processor.py:208} INFO - Processing /home/airflow/.local/lib/python3.12/site-packages/airflow/example_dags/example_latest_only_with_trigger.py took 0.095 seconds
[2024-11-18T06:11:49.161+0000] {processor.py:186} INFO - Started process (PID=2791) to work on /home/airflow/.local/lib/python3.12/site-packages/airflow/example_dags/example_latest_only_with_trigger.py
[2024-11-18T06:11:49.162+0000] {processor.py:914} INFO - Processing file /home/airflow/.local/lib/python3.12/site-packages/airflow/example_dags/example_latest_only_with_trigger.py for tasks to queue
[2024-11-18T06:11:49.164+0000] {logging_mixin.py:190} INFO - [2024-11-18T06:11:49.164+0000] {dagbag.py:588} INFO - Filling up the DagBag from /home/airflow/.local/lib/python3.12/site-packages/airflow/example_dags/example_latest_only_with_trigger.py
[2024-11-18T06:11:49.170+0000] {processor.py:925} INFO - DAG(s) 'latest_only_with_trigger' retrieved from /home/airflow/.local/lib/python3.12/site-packages/airflow/example_dags/example_latest_only_with_trigger.py
[2024-11-18T06:11:49.186+0000] {logging_mixin.py:190} INFO - [2024-11-18T06:11:49.185+0000] {dag.py:3239} INFO - Sync 1 DAGs
[2024-11-18T06:11:49.205+0000] {logging_mixin.py:190} INFO - [2024-11-18T06:11:49.205+0000] {dag.py:4180} INFO - Setting next_dagrun for latest_only_with_trigger to 2024-11-18 00:00:00+00:00, run_after=2024-11-18 04:00:00+00:00
[2024-11-18T06:11:49.219+0000] {processor.py:208} INFO - Processing /home/airflow/.local/lib/python3.12/site-packages/airflow/example_dags/example_latest_only_with_trigger.py took 0.063 seconds
[2024-11-18T06:12:20.515+0000] {processor.py:186} INFO - Started process (PID=2861) to work on /home/airflow/.local/lib/python3.12/site-packages/airflow/example_dags/example_latest_only_with_trigger.py
[2024-11-18T06:12:20.516+0000] {processor.py:914} INFO - Processing file /home/airflow/.local/lib/python3.12/site-packages/airflow/example_dags/example_latest_only_with_trigger.py for tasks to queue
[2024-11-18T06:12:20.518+0000] {logging_mixin.py:190} INFO - [2024-11-18T06:12:20.517+0000] {dagbag.py:588} INFO - Filling up the DagBag from /home/airflow/.local/lib/python3.12/site-packages/airflow/example_dags/example_latest_only_with_trigger.py
[2024-11-18T06:12:20.523+0000] {processor.py:925} INFO - DAG(s) 'latest_only_with_trigger' retrieved from /home/airflow/.local/lib/python3.12/site-packages/airflow/example_dags/example_latest_only_with_trigger.py
[2024-11-18T06:12:20.541+0000] {logging_mixin.py:190} INFO - [2024-11-18T06:12:20.541+0000] {dag.py:3239} INFO - Sync 1 DAGs
[2024-11-18T06:12:20.560+0000] {logging_mixin.py:190} INFO - [2024-11-18T06:12:20.560+0000] {dag.py:4180} INFO - Setting next_dagrun for latest_only_with_trigger to 2024-11-18 00:00:00+00:00, run_after=2024-11-18 04:00:00+00:00
[2024-11-18T06:12:20.581+0000] {processor.py:208} INFO - Processing /home/airflow/.local/lib/python3.12/site-packages/airflow/example_dags/example_latest_only_with_trigger.py took 0.070 seconds
[2024-11-18T06:12:51.460+0000] {processor.py:186} INFO - Started process (PID=2925) to work on /home/airflow/.local/lib/python3.12/site-packages/airflow/example_dags/example_latest_only_with_trigger.py
[2024-11-18T06:12:51.461+0000] {processor.py:914} INFO - Processing file /home/airflow/.local/lib/python3.12/site-packages/airflow/example_dags/example_latest_only_with_trigger.py for tasks to queue
[2024-11-18T06:12:51.463+0000] {logging_mixin.py:190} INFO - [2024-11-18T06:12:51.463+0000] {dagbag.py:588} INFO - Filling up the DagBag from /home/airflow/.local/lib/python3.12/site-packages/airflow/example_dags/example_latest_only_with_trigger.py
[2024-11-18T06:12:51.470+0000] {processor.py:925} INFO - DAG(s) 'latest_only_with_trigger' retrieved from /home/airflow/.local/lib/python3.12/site-packages/airflow/example_dags/example_latest_only_with_trigger.py
[2024-11-18T06:12:51.487+0000] {logging_mixin.py:190} INFO - [2024-11-18T06:12:51.486+0000] {dag.py:3239} INFO - Sync 1 DAGs
[2024-11-18T06:12:51.505+0000] {logging_mixin.py:190} INFO - [2024-11-18T06:12:51.505+0000] {dag.py:4180} INFO - Setting next_dagrun for latest_only_with_trigger to 2024-11-18 00:00:00+00:00, run_after=2024-11-18 04:00:00+00:00
[2024-11-18T06:12:51.519+0000] {processor.py:208} INFO - Processing /home/airflow/.local/lib/python3.12/site-packages/airflow/example_dags/example_latest_only_with_trigger.py took 0.063 seconds
[2024-11-18T06:13:22.331+0000] {processor.py:186} INFO - Started process (PID=2989) to work on /home/airflow/.local/lib/python3.12/site-packages/airflow/example_dags/example_latest_only_with_trigger.py
[2024-11-18T06:13:22.332+0000] {processor.py:914} INFO - Processing file /home/airflow/.local/lib/python3.12/site-packages/airflow/example_dags/example_latest_only_with_trigger.py for tasks to queue
[2024-11-18T06:13:22.334+0000] {logging_mixin.py:190} INFO - [2024-11-18T06:13:22.334+0000] {dagbag.py:588} INFO - Filling up the DagBag from /home/airflow/.local/lib/python3.12/site-packages/airflow/example_dags/example_latest_only_with_trigger.py
[2024-11-18T06:13:22.340+0000] {processor.py:925} INFO - DAG(s) 'latest_only_with_trigger' retrieved from /home/airflow/.local/lib/python3.12/site-packages/airflow/example_dags/example_latest_only_with_trigger.py
[2024-11-18T06:13:22.355+0000] {logging_mixin.py:190} INFO - [2024-11-18T06:13:22.355+0000] {dag.py:3239} INFO - Sync 1 DAGs
[2024-11-18T06:13:22.375+0000] {logging_mixin.py:190} INFO - [2024-11-18T06:13:22.375+0000] {dag.py:4180} INFO - Setting next_dagrun for latest_only_with_trigger to 2024-11-18 00:00:00+00:00, run_after=2024-11-18 04:00:00+00:00
[2024-11-18T06:13:22.390+0000] {processor.py:208} INFO - Processing /home/airflow/.local/lib/python3.12/site-packages/airflow/example_dags/example_latest_only_with_trigger.py took 0.063 seconds
[2024-11-18T06:13:53.268+0000] {processor.py:186} INFO - Started process (PID=3053) to work on /home/airflow/.local/lib/python3.12/site-packages/airflow/example_dags/example_latest_only_with_trigger.py
[2024-11-18T06:13:53.269+0000] {processor.py:914} INFO - Processing file /home/airflow/.local/lib/python3.12/site-packages/airflow/example_dags/example_latest_only_with_trigger.py for tasks to queue
[2024-11-18T06:13:53.270+0000] {logging_mixin.py:190} INFO - [2024-11-18T06:13:53.270+0000] {dagbag.py:588} INFO - Filling up the DagBag from /home/airflow/.local/lib/python3.12/site-packages/airflow/example_dags/example_latest_only_with_trigger.py
[2024-11-18T06:13:53.276+0000] {processor.py:925} INFO - DAG(s) 'latest_only_with_trigger' retrieved from /home/airflow/.local/lib/python3.12/site-packages/airflow/example_dags/example_latest_only_with_trigger.py
[2024-11-18T06:13:53.294+0000] {logging_mixin.py:190} INFO - [2024-11-18T06:13:53.294+0000] {dag.py:3239} INFO - Sync 1 DAGs
[2024-11-18T06:13:53.314+0000] {logging_mixin.py:190} INFO - [2024-11-18T06:13:53.314+0000] {dag.py:4180} INFO - Setting next_dagrun for latest_only_with_trigger to 2024-11-18 00:00:00+00:00, run_after=2024-11-18 04:00:00+00:00
[2024-11-18T06:13:53.330+0000] {processor.py:208} INFO - Processing /home/airflow/.local/lib/python3.12/site-packages/airflow/example_dags/example_latest_only_with_trigger.py took 0.067 seconds
[2024-11-18T06:14:24.210+0000] {processor.py:186} INFO - Started process (PID=3117) to work on /home/airflow/.local/lib/python3.12/site-packages/airflow/example_dags/example_latest_only_with_trigger.py
[2024-11-18T06:14:24.212+0000] {processor.py:914} INFO - Processing file /home/airflow/.local/lib/python3.12/site-packages/airflow/example_dags/example_latest_only_with_trigger.py for tasks to queue
[2024-11-18T06:14:24.214+0000] {logging_mixin.py:190} INFO - [2024-11-18T06:14:24.214+0000] {dagbag.py:588} INFO - Filling up the DagBag from /home/airflow/.local/lib/python3.12/site-packages/airflow/example_dags/example_latest_only_with_trigger.py
[2024-11-18T06:14:24.220+0000] {processor.py:925} INFO - DAG(s) 'latest_only_with_trigger' retrieved from /home/airflow/.local/lib/python3.12/site-packages/airflow/example_dags/example_latest_only_with_trigger.py
[2024-11-18T06:14:24.236+0000] {logging_mixin.py:190} INFO - [2024-11-18T06:14:24.236+0000] {dag.py:3239} INFO - Sync 1 DAGs
[2024-11-18T06:14:24.255+0000] {logging_mixin.py:190} INFO - [2024-11-18T06:14:24.255+0000] {dag.py:4180} INFO - Setting next_dagrun for latest_only_with_trigger to 2024-11-18 00:00:00+00:00, run_after=2024-11-18 04:00:00+00:00
[2024-11-18T06:14:24.272+0000] {processor.py:208} INFO - Processing /home/airflow/.local/lib/python3.12/site-packages/airflow/example_dags/example_latest_only_with_trigger.py took 0.066 seconds
[2024-11-18T06:14:54.949+0000] {processor.py:186} INFO - Started process (PID=3181) to work on /home/airflow/.local/lib/python3.12/site-packages/airflow/example_dags/example_latest_only_with_trigger.py
[2024-11-18T06:14:54.950+0000] {processor.py:914} INFO - Processing file /home/airflow/.local/lib/python3.12/site-packages/airflow/example_dags/example_latest_only_with_trigger.py for tasks to queue
[2024-11-18T06:14:54.952+0000] {logging_mixin.py:190} INFO - [2024-11-18T06:14:54.952+0000] {dagbag.py:588} INFO - Filling up the DagBag from /home/airflow/.local/lib/python3.12/site-packages/airflow/example_dags/example_latest_only_with_trigger.py
[2024-11-18T06:14:54.959+0000] {processor.py:925} INFO - DAG(s) 'latest_only_with_trigger' retrieved from /home/airflow/.local/lib/python3.12/site-packages/airflow/example_dags/example_latest_only_with_trigger.py
[2024-11-18T06:14:54.978+0000] {logging_mixin.py:190} INFO - [2024-11-18T06:14:54.978+0000] {dag.py:3239} INFO - Sync 1 DAGs
[2024-11-18T06:14:54.997+0000] {logging_mixin.py:190} INFO - [2024-11-18T06:14:54.996+0000] {dag.py:4180} INFO - Setting next_dagrun for latest_only_with_trigger to 2024-11-18 00:00:00+00:00, run_after=2024-11-18 04:00:00+00:00
[2024-11-18T06:14:55.015+0000] {processor.py:208} INFO - Processing /home/airflow/.local/lib/python3.12/site-packages/airflow/example_dags/example_latest_only_with_trigger.py took 0.071 seconds
[2024-11-18T06:15:26.442+0000] {processor.py:186} INFO - Started process (PID=3245) to work on /home/airflow/.local/lib/python3.12/site-packages/airflow/example_dags/example_latest_only_with_trigger.py
[2024-11-18T06:15:26.444+0000] {processor.py:914} INFO - Processing file /home/airflow/.local/lib/python3.12/site-packages/airflow/example_dags/example_latest_only_with_trigger.py for tasks to queue
[2024-11-18T06:15:26.446+0000] {logging_mixin.py:190} INFO - [2024-11-18T06:15:26.446+0000] {dagbag.py:588} INFO - Filling up the DagBag from /home/airflow/.local/lib/python3.12/site-packages/airflow/example_dags/example_latest_only_with_trigger.py
[2024-11-18T06:15:26.452+0000] {processor.py:925} INFO - DAG(s) 'latest_only_with_trigger' retrieved from /home/airflow/.local/lib/python3.12/site-packages/airflow/example_dags/example_latest_only_with_trigger.py
[2024-11-18T06:15:26.470+0000] {logging_mixin.py:190} INFO - [2024-11-18T06:15:26.469+0000] {dag.py:3239} INFO - Sync 1 DAGs
[2024-11-18T06:15:26.487+0000] {logging_mixin.py:190} INFO - [2024-11-18T06:15:26.487+0000] {dag.py:4180} INFO - Setting next_dagrun for latest_only_with_trigger to 2024-11-18 00:00:00+00:00, run_after=2024-11-18 04:00:00+00:00
[2024-11-18T06:15:26.504+0000] {processor.py:208} INFO - Processing /home/airflow/.local/lib/python3.12/site-packages/airflow/example_dags/example_latest_only_with_trigger.py took 0.066 seconds
[2024-11-18T06:15:57.540+0000] {processor.py:186} INFO - Started process (PID=3309) to work on /home/airflow/.local/lib/python3.12/site-packages/airflow/example_dags/example_latest_only_with_trigger.py
[2024-11-18T06:15:57.541+0000] {processor.py:914} INFO - Processing file /home/airflow/.local/lib/python3.12/site-packages/airflow/example_dags/example_latest_only_with_trigger.py for tasks to queue
[2024-11-18T06:15:57.543+0000] {logging_mixin.py:190} INFO - [2024-11-18T06:15:57.543+0000] {dagbag.py:588} INFO - Filling up the DagBag from /home/airflow/.local/lib/python3.12/site-packages/airflow/example_dags/example_latest_only_with_trigger.py
[2024-11-18T06:15:57.550+0000] {processor.py:925} INFO - DAG(s) 'latest_only_with_trigger' retrieved from /home/airflow/.local/lib/python3.12/site-packages/airflow/example_dags/example_latest_only_with_trigger.py
[2024-11-18T06:15:57.568+0000] {logging_mixin.py:190} INFO - [2024-11-18T06:15:57.568+0000] {dag.py:3239} INFO - Sync 1 DAGs
[2024-11-18T06:15:57.589+0000] {logging_mixin.py:190} INFO - [2024-11-18T06:15:57.588+0000] {dag.py:4180} INFO - Setting next_dagrun for latest_only_with_trigger to 2024-11-18 00:00:00+00:00, run_after=2024-11-18 04:00:00+00:00
[2024-11-18T06:15:57.605+0000] {processor.py:208} INFO - Processing /home/airflow/.local/lib/python3.12/site-packages/airflow/example_dags/example_latest_only_with_trigger.py took 0.070 seconds
[2024-11-18T06:16:28.357+0000] {processor.py:186} INFO - Started process (PID=3373) to work on /home/airflow/.local/lib/python3.12/site-packages/airflow/example_dags/example_latest_only_with_trigger.py
[2024-11-18T06:16:28.358+0000] {processor.py:914} INFO - Processing file /home/airflow/.local/lib/python3.12/site-packages/airflow/example_dags/example_latest_only_with_trigger.py for tasks to queue
[2024-11-18T06:16:28.360+0000] {logging_mixin.py:190} INFO - [2024-11-18T06:16:28.360+0000] {dagbag.py:588} INFO - Filling up the DagBag from /home/airflow/.local/lib/python3.12/site-packages/airflow/example_dags/example_latest_only_with_trigger.py
[2024-11-18T06:16:28.367+0000] {processor.py:925} INFO - DAG(s) 'latest_only_with_trigger' retrieved from /home/airflow/.local/lib/python3.12/site-packages/airflow/example_dags/example_latest_only_with_trigger.py
[2024-11-18T06:16:28.384+0000] {logging_mixin.py:190} INFO - [2024-11-18T06:16:28.384+0000] {dag.py:3239} INFO - Sync 1 DAGs
[2024-11-18T06:16:28.402+0000] {logging_mixin.py:190} INFO - [2024-11-18T06:16:28.402+0000] {dag.py:4180} INFO - Setting next_dagrun for latest_only_with_trigger to 2024-11-18 00:00:00+00:00, run_after=2024-11-18 04:00:00+00:00
[2024-11-18T06:16:28.539+0000] {processor.py:208} INFO - Processing /home/airflow/.local/lib/python3.12/site-packages/airflow/example_dags/example_latest_only_with_trigger.py took 0.186 seconds
[2024-11-18T06:16:58.982+0000] {processor.py:186} INFO - Started process (PID=3437) to work on /home/airflow/.local/lib/python3.12/site-packages/airflow/example_dags/example_latest_only_with_trigger.py
[2024-11-18T06:16:58.983+0000] {processor.py:914} INFO - Processing file /home/airflow/.local/lib/python3.12/site-packages/airflow/example_dags/example_latest_only_with_trigger.py for tasks to queue
[2024-11-18T06:16:58.985+0000] {logging_mixin.py:190} INFO - [2024-11-18T06:16:58.985+0000] {dagbag.py:588} INFO - Filling up the DagBag from /home/airflow/.local/lib/python3.12/site-packages/airflow/example_dags/example_latest_only_with_trigger.py
[2024-11-18T06:16:58.991+0000] {processor.py:925} INFO - DAG(s) 'latest_only_with_trigger' retrieved from /home/airflow/.local/lib/python3.12/site-packages/airflow/example_dags/example_latest_only_with_trigger.py
[2024-11-18T06:16:59.010+0000] {logging_mixin.py:190} INFO - [2024-11-18T06:16:59.010+0000] {dag.py:3239} INFO - Sync 1 DAGs
[2024-11-18T06:16:59.030+0000] {logging_mixin.py:190} INFO - [2024-11-18T06:16:59.030+0000] {dag.py:4180} INFO - Setting next_dagrun for latest_only_with_trigger to 2024-11-18 00:00:00+00:00, run_after=2024-11-18 04:00:00+00:00
[2024-11-18T06:16:59.047+0000] {processor.py:208} INFO - Processing /home/airflow/.local/lib/python3.12/site-packages/airflow/example_dags/example_latest_only_with_trigger.py took 0.070 seconds
[2024-11-18T06:17:29.685+0000] {processor.py:186} INFO - Started process (PID=3501) to work on /home/airflow/.local/lib/python3.12/site-packages/airflow/example_dags/example_latest_only_with_trigger.py
[2024-11-18T06:17:29.687+0000] {processor.py:914} INFO - Processing file /home/airflow/.local/lib/python3.12/site-packages/airflow/example_dags/example_latest_only_with_trigger.py for tasks to queue
[2024-11-18T06:17:29.690+0000] {logging_mixin.py:190} INFO - [2024-11-18T06:17:29.689+0000] {dagbag.py:588} INFO - Filling up the DagBag from /home/airflow/.local/lib/python3.12/site-packages/airflow/example_dags/example_latest_only_with_trigger.py
[2024-11-18T06:17:29.701+0000] {processor.py:925} INFO - DAG(s) 'latest_only_with_trigger' retrieved from /home/airflow/.local/lib/python3.12/site-packages/airflow/example_dags/example_latest_only_with_trigger.py
[2024-11-18T06:17:29.725+0000] {logging_mixin.py:190} INFO - [2024-11-18T06:17:29.725+0000] {dag.py:3239} INFO - Sync 1 DAGs
[2024-11-18T06:17:29.746+0000] {logging_mixin.py:190} INFO - [2024-11-18T06:17:29.745+0000] {dag.py:4180} INFO - Setting next_dagrun for latest_only_with_trigger to 2024-11-18 00:00:00+00:00, run_after=2024-11-18 04:00:00+00:00
[2024-11-18T06:17:29.768+0000] {processor.py:208} INFO - Processing /home/airflow/.local/lib/python3.12/site-packages/airflow/example_dags/example_latest_only_with_trigger.py took 0.090 seconds
