[2024-11-19T03:51:09.238+0000] {processor.py:186} INFO - Started process (PID=86) to work on /home/airflow/.local/lib/python3.12/site-packages/airflow/example_dags/example_dag_decorator.py
[2024-11-19T03:51:09.239+0000] {processor.py:914} INFO - Processing file /home/airflow/.local/lib/python3.12/site-packages/airflow/example_dags/example_dag_decorator.py for tasks to queue
[2024-11-19T03:51:09.241+0000] {logging_mixin.py:190} INFO - [2024-11-19T03:51:09.241+0000] {dagbag.py:588} INFO - Filling up the DagBag from /home/airflow/.local/lib/python3.12/site-packages/airflow/example_dags/example_dag_decorator.py
[2024-11-19T03:51:09.254+0000] {processor.py:925} INFO - DAG(s) 'example_dag_decorator' retrieved from /home/airflow/.local/lib/python3.12/site-packages/airflow/example_dags/example_dag_decorator.py
[2024-11-19T03:51:09.420+0000] {logging_mixin.py:190} INFO - [2024-11-19T03:51:09.419+0000] {override.py:1911} INFO - Created Permission View: can read on DAG:example_dag_decorator
[2024-11-19T03:51:09.431+0000] {logging_mixin.py:190} INFO - [2024-11-19T03:51:09.430+0000] {override.py:1911} INFO - Created Permission View: can edit on DAG:example_dag_decorator
[2024-11-19T03:51:09.438+0000] {logging_mixin.py:190} INFO - [2024-11-19T03:51:09.438+0000] {override.py:1911} INFO - Created Permission View: can delete on DAG:example_dag_decorator
[2024-11-19T03:51:09.447+0000] {logging_mixin.py:190} INFO - [2024-11-19T03:51:09.447+0000] {override.py:1911} INFO - Created Permission View: can read on DAG Run:example_dag_decorator
[2024-11-19T03:51:09.457+0000] {logging_mixin.py:190} INFO - [2024-11-19T03:51:09.456+0000] {override.py:1911} INFO - Created Permission View: menu access on DAG Run:example_dag_decorator
[2024-11-19T03:51:09.465+0000] {logging_mixin.py:190} INFO - [2024-11-19T03:51:09.465+0000] {override.py:1911} INFO - Created Permission View: can create on DAG Run:example_dag_decorator
[2024-11-19T03:51:09.475+0000] {logging_mixin.py:190} INFO - [2024-11-19T03:51:09.474+0000] {override.py:1911} INFO - Created Permission View: can delete on DAG Run:example_dag_decorator
[2024-11-19T03:51:09.475+0000] {logging_mixin.py:190} INFO - [2024-11-19T03:51:09.475+0000] {dag.py:3239} INFO - Sync 1 DAGs
[2024-11-19T03:51:09.491+0000] {logging_mixin.py:190} INFO - [2024-11-19T03:51:09.491+0000] {dag.py:3262} INFO - Creating ORM DAG for example_dag_decorator
[2024-11-19T03:51:09.492+0000] {logging_mixin.py:190} INFO - [2024-11-19T03:51:09.492+0000] {dag.py:4180} INFO - Setting next_dagrun for example_dag_decorator to None, run_after=None
[2024-11-19T03:51:09.514+0000] {processor.py:208} INFO - Processing /home/airflow/.local/lib/python3.12/site-packages/airflow/example_dags/example_dag_decorator.py took 0.282 seconds
[2024-11-19T03:51:40.013+0000] {processor.py:186} INFO - Started process (PID=150) to work on /home/airflow/.local/lib/python3.12/site-packages/airflow/example_dags/example_dag_decorator.py
[2024-11-19T03:51:40.014+0000] {processor.py:914} INFO - Processing file /home/airflow/.local/lib/python3.12/site-packages/airflow/example_dags/example_dag_decorator.py for tasks to queue
[2024-11-19T03:51:40.016+0000] {logging_mixin.py:190} INFO - [2024-11-19T03:51:40.016+0000] {dagbag.py:588} INFO - Filling up the DagBag from /home/airflow/.local/lib/python3.12/site-packages/airflow/example_dags/example_dag_decorator.py
[2024-11-19T03:51:40.025+0000] {processor.py:925} INFO - DAG(s) 'example_dag_decorator' retrieved from /home/airflow/.local/lib/python3.12/site-packages/airflow/example_dags/example_dag_decorator.py
[2024-11-19T03:51:40.111+0000] {logging_mixin.py:190} INFO - [2024-11-19T03:51:40.111+0000] {dag.py:3239} INFO - Sync 1 DAGs
[2024-11-19T03:51:40.120+0000] {logging_mixin.py:190} INFO - [2024-11-19T03:51:40.120+0000] {dag.py:4180} INFO - Setting next_dagrun for example_dag_decorator to None, run_after=None
[2024-11-19T03:51:40.136+0000] {processor.py:208} INFO - Processing /home/airflow/.local/lib/python3.12/site-packages/airflow/example_dags/example_dag_decorator.py took 0.127 seconds
[2024-11-19T03:52:10.521+0000] {processor.py:186} INFO - Started process (PID=214) to work on /home/airflow/.local/lib/python3.12/site-packages/airflow/example_dags/example_dag_decorator.py
[2024-11-19T03:52:10.522+0000] {processor.py:914} INFO - Processing file /home/airflow/.local/lib/python3.12/site-packages/airflow/example_dags/example_dag_decorator.py for tasks to queue
[2024-11-19T03:52:10.525+0000] {logging_mixin.py:190} INFO - [2024-11-19T03:52:10.525+0000] {dagbag.py:588} INFO - Filling up the DagBag from /home/airflow/.local/lib/python3.12/site-packages/airflow/example_dags/example_dag_decorator.py
[2024-11-19T03:52:10.535+0000] {processor.py:925} INFO - DAG(s) 'example_dag_decorator' retrieved from /home/airflow/.local/lib/python3.12/site-packages/airflow/example_dags/example_dag_decorator.py
[2024-11-19T03:52:10.630+0000] {logging_mixin.py:190} INFO - [2024-11-19T03:52:10.630+0000] {dag.py:3239} INFO - Sync 1 DAGs
[2024-11-19T03:52:10.641+0000] {logging_mixin.py:190} INFO - [2024-11-19T03:52:10.641+0000] {dag.py:4180} INFO - Setting next_dagrun for example_dag_decorator to None, run_after=None
[2024-11-19T03:52:10.658+0000] {processor.py:208} INFO - Processing /home/airflow/.local/lib/python3.12/site-packages/airflow/example_dags/example_dag_decorator.py took 0.142 seconds
[2024-11-19T03:52:41.006+0000] {processor.py:186} INFO - Started process (PID=278) to work on /home/airflow/.local/lib/python3.12/site-packages/airflow/example_dags/example_dag_decorator.py
[2024-11-19T03:52:41.007+0000] {processor.py:914} INFO - Processing file /home/airflow/.local/lib/python3.12/site-packages/airflow/example_dags/example_dag_decorator.py for tasks to queue
[2024-11-19T03:52:41.009+0000] {logging_mixin.py:190} INFO - [2024-11-19T03:52:41.009+0000] {dagbag.py:588} INFO - Filling up the DagBag from /home/airflow/.local/lib/python3.12/site-packages/airflow/example_dags/example_dag_decorator.py
[2024-11-19T03:52:41.017+0000] {processor.py:925} INFO - DAG(s) 'example_dag_decorator' retrieved from /home/airflow/.local/lib/python3.12/site-packages/airflow/example_dags/example_dag_decorator.py
[2024-11-19T03:52:41.101+0000] {logging_mixin.py:190} INFO - [2024-11-19T03:52:41.101+0000] {dag.py:3239} INFO - Sync 1 DAGs
[2024-11-19T03:52:41.111+0000] {logging_mixin.py:190} INFO - [2024-11-19T03:52:41.110+0000] {dag.py:4180} INFO - Setting next_dagrun for example_dag_decorator to None, run_after=None
[2024-11-19T03:52:41.136+0000] {processor.py:208} INFO - Processing /home/airflow/.local/lib/python3.12/site-packages/airflow/example_dags/example_dag_decorator.py took 0.135 seconds
[2024-11-19T03:53:11.438+0000] {processor.py:186} INFO - Started process (PID=343) to work on /home/airflow/.local/lib/python3.12/site-packages/airflow/example_dags/example_dag_decorator.py
[2024-11-19T03:53:11.439+0000] {processor.py:914} INFO - Processing file /home/airflow/.local/lib/python3.12/site-packages/airflow/example_dags/example_dag_decorator.py for tasks to queue
[2024-11-19T03:53:11.441+0000] {logging_mixin.py:190} INFO - [2024-11-19T03:53:11.441+0000] {dagbag.py:588} INFO - Filling up the DagBag from /home/airflow/.local/lib/python3.12/site-packages/airflow/example_dags/example_dag_decorator.py
[2024-11-19T03:53:11.449+0000] {processor.py:925} INFO - DAG(s) 'example_dag_decorator' retrieved from /home/airflow/.local/lib/python3.12/site-packages/airflow/example_dags/example_dag_decorator.py
[2024-11-19T03:53:11.524+0000] {logging_mixin.py:190} INFO - [2024-11-19T03:53:11.524+0000] {dag.py:3239} INFO - Sync 1 DAGs
[2024-11-19T03:53:11.533+0000] {logging_mixin.py:190} INFO - [2024-11-19T03:53:11.533+0000] {dag.py:4180} INFO - Setting next_dagrun for example_dag_decorator to None, run_after=None
[2024-11-19T03:53:11.547+0000] {processor.py:208} INFO - Processing /home/airflow/.local/lib/python3.12/site-packages/airflow/example_dags/example_dag_decorator.py took 0.113 seconds
[2024-11-19T03:53:41.890+0000] {processor.py:186} INFO - Started process (PID=407) to work on /home/airflow/.local/lib/python3.12/site-packages/airflow/example_dags/example_dag_decorator.py
[2024-11-19T03:53:41.891+0000] {processor.py:914} INFO - Processing file /home/airflow/.local/lib/python3.12/site-packages/airflow/example_dags/example_dag_decorator.py for tasks to queue
[2024-11-19T03:53:41.893+0000] {logging_mixin.py:190} INFO - [2024-11-19T03:53:41.893+0000] {dagbag.py:588} INFO - Filling up the DagBag from /home/airflow/.local/lib/python3.12/site-packages/airflow/example_dags/example_dag_decorator.py
[2024-11-19T03:53:41.901+0000] {processor.py:925} INFO - DAG(s) 'example_dag_decorator' retrieved from /home/airflow/.local/lib/python3.12/site-packages/airflow/example_dags/example_dag_decorator.py
[2024-11-19T03:53:41.985+0000] {logging_mixin.py:190} INFO - [2024-11-19T03:53:41.985+0000] {dag.py:3239} INFO - Sync 1 DAGs
[2024-11-19T03:53:41.999+0000] {logging_mixin.py:190} INFO - [2024-11-19T03:53:41.999+0000] {dag.py:4180} INFO - Setting next_dagrun for example_dag_decorator to None, run_after=None
[2024-11-19T03:53:42.025+0000] {processor.py:208} INFO - Processing /home/airflow/.local/lib/python3.12/site-packages/airflow/example_dags/example_dag_decorator.py took 0.139 seconds
[2024-11-19T03:54:12.084+0000] {processor.py:186} INFO - Started process (PID=470) to work on /home/airflow/.local/lib/python3.12/site-packages/airflow/example_dags/example_dag_decorator.py
[2024-11-19T03:54:12.085+0000] {processor.py:914} INFO - Processing file /home/airflow/.local/lib/python3.12/site-packages/airflow/example_dags/example_dag_decorator.py for tasks to queue
[2024-11-19T03:54:12.087+0000] {logging_mixin.py:190} INFO - [2024-11-19T03:54:12.087+0000] {dagbag.py:588} INFO - Filling up the DagBag from /home/airflow/.local/lib/python3.12/site-packages/airflow/example_dags/example_dag_decorator.py
[2024-11-19T03:54:12.098+0000] {processor.py:925} INFO - DAG(s) 'example_dag_decorator' retrieved from /home/airflow/.local/lib/python3.12/site-packages/airflow/example_dags/example_dag_decorator.py
[2024-11-19T03:54:12.237+0000] {logging_mixin.py:190} INFO - [2024-11-19T03:54:12.236+0000] {dag.py:3239} INFO - Sync 1 DAGs
[2024-11-19T03:54:12.267+0000] {logging_mixin.py:190} INFO - [2024-11-19T03:54:12.267+0000] {dag.py:4180} INFO - Setting next_dagrun for example_dag_decorator to None, run_after=None
[2024-11-19T03:54:12.292+0000] {processor.py:208} INFO - Processing /home/airflow/.local/lib/python3.12/site-packages/airflow/example_dags/example_dag_decorator.py took 0.213 seconds
[2024-11-19T03:54:42.585+0000] {processor.py:186} INFO - Started process (PID=534) to work on /home/airflow/.local/lib/python3.12/site-packages/airflow/example_dags/example_dag_decorator.py
[2024-11-19T03:54:42.586+0000] {processor.py:914} INFO - Processing file /home/airflow/.local/lib/python3.12/site-packages/airflow/example_dags/example_dag_decorator.py for tasks to queue
[2024-11-19T03:54:42.590+0000] {logging_mixin.py:190} INFO - [2024-11-19T03:54:42.589+0000] {dagbag.py:588} INFO - Filling up the DagBag from /home/airflow/.local/lib/python3.12/site-packages/airflow/example_dags/example_dag_decorator.py
[2024-11-19T03:54:42.603+0000] {processor.py:925} INFO - DAG(s) 'example_dag_decorator' retrieved from /home/airflow/.local/lib/python3.12/site-packages/airflow/example_dags/example_dag_decorator.py
[2024-11-19T03:54:42.687+0000] {logging_mixin.py:190} INFO - [2024-11-19T03:54:42.687+0000] {dag.py:3239} INFO - Sync 1 DAGs
[2024-11-19T03:54:42.696+0000] {logging_mixin.py:190} INFO - [2024-11-19T03:54:42.695+0000] {dag.py:4180} INFO - Setting next_dagrun for example_dag_decorator to None, run_after=None
[2024-11-19T03:54:42.712+0000] {processor.py:208} INFO - Processing /home/airflow/.local/lib/python3.12/site-packages/airflow/example_dags/example_dag_decorator.py took 0.133 seconds
[2024-11-19T03:55:12.927+0000] {processor.py:186} INFO - Started process (PID=598) to work on /home/airflow/.local/lib/python3.12/site-packages/airflow/example_dags/example_dag_decorator.py
[2024-11-19T03:55:12.928+0000] {processor.py:914} INFO - Processing file /home/airflow/.local/lib/python3.12/site-packages/airflow/example_dags/example_dag_decorator.py for tasks to queue
[2024-11-19T03:55:12.931+0000] {logging_mixin.py:190} INFO - [2024-11-19T03:55:12.931+0000] {dagbag.py:588} INFO - Filling up the DagBag from /home/airflow/.local/lib/python3.12/site-packages/airflow/example_dags/example_dag_decorator.py
[2024-11-19T03:55:12.947+0000] {processor.py:925} INFO - DAG(s) 'example_dag_decorator' retrieved from /home/airflow/.local/lib/python3.12/site-packages/airflow/example_dags/example_dag_decorator.py
[2024-11-19T03:55:13.038+0000] {logging_mixin.py:190} INFO - [2024-11-19T03:55:13.038+0000] {dag.py:3239} INFO - Sync 1 DAGs
[2024-11-19T03:55:13.047+0000] {logging_mixin.py:190} INFO - [2024-11-19T03:55:13.047+0000] {dag.py:4180} INFO - Setting next_dagrun for example_dag_decorator to None, run_after=None
[2024-11-19T03:55:13.063+0000] {processor.py:208} INFO - Processing /home/airflow/.local/lib/python3.12/site-packages/airflow/example_dags/example_dag_decorator.py took 0.143 seconds
[2024-11-19T03:55:43.302+0000] {processor.py:186} INFO - Started process (PID=662) to work on /home/airflow/.local/lib/python3.12/site-packages/airflow/example_dags/example_dag_decorator.py
[2024-11-19T03:55:43.303+0000] {processor.py:914} INFO - Processing file /home/airflow/.local/lib/python3.12/site-packages/airflow/example_dags/example_dag_decorator.py for tasks to queue
[2024-11-19T03:55:43.305+0000] {logging_mixin.py:190} INFO - [2024-11-19T03:55:43.305+0000] {dagbag.py:588} INFO - Filling up the DagBag from /home/airflow/.local/lib/python3.12/site-packages/airflow/example_dags/example_dag_decorator.py
[2024-11-19T03:55:43.313+0000] {processor.py:925} INFO - DAG(s) 'example_dag_decorator' retrieved from /home/airflow/.local/lib/python3.12/site-packages/airflow/example_dags/example_dag_decorator.py
[2024-11-19T03:55:43.402+0000] {logging_mixin.py:190} INFO - [2024-11-19T03:55:43.402+0000] {dag.py:3239} INFO - Sync 1 DAGs
[2024-11-19T03:55:43.412+0000] {logging_mixin.py:190} INFO - [2024-11-19T03:55:43.411+0000] {dag.py:4180} INFO - Setting next_dagrun for example_dag_decorator to None, run_after=None
[2024-11-19T03:55:43.428+0000] {processor.py:208} INFO - Processing /home/airflow/.local/lib/python3.12/site-packages/airflow/example_dags/example_dag_decorator.py took 0.129 seconds
[2024-11-19T03:56:13.535+0000] {processor.py:186} INFO - Started process (PID=727) to work on /home/airflow/.local/lib/python3.12/site-packages/airflow/example_dags/example_dag_decorator.py
[2024-11-19T03:56:13.536+0000] {processor.py:914} INFO - Processing file /home/airflow/.local/lib/python3.12/site-packages/airflow/example_dags/example_dag_decorator.py for tasks to queue
[2024-11-19T03:56:13.538+0000] {logging_mixin.py:190} INFO - [2024-11-19T03:56:13.537+0000] {dagbag.py:588} INFO - Filling up the DagBag from /home/airflow/.local/lib/python3.12/site-packages/airflow/example_dags/example_dag_decorator.py
[2024-11-19T03:56:13.550+0000] {processor.py:925} INFO - DAG(s) 'example_dag_decorator' retrieved from /home/airflow/.local/lib/python3.12/site-packages/airflow/example_dags/example_dag_decorator.py
[2024-11-19T03:56:13.660+0000] {logging_mixin.py:190} INFO - [2024-11-19T03:56:13.660+0000] {dag.py:3239} INFO - Sync 1 DAGs
[2024-11-19T03:56:13.674+0000] {logging_mixin.py:190} INFO - [2024-11-19T03:56:13.673+0000] {dag.py:4180} INFO - Setting next_dagrun for example_dag_decorator to None, run_after=None
[2024-11-19T03:56:13.696+0000] {processor.py:208} INFO - Processing /home/airflow/.local/lib/python3.12/site-packages/airflow/example_dags/example_dag_decorator.py took 0.166 seconds
[2024-11-19T03:56:43.929+0000] {processor.py:186} INFO - Started process (PID=792) to work on /home/airflow/.local/lib/python3.12/site-packages/airflow/example_dags/example_dag_decorator.py
[2024-11-19T03:56:43.930+0000] {processor.py:914} INFO - Processing file /home/airflow/.local/lib/python3.12/site-packages/airflow/example_dags/example_dag_decorator.py for tasks to queue
[2024-11-19T03:56:43.932+0000] {logging_mixin.py:190} INFO - [2024-11-19T03:56:43.932+0000] {dagbag.py:588} INFO - Filling up the DagBag from /home/airflow/.local/lib/python3.12/site-packages/airflow/example_dags/example_dag_decorator.py
[2024-11-19T03:56:43.942+0000] {processor.py:925} INFO - DAG(s) 'example_dag_decorator' retrieved from /home/airflow/.local/lib/python3.12/site-packages/airflow/example_dags/example_dag_decorator.py
[2024-11-19T03:56:44.071+0000] {logging_mixin.py:190} INFO - [2024-11-19T03:56:44.071+0000] {dag.py:3239} INFO - Sync 1 DAGs
[2024-11-19T03:56:44.087+0000] {logging_mixin.py:190} INFO - [2024-11-19T03:56:44.087+0000] {dag.py:4180} INFO - Setting next_dagrun for example_dag_decorator to None, run_after=None
[2024-11-19T03:56:44.116+0000] {processor.py:208} INFO - Processing /home/airflow/.local/lib/python3.12/site-packages/airflow/example_dags/example_dag_decorator.py took 0.192 seconds
[2024-11-19T03:57:14.913+0000] {processor.py:186} INFO - Started process (PID=883) to work on /home/airflow/.local/lib/python3.12/site-packages/airflow/example_dags/example_dag_decorator.py
[2024-11-19T03:57:14.915+0000] {processor.py:914} INFO - Processing file /home/airflow/.local/lib/python3.12/site-packages/airflow/example_dags/example_dag_decorator.py for tasks to queue
[2024-11-19T03:57:14.919+0000] {logging_mixin.py:190} INFO - [2024-11-19T03:57:14.918+0000] {dagbag.py:588} INFO - Filling up the DagBag from /home/airflow/.local/lib/python3.12/site-packages/airflow/example_dags/example_dag_decorator.py
[2024-11-19T03:57:14.935+0000] {processor.py:925} INFO - DAG(s) 'example_dag_decorator' retrieved from /home/airflow/.local/lib/python3.12/site-packages/airflow/example_dags/example_dag_decorator.py
[2024-11-19T03:57:14.966+0000] {logging_mixin.py:190} INFO - [2024-11-19T03:57:14.965+0000] {dag.py:3239} INFO - Sync 1 DAGs
[2024-11-19T03:57:14.986+0000] {logging_mixin.py:190} INFO - [2024-11-19T03:57:14.986+0000] {dag.py:4180} INFO - Setting next_dagrun for example_dag_decorator to None, run_after=None
[2024-11-19T03:57:15.003+0000] {processor.py:208} INFO - Processing /home/airflow/.local/lib/python3.12/site-packages/airflow/example_dags/example_dag_decorator.py took 0.099 seconds
[2024-11-19T03:57:45.244+0000] {processor.py:186} INFO - Started process (PID=948) to work on /home/airflow/.local/lib/python3.12/site-packages/airflow/example_dags/example_dag_decorator.py
[2024-11-19T03:57:45.245+0000] {processor.py:914} INFO - Processing file /home/airflow/.local/lib/python3.12/site-packages/airflow/example_dags/example_dag_decorator.py for tasks to queue
[2024-11-19T03:57:45.247+0000] {logging_mixin.py:190} INFO - [2024-11-19T03:57:45.247+0000] {dagbag.py:588} INFO - Filling up the DagBag from /home/airflow/.local/lib/python3.12/site-packages/airflow/example_dags/example_dag_decorator.py
[2024-11-19T03:57:45.255+0000] {processor.py:925} INFO - DAG(s) 'example_dag_decorator' retrieved from /home/airflow/.local/lib/python3.12/site-packages/airflow/example_dags/example_dag_decorator.py
[2024-11-19T03:57:45.328+0000] {logging_mixin.py:190} INFO - [2024-11-19T03:57:45.328+0000] {dag.py:3239} INFO - Sync 1 DAGs
[2024-11-19T03:57:45.337+0000] {logging_mixin.py:190} INFO - [2024-11-19T03:57:45.336+0000] {dag.py:4180} INFO - Setting next_dagrun for example_dag_decorator to None, run_after=None
[2024-11-19T03:57:45.351+0000] {processor.py:208} INFO - Processing /home/airflow/.local/lib/python3.12/site-packages/airflow/example_dags/example_dag_decorator.py took 0.112 seconds
[2024-11-19T03:58:15.513+0000] {processor.py:186} INFO - Started process (PID=1013) to work on /home/airflow/.local/lib/python3.12/site-packages/airflow/example_dags/example_dag_decorator.py
[2024-11-19T03:58:15.514+0000] {processor.py:914} INFO - Processing file /home/airflow/.local/lib/python3.12/site-packages/airflow/example_dags/example_dag_decorator.py for tasks to queue
[2024-11-19T03:58:15.516+0000] {logging_mixin.py:190} INFO - [2024-11-19T03:58:15.516+0000] {dagbag.py:588} INFO - Filling up the DagBag from /home/airflow/.local/lib/python3.12/site-packages/airflow/example_dags/example_dag_decorator.py
[2024-11-19T03:58:15.524+0000] {processor.py:925} INFO - DAG(s) 'example_dag_decorator' retrieved from /home/airflow/.local/lib/python3.12/site-packages/airflow/example_dags/example_dag_decorator.py
[2024-11-19T03:58:15.604+0000] {logging_mixin.py:190} INFO - [2024-11-19T03:58:15.604+0000] {dag.py:3239} INFO - Sync 1 DAGs
[2024-11-19T03:58:15.614+0000] {logging_mixin.py:190} INFO - [2024-11-19T03:58:15.613+0000] {dag.py:4180} INFO - Setting next_dagrun for example_dag_decorator to None, run_after=None
[2024-11-19T03:58:15.630+0000] {processor.py:208} INFO - Processing /home/airflow/.local/lib/python3.12/site-packages/airflow/example_dags/example_dag_decorator.py took 0.121 seconds
[2024-11-19T03:58:45.834+0000] {processor.py:186} INFO - Started process (PID=1079) to work on /home/airflow/.local/lib/python3.12/site-packages/airflow/example_dags/example_dag_decorator.py
[2024-11-19T03:58:45.835+0000] {processor.py:914} INFO - Processing file /home/airflow/.local/lib/python3.12/site-packages/airflow/example_dags/example_dag_decorator.py for tasks to queue
[2024-11-19T03:58:45.837+0000] {logging_mixin.py:190} INFO - [2024-11-19T03:58:45.836+0000] {dagbag.py:588} INFO - Filling up the DagBag from /home/airflow/.local/lib/python3.12/site-packages/airflow/example_dags/example_dag_decorator.py
[2024-11-19T03:58:45.844+0000] {processor.py:925} INFO - DAG(s) 'example_dag_decorator' retrieved from /home/airflow/.local/lib/python3.12/site-packages/airflow/example_dags/example_dag_decorator.py
[2024-11-19T03:58:45.921+0000] {logging_mixin.py:190} INFO - [2024-11-19T03:58:45.921+0000] {dag.py:3239} INFO - Sync 1 DAGs
[2024-11-19T03:58:45.933+0000] {logging_mixin.py:190} INFO - [2024-11-19T03:58:45.933+0000] {dag.py:4180} INFO - Setting next_dagrun for example_dag_decorator to None, run_after=None
[2024-11-19T03:58:45.951+0000] {processor.py:208} INFO - Processing /home/airflow/.local/lib/python3.12/site-packages/airflow/example_dags/example_dag_decorator.py took 0.120 seconds
[2024-11-19T03:59:16.333+0000] {processor.py:186} INFO - Started process (PID=1144) to work on /home/airflow/.local/lib/python3.12/site-packages/airflow/example_dags/example_dag_decorator.py
[2024-11-19T03:59:16.334+0000] {processor.py:914} INFO - Processing file /home/airflow/.local/lib/python3.12/site-packages/airflow/example_dags/example_dag_decorator.py for tasks to queue
[2024-11-19T03:59:16.336+0000] {logging_mixin.py:190} INFO - [2024-11-19T03:59:16.335+0000] {dagbag.py:588} INFO - Filling up the DagBag from /home/airflow/.local/lib/python3.12/site-packages/airflow/example_dags/example_dag_decorator.py
[2024-11-19T03:59:16.346+0000] {processor.py:925} INFO - DAG(s) 'example_dag_decorator' retrieved from /home/airflow/.local/lib/python3.12/site-packages/airflow/example_dags/example_dag_decorator.py
[2024-11-19T03:59:16.444+0000] {logging_mixin.py:190} INFO - [2024-11-19T03:59:16.443+0000] {dag.py:3239} INFO - Sync 1 DAGs
[2024-11-19T03:59:16.455+0000] {logging_mixin.py:190} INFO - [2024-11-19T03:59:16.455+0000] {dag.py:4180} INFO - Setting next_dagrun for example_dag_decorator to None, run_after=None
[2024-11-19T03:59:16.475+0000] {processor.py:208} INFO - Processing /home/airflow/.local/lib/python3.12/site-packages/airflow/example_dags/example_dag_decorator.py took 0.147 seconds
[2024-11-19T03:59:46.794+0000] {processor.py:186} INFO - Started process (PID=1209) to work on /home/airflow/.local/lib/python3.12/site-packages/airflow/example_dags/example_dag_decorator.py
[2024-11-19T03:59:46.795+0000] {processor.py:914} INFO - Processing file /home/airflow/.local/lib/python3.12/site-packages/airflow/example_dags/example_dag_decorator.py for tasks to queue
[2024-11-19T03:59:46.797+0000] {logging_mixin.py:190} INFO - [2024-11-19T03:59:46.796+0000] {dagbag.py:588} INFO - Filling up the DagBag from /home/airflow/.local/lib/python3.12/site-packages/airflow/example_dags/example_dag_decorator.py
[2024-11-19T03:59:46.805+0000] {processor.py:925} INFO - DAG(s) 'example_dag_decorator' retrieved from /home/airflow/.local/lib/python3.12/site-packages/airflow/example_dags/example_dag_decorator.py
[2024-11-19T03:59:46.899+0000] {logging_mixin.py:190} INFO - [2024-11-19T03:59:46.898+0000] {dag.py:3239} INFO - Sync 1 DAGs
[2024-11-19T03:59:46.915+0000] {logging_mixin.py:190} INFO - [2024-11-19T03:59:46.915+0000] {dag.py:4180} INFO - Setting next_dagrun for example_dag_decorator to None, run_after=None
[2024-11-19T03:59:46.941+0000] {processor.py:208} INFO - Processing /home/airflow/.local/lib/python3.12/site-packages/airflow/example_dags/example_dag_decorator.py took 0.152 seconds
[2024-11-19T04:00:17.085+0000] {processor.py:186} INFO - Started process (PID=1274) to work on /home/airflow/.local/lib/python3.12/site-packages/airflow/example_dags/example_dag_decorator.py
[2024-11-19T04:00:17.086+0000] {processor.py:914} INFO - Processing file /home/airflow/.local/lib/python3.12/site-packages/airflow/example_dags/example_dag_decorator.py for tasks to queue
[2024-11-19T04:00:17.088+0000] {logging_mixin.py:190} INFO - [2024-11-19T04:00:17.088+0000] {dagbag.py:588} INFO - Filling up the DagBag from /home/airflow/.local/lib/python3.12/site-packages/airflow/example_dags/example_dag_decorator.py
[2024-11-19T04:00:17.095+0000] {processor.py:925} INFO - DAG(s) 'example_dag_decorator' retrieved from /home/airflow/.local/lib/python3.12/site-packages/airflow/example_dags/example_dag_decorator.py
[2024-11-19T04:00:17.173+0000] {logging_mixin.py:190} INFO - [2024-11-19T04:00:17.173+0000] {dag.py:3239} INFO - Sync 1 DAGs
[2024-11-19T04:00:17.182+0000] {logging_mixin.py:190} INFO - [2024-11-19T04:00:17.182+0000] {dag.py:4180} INFO - Setting next_dagrun for example_dag_decorator to None, run_after=None
[2024-11-19T04:00:17.198+0000] {processor.py:208} INFO - Processing /home/airflow/.local/lib/python3.12/site-packages/airflow/example_dags/example_dag_decorator.py took 0.118 seconds
[2024-11-19T04:00:47.569+0000] {processor.py:186} INFO - Started process (PID=1339) to work on /home/airflow/.local/lib/python3.12/site-packages/airflow/example_dags/example_dag_decorator.py
[2024-11-19T04:00:47.570+0000] {processor.py:914} INFO - Processing file /home/airflow/.local/lib/python3.12/site-packages/airflow/example_dags/example_dag_decorator.py for tasks to queue
[2024-11-19T04:00:47.571+0000] {logging_mixin.py:190} INFO - [2024-11-19T04:00:47.571+0000] {dagbag.py:588} INFO - Filling up the DagBag from /home/airflow/.local/lib/python3.12/site-packages/airflow/example_dags/example_dag_decorator.py
[2024-11-19T04:00:47.579+0000] {processor.py:925} INFO - DAG(s) 'example_dag_decorator' retrieved from /home/airflow/.local/lib/python3.12/site-packages/airflow/example_dags/example_dag_decorator.py
[2024-11-19T04:00:47.655+0000] {logging_mixin.py:190} INFO - [2024-11-19T04:00:47.655+0000] {dag.py:3239} INFO - Sync 1 DAGs
[2024-11-19T04:00:47.665+0000] {logging_mixin.py:190} INFO - [2024-11-19T04:00:47.665+0000] {dag.py:4180} INFO - Setting next_dagrun for example_dag_decorator to None, run_after=None
[2024-11-19T04:00:47.681+0000] {processor.py:208} INFO - Processing /home/airflow/.local/lib/python3.12/site-packages/airflow/example_dags/example_dag_decorator.py took 0.117 seconds
[2024-11-19T04:01:17.929+0000] {processor.py:186} INFO - Started process (PID=1404) to work on /home/airflow/.local/lib/python3.12/site-packages/airflow/example_dags/example_dag_decorator.py
[2024-11-19T04:01:17.930+0000] {processor.py:914} INFO - Processing file /home/airflow/.local/lib/python3.12/site-packages/airflow/example_dags/example_dag_decorator.py for tasks to queue
[2024-11-19T04:01:17.932+0000] {logging_mixin.py:190} INFO - [2024-11-19T04:01:17.932+0000] {dagbag.py:588} INFO - Filling up the DagBag from /home/airflow/.local/lib/python3.12/site-packages/airflow/example_dags/example_dag_decorator.py
[2024-11-19T04:01:17.941+0000] {processor.py:925} INFO - DAG(s) 'example_dag_decorator' retrieved from /home/airflow/.local/lib/python3.12/site-packages/airflow/example_dags/example_dag_decorator.py
[2024-11-19T04:01:18.028+0000] {logging_mixin.py:190} INFO - [2024-11-19T04:01:18.028+0000] {dag.py:3239} INFO - Sync 1 DAGs
[2024-11-19T04:01:18.037+0000] {logging_mixin.py:190} INFO - [2024-11-19T04:01:18.037+0000] {dag.py:4180} INFO - Setting next_dagrun for example_dag_decorator to None, run_after=None
[2024-11-19T04:01:18.054+0000] {processor.py:208} INFO - Processing /home/airflow/.local/lib/python3.12/site-packages/airflow/example_dags/example_dag_decorator.py took 0.129 seconds
[2024-11-19T04:01:48.146+0000] {processor.py:186} INFO - Started process (PID=1469) to work on /home/airflow/.local/lib/python3.12/site-packages/airflow/example_dags/example_dag_decorator.py
[2024-11-19T04:01:48.147+0000] {processor.py:914} INFO - Processing file /home/airflow/.local/lib/python3.12/site-packages/airflow/example_dags/example_dag_decorator.py for tasks to queue
[2024-11-19T04:01:48.148+0000] {logging_mixin.py:190} INFO - [2024-11-19T04:01:48.148+0000] {dagbag.py:588} INFO - Filling up the DagBag from /home/airflow/.local/lib/python3.12/site-packages/airflow/example_dags/example_dag_decorator.py
[2024-11-19T04:01:48.156+0000] {processor.py:925} INFO - DAG(s) 'example_dag_decorator' retrieved from /home/airflow/.local/lib/python3.12/site-packages/airflow/example_dags/example_dag_decorator.py
[2024-11-19T04:01:48.234+0000] {logging_mixin.py:190} INFO - [2024-11-19T04:01:48.233+0000] {dag.py:3239} INFO - Sync 1 DAGs
[2024-11-19T04:01:48.242+0000] {logging_mixin.py:190} INFO - [2024-11-19T04:01:48.242+0000] {dag.py:4180} INFO - Setting next_dagrun for example_dag_decorator to None, run_after=None
[2024-11-19T04:01:48.257+0000] {processor.py:208} INFO - Processing /home/airflow/.local/lib/python3.12/site-packages/airflow/example_dags/example_dag_decorator.py took 0.116 seconds
[2024-11-19T04:07:11.076+0000] {processor.py:186} INFO - Started process (PID=1533) to work on /home/airflow/.local/lib/python3.12/site-packages/airflow/example_dags/example_dag_decorator.py
[2024-11-19T04:07:11.078+0000] {processor.py:914} INFO - Processing file /home/airflow/.local/lib/python3.12/site-packages/airflow/example_dags/example_dag_decorator.py for tasks to queue
[2024-11-19T04:07:11.080+0000] {logging_mixin.py:190} INFO - [2024-11-19T04:07:11.080+0000] {dagbag.py:588} INFO - Filling up the DagBag from /home/airflow/.local/lib/python3.12/site-packages/airflow/example_dags/example_dag_decorator.py
[2024-11-19T04:07:11.093+0000] {processor.py:925} INFO - DAG(s) 'example_dag_decorator' retrieved from /home/airflow/.local/lib/python3.12/site-packages/airflow/example_dags/example_dag_decorator.py
[2024-11-19T04:07:11.221+0000] {logging_mixin.py:190} INFO - [2024-11-19T04:07:11.220+0000] {dag.py:3239} INFO - Sync 1 DAGs
[2024-11-19T04:07:11.234+0000] {logging_mixin.py:190} INFO - [2024-11-19T04:07:11.234+0000] {dag.py:4180} INFO - Setting next_dagrun for example_dag_decorator to None, run_after=None
[2024-11-19T04:07:11.258+0000] {processor.py:208} INFO - Processing /home/airflow/.local/lib/python3.12/site-packages/airflow/example_dags/example_dag_decorator.py took 0.189 seconds
[2024-11-19T04:07:41.862+0000] {processor.py:186} INFO - Started process (PID=1598) to work on /home/airflow/.local/lib/python3.12/site-packages/airflow/example_dags/example_dag_decorator.py
[2024-11-19T04:07:41.863+0000] {processor.py:914} INFO - Processing file /home/airflow/.local/lib/python3.12/site-packages/airflow/example_dags/example_dag_decorator.py for tasks to queue
[2024-11-19T04:07:41.870+0000] {logging_mixin.py:190} INFO - [2024-11-19T04:07:41.868+0000] {dagbag.py:588} INFO - Filling up the DagBag from /home/airflow/.local/lib/python3.12/site-packages/airflow/example_dags/example_dag_decorator.py
[2024-11-19T04:07:41.886+0000] {processor.py:925} INFO - DAG(s) 'example_dag_decorator' retrieved from /home/airflow/.local/lib/python3.12/site-packages/airflow/example_dags/example_dag_decorator.py
[2024-11-19T04:07:42.055+0000] {logging_mixin.py:190} INFO - [2024-11-19T04:07:42.054+0000] {dag.py:3239} INFO - Sync 1 DAGs
[2024-11-19T04:07:42.072+0000] {logging_mixin.py:190} INFO - [2024-11-19T04:07:42.072+0000] {dag.py:4180} INFO - Setting next_dagrun for example_dag_decorator to None, run_after=None
[2024-11-19T04:07:42.106+0000] {processor.py:208} INFO - Processing /home/airflow/.local/lib/python3.12/site-packages/airflow/example_dags/example_dag_decorator.py took 0.252 seconds
[2024-11-19T04:08:12.194+0000] {processor.py:186} INFO - Started process (PID=1664) to work on /home/airflow/.local/lib/python3.12/site-packages/airflow/example_dags/example_dag_decorator.py
[2024-11-19T04:08:12.195+0000] {processor.py:914} INFO - Processing file /home/airflow/.local/lib/python3.12/site-packages/airflow/example_dags/example_dag_decorator.py for tasks to queue
[2024-11-19T04:08:12.198+0000] {logging_mixin.py:190} INFO - [2024-11-19T04:08:12.198+0000] {dagbag.py:588} INFO - Filling up the DagBag from /home/airflow/.local/lib/python3.12/site-packages/airflow/example_dags/example_dag_decorator.py
[2024-11-19T04:08:12.210+0000] {processor.py:925} INFO - DAG(s) 'example_dag_decorator' retrieved from /home/airflow/.local/lib/python3.12/site-packages/airflow/example_dags/example_dag_decorator.py
[2024-11-19T04:08:12.360+0000] {logging_mixin.py:190} INFO - [2024-11-19T04:08:12.359+0000] {dag.py:3239} INFO - Sync 1 DAGs
[2024-11-19T04:08:12.381+0000] {logging_mixin.py:190} INFO - [2024-11-19T04:08:12.380+0000] {dag.py:4180} INFO - Setting next_dagrun for example_dag_decorator to None, run_after=None
[2024-11-19T04:08:12.408+0000] {processor.py:208} INFO - Processing /home/airflow/.local/lib/python3.12/site-packages/airflow/example_dags/example_dag_decorator.py took 0.220 seconds
[2024-11-19T04:08:42.696+0000] {processor.py:186} INFO - Started process (PID=1730) to work on /home/airflow/.local/lib/python3.12/site-packages/airflow/example_dags/example_dag_decorator.py
[2024-11-19T04:08:42.698+0000] {processor.py:914} INFO - Processing file /home/airflow/.local/lib/python3.12/site-packages/airflow/example_dags/example_dag_decorator.py for tasks to queue
[2024-11-19T04:08:42.701+0000] {logging_mixin.py:190} INFO - [2024-11-19T04:08:42.700+0000] {dagbag.py:588} INFO - Filling up the DagBag from /home/airflow/.local/lib/python3.12/site-packages/airflow/example_dags/example_dag_decorator.py
[2024-11-19T04:08:42.714+0000] {processor.py:925} INFO - DAG(s) 'example_dag_decorator' retrieved from /home/airflow/.local/lib/python3.12/site-packages/airflow/example_dags/example_dag_decorator.py
[2024-11-19T04:08:42.849+0000] {logging_mixin.py:190} INFO - [2024-11-19T04:08:42.849+0000] {dag.py:3239} INFO - Sync 1 DAGs
[2024-11-19T04:08:42.863+0000] {logging_mixin.py:190} INFO - [2024-11-19T04:08:42.862+0000] {dag.py:4180} INFO - Setting next_dagrun for example_dag_decorator to None, run_after=None
[2024-11-19T04:08:42.881+0000] {processor.py:208} INFO - Processing /home/airflow/.local/lib/python3.12/site-packages/airflow/example_dags/example_dag_decorator.py took 0.193 seconds
[2024-11-19T04:09:13.430+0000] {processor.py:186} INFO - Started process (PID=1794) to work on /home/airflow/.local/lib/python3.12/site-packages/airflow/example_dags/example_dag_decorator.py
[2024-11-19T04:09:13.431+0000] {processor.py:914} INFO - Processing file /home/airflow/.local/lib/python3.12/site-packages/airflow/example_dags/example_dag_decorator.py for tasks to queue
[2024-11-19T04:09:13.434+0000] {logging_mixin.py:190} INFO - [2024-11-19T04:09:13.434+0000] {dagbag.py:588} INFO - Filling up the DagBag from /home/airflow/.local/lib/python3.12/site-packages/airflow/example_dags/example_dag_decorator.py
[2024-11-19T04:09:13.449+0000] {processor.py:925} INFO - DAG(s) 'example_dag_decorator' retrieved from /home/airflow/.local/lib/python3.12/site-packages/airflow/example_dags/example_dag_decorator.py
[2024-11-19T04:09:13.591+0000] {logging_mixin.py:190} INFO - [2024-11-19T04:09:13.591+0000] {dag.py:3239} INFO - Sync 1 DAGs
[2024-11-19T04:09:13.606+0000] {logging_mixin.py:190} INFO - [2024-11-19T04:09:13.606+0000] {dag.py:4180} INFO - Setting next_dagrun for example_dag_decorator to None, run_after=None
[2024-11-19T04:09:13.641+0000] {processor.py:208} INFO - Processing /home/airflow/.local/lib/python3.12/site-packages/airflow/example_dags/example_dag_decorator.py took 0.219 seconds
[2024-11-19T04:09:44.138+0000] {processor.py:186} INFO - Started process (PID=1859) to work on /home/airflow/.local/lib/python3.12/site-packages/airflow/example_dags/example_dag_decorator.py
[2024-11-19T04:09:44.139+0000] {processor.py:914} INFO - Processing file /home/airflow/.local/lib/python3.12/site-packages/airflow/example_dags/example_dag_decorator.py for tasks to queue
[2024-11-19T04:09:44.141+0000] {logging_mixin.py:190} INFO - [2024-11-19T04:09:44.141+0000] {dagbag.py:588} INFO - Filling up the DagBag from /home/airflow/.local/lib/python3.12/site-packages/airflow/example_dags/example_dag_decorator.py
[2024-11-19T04:09:44.154+0000] {processor.py:925} INFO - DAG(s) 'example_dag_decorator' retrieved from /home/airflow/.local/lib/python3.12/site-packages/airflow/example_dags/example_dag_decorator.py
[2024-11-19T04:09:44.293+0000] {logging_mixin.py:190} INFO - [2024-11-19T04:09:44.293+0000] {dag.py:3239} INFO - Sync 1 DAGs
[2024-11-19T04:09:44.311+0000] {logging_mixin.py:190} INFO - [2024-11-19T04:09:44.311+0000] {dag.py:4180} INFO - Setting next_dagrun for example_dag_decorator to None, run_after=None
[2024-11-19T04:09:44.337+0000] {processor.py:208} INFO - Processing /home/airflow/.local/lib/python3.12/site-packages/airflow/example_dags/example_dag_decorator.py took 0.207 seconds
[2024-11-19T04:10:14.430+0000] {processor.py:186} INFO - Started process (PID=1925) to work on /home/airflow/.local/lib/python3.12/site-packages/airflow/example_dags/example_dag_decorator.py
[2024-11-19T04:10:14.431+0000] {processor.py:914} INFO - Processing file /home/airflow/.local/lib/python3.12/site-packages/airflow/example_dags/example_dag_decorator.py for tasks to queue
[2024-11-19T04:10:14.434+0000] {logging_mixin.py:190} INFO - [2024-11-19T04:10:14.433+0000] {dagbag.py:588} INFO - Filling up the DagBag from /home/airflow/.local/lib/python3.12/site-packages/airflow/example_dags/example_dag_decorator.py
[2024-11-19T04:10:14.446+0000] {processor.py:925} INFO - DAG(s) 'example_dag_decorator' retrieved from /home/airflow/.local/lib/python3.12/site-packages/airflow/example_dags/example_dag_decorator.py
[2024-11-19T04:10:14.567+0000] {logging_mixin.py:190} INFO - [2024-11-19T04:10:14.567+0000] {dag.py:3239} INFO - Sync 1 DAGs
[2024-11-19T04:10:14.579+0000] {logging_mixin.py:190} INFO - [2024-11-19T04:10:14.579+0000] {dag.py:4180} INFO - Setting next_dagrun for example_dag_decorator to None, run_after=None
[2024-11-19T04:10:14.599+0000] {processor.py:208} INFO - Processing /home/airflow/.local/lib/python3.12/site-packages/airflow/example_dags/example_dag_decorator.py took 0.176 seconds
[2024-11-19T04:10:45.055+0000] {processor.py:186} INFO - Started process (PID=1989) to work on /home/airflow/.local/lib/python3.12/site-packages/airflow/example_dags/example_dag_decorator.py
[2024-11-19T04:10:45.057+0000] {processor.py:914} INFO - Processing file /home/airflow/.local/lib/python3.12/site-packages/airflow/example_dags/example_dag_decorator.py for tasks to queue
[2024-11-19T04:10:45.062+0000] {logging_mixin.py:190} INFO - [2024-11-19T04:10:45.062+0000] {dagbag.py:588} INFO - Filling up the DagBag from /home/airflow/.local/lib/python3.12/site-packages/airflow/example_dags/example_dag_decorator.py
[2024-11-19T04:10:45.083+0000] {processor.py:925} INFO - DAG(s) 'example_dag_decorator' retrieved from /home/airflow/.local/lib/python3.12/site-packages/airflow/example_dags/example_dag_decorator.py
[2024-11-19T04:10:45.288+0000] {logging_mixin.py:190} INFO - [2024-11-19T04:10:45.288+0000] {dag.py:3239} INFO - Sync 1 DAGs
[2024-11-19T04:10:45.305+0000] {logging_mixin.py:190} INFO - [2024-11-19T04:10:45.305+0000] {dag.py:4180} INFO - Setting next_dagrun for example_dag_decorator to None, run_after=None
[2024-11-19T04:10:45.339+0000] {processor.py:208} INFO - Processing /home/airflow/.local/lib/python3.12/site-packages/airflow/example_dags/example_dag_decorator.py took 0.291 seconds
[2024-11-19T04:23:26.166+0000] {processor.py:186} INFO - Started process (PID=2053) to work on /home/airflow/.local/lib/python3.12/site-packages/airflow/example_dags/example_dag_decorator.py
[2024-11-19T04:23:26.167+0000] {processor.py:914} INFO - Processing file /home/airflow/.local/lib/python3.12/site-packages/airflow/example_dags/example_dag_decorator.py for tasks to queue
[2024-11-19T04:23:26.169+0000] {logging_mixin.py:190} INFO - [2024-11-19T04:23:26.169+0000] {dagbag.py:588} INFO - Filling up the DagBag from /home/airflow/.local/lib/python3.12/site-packages/airflow/example_dags/example_dag_decorator.py
[2024-11-19T04:23:26.182+0000] {processor.py:925} INFO - DAG(s) 'example_dag_decorator' retrieved from /home/airflow/.local/lib/python3.12/site-packages/airflow/example_dags/example_dag_decorator.py
[2024-11-19T04:23:26.345+0000] {logging_mixin.py:190} INFO - [2024-11-19T04:23:26.344+0000] {dag.py:3239} INFO - Sync 1 DAGs
[2024-11-19T04:23:26.360+0000] {logging_mixin.py:190} INFO - [2024-11-19T04:23:26.360+0000] {dag.py:4180} INFO - Setting next_dagrun for example_dag_decorator to None, run_after=None
[2024-11-19T04:23:26.391+0000] {processor.py:208} INFO - Processing /home/airflow/.local/lib/python3.12/site-packages/airflow/example_dags/example_dag_decorator.py took 0.231 seconds
[2024-11-19T04:23:56.744+0000] {processor.py:186} INFO - Started process (PID=2118) to work on /home/airflow/.local/lib/python3.12/site-packages/airflow/example_dags/example_dag_decorator.py
[2024-11-19T04:23:56.746+0000] {processor.py:914} INFO - Processing file /home/airflow/.local/lib/python3.12/site-packages/airflow/example_dags/example_dag_decorator.py for tasks to queue
[2024-11-19T04:23:56.752+0000] {logging_mixin.py:190} INFO - [2024-11-19T04:23:56.751+0000] {dagbag.py:588} INFO - Filling up the DagBag from /home/airflow/.local/lib/python3.12/site-packages/airflow/example_dags/example_dag_decorator.py
[2024-11-19T04:23:56.772+0000] {processor.py:925} INFO - DAG(s) 'example_dag_decorator' retrieved from /home/airflow/.local/lib/python3.12/site-packages/airflow/example_dags/example_dag_decorator.py
[2024-11-19T04:23:56.798+0000] {logging_mixin.py:190} INFO - [2024-11-19T04:23:56.798+0000] {dag.py:3239} INFO - Sync 1 DAGs
[2024-11-19T04:23:56.816+0000] {logging_mixin.py:190} INFO - [2024-11-19T04:23:56.815+0000] {dag.py:4180} INFO - Setting next_dagrun for example_dag_decorator to None, run_after=None
[2024-11-19T04:23:56.835+0000] {processor.py:208} INFO - Processing /home/airflow/.local/lib/python3.12/site-packages/airflow/example_dags/example_dag_decorator.py took 0.098 seconds
[2024-11-19T04:24:27.494+0000] {processor.py:186} INFO - Started process (PID=2183) to work on /home/airflow/.local/lib/python3.12/site-packages/airflow/example_dags/example_dag_decorator.py
[2024-11-19T04:24:27.495+0000] {processor.py:914} INFO - Processing file /home/airflow/.local/lib/python3.12/site-packages/airflow/example_dags/example_dag_decorator.py for tasks to queue
[2024-11-19T04:24:27.498+0000] {logging_mixin.py:190} INFO - [2024-11-19T04:24:27.498+0000] {dagbag.py:588} INFO - Filling up the DagBag from /home/airflow/.local/lib/python3.12/site-packages/airflow/example_dags/example_dag_decorator.py
[2024-11-19T04:24:27.512+0000] {processor.py:925} INFO - DAG(s) 'example_dag_decorator' retrieved from /home/airflow/.local/lib/python3.12/site-packages/airflow/example_dags/example_dag_decorator.py
[2024-11-19T04:24:27.538+0000] {logging_mixin.py:190} INFO - [2024-11-19T04:24:27.538+0000] {dag.py:3239} INFO - Sync 1 DAGs
[2024-11-19T04:24:27.552+0000] {logging_mixin.py:190} INFO - [2024-11-19T04:24:27.552+0000] {dag.py:4180} INFO - Setting next_dagrun for example_dag_decorator to None, run_after=None
[2024-11-19T04:24:27.579+0000] {processor.py:208} INFO - Processing /home/airflow/.local/lib/python3.12/site-packages/airflow/example_dags/example_dag_decorator.py took 0.092 seconds
