[2024-11-19T03:51:08.253+0000] {processor.py:186} INFO - Started process (PID=79) to work on /home/airflow/.local/lib/python3.12/site-packages/airflow/example_dags/example_display_name.py
[2024-11-19T03:51:08.254+0000] {processor.py:914} INFO - Processing file /home/airflow/.local/lib/python3.12/site-packages/airflow/example_dags/example_display_name.py for tasks to queue
[2024-11-19T03:51:08.257+0000] {logging_mixin.py:190} INFO - [2024-11-19T03:51:08.257+0000] {dagbag.py:588} INFO - Filling up the DagBag from /home/airflow/.local/lib/python3.12/site-packages/airflow/example_dags/example_display_name.py
[2024-11-19T03:51:08.265+0000] {processor.py:925} INFO - DAG(s) 'example_display_name' retrieved from /home/airflow/.local/lib/python3.12/site-packages/airflow/example_dags/example_display_name.py
[2024-11-19T03:51:08.357+0000] {logging_mixin.py:190} INFO - [2024-11-19T03:51:08.356+0000] {override.py:1911} INFO - Created Permission View: can read on DAG:example_display_name
[2024-11-19T03:51:08.366+0000] {logging_mixin.py:190} INFO - [2024-11-19T03:51:08.366+0000] {override.py:1911} INFO - Created Permission View: can edit on DAG:example_display_name
[2024-11-19T03:51:08.373+0000] {logging_mixin.py:190} INFO - [2024-11-19T03:51:08.373+0000] {override.py:1911} INFO - Created Permission View: can delete on DAG:example_display_name
[2024-11-19T03:51:08.380+0000] {logging_mixin.py:190} INFO - [2024-11-19T03:51:08.379+0000] {override.py:1911} INFO - Created Permission View: can read on DAG Run:example_display_name
[2024-11-19T03:51:08.386+0000] {logging_mixin.py:190} INFO - [2024-11-19T03:51:08.385+0000] {override.py:1911} INFO - Created Permission View: menu access on DAG Run:example_display_name
[2024-11-19T03:51:08.392+0000] {logging_mixin.py:190} INFO - [2024-11-19T03:51:08.392+0000] {override.py:1911} INFO - Created Permission View: can create on DAG Run:example_display_name
[2024-11-19T03:51:08.398+0000] {logging_mixin.py:190} INFO - [2024-11-19T03:51:08.397+0000] {override.py:1911} INFO - Created Permission View: can delete on DAG Run:example_display_name
[2024-11-19T03:51:08.398+0000] {logging_mixin.py:190} INFO - [2024-11-19T03:51:08.398+0000] {dag.py:3239} INFO - Sync 1 DAGs
[2024-11-19T03:51:08.408+0000] {logging_mixin.py:190} INFO - [2024-11-19T03:51:08.408+0000] {dag.py:3262} INFO - Creating ORM DAG for example_display_name
[2024-11-19T03:51:08.409+0000] {logging_mixin.py:190} INFO - [2024-11-19T03:51:08.409+0000] {dag.py:4180} INFO - Setting next_dagrun for example_display_name to None, run_after=None
[2024-11-19T03:51:08.422+0000] {processor.py:208} INFO - Processing /home/airflow/.local/lib/python3.12/site-packages/airflow/example_dags/example_display_name.py took 0.174 seconds
[2024-11-19T03:51:38.675+0000] {processor.py:186} INFO - Started process (PID=143) to work on /home/airflow/.local/lib/python3.12/site-packages/airflow/example_dags/example_display_name.py
[2024-11-19T03:51:38.677+0000] {processor.py:914} INFO - Processing file /home/airflow/.local/lib/python3.12/site-packages/airflow/example_dags/example_display_name.py for tasks to queue
[2024-11-19T03:51:38.680+0000] {logging_mixin.py:190} INFO - [2024-11-19T03:51:38.679+0000] {dagbag.py:588} INFO - Filling up the DagBag from /home/airflow/.local/lib/python3.12/site-packages/airflow/example_dags/example_display_name.py
[2024-11-19T03:51:38.689+0000] {processor.py:925} INFO - DAG(s) 'example_display_name' retrieved from /home/airflow/.local/lib/python3.12/site-packages/airflow/example_dags/example_display_name.py
[2024-11-19T03:51:38.708+0000] {logging_mixin.py:190} INFO - [2024-11-19T03:51:38.707+0000] {dag.py:3239} INFO - Sync 1 DAGs
[2024-11-19T03:51:38.722+0000] {logging_mixin.py:190} INFO - [2024-11-19T03:51:38.722+0000] {dag.py:4180} INFO - Setting next_dagrun for example_display_name to None, run_after=None
[2024-11-19T03:51:38.743+0000] {processor.py:208} INFO - Processing /home/airflow/.local/lib/python3.12/site-packages/airflow/example_dags/example_display_name.py took 0.073 seconds
[2024-11-19T03:52:09.064+0000] {processor.py:186} INFO - Started process (PID=207) to work on /home/airflow/.local/lib/python3.12/site-packages/airflow/example_dags/example_display_name.py
[2024-11-19T03:52:09.065+0000] {processor.py:914} INFO - Processing file /home/airflow/.local/lib/python3.12/site-packages/airflow/example_dags/example_display_name.py for tasks to queue
[2024-11-19T03:52:09.067+0000] {logging_mixin.py:190} INFO - [2024-11-19T03:52:09.067+0000] {dagbag.py:588} INFO - Filling up the DagBag from /home/airflow/.local/lib/python3.12/site-packages/airflow/example_dags/example_display_name.py
[2024-11-19T03:52:09.073+0000] {processor.py:925} INFO - DAG(s) 'example_display_name' retrieved from /home/airflow/.local/lib/python3.12/site-packages/airflow/example_dags/example_display_name.py
[2024-11-19T03:52:09.092+0000] {logging_mixin.py:190} INFO - [2024-11-19T03:52:09.092+0000] {dag.py:3239} INFO - Sync 1 DAGs
[2024-11-19T03:52:09.107+0000] {logging_mixin.py:190} INFO - [2024-11-19T03:52:09.107+0000] {dag.py:4180} INFO - Setting next_dagrun for example_display_name to None, run_after=None
[2024-11-19T03:52:09.129+0000] {processor.py:208} INFO - Processing /home/airflow/.local/lib/python3.12/site-packages/airflow/example_dags/example_display_name.py took 0.070 seconds
[2024-11-19T03:52:39.568+0000] {processor.py:186} INFO - Started process (PID=271) to work on /home/airflow/.local/lib/python3.12/site-packages/airflow/example_dags/example_display_name.py
[2024-11-19T03:52:39.569+0000] {processor.py:914} INFO - Processing file /home/airflow/.local/lib/python3.12/site-packages/airflow/example_dags/example_display_name.py for tasks to queue
[2024-11-19T03:52:39.572+0000] {logging_mixin.py:190} INFO - [2024-11-19T03:52:39.571+0000] {dagbag.py:588} INFO - Filling up the DagBag from /home/airflow/.local/lib/python3.12/site-packages/airflow/example_dags/example_display_name.py
[2024-11-19T03:52:39.577+0000] {processor.py:925} INFO - DAG(s) 'example_display_name' retrieved from /home/airflow/.local/lib/python3.12/site-packages/airflow/example_dags/example_display_name.py
[2024-11-19T03:52:39.591+0000] {logging_mixin.py:190} INFO - [2024-11-19T03:52:39.591+0000] {dag.py:3239} INFO - Sync 1 DAGs
[2024-11-19T03:52:39.601+0000] {logging_mixin.py:190} INFO - [2024-11-19T03:52:39.601+0000] {dag.py:4180} INFO - Setting next_dagrun for example_display_name to None, run_after=None
[2024-11-19T03:52:39.615+0000] {processor.py:208} INFO - Processing /home/airflow/.local/lib/python3.12/site-packages/airflow/example_dags/example_display_name.py took 0.051 seconds
[2024-11-19T03:53:09.968+0000] {processor.py:186} INFO - Started process (PID=335) to work on /home/airflow/.local/lib/python3.12/site-packages/airflow/example_dags/example_display_name.py
[2024-11-19T03:53:09.969+0000] {processor.py:914} INFO - Processing file /home/airflow/.local/lib/python3.12/site-packages/airflow/example_dags/example_display_name.py for tasks to queue
[2024-11-19T03:53:09.973+0000] {logging_mixin.py:190} INFO - [2024-11-19T03:53:09.973+0000] {dagbag.py:588} INFO - Filling up the DagBag from /home/airflow/.local/lib/python3.12/site-packages/airflow/example_dags/example_display_name.py
[2024-11-19T03:53:09.992+0000] {processor.py:925} INFO - DAG(s) 'example_display_name' retrieved from /home/airflow/.local/lib/python3.12/site-packages/airflow/example_dags/example_display_name.py
[2024-11-19T03:53:10.020+0000] {logging_mixin.py:190} INFO - [2024-11-19T03:53:10.019+0000] {dag.py:3239} INFO - Sync 1 DAGs
[2024-11-19T03:53:10.042+0000] {logging_mixin.py:190} INFO - [2024-11-19T03:53:10.042+0000] {dag.py:4180} INFO - Setting next_dagrun for example_display_name to None, run_after=None
[2024-11-19T03:53:10.063+0000] {processor.py:208} INFO - Processing /home/airflow/.local/lib/python3.12/site-packages/airflow/example_dags/example_display_name.py took 0.100 seconds
[2024-11-19T03:53:40.352+0000] {processor.py:186} INFO - Started process (PID=399) to work on /home/airflow/.local/lib/python3.12/site-packages/airflow/example_dags/example_display_name.py
[2024-11-19T03:53:40.353+0000] {processor.py:914} INFO - Processing file /home/airflow/.local/lib/python3.12/site-packages/airflow/example_dags/example_display_name.py for tasks to queue
[2024-11-19T03:53:40.355+0000] {logging_mixin.py:190} INFO - [2024-11-19T03:53:40.355+0000] {dagbag.py:588} INFO - Filling up the DagBag from /home/airflow/.local/lib/python3.12/site-packages/airflow/example_dags/example_display_name.py
[2024-11-19T03:53:40.362+0000] {processor.py:925} INFO - DAG(s) 'example_display_name' retrieved from /home/airflow/.local/lib/python3.12/site-packages/airflow/example_dags/example_display_name.py
[2024-11-19T03:53:40.381+0000] {logging_mixin.py:190} INFO - [2024-11-19T03:53:40.381+0000] {dag.py:3239} INFO - Sync 1 DAGs
[2024-11-19T03:53:40.396+0000] {logging_mixin.py:190} INFO - [2024-11-19T03:53:40.396+0000] {dag.py:4180} INFO - Setting next_dagrun for example_display_name to None, run_after=None
[2024-11-19T03:53:40.414+0000] {processor.py:208} INFO - Processing /home/airflow/.local/lib/python3.12/site-packages/airflow/example_dags/example_display_name.py took 0.067 seconds
[2024-11-19T03:54:10.691+0000] {processor.py:186} INFO - Started process (PID=463) to work on /home/airflow/.local/lib/python3.12/site-packages/airflow/example_dags/example_display_name.py
[2024-11-19T03:54:10.692+0000] {processor.py:914} INFO - Processing file /home/airflow/.local/lib/python3.12/site-packages/airflow/example_dags/example_display_name.py for tasks to queue
[2024-11-19T03:54:10.694+0000] {logging_mixin.py:190} INFO - [2024-11-19T03:54:10.694+0000] {dagbag.py:588} INFO - Filling up the DagBag from /home/airflow/.local/lib/python3.12/site-packages/airflow/example_dags/example_display_name.py
[2024-11-19T03:54:10.700+0000] {processor.py:925} INFO - DAG(s) 'example_display_name' retrieved from /home/airflow/.local/lib/python3.12/site-packages/airflow/example_dags/example_display_name.py
[2024-11-19T03:54:10.713+0000] {logging_mixin.py:190} INFO - [2024-11-19T03:54:10.713+0000] {dag.py:3239} INFO - Sync 1 DAGs
[2024-11-19T03:54:10.724+0000] {logging_mixin.py:190} INFO - [2024-11-19T03:54:10.724+0000] {dag.py:4180} INFO - Setting next_dagrun for example_display_name to None, run_after=None
[2024-11-19T03:54:10.741+0000] {processor.py:208} INFO - Processing /home/airflow/.local/lib/python3.12/site-packages/airflow/example_dags/example_display_name.py took 0.054 seconds
[2024-11-19T03:54:41.239+0000] {processor.py:186} INFO - Started process (PID=527) to work on /home/airflow/.local/lib/python3.12/site-packages/airflow/example_dags/example_display_name.py
[2024-11-19T03:54:41.240+0000] {processor.py:914} INFO - Processing file /home/airflow/.local/lib/python3.12/site-packages/airflow/example_dags/example_display_name.py for tasks to queue
[2024-11-19T03:54:41.241+0000] {logging_mixin.py:190} INFO - [2024-11-19T03:54:41.241+0000] {dagbag.py:588} INFO - Filling up the DagBag from /home/airflow/.local/lib/python3.12/site-packages/airflow/example_dags/example_display_name.py
[2024-11-19T03:54:41.247+0000] {processor.py:925} INFO - DAG(s) 'example_display_name' retrieved from /home/airflow/.local/lib/python3.12/site-packages/airflow/example_dags/example_display_name.py
[2024-11-19T03:54:41.260+0000] {logging_mixin.py:190} INFO - [2024-11-19T03:54:41.260+0000] {dag.py:3239} INFO - Sync 1 DAGs
[2024-11-19T03:54:41.270+0000] {logging_mixin.py:190} INFO - [2024-11-19T03:54:41.270+0000] {dag.py:4180} INFO - Setting next_dagrun for example_display_name to None, run_after=None
[2024-11-19T03:54:41.285+0000] {processor.py:208} INFO - Processing /home/airflow/.local/lib/python3.12/site-packages/airflow/example_dags/example_display_name.py took 0.050 seconds
[2024-11-19T03:55:11.424+0000] {processor.py:186} INFO - Started process (PID=591) to work on /home/airflow/.local/lib/python3.12/site-packages/airflow/example_dags/example_display_name.py
[2024-11-19T03:55:11.425+0000] {processor.py:914} INFO - Processing file /home/airflow/.local/lib/python3.12/site-packages/airflow/example_dags/example_display_name.py for tasks to queue
[2024-11-19T03:55:11.426+0000] {logging_mixin.py:190} INFO - [2024-11-19T03:55:11.426+0000] {dagbag.py:588} INFO - Filling up the DagBag from /home/airflow/.local/lib/python3.12/site-packages/airflow/example_dags/example_display_name.py
[2024-11-19T03:55:11.432+0000] {processor.py:925} INFO - DAG(s) 'example_display_name' retrieved from /home/airflow/.local/lib/python3.12/site-packages/airflow/example_dags/example_display_name.py
[2024-11-19T03:55:11.445+0000] {logging_mixin.py:190} INFO - [2024-11-19T03:55:11.445+0000] {dag.py:3239} INFO - Sync 1 DAGs
[2024-11-19T03:55:11.455+0000] {logging_mixin.py:190} INFO - [2024-11-19T03:55:11.454+0000] {dag.py:4180} INFO - Setting next_dagrun for example_display_name to None, run_after=None
[2024-11-19T03:55:11.468+0000] {processor.py:208} INFO - Processing /home/airflow/.local/lib/python3.12/site-packages/airflow/example_dags/example_display_name.py took 0.049 seconds
[2024-11-19T03:55:41.985+0000] {processor.py:186} INFO - Started process (PID=655) to work on /home/airflow/.local/lib/python3.12/site-packages/airflow/example_dags/example_display_name.py
[2024-11-19T03:55:41.986+0000] {processor.py:914} INFO - Processing file /home/airflow/.local/lib/python3.12/site-packages/airflow/example_dags/example_display_name.py for tasks to queue
[2024-11-19T03:55:41.988+0000] {logging_mixin.py:190} INFO - [2024-11-19T03:55:41.987+0000] {dagbag.py:588} INFO - Filling up the DagBag from /home/airflow/.local/lib/python3.12/site-packages/airflow/example_dags/example_display_name.py
[2024-11-19T03:55:41.994+0000] {processor.py:925} INFO - DAG(s) 'example_display_name' retrieved from /home/airflow/.local/lib/python3.12/site-packages/airflow/example_dags/example_display_name.py
[2024-11-19T03:55:42.008+0000] {logging_mixin.py:190} INFO - [2024-11-19T03:55:42.008+0000] {dag.py:3239} INFO - Sync 1 DAGs
[2024-11-19T03:55:42.024+0000] {logging_mixin.py:190} INFO - [2024-11-19T03:55:42.024+0000] {dag.py:4180} INFO - Setting next_dagrun for example_display_name to None, run_after=None
[2024-11-19T03:55:42.042+0000] {processor.py:208} INFO - Processing /home/airflow/.local/lib/python3.12/site-packages/airflow/example_dags/example_display_name.py took 0.060 seconds
[2024-11-19T03:56:12.151+0000] {processor.py:186} INFO - Started process (PID=720) to work on /home/airflow/.local/lib/python3.12/site-packages/airflow/example_dags/example_display_name.py
[2024-11-19T03:56:12.152+0000] {processor.py:914} INFO - Processing file /home/airflow/.local/lib/python3.12/site-packages/airflow/example_dags/example_display_name.py for tasks to queue
[2024-11-19T03:56:12.154+0000] {logging_mixin.py:190} INFO - [2024-11-19T03:56:12.153+0000] {dagbag.py:588} INFO - Filling up the DagBag from /home/airflow/.local/lib/python3.12/site-packages/airflow/example_dags/example_display_name.py
[2024-11-19T03:56:12.159+0000] {processor.py:925} INFO - DAG(s) 'example_display_name' retrieved from /home/airflow/.local/lib/python3.12/site-packages/airflow/example_dags/example_display_name.py
[2024-11-19T03:56:12.174+0000] {logging_mixin.py:190} INFO - [2024-11-19T03:56:12.174+0000] {dag.py:3239} INFO - Sync 1 DAGs
[2024-11-19T03:56:12.184+0000] {logging_mixin.py:190} INFO - [2024-11-19T03:56:12.184+0000] {dag.py:4180} INFO - Setting next_dagrun for example_display_name to None, run_after=None
[2024-11-19T03:56:12.201+0000] {processor.py:208} INFO - Processing /home/airflow/.local/lib/python3.12/site-packages/airflow/example_dags/example_display_name.py took 0.054 seconds
[2024-11-19T03:56:42.572+0000] {processor.py:186} INFO - Started process (PID=785) to work on /home/airflow/.local/lib/python3.12/site-packages/airflow/example_dags/example_display_name.py
[2024-11-19T03:56:42.573+0000] {processor.py:914} INFO - Processing file /home/airflow/.local/lib/python3.12/site-packages/airflow/example_dags/example_display_name.py for tasks to queue
[2024-11-19T03:56:42.575+0000] {logging_mixin.py:190} INFO - [2024-11-19T03:56:42.575+0000] {dagbag.py:588} INFO - Filling up the DagBag from /home/airflow/.local/lib/python3.12/site-packages/airflow/example_dags/example_display_name.py
[2024-11-19T03:56:42.583+0000] {processor.py:925} INFO - DAG(s) 'example_display_name' retrieved from /home/airflow/.local/lib/python3.12/site-packages/airflow/example_dags/example_display_name.py
[2024-11-19T03:56:42.604+0000] {logging_mixin.py:190} INFO - [2024-11-19T03:56:42.603+0000] {dag.py:3239} INFO - Sync 1 DAGs
[2024-11-19T03:56:42.618+0000] {logging_mixin.py:190} INFO - [2024-11-19T03:56:42.618+0000] {dag.py:4180} INFO - Setting next_dagrun for example_display_name to None, run_after=None
[2024-11-19T03:56:42.636+0000] {processor.py:208} INFO - Processing /home/airflow/.local/lib/python3.12/site-packages/airflow/example_dags/example_display_name.py took 0.071 seconds
[2024-11-19T03:57:13.328+0000] {processor.py:186} INFO - Started process (PID=876) to work on /home/airflow/.local/lib/python3.12/site-packages/airflow/example_dags/example_display_name.py
[2024-11-19T03:57:13.330+0000] {processor.py:914} INFO - Processing file /home/airflow/.local/lib/python3.12/site-packages/airflow/example_dags/example_display_name.py for tasks to queue
[2024-11-19T03:57:13.334+0000] {logging_mixin.py:190} INFO - [2024-11-19T03:57:13.333+0000] {dagbag.py:588} INFO - Filling up the DagBag from /home/airflow/.local/lib/python3.12/site-packages/airflow/example_dags/example_display_name.py
[2024-11-19T03:57:13.347+0000] {processor.py:925} INFO - DAG(s) 'example_display_name' retrieved from /home/airflow/.local/lib/python3.12/site-packages/airflow/example_dags/example_display_name.py
[2024-11-19T03:57:13.378+0000] {logging_mixin.py:190} INFO - [2024-11-19T03:57:13.378+0000] {dag.py:3239} INFO - Sync 1 DAGs
[2024-11-19T03:57:13.408+0000] {logging_mixin.py:190} INFO - [2024-11-19T03:57:13.407+0000] {dag.py:4180} INFO - Setting next_dagrun for example_display_name to None, run_after=None
[2024-11-19T03:57:13.439+0000] {processor.py:208} INFO - Processing /home/airflow/.local/lib/python3.12/site-packages/airflow/example_dags/example_display_name.py took 0.126 seconds
[2024-11-19T03:57:43.903+0000] {processor.py:186} INFO - Started process (PID=941) to work on /home/airflow/.local/lib/python3.12/site-packages/airflow/example_dags/example_display_name.py
[2024-11-19T03:57:43.904+0000] {processor.py:914} INFO - Processing file /home/airflow/.local/lib/python3.12/site-packages/airflow/example_dags/example_display_name.py for tasks to queue
[2024-11-19T03:57:43.906+0000] {logging_mixin.py:190} INFO - [2024-11-19T03:57:43.906+0000] {dagbag.py:588} INFO - Filling up the DagBag from /home/airflow/.local/lib/python3.12/site-packages/airflow/example_dags/example_display_name.py
[2024-11-19T03:57:43.911+0000] {processor.py:925} INFO - DAG(s) 'example_display_name' retrieved from /home/airflow/.local/lib/python3.12/site-packages/airflow/example_dags/example_display_name.py
[2024-11-19T03:57:43.924+0000] {logging_mixin.py:190} INFO - [2024-11-19T03:57:43.924+0000] {dag.py:3239} INFO - Sync 1 DAGs
[2024-11-19T03:57:43.934+0000] {logging_mixin.py:190} INFO - [2024-11-19T03:57:43.934+0000] {dag.py:4180} INFO - Setting next_dagrun for example_display_name to None, run_after=None
[2024-11-19T03:57:43.949+0000] {processor.py:208} INFO - Processing /home/airflow/.local/lib/python3.12/site-packages/airflow/example_dags/example_display_name.py took 0.050 seconds
[2024-11-19T03:58:14.173+0000] {processor.py:186} INFO - Started process (PID=1006) to work on /home/airflow/.local/lib/python3.12/site-packages/airflow/example_dags/example_display_name.py
[2024-11-19T03:58:14.174+0000] {processor.py:914} INFO - Processing file /home/airflow/.local/lib/python3.12/site-packages/airflow/example_dags/example_display_name.py for tasks to queue
[2024-11-19T03:58:14.177+0000] {logging_mixin.py:190} INFO - [2024-11-19T03:58:14.177+0000] {dagbag.py:588} INFO - Filling up the DagBag from /home/airflow/.local/lib/python3.12/site-packages/airflow/example_dags/example_display_name.py
[2024-11-19T03:58:14.185+0000] {processor.py:925} INFO - DAG(s) 'example_display_name' retrieved from /home/airflow/.local/lib/python3.12/site-packages/airflow/example_dags/example_display_name.py
[2024-11-19T03:58:14.204+0000] {logging_mixin.py:190} INFO - [2024-11-19T03:58:14.204+0000] {dag.py:3239} INFO - Sync 1 DAGs
[2024-11-19T03:58:14.215+0000] {logging_mixin.py:190} INFO - [2024-11-19T03:58:14.215+0000] {dag.py:4180} INFO - Setting next_dagrun for example_display_name to None, run_after=None
[2024-11-19T03:58:14.231+0000] {processor.py:208} INFO - Processing /home/airflow/.local/lib/python3.12/site-packages/airflow/example_dags/example_display_name.py took 0.064 seconds
[2024-11-19T03:58:44.526+0000] {processor.py:186} INFO - Started process (PID=1072) to work on /home/airflow/.local/lib/python3.12/site-packages/airflow/example_dags/example_display_name.py
[2024-11-19T03:58:44.527+0000] {processor.py:914} INFO - Processing file /home/airflow/.local/lib/python3.12/site-packages/airflow/example_dags/example_display_name.py for tasks to queue
[2024-11-19T03:58:44.528+0000] {logging_mixin.py:190} INFO - [2024-11-19T03:58:44.528+0000] {dagbag.py:588} INFO - Filling up the DagBag from /home/airflow/.local/lib/python3.12/site-packages/airflow/example_dags/example_display_name.py
[2024-11-19T03:58:44.533+0000] {processor.py:925} INFO - DAG(s) 'example_display_name' retrieved from /home/airflow/.local/lib/python3.12/site-packages/airflow/example_dags/example_display_name.py
[2024-11-19T03:58:44.549+0000] {logging_mixin.py:190} INFO - [2024-11-19T03:58:44.548+0000] {dag.py:3239} INFO - Sync 1 DAGs
[2024-11-19T03:58:44.558+0000] {logging_mixin.py:190} INFO - [2024-11-19T03:58:44.558+0000] {dag.py:4180} INFO - Setting next_dagrun for example_display_name to None, run_after=None
[2024-11-19T03:58:44.575+0000] {processor.py:208} INFO - Processing /home/airflow/.local/lib/python3.12/site-packages/airflow/example_dags/example_display_name.py took 0.054 seconds
[2024-11-19T03:59:14.939+0000] {processor.py:186} INFO - Started process (PID=1137) to work on /home/airflow/.local/lib/python3.12/site-packages/airflow/example_dags/example_display_name.py
[2024-11-19T03:59:14.940+0000] {processor.py:914} INFO - Processing file /home/airflow/.local/lib/python3.12/site-packages/airflow/example_dags/example_display_name.py for tasks to queue
[2024-11-19T03:59:14.942+0000] {logging_mixin.py:190} INFO - [2024-11-19T03:59:14.941+0000] {dagbag.py:588} INFO - Filling up the DagBag from /home/airflow/.local/lib/python3.12/site-packages/airflow/example_dags/example_display_name.py
[2024-11-19T03:59:14.948+0000] {processor.py:925} INFO - DAG(s) 'example_display_name' retrieved from /home/airflow/.local/lib/python3.12/site-packages/airflow/example_dags/example_display_name.py
[2024-11-19T03:59:14.963+0000] {logging_mixin.py:190} INFO - [2024-11-19T03:59:14.963+0000] {dag.py:3239} INFO - Sync 1 DAGs
[2024-11-19T03:59:14.976+0000] {logging_mixin.py:190} INFO - [2024-11-19T03:59:14.976+0000] {dag.py:4180} INFO - Setting next_dagrun for example_display_name to None, run_after=None
[2024-11-19T03:59:14.993+0000] {processor.py:208} INFO - Processing /home/airflow/.local/lib/python3.12/site-packages/airflow/example_dags/example_display_name.py took 0.058 seconds
[2024-11-19T03:59:45.371+0000] {processor.py:186} INFO - Started process (PID=1202) to work on /home/airflow/.local/lib/python3.12/site-packages/airflow/example_dags/example_display_name.py
[2024-11-19T03:59:45.372+0000] {processor.py:914} INFO - Processing file /home/airflow/.local/lib/python3.12/site-packages/airflow/example_dags/example_display_name.py for tasks to queue
[2024-11-19T03:59:45.373+0000] {logging_mixin.py:190} INFO - [2024-11-19T03:59:45.373+0000] {dagbag.py:588} INFO - Filling up the DagBag from /home/airflow/.local/lib/python3.12/site-packages/airflow/example_dags/example_display_name.py
[2024-11-19T03:59:45.379+0000] {processor.py:925} INFO - DAG(s) 'example_display_name' retrieved from /home/airflow/.local/lib/python3.12/site-packages/airflow/example_dags/example_display_name.py
[2024-11-19T03:59:45.393+0000] {logging_mixin.py:190} INFO - [2024-11-19T03:59:45.392+0000] {dag.py:3239} INFO - Sync 1 DAGs
[2024-11-19T03:59:45.403+0000] {logging_mixin.py:190} INFO - [2024-11-19T03:59:45.402+0000] {dag.py:4180} INFO - Setting next_dagrun for example_display_name to None, run_after=None
[2024-11-19T03:59:45.419+0000] {processor.py:208} INFO - Processing /home/airflow/.local/lib/python3.12/site-packages/airflow/example_dags/example_display_name.py took 0.052 seconds
[2024-11-19T04:00:15.624+0000] {processor.py:186} INFO - Started process (PID=1267) to work on /home/airflow/.local/lib/python3.12/site-packages/airflow/example_dags/example_display_name.py
[2024-11-19T04:00:15.625+0000] {processor.py:914} INFO - Processing file /home/airflow/.local/lib/python3.12/site-packages/airflow/example_dags/example_display_name.py for tasks to queue
[2024-11-19T04:00:15.627+0000] {logging_mixin.py:190} INFO - [2024-11-19T04:00:15.626+0000] {dagbag.py:588} INFO - Filling up the DagBag from /home/airflow/.local/lib/python3.12/site-packages/airflow/example_dags/example_display_name.py
[2024-11-19T04:00:15.632+0000] {processor.py:925} INFO - DAG(s) 'example_display_name' retrieved from /home/airflow/.local/lib/python3.12/site-packages/airflow/example_dags/example_display_name.py
[2024-11-19T04:00:15.645+0000] {logging_mixin.py:190} INFO - [2024-11-19T04:00:15.645+0000] {dag.py:3239} INFO - Sync 1 DAGs
[2024-11-19T04:00:15.654+0000] {logging_mixin.py:190} INFO - [2024-11-19T04:00:15.654+0000] {dag.py:4180} INFO - Setting next_dagrun for example_display_name to None, run_after=None
[2024-11-19T04:00:15.667+0000] {processor.py:208} INFO - Processing /home/airflow/.local/lib/python3.12/site-packages/airflow/example_dags/example_display_name.py took 0.047 seconds
[2024-11-19T04:00:46.188+0000] {processor.py:186} INFO - Started process (PID=1332) to work on /home/airflow/.local/lib/python3.12/site-packages/airflow/example_dags/example_display_name.py
[2024-11-19T04:00:46.189+0000] {processor.py:914} INFO - Processing file /home/airflow/.local/lib/python3.12/site-packages/airflow/example_dags/example_display_name.py for tasks to queue
[2024-11-19T04:00:46.192+0000] {logging_mixin.py:190} INFO - [2024-11-19T04:00:46.191+0000] {dagbag.py:588} INFO - Filling up the DagBag from /home/airflow/.local/lib/python3.12/site-packages/airflow/example_dags/example_display_name.py
[2024-11-19T04:00:46.202+0000] {processor.py:925} INFO - DAG(s) 'example_display_name' retrieved from /home/airflow/.local/lib/python3.12/site-packages/airflow/example_dags/example_display_name.py
[2024-11-19T04:00:46.224+0000] {logging_mixin.py:190} INFO - [2024-11-19T04:00:46.224+0000] {dag.py:3239} INFO - Sync 1 DAGs
[2024-11-19T04:00:46.247+0000] {logging_mixin.py:190} INFO - [2024-11-19T04:00:46.247+0000] {dag.py:4180} INFO - Setting next_dagrun for example_display_name to None, run_after=None
[2024-11-19T04:00:46.280+0000] {processor.py:208} INFO - Processing /home/airflow/.local/lib/python3.12/site-packages/airflow/example_dags/example_display_name.py took 0.098 seconds
[2024-11-19T04:01:16.601+0000] {processor.py:186} INFO - Started process (PID=1397) to work on /home/airflow/.local/lib/python3.12/site-packages/airflow/example_dags/example_display_name.py
[2024-11-19T04:01:16.602+0000] {processor.py:914} INFO - Processing file /home/airflow/.local/lib/python3.12/site-packages/airflow/example_dags/example_display_name.py for tasks to queue
[2024-11-19T04:01:16.604+0000] {logging_mixin.py:190} INFO - [2024-11-19T04:01:16.604+0000] {dagbag.py:588} INFO - Filling up the DagBag from /home/airflow/.local/lib/python3.12/site-packages/airflow/example_dags/example_display_name.py
[2024-11-19T04:01:16.610+0000] {processor.py:925} INFO - DAG(s) 'example_display_name' retrieved from /home/airflow/.local/lib/python3.12/site-packages/airflow/example_dags/example_display_name.py
[2024-11-19T04:01:16.624+0000] {logging_mixin.py:190} INFO - [2024-11-19T04:01:16.624+0000] {dag.py:3239} INFO - Sync 1 DAGs
[2024-11-19T04:01:16.634+0000] {logging_mixin.py:190} INFO - [2024-11-19T04:01:16.634+0000] {dag.py:4180} INFO - Setting next_dagrun for example_display_name to None, run_after=None
[2024-11-19T04:01:16.648+0000] {processor.py:208} INFO - Processing /home/airflow/.local/lib/python3.12/site-packages/airflow/example_dags/example_display_name.py took 0.053 seconds
[2024-11-19T04:01:46.763+0000] {processor.py:186} INFO - Started process (PID=1462) to work on /home/airflow/.local/lib/python3.12/site-packages/airflow/example_dags/example_display_name.py
[2024-11-19T04:01:46.764+0000] {processor.py:914} INFO - Processing file /home/airflow/.local/lib/python3.12/site-packages/airflow/example_dags/example_display_name.py for tasks to queue
[2024-11-19T04:01:46.766+0000] {logging_mixin.py:190} INFO - [2024-11-19T04:01:46.766+0000] {dagbag.py:588} INFO - Filling up the DagBag from /home/airflow/.local/lib/python3.12/site-packages/airflow/example_dags/example_display_name.py
[2024-11-19T04:01:46.771+0000] {processor.py:925} INFO - DAG(s) 'example_display_name' retrieved from /home/airflow/.local/lib/python3.12/site-packages/airflow/example_dags/example_display_name.py
[2024-11-19T04:01:46.783+0000] {logging_mixin.py:190} INFO - [2024-11-19T04:01:46.783+0000] {dag.py:3239} INFO - Sync 1 DAGs
[2024-11-19T04:01:46.793+0000] {logging_mixin.py:190} INFO - [2024-11-19T04:01:46.793+0000] {dag.py:4180} INFO - Setting next_dagrun for example_display_name to None, run_after=None
[2024-11-19T04:01:46.806+0000] {processor.py:208} INFO - Processing /home/airflow/.local/lib/python3.12/site-packages/airflow/example_dags/example_display_name.py took 0.047 seconds
[2024-11-19T04:07:10.678+0000] {processor.py:186} INFO - Started process (PID=1526) to work on /home/airflow/.local/lib/python3.12/site-packages/airflow/example_dags/example_display_name.py
[2024-11-19T04:07:10.679+0000] {processor.py:914} INFO - Processing file /home/airflow/.local/lib/python3.12/site-packages/airflow/example_dags/example_display_name.py for tasks to queue
[2024-11-19T04:07:10.682+0000] {logging_mixin.py:190} INFO - [2024-11-19T04:07:10.681+0000] {dagbag.py:588} INFO - Filling up the DagBag from /home/airflow/.local/lib/python3.12/site-packages/airflow/example_dags/example_display_name.py
[2024-11-19T04:07:10.692+0000] {processor.py:925} INFO - DAG(s) 'example_display_name' retrieved from /home/airflow/.local/lib/python3.12/site-packages/airflow/example_dags/example_display_name.py
[2024-11-19T04:07:10.712+0000] {logging_mixin.py:190} INFO - [2024-11-19T04:07:10.712+0000] {dag.py:3239} INFO - Sync 1 DAGs
[2024-11-19T04:07:10.727+0000] {logging_mixin.py:190} INFO - [2024-11-19T04:07:10.727+0000] {dag.py:4180} INFO - Setting next_dagrun for example_display_name to None, run_after=None
[2024-11-19T04:07:10.747+0000] {processor.py:208} INFO - Processing /home/airflow/.local/lib/python3.12/site-packages/airflow/example_dags/example_display_name.py took 0.075 seconds
[2024-11-19T04:07:41.052+0000] {processor.py:186} INFO - Started process (PID=1591) to work on /home/airflow/.local/lib/python3.12/site-packages/airflow/example_dags/example_display_name.py
[2024-11-19T04:07:41.054+0000] {processor.py:914} INFO - Processing file /home/airflow/.local/lib/python3.12/site-packages/airflow/example_dags/example_display_name.py for tasks to queue
[2024-11-19T04:07:41.057+0000] {logging_mixin.py:190} INFO - [2024-11-19T04:07:41.057+0000] {dagbag.py:588} INFO - Filling up the DagBag from /home/airflow/.local/lib/python3.12/site-packages/airflow/example_dags/example_display_name.py
[2024-11-19T04:07:41.077+0000] {processor.py:925} INFO - DAG(s) 'example_display_name' retrieved from /home/airflow/.local/lib/python3.12/site-packages/airflow/example_dags/example_display_name.py
[2024-11-19T04:07:41.106+0000] {logging_mixin.py:190} INFO - [2024-11-19T04:07:41.106+0000] {dag.py:3239} INFO - Sync 1 DAGs
[2024-11-19T04:07:41.125+0000] {logging_mixin.py:190} INFO - [2024-11-19T04:07:41.125+0000] {dag.py:4180} INFO - Setting next_dagrun for example_display_name to None, run_after=None
[2024-11-19T04:07:41.148+0000] {processor.py:208} INFO - Processing /home/airflow/.local/lib/python3.12/site-packages/airflow/example_dags/example_display_name.py took 0.107 seconds
[2024-11-19T04:08:11.592+0000] {processor.py:186} INFO - Started process (PID=1656) to work on /home/airflow/.local/lib/python3.12/site-packages/airflow/example_dags/example_display_name.py
[2024-11-19T04:08:11.593+0000] {processor.py:914} INFO - Processing file /home/airflow/.local/lib/python3.12/site-packages/airflow/example_dags/example_display_name.py for tasks to queue
[2024-11-19T04:08:11.595+0000] {logging_mixin.py:190} INFO - [2024-11-19T04:08:11.595+0000] {dagbag.py:588} INFO - Filling up the DagBag from /home/airflow/.local/lib/python3.12/site-packages/airflow/example_dags/example_display_name.py
[2024-11-19T04:08:11.603+0000] {processor.py:925} INFO - DAG(s) 'example_display_name' retrieved from /home/airflow/.local/lib/python3.12/site-packages/airflow/example_dags/example_display_name.py
[2024-11-19T04:08:11.621+0000] {logging_mixin.py:190} INFO - [2024-11-19T04:08:11.621+0000] {dag.py:3239} INFO - Sync 1 DAGs
[2024-11-19T04:08:11.638+0000] {logging_mixin.py:190} INFO - [2024-11-19T04:08:11.638+0000] {dag.py:4180} INFO - Setting next_dagrun for example_display_name to None, run_after=None
[2024-11-19T04:08:11.657+0000] {processor.py:208} INFO - Processing /home/airflow/.local/lib/python3.12/site-packages/airflow/example_dags/example_display_name.py took 0.073 seconds
[2024-11-19T04:08:41.981+0000] {processor.py:186} INFO - Started process (PID=1721) to work on /home/airflow/.local/lib/python3.12/site-packages/airflow/example_dags/example_display_name.py
[2024-11-19T04:08:41.982+0000] {processor.py:914} INFO - Processing file /home/airflow/.local/lib/python3.12/site-packages/airflow/example_dags/example_display_name.py for tasks to queue
[2024-11-19T04:08:41.985+0000] {logging_mixin.py:190} INFO - [2024-11-19T04:08:41.985+0000] {dagbag.py:588} INFO - Filling up the DagBag from /home/airflow/.local/lib/python3.12/site-packages/airflow/example_dags/example_display_name.py
[2024-11-19T04:08:41.993+0000] {processor.py:925} INFO - DAG(s) 'example_display_name' retrieved from /home/airflow/.local/lib/python3.12/site-packages/airflow/example_dags/example_display_name.py
[2024-11-19T04:08:42.015+0000] {logging_mixin.py:190} INFO - [2024-11-19T04:08:42.014+0000] {dag.py:3239} INFO - Sync 1 DAGs
[2024-11-19T04:08:42.030+0000] {logging_mixin.py:190} INFO - [2024-11-19T04:08:42.030+0000] {dag.py:4180} INFO - Setting next_dagrun for example_display_name to None, run_after=None
[2024-11-19T04:08:42.062+0000] {processor.py:208} INFO - Processing /home/airflow/.local/lib/python3.12/site-packages/airflow/example_dags/example_display_name.py took 0.087 seconds
[2024-11-19T04:09:12.895+0000] {processor.py:186} INFO - Started process (PID=1786) to work on /home/airflow/.local/lib/python3.12/site-packages/airflow/example_dags/example_display_name.py
[2024-11-19T04:09:12.896+0000] {processor.py:914} INFO - Processing file /home/airflow/.local/lib/python3.12/site-packages/airflow/example_dags/example_display_name.py for tasks to queue
[2024-11-19T04:09:12.899+0000] {logging_mixin.py:190} INFO - [2024-11-19T04:09:12.898+0000] {dagbag.py:588} INFO - Filling up the DagBag from /home/airflow/.local/lib/python3.12/site-packages/airflow/example_dags/example_display_name.py
[2024-11-19T04:09:12.906+0000] {processor.py:925} INFO - DAG(s) 'example_display_name' retrieved from /home/airflow/.local/lib/python3.12/site-packages/airflow/example_dags/example_display_name.py
[2024-11-19T04:09:12.926+0000] {logging_mixin.py:190} INFO - [2024-11-19T04:09:12.926+0000] {dag.py:3239} INFO - Sync 1 DAGs
[2024-11-19T04:09:12.945+0000] {logging_mixin.py:190} INFO - [2024-11-19T04:09:12.945+0000] {dag.py:4180} INFO - Setting next_dagrun for example_display_name to None, run_after=None
[2024-11-19T04:09:12.966+0000] {processor.py:208} INFO - Processing /home/airflow/.local/lib/python3.12/site-packages/airflow/example_dags/example_display_name.py took 0.078 seconds
[2024-11-19T04:09:43.447+0000] {processor.py:186} INFO - Started process (PID=1851) to work on /home/airflow/.local/lib/python3.12/site-packages/airflow/example_dags/example_display_name.py
[2024-11-19T04:09:43.448+0000] {processor.py:914} INFO - Processing file /home/airflow/.local/lib/python3.12/site-packages/airflow/example_dags/example_display_name.py for tasks to queue
[2024-11-19T04:09:43.451+0000] {logging_mixin.py:190} INFO - [2024-11-19T04:09:43.451+0000] {dagbag.py:588} INFO - Filling up the DagBag from /home/airflow/.local/lib/python3.12/site-packages/airflow/example_dags/example_display_name.py
[2024-11-19T04:09:43.459+0000] {processor.py:925} INFO - DAG(s) 'example_display_name' retrieved from /home/airflow/.local/lib/python3.12/site-packages/airflow/example_dags/example_display_name.py
[2024-11-19T04:09:43.481+0000] {logging_mixin.py:190} INFO - [2024-11-19T04:09:43.481+0000] {dag.py:3239} INFO - Sync 1 DAGs
[2024-11-19T04:09:43.496+0000] {logging_mixin.py:190} INFO - [2024-11-19T04:09:43.496+0000] {dag.py:4180} INFO - Setting next_dagrun for example_display_name to None, run_after=None
[2024-11-19T04:09:43.522+0000] {processor.py:208} INFO - Processing /home/airflow/.local/lib/python3.12/site-packages/airflow/example_dags/example_display_name.py took 0.081 seconds
[2024-11-19T04:10:13.742+0000] {processor.py:186} INFO - Started process (PID=1916) to work on /home/airflow/.local/lib/python3.12/site-packages/airflow/example_dags/example_display_name.py
[2024-11-19T04:10:13.743+0000] {processor.py:914} INFO - Processing file /home/airflow/.local/lib/python3.12/site-packages/airflow/example_dags/example_display_name.py for tasks to queue
[2024-11-19T04:10:13.747+0000] {logging_mixin.py:190} INFO - [2024-11-19T04:10:13.746+0000] {dagbag.py:588} INFO - Filling up the DagBag from /home/airflow/.local/lib/python3.12/site-packages/airflow/example_dags/example_display_name.py
[2024-11-19T04:10:13.759+0000] {processor.py:925} INFO - DAG(s) 'example_display_name' retrieved from /home/airflow/.local/lib/python3.12/site-packages/airflow/example_dags/example_display_name.py
[2024-11-19T04:10:13.788+0000] {logging_mixin.py:190} INFO - [2024-11-19T04:10:13.787+0000] {dag.py:3239} INFO - Sync 1 DAGs
[2024-11-19T04:10:13.805+0000] {logging_mixin.py:190} INFO - [2024-11-19T04:10:13.805+0000] {dag.py:4180} INFO - Setting next_dagrun for example_display_name to None, run_after=None
[2024-11-19T04:10:13.836+0000] {processor.py:208} INFO - Processing /home/airflow/.local/lib/python3.12/site-packages/airflow/example_dags/example_display_name.py took 0.101 seconds
[2024-11-19T04:10:44.276+0000] {processor.py:186} INFO - Started process (PID=1981) to work on /home/airflow/.local/lib/python3.12/site-packages/airflow/example_dags/example_display_name.py
[2024-11-19T04:10:44.277+0000] {processor.py:914} INFO - Processing file /home/airflow/.local/lib/python3.12/site-packages/airflow/example_dags/example_display_name.py for tasks to queue
[2024-11-19T04:10:44.281+0000] {logging_mixin.py:190} INFO - [2024-11-19T04:10:44.280+0000] {dagbag.py:588} INFO - Filling up the DagBag from /home/airflow/.local/lib/python3.12/site-packages/airflow/example_dags/example_display_name.py
[2024-11-19T04:10:44.289+0000] {processor.py:925} INFO - DAG(s) 'example_display_name' retrieved from /home/airflow/.local/lib/python3.12/site-packages/airflow/example_dags/example_display_name.py
[2024-11-19T04:10:44.312+0000] {logging_mixin.py:190} INFO - [2024-11-19T04:10:44.311+0000] {dag.py:3239} INFO - Sync 1 DAGs
[2024-11-19T04:10:44.328+0000] {logging_mixin.py:190} INFO - [2024-11-19T04:10:44.328+0000] {dag.py:4180} INFO - Setting next_dagrun for example_display_name to None, run_after=None
[2024-11-19T04:10:44.357+0000] {processor.py:208} INFO - Processing /home/airflow/.local/lib/python3.12/site-packages/airflow/example_dags/example_display_name.py took 0.088 seconds
[2024-11-19T04:23:25.682+0000] {processor.py:186} INFO - Started process (PID=2046) to work on /home/airflow/.local/lib/python3.12/site-packages/airflow/example_dags/example_display_name.py
[2024-11-19T04:23:25.683+0000] {processor.py:914} INFO - Processing file /home/airflow/.local/lib/python3.12/site-packages/airflow/example_dags/example_display_name.py for tasks to queue
[2024-11-19T04:23:25.688+0000] {logging_mixin.py:190} INFO - [2024-11-19T04:23:25.687+0000] {dagbag.py:588} INFO - Filling up the DagBag from /home/airflow/.local/lib/python3.12/site-packages/airflow/example_dags/example_display_name.py
[2024-11-19T04:23:25.698+0000] {processor.py:925} INFO - DAG(s) 'example_display_name' retrieved from /home/airflow/.local/lib/python3.12/site-packages/airflow/example_dags/example_display_name.py
[2024-11-19T04:23:25.728+0000] {logging_mixin.py:190} INFO - [2024-11-19T04:23:25.728+0000] {dag.py:3239} INFO - Sync 1 DAGs
[2024-11-19T04:23:25.751+0000] {logging_mixin.py:190} INFO - [2024-11-19T04:23:25.750+0000] {dag.py:4180} INFO - Setting next_dagrun for example_display_name to None, run_after=None
[2024-11-19T04:23:25.796+0000] {processor.py:208} INFO - Processing /home/airflow/.local/lib/python3.12/site-packages/airflow/example_dags/example_display_name.py took 0.123 seconds
[2024-11-19T04:23:56.315+0000] {processor.py:186} INFO - Started process (PID=2111) to work on /home/airflow/.local/lib/python3.12/site-packages/airflow/example_dags/example_display_name.py
[2024-11-19T04:23:56.316+0000] {processor.py:914} INFO - Processing file /home/airflow/.local/lib/python3.12/site-packages/airflow/example_dags/example_display_name.py for tasks to queue
[2024-11-19T04:23:56.319+0000] {logging_mixin.py:190} INFO - [2024-11-19T04:23:56.319+0000] {dagbag.py:588} INFO - Filling up the DagBag from /home/airflow/.local/lib/python3.12/site-packages/airflow/example_dags/example_display_name.py
[2024-11-19T04:23:56.329+0000] {processor.py:925} INFO - DAG(s) 'example_display_name' retrieved from /home/airflow/.local/lib/python3.12/site-packages/airflow/example_dags/example_display_name.py
[2024-11-19T04:23:56.351+0000] {logging_mixin.py:190} INFO - [2024-11-19T04:23:56.351+0000] {dag.py:3239} INFO - Sync 1 DAGs
[2024-11-19T04:23:56.368+0000] {logging_mixin.py:190} INFO - [2024-11-19T04:23:56.367+0000] {dag.py:4180} INFO - Setting next_dagrun for example_display_name to None, run_after=None
[2024-11-19T04:23:56.399+0000] {processor.py:208} INFO - Processing /home/airflow/.local/lib/python3.12/site-packages/airflow/example_dags/example_display_name.py took 0.095 seconds
[2024-11-19T04:24:26.929+0000] {processor.py:186} INFO - Started process (PID=2176) to work on /home/airflow/.local/lib/python3.12/site-packages/airflow/example_dags/example_display_name.py
[2024-11-19T04:24:26.930+0000] {processor.py:914} INFO - Processing file /home/airflow/.local/lib/python3.12/site-packages/airflow/example_dags/example_display_name.py for tasks to queue
[2024-11-19T04:24:26.932+0000] {logging_mixin.py:190} INFO - [2024-11-19T04:24:26.932+0000] {dagbag.py:588} INFO - Filling up the DagBag from /home/airflow/.local/lib/python3.12/site-packages/airflow/example_dags/example_display_name.py
[2024-11-19T04:24:26.940+0000] {processor.py:925} INFO - DAG(s) 'example_display_name' retrieved from /home/airflow/.local/lib/python3.12/site-packages/airflow/example_dags/example_display_name.py
[2024-11-19T04:24:26.961+0000] {logging_mixin.py:190} INFO - [2024-11-19T04:24:26.961+0000] {dag.py:3239} INFO - Sync 1 DAGs
[2024-11-19T04:24:26.980+0000] {logging_mixin.py:190} INFO - [2024-11-19T04:24:26.979+0000] {dag.py:4180} INFO - Setting next_dagrun for example_display_name to None, run_after=None
[2024-11-19T04:24:27.009+0000] {processor.py:208} INFO - Processing /home/airflow/.local/lib/python3.12/site-packages/airflow/example_dags/example_display_name.py took 0.087 seconds
