[2024-11-19T03:51:08.463+0000] {processor.py:186} INFO - Started process (PID=81) to work on /home/airflow/.local/lib/python3.12/site-packages/airflow/example_dags/example_latest_only.py
[2024-11-19T03:51:08.464+0000] {processor.py:914} INFO - Processing file /home/airflow/.local/lib/python3.12/site-packages/airflow/example_dags/example_latest_only.py for tasks to queue
[2024-11-19T03:51:08.465+0000] {logging_mixin.py:190} INFO - [2024-11-19T03:51:08.465+0000] {dagbag.py:588} INFO - Filling up the DagBag from /home/airflow/.local/lib/python3.12/site-packages/airflow/example_dags/example_latest_only.py
[2024-11-19T03:51:08.473+0000] {processor.py:925} INFO - DAG(s) 'latest_only' retrieved from /home/airflow/.local/lib/python3.12/site-packages/airflow/example_dags/example_latest_only.py
[2024-11-19T03:51:08.568+0000] {logging_mixin.py:190} INFO - [2024-11-19T03:51:08.568+0000] {override.py:1911} INFO - Created Permission View: can read on DAG:latest_only
[2024-11-19T03:51:08.578+0000] {logging_mixin.py:190} INFO - [2024-11-19T03:51:08.578+0000] {override.py:1911} INFO - Created Permission View: can edit on DAG:latest_only
[2024-11-19T03:51:08.584+0000] {logging_mixin.py:190} INFO - [2024-11-19T03:51:08.584+0000] {override.py:1911} INFO - Created Permission View: can delete on DAG:latest_only
[2024-11-19T03:51:08.591+0000] {logging_mixin.py:190} INFO - [2024-11-19T03:51:08.591+0000] {override.py:1911} INFO - Created Permission View: can read on DAG Run:latest_only
[2024-11-19T03:51:08.598+0000] {logging_mixin.py:190} INFO - [2024-11-19T03:51:08.597+0000] {override.py:1911} INFO - Created Permission View: menu access on DAG Run:latest_only
[2024-11-19T03:51:08.605+0000] {logging_mixin.py:190} INFO - [2024-11-19T03:51:08.604+0000] {override.py:1911} INFO - Created Permission View: can create on DAG Run:latest_only
[2024-11-19T03:51:08.610+0000] {logging_mixin.py:190} INFO - [2024-11-19T03:51:08.610+0000] {override.py:1911} INFO - Created Permission View: can delete on DAG Run:latest_only
[2024-11-19T03:51:08.611+0000] {logging_mixin.py:190} INFO - [2024-11-19T03:51:08.611+0000] {dag.py:3239} INFO - Sync 1 DAGs
[2024-11-19T03:51:08.622+0000] {logging_mixin.py:190} INFO - [2024-11-19T03:51:08.622+0000] {dag.py:3262} INFO - Creating ORM DAG for latest_only
[2024-11-19T03:51:08.631+0000] {logging_mixin.py:190} INFO - [2024-11-19T03:51:08.631+0000] {dag.py:4180} INFO - Setting next_dagrun for latest_only to 2024-11-18 20:00:00+00:00, run_after=2024-11-19 00:00:00+00:00
[2024-11-19T03:51:08.658+0000] {processor.py:208} INFO - Processing /home/airflow/.local/lib/python3.12/site-packages/airflow/example_dags/example_latest_only.py took 0.201 seconds
[2024-11-19T03:51:38.698+0000] {processor.py:186} INFO - Started process (PID=144) to work on /home/airflow/.local/lib/python3.12/site-packages/airflow/example_dags/example_latest_only.py
[2024-11-19T03:51:38.700+0000] {processor.py:914} INFO - Processing file /home/airflow/.local/lib/python3.12/site-packages/airflow/example_dags/example_latest_only.py for tasks to queue
[2024-11-19T03:51:38.703+0000] {logging_mixin.py:190} INFO - [2024-11-19T03:51:38.703+0000] {dagbag.py:588} INFO - Filling up the DagBag from /home/airflow/.local/lib/python3.12/site-packages/airflow/example_dags/example_latest_only.py
[2024-11-19T03:51:38.710+0000] {processor.py:925} INFO - DAG(s) 'latest_only' retrieved from /home/airflow/.local/lib/python3.12/site-packages/airflow/example_dags/example_latest_only.py
[2024-11-19T03:51:38.728+0000] {logging_mixin.py:190} INFO - [2024-11-19T03:51:38.728+0000] {dag.py:3239} INFO - Sync 1 DAGs
[2024-11-19T03:51:38.753+0000] {logging_mixin.py:190} INFO - [2024-11-19T03:51:38.752+0000] {dag.py:4180} INFO - Setting next_dagrun for latest_only to 2024-11-18 20:00:00+00:00, run_after=2024-11-19 00:00:00+00:00
[2024-11-19T03:51:38.776+0000] {processor.py:208} INFO - Processing /home/airflow/.local/lib/python3.12/site-packages/airflow/example_dags/example_latest_only.py took 0.082 seconds
[2024-11-19T03:52:09.168+0000] {processor.py:186} INFO - Started process (PID=209) to work on /home/airflow/.local/lib/python3.12/site-packages/airflow/example_dags/example_latest_only.py
[2024-11-19T03:52:09.169+0000] {processor.py:914} INFO - Processing file /home/airflow/.local/lib/python3.12/site-packages/airflow/example_dags/example_latest_only.py for tasks to queue
[2024-11-19T03:52:09.171+0000] {logging_mixin.py:190} INFO - [2024-11-19T03:52:09.171+0000] {dagbag.py:588} INFO - Filling up the DagBag from /home/airflow/.local/lib/python3.12/site-packages/airflow/example_dags/example_latest_only.py
[2024-11-19T03:52:09.178+0000] {processor.py:925} INFO - DAG(s) 'latest_only' retrieved from /home/airflow/.local/lib/python3.12/site-packages/airflow/example_dags/example_latest_only.py
[2024-11-19T03:52:09.197+0000] {logging_mixin.py:190} INFO - [2024-11-19T03:52:09.197+0000] {dag.py:3239} INFO - Sync 1 DAGs
[2024-11-19T03:52:09.226+0000] {logging_mixin.py:190} INFO - [2024-11-19T03:52:09.226+0000] {dag.py:4180} INFO - Setting next_dagrun for latest_only to 2024-11-18 20:00:00+00:00, run_after=2024-11-19 00:00:00+00:00
[2024-11-19T03:52:09.251+0000] {processor.py:208} INFO - Processing /home/airflow/.local/lib/python3.12/site-packages/airflow/example_dags/example_latest_only.py took 0.088 seconds
[2024-11-19T03:52:39.654+0000] {processor.py:186} INFO - Started process (PID=273) to work on /home/airflow/.local/lib/python3.12/site-packages/airflow/example_dags/example_latest_only.py
[2024-11-19T03:52:39.655+0000] {processor.py:914} INFO - Processing file /home/airflow/.local/lib/python3.12/site-packages/airflow/example_dags/example_latest_only.py for tasks to queue
[2024-11-19T03:52:39.657+0000] {logging_mixin.py:190} INFO - [2024-11-19T03:52:39.657+0000] {dagbag.py:588} INFO - Filling up the DagBag from /home/airflow/.local/lib/python3.12/site-packages/airflow/example_dags/example_latest_only.py
[2024-11-19T03:52:39.662+0000] {processor.py:925} INFO - DAG(s) 'latest_only' retrieved from /home/airflow/.local/lib/python3.12/site-packages/airflow/example_dags/example_latest_only.py
[2024-11-19T03:52:39.679+0000] {logging_mixin.py:190} INFO - [2024-11-19T03:52:39.679+0000] {dag.py:3239} INFO - Sync 1 DAGs
[2024-11-19T03:52:39.700+0000] {logging_mixin.py:190} INFO - [2024-11-19T03:52:39.700+0000] {dag.py:4180} INFO - Setting next_dagrun for latest_only to 2024-11-18 20:00:00+00:00, run_after=2024-11-19 00:00:00+00:00
[2024-11-19T03:52:39.722+0000] {processor.py:208} INFO - Processing /home/airflow/.local/lib/python3.12/site-packages/airflow/example_dags/example_latest_only.py took 0.073 seconds
[2024-11-19T03:53:10.098+0000] {processor.py:186} INFO - Started process (PID=337) to work on /home/airflow/.local/lib/python3.12/site-packages/airflow/example_dags/example_latest_only.py
[2024-11-19T03:53:10.099+0000] {processor.py:914} INFO - Processing file /home/airflow/.local/lib/python3.12/site-packages/airflow/example_dags/example_latest_only.py for tasks to queue
[2024-11-19T03:53:10.102+0000] {logging_mixin.py:190} INFO - [2024-11-19T03:53:10.102+0000] {dagbag.py:588} INFO - Filling up the DagBag from /home/airflow/.local/lib/python3.12/site-packages/airflow/example_dags/example_latest_only.py
[2024-11-19T03:53:10.108+0000] {processor.py:925} INFO - DAG(s) 'latest_only' retrieved from /home/airflow/.local/lib/python3.12/site-packages/airflow/example_dags/example_latest_only.py
[2024-11-19T03:53:10.127+0000] {logging_mixin.py:190} INFO - [2024-11-19T03:53:10.126+0000] {dag.py:3239} INFO - Sync 1 DAGs
[2024-11-19T03:53:10.146+0000] {logging_mixin.py:190} INFO - [2024-11-19T03:53:10.146+0000] {dag.py:4180} INFO - Setting next_dagrun for latest_only to 2024-11-18 20:00:00+00:00, run_after=2024-11-19 00:00:00+00:00
[2024-11-19T03:53:10.159+0000] {processor.py:208} INFO - Processing /home/airflow/.local/lib/python3.12/site-packages/airflow/example_dags/example_latest_only.py took 0.066 seconds
[2024-11-19T03:53:40.449+0000] {processor.py:186} INFO - Started process (PID=401) to work on /home/airflow/.local/lib/python3.12/site-packages/airflow/example_dags/example_latest_only.py
[2024-11-19T03:53:40.450+0000] {processor.py:914} INFO - Processing file /home/airflow/.local/lib/python3.12/site-packages/airflow/example_dags/example_latest_only.py for tasks to queue
[2024-11-19T03:53:40.452+0000] {logging_mixin.py:190} INFO - [2024-11-19T03:53:40.452+0000] {dagbag.py:588} INFO - Filling up the DagBag from /home/airflow/.local/lib/python3.12/site-packages/airflow/example_dags/example_latest_only.py
[2024-11-19T03:53:40.458+0000] {processor.py:925} INFO - DAG(s) 'latest_only' retrieved from /home/airflow/.local/lib/python3.12/site-packages/airflow/example_dags/example_latest_only.py
[2024-11-19T03:53:40.474+0000] {logging_mixin.py:190} INFO - [2024-11-19T03:53:40.474+0000] {dag.py:3239} INFO - Sync 1 DAGs
[2024-11-19T03:53:40.495+0000] {logging_mixin.py:190} INFO - [2024-11-19T03:53:40.495+0000] {dag.py:4180} INFO - Setting next_dagrun for latest_only to 2024-11-18 20:00:00+00:00, run_after=2024-11-19 00:00:00+00:00
[2024-11-19T03:53:40.515+0000] {processor.py:208} INFO - Processing /home/airflow/.local/lib/python3.12/site-packages/airflow/example_dags/example_latest_only.py took 0.071 seconds
[2024-11-19T03:54:10.775+0000] {processor.py:186} INFO - Started process (PID=465) to work on /home/airflow/.local/lib/python3.12/site-packages/airflow/example_dags/example_latest_only.py
[2024-11-19T03:54:10.776+0000] {processor.py:914} INFO - Processing file /home/airflow/.local/lib/python3.12/site-packages/airflow/example_dags/example_latest_only.py for tasks to queue
[2024-11-19T03:54:10.778+0000] {logging_mixin.py:190} INFO - [2024-11-19T03:54:10.777+0000] {dagbag.py:588} INFO - Filling up the DagBag from /home/airflow/.local/lib/python3.12/site-packages/airflow/example_dags/example_latest_only.py
[2024-11-19T03:54:10.782+0000] {processor.py:925} INFO - DAG(s) 'latest_only' retrieved from /home/airflow/.local/lib/python3.12/site-packages/airflow/example_dags/example_latest_only.py
[2024-11-19T03:54:10.799+0000] {logging_mixin.py:190} INFO - [2024-11-19T03:54:10.798+0000] {dag.py:3239} INFO - Sync 1 DAGs
[2024-11-19T03:54:10.817+0000] {logging_mixin.py:190} INFO - [2024-11-19T03:54:10.817+0000] {dag.py:4180} INFO - Setting next_dagrun for latest_only to 2024-11-18 20:00:00+00:00, run_after=2024-11-19 00:00:00+00:00
[2024-11-19T03:54:10.834+0000] {processor.py:208} INFO - Processing /home/airflow/.local/lib/python3.12/site-packages/airflow/example_dags/example_latest_only.py took 0.063 seconds
[2024-11-19T03:54:41.311+0000] {processor.py:186} INFO - Started process (PID=529) to work on /home/airflow/.local/lib/python3.12/site-packages/airflow/example_dags/example_latest_only.py
[2024-11-19T03:54:41.312+0000] {processor.py:914} INFO - Processing file /home/airflow/.local/lib/python3.12/site-packages/airflow/example_dags/example_latest_only.py for tasks to queue
[2024-11-19T03:54:41.314+0000] {logging_mixin.py:190} INFO - [2024-11-19T03:54:41.314+0000] {dagbag.py:588} INFO - Filling up the DagBag from /home/airflow/.local/lib/python3.12/site-packages/airflow/example_dags/example_latest_only.py
[2024-11-19T03:54:41.319+0000] {processor.py:925} INFO - DAG(s) 'latest_only' retrieved from /home/airflow/.local/lib/python3.12/site-packages/airflow/example_dags/example_latest_only.py
[2024-11-19T03:54:41.333+0000] {logging_mixin.py:190} INFO - [2024-11-19T03:54:41.333+0000] {dag.py:3239} INFO - Sync 1 DAGs
[2024-11-19T03:54:41.348+0000] {logging_mixin.py:190} INFO - [2024-11-19T03:54:41.348+0000] {dag.py:4180} INFO - Setting next_dagrun for latest_only to 2024-11-18 20:00:00+00:00, run_after=2024-11-19 00:00:00+00:00
[2024-11-19T03:54:41.359+0000] {processor.py:208} INFO - Processing /home/airflow/.local/lib/python3.12/site-packages/airflow/example_dags/example_latest_only.py took 0.051 seconds
[2024-11-19T03:55:11.505+0000] {processor.py:186} INFO - Started process (PID=593) to work on /home/airflow/.local/lib/python3.12/site-packages/airflow/example_dags/example_latest_only.py
[2024-11-19T03:55:11.506+0000] {processor.py:914} INFO - Processing file /home/airflow/.local/lib/python3.12/site-packages/airflow/example_dags/example_latest_only.py for tasks to queue
[2024-11-19T03:55:11.507+0000] {logging_mixin.py:190} INFO - [2024-11-19T03:55:11.507+0000] {dagbag.py:588} INFO - Filling up the DagBag from /home/airflow/.local/lib/python3.12/site-packages/airflow/example_dags/example_latest_only.py
[2024-11-19T03:55:11.513+0000] {processor.py:925} INFO - DAG(s) 'latest_only' retrieved from /home/airflow/.local/lib/python3.12/site-packages/airflow/example_dags/example_latest_only.py
[2024-11-19T03:55:11.528+0000] {logging_mixin.py:190} INFO - [2024-11-19T03:55:11.528+0000] {dag.py:3239} INFO - Sync 1 DAGs
[2024-11-19T03:55:11.546+0000] {logging_mixin.py:190} INFO - [2024-11-19T03:55:11.546+0000] {dag.py:4180} INFO - Setting next_dagrun for latest_only to 2024-11-18 20:00:00+00:00, run_after=2024-11-19 00:00:00+00:00
[2024-11-19T03:55:11.562+0000] {processor.py:208} INFO - Processing /home/airflow/.local/lib/python3.12/site-packages/airflow/example_dags/example_latest_only.py took 0.062 seconds
[2024-11-19T03:55:42.073+0000] {processor.py:186} INFO - Started process (PID=657) to work on /home/airflow/.local/lib/python3.12/site-packages/airflow/example_dags/example_latest_only.py
[2024-11-19T03:55:42.073+0000] {processor.py:914} INFO - Processing file /home/airflow/.local/lib/python3.12/site-packages/airflow/example_dags/example_latest_only.py for tasks to queue
[2024-11-19T03:55:42.076+0000] {logging_mixin.py:190} INFO - [2024-11-19T03:55:42.075+0000] {dagbag.py:588} INFO - Filling up the DagBag from /home/airflow/.local/lib/python3.12/site-packages/airflow/example_dags/example_latest_only.py
[2024-11-19T03:55:42.083+0000] {processor.py:925} INFO - DAG(s) 'latest_only' retrieved from /home/airflow/.local/lib/python3.12/site-packages/airflow/example_dags/example_latest_only.py
[2024-11-19T03:55:42.107+0000] {logging_mixin.py:190} INFO - [2024-11-19T03:55:42.107+0000] {dag.py:3239} INFO - Sync 1 DAGs
[2024-11-19T03:55:42.135+0000] {logging_mixin.py:190} INFO - [2024-11-19T03:55:42.135+0000] {dag.py:4180} INFO - Setting next_dagrun for latest_only to 2024-11-18 20:00:00+00:00, run_after=2024-11-19 00:00:00+00:00
[2024-11-19T03:55:42.156+0000] {processor.py:208} INFO - Processing /home/airflow/.local/lib/python3.12/site-packages/airflow/example_dags/example_latest_only.py took 0.088 seconds
[2024-11-19T03:56:12.234+0000] {processor.py:186} INFO - Started process (PID=722) to work on /home/airflow/.local/lib/python3.12/site-packages/airflow/example_dags/example_latest_only.py
[2024-11-19T03:56:12.235+0000] {processor.py:914} INFO - Processing file /home/airflow/.local/lib/python3.12/site-packages/airflow/example_dags/example_latest_only.py for tasks to queue
[2024-11-19T03:56:12.237+0000] {logging_mixin.py:190} INFO - [2024-11-19T03:56:12.237+0000] {dagbag.py:588} INFO - Filling up the DagBag from /home/airflow/.local/lib/python3.12/site-packages/airflow/example_dags/example_latest_only.py
[2024-11-19T03:56:12.243+0000] {processor.py:925} INFO - DAG(s) 'latest_only' retrieved from /home/airflow/.local/lib/python3.12/site-packages/airflow/example_dags/example_latest_only.py
[2024-11-19T03:56:12.262+0000] {logging_mixin.py:190} INFO - [2024-11-19T03:56:12.262+0000] {dag.py:3239} INFO - Sync 1 DAGs
[2024-11-19T03:56:12.279+0000] {logging_mixin.py:190} INFO - [2024-11-19T03:56:12.279+0000] {dag.py:4180} INFO - Setting next_dagrun for latest_only to 2024-11-18 20:00:00+00:00, run_after=2024-11-19 00:00:00+00:00
[2024-11-19T03:56:12.293+0000] {processor.py:208} INFO - Processing /home/airflow/.local/lib/python3.12/site-packages/airflow/example_dags/example_latest_only.py took 0.063 seconds
[2024-11-19T03:56:42.674+0000] {processor.py:186} INFO - Started process (PID=787) to work on /home/airflow/.local/lib/python3.12/site-packages/airflow/example_dags/example_latest_only.py
[2024-11-19T03:56:42.675+0000] {processor.py:914} INFO - Processing file /home/airflow/.local/lib/python3.12/site-packages/airflow/example_dags/example_latest_only.py for tasks to queue
[2024-11-19T03:56:42.678+0000] {logging_mixin.py:190} INFO - [2024-11-19T03:56:42.677+0000] {dagbag.py:588} INFO - Filling up the DagBag from /home/airflow/.local/lib/python3.12/site-packages/airflow/example_dags/example_latest_only.py
[2024-11-19T03:56:42.684+0000] {processor.py:925} INFO - DAG(s) 'latest_only' retrieved from /home/airflow/.local/lib/python3.12/site-packages/airflow/example_dags/example_latest_only.py
[2024-11-19T03:56:42.704+0000] {logging_mixin.py:190} INFO - [2024-11-19T03:56:42.704+0000] {dag.py:3239} INFO - Sync 1 DAGs
[2024-11-19T03:56:42.722+0000] {logging_mixin.py:190} INFO - [2024-11-19T03:56:42.722+0000] {dag.py:4180} INFO - Setting next_dagrun for latest_only to 2024-11-18 20:00:00+00:00, run_after=2024-11-19 00:00:00+00:00
[2024-11-19T03:56:42.734+0000] {processor.py:208} INFO - Processing /home/airflow/.local/lib/python3.12/site-packages/airflow/example_dags/example_latest_only.py took 0.065 seconds
[2024-11-19T03:57:13.507+0000] {processor.py:186} INFO - Started process (PID=878) to work on /home/airflow/.local/lib/python3.12/site-packages/airflow/example_dags/example_latest_only.py
[2024-11-19T03:57:13.509+0000] {processor.py:914} INFO - Processing file /home/airflow/.local/lib/python3.12/site-packages/airflow/example_dags/example_latest_only.py for tasks to queue
[2024-11-19T03:57:13.514+0000] {logging_mixin.py:190} INFO - [2024-11-19T03:57:13.513+0000] {dagbag.py:588} INFO - Filling up the DagBag from /home/airflow/.local/lib/python3.12/site-packages/airflow/example_dags/example_latest_only.py
[2024-11-19T03:57:13.529+0000] {processor.py:925} INFO - DAG(s) 'latest_only' retrieved from /home/airflow/.local/lib/python3.12/site-packages/airflow/example_dags/example_latest_only.py
[2024-11-19T03:57:13.561+0000] {logging_mixin.py:190} INFO - [2024-11-19T03:57:13.561+0000] {dag.py:3239} INFO - Sync 1 DAGs
[2024-11-19T03:57:13.619+0000] {logging_mixin.py:190} INFO - [2024-11-19T03:57:13.619+0000] {dag.py:4180} INFO - Setting next_dagrun for latest_only to 2024-11-18 20:00:00+00:00, run_after=2024-11-19 00:00:00+00:00
[2024-11-19T03:57:13.657+0000] {processor.py:208} INFO - Processing /home/airflow/.local/lib/python3.12/site-packages/airflow/example_dags/example_latest_only.py took 0.161 seconds
[2024-11-19T03:57:43.980+0000] {processor.py:186} INFO - Started process (PID=943) to work on /home/airflow/.local/lib/python3.12/site-packages/airflow/example_dags/example_latest_only.py
[2024-11-19T03:57:43.981+0000] {processor.py:914} INFO - Processing file /home/airflow/.local/lib/python3.12/site-packages/airflow/example_dags/example_latest_only.py for tasks to queue
[2024-11-19T03:57:43.983+0000] {logging_mixin.py:190} INFO - [2024-11-19T03:57:43.983+0000] {dagbag.py:588} INFO - Filling up the DagBag from /home/airflow/.local/lib/python3.12/site-packages/airflow/example_dags/example_latest_only.py
[2024-11-19T03:57:43.988+0000] {processor.py:925} INFO - DAG(s) 'latest_only' retrieved from /home/airflow/.local/lib/python3.12/site-packages/airflow/example_dags/example_latest_only.py
[2024-11-19T03:57:44.002+0000] {logging_mixin.py:190} INFO - [2024-11-19T03:57:44.001+0000] {dag.py:3239} INFO - Sync 1 DAGs
[2024-11-19T03:57:44.017+0000] {logging_mixin.py:190} INFO - [2024-11-19T03:57:44.016+0000] {dag.py:4180} INFO - Setting next_dagrun for latest_only to 2024-11-18 20:00:00+00:00, run_after=2024-11-19 00:00:00+00:00
[2024-11-19T03:57:44.027+0000] {processor.py:208} INFO - Processing /home/airflow/.local/lib/python3.12/site-packages/airflow/example_dags/example_latest_only.py took 0.051 seconds
[2024-11-19T03:58:14.268+0000] {processor.py:186} INFO - Started process (PID=1008) to work on /home/airflow/.local/lib/python3.12/site-packages/airflow/example_dags/example_latest_only.py
[2024-11-19T03:58:14.269+0000] {processor.py:914} INFO - Processing file /home/airflow/.local/lib/python3.12/site-packages/airflow/example_dags/example_latest_only.py for tasks to queue
[2024-11-19T03:58:14.270+0000] {logging_mixin.py:190} INFO - [2024-11-19T03:58:14.270+0000] {dagbag.py:588} INFO - Filling up the DagBag from /home/airflow/.local/lib/python3.12/site-packages/airflow/example_dags/example_latest_only.py
[2024-11-19T03:58:14.277+0000] {processor.py:925} INFO - DAG(s) 'latest_only' retrieved from /home/airflow/.local/lib/python3.12/site-packages/airflow/example_dags/example_latest_only.py
[2024-11-19T03:58:14.293+0000] {logging_mixin.py:190} INFO - [2024-11-19T03:58:14.293+0000] {dag.py:3239} INFO - Sync 1 DAGs
[2024-11-19T03:58:14.314+0000] {logging_mixin.py:190} INFO - [2024-11-19T03:58:14.314+0000] {dag.py:4180} INFO - Setting next_dagrun for latest_only to 2024-11-18 20:00:00+00:00, run_after=2024-11-19 00:00:00+00:00
[2024-11-19T03:58:14.331+0000] {processor.py:208} INFO - Processing /home/airflow/.local/lib/python3.12/site-packages/airflow/example_dags/example_latest_only.py took 0.067 seconds
[2024-11-19T03:58:44.603+0000] {processor.py:186} INFO - Started process (PID=1074) to work on /home/airflow/.local/lib/python3.12/site-packages/airflow/example_dags/example_latest_only.py
[2024-11-19T03:58:44.604+0000] {processor.py:914} INFO - Processing file /home/airflow/.local/lib/python3.12/site-packages/airflow/example_dags/example_latest_only.py for tasks to queue
[2024-11-19T03:58:44.606+0000] {logging_mixin.py:190} INFO - [2024-11-19T03:58:44.606+0000] {dagbag.py:588} INFO - Filling up the DagBag from /home/airflow/.local/lib/python3.12/site-packages/airflow/example_dags/example_latest_only.py
[2024-11-19T03:58:44.611+0000] {processor.py:925} INFO - DAG(s) 'latest_only' retrieved from /home/airflow/.local/lib/python3.12/site-packages/airflow/example_dags/example_latest_only.py
[2024-11-19T03:58:44.623+0000] {logging_mixin.py:190} INFO - [2024-11-19T03:58:44.623+0000] {dag.py:3239} INFO - Sync 1 DAGs
[2024-11-19T03:58:44.639+0000] {logging_mixin.py:190} INFO - [2024-11-19T03:58:44.639+0000] {dag.py:4180} INFO - Setting next_dagrun for latest_only to 2024-11-18 20:00:00+00:00, run_after=2024-11-19 00:00:00+00:00
[2024-11-19T03:58:44.651+0000] {processor.py:208} INFO - Processing /home/airflow/.local/lib/python3.12/site-packages/airflow/example_dags/example_latest_only.py took 0.053 seconds
[2024-11-19T03:59:15.028+0000] {processor.py:186} INFO - Started process (PID=1139) to work on /home/airflow/.local/lib/python3.12/site-packages/airflow/example_dags/example_latest_only.py
[2024-11-19T03:59:15.029+0000] {processor.py:914} INFO - Processing file /home/airflow/.local/lib/python3.12/site-packages/airflow/example_dags/example_latest_only.py for tasks to queue
[2024-11-19T03:59:15.031+0000] {logging_mixin.py:190} INFO - [2024-11-19T03:59:15.031+0000] {dagbag.py:588} INFO - Filling up the DagBag from /home/airflow/.local/lib/python3.12/site-packages/airflow/example_dags/example_latest_only.py
[2024-11-19T03:59:15.036+0000] {processor.py:925} INFO - DAG(s) 'latest_only' retrieved from /home/airflow/.local/lib/python3.12/site-packages/airflow/example_dags/example_latest_only.py
[2024-11-19T03:59:15.053+0000] {logging_mixin.py:190} INFO - [2024-11-19T03:59:15.053+0000] {dag.py:3239} INFO - Sync 1 DAGs
[2024-11-19T03:59:15.075+0000] {logging_mixin.py:190} INFO - [2024-11-19T03:59:15.074+0000] {dag.py:4180} INFO - Setting next_dagrun for latest_only to 2024-11-18 20:00:00+00:00, run_after=2024-11-19 00:00:00+00:00
[2024-11-19T03:59:15.093+0000] {processor.py:208} INFO - Processing /home/airflow/.local/lib/python3.12/site-packages/airflow/example_dags/example_latest_only.py took 0.070 seconds
[2024-11-19T03:59:45.448+0000] {processor.py:186} INFO - Started process (PID=1204) to work on /home/airflow/.local/lib/python3.12/site-packages/airflow/example_dags/example_latest_only.py
[2024-11-19T03:59:45.449+0000] {processor.py:914} INFO - Processing file /home/airflow/.local/lib/python3.12/site-packages/airflow/example_dags/example_latest_only.py for tasks to queue
[2024-11-19T03:59:45.450+0000] {logging_mixin.py:190} INFO - [2024-11-19T03:59:45.450+0000] {dagbag.py:588} INFO - Filling up the DagBag from /home/airflow/.local/lib/python3.12/site-packages/airflow/example_dags/example_latest_only.py
[2024-11-19T03:59:45.455+0000] {processor.py:925} INFO - DAG(s) 'latest_only' retrieved from /home/airflow/.local/lib/python3.12/site-packages/airflow/example_dags/example_latest_only.py
[2024-11-19T03:59:45.467+0000] {logging_mixin.py:190} INFO - [2024-11-19T03:59:45.467+0000] {dag.py:3239} INFO - Sync 1 DAGs
[2024-11-19T03:59:45.482+0000] {logging_mixin.py:190} INFO - [2024-11-19T03:59:45.482+0000] {dag.py:4180} INFO - Setting next_dagrun for latest_only to 2024-11-18 20:00:00+00:00, run_after=2024-11-19 00:00:00+00:00
[2024-11-19T03:59:45.493+0000] {processor.py:208} INFO - Processing /home/airflow/.local/lib/python3.12/site-packages/airflow/example_dags/example_latest_only.py took 0.050 seconds
[2024-11-19T04:00:15.805+0000] {processor.py:186} INFO - Started process (PID=1269) to work on /home/airflow/.local/lib/python3.12/site-packages/airflow/example_dags/example_latest_only.py
[2024-11-19T04:00:15.806+0000] {processor.py:914} INFO - Processing file /home/airflow/.local/lib/python3.12/site-packages/airflow/example_dags/example_latest_only.py for tasks to queue
[2024-11-19T04:00:15.808+0000] {logging_mixin.py:190} INFO - [2024-11-19T04:00:15.807+0000] {dagbag.py:588} INFO - Filling up the DagBag from /home/airflow/.local/lib/python3.12/site-packages/airflow/example_dags/example_latest_only.py
[2024-11-19T04:00:15.812+0000] {processor.py:925} INFO - DAG(s) 'latest_only' retrieved from /home/airflow/.local/lib/python3.12/site-packages/airflow/example_dags/example_latest_only.py
[2024-11-19T04:00:15.826+0000] {logging_mixin.py:190} INFO - [2024-11-19T04:00:15.826+0000] {dag.py:3239} INFO - Sync 1 DAGs
[2024-11-19T04:00:15.841+0000] {logging_mixin.py:190} INFO - [2024-11-19T04:00:15.841+0000] {dag.py:4180} INFO - Setting next_dagrun for latest_only to 2024-11-19 00:00:00+00:00, run_after=2024-11-19 04:00:00+00:00
[2024-11-19T04:00:15.854+0000] {processor.py:208} INFO - Processing /home/airflow/.local/lib/python3.12/site-packages/airflow/example_dags/example_latest_only.py took 0.052 seconds
[2024-11-19T04:00:46.320+0000] {processor.py:186} INFO - Started process (PID=1334) to work on /home/airflow/.local/lib/python3.12/site-packages/airflow/example_dags/example_latest_only.py
[2024-11-19T04:00:46.322+0000] {processor.py:914} INFO - Processing file /home/airflow/.local/lib/python3.12/site-packages/airflow/example_dags/example_latest_only.py for tasks to queue
[2024-11-19T04:00:46.326+0000] {logging_mixin.py:190} INFO - [2024-11-19T04:00:46.325+0000] {dagbag.py:588} INFO - Filling up the DagBag from /home/airflow/.local/lib/python3.12/site-packages/airflow/example_dags/example_latest_only.py
[2024-11-19T04:00:46.337+0000] {processor.py:925} INFO - DAG(s) 'latest_only' retrieved from /home/airflow/.local/lib/python3.12/site-packages/airflow/example_dags/example_latest_only.py
[2024-11-19T04:00:46.365+0000] {logging_mixin.py:190} INFO - [2024-11-19T04:00:46.364+0000] {dag.py:3239} INFO - Sync 1 DAGs
[2024-11-19T04:00:46.399+0000] {logging_mixin.py:190} INFO - [2024-11-19T04:00:46.398+0000] {dag.py:4180} INFO - Setting next_dagrun for latest_only to 2024-11-19 00:00:00+00:00, run_after=2024-11-19 04:00:00+00:00
[2024-11-19T04:00:46.417+0000] {processor.py:208} INFO - Processing /home/airflow/.local/lib/python3.12/site-packages/airflow/example_dags/example_latest_only.py took 0.104 seconds
[2024-11-19T04:01:16.677+0000] {processor.py:186} INFO - Started process (PID=1399) to work on /home/airflow/.local/lib/python3.12/site-packages/airflow/example_dags/example_latest_only.py
[2024-11-19T04:01:16.678+0000] {processor.py:914} INFO - Processing file /home/airflow/.local/lib/python3.12/site-packages/airflow/example_dags/example_latest_only.py for tasks to queue
[2024-11-19T04:01:16.679+0000] {logging_mixin.py:190} INFO - [2024-11-19T04:01:16.679+0000] {dagbag.py:588} INFO - Filling up the DagBag from /home/airflow/.local/lib/python3.12/site-packages/airflow/example_dags/example_latest_only.py
[2024-11-19T04:01:16.685+0000] {processor.py:925} INFO - DAG(s) 'latest_only' retrieved from /home/airflow/.local/lib/python3.12/site-packages/airflow/example_dags/example_latest_only.py
[2024-11-19T04:01:16.700+0000] {logging_mixin.py:190} INFO - [2024-11-19T04:01:16.699+0000] {dag.py:3239} INFO - Sync 1 DAGs
[2024-11-19T04:01:16.717+0000] {logging_mixin.py:190} INFO - [2024-11-19T04:01:16.716+0000] {dag.py:4180} INFO - Setting next_dagrun for latest_only to 2024-11-19 00:00:00+00:00, run_after=2024-11-19 04:00:00+00:00
[2024-11-19T04:01:16.729+0000] {processor.py:208} INFO - Processing /home/airflow/.local/lib/python3.12/site-packages/airflow/example_dags/example_latest_only.py took 0.056 seconds
[2024-11-19T04:01:46.942+0000] {processor.py:186} INFO - Started process (PID=1464) to work on /home/airflow/.local/lib/python3.12/site-packages/airflow/example_dags/example_latest_only.py
[2024-11-19T04:01:46.943+0000] {processor.py:914} INFO - Processing file /home/airflow/.local/lib/python3.12/site-packages/airflow/example_dags/example_latest_only.py for tasks to queue
[2024-11-19T04:01:46.945+0000] {logging_mixin.py:190} INFO - [2024-11-19T04:01:46.945+0000] {dagbag.py:588} INFO - Filling up the DagBag from /home/airflow/.local/lib/python3.12/site-packages/airflow/example_dags/example_latest_only.py
[2024-11-19T04:01:46.950+0000] {processor.py:925} INFO - DAG(s) 'latest_only' retrieved from /home/airflow/.local/lib/python3.12/site-packages/airflow/example_dags/example_latest_only.py
[2024-11-19T04:01:46.963+0000] {logging_mixin.py:190} INFO - [2024-11-19T04:01:46.963+0000] {dag.py:3239} INFO - Sync 1 DAGs
[2024-11-19T04:01:46.978+0000] {logging_mixin.py:190} INFO - [2024-11-19T04:01:46.978+0000] {dag.py:4180} INFO - Setting next_dagrun for latest_only to 2024-11-19 00:00:00+00:00, run_after=2024-11-19 04:00:00+00:00
[2024-11-19T04:01:46.991+0000] {processor.py:208} INFO - Processing /home/airflow/.local/lib/python3.12/site-packages/airflow/example_dags/example_latest_only.py took 0.052 seconds
[2024-11-19T04:07:10.781+0000] {processor.py:186} INFO - Started process (PID=1528) to work on /home/airflow/.local/lib/python3.12/site-packages/airflow/example_dags/example_latest_only.py
[2024-11-19T04:07:10.782+0000] {processor.py:914} INFO - Processing file /home/airflow/.local/lib/python3.12/site-packages/airflow/example_dags/example_latest_only.py for tasks to queue
[2024-11-19T04:07:10.785+0000] {logging_mixin.py:190} INFO - [2024-11-19T04:07:10.785+0000] {dagbag.py:588} INFO - Filling up the DagBag from /home/airflow/.local/lib/python3.12/site-packages/airflow/example_dags/example_latest_only.py
[2024-11-19T04:07:10.794+0000] {processor.py:925} INFO - DAG(s) 'latest_only' retrieved from /home/airflow/.local/lib/python3.12/site-packages/airflow/example_dags/example_latest_only.py
[2024-11-19T04:07:10.817+0000] {logging_mixin.py:190} INFO - [2024-11-19T04:07:10.817+0000] {dag.py:3239} INFO - Sync 1 DAGs
[2024-11-19T04:07:10.844+0000] {logging_mixin.py:190} INFO - [2024-11-19T04:07:10.843+0000] {dag.py:4180} INFO - Setting next_dagrun for latest_only to 2024-11-19 00:00:00+00:00, run_after=2024-11-19 04:00:00+00:00
[2024-11-19T04:07:10.865+0000] {processor.py:208} INFO - Processing /home/airflow/.local/lib/python3.12/site-packages/airflow/example_dags/example_latest_only.py took 0.091 seconds
[2024-11-19T04:07:41.353+0000] {processor.py:186} INFO - Started process (PID=1593) to work on /home/airflow/.local/lib/python3.12/site-packages/airflow/example_dags/example_latest_only.py
[2024-11-19T04:07:41.355+0000] {processor.py:914} INFO - Processing file /home/airflow/.local/lib/python3.12/site-packages/airflow/example_dags/example_latest_only.py for tasks to queue
[2024-11-19T04:07:41.357+0000] {logging_mixin.py:190} INFO - [2024-11-19T04:07:41.357+0000] {dagbag.py:588} INFO - Filling up the DagBag from /home/airflow/.local/lib/python3.12/site-packages/airflow/example_dags/example_latest_only.py
[2024-11-19T04:07:41.365+0000] {processor.py:925} INFO - DAG(s) 'latest_only' retrieved from /home/airflow/.local/lib/python3.12/site-packages/airflow/example_dags/example_latest_only.py
[2024-11-19T04:07:41.387+0000] {logging_mixin.py:190} INFO - [2024-11-19T04:07:41.387+0000] {dag.py:3239} INFO - Sync 1 DAGs
[2024-11-19T04:07:41.417+0000] {logging_mixin.py:190} INFO - [2024-11-19T04:07:41.417+0000] {dag.py:4180} INFO - Setting next_dagrun for latest_only to 2024-11-19 00:00:00+00:00, run_after=2024-11-19 04:00:00+00:00
[2024-11-19T04:07:41.455+0000] {processor.py:208} INFO - Processing /home/airflow/.local/lib/python3.12/site-packages/airflow/example_dags/example_latest_only.py took 0.111 seconds
[2024-11-19T04:08:11.709+0000] {processor.py:186} INFO - Started process (PID=1658) to work on /home/airflow/.local/lib/python3.12/site-packages/airflow/example_dags/example_latest_only.py
[2024-11-19T04:08:11.711+0000] {processor.py:914} INFO - Processing file /home/airflow/.local/lib/python3.12/site-packages/airflow/example_dags/example_latest_only.py for tasks to queue
[2024-11-19T04:08:11.713+0000] {logging_mixin.py:190} INFO - [2024-11-19T04:08:11.713+0000] {dagbag.py:588} INFO - Filling up the DagBag from /home/airflow/.local/lib/python3.12/site-packages/airflow/example_dags/example_latest_only.py
[2024-11-19T04:08:11.722+0000] {processor.py:925} INFO - DAG(s) 'latest_only' retrieved from /home/airflow/.local/lib/python3.12/site-packages/airflow/example_dags/example_latest_only.py
[2024-11-19T04:08:11.746+0000] {logging_mixin.py:190} INFO - [2024-11-19T04:08:11.746+0000] {dag.py:3239} INFO - Sync 1 DAGs
[2024-11-19T04:08:11.771+0000] {logging_mixin.py:190} INFO - [2024-11-19T04:08:11.771+0000] {dag.py:4180} INFO - Setting next_dagrun for latest_only to 2024-11-19 00:00:00+00:00, run_after=2024-11-19 04:00:00+00:00
[2024-11-19T04:08:11.802+0000] {processor.py:208} INFO - Processing /home/airflow/.local/lib/python3.12/site-packages/airflow/example_dags/example_latest_only.py took 0.100 seconds
[2024-11-19T04:08:42.097+0000] {processor.py:186} INFO - Started process (PID=1723) to work on /home/airflow/.local/lib/python3.12/site-packages/airflow/example_dags/example_latest_only.py
[2024-11-19T04:08:42.099+0000] {processor.py:914} INFO - Processing file /home/airflow/.local/lib/python3.12/site-packages/airflow/example_dags/example_latest_only.py for tasks to queue
[2024-11-19T04:08:42.102+0000] {logging_mixin.py:190} INFO - [2024-11-19T04:08:42.101+0000] {dagbag.py:588} INFO - Filling up the DagBag from /home/airflow/.local/lib/python3.12/site-packages/airflow/example_dags/example_latest_only.py
[2024-11-19T04:08:42.111+0000] {processor.py:925} INFO - DAG(s) 'latest_only' retrieved from /home/airflow/.local/lib/python3.12/site-packages/airflow/example_dags/example_latest_only.py
[2024-11-19T04:08:42.138+0000] {logging_mixin.py:190} INFO - [2024-11-19T04:08:42.138+0000] {dag.py:3239} INFO - Sync 1 DAGs
[2024-11-19T04:08:42.170+0000] {logging_mixin.py:190} INFO - [2024-11-19T04:08:42.170+0000] {dag.py:4180} INFO - Setting next_dagrun for latest_only to 2024-11-19 00:00:00+00:00, run_after=2024-11-19 04:00:00+00:00
[2024-11-19T04:08:42.194+0000] {processor.py:208} INFO - Processing /home/airflow/.local/lib/python3.12/site-packages/airflow/example_dags/example_latest_only.py took 0.103 seconds
[2024-11-19T04:09:13.004+0000] {processor.py:186} INFO - Started process (PID=1788) to work on /home/airflow/.local/lib/python3.12/site-packages/airflow/example_dags/example_latest_only.py
[2024-11-19T04:09:13.005+0000] {processor.py:914} INFO - Processing file /home/airflow/.local/lib/python3.12/site-packages/airflow/example_dags/example_latest_only.py for tasks to queue
[2024-11-19T04:09:13.007+0000] {logging_mixin.py:190} INFO - [2024-11-19T04:09:13.007+0000] {dagbag.py:588} INFO - Filling up the DagBag from /home/airflow/.local/lib/python3.12/site-packages/airflow/example_dags/example_latest_only.py
[2024-11-19T04:09:13.017+0000] {processor.py:925} INFO - DAG(s) 'latest_only' retrieved from /home/airflow/.local/lib/python3.12/site-packages/airflow/example_dags/example_latest_only.py
[2024-11-19T04:09:13.042+0000] {logging_mixin.py:190} INFO - [2024-11-19T04:09:13.042+0000] {dag.py:3239} INFO - Sync 1 DAGs
[2024-11-19T04:09:13.070+0000] {logging_mixin.py:190} INFO - [2024-11-19T04:09:13.070+0000] {dag.py:4180} INFO - Setting next_dagrun for latest_only to 2024-11-19 00:00:00+00:00, run_after=2024-11-19 04:00:00+00:00
[2024-11-19T04:09:13.090+0000] {processor.py:208} INFO - Processing /home/airflow/.local/lib/python3.12/site-packages/airflow/example_dags/example_latest_only.py took 0.093 seconds
[2024-11-19T04:09:43.582+0000] {processor.py:186} INFO - Started process (PID=1853) to work on /home/airflow/.local/lib/python3.12/site-packages/airflow/example_dags/example_latest_only.py
[2024-11-19T04:09:43.584+0000] {processor.py:914} INFO - Processing file /home/airflow/.local/lib/python3.12/site-packages/airflow/example_dags/example_latest_only.py for tasks to queue
[2024-11-19T04:09:43.586+0000] {logging_mixin.py:190} INFO - [2024-11-19T04:09:43.586+0000] {dagbag.py:588} INFO - Filling up the DagBag from /home/airflow/.local/lib/python3.12/site-packages/airflow/example_dags/example_latest_only.py
[2024-11-19T04:09:43.594+0000] {processor.py:925} INFO - DAG(s) 'latest_only' retrieved from /home/airflow/.local/lib/python3.12/site-packages/airflow/example_dags/example_latest_only.py
[2024-11-19T04:09:43.614+0000] {logging_mixin.py:190} INFO - [2024-11-19T04:09:43.614+0000] {dag.py:3239} INFO - Sync 1 DAGs
[2024-11-19T04:09:43.644+0000] {logging_mixin.py:190} INFO - [2024-11-19T04:09:43.643+0000] {dag.py:4180} INFO - Setting next_dagrun for latest_only to 2024-11-19 00:00:00+00:00, run_after=2024-11-19 04:00:00+00:00
[2024-11-19T04:09:43.665+0000] {processor.py:208} INFO - Processing /home/airflow/.local/lib/python3.12/site-packages/airflow/example_dags/example_latest_only.py took 0.093 seconds
[2024-11-19T04:10:13.874+0000] {processor.py:186} INFO - Started process (PID=1918) to work on /home/airflow/.local/lib/python3.12/site-packages/airflow/example_dags/example_latest_only.py
[2024-11-19T04:10:13.876+0000] {processor.py:914} INFO - Processing file /home/airflow/.local/lib/python3.12/site-packages/airflow/example_dags/example_latest_only.py for tasks to queue
[2024-11-19T04:10:13.878+0000] {logging_mixin.py:190} INFO - [2024-11-19T04:10:13.878+0000] {dagbag.py:588} INFO - Filling up the DagBag from /home/airflow/.local/lib/python3.12/site-packages/airflow/example_dags/example_latest_only.py
[2024-11-19T04:10:13.887+0000] {processor.py:925} INFO - DAG(s) 'latest_only' retrieved from /home/airflow/.local/lib/python3.12/site-packages/airflow/example_dags/example_latest_only.py
[2024-11-19T04:10:13.907+0000] {logging_mixin.py:190} INFO - [2024-11-19T04:10:13.907+0000] {dag.py:3239} INFO - Sync 1 DAGs
[2024-11-19T04:10:13.937+0000] {logging_mixin.py:190} INFO - [2024-11-19T04:10:13.937+0000] {dag.py:4180} INFO - Setting next_dagrun for latest_only to 2024-11-19 00:00:00+00:00, run_after=2024-11-19 04:00:00+00:00
[2024-11-19T04:10:13.961+0000] {processor.py:208} INFO - Processing /home/airflow/.local/lib/python3.12/site-packages/airflow/example_dags/example_latest_only.py took 0.093 seconds
[2024-11-19T04:10:44.403+0000] {processor.py:186} INFO - Started process (PID=1983) to work on /home/airflow/.local/lib/python3.12/site-packages/airflow/example_dags/example_latest_only.py
[2024-11-19T04:10:44.404+0000] {processor.py:914} INFO - Processing file /home/airflow/.local/lib/python3.12/site-packages/airflow/example_dags/example_latest_only.py for tasks to queue
[2024-11-19T04:10:44.407+0000] {logging_mixin.py:190} INFO - [2024-11-19T04:10:44.406+0000] {dagbag.py:588} INFO - Filling up the DagBag from /home/airflow/.local/lib/python3.12/site-packages/airflow/example_dags/example_latest_only.py
[2024-11-19T04:10:44.416+0000] {processor.py:925} INFO - DAG(s) 'latest_only' retrieved from /home/airflow/.local/lib/python3.12/site-packages/airflow/example_dags/example_latest_only.py
[2024-11-19T04:10:44.439+0000] {logging_mixin.py:190} INFO - [2024-11-19T04:10:44.438+0000] {dag.py:3239} INFO - Sync 1 DAGs
[2024-11-19T04:10:44.471+0000] {logging_mixin.py:190} INFO - [2024-11-19T04:10:44.471+0000] {dag.py:4180} INFO - Setting next_dagrun for latest_only to 2024-11-19 00:00:00+00:00, run_after=2024-11-19 04:00:00+00:00
[2024-11-19T04:10:44.495+0000] {processor.py:208} INFO - Processing /home/airflow/.local/lib/python3.12/site-packages/airflow/example_dags/example_latest_only.py took 0.100 seconds
[2024-11-19T04:23:25.852+0000] {processor.py:186} INFO - Started process (PID=2048) to work on /home/airflow/.local/lib/python3.12/site-packages/airflow/example_dags/example_latest_only.py
[2024-11-19T04:23:25.854+0000] {processor.py:914} INFO - Processing file /home/airflow/.local/lib/python3.12/site-packages/airflow/example_dags/example_latest_only.py for tasks to queue
[2024-11-19T04:23:25.858+0000] {logging_mixin.py:190} INFO - [2024-11-19T04:23:25.858+0000] {dagbag.py:588} INFO - Filling up the DagBag from /home/airflow/.local/lib/python3.12/site-packages/airflow/example_dags/example_latest_only.py
[2024-11-19T04:23:25.868+0000] {processor.py:925} INFO - DAG(s) 'latest_only' retrieved from /home/airflow/.local/lib/python3.12/site-packages/airflow/example_dags/example_latest_only.py
[2024-11-19T04:23:25.892+0000] {logging_mixin.py:190} INFO - [2024-11-19T04:23:25.892+0000] {dag.py:3239} INFO - Sync 1 DAGs
[2024-11-19T04:23:25.925+0000] {logging_mixin.py:190} INFO - [2024-11-19T04:23:25.925+0000] {dag.py:4180} INFO - Setting next_dagrun for latest_only to 2024-11-19 00:00:00+00:00, run_after=2024-11-19 04:00:00+00:00
[2024-11-19T04:23:25.954+0000] {processor.py:208} INFO - Processing /home/airflow/.local/lib/python3.12/site-packages/airflow/example_dags/example_latest_only.py took 0.108 seconds
[2024-11-19T04:23:56.436+0000] {processor.py:186} INFO - Started process (PID=2113) to work on /home/airflow/.local/lib/python3.12/site-packages/airflow/example_dags/example_latest_only.py
[2024-11-19T04:23:56.438+0000] {processor.py:914} INFO - Processing file /home/airflow/.local/lib/python3.12/site-packages/airflow/example_dags/example_latest_only.py for tasks to queue
[2024-11-19T04:23:56.441+0000] {logging_mixin.py:190} INFO - [2024-11-19T04:23:56.440+0000] {dagbag.py:588} INFO - Filling up the DagBag from /home/airflow/.local/lib/python3.12/site-packages/airflow/example_dags/example_latest_only.py
[2024-11-19T04:23:56.452+0000] {processor.py:925} INFO - DAG(s) 'latest_only' retrieved from /home/airflow/.local/lib/python3.12/site-packages/airflow/example_dags/example_latest_only.py
[2024-11-19T04:23:56.471+0000] {logging_mixin.py:190} INFO - [2024-11-19T04:23:56.471+0000] {dag.py:3239} INFO - Sync 1 DAGs
[2024-11-19T04:23:56.502+0000] {logging_mixin.py:190} INFO - [2024-11-19T04:23:56.502+0000] {dag.py:4180} INFO - Setting next_dagrun for latest_only to 2024-11-19 00:00:00+00:00, run_after=2024-11-19 04:00:00+00:00
[2024-11-19T04:23:56.521+0000] {processor.py:208} INFO - Processing /home/airflow/.local/lib/python3.12/site-packages/airflow/example_dags/example_latest_only.py took 0.093 seconds
[2024-11-19T04:24:27.051+0000] {processor.py:186} INFO - Started process (PID=2178) to work on /home/airflow/.local/lib/python3.12/site-packages/airflow/example_dags/example_latest_only.py
[2024-11-19T04:24:27.052+0000] {processor.py:914} INFO - Processing file /home/airflow/.local/lib/python3.12/site-packages/airflow/example_dags/example_latest_only.py for tasks to queue
[2024-11-19T04:24:27.055+0000] {logging_mixin.py:190} INFO - [2024-11-19T04:24:27.055+0000] {dagbag.py:588} INFO - Filling up the DagBag from /home/airflow/.local/lib/python3.12/site-packages/airflow/example_dags/example_latest_only.py
[2024-11-19T04:24:27.063+0000] {processor.py:925} INFO - DAG(s) 'latest_only' retrieved from /home/airflow/.local/lib/python3.12/site-packages/airflow/example_dags/example_latest_only.py
[2024-11-19T04:24:27.082+0000] {logging_mixin.py:190} INFO - [2024-11-19T04:24:27.082+0000] {dag.py:3239} INFO - Sync 1 DAGs
[2024-11-19T04:24:27.110+0000] {logging_mixin.py:190} INFO - [2024-11-19T04:24:27.110+0000] {dag.py:4180} INFO - Setting next_dagrun for latest_only to 2024-11-19 00:00:00+00:00, run_after=2024-11-19 04:00:00+00:00
[2024-11-19T04:24:27.130+0000] {processor.py:208} INFO - Processing /home/airflow/.local/lib/python3.12/site-packages/airflow/example_dags/example_latest_only.py took 0.087 seconds
