[2024-11-19T03:51:18.684+0000] {processor.py:186} INFO - Started process (PID=116) to work on /home/airflow/.local/lib/python3.12/site-packages/airflow/example_dags/example_python_operator.py
[2024-11-19T03:51:18.685+0000] {processor.py:914} INFO - Processing file /home/airflow/.local/lib/python3.12/site-packages/airflow/example_dags/example_python_operator.py for tasks to queue
[2024-11-19T03:51:18.688+0000] {logging_mixin.py:190} INFO - [2024-11-19T03:51:18.687+0000] {dagbag.py:588} INFO - Filling up the DagBag from /home/airflow/.local/lib/python3.12/site-packages/airflow/example_dags/example_python_operator.py
[2024-11-19T03:51:18.702+0000] {processor.py:925} INFO - DAG(s) 'example_python_operator' retrieved from /home/airflow/.local/lib/python3.12/site-packages/airflow/example_dags/example_python_operator.py
[2024-11-19T03:51:18.820+0000] {logging_mixin.py:190} INFO - [2024-11-19T03:51:18.819+0000] {override.py:1911} INFO - Created Permission View: can read on DAG:example_python_operator
[2024-11-19T03:51:18.840+0000] {logging_mixin.py:190} INFO - [2024-11-19T03:51:18.839+0000] {override.py:1911} INFO - Created Permission View: can edit on DAG:example_python_operator
[2024-11-19T03:51:18.851+0000] {logging_mixin.py:190} INFO - [2024-11-19T03:51:18.850+0000] {override.py:1911} INFO - Created Permission View: can delete on DAG:example_python_operator
[2024-11-19T03:51:18.862+0000] {logging_mixin.py:190} INFO - [2024-11-19T03:51:18.862+0000] {override.py:1911} INFO - Created Permission View: can read on DAG Run:example_python_operator
[2024-11-19T03:51:18.870+0000] {logging_mixin.py:190} INFO - [2024-11-19T03:51:18.869+0000] {override.py:1911} INFO - Created Permission View: menu access on DAG Run:example_python_operator
[2024-11-19T03:51:18.876+0000] {logging_mixin.py:190} INFO - [2024-11-19T03:51:18.876+0000] {override.py:1911} INFO - Created Permission View: can create on DAG Run:example_python_operator
[2024-11-19T03:51:18.882+0000] {logging_mixin.py:190} INFO - [2024-11-19T03:51:18.882+0000] {override.py:1911} INFO - Created Permission View: can delete on DAG Run:example_python_operator
[2024-11-19T03:51:18.883+0000] {logging_mixin.py:190} INFO - [2024-11-19T03:51:18.883+0000] {dag.py:3239} INFO - Sync 1 DAGs
[2024-11-19T03:51:18.896+0000] {logging_mixin.py:190} INFO - [2024-11-19T03:51:18.896+0000] {dag.py:3262} INFO - Creating ORM DAG for example_python_operator
[2024-11-19T03:51:18.897+0000] {logging_mixin.py:190} INFO - [2024-11-19T03:51:18.897+0000] {dag.py:4180} INFO - Setting next_dagrun for example_python_operator to None, run_after=None
[2024-11-19T03:51:18.926+0000] {processor.py:208} INFO - Processing /home/airflow/.local/lib/python3.12/site-packages/airflow/example_dags/example_python_operator.py took 0.247 seconds
[2024-11-19T03:51:48.996+0000] {processor.py:186} INFO - Started process (PID=180) to work on /home/airflow/.local/lib/python3.12/site-packages/airflow/example_dags/example_python_operator.py
[2024-11-19T03:51:48.997+0000] {processor.py:914} INFO - Processing file /home/airflow/.local/lib/python3.12/site-packages/airflow/example_dags/example_python_operator.py for tasks to queue
[2024-11-19T03:51:48.999+0000] {logging_mixin.py:190} INFO - [2024-11-19T03:51:48.999+0000] {dagbag.py:588} INFO - Filling up the DagBag from /home/airflow/.local/lib/python3.12/site-packages/airflow/example_dags/example_python_operator.py
[2024-11-19T03:51:49.010+0000] {processor.py:925} INFO - DAG(s) 'example_python_operator' retrieved from /home/airflow/.local/lib/python3.12/site-packages/airflow/example_dags/example_python_operator.py
[2024-11-19T03:51:49.028+0000] {logging_mixin.py:190} INFO - [2024-11-19T03:51:49.028+0000] {dag.py:3239} INFO - Sync 1 DAGs
[2024-11-19T03:51:49.039+0000] {logging_mixin.py:190} INFO - [2024-11-19T03:51:49.039+0000] {dag.py:4180} INFO - Setting next_dagrun for example_python_operator to None, run_after=None
[2024-11-19T03:51:49.056+0000] {processor.py:208} INFO - Processing /home/airflow/.local/lib/python3.12/site-packages/airflow/example_dags/example_python_operator.py took 0.064 seconds
[2024-11-19T03:52:19.366+0000] {processor.py:186} INFO - Started process (PID=244) to work on /home/airflow/.local/lib/python3.12/site-packages/airflow/example_dags/example_python_operator.py
[2024-11-19T03:52:19.367+0000] {processor.py:914} INFO - Processing file /home/airflow/.local/lib/python3.12/site-packages/airflow/example_dags/example_python_operator.py for tasks to queue
[2024-11-19T03:52:19.371+0000] {logging_mixin.py:190} INFO - [2024-11-19T03:52:19.370+0000] {dagbag.py:588} INFO - Filling up the DagBag from /home/airflow/.local/lib/python3.12/site-packages/airflow/example_dags/example_python_operator.py
[2024-11-19T03:52:19.388+0000] {processor.py:925} INFO - DAG(s) 'example_python_operator' retrieved from /home/airflow/.local/lib/python3.12/site-packages/airflow/example_dags/example_python_operator.py
[2024-11-19T03:52:19.415+0000] {logging_mixin.py:190} INFO - [2024-11-19T03:52:19.414+0000] {dag.py:3239} INFO - Sync 1 DAGs
[2024-11-19T03:52:19.432+0000] {logging_mixin.py:190} INFO - [2024-11-19T03:52:19.432+0000] {dag.py:4180} INFO - Setting next_dagrun for example_python_operator to None, run_after=None
[2024-11-19T03:52:19.451+0000] {processor.py:208} INFO - Processing /home/airflow/.local/lib/python3.12/site-packages/airflow/example_dags/example_python_operator.py took 0.090 seconds
[2024-11-19T03:52:49.900+0000] {processor.py:186} INFO - Started process (PID=308) to work on /home/airflow/.local/lib/python3.12/site-packages/airflow/example_dags/example_python_operator.py
[2024-11-19T03:52:49.901+0000] {processor.py:914} INFO - Processing file /home/airflow/.local/lib/python3.12/site-packages/airflow/example_dags/example_python_operator.py for tasks to queue
[2024-11-19T03:52:49.903+0000] {logging_mixin.py:190} INFO - [2024-11-19T03:52:49.902+0000] {dagbag.py:588} INFO - Filling up the DagBag from /home/airflow/.local/lib/python3.12/site-packages/airflow/example_dags/example_python_operator.py
[2024-11-19T03:52:49.914+0000] {processor.py:925} INFO - DAG(s) 'example_python_operator' retrieved from /home/airflow/.local/lib/python3.12/site-packages/airflow/example_dags/example_python_operator.py
[2024-11-19T03:52:49.934+0000] {logging_mixin.py:190} INFO - [2024-11-19T03:52:49.934+0000] {dag.py:3239} INFO - Sync 1 DAGs
[2024-11-19T03:52:49.946+0000] {logging_mixin.py:190} INFO - [2024-11-19T03:52:49.946+0000] {dag.py:4180} INFO - Setting next_dagrun for example_python_operator to None, run_after=None
[2024-11-19T03:52:49.963+0000] {processor.py:208} INFO - Processing /home/airflow/.local/lib/python3.12/site-packages/airflow/example_dags/example_python_operator.py took 0.069 seconds
[2024-11-19T03:53:20.423+0000] {processor.py:186} INFO - Started process (PID=372) to work on /home/airflow/.local/lib/python3.12/site-packages/airflow/example_dags/example_python_operator.py
[2024-11-19T03:53:20.424+0000] {processor.py:914} INFO - Processing file /home/airflow/.local/lib/python3.12/site-packages/airflow/example_dags/example_python_operator.py for tasks to queue
[2024-11-19T03:53:20.427+0000] {logging_mixin.py:190} INFO - [2024-11-19T03:53:20.426+0000] {dagbag.py:588} INFO - Filling up the DagBag from /home/airflow/.local/lib/python3.12/site-packages/airflow/example_dags/example_python_operator.py
[2024-11-19T03:53:20.438+0000] {processor.py:925} INFO - DAG(s) 'example_python_operator' retrieved from /home/airflow/.local/lib/python3.12/site-packages/airflow/example_dags/example_python_operator.py
[2024-11-19T03:53:20.469+0000] {logging_mixin.py:190} INFO - [2024-11-19T03:53:20.469+0000] {dag.py:3239} INFO - Sync 1 DAGs
[2024-11-19T03:53:20.491+0000] {logging_mixin.py:190} INFO - [2024-11-19T03:53:20.491+0000] {dag.py:4180} INFO - Setting next_dagrun for example_python_operator to None, run_after=None
[2024-11-19T03:53:20.514+0000] {processor.py:208} INFO - Processing /home/airflow/.local/lib/python3.12/site-packages/airflow/example_dags/example_python_operator.py took 0.097 seconds
[2024-11-19T03:53:51.001+0000] {processor.py:186} INFO - Started process (PID=436) to work on /home/airflow/.local/lib/python3.12/site-packages/airflow/example_dags/example_python_operator.py
[2024-11-19T03:53:51.002+0000] {processor.py:914} INFO - Processing file /home/airflow/.local/lib/python3.12/site-packages/airflow/example_dags/example_python_operator.py for tasks to queue
[2024-11-19T03:53:51.004+0000] {logging_mixin.py:190} INFO - [2024-11-19T03:53:51.004+0000] {dagbag.py:588} INFO - Filling up the DagBag from /home/airflow/.local/lib/python3.12/site-packages/airflow/example_dags/example_python_operator.py
[2024-11-19T03:53:51.014+0000] {processor.py:925} INFO - DAG(s) 'example_python_operator' retrieved from /home/airflow/.local/lib/python3.12/site-packages/airflow/example_dags/example_python_operator.py
[2024-11-19T03:53:51.032+0000] {logging_mixin.py:190} INFO - [2024-11-19T03:53:51.032+0000] {dag.py:3239} INFO - Sync 1 DAGs
[2024-11-19T03:53:51.045+0000] {logging_mixin.py:190} INFO - [2024-11-19T03:53:51.045+0000] {dag.py:4180} INFO - Setting next_dagrun for example_python_operator to None, run_after=None
[2024-11-19T03:53:51.063+0000] {processor.py:208} INFO - Processing /home/airflow/.local/lib/python3.12/site-packages/airflow/example_dags/example_python_operator.py took 0.066 seconds
[2024-11-19T03:54:21.460+0000] {processor.py:186} INFO - Started process (PID=500) to work on /home/airflow/.local/lib/python3.12/site-packages/airflow/example_dags/example_python_operator.py
[2024-11-19T03:54:21.462+0000] {processor.py:914} INFO - Processing file /home/airflow/.local/lib/python3.12/site-packages/airflow/example_dags/example_python_operator.py for tasks to queue
[2024-11-19T03:54:21.467+0000] {logging_mixin.py:190} INFO - [2024-11-19T03:54:21.466+0000] {dagbag.py:588} INFO - Filling up the DagBag from /home/airflow/.local/lib/python3.12/site-packages/airflow/example_dags/example_python_operator.py
[2024-11-19T03:54:21.492+0000] {processor.py:925} INFO - DAG(s) 'example_python_operator' retrieved from /home/airflow/.local/lib/python3.12/site-packages/airflow/example_dags/example_python_operator.py
[2024-11-19T03:54:21.519+0000] {logging_mixin.py:190} INFO - [2024-11-19T03:54:21.519+0000] {dag.py:3239} INFO - Sync 1 DAGs
[2024-11-19T03:54:21.600+0000] {logging_mixin.py:190} INFO - [2024-11-19T03:54:21.598+0000] {dag.py:4180} INFO - Setting next_dagrun for example_python_operator to None, run_after=None
[2024-11-19T03:54:21.635+0000] {processor.py:208} INFO - Processing /home/airflow/.local/lib/python3.12/site-packages/airflow/example_dags/example_python_operator.py took 0.185 seconds
[2024-11-19T03:54:52.828+0000] {processor.py:186} INFO - Started process (PID=564) to work on /home/airflow/.local/lib/python3.12/site-packages/airflow/example_dags/example_python_operator.py
[2024-11-19T03:54:52.829+0000] {processor.py:914} INFO - Processing file /home/airflow/.local/lib/python3.12/site-packages/airflow/example_dags/example_python_operator.py for tasks to queue
[2024-11-19T03:54:52.832+0000] {logging_mixin.py:190} INFO - [2024-11-19T03:54:52.832+0000] {dagbag.py:588} INFO - Filling up the DagBag from /home/airflow/.local/lib/python3.12/site-packages/airflow/example_dags/example_python_operator.py
[2024-11-19T03:54:52.847+0000] {processor.py:925} INFO - DAG(s) 'example_python_operator' retrieved from /home/airflow/.local/lib/python3.12/site-packages/airflow/example_dags/example_python_operator.py
[2024-11-19T03:54:52.883+0000] {logging_mixin.py:190} INFO - [2024-11-19T03:54:52.883+0000] {dag.py:3239} INFO - Sync 1 DAGs
[2024-11-19T03:54:52.904+0000] {logging_mixin.py:190} INFO - [2024-11-19T03:54:52.904+0000] {dag.py:4180} INFO - Setting next_dagrun for example_python_operator to None, run_after=None
[2024-11-19T03:54:52.935+0000] {processor.py:208} INFO - Processing /home/airflow/.local/lib/python3.12/site-packages/airflow/example_dags/example_python_operator.py took 0.113 seconds
[2024-11-19T03:55:23.189+0000] {processor.py:186} INFO - Started process (PID=628) to work on /home/airflow/.local/lib/python3.12/site-packages/airflow/example_dags/example_python_operator.py
[2024-11-19T03:55:23.190+0000] {processor.py:914} INFO - Processing file /home/airflow/.local/lib/python3.12/site-packages/airflow/example_dags/example_python_operator.py for tasks to queue
[2024-11-19T03:55:23.192+0000] {logging_mixin.py:190} INFO - [2024-11-19T03:55:23.191+0000] {dagbag.py:588} INFO - Filling up the DagBag from /home/airflow/.local/lib/python3.12/site-packages/airflow/example_dags/example_python_operator.py
[2024-11-19T03:55:23.200+0000] {processor.py:925} INFO - DAG(s) 'example_python_operator' retrieved from /home/airflow/.local/lib/python3.12/site-packages/airflow/example_dags/example_python_operator.py
[2024-11-19T03:55:23.216+0000] {logging_mixin.py:190} INFO - [2024-11-19T03:55:23.216+0000] {dag.py:3239} INFO - Sync 1 DAGs
[2024-11-19T03:55:23.227+0000] {logging_mixin.py:190} INFO - [2024-11-19T03:55:23.226+0000] {dag.py:4180} INFO - Setting next_dagrun for example_python_operator to None, run_after=None
[2024-11-19T03:55:23.240+0000] {processor.py:208} INFO - Processing /home/airflow/.local/lib/python3.12/site-packages/airflow/example_dags/example_python_operator.py took 0.055 seconds
[2024-11-19T03:55:54.578+0000] {processor.py:186} INFO - Started process (PID=692) to work on /home/airflow/.local/lib/python3.12/site-packages/airflow/example_dags/example_python_operator.py
[2024-11-19T03:55:54.579+0000] {processor.py:914} INFO - Processing file /home/airflow/.local/lib/python3.12/site-packages/airflow/example_dags/example_python_operator.py for tasks to queue
[2024-11-19T03:55:54.580+0000] {logging_mixin.py:190} INFO - [2024-11-19T03:55:54.580+0000] {dagbag.py:588} INFO - Filling up the DagBag from /home/airflow/.local/lib/python3.12/site-packages/airflow/example_dags/example_python_operator.py
[2024-11-19T03:55:54.589+0000] {processor.py:925} INFO - DAG(s) 'example_python_operator' retrieved from /home/airflow/.local/lib/python3.12/site-packages/airflow/example_dags/example_python_operator.py
[2024-11-19T03:55:54.604+0000] {logging_mixin.py:190} INFO - [2024-11-19T03:55:54.604+0000] {dag.py:3239} INFO - Sync 1 DAGs
[2024-11-19T03:55:54.619+0000] {logging_mixin.py:190} INFO - [2024-11-19T03:55:54.619+0000] {dag.py:4180} INFO - Setting next_dagrun for example_python_operator to None, run_after=None
[2024-11-19T03:55:54.646+0000] {processor.py:208} INFO - Processing /home/airflow/.local/lib/python3.12/site-packages/airflow/example_dags/example_python_operator.py took 0.071 seconds
[2024-11-19T03:56:26.346+0000] {processor.py:186} INFO - Started process (PID=757) to work on /home/airflow/.local/lib/python3.12/site-packages/airflow/example_dags/example_python_operator.py
[2024-11-19T03:56:26.347+0000] {processor.py:914} INFO - Processing file /home/airflow/.local/lib/python3.12/site-packages/airflow/example_dags/example_python_operator.py for tasks to queue
[2024-11-19T03:56:26.349+0000] {logging_mixin.py:190} INFO - [2024-11-19T03:56:26.349+0000] {dagbag.py:588} INFO - Filling up the DagBag from /home/airflow/.local/lib/python3.12/site-packages/airflow/example_dags/example_python_operator.py
[2024-11-19T03:56:26.362+0000] {processor.py:925} INFO - DAG(s) 'example_python_operator' retrieved from /home/airflow/.local/lib/python3.12/site-packages/airflow/example_dags/example_python_operator.py
[2024-11-19T03:56:26.384+0000] {logging_mixin.py:190} INFO - [2024-11-19T03:56:26.384+0000] {dag.py:3239} INFO - Sync 1 DAGs
[2024-11-19T03:56:26.398+0000] {logging_mixin.py:190} INFO - [2024-11-19T03:56:26.398+0000] {dag.py:4180} INFO - Setting next_dagrun for example_python_operator to None, run_after=None
[2024-11-19T03:56:26.414+0000] {processor.py:208} INFO - Processing /home/airflow/.local/lib/python3.12/site-packages/airflow/example_dags/example_python_operator.py took 0.074 seconds
[2024-11-19T03:57:01.208+0000] {processor.py:186} INFO - Started process (PID=826) to work on /home/airflow/.local/lib/python3.12/site-packages/airflow/example_dags/example_python_operator.py
[2024-11-19T03:57:01.210+0000] {processor.py:914} INFO - Processing file /home/airflow/.local/lib/python3.12/site-packages/airflow/example_dags/example_python_operator.py for tasks to queue
[2024-11-19T03:57:01.213+0000] {logging_mixin.py:190} INFO - [2024-11-19T03:57:01.212+0000] {dagbag.py:588} INFO - Filling up the DagBag from /home/airflow/.local/lib/python3.12/site-packages/airflow/example_dags/example_python_operator.py
[2024-11-19T03:57:01.231+0000] {processor.py:925} INFO - DAG(s) 'example_python_operator' retrieved from /home/airflow/.local/lib/python3.12/site-packages/airflow/example_dags/example_python_operator.py
[2024-11-19T03:57:01.272+0000] {logging_mixin.py:190} INFO - [2024-11-19T03:57:01.271+0000] {dag.py:3239} INFO - Sync 1 DAGs
[2024-11-19T03:57:01.297+0000] {logging_mixin.py:190} INFO - [2024-11-19T03:57:01.297+0000] {dag.py:4180} INFO - Setting next_dagrun for example_python_operator to None, run_after=None
[2024-11-19T03:57:01.327+0000] {processor.py:208} INFO - Processing /home/airflow/.local/lib/python3.12/site-packages/airflow/example_dags/example_python_operator.py took 0.129 seconds
[2024-11-19T03:57:31.538+0000] {processor.py:186} INFO - Started process (PID=913) to work on /home/airflow/.local/lib/python3.12/site-packages/airflow/example_dags/example_python_operator.py
[2024-11-19T03:57:31.539+0000] {processor.py:914} INFO - Processing file /home/airflow/.local/lib/python3.12/site-packages/airflow/example_dags/example_python_operator.py for tasks to queue
[2024-11-19T03:57:31.542+0000] {logging_mixin.py:190} INFO - [2024-11-19T03:57:31.542+0000] {dagbag.py:588} INFO - Filling up the DagBag from /home/airflow/.local/lib/python3.12/site-packages/airflow/example_dags/example_python_operator.py
[2024-11-19T03:57:31.555+0000] {processor.py:925} INFO - DAG(s) 'example_python_operator' retrieved from /home/airflow/.local/lib/python3.12/site-packages/airflow/example_dags/example_python_operator.py
[2024-11-19T03:57:31.580+0000] {logging_mixin.py:190} INFO - [2024-11-19T03:57:31.580+0000] {dag.py:3239} INFO - Sync 1 DAGs
[2024-11-19T03:57:31.598+0000] {logging_mixin.py:190} INFO - [2024-11-19T03:57:31.598+0000] {dag.py:4180} INFO - Setting next_dagrun for example_python_operator to None, run_after=None
[2024-11-19T03:57:31.617+0000] {processor.py:208} INFO - Processing /home/airflow/.local/lib/python3.12/site-packages/airflow/example_dags/example_python_operator.py took 0.085 seconds
[2024-11-19T03:58:01.745+0000] {processor.py:186} INFO - Started process (PID=978) to work on /home/airflow/.local/lib/python3.12/site-packages/airflow/example_dags/example_python_operator.py
[2024-11-19T03:58:01.746+0000] {processor.py:914} INFO - Processing file /home/airflow/.local/lib/python3.12/site-packages/airflow/example_dags/example_python_operator.py for tasks to queue
[2024-11-19T03:58:01.748+0000] {logging_mixin.py:190} INFO - [2024-11-19T03:58:01.748+0000] {dagbag.py:588} INFO - Filling up the DagBag from /home/airflow/.local/lib/python3.12/site-packages/airflow/example_dags/example_python_operator.py
[2024-11-19T03:58:01.757+0000] {processor.py:925} INFO - DAG(s) 'example_python_operator' retrieved from /home/airflow/.local/lib/python3.12/site-packages/airflow/example_dags/example_python_operator.py
[2024-11-19T03:58:01.772+0000] {logging_mixin.py:190} INFO - [2024-11-19T03:58:01.771+0000] {dag.py:3239} INFO - Sync 1 DAGs
[2024-11-19T03:58:01.782+0000] {logging_mixin.py:190} INFO - [2024-11-19T03:58:01.782+0000] {dag.py:4180} INFO - Setting next_dagrun for example_python_operator to None, run_after=None
[2024-11-19T03:58:01.796+0000] {processor.py:208} INFO - Processing /home/airflow/.local/lib/python3.12/site-packages/airflow/example_dags/example_python_operator.py took 0.056 seconds
[2024-11-19T03:58:32.771+0000] {processor.py:186} INFO - Started process (PID=1043) to work on /home/airflow/.local/lib/python3.12/site-packages/airflow/example_dags/example_python_operator.py
[2024-11-19T03:58:32.772+0000] {processor.py:914} INFO - Processing file /home/airflow/.local/lib/python3.12/site-packages/airflow/example_dags/example_python_operator.py for tasks to queue
[2024-11-19T03:58:32.774+0000] {logging_mixin.py:190} INFO - [2024-11-19T03:58:32.774+0000] {dagbag.py:588} INFO - Filling up the DagBag from /home/airflow/.local/lib/python3.12/site-packages/airflow/example_dags/example_python_operator.py
[2024-11-19T03:58:32.784+0000] {processor.py:925} INFO - DAG(s) 'example_python_operator' retrieved from /home/airflow/.local/lib/python3.12/site-packages/airflow/example_dags/example_python_operator.py
[2024-11-19T03:58:32.802+0000] {logging_mixin.py:190} INFO - [2024-11-19T03:58:32.802+0000] {dag.py:3239} INFO - Sync 1 DAGs
[2024-11-19T03:58:32.814+0000] {logging_mixin.py:190} INFO - [2024-11-19T03:58:32.814+0000] {dag.py:4180} INFO - Setting next_dagrun for example_python_operator to None, run_after=None
[2024-11-19T03:58:32.831+0000] {processor.py:208} INFO - Processing /home/airflow/.local/lib/python3.12/site-packages/airflow/example_dags/example_python_operator.py took 0.064 seconds
[2024-11-19T03:59:03.287+0000] {processor.py:186} INFO - Started process (PID=1109) to work on /home/airflow/.local/lib/python3.12/site-packages/airflow/example_dags/example_python_operator.py
[2024-11-19T03:59:03.288+0000] {processor.py:914} INFO - Processing file /home/airflow/.local/lib/python3.12/site-packages/airflow/example_dags/example_python_operator.py for tasks to queue
[2024-11-19T03:59:03.290+0000] {logging_mixin.py:190} INFO - [2024-11-19T03:59:03.290+0000] {dagbag.py:588} INFO - Filling up the DagBag from /home/airflow/.local/lib/python3.12/site-packages/airflow/example_dags/example_python_operator.py
[2024-11-19T03:59:03.300+0000] {processor.py:925} INFO - DAG(s) 'example_python_operator' retrieved from /home/airflow/.local/lib/python3.12/site-packages/airflow/example_dags/example_python_operator.py
[2024-11-19T03:59:03.316+0000] {logging_mixin.py:190} INFO - [2024-11-19T03:59:03.316+0000] {dag.py:3239} INFO - Sync 1 DAGs
[2024-11-19T03:59:03.327+0000] {logging_mixin.py:190} INFO - [2024-11-19T03:59:03.327+0000] {dag.py:4180} INFO - Setting next_dagrun for example_python_operator to None, run_after=None
[2024-11-19T03:59:03.340+0000] {processor.py:208} INFO - Processing /home/airflow/.local/lib/python3.12/site-packages/airflow/example_dags/example_python_operator.py took 0.058 seconds
[2024-11-19T03:59:33.645+0000] {processor.py:186} INFO - Started process (PID=1174) to work on /home/airflow/.local/lib/python3.12/site-packages/airflow/example_dags/example_python_operator.py
[2024-11-19T03:59:33.646+0000] {processor.py:914} INFO - Processing file /home/airflow/.local/lib/python3.12/site-packages/airflow/example_dags/example_python_operator.py for tasks to queue
[2024-11-19T03:59:33.647+0000] {logging_mixin.py:190} INFO - [2024-11-19T03:59:33.647+0000] {dagbag.py:588} INFO - Filling up the DagBag from /home/airflow/.local/lib/python3.12/site-packages/airflow/example_dags/example_python_operator.py
[2024-11-19T03:59:33.655+0000] {processor.py:925} INFO - DAG(s) 'example_python_operator' retrieved from /home/airflow/.local/lib/python3.12/site-packages/airflow/example_dags/example_python_operator.py
[2024-11-19T03:59:33.672+0000] {logging_mixin.py:190} INFO - [2024-11-19T03:59:33.672+0000] {dag.py:3239} INFO - Sync 1 DAGs
[2024-11-19T03:59:33.684+0000] {logging_mixin.py:190} INFO - [2024-11-19T03:59:33.684+0000] {dag.py:4180} INFO - Setting next_dagrun for example_python_operator to None, run_after=None
[2024-11-19T03:59:33.700+0000] {processor.py:208} INFO - Processing /home/airflow/.local/lib/python3.12/site-packages/airflow/example_dags/example_python_operator.py took 0.060 seconds
[2024-11-19T04:00:05.204+0000] {processor.py:186} INFO - Started process (PID=1239) to work on /home/airflow/.local/lib/python3.12/site-packages/airflow/example_dags/example_python_operator.py
[2024-11-19T04:00:05.205+0000] {processor.py:914} INFO - Processing file /home/airflow/.local/lib/python3.12/site-packages/airflow/example_dags/example_python_operator.py for tasks to queue
[2024-11-19T04:00:05.206+0000] {logging_mixin.py:190} INFO - [2024-11-19T04:00:05.206+0000] {dagbag.py:588} INFO - Filling up the DagBag from /home/airflow/.local/lib/python3.12/site-packages/airflow/example_dags/example_python_operator.py
[2024-11-19T04:00:05.215+0000] {processor.py:925} INFO - DAG(s) 'example_python_operator' retrieved from /home/airflow/.local/lib/python3.12/site-packages/airflow/example_dags/example_python_operator.py
[2024-11-19T04:00:05.233+0000] {logging_mixin.py:190} INFO - [2024-11-19T04:00:05.233+0000] {dag.py:3239} INFO - Sync 1 DAGs
[2024-11-19T04:00:05.245+0000] {logging_mixin.py:190} INFO - [2024-11-19T04:00:05.245+0000] {dag.py:4180} INFO - Setting next_dagrun for example_python_operator to None, run_after=None
[2024-11-19T04:00:05.260+0000] {processor.py:208} INFO - Processing /home/airflow/.local/lib/python3.12/site-packages/airflow/example_dags/example_python_operator.py took 0.061 seconds
[2024-11-19T04:00:36.645+0000] {processor.py:186} INFO - Started process (PID=1304) to work on /home/airflow/.local/lib/python3.12/site-packages/airflow/example_dags/example_python_operator.py
[2024-11-19T04:00:36.646+0000] {processor.py:914} INFO - Processing file /home/airflow/.local/lib/python3.12/site-packages/airflow/example_dags/example_python_operator.py for tasks to queue
[2024-11-19T04:00:36.648+0000] {logging_mixin.py:190} INFO - [2024-11-19T04:00:36.647+0000] {dagbag.py:588} INFO - Filling up the DagBag from /home/airflow/.local/lib/python3.12/site-packages/airflow/example_dags/example_python_operator.py
[2024-11-19T04:00:36.657+0000] {processor.py:925} INFO - DAG(s) 'example_python_operator' retrieved from /home/airflow/.local/lib/python3.12/site-packages/airflow/example_dags/example_python_operator.py
[2024-11-19T04:00:36.673+0000] {logging_mixin.py:190} INFO - [2024-11-19T04:00:36.673+0000] {dag.py:3239} INFO - Sync 1 DAGs
[2024-11-19T04:00:36.683+0000] {logging_mixin.py:190} INFO - [2024-11-19T04:00:36.683+0000] {dag.py:4180} INFO - Setting next_dagrun for example_python_operator to None, run_after=None
[2024-11-19T04:00:36.699+0000] {processor.py:208} INFO - Processing /home/airflow/.local/lib/python3.12/site-packages/airflow/example_dags/example_python_operator.py took 0.058 seconds
[2024-11-19T04:01:07.203+0000] {processor.py:186} INFO - Started process (PID=1369) to work on /home/airflow/.local/lib/python3.12/site-packages/airflow/example_dags/example_python_operator.py
[2024-11-19T04:01:07.204+0000] {processor.py:914} INFO - Processing file /home/airflow/.local/lib/python3.12/site-packages/airflow/example_dags/example_python_operator.py for tasks to queue
[2024-11-19T04:01:07.206+0000] {logging_mixin.py:190} INFO - [2024-11-19T04:01:07.206+0000] {dagbag.py:588} INFO - Filling up the DagBag from /home/airflow/.local/lib/python3.12/site-packages/airflow/example_dags/example_python_operator.py
[2024-11-19T04:01:07.214+0000] {processor.py:925} INFO - DAG(s) 'example_python_operator' retrieved from /home/airflow/.local/lib/python3.12/site-packages/airflow/example_dags/example_python_operator.py
[2024-11-19T04:01:07.231+0000] {logging_mixin.py:190} INFO - [2024-11-19T04:01:07.230+0000] {dag.py:3239} INFO - Sync 1 DAGs
[2024-11-19T04:01:07.241+0000] {logging_mixin.py:190} INFO - [2024-11-19T04:01:07.241+0000] {dag.py:4180} INFO - Setting next_dagrun for example_python_operator to None, run_after=None
[2024-11-19T04:01:07.257+0000] {processor.py:208} INFO - Processing /home/airflow/.local/lib/python3.12/site-packages/airflow/example_dags/example_python_operator.py took 0.059 seconds
[2024-11-19T04:01:38.571+0000] {processor.py:186} INFO - Started process (PID=1440) to work on /home/airflow/.local/lib/python3.12/site-packages/airflow/example_dags/example_python_operator.py
[2024-11-19T04:01:38.572+0000] {processor.py:914} INFO - Processing file /home/airflow/.local/lib/python3.12/site-packages/airflow/example_dags/example_python_operator.py for tasks to queue
[2024-11-19T04:01:38.574+0000] {logging_mixin.py:190} INFO - [2024-11-19T04:01:38.574+0000] {dagbag.py:588} INFO - Filling up the DagBag from /home/airflow/.local/lib/python3.12/site-packages/airflow/example_dags/example_python_operator.py
[2024-11-19T04:01:38.582+0000] {processor.py:925} INFO - DAG(s) 'example_python_operator' retrieved from /home/airflow/.local/lib/python3.12/site-packages/airflow/example_dags/example_python_operator.py
[2024-11-19T04:01:38.598+0000] {logging_mixin.py:190} INFO - [2024-11-19T04:01:38.598+0000] {dag.py:3239} INFO - Sync 1 DAGs
[2024-11-19T04:01:38.607+0000] {logging_mixin.py:190} INFO - [2024-11-19T04:01:38.607+0000] {dag.py:4180} INFO - Setting next_dagrun for example_python_operator to None, run_after=None
[2024-11-19T04:01:38.621+0000] {processor.py:208} INFO - Processing /home/airflow/.local/lib/python3.12/site-packages/airflow/example_dags/example_python_operator.py took 0.053 seconds
[2024-11-19T04:02:11.279+0000] {processor.py:186} INFO - Started process (PID=1505) to work on /home/airflow/.local/lib/python3.12/site-packages/airflow/example_dags/example_python_operator.py
[2024-11-19T04:02:11.280+0000] {processor.py:914} INFO - Processing file /home/airflow/.local/lib/python3.12/site-packages/airflow/example_dags/example_python_operator.py for tasks to queue
[2024-11-19T04:02:11.282+0000] {logging_mixin.py:190} INFO - [2024-11-19T04:02:11.282+0000] {dagbag.py:588} INFO - Filling up the DagBag from /home/airflow/.local/lib/python3.12/site-packages/airflow/example_dags/example_python_operator.py
[2024-11-19T04:02:11.292+0000] {processor.py:925} INFO - DAG(s) 'example_python_operator' retrieved from /home/airflow/.local/lib/python3.12/site-packages/airflow/example_dags/example_python_operator.py
[2024-11-19T04:02:11.311+0000] {logging_mixin.py:190} INFO - [2024-11-19T04:02:11.311+0000] {dag.py:3239} INFO - Sync 1 DAGs
[2024-11-19T04:02:11.322+0000] {logging_mixin.py:190} INFO - [2024-11-19T04:02:11.322+0000] {dag.py:4180} INFO - Setting next_dagrun for example_python_operator to None, run_after=None
[2024-11-19T04:02:11.340+0000] {processor.py:208} INFO - Processing /home/airflow/.local/lib/python3.12/site-packages/airflow/example_dags/example_python_operator.py took 0.066 seconds
[2024-11-19T04:07:14.711+0000] {processor.py:186} INFO - Started process (PID=1563) to work on /home/airflow/.local/lib/python3.12/site-packages/airflow/example_dags/example_python_operator.py
[2024-11-19T04:07:14.712+0000] {processor.py:914} INFO - Processing file /home/airflow/.local/lib/python3.12/site-packages/airflow/example_dags/example_python_operator.py for tasks to queue
[2024-11-19T04:07:14.715+0000] {logging_mixin.py:190} INFO - [2024-11-19T04:07:14.714+0000] {dagbag.py:588} INFO - Filling up the DagBag from /home/airflow/.local/lib/python3.12/site-packages/airflow/example_dags/example_python_operator.py
[2024-11-19T04:07:14.727+0000] {processor.py:925} INFO - DAG(s) 'example_python_operator' retrieved from /home/airflow/.local/lib/python3.12/site-packages/airflow/example_dags/example_python_operator.py
[2024-11-19T04:07:14.752+0000] {logging_mixin.py:190} INFO - [2024-11-19T04:07:14.752+0000] {dag.py:3239} INFO - Sync 1 DAGs
[2024-11-19T04:07:14.815+0000] {logging_mixin.py:190} INFO - [2024-11-19T04:07:14.815+0000] {dag.py:4180} INFO - Setting next_dagrun for example_python_operator to None, run_after=None
[2024-11-19T04:07:14.852+0000] {processor.py:208} INFO - Processing /home/airflow/.local/lib/python3.12/site-packages/airflow/example_dags/example_python_operator.py took 0.148 seconds
[2024-11-19T04:07:46.734+0000] {processor.py:186} INFO - Started process (PID=1628) to work on /home/airflow/.local/lib/python3.12/site-packages/airflow/example_dags/example_python_operator.py
[2024-11-19T04:07:46.735+0000] {processor.py:914} INFO - Processing file /home/airflow/.local/lib/python3.12/site-packages/airflow/example_dags/example_python_operator.py for tasks to queue
[2024-11-19T04:07:46.738+0000] {logging_mixin.py:190} INFO - [2024-11-19T04:07:46.737+0000] {dagbag.py:588} INFO - Filling up the DagBag from /home/airflow/.local/lib/python3.12/site-packages/airflow/example_dags/example_python_operator.py
[2024-11-19T04:07:46.755+0000] {processor.py:925} INFO - DAG(s) 'example_python_operator' retrieved from /home/airflow/.local/lib/python3.12/site-packages/airflow/example_dags/example_python_operator.py
[2024-11-19T04:07:46.782+0000] {logging_mixin.py:190} INFO - [2024-11-19T04:07:46.782+0000] {dag.py:3239} INFO - Sync 1 DAGs
[2024-11-19T04:07:46.799+0000] {logging_mixin.py:190} INFO - [2024-11-19T04:07:46.799+0000] {dag.py:4180} INFO - Setting next_dagrun for example_python_operator to None, run_after=None
[2024-11-19T04:07:46.823+0000] {processor.py:208} INFO - Processing /home/airflow/.local/lib/python3.12/site-packages/airflow/example_dags/example_python_operator.py took 0.096 seconds
[2024-11-19T04:08:17.945+0000] {processor.py:186} INFO - Started process (PID=1693) to work on /home/airflow/.local/lib/python3.12/site-packages/airflow/example_dags/example_python_operator.py
[2024-11-19T04:08:17.947+0000] {processor.py:914} INFO - Processing file /home/airflow/.local/lib/python3.12/site-packages/airflow/example_dags/example_python_operator.py for tasks to queue
[2024-11-19T04:08:17.949+0000] {logging_mixin.py:190} INFO - [2024-11-19T04:08:17.949+0000] {dagbag.py:588} INFO - Filling up the DagBag from /home/airflow/.local/lib/python3.12/site-packages/airflow/example_dags/example_python_operator.py
[2024-11-19T04:08:17.963+0000] {processor.py:925} INFO - DAG(s) 'example_python_operator' retrieved from /home/airflow/.local/lib/python3.12/site-packages/airflow/example_dags/example_python_operator.py
[2024-11-19T04:08:17.989+0000] {logging_mixin.py:190} INFO - [2024-11-19T04:08:17.988+0000] {dag.py:3239} INFO - Sync 1 DAGs
[2024-11-19T04:08:18.008+0000] {logging_mixin.py:190} INFO - [2024-11-19T04:08:18.008+0000] {dag.py:4180} INFO - Setting next_dagrun for example_python_operator to None, run_after=None
[2024-11-19T04:08:18.049+0000] {processor.py:208} INFO - Processing /home/airflow/.local/lib/python3.12/site-packages/airflow/example_dags/example_python_operator.py took 0.110 seconds
[2024-11-19T04:08:49.352+0000] {processor.py:186} INFO - Started process (PID=1758) to work on /home/airflow/.local/lib/python3.12/site-packages/airflow/example_dags/example_python_operator.py
[2024-11-19T04:08:49.354+0000] {processor.py:914} INFO - Processing file /home/airflow/.local/lib/python3.12/site-packages/airflow/example_dags/example_python_operator.py for tasks to queue
[2024-11-19T04:08:49.357+0000] {logging_mixin.py:190} INFO - [2024-11-19T04:08:49.356+0000] {dagbag.py:588} INFO - Filling up the DagBag from /home/airflow/.local/lib/python3.12/site-packages/airflow/example_dags/example_python_operator.py
[2024-11-19T04:08:49.372+0000] {processor.py:925} INFO - DAG(s) 'example_python_operator' retrieved from /home/airflow/.local/lib/python3.12/site-packages/airflow/example_dags/example_python_operator.py
[2024-11-19T04:08:49.394+0000] {logging_mixin.py:190} INFO - [2024-11-19T04:08:49.394+0000] {dag.py:3239} INFO - Sync 1 DAGs
[2024-11-19T04:08:49.411+0000] {logging_mixin.py:190} INFO - [2024-11-19T04:08:49.410+0000] {dag.py:4180} INFO - Setting next_dagrun for example_python_operator to None, run_after=None
[2024-11-19T04:08:49.433+0000] {processor.py:208} INFO - Processing /home/airflow/.local/lib/python3.12/site-packages/airflow/example_dags/example_python_operator.py took 0.087 seconds
[2024-11-19T04:09:19.880+0000] {processor.py:186} INFO - Started process (PID=1823) to work on /home/airflow/.local/lib/python3.12/site-packages/airflow/example_dags/example_python_operator.py
[2024-11-19T04:09:19.882+0000] {processor.py:914} INFO - Processing file /home/airflow/.local/lib/python3.12/site-packages/airflow/example_dags/example_python_operator.py for tasks to queue
[2024-11-19T04:09:19.884+0000] {logging_mixin.py:190} INFO - [2024-11-19T04:09:19.884+0000] {dagbag.py:588} INFO - Filling up the DagBag from /home/airflow/.local/lib/python3.12/site-packages/airflow/example_dags/example_python_operator.py
[2024-11-19T04:09:19.896+0000] {processor.py:925} INFO - DAG(s) 'example_python_operator' retrieved from /home/airflow/.local/lib/python3.12/site-packages/airflow/example_dags/example_python_operator.py
[2024-11-19T04:09:19.919+0000] {logging_mixin.py:190} INFO - [2024-11-19T04:09:19.919+0000] {dag.py:3239} INFO - Sync 1 DAGs
[2024-11-19T04:09:19.937+0000] {logging_mixin.py:190} INFO - [2024-11-19T04:09:19.936+0000] {dag.py:4180} INFO - Setting next_dagrun for example_python_operator to None, run_after=None
[2024-11-19T04:09:19.966+0000] {processor.py:208} INFO - Processing /home/airflow/.local/lib/python3.12/site-packages/airflow/example_dags/example_python_operator.py took 0.091 seconds
[2024-11-19T04:09:51.889+0000] {processor.py:186} INFO - Started process (PID=1888) to work on /home/airflow/.local/lib/python3.12/site-packages/airflow/example_dags/example_python_operator.py
[2024-11-19T04:09:51.890+0000] {processor.py:914} INFO - Processing file /home/airflow/.local/lib/python3.12/site-packages/airflow/example_dags/example_python_operator.py for tasks to queue
[2024-11-19T04:09:51.893+0000] {logging_mixin.py:190} INFO - [2024-11-19T04:09:51.893+0000] {dagbag.py:588} INFO - Filling up the DagBag from /home/airflow/.local/lib/python3.12/site-packages/airflow/example_dags/example_python_operator.py
[2024-11-19T04:09:51.906+0000] {processor.py:925} INFO - DAG(s) 'example_python_operator' retrieved from /home/airflow/.local/lib/python3.12/site-packages/airflow/example_dags/example_python_operator.py
[2024-11-19T04:09:51.933+0000] {logging_mixin.py:190} INFO - [2024-11-19T04:09:51.933+0000] {dag.py:3239} INFO - Sync 1 DAGs
[2024-11-19T04:09:51.950+0000] {logging_mixin.py:190} INFO - [2024-11-19T04:09:51.950+0000] {dag.py:4180} INFO - Setting next_dagrun for example_python_operator to None, run_after=None
[2024-11-19T04:09:51.969+0000] {processor.py:208} INFO - Processing /home/airflow/.local/lib/python3.12/site-packages/airflow/example_dags/example_python_operator.py took 0.087 seconds
[2024-11-19T04:10:22.673+0000] {processor.py:186} INFO - Started process (PID=1953) to work on /home/airflow/.local/lib/python3.12/site-packages/airflow/example_dags/example_python_operator.py
[2024-11-19T04:10:22.674+0000] {processor.py:914} INFO - Processing file /home/airflow/.local/lib/python3.12/site-packages/airflow/example_dags/example_python_operator.py for tasks to queue
[2024-11-19T04:10:22.677+0000] {logging_mixin.py:190} INFO - [2024-11-19T04:10:22.677+0000] {dagbag.py:588} INFO - Filling up the DagBag from /home/airflow/.local/lib/python3.12/site-packages/airflow/example_dags/example_python_operator.py
[2024-11-19T04:10:22.696+0000] {processor.py:925} INFO - DAG(s) 'example_python_operator' retrieved from /home/airflow/.local/lib/python3.12/site-packages/airflow/example_dags/example_python_operator.py
[2024-11-19T04:10:22.728+0000] {logging_mixin.py:190} INFO - [2024-11-19T04:10:22.727+0000] {dag.py:3239} INFO - Sync 1 DAGs
[2024-11-19T04:10:22.754+0000] {logging_mixin.py:190} INFO - [2024-11-19T04:10:22.754+0000] {dag.py:4180} INFO - Setting next_dagrun for example_python_operator to None, run_after=None
[2024-11-19T04:10:22.775+0000] {processor.py:208} INFO - Processing /home/airflow/.local/lib/python3.12/site-packages/airflow/example_dags/example_python_operator.py took 0.111 seconds
[2024-11-19T04:10:53.607+0000] {processor.py:186} INFO - Started process (PID=2018) to work on /home/airflow/.local/lib/python3.12/site-packages/airflow/example_dags/example_python_operator.py
[2024-11-19T04:10:53.608+0000] {processor.py:914} INFO - Processing file /home/airflow/.local/lib/python3.12/site-packages/airflow/example_dags/example_python_operator.py for tasks to queue
[2024-11-19T04:10:53.610+0000] {logging_mixin.py:190} INFO - [2024-11-19T04:10:53.610+0000] {dagbag.py:588} INFO - Filling up the DagBag from /home/airflow/.local/lib/python3.12/site-packages/airflow/example_dags/example_python_operator.py
[2024-11-19T04:10:53.626+0000] {processor.py:925} INFO - DAG(s) 'example_python_operator' retrieved from /home/airflow/.local/lib/python3.12/site-packages/airflow/example_dags/example_python_operator.py
[2024-11-19T04:10:53.649+0000] {logging_mixin.py:190} INFO - [2024-11-19T04:10:53.649+0000] {dag.py:3239} INFO - Sync 1 DAGs
[2024-11-19T04:10:53.667+0000] {logging_mixin.py:190} INFO - [2024-11-19T04:10:53.667+0000] {dag.py:4180} INFO - Setting next_dagrun for example_python_operator to None, run_after=None
[2024-11-19T04:10:53.693+0000] {processor.py:208} INFO - Processing /home/airflow/.local/lib/python3.12/site-packages/airflow/example_dags/example_python_operator.py took 0.093 seconds
[2024-11-19T04:23:30.364+0000] {processor.py:186} INFO - Started process (PID=2083) to work on /home/airflow/.local/lib/python3.12/site-packages/airflow/example_dags/example_python_operator.py
[2024-11-19T04:23:30.366+0000] {processor.py:914} INFO - Processing file /home/airflow/.local/lib/python3.12/site-packages/airflow/example_dags/example_python_operator.py for tasks to queue
[2024-11-19T04:23:30.370+0000] {logging_mixin.py:190} INFO - [2024-11-19T04:23:30.369+0000] {dagbag.py:588} INFO - Filling up the DagBag from /home/airflow/.local/lib/python3.12/site-packages/airflow/example_dags/example_python_operator.py
[2024-11-19T04:23:30.399+0000] {processor.py:925} INFO - DAG(s) 'example_python_operator' retrieved from /home/airflow/.local/lib/python3.12/site-packages/airflow/example_dags/example_python_operator.py
[2024-11-19T04:23:30.436+0000] {logging_mixin.py:190} INFO - [2024-11-19T04:23:30.436+0000] {dag.py:3239} INFO - Sync 1 DAGs
[2024-11-19T04:23:30.470+0000] {logging_mixin.py:190} INFO - [2024-11-19T04:23:30.470+0000] {dag.py:4180} INFO - Setting next_dagrun for example_python_operator to None, run_after=None
[2024-11-19T04:23:30.521+0000] {processor.py:208} INFO - Processing /home/airflow/.local/lib/python3.12/site-packages/airflow/example_dags/example_python_operator.py took 0.169 seconds
[2024-11-19T04:24:01.335+0000] {processor.py:186} INFO - Started process (PID=2148) to work on /home/airflow/.local/lib/python3.12/site-packages/airflow/example_dags/example_python_operator.py
[2024-11-19T04:24:01.337+0000] {processor.py:914} INFO - Processing file /home/airflow/.local/lib/python3.12/site-packages/airflow/example_dags/example_python_operator.py for tasks to queue
[2024-11-19T04:24:01.339+0000] {logging_mixin.py:190} INFO - [2024-11-19T04:24:01.339+0000] {dagbag.py:588} INFO - Filling up the DagBag from /home/airflow/.local/lib/python3.12/site-packages/airflow/example_dags/example_python_operator.py
[2024-11-19T04:24:01.354+0000] {processor.py:925} INFO - DAG(s) 'example_python_operator' retrieved from /home/airflow/.local/lib/python3.12/site-packages/airflow/example_dags/example_python_operator.py
[2024-11-19T04:24:01.381+0000] {logging_mixin.py:190} INFO - [2024-11-19T04:24:01.381+0000] {dag.py:3239} INFO - Sync 1 DAGs
[2024-11-19T04:24:01.400+0000] {logging_mixin.py:190} INFO - [2024-11-19T04:24:01.399+0000] {dag.py:4180} INFO - Setting next_dagrun for example_python_operator to None, run_after=None
[2024-11-19T04:24:01.424+0000] {processor.py:208} INFO - Processing /home/airflow/.local/lib/python3.12/site-packages/airflow/example_dags/example_python_operator.py took 0.096 seconds
[2024-11-19T04:24:33.717+0000] {processor.py:186} INFO - Started process (PID=2213) to work on /home/airflow/.local/lib/python3.12/site-packages/airflow/example_dags/example_python_operator.py
[2024-11-19T04:24:33.718+0000] {processor.py:914} INFO - Processing file /home/airflow/.local/lib/python3.12/site-packages/airflow/example_dags/example_python_operator.py for tasks to queue
[2024-11-19T04:24:33.720+0000] {logging_mixin.py:190} INFO - [2024-11-19T04:24:33.720+0000] {dagbag.py:588} INFO - Filling up the DagBag from /home/airflow/.local/lib/python3.12/site-packages/airflow/example_dags/example_python_operator.py
[2024-11-19T04:24:33.738+0000] {processor.py:925} INFO - DAG(s) 'example_python_operator' retrieved from /home/airflow/.local/lib/python3.12/site-packages/airflow/example_dags/example_python_operator.py
[2024-11-19T04:24:33.767+0000] {logging_mixin.py:190} INFO - [2024-11-19T04:24:33.767+0000] {dag.py:3239} INFO - Sync 1 DAGs
[2024-11-19T04:24:33.786+0000] {logging_mixin.py:190} INFO - [2024-11-19T04:24:33.785+0000] {dag.py:4180} INFO - Setting next_dagrun for example_python_operator to None, run_after=None
[2024-11-19T04:24:33.812+0000] {processor.py:208} INFO - Processing /home/airflow/.local/lib/python3.12/site-packages/airflow/example_dags/example_python_operator.py took 0.103 seconds
