[2024-11-19T03:51:15.425+0000] {processor.py:186} INFO - Started process (PID=104) to work on /home/airflow/.local/lib/python3.12/site-packages/airflow/example_dags/example_nested_branch_dag.py
[2024-11-19T03:51:15.427+0000] {processor.py:914} INFO - Processing file /home/airflow/.local/lib/python3.12/site-packages/airflow/example_dags/example_nested_branch_dag.py for tasks to queue
[2024-11-19T03:51:15.433+0000] {logging_mixin.py:190} INFO - [2024-11-19T03:51:15.432+0000] {dagbag.py:588} INFO - Filling up the DagBag from /home/airflow/.local/lib/python3.12/site-packages/airflow/example_dags/example_nested_branch_dag.py
[2024-11-19T03:51:15.467+0000] {processor.py:925} INFO - DAG(s) 'example_nested_branch_dag' retrieved from /home/airflow/.local/lib/python3.12/site-packages/airflow/example_dags/example_nested_branch_dag.py
[2024-11-19T03:51:15.779+0000] {logging_mixin.py:190} INFO - [2024-11-19T03:51:15.778+0000] {override.py:1911} INFO - Created Permission View: can read on DAG:example_nested_branch_dag
[2024-11-19T03:51:15.819+0000] {logging_mixin.py:190} INFO - [2024-11-19T03:51:15.818+0000] {override.py:1911} INFO - Created Permission View: can edit on DAG:example_nested_branch_dag
[2024-11-19T03:51:15.842+0000] {logging_mixin.py:190} INFO - [2024-11-19T03:51:15.841+0000] {override.py:1911} INFO - Created Permission View: can delete on DAG:example_nested_branch_dag
[2024-11-19T03:51:15.869+0000] {logging_mixin.py:190} INFO - [2024-11-19T03:51:15.867+0000] {override.py:1911} INFO - Created Permission View: can read on DAG Run:example_nested_branch_dag
[2024-11-19T03:51:15.894+0000] {logging_mixin.py:190} INFO - [2024-11-19T03:51:15.893+0000] {override.py:1911} INFO - Created Permission View: menu access on DAG Run:example_nested_branch_dag
[2024-11-19T03:51:15.918+0000] {logging_mixin.py:190} INFO - [2024-11-19T03:51:15.917+0000] {override.py:1911} INFO - Created Permission View: can create on DAG Run:example_nested_branch_dag
[2024-11-19T03:51:15.943+0000] {logging_mixin.py:190} INFO - [2024-11-19T03:51:15.942+0000] {override.py:1911} INFO - Created Permission View: can delete on DAG Run:example_nested_branch_dag
[2024-11-19T03:51:15.948+0000] {logging_mixin.py:190} INFO - [2024-11-19T03:51:15.947+0000] {dag.py:3239} INFO - Sync 1 DAGs
[2024-11-19T03:51:15.986+0000] {logging_mixin.py:190} INFO - [2024-11-19T03:51:15.986+0000] {dag.py:3262} INFO - Creating ORM DAG for example_nested_branch_dag
[2024-11-19T03:51:16.025+0000] {logging_mixin.py:190} INFO - [2024-11-19T03:51:16.024+0000] {dag.py:4180} INFO - Setting next_dagrun for example_nested_branch_dag to 2024-11-18 00:00:00+00:00, run_after=2024-11-19 00:00:00+00:00
[2024-11-19T03:51:16.085+0000] {processor.py:208} INFO - Processing /home/airflow/.local/lib/python3.12/site-packages/airflow/example_dags/example_nested_branch_dag.py took 0.675 seconds
[2024-11-19T03:51:46.213+0000] {processor.py:186} INFO - Started process (PID=168) to work on /home/airflow/.local/lib/python3.12/site-packages/airflow/example_dags/example_nested_branch_dag.py
[2024-11-19T03:51:46.214+0000] {processor.py:914} INFO - Processing file /home/airflow/.local/lib/python3.12/site-packages/airflow/example_dags/example_nested_branch_dag.py for tasks to queue
[2024-11-19T03:51:46.216+0000] {logging_mixin.py:190} INFO - [2024-11-19T03:51:46.216+0000] {dagbag.py:588} INFO - Filling up the DagBag from /home/airflow/.local/lib/python3.12/site-packages/airflow/example_dags/example_nested_branch_dag.py
[2024-11-19T03:51:46.224+0000] {processor.py:925} INFO - DAG(s) 'example_nested_branch_dag' retrieved from /home/airflow/.local/lib/python3.12/site-packages/airflow/example_dags/example_nested_branch_dag.py
[2024-11-19T03:51:46.240+0000] {logging_mixin.py:190} INFO - [2024-11-19T03:51:46.240+0000] {dag.py:3239} INFO - Sync 1 DAGs
[2024-11-19T03:51:46.258+0000] {logging_mixin.py:190} INFO - [2024-11-19T03:51:46.258+0000] {dag.py:4180} INFO - Setting next_dagrun for example_nested_branch_dag to 2024-11-18 00:00:00+00:00, run_after=2024-11-19 00:00:00+00:00
[2024-11-19T03:51:46.272+0000] {processor.py:208} INFO - Processing /home/airflow/.local/lib/python3.12/site-packages/airflow/example_dags/example_nested_branch_dag.py took 0.063 seconds
[2024-11-19T03:52:16.682+0000] {processor.py:186} INFO - Started process (PID=232) to work on /home/airflow/.local/lib/python3.12/site-packages/airflow/example_dags/example_nested_branch_dag.py
[2024-11-19T03:52:16.683+0000] {processor.py:914} INFO - Processing file /home/airflow/.local/lib/python3.12/site-packages/airflow/example_dags/example_nested_branch_dag.py for tasks to queue
[2024-11-19T03:52:16.685+0000] {logging_mixin.py:190} INFO - [2024-11-19T03:52:16.685+0000] {dagbag.py:588} INFO - Filling up the DagBag from /home/airflow/.local/lib/python3.12/site-packages/airflow/example_dags/example_nested_branch_dag.py
[2024-11-19T03:52:16.693+0000] {processor.py:925} INFO - DAG(s) 'example_nested_branch_dag' retrieved from /home/airflow/.local/lib/python3.12/site-packages/airflow/example_dags/example_nested_branch_dag.py
[2024-11-19T03:52:16.710+0000] {logging_mixin.py:190} INFO - [2024-11-19T03:52:16.710+0000] {dag.py:3239} INFO - Sync 1 DAGs
[2024-11-19T03:52:16.728+0000] {logging_mixin.py:190} INFO - [2024-11-19T03:52:16.728+0000] {dag.py:4180} INFO - Setting next_dagrun for example_nested_branch_dag to 2024-11-18 00:00:00+00:00, run_after=2024-11-19 00:00:00+00:00
[2024-11-19T03:52:16.746+0000] {processor.py:208} INFO - Processing /home/airflow/.local/lib/python3.12/site-packages/airflow/example_dags/example_nested_branch_dag.py took 0.068 seconds
[2024-11-19T03:52:47.610+0000] {processor.py:186} INFO - Started process (PID=296) to work on /home/airflow/.local/lib/python3.12/site-packages/airflow/example_dags/example_nested_branch_dag.py
[2024-11-19T03:52:47.611+0000] {processor.py:914} INFO - Processing file /home/airflow/.local/lib/python3.12/site-packages/airflow/example_dags/example_nested_branch_dag.py for tasks to queue
[2024-11-19T03:52:47.613+0000] {logging_mixin.py:190} INFO - [2024-11-19T03:52:47.613+0000] {dagbag.py:588} INFO - Filling up the DagBag from /home/airflow/.local/lib/python3.12/site-packages/airflow/example_dags/example_nested_branch_dag.py
[2024-11-19T03:52:47.622+0000] {processor.py:925} INFO - DAG(s) 'example_nested_branch_dag' retrieved from /home/airflow/.local/lib/python3.12/site-packages/airflow/example_dags/example_nested_branch_dag.py
[2024-11-19T03:52:47.640+0000] {logging_mixin.py:190} INFO - [2024-11-19T03:52:47.640+0000] {dag.py:3239} INFO - Sync 1 DAGs
[2024-11-19T03:52:47.662+0000] {logging_mixin.py:190} INFO - [2024-11-19T03:52:47.661+0000] {dag.py:4180} INFO - Setting next_dagrun for example_nested_branch_dag to 2024-11-18 00:00:00+00:00, run_after=2024-11-19 00:00:00+00:00
[2024-11-19T03:52:47.678+0000] {processor.py:208} INFO - Processing /home/airflow/.local/lib/python3.12/site-packages/airflow/example_dags/example_nested_branch_dag.py took 0.072 seconds
[2024-11-19T03:53:18.073+0000] {processor.py:186} INFO - Started process (PID=359) to work on /home/airflow/.local/lib/python3.12/site-packages/airflow/example_dags/example_nested_branch_dag.py
[2024-11-19T03:53:18.075+0000] {processor.py:914} INFO - Processing file /home/airflow/.local/lib/python3.12/site-packages/airflow/example_dags/example_nested_branch_dag.py for tasks to queue
[2024-11-19T03:53:18.076+0000] {logging_mixin.py:190} INFO - [2024-11-19T03:53:18.076+0000] {dagbag.py:588} INFO - Filling up the DagBag from /home/airflow/.local/lib/python3.12/site-packages/airflow/example_dags/example_nested_branch_dag.py
[2024-11-19T03:53:18.086+0000] {processor.py:925} INFO - DAG(s) 'example_nested_branch_dag' retrieved from /home/airflow/.local/lib/python3.12/site-packages/airflow/example_dags/example_nested_branch_dag.py
[2024-11-19T03:53:18.102+0000] {logging_mixin.py:190} INFO - [2024-11-19T03:53:18.102+0000] {dag.py:3239} INFO - Sync 1 DAGs
[2024-11-19T03:53:18.131+0000] {logging_mixin.py:190} INFO - [2024-11-19T03:53:18.130+0000] {dag.py:4180} INFO - Setting next_dagrun for example_nested_branch_dag to 2024-11-18 00:00:00+00:00, run_after=2024-11-19 00:00:00+00:00
[2024-11-19T03:53:18.163+0000] {processor.py:208} INFO - Processing /home/airflow/.local/lib/python3.12/site-packages/airflow/example_dags/example_nested_branch_dag.py took 0.095 seconds
[2024-11-19T03:53:48.383+0000] {processor.py:186} INFO - Started process (PID=423) to work on /home/airflow/.local/lib/python3.12/site-packages/airflow/example_dags/example_nested_branch_dag.py
[2024-11-19T03:53:48.384+0000] {processor.py:914} INFO - Processing file /home/airflow/.local/lib/python3.12/site-packages/airflow/example_dags/example_nested_branch_dag.py for tasks to queue
[2024-11-19T03:53:48.386+0000] {logging_mixin.py:190} INFO - [2024-11-19T03:53:48.386+0000] {dagbag.py:588} INFO - Filling up the DagBag from /home/airflow/.local/lib/python3.12/site-packages/airflow/example_dags/example_nested_branch_dag.py
[2024-11-19T03:53:48.395+0000] {processor.py:925} INFO - DAG(s) 'example_nested_branch_dag' retrieved from /home/airflow/.local/lib/python3.12/site-packages/airflow/example_dags/example_nested_branch_dag.py
[2024-11-19T03:53:48.413+0000] {logging_mixin.py:190} INFO - [2024-11-19T03:53:48.413+0000] {dag.py:3239} INFO - Sync 1 DAGs
[2024-11-19T03:53:48.432+0000] {logging_mixin.py:190} INFO - [2024-11-19T03:53:48.432+0000] {dag.py:4180} INFO - Setting next_dagrun for example_nested_branch_dag to 2024-11-18 00:00:00+00:00, run_after=2024-11-19 00:00:00+00:00
[2024-11-19T03:53:48.448+0000] {processor.py:208} INFO - Processing /home/airflow/.local/lib/python3.12/site-packages/airflow/example_dags/example_nested_branch_dag.py took 0.069 seconds
[2024-11-19T03:54:19.863+0000] {processor.py:186} INFO - Started process (PID=486) to work on /home/airflow/.local/lib/python3.12/site-packages/airflow/example_dags/example_nested_branch_dag.py
[2024-11-19T03:54:19.864+0000] {processor.py:914} INFO - Processing file /home/airflow/.local/lib/python3.12/site-packages/airflow/example_dags/example_nested_branch_dag.py for tasks to queue
[2024-11-19T03:54:19.867+0000] {logging_mixin.py:190} INFO - [2024-11-19T03:54:19.867+0000] {dagbag.py:588} INFO - Filling up the DagBag from /home/airflow/.local/lib/python3.12/site-packages/airflow/example_dags/example_nested_branch_dag.py
[2024-11-19T03:54:19.880+0000] {processor.py:925} INFO - DAG(s) 'example_nested_branch_dag' retrieved from /home/airflow/.local/lib/python3.12/site-packages/airflow/example_dags/example_nested_branch_dag.py
[2024-11-19T03:54:19.900+0000] {logging_mixin.py:190} INFO - [2024-11-19T03:54:19.900+0000] {dag.py:3239} INFO - Sync 1 DAGs
[2024-11-19T03:54:19.925+0000] {logging_mixin.py:190} INFO - [2024-11-19T03:54:19.925+0000] {dag.py:4180} INFO - Setting next_dagrun for example_nested_branch_dag to 2024-11-18 00:00:00+00:00, run_after=2024-11-19 00:00:00+00:00
[2024-11-19T03:54:19.951+0000] {processor.py:208} INFO - Processing /home/airflow/.local/lib/python3.12/site-packages/airflow/example_dags/example_nested_branch_dag.py took 0.093 seconds
[2024-11-19T03:54:51.871+0000] {processor.py:186} INFO - Started process (PID=552) to work on /home/airflow/.local/lib/python3.12/site-packages/airflow/example_dags/example_nested_branch_dag.py
[2024-11-19T03:54:51.872+0000] {processor.py:914} INFO - Processing file /home/airflow/.local/lib/python3.12/site-packages/airflow/example_dags/example_nested_branch_dag.py for tasks to queue
[2024-11-19T03:54:51.874+0000] {logging_mixin.py:190} INFO - [2024-11-19T03:54:51.874+0000] {dagbag.py:588} INFO - Filling up the DagBag from /home/airflow/.local/lib/python3.12/site-packages/airflow/example_dags/example_nested_branch_dag.py
[2024-11-19T03:54:51.882+0000] {processor.py:925} INFO - DAG(s) 'example_nested_branch_dag' retrieved from /home/airflow/.local/lib/python3.12/site-packages/airflow/example_dags/example_nested_branch_dag.py
[2024-11-19T03:54:51.901+0000] {logging_mixin.py:190} INFO - [2024-11-19T03:54:51.901+0000] {dag.py:3239} INFO - Sync 1 DAGs
[2024-11-19T03:54:51.924+0000] {logging_mixin.py:190} INFO - [2024-11-19T03:54:51.924+0000] {dag.py:4180} INFO - Setting next_dagrun for example_nested_branch_dag to 2024-11-18 00:00:00+00:00, run_after=2024-11-19 00:00:00+00:00
[2024-11-19T03:54:51.943+0000] {processor.py:208} INFO - Processing /home/airflow/.local/lib/python3.12/site-packages/airflow/example_dags/example_nested_branch_dag.py took 0.077 seconds
[2024-11-19T03:55:22.611+0000] {processor.py:186} INFO - Started process (PID=616) to work on /home/airflow/.local/lib/python3.12/site-packages/airflow/example_dags/example_nested_branch_dag.py
[2024-11-19T03:55:22.612+0000] {processor.py:914} INFO - Processing file /home/airflow/.local/lib/python3.12/site-packages/airflow/example_dags/example_nested_branch_dag.py for tasks to queue
[2024-11-19T03:55:22.614+0000] {logging_mixin.py:190} INFO - [2024-11-19T03:55:22.613+0000] {dagbag.py:588} INFO - Filling up the DagBag from /home/airflow/.local/lib/python3.12/site-packages/airflow/example_dags/example_nested_branch_dag.py
[2024-11-19T03:55:22.621+0000] {processor.py:925} INFO - DAG(s) 'example_nested_branch_dag' retrieved from /home/airflow/.local/lib/python3.12/site-packages/airflow/example_dags/example_nested_branch_dag.py
[2024-11-19T03:55:22.638+0000] {logging_mixin.py:190} INFO - [2024-11-19T03:55:22.638+0000] {dag.py:3239} INFO - Sync 1 DAGs
[2024-11-19T03:55:22.657+0000] {logging_mixin.py:190} INFO - [2024-11-19T03:55:22.657+0000] {dag.py:4180} INFO - Setting next_dagrun for example_nested_branch_dag to 2024-11-18 00:00:00+00:00, run_after=2024-11-19 00:00:00+00:00
[2024-11-19T03:55:22.672+0000] {processor.py:208} INFO - Processing /home/airflow/.local/lib/python3.12/site-packages/airflow/example_dags/example_nested_branch_dag.py took 0.065 seconds
[2024-11-19T03:55:54.043+0000] {processor.py:186} INFO - Started process (PID=680) to work on /home/airflow/.local/lib/python3.12/site-packages/airflow/example_dags/example_nested_branch_dag.py
[2024-11-19T03:55:54.044+0000] {processor.py:914} INFO - Processing file /home/airflow/.local/lib/python3.12/site-packages/airflow/example_dags/example_nested_branch_dag.py for tasks to queue
[2024-11-19T03:55:54.046+0000] {logging_mixin.py:190} INFO - [2024-11-19T03:55:54.046+0000] {dagbag.py:588} INFO - Filling up the DagBag from /home/airflow/.local/lib/python3.12/site-packages/airflow/example_dags/example_nested_branch_dag.py
[2024-11-19T03:55:54.054+0000] {processor.py:925} INFO - DAG(s) 'example_nested_branch_dag' retrieved from /home/airflow/.local/lib/python3.12/site-packages/airflow/example_dags/example_nested_branch_dag.py
[2024-11-19T03:55:54.069+0000] {logging_mixin.py:190} INFO - [2024-11-19T03:55:54.069+0000] {dag.py:3239} INFO - Sync 1 DAGs
[2024-11-19T03:55:54.088+0000] {logging_mixin.py:190} INFO - [2024-11-19T03:55:54.087+0000] {dag.py:4180} INFO - Setting next_dagrun for example_nested_branch_dag to 2024-11-18 00:00:00+00:00, run_after=2024-11-19 00:00:00+00:00
[2024-11-19T03:55:54.103+0000] {processor.py:208} INFO - Processing /home/airflow/.local/lib/python3.12/site-packages/airflow/example_dags/example_nested_branch_dag.py took 0.065 seconds
[2024-11-19T03:56:25.371+0000] {processor.py:186} INFO - Started process (PID=745) to work on /home/airflow/.local/lib/python3.12/site-packages/airflow/example_dags/example_nested_branch_dag.py
[2024-11-19T03:56:25.372+0000] {processor.py:914} INFO - Processing file /home/airflow/.local/lib/python3.12/site-packages/airflow/example_dags/example_nested_branch_dag.py for tasks to queue
[2024-11-19T03:56:25.376+0000] {logging_mixin.py:190} INFO - [2024-11-19T03:56:25.375+0000] {dagbag.py:588} INFO - Filling up the DagBag from /home/airflow/.local/lib/python3.12/site-packages/airflow/example_dags/example_nested_branch_dag.py
[2024-11-19T03:56:25.388+0000] {processor.py:925} INFO - DAG(s) 'example_nested_branch_dag' retrieved from /home/airflow/.local/lib/python3.12/site-packages/airflow/example_dags/example_nested_branch_dag.py
[2024-11-19T03:56:25.414+0000] {logging_mixin.py:190} INFO - [2024-11-19T03:56:25.414+0000] {dag.py:3239} INFO - Sync 1 DAGs
[2024-11-19T03:56:25.436+0000] {logging_mixin.py:190} INFO - [2024-11-19T03:56:25.435+0000] {dag.py:4180} INFO - Setting next_dagrun for example_nested_branch_dag to 2024-11-18 00:00:00+00:00, run_after=2024-11-19 00:00:00+00:00
[2024-11-19T03:56:25.454+0000] {processor.py:208} INFO - Processing /home/airflow/.local/lib/python3.12/site-packages/airflow/example_dags/example_nested_branch_dag.py took 0.089 seconds
[2024-11-19T03:56:59.023+0000] {processor.py:186} INFO - Started process (PID=814) to work on /home/airflow/.local/lib/python3.12/site-packages/airflow/example_dags/example_nested_branch_dag.py
[2024-11-19T03:56:59.028+0000] {processor.py:914} INFO - Processing file /home/airflow/.local/lib/python3.12/site-packages/airflow/example_dags/example_nested_branch_dag.py for tasks to queue
[2024-11-19T03:56:59.033+0000] {logging_mixin.py:190} INFO - [2024-11-19T03:56:59.032+0000] {dagbag.py:588} INFO - Filling up the DagBag from /home/airflow/.local/lib/python3.12/site-packages/airflow/example_dags/example_nested_branch_dag.py
[2024-11-19T03:56:59.061+0000] {processor.py:925} INFO - DAG(s) 'example_nested_branch_dag' retrieved from /home/airflow/.local/lib/python3.12/site-packages/airflow/example_dags/example_nested_branch_dag.py
[2024-11-19T03:56:59.105+0000] {logging_mixin.py:190} INFO - [2024-11-19T03:56:59.104+0000] {dag.py:3239} INFO - Sync 1 DAGs
[2024-11-19T03:56:59.189+0000] {logging_mixin.py:190} INFO - [2024-11-19T03:56:59.189+0000] {dag.py:4180} INFO - Setting next_dagrun for example_nested_branch_dag to 2024-11-18 00:00:00+00:00, run_after=2024-11-19 00:00:00+00:00
[2024-11-19T03:56:59.228+0000] {processor.py:208} INFO - Processing /home/airflow/.local/lib/python3.12/site-packages/airflow/example_dags/example_nested_branch_dag.py took 0.218 seconds
[2024-11-19T03:57:29.450+0000] {processor.py:186} INFO - Started process (PID=900) to work on /home/airflow/.local/lib/python3.12/site-packages/airflow/example_dags/example_nested_branch_dag.py
[2024-11-19T03:57:29.450+0000] {processor.py:914} INFO - Processing file /home/airflow/.local/lib/python3.12/site-packages/airflow/example_dags/example_nested_branch_dag.py for tasks to queue
[2024-11-19T03:57:29.452+0000] {logging_mixin.py:190} INFO - [2024-11-19T03:57:29.452+0000] {dagbag.py:588} INFO - Filling up the DagBag from /home/airflow/.local/lib/python3.12/site-packages/airflow/example_dags/example_nested_branch_dag.py
[2024-11-19T03:57:29.461+0000] {processor.py:925} INFO - DAG(s) 'example_nested_branch_dag' retrieved from /home/airflow/.local/lib/python3.12/site-packages/airflow/example_dags/example_nested_branch_dag.py
[2024-11-19T03:57:29.478+0000] {logging_mixin.py:190} INFO - [2024-11-19T03:57:29.478+0000] {dag.py:3239} INFO - Sync 1 DAGs
[2024-11-19T03:57:29.495+0000] {logging_mixin.py:190} INFO - [2024-11-19T03:57:29.495+0000] {dag.py:4180} INFO - Setting next_dagrun for example_nested_branch_dag to 2024-11-18 00:00:00+00:00, run_after=2024-11-19 00:00:00+00:00
[2024-11-19T03:57:29.507+0000] {processor.py:208} INFO - Processing /home/airflow/.local/lib/python3.12/site-packages/airflow/example_dags/example_nested_branch_dag.py took 0.062 seconds
[2024-11-19T03:57:59.727+0000] {processor.py:186} INFO - Started process (PID=965) to work on /home/airflow/.local/lib/python3.12/site-packages/airflow/example_dags/example_nested_branch_dag.py
[2024-11-19T03:57:59.728+0000] {processor.py:914} INFO - Processing file /home/airflow/.local/lib/python3.12/site-packages/airflow/example_dags/example_nested_branch_dag.py for tasks to queue
[2024-11-19T03:57:59.730+0000] {logging_mixin.py:190} INFO - [2024-11-19T03:57:59.730+0000] {dagbag.py:588} INFO - Filling up the DagBag from /home/airflow/.local/lib/python3.12/site-packages/airflow/example_dags/example_nested_branch_dag.py
[2024-11-19T03:57:59.738+0000] {processor.py:925} INFO - DAG(s) 'example_nested_branch_dag' retrieved from /home/airflow/.local/lib/python3.12/site-packages/airflow/example_dags/example_nested_branch_dag.py
[2024-11-19T03:57:59.755+0000] {logging_mixin.py:190} INFO - [2024-11-19T03:57:59.755+0000] {dag.py:3239} INFO - Sync 1 DAGs
[2024-11-19T03:57:59.772+0000] {logging_mixin.py:190} INFO - [2024-11-19T03:57:59.772+0000] {dag.py:4180} INFO - Setting next_dagrun for example_nested_branch_dag to 2024-11-18 00:00:00+00:00, run_after=2024-11-19 00:00:00+00:00
[2024-11-19T03:57:59.787+0000] {processor.py:208} INFO - Processing /home/airflow/.local/lib/python3.12/site-packages/airflow/example_dags/example_nested_branch_dag.py took 0.064 seconds
[2024-11-19T03:58:31.011+0000] {processor.py:186} INFO - Started process (PID=1029) to work on /home/airflow/.local/lib/python3.12/site-packages/airflow/example_dags/example_nested_branch_dag.py
[2024-11-19T03:58:31.012+0000] {processor.py:914} INFO - Processing file /home/airflow/.local/lib/python3.12/site-packages/airflow/example_dags/example_nested_branch_dag.py for tasks to queue
[2024-11-19T03:58:31.014+0000] {logging_mixin.py:190} INFO - [2024-11-19T03:58:31.013+0000] {dagbag.py:588} INFO - Filling up the DagBag from /home/airflow/.local/lib/python3.12/site-packages/airflow/example_dags/example_nested_branch_dag.py
[2024-11-19T03:58:31.022+0000] {processor.py:925} INFO - DAG(s) 'example_nested_branch_dag' retrieved from /home/airflow/.local/lib/python3.12/site-packages/airflow/example_dags/example_nested_branch_dag.py
[2024-11-19T03:58:31.050+0000] {logging_mixin.py:190} INFO - [2024-11-19T03:58:31.050+0000] {dag.py:3239} INFO - Sync 1 DAGs
[2024-11-19T03:58:31.083+0000] {logging_mixin.py:190} INFO - [2024-11-19T03:58:31.083+0000] {dag.py:4180} INFO - Setting next_dagrun for example_nested_branch_dag to 2024-11-18 00:00:00+00:00, run_after=2024-11-19 00:00:00+00:00
[2024-11-19T03:58:31.109+0000] {processor.py:208} INFO - Processing /home/airflow/.local/lib/python3.12/site-packages/airflow/example_dags/example_nested_branch_dag.py took 0.103 seconds
[2024-11-19T03:59:02.154+0000] {processor.py:186} INFO - Started process (PID=1095) to work on /home/airflow/.local/lib/python3.12/site-packages/airflow/example_dags/example_nested_branch_dag.py
[2024-11-19T03:59:02.155+0000] {processor.py:914} INFO - Processing file /home/airflow/.local/lib/python3.12/site-packages/airflow/example_dags/example_nested_branch_dag.py for tasks to queue
[2024-11-19T03:59:02.157+0000] {logging_mixin.py:190} INFO - [2024-11-19T03:59:02.156+0000] {dagbag.py:588} INFO - Filling up the DagBag from /home/airflow/.local/lib/python3.12/site-packages/airflow/example_dags/example_nested_branch_dag.py
[2024-11-19T03:59:02.165+0000] {processor.py:925} INFO - DAG(s) 'example_nested_branch_dag' retrieved from /home/airflow/.local/lib/python3.12/site-packages/airflow/example_dags/example_nested_branch_dag.py
[2024-11-19T03:59:02.182+0000] {logging_mixin.py:190} INFO - [2024-11-19T03:59:02.182+0000] {dag.py:3239} INFO - Sync 1 DAGs
[2024-11-19T03:59:02.200+0000] {logging_mixin.py:190} INFO - [2024-11-19T03:59:02.199+0000] {dag.py:4180} INFO - Setting next_dagrun for example_nested_branch_dag to 2024-11-18 00:00:00+00:00, run_after=2024-11-19 00:00:00+00:00
[2024-11-19T03:59:02.213+0000] {processor.py:208} INFO - Processing /home/airflow/.local/lib/python3.12/site-packages/airflow/example_dags/example_nested_branch_dag.py took 0.063 seconds
[2024-11-19T03:59:32.749+0000] {processor.py:186} INFO - Started process (PID=1160) to work on /home/airflow/.local/lib/python3.12/site-packages/airflow/example_dags/example_nested_branch_dag.py
[2024-11-19T03:59:32.750+0000] {processor.py:914} INFO - Processing file /home/airflow/.local/lib/python3.12/site-packages/airflow/example_dags/example_nested_branch_dag.py for tasks to queue
[2024-11-19T03:59:32.752+0000] {logging_mixin.py:190} INFO - [2024-11-19T03:59:32.752+0000] {dagbag.py:588} INFO - Filling up the DagBag from /home/airflow/.local/lib/python3.12/site-packages/airflow/example_dags/example_nested_branch_dag.py
[2024-11-19T03:59:32.760+0000] {processor.py:925} INFO - DAG(s) 'example_nested_branch_dag' retrieved from /home/airflow/.local/lib/python3.12/site-packages/airflow/example_dags/example_nested_branch_dag.py
[2024-11-19T03:59:32.777+0000] {logging_mixin.py:190} INFO - [2024-11-19T03:59:32.777+0000] {dag.py:3239} INFO - Sync 1 DAGs
[2024-11-19T03:59:32.794+0000] {logging_mixin.py:190} INFO - [2024-11-19T03:59:32.794+0000] {dag.py:4180} INFO - Setting next_dagrun for example_nested_branch_dag to 2024-11-18 00:00:00+00:00, run_after=2024-11-19 00:00:00+00:00
[2024-11-19T03:59:32.808+0000] {processor.py:208} INFO - Processing /home/airflow/.local/lib/python3.12/site-packages/airflow/example_dags/example_nested_branch_dag.py took 0.063 seconds
[2024-11-19T04:00:04.121+0000] {processor.py:186} INFO - Started process (PID=1225) to work on /home/airflow/.local/lib/python3.12/site-packages/airflow/example_dags/example_nested_branch_dag.py
[2024-11-19T04:00:04.122+0000] {processor.py:914} INFO - Processing file /home/airflow/.local/lib/python3.12/site-packages/airflow/example_dags/example_nested_branch_dag.py for tasks to queue
[2024-11-19T04:00:04.124+0000] {logging_mixin.py:190} INFO - [2024-11-19T04:00:04.124+0000] {dagbag.py:588} INFO - Filling up the DagBag from /home/airflow/.local/lib/python3.12/site-packages/airflow/example_dags/example_nested_branch_dag.py
[2024-11-19T04:00:04.133+0000] {processor.py:925} INFO - DAG(s) 'example_nested_branch_dag' retrieved from /home/airflow/.local/lib/python3.12/site-packages/airflow/example_dags/example_nested_branch_dag.py
[2024-11-19T04:00:04.148+0000] {logging_mixin.py:190} INFO - [2024-11-19T04:00:04.148+0000] {dag.py:3239} INFO - Sync 1 DAGs
[2024-11-19T04:00:04.166+0000] {logging_mixin.py:190} INFO - [2024-11-19T04:00:04.166+0000] {dag.py:4180} INFO - Setting next_dagrun for example_nested_branch_dag to 2024-11-18 00:00:00+00:00, run_after=2024-11-19 00:00:00+00:00
[2024-11-19T04:00:04.180+0000] {processor.py:208} INFO - Processing /home/airflow/.local/lib/python3.12/site-packages/airflow/example_dags/example_nested_branch_dag.py took 0.064 seconds
[2024-11-19T04:00:35.457+0000] {processor.py:186} INFO - Started process (PID=1290) to work on /home/airflow/.local/lib/python3.12/site-packages/airflow/example_dags/example_nested_branch_dag.py
[2024-11-19T04:00:35.458+0000] {processor.py:914} INFO - Processing file /home/airflow/.local/lib/python3.12/site-packages/airflow/example_dags/example_nested_branch_dag.py for tasks to queue
[2024-11-19T04:00:35.460+0000] {logging_mixin.py:190} INFO - [2024-11-19T04:00:35.460+0000] {dagbag.py:588} INFO - Filling up the DagBag from /home/airflow/.local/lib/python3.12/site-packages/airflow/example_dags/example_nested_branch_dag.py
[2024-11-19T04:00:35.468+0000] {processor.py:925} INFO - DAG(s) 'example_nested_branch_dag' retrieved from /home/airflow/.local/lib/python3.12/site-packages/airflow/example_dags/example_nested_branch_dag.py
[2024-11-19T04:00:35.484+0000] {logging_mixin.py:190} INFO - [2024-11-19T04:00:35.484+0000] {dag.py:3239} INFO - Sync 1 DAGs
[2024-11-19T04:00:35.501+0000] {logging_mixin.py:190} INFO - [2024-11-19T04:00:35.501+0000] {dag.py:4180} INFO - Setting next_dagrun for example_nested_branch_dag to 2024-11-18 00:00:00+00:00, run_after=2024-11-19 00:00:00+00:00
[2024-11-19T04:00:35.515+0000] {processor.py:208} INFO - Processing /home/airflow/.local/lib/python3.12/site-packages/airflow/example_dags/example_nested_branch_dag.py took 0.062 seconds
[2024-11-19T04:01:05.989+0000] {processor.py:186} INFO - Started process (PID=1355) to work on /home/airflow/.local/lib/python3.12/site-packages/airflow/example_dags/example_nested_branch_dag.py
[2024-11-19T04:01:05.990+0000] {processor.py:914} INFO - Processing file /home/airflow/.local/lib/python3.12/site-packages/airflow/example_dags/example_nested_branch_dag.py for tasks to queue
[2024-11-19T04:01:05.992+0000] {logging_mixin.py:190} INFO - [2024-11-19T04:01:05.992+0000] {dagbag.py:588} INFO - Filling up the DagBag from /home/airflow/.local/lib/python3.12/site-packages/airflow/example_dags/example_nested_branch_dag.py
[2024-11-19T04:01:06.000+0000] {processor.py:925} INFO - DAG(s) 'example_nested_branch_dag' retrieved from /home/airflow/.local/lib/python3.12/site-packages/airflow/example_dags/example_nested_branch_dag.py
[2024-11-19T04:01:06.016+0000] {logging_mixin.py:190} INFO - [2024-11-19T04:01:06.016+0000] {dag.py:3239} INFO - Sync 1 DAGs
[2024-11-19T04:01:06.034+0000] {logging_mixin.py:190} INFO - [2024-11-19T04:01:06.034+0000] {dag.py:4180} INFO - Setting next_dagrun for example_nested_branch_dag to 2024-11-18 00:00:00+00:00, run_after=2024-11-19 00:00:00+00:00
[2024-11-19T04:01:06.049+0000] {processor.py:208} INFO - Processing /home/airflow/.local/lib/python3.12/site-packages/airflow/example_dags/example_nested_branch_dag.py took 0.063 seconds
[2024-11-19T04:01:37.302+0000] {processor.py:186} INFO - Started process (PID=1420) to work on /home/airflow/.local/lib/python3.12/site-packages/airflow/example_dags/example_nested_branch_dag.py
[2024-11-19T04:01:37.302+0000] {processor.py:914} INFO - Processing file /home/airflow/.local/lib/python3.12/site-packages/airflow/example_dags/example_nested_branch_dag.py for tasks to queue
[2024-11-19T04:01:37.304+0000] {logging_mixin.py:190} INFO - [2024-11-19T04:01:37.304+0000] {dagbag.py:588} INFO - Filling up the DagBag from /home/airflow/.local/lib/python3.12/site-packages/airflow/example_dags/example_nested_branch_dag.py
[2024-11-19T04:01:37.313+0000] {processor.py:925} INFO - DAG(s) 'example_nested_branch_dag' retrieved from /home/airflow/.local/lib/python3.12/site-packages/airflow/example_dags/example_nested_branch_dag.py
[2024-11-19T04:01:37.330+0000] {logging_mixin.py:190} INFO - [2024-11-19T04:01:37.330+0000] {dag.py:3239} INFO - Sync 1 DAGs
[2024-11-19T04:01:37.354+0000] {logging_mixin.py:190} INFO - [2024-11-19T04:01:37.354+0000] {dag.py:4180} INFO - Setting next_dagrun for example_nested_branch_dag to 2024-11-18 00:00:00+00:00, run_after=2024-11-19 00:00:00+00:00
[2024-11-19T04:01:37.367+0000] {processor.py:208} INFO - Processing /home/airflow/.local/lib/python3.12/site-packages/airflow/example_dags/example_nested_branch_dag.py took 0.069 seconds
[2024-11-19T04:02:10.000+0000] {processor.py:186} INFO - Started process (PID=1491) to work on /home/airflow/.local/lib/python3.12/site-packages/airflow/example_dags/example_nested_branch_dag.py
[2024-11-19T04:02:10.001+0000] {processor.py:914} INFO - Processing file /home/airflow/.local/lib/python3.12/site-packages/airflow/example_dags/example_nested_branch_dag.py for tasks to queue
[2024-11-19T04:02:10.004+0000] {logging_mixin.py:190} INFO - [2024-11-19T04:02:10.003+0000] {dagbag.py:588} INFO - Filling up the DagBag from /home/airflow/.local/lib/python3.12/site-packages/airflow/example_dags/example_nested_branch_dag.py
[2024-11-19T04:02:10.014+0000] {processor.py:925} INFO - DAG(s) 'example_nested_branch_dag' retrieved from /home/airflow/.local/lib/python3.12/site-packages/airflow/example_dags/example_nested_branch_dag.py
[2024-11-19T04:02:10.037+0000] {logging_mixin.py:190} INFO - [2024-11-19T04:02:10.037+0000] {dag.py:3239} INFO - Sync 1 DAGs
[2024-11-19T04:02:10.062+0000] {logging_mixin.py:190} INFO - [2024-11-19T04:02:10.062+0000] {dag.py:4180} INFO - Setting next_dagrun for example_nested_branch_dag to 2024-11-18 00:00:00+00:00, run_after=2024-11-19 00:00:00+00:00
[2024-11-19T04:02:10.081+0000] {processor.py:208} INFO - Processing /home/airflow/.local/lib/python3.12/site-packages/airflow/example_dags/example_nested_branch_dag.py took 0.087 seconds
[2024-11-19T04:07:13.851+0000] {processor.py:186} INFO - Started process (PID=1551) to work on /home/airflow/.local/lib/python3.12/site-packages/airflow/example_dags/example_nested_branch_dag.py
[2024-11-19T04:07:13.852+0000] {processor.py:914} INFO - Processing file /home/airflow/.local/lib/python3.12/site-packages/airflow/example_dags/example_nested_branch_dag.py for tasks to queue
[2024-11-19T04:07:13.855+0000] {logging_mixin.py:190} INFO - [2024-11-19T04:07:13.855+0000] {dagbag.py:588} INFO - Filling up the DagBag from /home/airflow/.local/lib/python3.12/site-packages/airflow/example_dags/example_nested_branch_dag.py
[2024-11-19T04:07:13.867+0000] {processor.py:925} INFO - DAG(s) 'example_nested_branch_dag' retrieved from /home/airflow/.local/lib/python3.12/site-packages/airflow/example_dags/example_nested_branch_dag.py
[2024-11-19T04:07:13.894+0000] {logging_mixin.py:190} INFO - [2024-11-19T04:07:13.894+0000] {dag.py:3239} INFO - Sync 1 DAGs
[2024-11-19T04:07:13.921+0000] {logging_mixin.py:190} INFO - [2024-11-19T04:07:13.920+0000] {dag.py:4180} INFO - Setting next_dagrun for example_nested_branch_dag to 2024-11-18 00:00:00+00:00, run_after=2024-11-19 00:00:00+00:00
[2024-11-19T04:07:13.941+0000] {processor.py:208} INFO - Processing /home/airflow/.local/lib/python3.12/site-packages/airflow/example_dags/example_nested_branch_dag.py took 0.097 seconds
[2024-11-19T04:07:45.683+0000] {processor.py:186} INFO - Started process (PID=1616) to work on /home/airflow/.local/lib/python3.12/site-packages/airflow/example_dags/example_nested_branch_dag.py
[2024-11-19T04:07:45.684+0000] {processor.py:914} INFO - Processing file /home/airflow/.local/lib/python3.12/site-packages/airflow/example_dags/example_nested_branch_dag.py for tasks to queue
[2024-11-19T04:07:45.687+0000] {logging_mixin.py:190} INFO - [2024-11-19T04:07:45.687+0000] {dagbag.py:588} INFO - Filling up the DagBag from /home/airflow/.local/lib/python3.12/site-packages/airflow/example_dags/example_nested_branch_dag.py
[2024-11-19T04:07:45.702+0000] {processor.py:925} INFO - DAG(s) 'example_nested_branch_dag' retrieved from /home/airflow/.local/lib/python3.12/site-packages/airflow/example_dags/example_nested_branch_dag.py
[2024-11-19T04:07:45.728+0000] {logging_mixin.py:190} INFO - [2024-11-19T04:07:45.728+0000] {dag.py:3239} INFO - Sync 1 DAGs
[2024-11-19T04:07:45.755+0000] {logging_mixin.py:190} INFO - [2024-11-19T04:07:45.755+0000] {dag.py:4180} INFO - Setting next_dagrun for example_nested_branch_dag to 2024-11-18 00:00:00+00:00, run_after=2024-11-19 00:00:00+00:00
[2024-11-19T04:07:45.778+0000] {processor.py:208} INFO - Processing /home/airflow/.local/lib/python3.12/site-packages/airflow/example_dags/example_nested_branch_dag.py took 0.101 seconds
[2024-11-19T04:08:16.878+0000] {processor.py:186} INFO - Started process (PID=1681) to work on /home/airflow/.local/lib/python3.12/site-packages/airflow/example_dags/example_nested_branch_dag.py
[2024-11-19T04:08:16.879+0000] {processor.py:914} INFO - Processing file /home/airflow/.local/lib/python3.12/site-packages/airflow/example_dags/example_nested_branch_dag.py for tasks to queue
[2024-11-19T04:08:16.882+0000] {logging_mixin.py:190} INFO - [2024-11-19T04:08:16.881+0000] {dagbag.py:588} INFO - Filling up the DagBag from /home/airflow/.local/lib/python3.12/site-packages/airflow/example_dags/example_nested_branch_dag.py
[2024-11-19T04:08:16.894+0000] {processor.py:925} INFO - DAG(s) 'example_nested_branch_dag' retrieved from /home/airflow/.local/lib/python3.12/site-packages/airflow/example_dags/example_nested_branch_dag.py
[2024-11-19T04:08:16.918+0000] {logging_mixin.py:190} INFO - [2024-11-19T04:08:16.917+0000] {dag.py:3239} INFO - Sync 1 DAGs
[2024-11-19T04:08:16.945+0000] {logging_mixin.py:190} INFO - [2024-11-19T04:08:16.945+0000] {dag.py:4180} INFO - Setting next_dagrun for example_nested_branch_dag to 2024-11-18 00:00:00+00:00, run_after=2024-11-19 00:00:00+00:00
[2024-11-19T04:08:16.965+0000] {processor.py:208} INFO - Processing /home/airflow/.local/lib/python3.12/site-packages/airflow/example_dags/example_nested_branch_dag.py took 0.094 seconds
[2024-11-19T04:08:48.260+0000] {processor.py:186} INFO - Started process (PID=1746) to work on /home/airflow/.local/lib/python3.12/site-packages/airflow/example_dags/example_nested_branch_dag.py
[2024-11-19T04:08:48.261+0000] {processor.py:914} INFO - Processing file /home/airflow/.local/lib/python3.12/site-packages/airflow/example_dags/example_nested_branch_dag.py for tasks to queue
[2024-11-19T04:08:48.264+0000] {logging_mixin.py:190} INFO - [2024-11-19T04:08:48.264+0000] {dagbag.py:588} INFO - Filling up the DagBag from /home/airflow/.local/lib/python3.12/site-packages/airflow/example_dags/example_nested_branch_dag.py
[2024-11-19T04:08:48.281+0000] {processor.py:925} INFO - DAG(s) 'example_nested_branch_dag' retrieved from /home/airflow/.local/lib/python3.12/site-packages/airflow/example_dags/example_nested_branch_dag.py
[2024-11-19T04:08:48.305+0000] {logging_mixin.py:190} INFO - [2024-11-19T04:08:48.304+0000] {dag.py:3239} INFO - Sync 1 DAGs
[2024-11-19T04:08:48.333+0000] {logging_mixin.py:190} INFO - [2024-11-19T04:08:48.333+0000] {dag.py:4180} INFO - Setting next_dagrun for example_nested_branch_dag to 2024-11-18 00:00:00+00:00, run_after=2024-11-19 00:00:00+00:00
[2024-11-19T04:08:48.354+0000] {processor.py:208} INFO - Processing /home/airflow/.local/lib/python3.12/site-packages/airflow/example_dags/example_nested_branch_dag.py took 0.101 seconds
[2024-11-19T04:09:19.055+0000] {processor.py:186} INFO - Started process (PID=1811) to work on /home/airflow/.local/lib/python3.12/site-packages/airflow/example_dags/example_nested_branch_dag.py
[2024-11-19T04:09:19.057+0000] {processor.py:914} INFO - Processing file /home/airflow/.local/lib/python3.12/site-packages/airflow/example_dags/example_nested_branch_dag.py for tasks to queue
[2024-11-19T04:09:19.060+0000] {logging_mixin.py:190} INFO - [2024-11-19T04:09:19.060+0000] {dagbag.py:588} INFO - Filling up the DagBag from /home/airflow/.local/lib/python3.12/site-packages/airflow/example_dags/example_nested_branch_dag.py
[2024-11-19T04:09:19.073+0000] {processor.py:925} INFO - DAG(s) 'example_nested_branch_dag' retrieved from /home/airflow/.local/lib/python3.12/site-packages/airflow/example_dags/example_nested_branch_dag.py
[2024-11-19T04:09:19.095+0000] {logging_mixin.py:190} INFO - [2024-11-19T04:09:19.095+0000] {dag.py:3239} INFO - Sync 1 DAGs
[2024-11-19T04:09:19.123+0000] {logging_mixin.py:190} INFO - [2024-11-19T04:09:19.123+0000] {dag.py:4180} INFO - Setting next_dagrun for example_nested_branch_dag to 2024-11-18 00:00:00+00:00, run_after=2024-11-19 00:00:00+00:00
[2024-11-19T04:09:19.157+0000] {processor.py:208} INFO - Processing /home/airflow/.local/lib/python3.12/site-packages/airflow/example_dags/example_nested_branch_dag.py took 0.108 seconds
[2024-11-19T04:09:50.968+0000] {processor.py:186} INFO - Started process (PID=1876) to work on /home/airflow/.local/lib/python3.12/site-packages/airflow/example_dags/example_nested_branch_dag.py
[2024-11-19T04:09:50.969+0000] {processor.py:914} INFO - Processing file /home/airflow/.local/lib/python3.12/site-packages/airflow/example_dags/example_nested_branch_dag.py for tasks to queue
[2024-11-19T04:09:50.972+0000] {logging_mixin.py:190} INFO - [2024-11-19T04:09:50.971+0000] {dagbag.py:588} INFO - Filling up the DagBag from /home/airflow/.local/lib/python3.12/site-packages/airflow/example_dags/example_nested_branch_dag.py
[2024-11-19T04:09:50.985+0000] {processor.py:925} INFO - DAG(s) 'example_nested_branch_dag' retrieved from /home/airflow/.local/lib/python3.12/site-packages/airflow/example_dags/example_nested_branch_dag.py
[2024-11-19T04:09:51.007+0000] {logging_mixin.py:190} INFO - [2024-11-19T04:09:51.007+0000] {dag.py:3239} INFO - Sync 1 DAGs
[2024-11-19T04:09:51.035+0000] {logging_mixin.py:190} INFO - [2024-11-19T04:09:51.034+0000] {dag.py:4180} INFO - Setting next_dagrun for example_nested_branch_dag to 2024-11-18 00:00:00+00:00, run_after=2024-11-19 00:00:00+00:00
[2024-11-19T04:09:51.054+0000] {processor.py:208} INFO - Processing /home/airflow/.local/lib/python3.12/site-packages/airflow/example_dags/example_nested_branch_dag.py took 0.092 seconds
[2024-11-19T04:10:21.392+0000] {processor.py:186} INFO - Started process (PID=1940) to work on /home/airflow/.local/lib/python3.12/site-packages/airflow/example_dags/example_nested_branch_dag.py
[2024-11-19T04:10:21.393+0000] {processor.py:914} INFO - Processing file /home/airflow/.local/lib/python3.12/site-packages/airflow/example_dags/example_nested_branch_dag.py for tasks to queue
[2024-11-19T04:10:21.396+0000] {logging_mixin.py:190} INFO - [2024-11-19T04:10:21.396+0000] {dagbag.py:588} INFO - Filling up the DagBag from /home/airflow/.local/lib/python3.12/site-packages/airflow/example_dags/example_nested_branch_dag.py
[2024-11-19T04:10:21.409+0000] {processor.py:925} INFO - DAG(s) 'example_nested_branch_dag' retrieved from /home/airflow/.local/lib/python3.12/site-packages/airflow/example_dags/example_nested_branch_dag.py
[2024-11-19T04:10:21.433+0000] {logging_mixin.py:190} INFO - [2024-11-19T04:10:21.432+0000] {dag.py:3239} INFO - Sync 1 DAGs
[2024-11-19T04:10:21.459+0000] {logging_mixin.py:190} INFO - [2024-11-19T04:10:21.459+0000] {dag.py:4180} INFO - Setting next_dagrun for example_nested_branch_dag to 2024-11-18 00:00:00+00:00, run_after=2024-11-19 00:00:00+00:00
[2024-11-19T04:10:21.478+0000] {processor.py:208} INFO - Processing /home/airflow/.local/lib/python3.12/site-packages/airflow/example_dags/example_nested_branch_dag.py took 0.094 seconds
[2024-11-19T04:10:52.066+0000] {processor.py:186} INFO - Started process (PID=2005) to work on /home/airflow/.local/lib/python3.12/site-packages/airflow/example_dags/example_nested_branch_dag.py
[2024-11-19T04:10:52.069+0000] {processor.py:914} INFO - Processing file /home/airflow/.local/lib/python3.12/site-packages/airflow/example_dags/example_nested_branch_dag.py for tasks to queue
[2024-11-19T04:10:52.074+0000] {logging_mixin.py:190} INFO - [2024-11-19T04:10:52.073+0000] {dagbag.py:588} INFO - Filling up the DagBag from /home/airflow/.local/lib/python3.12/site-packages/airflow/example_dags/example_nested_branch_dag.py
[2024-11-19T04:10:52.096+0000] {processor.py:925} INFO - DAG(s) 'example_nested_branch_dag' retrieved from /home/airflow/.local/lib/python3.12/site-packages/airflow/example_dags/example_nested_branch_dag.py
[2024-11-19T04:10:52.124+0000] {logging_mixin.py:190} INFO - [2024-11-19T04:10:52.122+0000] {dag.py:3239} INFO - Sync 1 DAGs
[2024-11-19T04:10:52.163+0000] {logging_mixin.py:190} INFO - [2024-11-19T04:10:52.163+0000] {dag.py:4180} INFO - Setting next_dagrun for example_nested_branch_dag to 2024-11-18 00:00:00+00:00, run_after=2024-11-19 00:00:00+00:00
[2024-11-19T04:10:52.195+0000] {processor.py:208} INFO - Processing /home/airflow/.local/lib/python3.12/site-packages/airflow/example_dags/example_nested_branch_dag.py took 0.138 seconds
[2024-11-19T04:23:29.234+0000] {processor.py:186} INFO - Started process (PID=2071) to work on /home/airflow/.local/lib/python3.12/site-packages/airflow/example_dags/example_nested_branch_dag.py
[2024-11-19T04:23:29.235+0000] {processor.py:914} INFO - Processing file /home/airflow/.local/lib/python3.12/site-packages/airflow/example_dags/example_nested_branch_dag.py for tasks to queue
[2024-11-19T04:23:29.238+0000] {logging_mixin.py:190} INFO - [2024-11-19T04:23:29.238+0000] {dagbag.py:588} INFO - Filling up the DagBag from /home/airflow/.local/lib/python3.12/site-packages/airflow/example_dags/example_nested_branch_dag.py
[2024-11-19T04:23:29.250+0000] {processor.py:925} INFO - DAG(s) 'example_nested_branch_dag' retrieved from /home/airflow/.local/lib/python3.12/site-packages/airflow/example_dags/example_nested_branch_dag.py
[2024-11-19T04:23:29.271+0000] {logging_mixin.py:190} INFO - [2024-11-19T04:23:29.271+0000] {dag.py:3239} INFO - Sync 1 DAGs
[2024-11-19T04:23:29.299+0000] {logging_mixin.py:190} INFO - [2024-11-19T04:23:29.299+0000] {dag.py:4180} INFO - Setting next_dagrun for example_nested_branch_dag to 2024-11-18 00:00:00+00:00, run_after=2024-11-19 00:00:00+00:00
[2024-11-19T04:23:29.329+0000] {processor.py:208} INFO - Processing /home/airflow/.local/lib/python3.12/site-packages/airflow/example_dags/example_nested_branch_dag.py took 0.101 seconds
[2024-11-19T04:24:00.160+0000] {processor.py:186} INFO - Started process (PID=2136) to work on /home/airflow/.local/lib/python3.12/site-packages/airflow/example_dags/example_nested_branch_dag.py
[2024-11-19T04:24:00.162+0000] {processor.py:914} INFO - Processing file /home/airflow/.local/lib/python3.12/site-packages/airflow/example_dags/example_nested_branch_dag.py for tasks to queue
[2024-11-19T04:24:00.166+0000] {logging_mixin.py:190} INFO - [2024-11-19T04:24:00.165+0000] {dagbag.py:588} INFO - Filling up the DagBag from /home/airflow/.local/lib/python3.12/site-packages/airflow/example_dags/example_nested_branch_dag.py
[2024-11-19T04:24:00.182+0000] {processor.py:925} INFO - DAG(s) 'example_nested_branch_dag' retrieved from /home/airflow/.local/lib/python3.12/site-packages/airflow/example_dags/example_nested_branch_dag.py
[2024-11-19T04:24:00.234+0000] {logging_mixin.py:190} INFO - [2024-11-19T04:24:00.234+0000] {dag.py:3239} INFO - Sync 1 DAGs
[2024-11-19T04:24:00.276+0000] {logging_mixin.py:190} INFO - [2024-11-19T04:24:00.276+0000] {dag.py:4180} INFO - Setting next_dagrun for example_nested_branch_dag to 2024-11-18 00:00:00+00:00, run_after=2024-11-19 00:00:00+00:00
[2024-11-19T04:24:00.322+0000] {processor.py:208} INFO - Processing /home/airflow/.local/lib/python3.12/site-packages/airflow/example_dags/example_nested_branch_dag.py took 0.174 seconds
[2024-11-19T04:24:32.724+0000] {processor.py:186} INFO - Started process (PID=2201) to work on /home/airflow/.local/lib/python3.12/site-packages/airflow/example_dags/example_nested_branch_dag.py
[2024-11-19T04:24:32.726+0000] {processor.py:914} INFO - Processing file /home/airflow/.local/lib/python3.12/site-packages/airflow/example_dags/example_nested_branch_dag.py for tasks to queue
[2024-11-19T04:24:32.728+0000] {logging_mixin.py:190} INFO - [2024-11-19T04:24:32.728+0000] {dagbag.py:588} INFO - Filling up the DagBag from /home/airflow/.local/lib/python3.12/site-packages/airflow/example_dags/example_nested_branch_dag.py
[2024-11-19T04:24:32.741+0000] {processor.py:925} INFO - DAG(s) 'example_nested_branch_dag' retrieved from /home/airflow/.local/lib/python3.12/site-packages/airflow/example_dags/example_nested_branch_dag.py
[2024-11-19T04:24:32.768+0000] {logging_mixin.py:190} INFO - [2024-11-19T04:24:32.767+0000] {dag.py:3239} INFO - Sync 1 DAGs
[2024-11-19T04:24:32.802+0000] {logging_mixin.py:190} INFO - [2024-11-19T04:24:32.801+0000] {dag.py:4180} INFO - Setting next_dagrun for example_nested_branch_dag to 2024-11-18 00:00:00+00:00, run_after=2024-11-19 00:00:00+00:00
[2024-11-19T04:24:32.829+0000] {processor.py:208} INFO - Processing /home/airflow/.local/lib/python3.12/site-packages/airflow/example_dags/example_nested_branch_dag.py took 0.112 seconds
