[2024-11-19T03:51:12.625+0000] {processor.py:186} INFO - Started process (PID=95) to work on /home/airflow/.local/lib/python3.12/site-packages/airflow/example_dags/example_latest_only_with_trigger.py
[2024-11-19T03:51:12.627+0000] {processor.py:914} INFO - Processing file /home/airflow/.local/lib/python3.12/site-packages/airflow/example_dags/example_latest_only_with_trigger.py for tasks to queue
[2024-11-19T03:51:12.631+0000] {logging_mixin.py:190} INFO - [2024-11-19T03:51:12.630+0000] {dagbag.py:588} INFO - Filling up the DagBag from /home/airflow/.local/lib/python3.12/site-packages/airflow/example_dags/example_latest_only_with_trigger.py
[2024-11-19T03:51:12.643+0000] {processor.py:925} INFO - DAG(s) 'latest_only_with_trigger' retrieved from /home/airflow/.local/lib/python3.12/site-packages/airflow/example_dags/example_latest_only_with_trigger.py
[2024-11-19T03:51:12.747+0000] {logging_mixin.py:190} INFO - [2024-11-19T03:51:12.746+0000] {override.py:1911} INFO - Created Permission View: can read on DAG:latest_only_with_trigger
[2024-11-19T03:51:12.758+0000] {logging_mixin.py:190} INFO - [2024-11-19T03:51:12.758+0000] {override.py:1911} INFO - Created Permission View: can edit on DAG:latest_only_with_trigger
[2024-11-19T03:51:12.766+0000] {logging_mixin.py:190} INFO - [2024-11-19T03:51:12.765+0000] {override.py:1911} INFO - Created Permission View: can delete on DAG:latest_only_with_trigger
[2024-11-19T03:51:12.774+0000] {logging_mixin.py:190} INFO - [2024-11-19T03:51:12.773+0000] {override.py:1911} INFO - Created Permission View: can read on DAG Run:latest_only_with_trigger
[2024-11-19T03:51:12.780+0000] {logging_mixin.py:190} INFO - [2024-11-19T03:51:12.779+0000] {override.py:1911} INFO - Created Permission View: menu access on DAG Run:latest_only_with_trigger
[2024-11-19T03:51:12.787+0000] {logging_mixin.py:190} INFO - [2024-11-19T03:51:12.786+0000] {override.py:1911} INFO - Created Permission View: can create on DAG Run:latest_only_with_trigger
[2024-11-19T03:51:12.795+0000] {logging_mixin.py:190} INFO - [2024-11-19T03:51:12.794+0000] {override.py:1911} INFO - Created Permission View: can delete on DAG Run:latest_only_with_trigger
[2024-11-19T03:51:12.796+0000] {logging_mixin.py:190} INFO - [2024-11-19T03:51:12.796+0000] {dag.py:3239} INFO - Sync 1 DAGs
[2024-11-19T03:51:12.810+0000] {logging_mixin.py:190} INFO - [2024-11-19T03:51:12.809+0000] {dag.py:3262} INFO - Creating ORM DAG for latest_only_with_trigger
[2024-11-19T03:51:12.820+0000] {logging_mixin.py:190} INFO - [2024-11-19T03:51:12.820+0000] {dag.py:4180} INFO - Setting next_dagrun for latest_only_with_trigger to 2024-11-18 20:00:00+00:00, run_after=2024-11-19 00:00:00+00:00
[2024-11-19T03:51:12.842+0000] {processor.py:208} INFO - Processing /home/airflow/.local/lib/python3.12/site-packages/airflow/example_dags/example_latest_only_with_trigger.py took 0.226 seconds
[2024-11-19T03:51:42.944+0000] {processor.py:186} INFO - Started process (PID=158) to work on /home/airflow/.local/lib/python3.12/site-packages/airflow/example_dags/example_latest_only_with_trigger.py
[2024-11-19T03:51:42.945+0000] {processor.py:914} INFO - Processing file /home/airflow/.local/lib/python3.12/site-packages/airflow/example_dags/example_latest_only_with_trigger.py for tasks to queue
[2024-11-19T03:51:42.947+0000] {logging_mixin.py:190} INFO - [2024-11-19T03:51:42.947+0000] {dagbag.py:588} INFO - Filling up the DagBag from /home/airflow/.local/lib/python3.12/site-packages/airflow/example_dags/example_latest_only_with_trigger.py
[2024-11-19T03:51:42.955+0000] {processor.py:925} INFO - DAG(s) 'latest_only_with_trigger' retrieved from /home/airflow/.local/lib/python3.12/site-packages/airflow/example_dags/example_latest_only_with_trigger.py
[2024-11-19T03:51:42.972+0000] {logging_mixin.py:190} INFO - [2024-11-19T03:51:42.972+0000] {dag.py:3239} INFO - Sync 1 DAGs
[2024-11-19T03:51:42.989+0000] {logging_mixin.py:190} INFO - [2024-11-19T03:51:42.989+0000] {dag.py:4180} INFO - Setting next_dagrun for latest_only_with_trigger to 2024-11-18 20:00:00+00:00, run_after=2024-11-19 00:00:00+00:00
[2024-11-19T03:51:43.002+0000] {processor.py:208} INFO - Processing /home/airflow/.local/lib/python3.12/site-packages/airflow/example_dags/example_latest_only_with_trigger.py took 0.062 seconds
[2024-11-19T03:52:13.523+0000] {processor.py:186} INFO - Started process (PID=222) to work on /home/airflow/.local/lib/python3.12/site-packages/airflow/example_dags/example_latest_only_with_trigger.py
[2024-11-19T03:52:13.524+0000] {processor.py:914} INFO - Processing file /home/airflow/.local/lib/python3.12/site-packages/airflow/example_dags/example_latest_only_with_trigger.py for tasks to queue
[2024-11-19T03:52:13.526+0000] {logging_mixin.py:190} INFO - [2024-11-19T03:52:13.526+0000] {dagbag.py:588} INFO - Filling up the DagBag from /home/airflow/.local/lib/python3.12/site-packages/airflow/example_dags/example_latest_only_with_trigger.py
[2024-11-19T03:52:13.532+0000] {processor.py:925} INFO - DAG(s) 'latest_only_with_trigger' retrieved from /home/airflow/.local/lib/python3.12/site-packages/airflow/example_dags/example_latest_only_with_trigger.py
[2024-11-19T03:52:13.548+0000] {logging_mixin.py:190} INFO - [2024-11-19T03:52:13.548+0000] {dag.py:3239} INFO - Sync 1 DAGs
[2024-11-19T03:52:13.566+0000] {logging_mixin.py:190} INFO - [2024-11-19T03:52:13.566+0000] {dag.py:4180} INFO - Setting next_dagrun for latest_only_with_trigger to 2024-11-18 20:00:00+00:00, run_after=2024-11-19 00:00:00+00:00
[2024-11-19T03:52:13.583+0000] {processor.py:208} INFO - Processing /home/airflow/.local/lib/python3.12/site-packages/airflow/example_dags/example_latest_only_with_trigger.py took 0.063 seconds
[2024-11-19T03:52:45.150+0000] {processor.py:186} INFO - Started process (PID=286) to work on /home/airflow/.local/lib/python3.12/site-packages/airflow/example_dags/example_latest_only_with_trigger.py
[2024-11-19T03:52:45.151+0000] {processor.py:914} INFO - Processing file /home/airflow/.local/lib/python3.12/site-packages/airflow/example_dags/example_latest_only_with_trigger.py for tasks to queue
[2024-11-19T03:52:45.154+0000] {logging_mixin.py:190} INFO - [2024-11-19T03:52:45.154+0000] {dagbag.py:588} INFO - Filling up the DagBag from /home/airflow/.local/lib/python3.12/site-packages/airflow/example_dags/example_latest_only_with_trigger.py
[2024-11-19T03:52:45.161+0000] {processor.py:925} INFO - DAG(s) 'latest_only_with_trigger' retrieved from /home/airflow/.local/lib/python3.12/site-packages/airflow/example_dags/example_latest_only_with_trigger.py
[2024-11-19T03:52:45.180+0000] {logging_mixin.py:190} INFO - [2024-11-19T03:52:45.180+0000] {dag.py:3239} INFO - Sync 1 DAGs
[2024-11-19T03:52:45.202+0000] {logging_mixin.py:190} INFO - [2024-11-19T03:52:45.202+0000] {dag.py:4180} INFO - Setting next_dagrun for latest_only_with_trigger to 2024-11-18 20:00:00+00:00, run_after=2024-11-19 00:00:00+00:00
[2024-11-19T03:52:45.221+0000] {processor.py:208} INFO - Processing /home/airflow/.local/lib/python3.12/site-packages/airflow/example_dags/example_latest_only_with_trigger.py took 0.075 seconds
[2024-11-19T03:53:16.597+0000] {processor.py:186} INFO - Started process (PID=350) to work on /home/airflow/.local/lib/python3.12/site-packages/airflow/example_dags/example_latest_only_with_trigger.py
[2024-11-19T03:53:16.598+0000] {processor.py:914} INFO - Processing file /home/airflow/.local/lib/python3.12/site-packages/airflow/example_dags/example_latest_only_with_trigger.py for tasks to queue
[2024-11-19T03:53:16.601+0000] {logging_mixin.py:190} INFO - [2024-11-19T03:53:16.600+0000] {dagbag.py:588} INFO - Filling up the DagBag from /home/airflow/.local/lib/python3.12/site-packages/airflow/example_dags/example_latest_only_with_trigger.py
[2024-11-19T03:53:16.607+0000] {processor.py:925} INFO - DAG(s) 'latest_only_with_trigger' retrieved from /home/airflow/.local/lib/python3.12/site-packages/airflow/example_dags/example_latest_only_with_trigger.py
[2024-11-19T03:53:16.623+0000] {logging_mixin.py:190} INFO - [2024-11-19T03:53:16.623+0000] {dag.py:3239} INFO - Sync 1 DAGs
[2024-11-19T03:53:16.640+0000] {logging_mixin.py:190} INFO - [2024-11-19T03:53:16.640+0000] {dag.py:4180} INFO - Setting next_dagrun for latest_only_with_trigger to 2024-11-18 20:00:00+00:00, run_after=2024-11-19 00:00:00+00:00
[2024-11-19T03:53:16.657+0000] {processor.py:208} INFO - Processing /home/airflow/.local/lib/python3.12/site-packages/airflow/example_dags/example_latest_only_with_trigger.py took 0.063 seconds
[2024-11-19T03:53:47.839+0000] {processor.py:186} INFO - Started process (PID=414) to work on /home/airflow/.local/lib/python3.12/site-packages/airflow/example_dags/example_latest_only_with_trigger.py
[2024-11-19T03:53:47.840+0000] {processor.py:914} INFO - Processing file /home/airflow/.local/lib/python3.12/site-packages/airflow/example_dags/example_latest_only_with_trigger.py for tasks to queue
[2024-11-19T03:53:47.842+0000] {logging_mixin.py:190} INFO - [2024-11-19T03:53:47.842+0000] {dagbag.py:588} INFO - Filling up the DagBag from /home/airflow/.local/lib/python3.12/site-packages/airflow/example_dags/example_latest_only_with_trigger.py
[2024-11-19T03:53:47.848+0000] {processor.py:925} INFO - DAG(s) 'latest_only_with_trigger' retrieved from /home/airflow/.local/lib/python3.12/site-packages/airflow/example_dags/example_latest_only_with_trigger.py
[2024-11-19T03:53:47.865+0000] {logging_mixin.py:190} INFO - [2024-11-19T03:53:47.865+0000] {dag.py:3239} INFO - Sync 1 DAGs
[2024-11-19T03:53:47.890+0000] {logging_mixin.py:190} INFO - [2024-11-19T03:53:47.890+0000] {dag.py:4180} INFO - Setting next_dagrun for latest_only_with_trigger to 2024-11-18 20:00:00+00:00, run_after=2024-11-19 00:00:00+00:00
[2024-11-19T03:53:47.906+0000] {processor.py:208} INFO - Processing /home/airflow/.local/lib/python3.12/site-packages/airflow/example_dags/example_latest_only_with_trigger.py took 0.073 seconds
[2024-11-19T03:54:19.381+0000] {processor.py:186} INFO - Started process (PID=478) to work on /home/airflow/.local/lib/python3.12/site-packages/airflow/example_dags/example_latest_only_with_trigger.py
[2024-11-19T03:54:19.382+0000] {processor.py:914} INFO - Processing file /home/airflow/.local/lib/python3.12/site-packages/airflow/example_dags/example_latest_only_with_trigger.py for tasks to queue
[2024-11-19T03:54:19.384+0000] {logging_mixin.py:190} INFO - [2024-11-19T03:54:19.384+0000] {dagbag.py:588} INFO - Filling up the DagBag from /home/airflow/.local/lib/python3.12/site-packages/airflow/example_dags/example_latest_only_with_trigger.py
[2024-11-19T03:54:19.391+0000] {processor.py:925} INFO - DAG(s) 'latest_only_with_trigger' retrieved from /home/airflow/.local/lib/python3.12/site-packages/airflow/example_dags/example_latest_only_with_trigger.py
[2024-11-19T03:54:19.410+0000] {logging_mixin.py:190} INFO - [2024-11-19T03:54:19.410+0000] {dag.py:3239} INFO - Sync 1 DAGs
[2024-11-19T03:54:19.430+0000] {logging_mixin.py:190} INFO - [2024-11-19T03:54:19.429+0000] {dag.py:4180} INFO - Setting next_dagrun for latest_only_with_trigger to 2024-11-18 20:00:00+00:00, run_after=2024-11-19 00:00:00+00:00
[2024-11-19T03:54:19.449+0000] {processor.py:208} INFO - Processing /home/airflow/.local/lib/python3.12/site-packages/airflow/example_dags/example_latest_only_with_trigger.py took 0.072 seconds
[2024-11-19T03:54:50.560+0000] {processor.py:186} INFO - Started process (PID=542) to work on /home/airflow/.local/lib/python3.12/site-packages/airflow/example_dags/example_latest_only_with_trigger.py
[2024-11-19T03:54:50.562+0000] {processor.py:914} INFO - Processing file /home/airflow/.local/lib/python3.12/site-packages/airflow/example_dags/example_latest_only_with_trigger.py for tasks to queue
[2024-11-19T03:54:50.565+0000] {logging_mixin.py:190} INFO - [2024-11-19T03:54:50.564+0000] {dagbag.py:588} INFO - Filling up the DagBag from /home/airflow/.local/lib/python3.12/site-packages/airflow/example_dags/example_latest_only_with_trigger.py
[2024-11-19T03:54:50.575+0000] {processor.py:925} INFO - DAG(s) 'latest_only_with_trigger' retrieved from /home/airflow/.local/lib/python3.12/site-packages/airflow/example_dags/example_latest_only_with_trigger.py
[2024-11-19T03:54:50.603+0000] {logging_mixin.py:190} INFO - [2024-11-19T03:54:50.602+0000] {dag.py:3239} INFO - Sync 1 DAGs
[2024-11-19T03:54:50.629+0000] {logging_mixin.py:190} INFO - [2024-11-19T03:54:50.629+0000] {dag.py:4180} INFO - Setting next_dagrun for latest_only_with_trigger to 2024-11-18 20:00:00+00:00, run_after=2024-11-19 00:00:00+00:00
[2024-11-19T03:54:50.650+0000] {processor.py:208} INFO - Processing /home/airflow/.local/lib/python3.12/site-packages/airflow/example_dags/example_latest_only_with_trigger.py took 0.097 seconds
[2024-11-19T03:55:21.794+0000] {processor.py:186} INFO - Started process (PID=606) to work on /home/airflow/.local/lib/python3.12/site-packages/airflow/example_dags/example_latest_only_with_trigger.py
[2024-11-19T03:55:21.795+0000] {processor.py:914} INFO - Processing file /home/airflow/.local/lib/python3.12/site-packages/airflow/example_dags/example_latest_only_with_trigger.py for tasks to queue
[2024-11-19T03:55:21.797+0000] {logging_mixin.py:190} INFO - [2024-11-19T03:55:21.797+0000] {dagbag.py:588} INFO - Filling up the DagBag from /home/airflow/.local/lib/python3.12/site-packages/airflow/example_dags/example_latest_only_with_trigger.py
[2024-11-19T03:55:21.803+0000] {processor.py:925} INFO - DAG(s) 'latest_only_with_trigger' retrieved from /home/airflow/.local/lib/python3.12/site-packages/airflow/example_dags/example_latest_only_with_trigger.py
[2024-11-19T03:55:21.824+0000] {logging_mixin.py:190} INFO - [2024-11-19T03:55:21.823+0000] {dag.py:3239} INFO - Sync 1 DAGs
[2024-11-19T03:55:21.852+0000] {logging_mixin.py:190} INFO - [2024-11-19T03:55:21.852+0000] {dag.py:4180} INFO - Setting next_dagrun for latest_only_with_trigger to 2024-11-18 20:00:00+00:00, run_after=2024-11-19 00:00:00+00:00
[2024-11-19T03:55:21.870+0000] {processor.py:208} INFO - Processing /home/airflow/.local/lib/python3.12/site-packages/airflow/example_dags/example_latest_only_with_trigger.py took 0.080 seconds
[2024-11-19T03:55:53.304+0000] {processor.py:186} INFO - Started process (PID=671) to work on /home/airflow/.local/lib/python3.12/site-packages/airflow/example_dags/example_latest_only_with_trigger.py
[2024-11-19T03:55:53.306+0000] {processor.py:914} INFO - Processing file /home/airflow/.local/lib/python3.12/site-packages/airflow/example_dags/example_latest_only_with_trigger.py for tasks to queue
[2024-11-19T03:55:53.307+0000] {logging_mixin.py:190} INFO - [2024-11-19T03:55:53.307+0000] {dagbag.py:588} INFO - Filling up the DagBag from /home/airflow/.local/lib/python3.12/site-packages/airflow/example_dags/example_latest_only_with_trigger.py
[2024-11-19T03:55:53.312+0000] {processor.py:925} INFO - DAG(s) 'latest_only_with_trigger' retrieved from /home/airflow/.local/lib/python3.12/site-packages/airflow/example_dags/example_latest_only_with_trigger.py
[2024-11-19T03:55:53.327+0000] {logging_mixin.py:190} INFO - [2024-11-19T03:55:53.327+0000] {dag.py:3239} INFO - Sync 1 DAGs
[2024-11-19T03:55:53.344+0000] {logging_mixin.py:190} INFO - [2024-11-19T03:55:53.344+0000] {dag.py:4180} INFO - Setting next_dagrun for latest_only_with_trigger to 2024-11-18 20:00:00+00:00, run_after=2024-11-19 00:00:00+00:00
[2024-11-19T03:55:53.360+0000] {processor.py:208} INFO - Processing /home/airflow/.local/lib/python3.12/site-packages/airflow/example_dags/example_latest_only_with_trigger.py took 0.059 seconds
[2024-11-19T03:56:24.683+0000] {processor.py:186} INFO - Started process (PID=736) to work on /home/airflow/.local/lib/python3.12/site-packages/airflow/example_dags/example_latest_only_with_trigger.py
[2024-11-19T03:56:24.684+0000] {processor.py:914} INFO - Processing file /home/airflow/.local/lib/python3.12/site-packages/airflow/example_dags/example_latest_only_with_trigger.py for tasks to queue
[2024-11-19T03:56:24.686+0000] {logging_mixin.py:190} INFO - [2024-11-19T03:56:24.685+0000] {dagbag.py:588} INFO - Filling up the DagBag from /home/airflow/.local/lib/python3.12/site-packages/airflow/example_dags/example_latest_only_with_trigger.py
[2024-11-19T03:56:24.692+0000] {processor.py:925} INFO - DAG(s) 'latest_only_with_trigger' retrieved from /home/airflow/.local/lib/python3.12/site-packages/airflow/example_dags/example_latest_only_with_trigger.py
[2024-11-19T03:56:24.710+0000] {logging_mixin.py:190} INFO - [2024-11-19T03:56:24.709+0000] {dag.py:3239} INFO - Sync 1 DAGs
[2024-11-19T03:56:24.730+0000] {logging_mixin.py:190} INFO - [2024-11-19T03:56:24.730+0000] {dag.py:4180} INFO - Setting next_dagrun for latest_only_with_trigger to 2024-11-18 20:00:00+00:00, run_after=2024-11-19 00:00:00+00:00
[2024-11-19T03:56:24.747+0000] {processor.py:208} INFO - Processing /home/airflow/.local/lib/python3.12/site-packages/airflow/example_dags/example_latest_only_with_trigger.py took 0.069 seconds
[2024-11-19T03:56:57.396+0000] {processor.py:186} INFO - Started process (PID=805) to work on /home/airflow/.local/lib/python3.12/site-packages/airflow/example_dags/example_latest_only_with_trigger.py
[2024-11-19T03:56:57.397+0000] {processor.py:914} INFO - Processing file /home/airflow/.local/lib/python3.12/site-packages/airflow/example_dags/example_latest_only_with_trigger.py for tasks to queue
[2024-11-19T03:56:57.400+0000] {logging_mixin.py:190} INFO - [2024-11-19T03:56:57.400+0000] {dagbag.py:588} INFO - Filling up the DagBag from /home/airflow/.local/lib/python3.12/site-packages/airflow/example_dags/example_latest_only_with_trigger.py
[2024-11-19T03:56:57.414+0000] {processor.py:925} INFO - DAG(s) 'latest_only_with_trigger' retrieved from /home/airflow/.local/lib/python3.12/site-packages/airflow/example_dags/example_latest_only_with_trigger.py
[2024-11-19T03:56:57.495+0000] {logging_mixin.py:190} INFO - [2024-11-19T03:56:57.494+0000] {dag.py:3239} INFO - Sync 1 DAGs
[2024-11-19T03:56:57.543+0000] {logging_mixin.py:190} INFO - [2024-11-19T03:56:57.543+0000] {dag.py:4180} INFO - Setting next_dagrun for latest_only_with_trigger to 2024-11-18 20:00:00+00:00, run_after=2024-11-19 00:00:00+00:00
[2024-11-19T03:56:57.578+0000] {processor.py:208} INFO - Processing /home/airflow/.local/lib/python3.12/site-packages/airflow/example_dags/example_latest_only_with_trigger.py took 0.192 seconds
[2024-11-19T03:57:27.816+0000] {processor.py:186} INFO - Started process (PID=891) to work on /home/airflow/.local/lib/python3.12/site-packages/airflow/example_dags/example_latest_only_with_trigger.py
[2024-11-19T03:57:27.817+0000] {processor.py:914} INFO - Processing file /home/airflow/.local/lib/python3.12/site-packages/airflow/example_dags/example_latest_only_with_trigger.py for tasks to queue
[2024-11-19T03:57:27.819+0000] {logging_mixin.py:190} INFO - [2024-11-19T03:57:27.819+0000] {dagbag.py:588} INFO - Filling up the DagBag from /home/airflow/.local/lib/python3.12/site-packages/airflow/example_dags/example_latest_only_with_trigger.py
[2024-11-19T03:57:27.825+0000] {processor.py:925} INFO - DAG(s) 'latest_only_with_trigger' retrieved from /home/airflow/.local/lib/python3.12/site-packages/airflow/example_dags/example_latest_only_with_trigger.py
[2024-11-19T03:57:27.841+0000] {logging_mixin.py:190} INFO - [2024-11-19T03:57:27.840+0000] {dag.py:3239} INFO - Sync 1 DAGs
[2024-11-19T03:57:27.858+0000] {logging_mixin.py:190} INFO - [2024-11-19T03:57:27.858+0000] {dag.py:4180} INFO - Setting next_dagrun for latest_only_with_trigger to 2024-11-18 20:00:00+00:00, run_after=2024-11-19 00:00:00+00:00
[2024-11-19T03:57:27.871+0000] {processor.py:208} INFO - Processing /home/airflow/.local/lib/python3.12/site-packages/airflow/example_dags/example_latest_only_with_trigger.py took 0.060 seconds
[2024-11-19T03:57:59.322+0000] {processor.py:186} INFO - Started process (PID=956) to work on /home/airflow/.local/lib/python3.12/site-packages/airflow/example_dags/example_latest_only_with_trigger.py
[2024-11-19T03:57:59.323+0000] {processor.py:914} INFO - Processing file /home/airflow/.local/lib/python3.12/site-packages/airflow/example_dags/example_latest_only_with_trigger.py for tasks to queue
[2024-11-19T03:57:59.325+0000] {logging_mixin.py:190} INFO - [2024-11-19T03:57:59.325+0000] {dagbag.py:588} INFO - Filling up the DagBag from /home/airflow/.local/lib/python3.12/site-packages/airflow/example_dags/example_latest_only_with_trigger.py
[2024-11-19T03:57:59.330+0000] {processor.py:925} INFO - DAG(s) 'latest_only_with_trigger' retrieved from /home/airflow/.local/lib/python3.12/site-packages/airflow/example_dags/example_latest_only_with_trigger.py
[2024-11-19T03:57:59.345+0000] {logging_mixin.py:190} INFO - [2024-11-19T03:57:59.345+0000] {dag.py:3239} INFO - Sync 1 DAGs
[2024-11-19T03:57:59.362+0000] {logging_mixin.py:190} INFO - [2024-11-19T03:57:59.362+0000] {dag.py:4180} INFO - Setting next_dagrun for latest_only_with_trigger to 2024-11-18 20:00:00+00:00, run_after=2024-11-19 00:00:00+00:00
[2024-11-19T03:57:59.375+0000] {processor.py:208} INFO - Processing /home/airflow/.local/lib/python3.12/site-packages/airflow/example_dags/example_latest_only_with_trigger.py took 0.057 seconds
[2024-11-19T03:58:30.616+0000] {processor.py:186} INFO - Started process (PID=1021) to work on /home/airflow/.local/lib/python3.12/site-packages/airflow/example_dags/example_latest_only_with_trigger.py
[2024-11-19T03:58:30.617+0000] {processor.py:914} INFO - Processing file /home/airflow/.local/lib/python3.12/site-packages/airflow/example_dags/example_latest_only_with_trigger.py for tasks to queue
[2024-11-19T03:58:30.619+0000] {logging_mixin.py:190} INFO - [2024-11-19T03:58:30.619+0000] {dagbag.py:588} INFO - Filling up the DagBag from /home/airflow/.local/lib/python3.12/site-packages/airflow/example_dags/example_latest_only_with_trigger.py
[2024-11-19T03:58:30.626+0000] {processor.py:925} INFO - DAG(s) 'latest_only_with_trigger' retrieved from /home/airflow/.local/lib/python3.12/site-packages/airflow/example_dags/example_latest_only_with_trigger.py
[2024-11-19T03:58:30.644+0000] {logging_mixin.py:190} INFO - [2024-11-19T03:58:30.644+0000] {dag.py:3239} INFO - Sync 1 DAGs
[2024-11-19T03:58:30.665+0000] {logging_mixin.py:190} INFO - [2024-11-19T03:58:30.665+0000] {dag.py:4180} INFO - Setting next_dagrun for latest_only_with_trigger to 2024-11-18 20:00:00+00:00, run_after=2024-11-19 00:00:00+00:00
[2024-11-19T03:58:30.681+0000] {processor.py:208} INFO - Processing /home/airflow/.local/lib/python3.12/site-packages/airflow/example_dags/example_latest_only_with_trigger.py took 0.069 seconds
[2024-11-19T03:59:01.829+0000] {processor.py:186} INFO - Started process (PID=1087) to work on /home/airflow/.local/lib/python3.12/site-packages/airflow/example_dags/example_latest_only_with_trigger.py
[2024-11-19T03:59:01.830+0000] {processor.py:914} INFO - Processing file /home/airflow/.local/lib/python3.12/site-packages/airflow/example_dags/example_latest_only_with_trigger.py for tasks to queue
[2024-11-19T03:59:01.832+0000] {logging_mixin.py:190} INFO - [2024-11-19T03:59:01.831+0000] {dagbag.py:588} INFO - Filling up the DagBag from /home/airflow/.local/lib/python3.12/site-packages/airflow/example_dags/example_latest_only_with_trigger.py
[2024-11-19T03:59:01.837+0000] {processor.py:925} INFO - DAG(s) 'latest_only_with_trigger' retrieved from /home/airflow/.local/lib/python3.12/site-packages/airflow/example_dags/example_latest_only_with_trigger.py
[2024-11-19T03:59:01.853+0000] {logging_mixin.py:190} INFO - [2024-11-19T03:59:01.853+0000] {dag.py:3239} INFO - Sync 1 DAGs
[2024-11-19T03:59:01.870+0000] {logging_mixin.py:190} INFO - [2024-11-19T03:59:01.869+0000] {dag.py:4180} INFO - Setting next_dagrun for latest_only_with_trigger to 2024-11-18 20:00:00+00:00, run_after=2024-11-19 00:00:00+00:00
[2024-11-19T03:59:01.882+0000] {processor.py:208} INFO - Processing /home/airflow/.local/lib/python3.12/site-packages/airflow/example_dags/example_latest_only_with_trigger.py took 0.058 seconds
[2024-11-19T03:59:32.420+0000] {processor.py:186} INFO - Started process (PID=1152) to work on /home/airflow/.local/lib/python3.12/site-packages/airflow/example_dags/example_latest_only_with_trigger.py
[2024-11-19T03:59:32.422+0000] {processor.py:914} INFO - Processing file /home/airflow/.local/lib/python3.12/site-packages/airflow/example_dags/example_latest_only_with_trigger.py for tasks to queue
[2024-11-19T03:59:32.423+0000] {logging_mixin.py:190} INFO - [2024-11-19T03:59:32.423+0000] {dagbag.py:588} INFO - Filling up the DagBag from /home/airflow/.local/lib/python3.12/site-packages/airflow/example_dags/example_latest_only_with_trigger.py
[2024-11-19T03:59:32.429+0000] {processor.py:925} INFO - DAG(s) 'latest_only_with_trigger' retrieved from /home/airflow/.local/lib/python3.12/site-packages/airflow/example_dags/example_latest_only_with_trigger.py
[2024-11-19T03:59:32.444+0000] {logging_mixin.py:190} INFO - [2024-11-19T03:59:32.444+0000] {dag.py:3239} INFO - Sync 1 DAGs
[2024-11-19T03:59:32.461+0000] {logging_mixin.py:190} INFO - [2024-11-19T03:59:32.461+0000] {dag.py:4180} INFO - Setting next_dagrun for latest_only_with_trigger to 2024-11-18 20:00:00+00:00, run_after=2024-11-19 00:00:00+00:00
[2024-11-19T03:59:32.475+0000] {processor.py:208} INFO - Processing /home/airflow/.local/lib/python3.12/site-packages/airflow/example_dags/example_latest_only_with_trigger.py took 0.060 seconds
[2024-11-19T04:00:03.805+0000] {processor.py:186} INFO - Started process (PID=1217) to work on /home/airflow/.local/lib/python3.12/site-packages/airflow/example_dags/example_latest_only_with_trigger.py
[2024-11-19T04:00:03.807+0000] {processor.py:914} INFO - Processing file /home/airflow/.local/lib/python3.12/site-packages/airflow/example_dags/example_latest_only_with_trigger.py for tasks to queue
[2024-11-19T04:00:03.809+0000] {logging_mixin.py:190} INFO - [2024-11-19T04:00:03.808+0000] {dagbag.py:588} INFO - Filling up the DagBag from /home/airflow/.local/lib/python3.12/site-packages/airflow/example_dags/example_latest_only_with_trigger.py
[2024-11-19T04:00:03.814+0000] {processor.py:925} INFO - DAG(s) 'latest_only_with_trigger' retrieved from /home/airflow/.local/lib/python3.12/site-packages/airflow/example_dags/example_latest_only_with_trigger.py
[2024-11-19T04:00:03.829+0000] {logging_mixin.py:190} INFO - [2024-11-19T04:00:03.829+0000] {dag.py:3239} INFO - Sync 1 DAGs
[2024-11-19T04:00:03.846+0000] {logging_mixin.py:190} INFO - [2024-11-19T04:00:03.846+0000] {dag.py:4180} INFO - Setting next_dagrun for latest_only_with_trigger to 2024-11-19 00:00:00+00:00, run_after=2024-11-19 04:00:00+00:00
[2024-11-19T04:00:03.859+0000] {processor.py:208} INFO - Processing /home/airflow/.local/lib/python3.12/site-packages/airflow/example_dags/example_latest_only_with_trigger.py took 0.058 seconds
[2024-11-19T04:00:35.124+0000] {processor.py:186} INFO - Started process (PID=1282) to work on /home/airflow/.local/lib/python3.12/site-packages/airflow/example_dags/example_latest_only_with_trigger.py
[2024-11-19T04:00:35.126+0000] {processor.py:914} INFO - Processing file /home/airflow/.local/lib/python3.12/site-packages/airflow/example_dags/example_latest_only_with_trigger.py for tasks to queue
[2024-11-19T04:00:35.128+0000] {logging_mixin.py:190} INFO - [2024-11-19T04:00:35.127+0000] {dagbag.py:588} INFO - Filling up the DagBag from /home/airflow/.local/lib/python3.12/site-packages/airflow/example_dags/example_latest_only_with_trigger.py
[2024-11-19T04:00:35.134+0000] {processor.py:925} INFO - DAG(s) 'latest_only_with_trigger' retrieved from /home/airflow/.local/lib/python3.12/site-packages/airflow/example_dags/example_latest_only_with_trigger.py
[2024-11-19T04:00:35.150+0000] {logging_mixin.py:190} INFO - [2024-11-19T04:00:35.150+0000] {dag.py:3239} INFO - Sync 1 DAGs
[2024-11-19T04:00:35.167+0000] {logging_mixin.py:190} INFO - [2024-11-19T04:00:35.167+0000] {dag.py:4180} INFO - Setting next_dagrun for latest_only_with_trigger to 2024-11-19 00:00:00+00:00, run_after=2024-11-19 04:00:00+00:00
[2024-11-19T04:00:35.184+0000] {processor.py:208} INFO - Processing /home/airflow/.local/lib/python3.12/site-packages/airflow/example_dags/example_latest_only_with_trigger.py took 0.063 seconds
[2024-11-19T04:01:05.669+0000] {processor.py:186} INFO - Started process (PID=1347) to work on /home/airflow/.local/lib/python3.12/site-packages/airflow/example_dags/example_latest_only_with_trigger.py
[2024-11-19T04:01:05.671+0000] {processor.py:914} INFO - Processing file /home/airflow/.local/lib/python3.12/site-packages/airflow/example_dags/example_latest_only_with_trigger.py for tasks to queue
[2024-11-19T04:01:05.673+0000] {logging_mixin.py:190} INFO - [2024-11-19T04:01:05.673+0000] {dagbag.py:588} INFO - Filling up the DagBag from /home/airflow/.local/lib/python3.12/site-packages/airflow/example_dags/example_latest_only_with_trigger.py
[2024-11-19T04:01:05.678+0000] {processor.py:925} INFO - DAG(s) 'latest_only_with_trigger' retrieved from /home/airflow/.local/lib/python3.12/site-packages/airflow/example_dags/example_latest_only_with_trigger.py
[2024-11-19T04:01:05.694+0000] {logging_mixin.py:190} INFO - [2024-11-19T04:01:05.694+0000] {dag.py:3239} INFO - Sync 1 DAGs
[2024-11-19T04:01:05.711+0000] {logging_mixin.py:190} INFO - [2024-11-19T04:01:05.711+0000] {dag.py:4180} INFO - Setting next_dagrun for latest_only_with_trigger to 2024-11-19 00:00:00+00:00, run_after=2024-11-19 04:00:00+00:00
[2024-11-19T04:01:05.724+0000] {processor.py:208} INFO - Processing /home/airflow/.local/lib/python3.12/site-packages/airflow/example_dags/example_latest_only_with_trigger.py took 0.059 seconds
[2024-11-19T04:01:36.985+0000] {processor.py:186} INFO - Started process (PID=1412) to work on /home/airflow/.local/lib/python3.12/site-packages/airflow/example_dags/example_latest_only_with_trigger.py
[2024-11-19T04:01:36.986+0000] {processor.py:914} INFO - Processing file /home/airflow/.local/lib/python3.12/site-packages/airflow/example_dags/example_latest_only_with_trigger.py for tasks to queue
[2024-11-19T04:01:36.988+0000] {logging_mixin.py:190} INFO - [2024-11-19T04:01:36.987+0000] {dagbag.py:588} INFO - Filling up the DagBag from /home/airflow/.local/lib/python3.12/site-packages/airflow/example_dags/example_latest_only_with_trigger.py
[2024-11-19T04:01:36.993+0000] {processor.py:925} INFO - DAG(s) 'latest_only_with_trigger' retrieved from /home/airflow/.local/lib/python3.12/site-packages/airflow/example_dags/example_latest_only_with_trigger.py
[2024-11-19T04:01:37.008+0000] {logging_mixin.py:190} INFO - [2024-11-19T04:01:37.008+0000] {dag.py:3239} INFO - Sync 1 DAGs
[2024-11-19T04:01:37.025+0000] {logging_mixin.py:190} INFO - [2024-11-19T04:01:37.025+0000] {dag.py:4180} INFO - Setting next_dagrun for latest_only_with_trigger to 2024-11-19 00:00:00+00:00, run_after=2024-11-19 04:00:00+00:00
[2024-11-19T04:01:37.039+0000] {processor.py:208} INFO - Processing /home/airflow/.local/lib/python3.12/site-packages/airflow/example_dags/example_latest_only_with_trigger.py took 0.058 seconds
[2024-11-19T04:02:09.143+0000] {processor.py:186} INFO - Started process (PID=1483) to work on /home/airflow/.local/lib/python3.12/site-packages/airflow/example_dags/example_latest_only_with_trigger.py
[2024-11-19T04:02:09.147+0000] {processor.py:914} INFO - Processing file /home/airflow/.local/lib/python3.12/site-packages/airflow/example_dags/example_latest_only_with_trigger.py for tasks to queue
[2024-11-19T04:02:09.152+0000] {logging_mixin.py:190} INFO - [2024-11-19T04:02:09.151+0000] {dagbag.py:588} INFO - Filling up the DagBag from /home/airflow/.local/lib/python3.12/site-packages/airflow/example_dags/example_latest_only_with_trigger.py
[2024-11-19T04:02:09.171+0000] {processor.py:925} INFO - DAG(s) 'latest_only_with_trigger' retrieved from /home/airflow/.local/lib/python3.12/site-packages/airflow/example_dags/example_latest_only_with_trigger.py
[2024-11-19T04:02:09.284+0000] {logging_mixin.py:190} INFO - [2024-11-19T04:02:09.283+0000] {dag.py:3239} INFO - Sync 1 DAGs
[2024-11-19T04:02:09.379+0000] {logging_mixin.py:190} INFO - [2024-11-19T04:02:09.379+0000] {dag.py:4180} INFO - Setting next_dagrun for latest_only_with_trigger to 2024-11-19 00:00:00+00:00, run_after=2024-11-19 04:00:00+00:00
[2024-11-19T04:02:09.438+0000] {processor.py:208} INFO - Processing /home/airflow/.local/lib/python3.12/site-packages/airflow/example_dags/example_latest_only_with_trigger.py took 0.315 seconds
[2024-11-19T04:07:12.612+0000] {processor.py:186} INFO - Started process (PID=1542) to work on /home/airflow/.local/lib/python3.12/site-packages/airflow/example_dags/example_latest_only_with_trigger.py
[2024-11-19T04:07:12.613+0000] {processor.py:914} INFO - Processing file /home/airflow/.local/lib/python3.12/site-packages/airflow/example_dags/example_latest_only_with_trigger.py for tasks to queue
[2024-11-19T04:07:12.615+0000] {logging_mixin.py:190} INFO - [2024-11-19T04:07:12.615+0000] {dagbag.py:588} INFO - Filling up the DagBag from /home/airflow/.local/lib/python3.12/site-packages/airflow/example_dags/example_latest_only_with_trigger.py
[2024-11-19T04:07:12.623+0000] {processor.py:925} INFO - DAG(s) 'latest_only_with_trigger' retrieved from /home/airflow/.local/lib/python3.12/site-packages/airflow/example_dags/example_latest_only_with_trigger.py
[2024-11-19T04:07:12.645+0000] {logging_mixin.py:190} INFO - [2024-11-19T04:07:12.644+0000] {dag.py:3239} INFO - Sync 1 DAGs
[2024-11-19T04:07:12.674+0000] {logging_mixin.py:190} INFO - [2024-11-19T04:07:12.674+0000] {dag.py:4180} INFO - Setting next_dagrun for latest_only_with_trigger to 2024-11-19 00:00:00+00:00, run_after=2024-11-19 04:00:00+00:00
[2024-11-19T04:07:12.708+0000] {processor.py:208} INFO - Processing /home/airflow/.local/lib/python3.12/site-packages/airflow/example_dags/example_latest_only_with_trigger.py took 0.102 seconds
[2024-11-19T04:07:44.225+0000] {processor.py:186} INFO - Started process (PID=1606) to work on /home/airflow/.local/lib/python3.12/site-packages/airflow/example_dags/example_latest_only_with_trigger.py
[2024-11-19T04:07:44.228+0000] {processor.py:914} INFO - Processing file /home/airflow/.local/lib/python3.12/site-packages/airflow/example_dags/example_latest_only_with_trigger.py for tasks to queue
[2024-11-19T04:07:44.234+0000] {logging_mixin.py:190} INFO - [2024-11-19T04:07:44.233+0000] {dagbag.py:588} INFO - Filling up the DagBag from /home/airflow/.local/lib/python3.12/site-packages/airflow/example_dags/example_latest_only_with_trigger.py
[2024-11-19T04:07:44.249+0000] {processor.py:925} INFO - DAG(s) 'latest_only_with_trigger' retrieved from /home/airflow/.local/lib/python3.12/site-packages/airflow/example_dags/example_latest_only_with_trigger.py
[2024-11-19T04:07:44.281+0000] {logging_mixin.py:190} INFO - [2024-11-19T04:07:44.281+0000] {dag.py:3239} INFO - Sync 1 DAGs
[2024-11-19T04:07:44.312+0000] {logging_mixin.py:190} INFO - [2024-11-19T04:07:44.311+0000] {dag.py:4180} INFO - Setting next_dagrun for latest_only_with_trigger to 2024-11-19 00:00:00+00:00, run_after=2024-11-19 04:00:00+00:00
[2024-11-19T04:07:44.334+0000] {processor.py:208} INFO - Processing /home/airflow/.local/lib/python3.12/site-packages/airflow/example_dags/example_latest_only_with_trigger.py took 0.118 seconds
[2024-11-19T04:08:15.550+0000] {processor.py:186} INFO - Started process (PID=1671) to work on /home/airflow/.local/lib/python3.12/site-packages/airflow/example_dags/example_latest_only_with_trigger.py
[2024-11-19T04:08:15.551+0000] {processor.py:914} INFO - Processing file /home/airflow/.local/lib/python3.12/site-packages/airflow/example_dags/example_latest_only_with_trigger.py for tasks to queue
[2024-11-19T04:08:15.554+0000] {logging_mixin.py:190} INFO - [2024-11-19T04:08:15.554+0000] {dagbag.py:588} INFO - Filling up the DagBag from /home/airflow/.local/lib/python3.12/site-packages/airflow/example_dags/example_latest_only_with_trigger.py
[2024-11-19T04:08:15.574+0000] {processor.py:925} INFO - DAG(s) 'latest_only_with_trigger' retrieved from /home/airflow/.local/lib/python3.12/site-packages/airflow/example_dags/example_latest_only_with_trigger.py
[2024-11-19T04:08:15.596+0000] {logging_mixin.py:190} INFO - [2024-11-19T04:08:15.596+0000] {dag.py:3239} INFO - Sync 1 DAGs
[2024-11-19T04:08:15.626+0000] {logging_mixin.py:190} INFO - [2024-11-19T04:08:15.624+0000] {dag.py:4180} INFO - Setting next_dagrun for latest_only_with_trigger to 2024-11-19 00:00:00+00:00, run_after=2024-11-19 04:00:00+00:00
[2024-11-19T04:08:15.647+0000] {processor.py:208} INFO - Processing /home/airflow/.local/lib/python3.12/site-packages/airflow/example_dags/example_latest_only_with_trigger.py took 0.104 seconds
[2024-11-19T04:08:46.874+0000] {processor.py:186} INFO - Started process (PID=1736) to work on /home/airflow/.local/lib/python3.12/site-packages/airflow/example_dags/example_latest_only_with_trigger.py
[2024-11-19T04:08:46.876+0000] {processor.py:914} INFO - Processing file /home/airflow/.local/lib/python3.12/site-packages/airflow/example_dags/example_latest_only_with_trigger.py for tasks to queue
[2024-11-19T04:08:46.878+0000] {logging_mixin.py:190} INFO - [2024-11-19T04:08:46.878+0000] {dagbag.py:588} INFO - Filling up the DagBag from /home/airflow/.local/lib/python3.12/site-packages/airflow/example_dags/example_latest_only_with_trigger.py
[2024-11-19T04:08:46.886+0000] {processor.py:925} INFO - DAG(s) 'latest_only_with_trigger' retrieved from /home/airflow/.local/lib/python3.12/site-packages/airflow/example_dags/example_latest_only_with_trigger.py
[2024-11-19T04:08:46.909+0000] {logging_mixin.py:190} INFO - [2024-11-19T04:08:46.909+0000] {dag.py:3239} INFO - Sync 1 DAGs
[2024-11-19T04:08:46.937+0000] {logging_mixin.py:190} INFO - [2024-11-19T04:08:46.937+0000] {dag.py:4180} INFO - Setting next_dagrun for latest_only_with_trigger to 2024-11-19 00:00:00+00:00, run_after=2024-11-19 04:00:00+00:00
[2024-11-19T04:08:46.960+0000] {processor.py:208} INFO - Processing /home/airflow/.local/lib/python3.12/site-packages/airflow/example_dags/example_latest_only_with_trigger.py took 0.094 seconds
[2024-11-19T04:09:17.839+0000] {processor.py:186} INFO - Started process (PID=1801) to work on /home/airflow/.local/lib/python3.12/site-packages/airflow/example_dags/example_latest_only_with_trigger.py
[2024-11-19T04:09:17.841+0000] {processor.py:914} INFO - Processing file /home/airflow/.local/lib/python3.12/site-packages/airflow/example_dags/example_latest_only_with_trigger.py for tasks to queue
[2024-11-19T04:09:17.844+0000] {logging_mixin.py:190} INFO - [2024-11-19T04:09:17.843+0000] {dagbag.py:588} INFO - Filling up the DagBag from /home/airflow/.local/lib/python3.12/site-packages/airflow/example_dags/example_latest_only_with_trigger.py
[2024-11-19T04:09:17.851+0000] {processor.py:925} INFO - DAG(s) 'latest_only_with_trigger' retrieved from /home/airflow/.local/lib/python3.12/site-packages/airflow/example_dags/example_latest_only_with_trigger.py
[2024-11-19T04:09:17.872+0000] {logging_mixin.py:190} INFO - [2024-11-19T04:09:17.872+0000] {dag.py:3239} INFO - Sync 1 DAGs
[2024-11-19T04:09:17.902+0000] {logging_mixin.py:190} INFO - [2024-11-19T04:09:17.901+0000] {dag.py:4180} INFO - Setting next_dagrun for latest_only_with_trigger to 2024-11-19 00:00:00+00:00, run_after=2024-11-19 04:00:00+00:00
[2024-11-19T04:09:17.920+0000] {processor.py:208} INFO - Processing /home/airflow/.local/lib/python3.12/site-packages/airflow/example_dags/example_latest_only_with_trigger.py took 0.092 seconds
[2024-11-19T04:09:49.341+0000] {processor.py:186} INFO - Started process (PID=1866) to work on /home/airflow/.local/lib/python3.12/site-packages/airflow/example_dags/example_latest_only_with_trigger.py
[2024-11-19T04:09:49.342+0000] {processor.py:914} INFO - Processing file /home/airflow/.local/lib/python3.12/site-packages/airflow/example_dags/example_latest_only_with_trigger.py for tasks to queue
[2024-11-19T04:09:49.345+0000] {logging_mixin.py:190} INFO - [2024-11-19T04:09:49.344+0000] {dagbag.py:588} INFO - Filling up the DagBag from /home/airflow/.local/lib/python3.12/site-packages/airflow/example_dags/example_latest_only_with_trigger.py
[2024-11-19T04:09:49.352+0000] {processor.py:925} INFO - DAG(s) 'latest_only_with_trigger' retrieved from /home/airflow/.local/lib/python3.12/site-packages/airflow/example_dags/example_latest_only_with_trigger.py
[2024-11-19T04:09:49.372+0000] {logging_mixin.py:190} INFO - [2024-11-19T04:09:49.372+0000] {dag.py:3239} INFO - Sync 1 DAGs
[2024-11-19T04:09:49.405+0000] {logging_mixin.py:190} INFO - [2024-11-19T04:09:49.404+0000] {dag.py:4180} INFO - Setting next_dagrun for latest_only_with_trigger to 2024-11-19 00:00:00+00:00, run_after=2024-11-19 04:00:00+00:00
[2024-11-19T04:09:49.435+0000] {processor.py:208} INFO - Processing /home/airflow/.local/lib/python3.12/site-packages/airflow/example_dags/example_latest_only_with_trigger.py took 0.099 seconds
[2024-11-19T04:10:20.552+0000] {processor.py:186} INFO - Started process (PID=1931) to work on /home/airflow/.local/lib/python3.12/site-packages/airflow/example_dags/example_latest_only_with_trigger.py
[2024-11-19T04:10:20.554+0000] {processor.py:914} INFO - Processing file /home/airflow/.local/lib/python3.12/site-packages/airflow/example_dags/example_latest_only_with_trigger.py for tasks to queue
[2024-11-19T04:10:20.563+0000] {logging_mixin.py:190} INFO - [2024-11-19T04:10:20.563+0000] {dagbag.py:588} INFO - Filling up the DagBag from /home/airflow/.local/lib/python3.12/site-packages/airflow/example_dags/example_latest_only_with_trigger.py
[2024-11-19T04:10:20.573+0000] {processor.py:925} INFO - DAG(s) 'latest_only_with_trigger' retrieved from /home/airflow/.local/lib/python3.12/site-packages/airflow/example_dags/example_latest_only_with_trigger.py
[2024-11-19T04:10:20.624+0000] {logging_mixin.py:190} INFO - [2024-11-19T04:10:20.624+0000] {dag.py:3239} INFO - Sync 1 DAGs
[2024-11-19T04:10:20.660+0000] {logging_mixin.py:190} INFO - [2024-11-19T04:10:20.659+0000] {dag.py:4180} INFO - Setting next_dagrun for latest_only_with_trigger to 2024-11-19 00:00:00+00:00, run_after=2024-11-19 04:00:00+00:00
[2024-11-19T04:10:20.683+0000] {processor.py:208} INFO - Processing /home/airflow/.local/lib/python3.12/site-packages/airflow/example_dags/example_latest_only_with_trigger.py took 0.142 seconds
[2024-11-19T04:10:51.476+0000] {processor.py:186} INFO - Started process (PID=1996) to work on /home/airflow/.local/lib/python3.12/site-packages/airflow/example_dags/example_latest_only_with_trigger.py
[2024-11-19T04:10:51.477+0000] {processor.py:914} INFO - Processing file /home/airflow/.local/lib/python3.12/site-packages/airflow/example_dags/example_latest_only_with_trigger.py for tasks to queue
[2024-11-19T04:10:51.480+0000] {logging_mixin.py:190} INFO - [2024-11-19T04:10:51.479+0000] {dagbag.py:588} INFO - Filling up the DagBag from /home/airflow/.local/lib/python3.12/site-packages/airflow/example_dags/example_latest_only_with_trigger.py
[2024-11-19T04:10:51.489+0000] {processor.py:925} INFO - DAG(s) 'latest_only_with_trigger' retrieved from /home/airflow/.local/lib/python3.12/site-packages/airflow/example_dags/example_latest_only_with_trigger.py
[2024-11-19T04:10:51.511+0000] {logging_mixin.py:190} INFO - [2024-11-19T04:10:51.511+0000] {dag.py:3239} INFO - Sync 1 DAGs
[2024-11-19T04:10:51.537+0000] {logging_mixin.py:190} INFO - [2024-11-19T04:10:51.537+0000] {dag.py:4180} INFO - Setting next_dagrun for latest_only_with_trigger to 2024-11-19 00:00:00+00:00, run_after=2024-11-19 04:00:00+00:00
[2024-11-19T04:10:51.558+0000] {processor.py:208} INFO - Processing /home/airflow/.local/lib/python3.12/site-packages/airflow/example_dags/example_latest_only_with_trigger.py took 0.089 seconds
[2024-11-19T04:23:27.984+0000] {processor.py:186} INFO - Started process (PID=2062) to work on /home/airflow/.local/lib/python3.12/site-packages/airflow/example_dags/example_latest_only_with_trigger.py
[2024-11-19T04:23:27.985+0000] {processor.py:914} INFO - Processing file /home/airflow/.local/lib/python3.12/site-packages/airflow/example_dags/example_latest_only_with_trigger.py for tasks to queue
[2024-11-19T04:23:27.988+0000] {logging_mixin.py:190} INFO - [2024-11-19T04:23:27.987+0000] {dagbag.py:588} INFO - Filling up the DagBag from /home/airflow/.local/lib/python3.12/site-packages/airflow/example_dags/example_latest_only_with_trigger.py
[2024-11-19T04:23:27.996+0000] {processor.py:925} INFO - DAG(s) 'latest_only_with_trigger' retrieved from /home/airflow/.local/lib/python3.12/site-packages/airflow/example_dags/example_latest_only_with_trigger.py
[2024-11-19T04:23:28.019+0000] {logging_mixin.py:190} INFO - [2024-11-19T04:23:28.019+0000] {dag.py:3239} INFO - Sync 1 DAGs
[2024-11-19T04:23:28.050+0000] {logging_mixin.py:190} INFO - [2024-11-19T04:23:28.050+0000] {dag.py:4180} INFO - Setting next_dagrun for latest_only_with_trigger to 2024-11-19 00:00:00+00:00, run_after=2024-11-19 04:00:00+00:00
[2024-11-19T04:23:28.070+0000] {processor.py:208} INFO - Processing /home/airflow/.local/lib/python3.12/site-packages/airflow/example_dags/example_latest_only_with_trigger.py took 0.092 seconds
[2024-11-19T04:23:59.089+0000] {processor.py:186} INFO - Started process (PID=2127) to work on /home/airflow/.local/lib/python3.12/site-packages/airflow/example_dags/example_latest_only_with_trigger.py
[2024-11-19T04:23:59.090+0000] {processor.py:914} INFO - Processing file /home/airflow/.local/lib/python3.12/site-packages/airflow/example_dags/example_latest_only_with_trigger.py for tasks to queue
[2024-11-19T04:23:59.093+0000] {logging_mixin.py:190} INFO - [2024-11-19T04:23:59.092+0000] {dagbag.py:588} INFO - Filling up the DagBag from /home/airflow/.local/lib/python3.12/site-packages/airflow/example_dags/example_latest_only_with_trigger.py
[2024-11-19T04:23:59.101+0000] {processor.py:925} INFO - DAG(s) 'latest_only_with_trigger' retrieved from /home/airflow/.local/lib/python3.12/site-packages/airflow/example_dags/example_latest_only_with_trigger.py
[2024-11-19T04:23:59.122+0000] {logging_mixin.py:190} INFO - [2024-11-19T04:23:59.122+0000] {dag.py:3239} INFO - Sync 1 DAGs
[2024-11-19T04:23:59.151+0000] {logging_mixin.py:190} INFO - [2024-11-19T04:23:59.150+0000] {dag.py:4180} INFO - Setting next_dagrun for latest_only_with_trigger to 2024-11-19 00:00:00+00:00, run_after=2024-11-19 04:00:00+00:00
[2024-11-19T04:23:59.179+0000] {processor.py:208} INFO - Processing /home/airflow/.local/lib/python3.12/site-packages/airflow/example_dags/example_latest_only_with_trigger.py took 0.098 seconds
[2024-11-19T04:24:31.196+0000] {processor.py:186} INFO - Started process (PID=2191) to work on /home/airflow/.local/lib/python3.12/site-packages/airflow/example_dags/example_latest_only_with_trigger.py
[2024-11-19T04:24:31.197+0000] {processor.py:914} INFO - Processing file /home/airflow/.local/lib/python3.12/site-packages/airflow/example_dags/example_latest_only_with_trigger.py for tasks to queue
[2024-11-19T04:24:31.200+0000] {logging_mixin.py:190} INFO - [2024-11-19T04:24:31.199+0000] {dagbag.py:588} INFO - Filling up the DagBag from /home/airflow/.local/lib/python3.12/site-packages/airflow/example_dags/example_latest_only_with_trigger.py
[2024-11-19T04:24:31.210+0000] {processor.py:925} INFO - DAG(s) 'latest_only_with_trigger' retrieved from /home/airflow/.local/lib/python3.12/site-packages/airflow/example_dags/example_latest_only_with_trigger.py
[2024-11-19T04:24:31.235+0000] {logging_mixin.py:190} INFO - [2024-11-19T04:24:31.235+0000] {dag.py:3239} INFO - Sync 1 DAGs
[2024-11-19T04:24:31.267+0000] {logging_mixin.py:190} INFO - [2024-11-19T04:24:31.267+0000] {dag.py:4180} INFO - Setting next_dagrun for latest_only_with_trigger to 2024-11-19 00:00:00+00:00, run_after=2024-11-19 04:00:00+00:00
[2024-11-19T04:24:31.292+0000] {processor.py:208} INFO - Processing /home/airflow/.local/lib/python3.12/site-packages/airflow/example_dags/example_latest_only_with_trigger.py took 0.104 seconds
