[2024-11-19T03:51:18.717+0000] {processor.py:186} INFO - Started process (PID=117) to work on /home/airflow/.local/lib/python3.12/site-packages/airflow/example_dags/example_branch_operator.py
[2024-11-19T03:51:18.718+0000] {processor.py:914} INFO - Processing file /home/airflow/.local/lib/python3.12/site-packages/airflow/example_dags/example_branch_operator.py for tasks to queue
[2024-11-19T03:51:18.721+0000] {logging_mixin.py:190} INFO - [2024-11-19T03:51:18.721+0000] {dagbag.py:588} INFO - Filling up the DagBag from /home/airflow/.local/lib/python3.12/site-packages/airflow/example_dags/example_branch_operator.py
[2024-11-19T03:51:18.743+0000] {processor.py:925} INFO - DAG(s) 'example_branch_operator' retrieved from /home/airflow/.local/lib/python3.12/site-packages/airflow/example_dags/example_branch_operator.py
[2024-11-19T03:51:18.876+0000] {logging_mixin.py:190} INFO - [2024-11-19T03:51:18.876+0000] {override.py:1911} INFO - Created Permission View: can read on DAG:example_branch_operator
[2024-11-19T03:51:18.885+0000] {logging_mixin.py:190} INFO - [2024-11-19T03:51:18.885+0000] {override.py:1911} INFO - Created Permission View: can edit on DAG:example_branch_operator
[2024-11-19T03:51:18.892+0000] {logging_mixin.py:190} INFO - [2024-11-19T03:51:18.892+0000] {override.py:1911} INFO - Created Permission View: can delete on DAG:example_branch_operator
[2024-11-19T03:51:18.902+0000] {logging_mixin.py:190} INFO - [2024-11-19T03:51:18.902+0000] {override.py:1911} INFO - Created Permission View: can read on DAG Run:example_branch_operator
[2024-11-19T03:51:18.916+0000] {logging_mixin.py:190} INFO - [2024-11-19T03:51:18.915+0000] {override.py:1911} INFO - Created Permission View: menu access on DAG Run:example_branch_operator
[2024-11-19T03:51:18.930+0000] {logging_mixin.py:190} INFO - [2024-11-19T03:51:18.929+0000] {override.py:1911} INFO - Created Permission View: can create on DAG Run:example_branch_operator
[2024-11-19T03:51:18.945+0000] {logging_mixin.py:190} INFO - [2024-11-19T03:51:18.945+0000] {override.py:1911} INFO - Created Permission View: can delete on DAG Run:example_branch_operator
[2024-11-19T03:51:18.946+0000] {logging_mixin.py:190} INFO - [2024-11-19T03:51:18.946+0000] {dag.py:3239} INFO - Sync 1 DAGs
[2024-11-19T03:51:18.970+0000] {logging_mixin.py:190} INFO - [2024-11-19T03:51:18.970+0000] {dag.py:3262} INFO - Creating ORM DAG for example_branch_operator
[2024-11-19T03:51:18.983+0000] {logging_mixin.py:190} INFO - [2024-11-19T03:51:18.983+0000] {dag.py:4180} INFO - Setting next_dagrun for example_branch_operator to 2024-11-18 00:00:00+00:00, run_after=2024-11-19 00:00:00+00:00
[2024-11-19T03:51:19.014+0000] {processor.py:208} INFO - Processing /home/airflow/.local/lib/python3.12/site-packages/airflow/example_dags/example_branch_operator.py took 0.301 seconds
[2024-11-19T03:51:49.101+0000] {processor.py:186} INFO - Started process (PID=181) to work on /home/airflow/.local/lib/python3.12/site-packages/airflow/example_dags/example_branch_operator.py
[2024-11-19T03:51:49.102+0000] {processor.py:914} INFO - Processing file /home/airflow/.local/lib/python3.12/site-packages/airflow/example_dags/example_branch_operator.py for tasks to queue
[2024-11-19T03:51:49.105+0000] {logging_mixin.py:190} INFO - [2024-11-19T03:51:49.104+0000] {dagbag.py:588} INFO - Filling up the DagBag from /home/airflow/.local/lib/python3.12/site-packages/airflow/example_dags/example_branch_operator.py
[2024-11-19T03:51:49.121+0000] {processor.py:925} INFO - DAG(s) 'example_branch_operator' retrieved from /home/airflow/.local/lib/python3.12/site-packages/airflow/example_dags/example_branch_operator.py
[2024-11-19T03:51:49.143+0000] {logging_mixin.py:190} INFO - [2024-11-19T03:51:49.143+0000] {dag.py:3239} INFO - Sync 1 DAGs
[2024-11-19T03:51:49.161+0000] {logging_mixin.py:190} INFO - [2024-11-19T03:51:49.161+0000] {dag.py:4180} INFO - Setting next_dagrun for example_branch_operator to 2024-11-18 00:00:00+00:00, run_after=2024-11-19 00:00:00+00:00
[2024-11-19T03:51:49.175+0000] {processor.py:208} INFO - Processing /home/airflow/.local/lib/python3.12/site-packages/airflow/example_dags/example_branch_operator.py took 0.078 seconds
[2024-11-19T03:52:19.400+0000] {processor.py:186} INFO - Started process (PID=245) to work on /home/airflow/.local/lib/python3.12/site-packages/airflow/example_dags/example_branch_operator.py
[2024-11-19T03:52:19.401+0000] {processor.py:914} INFO - Processing file /home/airflow/.local/lib/python3.12/site-packages/airflow/example_dags/example_branch_operator.py for tasks to queue
[2024-11-19T03:52:19.405+0000] {logging_mixin.py:190} INFO - [2024-11-19T03:52:19.404+0000] {dagbag.py:588} INFO - Filling up the DagBag from /home/airflow/.local/lib/python3.12/site-packages/airflow/example_dags/example_branch_operator.py
[2024-11-19T03:52:19.428+0000] {processor.py:925} INFO - DAG(s) 'example_branch_operator' retrieved from /home/airflow/.local/lib/python3.12/site-packages/airflow/example_dags/example_branch_operator.py
[2024-11-19T03:52:19.456+0000] {logging_mixin.py:190} INFO - [2024-11-19T03:52:19.456+0000] {dag.py:3239} INFO - Sync 1 DAGs
[2024-11-19T03:52:19.476+0000] {logging_mixin.py:190} INFO - [2024-11-19T03:52:19.476+0000] {dag.py:4180} INFO - Setting next_dagrun for example_branch_operator to 2024-11-18 00:00:00+00:00, run_after=2024-11-19 00:00:00+00:00
[2024-11-19T03:52:19.491+0000] {processor.py:208} INFO - Processing /home/airflow/.local/lib/python3.12/site-packages/airflow/example_dags/example_branch_operator.py took 0.097 seconds
[2024-11-19T03:52:49.920+0000] {processor.py:186} INFO - Started process (PID=309) to work on /home/airflow/.local/lib/python3.12/site-packages/airflow/example_dags/example_branch_operator.py
[2024-11-19T03:52:49.921+0000] {processor.py:914} INFO - Processing file /home/airflow/.local/lib/python3.12/site-packages/airflow/example_dags/example_branch_operator.py for tasks to queue
[2024-11-19T03:52:49.923+0000] {logging_mixin.py:190} INFO - [2024-11-19T03:52:49.923+0000] {dagbag.py:588} INFO - Filling up the DagBag from /home/airflow/.local/lib/python3.12/site-packages/airflow/example_dags/example_branch_operator.py
[2024-11-19T03:52:49.937+0000] {processor.py:925} INFO - DAG(s) 'example_branch_operator' retrieved from /home/airflow/.local/lib/python3.12/site-packages/airflow/example_dags/example_branch_operator.py
[2024-11-19T03:52:49.961+0000] {logging_mixin.py:190} INFO - [2024-11-19T03:52:49.961+0000] {dag.py:3239} INFO - Sync 1 DAGs
[2024-11-19T03:52:49.979+0000] {logging_mixin.py:190} INFO - [2024-11-19T03:52:49.979+0000] {dag.py:4180} INFO - Setting next_dagrun for example_branch_operator to 2024-11-18 00:00:00+00:00, run_after=2024-11-19 00:00:00+00:00
[2024-11-19T03:52:49.992+0000] {processor.py:208} INFO - Processing /home/airflow/.local/lib/python3.12/site-packages/airflow/example_dags/example_branch_operator.py took 0.076 seconds
[2024-11-19T03:53:20.548+0000] {processor.py:186} INFO - Started process (PID=373) to work on /home/airflow/.local/lib/python3.12/site-packages/airflow/example_dags/example_branch_operator.py
[2024-11-19T03:53:20.548+0000] {processor.py:914} INFO - Processing file /home/airflow/.local/lib/python3.12/site-packages/airflow/example_dags/example_branch_operator.py for tasks to queue
[2024-11-19T03:53:20.550+0000] {logging_mixin.py:190} INFO - [2024-11-19T03:53:20.550+0000] {dagbag.py:588} INFO - Filling up the DagBag from /home/airflow/.local/lib/python3.12/site-packages/airflow/example_dags/example_branch_operator.py
[2024-11-19T03:53:20.564+0000] {processor.py:925} INFO - DAG(s) 'example_branch_operator' retrieved from /home/airflow/.local/lib/python3.12/site-packages/airflow/example_dags/example_branch_operator.py
[2024-11-19T03:53:20.586+0000] {logging_mixin.py:190} INFO - [2024-11-19T03:53:20.586+0000] {dag.py:3239} INFO - Sync 1 DAGs
[2024-11-19T03:53:20.605+0000] {logging_mixin.py:190} INFO - [2024-11-19T03:53:20.605+0000] {dag.py:4180} INFO - Setting next_dagrun for example_branch_operator to 2024-11-18 00:00:00+00:00, run_after=2024-11-19 00:00:00+00:00
[2024-11-19T03:53:20.621+0000] {processor.py:208} INFO - Processing /home/airflow/.local/lib/python3.12/site-packages/airflow/example_dags/example_branch_operator.py took 0.077 seconds
[2024-11-19T03:53:51.092+0000] {processor.py:186} INFO - Started process (PID=437) to work on /home/airflow/.local/lib/python3.12/site-packages/airflow/example_dags/example_branch_operator.py
[2024-11-19T03:53:51.093+0000] {processor.py:914} INFO - Processing file /home/airflow/.local/lib/python3.12/site-packages/airflow/example_dags/example_branch_operator.py for tasks to queue
[2024-11-19T03:53:51.094+0000] {logging_mixin.py:190} INFO - [2024-11-19T03:53:51.094+0000] {dagbag.py:588} INFO - Filling up the DagBag from /home/airflow/.local/lib/python3.12/site-packages/airflow/example_dags/example_branch_operator.py
[2024-11-19T03:53:51.107+0000] {processor.py:925} INFO - DAG(s) 'example_branch_operator' retrieved from /home/airflow/.local/lib/python3.12/site-packages/airflow/example_dags/example_branch_operator.py
[2024-11-19T03:53:51.127+0000] {logging_mixin.py:190} INFO - [2024-11-19T03:53:51.127+0000] {dag.py:3239} INFO - Sync 1 DAGs
[2024-11-19T03:53:51.145+0000] {logging_mixin.py:190} INFO - [2024-11-19T03:53:51.145+0000] {dag.py:4180} INFO - Setting next_dagrun for example_branch_operator to 2024-11-18 00:00:00+00:00, run_after=2024-11-19 00:00:00+00:00
[2024-11-19T03:53:51.160+0000] {processor.py:208} INFO - Processing /home/airflow/.local/lib/python3.12/site-packages/airflow/example_dags/example_branch_operator.py took 0.072 seconds
[2024-11-19T03:54:21.510+0000] {processor.py:186} INFO - Started process (PID=501) to work on /home/airflow/.local/lib/python3.12/site-packages/airflow/example_dags/example_branch_operator.py
[2024-11-19T03:54:21.511+0000] {processor.py:914} INFO - Processing file /home/airflow/.local/lib/python3.12/site-packages/airflow/example_dags/example_branch_operator.py for tasks to queue
[2024-11-19T03:54:21.514+0000] {logging_mixin.py:190} INFO - [2024-11-19T03:54:21.514+0000] {dagbag.py:588} INFO - Filling up the DagBag from /home/airflow/.local/lib/python3.12/site-packages/airflow/example_dags/example_branch_operator.py
[2024-11-19T03:54:21.585+0000] {processor.py:925} INFO - DAG(s) 'example_branch_operator' retrieved from /home/airflow/.local/lib/python3.12/site-packages/airflow/example_dags/example_branch_operator.py
[2024-11-19T03:54:21.649+0000] {logging_mixin.py:190} INFO - [2024-11-19T03:54:21.648+0000] {dag.py:3239} INFO - Sync 1 DAGs
[2024-11-19T03:54:21.698+0000] {logging_mixin.py:190} INFO - [2024-11-19T03:54:21.698+0000] {dag.py:4180} INFO - Setting next_dagrun for example_branch_operator to 2024-11-18 00:00:00+00:00, run_after=2024-11-19 00:00:00+00:00
[2024-11-19T03:54:21.724+0000] {processor.py:208} INFO - Processing /home/airflow/.local/lib/python3.12/site-packages/airflow/example_dags/example_branch_operator.py took 0.221 seconds
[2024-11-19T03:54:52.931+0000] {processor.py:186} INFO - Started process (PID=565) to work on /home/airflow/.local/lib/python3.12/site-packages/airflow/example_dags/example_branch_operator.py
[2024-11-19T03:54:52.933+0000] {processor.py:914} INFO - Processing file /home/airflow/.local/lib/python3.12/site-packages/airflow/example_dags/example_branch_operator.py for tasks to queue
[2024-11-19T03:54:52.936+0000] {logging_mixin.py:190} INFO - [2024-11-19T03:54:52.936+0000] {dagbag.py:588} INFO - Filling up the DagBag from /home/airflow/.local/lib/python3.12/site-packages/airflow/example_dags/example_branch_operator.py
[2024-11-19T03:54:52.960+0000] {processor.py:925} INFO - DAG(s) 'example_branch_operator' retrieved from /home/airflow/.local/lib/python3.12/site-packages/airflow/example_dags/example_branch_operator.py
[2024-11-19T03:54:52.988+0000] {logging_mixin.py:190} INFO - [2024-11-19T03:54:52.988+0000] {dag.py:3239} INFO - Sync 1 DAGs
[2024-11-19T03:54:53.013+0000] {logging_mixin.py:190} INFO - [2024-11-19T03:54:53.013+0000] {dag.py:4180} INFO - Setting next_dagrun for example_branch_operator to 2024-11-18 00:00:00+00:00, run_after=2024-11-19 00:00:00+00:00
[2024-11-19T03:54:53.041+0000] {processor.py:208} INFO - Processing /home/airflow/.local/lib/python3.12/site-packages/airflow/example_dags/example_branch_operator.py took 0.117 seconds
[2024-11-19T03:55:23.243+0000] {processor.py:186} INFO - Started process (PID=629) to work on /home/airflow/.local/lib/python3.12/site-packages/airflow/example_dags/example_branch_operator.py
[2024-11-19T03:55:23.244+0000] {processor.py:914} INFO - Processing file /home/airflow/.local/lib/python3.12/site-packages/airflow/example_dags/example_branch_operator.py for tasks to queue
[2024-11-19T03:55:23.246+0000] {logging_mixin.py:190} INFO - [2024-11-19T03:55:23.246+0000] {dagbag.py:588} INFO - Filling up the DagBag from /home/airflow/.local/lib/python3.12/site-packages/airflow/example_dags/example_branch_operator.py
[2024-11-19T03:55:23.258+0000] {processor.py:925} INFO - DAG(s) 'example_branch_operator' retrieved from /home/airflow/.local/lib/python3.12/site-packages/airflow/example_dags/example_branch_operator.py
[2024-11-19T03:55:23.276+0000] {logging_mixin.py:190} INFO - [2024-11-19T03:55:23.276+0000] {dag.py:3239} INFO - Sync 1 DAGs
[2024-11-19T03:55:23.296+0000] {logging_mixin.py:190} INFO - [2024-11-19T03:55:23.296+0000] {dag.py:4180} INFO - Setting next_dagrun for example_branch_operator to 2024-11-18 00:00:00+00:00, run_after=2024-11-19 00:00:00+00:00
[2024-11-19T03:55:23.311+0000] {processor.py:208} INFO - Processing /home/airflow/.local/lib/python3.12/site-packages/airflow/example_dags/example_branch_operator.py took 0.073 seconds
[2024-11-19T03:55:54.642+0000] {processor.py:186} INFO - Started process (PID=693) to work on /home/airflow/.local/lib/python3.12/site-packages/airflow/example_dags/example_branch_operator.py
[2024-11-19T03:55:54.643+0000] {processor.py:914} INFO - Processing file /home/airflow/.local/lib/python3.12/site-packages/airflow/example_dags/example_branch_operator.py for tasks to queue
[2024-11-19T03:55:54.645+0000] {logging_mixin.py:190} INFO - [2024-11-19T03:55:54.645+0000] {dagbag.py:588} INFO - Filling up the DagBag from /home/airflow/.local/lib/python3.12/site-packages/airflow/example_dags/example_branch_operator.py
[2024-11-19T03:55:54.667+0000] {processor.py:925} INFO - DAG(s) 'example_branch_operator' retrieved from /home/airflow/.local/lib/python3.12/site-packages/airflow/example_dags/example_branch_operator.py
[2024-11-19T03:55:54.692+0000] {logging_mixin.py:190} INFO - [2024-11-19T03:55:54.691+0000] {dag.py:3239} INFO - Sync 1 DAGs
[2024-11-19T03:55:54.711+0000] {logging_mixin.py:190} INFO - [2024-11-19T03:55:54.711+0000] {dag.py:4180} INFO - Setting next_dagrun for example_branch_operator to 2024-11-18 00:00:00+00:00, run_after=2024-11-19 00:00:00+00:00
[2024-11-19T03:55:54.729+0000] {processor.py:208} INFO - Processing /home/airflow/.local/lib/python3.12/site-packages/airflow/example_dags/example_branch_operator.py took 0.094 seconds
[2024-11-19T03:56:26.428+0000] {processor.py:186} INFO - Started process (PID=758) to work on /home/airflow/.local/lib/python3.12/site-packages/airflow/example_dags/example_branch_operator.py
[2024-11-19T03:56:26.429+0000] {processor.py:914} INFO - Processing file /home/airflow/.local/lib/python3.12/site-packages/airflow/example_dags/example_branch_operator.py for tasks to queue
[2024-11-19T03:56:26.431+0000] {logging_mixin.py:190} INFO - [2024-11-19T03:56:26.431+0000] {dagbag.py:588} INFO - Filling up the DagBag from /home/airflow/.local/lib/python3.12/site-packages/airflow/example_dags/example_branch_operator.py
[2024-11-19T03:56:26.448+0000] {processor.py:925} INFO - DAG(s) 'example_branch_operator' retrieved from /home/airflow/.local/lib/python3.12/site-packages/airflow/example_dags/example_branch_operator.py
[2024-11-19T03:56:26.477+0000] {logging_mixin.py:190} INFO - [2024-11-19T03:56:26.476+0000] {dag.py:3239} INFO - Sync 1 DAGs
[2024-11-19T03:56:26.500+0000] {logging_mixin.py:190} INFO - [2024-11-19T03:56:26.500+0000] {dag.py:4180} INFO - Setting next_dagrun for example_branch_operator to 2024-11-18 00:00:00+00:00, run_after=2024-11-19 00:00:00+00:00
[2024-11-19T03:56:26.517+0000] {processor.py:208} INFO - Processing /home/airflow/.local/lib/python3.12/site-packages/airflow/example_dags/example_branch_operator.py took 0.093 seconds
[2024-11-19T03:57:01.310+0000] {processor.py:186} INFO - Started process (PID=827) to work on /home/airflow/.local/lib/python3.12/site-packages/airflow/example_dags/example_branch_operator.py
[2024-11-19T03:57:01.312+0000] {processor.py:914} INFO - Processing file /home/airflow/.local/lib/python3.12/site-packages/airflow/example_dags/example_branch_operator.py for tasks to queue
[2024-11-19T03:57:01.315+0000] {logging_mixin.py:190} INFO - [2024-11-19T03:57:01.315+0000] {dagbag.py:588} INFO - Filling up the DagBag from /home/airflow/.local/lib/python3.12/site-packages/airflow/example_dags/example_branch_operator.py
[2024-11-19T03:57:01.347+0000] {processor.py:925} INFO - DAG(s) 'example_branch_operator' retrieved from /home/airflow/.local/lib/python3.12/site-packages/airflow/example_dags/example_branch_operator.py
[2024-11-19T03:57:01.390+0000] {logging_mixin.py:190} INFO - [2024-11-19T03:57:01.389+0000] {dag.py:3239} INFO - Sync 1 DAGs
[2024-11-19T03:57:01.496+0000] {logging_mixin.py:190} INFO - [2024-11-19T03:57:01.495+0000] {dag.py:4180} INFO - Setting next_dagrun for example_branch_operator to 2024-11-18 00:00:00+00:00, run_after=2024-11-19 00:00:00+00:00
[2024-11-19T03:57:01.575+0000] {processor.py:208} INFO - Processing /home/airflow/.local/lib/python3.12/site-packages/airflow/example_dags/example_branch_operator.py took 0.272 seconds
[2024-11-19T03:57:31.668+0000] {processor.py:186} INFO - Started process (PID=914) to work on /home/airflow/.local/lib/python3.12/site-packages/airflow/example_dags/example_branch_operator.py
[2024-11-19T03:57:31.669+0000] {processor.py:914} INFO - Processing file /home/airflow/.local/lib/python3.12/site-packages/airflow/example_dags/example_branch_operator.py for tasks to queue
[2024-11-19T03:57:31.672+0000] {logging_mixin.py:190} INFO - [2024-11-19T03:57:31.672+0000] {dagbag.py:588} INFO - Filling up the DagBag from /home/airflow/.local/lib/python3.12/site-packages/airflow/example_dags/example_branch_operator.py
[2024-11-19T03:57:31.688+0000] {processor.py:925} INFO - DAG(s) 'example_branch_operator' retrieved from /home/airflow/.local/lib/python3.12/site-packages/airflow/example_dags/example_branch_operator.py
[2024-11-19T03:57:31.713+0000] {logging_mixin.py:190} INFO - [2024-11-19T03:57:31.712+0000] {dag.py:3239} INFO - Sync 1 DAGs
[2024-11-19T03:57:31.731+0000] {logging_mixin.py:190} INFO - [2024-11-19T03:57:31.730+0000] {dag.py:4180} INFO - Setting next_dagrun for example_branch_operator to 2024-11-18 00:00:00+00:00, run_after=2024-11-19 00:00:00+00:00
[2024-11-19T03:57:31.745+0000] {processor.py:208} INFO - Processing /home/airflow/.local/lib/python3.12/site-packages/airflow/example_dags/example_branch_operator.py took 0.083 seconds
[2024-11-19T03:58:01.836+0000] {processor.py:186} INFO - Started process (PID=979) to work on /home/airflow/.local/lib/python3.12/site-packages/airflow/example_dags/example_branch_operator.py
[2024-11-19T03:58:01.837+0000] {processor.py:914} INFO - Processing file /home/airflow/.local/lib/python3.12/site-packages/airflow/example_dags/example_branch_operator.py for tasks to queue
[2024-11-19T03:58:01.839+0000] {logging_mixin.py:190} INFO - [2024-11-19T03:58:01.839+0000] {dagbag.py:588} INFO - Filling up the DagBag from /home/airflow/.local/lib/python3.12/site-packages/airflow/example_dags/example_branch_operator.py
[2024-11-19T03:58:01.851+0000] {processor.py:925} INFO - DAG(s) 'example_branch_operator' retrieved from /home/airflow/.local/lib/python3.12/site-packages/airflow/example_dags/example_branch_operator.py
[2024-11-19T03:58:01.871+0000] {logging_mixin.py:190} INFO - [2024-11-19T03:58:01.871+0000] {dag.py:3239} INFO - Sync 1 DAGs
[2024-11-19T03:58:01.888+0000] {logging_mixin.py:190} INFO - [2024-11-19T03:58:01.888+0000] {dag.py:4180} INFO - Setting next_dagrun for example_branch_operator to 2024-11-18 00:00:00+00:00, run_after=2024-11-19 00:00:00+00:00
[2024-11-19T03:58:01.900+0000] {processor.py:208} INFO - Processing /home/airflow/.local/lib/python3.12/site-packages/airflow/example_dags/example_branch_operator.py took 0.068 seconds
[2024-11-19T03:58:32.771+0000] {processor.py:186} INFO - Started process (PID=1044) to work on /home/airflow/.local/lib/python3.12/site-packages/airflow/example_dags/example_branch_operator.py
[2024-11-19T03:58:32.772+0000] {processor.py:914} INFO - Processing file /home/airflow/.local/lib/python3.12/site-packages/airflow/example_dags/example_branch_operator.py for tasks to queue
[2024-11-19T03:58:32.775+0000] {logging_mixin.py:190} INFO - [2024-11-19T03:58:32.774+0000] {dagbag.py:588} INFO - Filling up the DagBag from /home/airflow/.local/lib/python3.12/site-packages/airflow/example_dags/example_branch_operator.py
[2024-11-19T03:58:32.788+0000] {processor.py:925} INFO - DAG(s) 'example_branch_operator' retrieved from /home/airflow/.local/lib/python3.12/site-packages/airflow/example_dags/example_branch_operator.py
[2024-11-19T03:58:32.811+0000] {logging_mixin.py:190} INFO - [2024-11-19T03:58:32.811+0000] {dag.py:3239} INFO - Sync 1 DAGs
[2024-11-19T03:58:32.829+0000] {logging_mixin.py:190} INFO - [2024-11-19T03:58:32.829+0000] {dag.py:4180} INFO - Setting next_dagrun for example_branch_operator to 2024-11-18 00:00:00+00:00, run_after=2024-11-19 00:00:00+00:00
[2024-11-19T03:58:32.845+0000] {processor.py:208} INFO - Processing /home/airflow/.local/lib/python3.12/site-packages/airflow/example_dags/example_branch_operator.py took 0.078 seconds
[2024-11-19T03:59:03.368+0000] {processor.py:186} INFO - Started process (PID=1110) to work on /home/airflow/.local/lib/python3.12/site-packages/airflow/example_dags/example_branch_operator.py
[2024-11-19T03:59:03.369+0000] {processor.py:914} INFO - Processing file /home/airflow/.local/lib/python3.12/site-packages/airflow/example_dags/example_branch_operator.py for tasks to queue
[2024-11-19T03:59:03.371+0000] {logging_mixin.py:190} INFO - [2024-11-19T03:59:03.370+0000] {dagbag.py:588} INFO - Filling up the DagBag from /home/airflow/.local/lib/python3.12/site-packages/airflow/example_dags/example_branch_operator.py
[2024-11-19T03:59:03.383+0000] {processor.py:925} INFO - DAG(s) 'example_branch_operator' retrieved from /home/airflow/.local/lib/python3.12/site-packages/airflow/example_dags/example_branch_operator.py
[2024-11-19T03:59:03.403+0000] {logging_mixin.py:190} INFO - [2024-11-19T03:59:03.403+0000] {dag.py:3239} INFO - Sync 1 DAGs
[2024-11-19T03:59:03.420+0000] {logging_mixin.py:190} INFO - [2024-11-19T03:59:03.419+0000] {dag.py:4180} INFO - Setting next_dagrun for example_branch_operator to 2024-11-18 00:00:00+00:00, run_after=2024-11-19 00:00:00+00:00
[2024-11-19T03:59:03.434+0000] {processor.py:208} INFO - Processing /home/airflow/.local/lib/python3.12/site-packages/airflow/example_dags/example_branch_operator.py took 0.070 seconds
[2024-11-19T03:59:33.728+0000] {processor.py:186} INFO - Started process (PID=1175) to work on /home/airflow/.local/lib/python3.12/site-packages/airflow/example_dags/example_branch_operator.py
[2024-11-19T03:59:33.729+0000] {processor.py:914} INFO - Processing file /home/airflow/.local/lib/python3.12/site-packages/airflow/example_dags/example_branch_operator.py for tasks to queue
[2024-11-19T03:59:33.731+0000] {logging_mixin.py:190} INFO - [2024-11-19T03:59:33.731+0000] {dagbag.py:588} INFO - Filling up the DagBag from /home/airflow/.local/lib/python3.12/site-packages/airflow/example_dags/example_branch_operator.py
[2024-11-19T03:59:33.744+0000] {processor.py:925} INFO - DAG(s) 'example_branch_operator' retrieved from /home/airflow/.local/lib/python3.12/site-packages/airflow/example_dags/example_branch_operator.py
[2024-11-19T03:59:33.765+0000] {logging_mixin.py:190} INFO - [2024-11-19T03:59:33.764+0000] {dag.py:3239} INFO - Sync 1 DAGs
[2024-11-19T03:59:33.783+0000] {logging_mixin.py:190} INFO - [2024-11-19T03:59:33.783+0000] {dag.py:4180} INFO - Setting next_dagrun for example_branch_operator to 2024-11-18 00:00:00+00:00, run_after=2024-11-19 00:00:00+00:00
[2024-11-19T03:59:33.801+0000] {processor.py:208} INFO - Processing /home/airflow/.local/lib/python3.12/site-packages/airflow/example_dags/example_branch_operator.py took 0.077 seconds
[2024-11-19T04:00:05.246+0000] {processor.py:186} INFO - Started process (PID=1240) to work on /home/airflow/.local/lib/python3.12/site-packages/airflow/example_dags/example_branch_operator.py
[2024-11-19T04:00:05.248+0000] {processor.py:914} INFO - Processing file /home/airflow/.local/lib/python3.12/site-packages/airflow/example_dags/example_branch_operator.py for tasks to queue
[2024-11-19T04:00:05.249+0000] {logging_mixin.py:190} INFO - [2024-11-19T04:00:05.249+0000] {dagbag.py:588} INFO - Filling up the DagBag from /home/airflow/.local/lib/python3.12/site-packages/airflow/example_dags/example_branch_operator.py
[2024-11-19T04:00:05.262+0000] {processor.py:925} INFO - DAG(s) 'example_branch_operator' retrieved from /home/airflow/.local/lib/python3.12/site-packages/airflow/example_dags/example_branch_operator.py
[2024-11-19T04:00:05.283+0000] {logging_mixin.py:190} INFO - [2024-11-19T04:00:05.283+0000] {dag.py:3239} INFO - Sync 1 DAGs
[2024-11-19T04:00:05.302+0000] {logging_mixin.py:190} INFO - [2024-11-19T04:00:05.302+0000] {dag.py:4180} INFO - Setting next_dagrun for example_branch_operator to 2024-11-18 00:00:00+00:00, run_after=2024-11-19 00:00:00+00:00
[2024-11-19T04:00:05.315+0000] {processor.py:208} INFO - Processing /home/airflow/.local/lib/python3.12/site-packages/airflow/example_dags/example_branch_operator.py took 0.073 seconds
[2024-11-19T04:00:36.679+0000] {processor.py:186} INFO - Started process (PID=1305) to work on /home/airflow/.local/lib/python3.12/site-packages/airflow/example_dags/example_branch_operator.py
[2024-11-19T04:00:36.680+0000] {processor.py:914} INFO - Processing file /home/airflow/.local/lib/python3.12/site-packages/airflow/example_dags/example_branch_operator.py for tasks to queue
[2024-11-19T04:00:36.682+0000] {logging_mixin.py:190} INFO - [2024-11-19T04:00:36.682+0000] {dagbag.py:588} INFO - Filling up the DagBag from /home/airflow/.local/lib/python3.12/site-packages/airflow/example_dags/example_branch_operator.py
[2024-11-19T04:00:36.695+0000] {processor.py:925} INFO - DAG(s) 'example_branch_operator' retrieved from /home/airflow/.local/lib/python3.12/site-packages/airflow/example_dags/example_branch_operator.py
[2024-11-19T04:00:36.715+0000] {logging_mixin.py:190} INFO - [2024-11-19T04:00:36.715+0000] {dag.py:3239} INFO - Sync 1 DAGs
[2024-11-19T04:00:36.732+0000] {logging_mixin.py:190} INFO - [2024-11-19T04:00:36.732+0000] {dag.py:4180} INFO - Setting next_dagrun for example_branch_operator to 2024-11-18 00:00:00+00:00, run_after=2024-11-19 00:00:00+00:00
[2024-11-19T04:00:36.747+0000] {processor.py:208} INFO - Processing /home/airflow/.local/lib/python3.12/site-packages/airflow/example_dags/example_branch_operator.py took 0.071 seconds
[2024-11-19T04:01:07.287+0000] {processor.py:186} INFO - Started process (PID=1370) to work on /home/airflow/.local/lib/python3.12/site-packages/airflow/example_dags/example_branch_operator.py
[2024-11-19T04:01:07.288+0000] {processor.py:914} INFO - Processing file /home/airflow/.local/lib/python3.12/site-packages/airflow/example_dags/example_branch_operator.py for tasks to queue
[2024-11-19T04:01:07.290+0000] {logging_mixin.py:190} INFO - [2024-11-19T04:01:07.290+0000] {dagbag.py:588} INFO - Filling up the DagBag from /home/airflow/.local/lib/python3.12/site-packages/airflow/example_dags/example_branch_operator.py
[2024-11-19T04:01:07.302+0000] {processor.py:925} INFO - DAG(s) 'example_branch_operator' retrieved from /home/airflow/.local/lib/python3.12/site-packages/airflow/example_dags/example_branch_operator.py
[2024-11-19T04:01:07.323+0000] {logging_mixin.py:190} INFO - [2024-11-19T04:01:07.322+0000] {dag.py:3239} INFO - Sync 1 DAGs
[2024-11-19T04:01:07.339+0000] {logging_mixin.py:190} INFO - [2024-11-19T04:01:07.339+0000] {dag.py:4180} INFO - Setting next_dagrun for example_branch_operator to 2024-11-18 00:00:00+00:00, run_after=2024-11-19 00:00:00+00:00
[2024-11-19T04:01:07.354+0000] {processor.py:208} INFO - Processing /home/airflow/.local/lib/python3.12/site-packages/airflow/example_dags/example_branch_operator.py took 0.070 seconds
[2024-11-19T04:01:38.654+0000] {processor.py:186} INFO - Started process (PID=1441) to work on /home/airflow/.local/lib/python3.12/site-packages/airflow/example_dags/example_branch_operator.py
[2024-11-19T04:01:38.655+0000] {processor.py:914} INFO - Processing file /home/airflow/.local/lib/python3.12/site-packages/airflow/example_dags/example_branch_operator.py for tasks to queue
[2024-11-19T04:01:38.656+0000] {logging_mixin.py:190} INFO - [2024-11-19T04:01:38.656+0000] {dagbag.py:588} INFO - Filling up the DagBag from /home/airflow/.local/lib/python3.12/site-packages/airflow/example_dags/example_branch_operator.py
[2024-11-19T04:01:38.669+0000] {processor.py:925} INFO - DAG(s) 'example_branch_operator' retrieved from /home/airflow/.local/lib/python3.12/site-packages/airflow/example_dags/example_branch_operator.py
[2024-11-19T04:01:38.690+0000] {logging_mixin.py:190} INFO - [2024-11-19T04:01:38.690+0000] {dag.py:3239} INFO - Sync 1 DAGs
[2024-11-19T04:01:38.707+0000] {logging_mixin.py:190} INFO - [2024-11-19T04:01:38.707+0000] {dag.py:4180} INFO - Setting next_dagrun for example_branch_operator to 2024-11-18 00:00:00+00:00, run_after=2024-11-19 00:00:00+00:00
[2024-11-19T04:01:38.722+0000] {processor.py:208} INFO - Processing /home/airflow/.local/lib/python3.12/site-packages/airflow/example_dags/example_branch_operator.py took 0.073 seconds
[2024-11-19T04:02:11.319+0000] {processor.py:186} INFO - Started process (PID=1506) to work on /home/airflow/.local/lib/python3.12/site-packages/airflow/example_dags/example_branch_operator.py
[2024-11-19T04:02:11.320+0000] {processor.py:914} INFO - Processing file /home/airflow/.local/lib/python3.12/site-packages/airflow/example_dags/example_branch_operator.py for tasks to queue
[2024-11-19T04:02:11.322+0000] {logging_mixin.py:190} INFO - [2024-11-19T04:02:11.322+0000] {dagbag.py:588} INFO - Filling up the DagBag from /home/airflow/.local/lib/python3.12/site-packages/airflow/example_dags/example_branch_operator.py
[2024-11-19T04:02:11.336+0000] {processor.py:925} INFO - DAG(s) 'example_branch_operator' retrieved from /home/airflow/.local/lib/python3.12/site-packages/airflow/example_dags/example_branch_operator.py
[2024-11-19T04:02:11.359+0000] {logging_mixin.py:190} INFO - [2024-11-19T04:02:11.359+0000] {dag.py:3239} INFO - Sync 1 DAGs
[2024-11-19T04:02:11.384+0000] {logging_mixin.py:190} INFO - [2024-11-19T04:02:11.383+0000] {dag.py:4180} INFO - Setting next_dagrun for example_branch_operator to 2024-11-18 00:00:00+00:00, run_after=2024-11-19 00:00:00+00:00
[2024-11-19T04:02:11.402+0000] {processor.py:208} INFO - Processing /home/airflow/.local/lib/python3.12/site-packages/airflow/example_dags/example_branch_operator.py took 0.087 seconds
[2024-11-19T04:07:14.822+0000] {processor.py:186} INFO - Started process (PID=1564) to work on /home/airflow/.local/lib/python3.12/site-packages/airflow/example_dags/example_branch_operator.py
[2024-11-19T04:07:14.825+0000] {processor.py:914} INFO - Processing file /home/airflow/.local/lib/python3.12/site-packages/airflow/example_dags/example_branch_operator.py for tasks to queue
[2024-11-19T04:07:14.829+0000] {logging_mixin.py:190} INFO - [2024-11-19T04:07:14.829+0000] {dagbag.py:588} INFO - Filling up the DagBag from /home/airflow/.local/lib/python3.12/site-packages/airflow/example_dags/example_branch_operator.py
[2024-11-19T04:07:14.863+0000] {processor.py:925} INFO - DAG(s) 'example_branch_operator' retrieved from /home/airflow/.local/lib/python3.12/site-packages/airflow/example_dags/example_branch_operator.py
[2024-11-19T04:07:14.921+0000] {logging_mixin.py:190} INFO - [2024-11-19T04:07:14.920+0000] {dag.py:3239} INFO - Sync 1 DAGs
[2024-11-19T04:07:14.966+0000] {logging_mixin.py:190} INFO - [2024-11-19T04:07:14.966+0000] {dag.py:4180} INFO - Setting next_dagrun for example_branch_operator to 2024-11-18 00:00:00+00:00, run_after=2024-11-19 00:00:00+00:00
[2024-11-19T04:07:14.995+0000] {processor.py:208} INFO - Processing /home/airflow/.local/lib/python3.12/site-packages/airflow/example_dags/example_branch_operator.py took 0.190 seconds
[2024-11-19T04:07:46.835+0000] {processor.py:186} INFO - Started process (PID=1629) to work on /home/airflow/.local/lib/python3.12/site-packages/airflow/example_dags/example_branch_operator.py
[2024-11-19T04:07:46.837+0000] {processor.py:914} INFO - Processing file /home/airflow/.local/lib/python3.12/site-packages/airflow/example_dags/example_branch_operator.py for tasks to queue
[2024-11-19T04:07:46.839+0000] {logging_mixin.py:190} INFO - [2024-11-19T04:07:46.839+0000] {dagbag.py:588} INFO - Filling up the DagBag from /home/airflow/.local/lib/python3.12/site-packages/airflow/example_dags/example_branch_operator.py
[2024-11-19T04:07:46.863+0000] {processor.py:925} INFO - DAG(s) 'example_branch_operator' retrieved from /home/airflow/.local/lib/python3.12/site-packages/airflow/example_dags/example_branch_operator.py
[2024-11-19T04:07:46.897+0000] {logging_mixin.py:190} INFO - [2024-11-19T04:07:46.896+0000] {dag.py:3239} INFO - Sync 1 DAGs
[2024-11-19T04:07:46.925+0000] {logging_mixin.py:190} INFO - [2024-11-19T04:07:46.924+0000] {dag.py:4180} INFO - Setting next_dagrun for example_branch_operator to 2024-11-18 00:00:00+00:00, run_after=2024-11-19 00:00:00+00:00
[2024-11-19T04:07:46.949+0000] {processor.py:208} INFO - Processing /home/airflow/.local/lib/python3.12/site-packages/airflow/example_dags/example_branch_operator.py took 0.121 seconds
[2024-11-19T04:08:18.099+0000] {processor.py:186} INFO - Started process (PID=1694) to work on /home/airflow/.local/lib/python3.12/site-packages/airflow/example_dags/example_branch_operator.py
[2024-11-19T04:08:18.101+0000] {processor.py:914} INFO - Processing file /home/airflow/.local/lib/python3.12/site-packages/airflow/example_dags/example_branch_operator.py for tasks to queue
[2024-11-19T04:08:18.103+0000] {logging_mixin.py:190} INFO - [2024-11-19T04:08:18.103+0000] {dagbag.py:588} INFO - Filling up the DagBag from /home/airflow/.local/lib/python3.12/site-packages/airflow/example_dags/example_branch_operator.py
[2024-11-19T04:08:18.123+0000] {processor.py:925} INFO - DAG(s) 'example_branch_operator' retrieved from /home/airflow/.local/lib/python3.12/site-packages/airflow/example_dags/example_branch_operator.py
[2024-11-19T04:08:18.155+0000] {logging_mixin.py:190} INFO - [2024-11-19T04:08:18.155+0000] {dag.py:3239} INFO - Sync 1 DAGs
[2024-11-19T04:08:18.182+0000] {logging_mixin.py:190} INFO - [2024-11-19T04:08:18.182+0000] {dag.py:4180} INFO - Setting next_dagrun for example_branch_operator to 2024-11-18 00:00:00+00:00, run_after=2024-11-19 00:00:00+00:00
[2024-11-19T04:08:18.205+0000] {processor.py:208} INFO - Processing /home/airflow/.local/lib/python3.12/site-packages/airflow/example_dags/example_branch_operator.py took 0.111 seconds
[2024-11-19T04:08:49.376+0000] {processor.py:186} INFO - Started process (PID=1759) to work on /home/airflow/.local/lib/python3.12/site-packages/airflow/example_dags/example_branch_operator.py
[2024-11-19T04:08:49.377+0000] {processor.py:914} INFO - Processing file /home/airflow/.local/lib/python3.12/site-packages/airflow/example_dags/example_branch_operator.py for tasks to queue
[2024-11-19T04:08:49.380+0000] {logging_mixin.py:190} INFO - [2024-11-19T04:08:49.379+0000] {dagbag.py:588} INFO - Filling up the DagBag from /home/airflow/.local/lib/python3.12/site-packages/airflow/example_dags/example_branch_operator.py
[2024-11-19T04:08:49.399+0000] {processor.py:925} INFO - DAG(s) 'example_branch_operator' retrieved from /home/airflow/.local/lib/python3.12/site-packages/airflow/example_dags/example_branch_operator.py
[2024-11-19T04:08:49.435+0000] {logging_mixin.py:190} INFO - [2024-11-19T04:08:49.434+0000] {dag.py:3239} INFO - Sync 1 DAGs
[2024-11-19T04:08:49.463+0000] {logging_mixin.py:190} INFO - [2024-11-19T04:08:49.463+0000] {dag.py:4180} INFO - Setting next_dagrun for example_branch_operator to 2024-11-18 00:00:00+00:00, run_after=2024-11-19 00:00:00+00:00
[2024-11-19T04:08:49.485+0000] {processor.py:208} INFO - Processing /home/airflow/.local/lib/python3.12/site-packages/airflow/example_dags/example_branch_operator.py took 0.116 seconds
[2024-11-19T04:09:20.009+0000] {processor.py:186} INFO - Started process (PID=1824) to work on /home/airflow/.local/lib/python3.12/site-packages/airflow/example_dags/example_branch_operator.py
[2024-11-19T04:09:20.010+0000] {processor.py:914} INFO - Processing file /home/airflow/.local/lib/python3.12/site-packages/airflow/example_dags/example_branch_operator.py for tasks to queue
[2024-11-19T04:09:20.012+0000] {logging_mixin.py:190} INFO - [2024-11-19T04:09:20.012+0000] {dagbag.py:588} INFO - Filling up the DagBag from /home/airflow/.local/lib/python3.12/site-packages/airflow/example_dags/example_branch_operator.py
[2024-11-19T04:09:20.031+0000] {processor.py:925} INFO - DAG(s) 'example_branch_operator' retrieved from /home/airflow/.local/lib/python3.12/site-packages/airflow/example_dags/example_branch_operator.py
[2024-11-19T04:09:20.060+0000] {logging_mixin.py:190} INFO - [2024-11-19T04:09:20.060+0000] {dag.py:3239} INFO - Sync 1 DAGs
[2024-11-19T04:09:20.085+0000] {logging_mixin.py:190} INFO - [2024-11-19T04:09:20.085+0000] {dag.py:4180} INFO - Setting next_dagrun for example_branch_operator to 2024-11-18 00:00:00+00:00, run_after=2024-11-19 00:00:00+00:00
[2024-11-19T04:09:20.120+0000] {processor.py:208} INFO - Processing /home/airflow/.local/lib/python3.12/site-packages/airflow/example_dags/example_branch_operator.py took 0.117 seconds
[2024-11-19T04:09:51.936+0000] {processor.py:186} INFO - Started process (PID=1889) to work on /home/airflow/.local/lib/python3.12/site-packages/airflow/example_dags/example_branch_operator.py
[2024-11-19T04:09:51.937+0000] {processor.py:914} INFO - Processing file /home/airflow/.local/lib/python3.12/site-packages/airflow/example_dags/example_branch_operator.py for tasks to queue
[2024-11-19T04:09:51.940+0000] {logging_mixin.py:190} INFO - [2024-11-19T04:09:51.940+0000] {dagbag.py:588} INFO - Filling up the DagBag from /home/airflow/.local/lib/python3.12/site-packages/airflow/example_dags/example_branch_operator.py
[2024-11-19T04:09:51.960+0000] {processor.py:925} INFO - DAG(s) 'example_branch_operator' retrieved from /home/airflow/.local/lib/python3.12/site-packages/airflow/example_dags/example_branch_operator.py
[2024-11-19T04:09:51.999+0000] {logging_mixin.py:190} INFO - [2024-11-19T04:09:51.999+0000] {dag.py:3239} INFO - Sync 1 DAGs
[2024-11-19T04:09:52.030+0000] {logging_mixin.py:190} INFO - [2024-11-19T04:09:52.030+0000] {dag.py:4180} INFO - Setting next_dagrun for example_branch_operator to 2024-11-18 00:00:00+00:00, run_after=2024-11-19 00:00:00+00:00
[2024-11-19T04:09:52.050+0000] {processor.py:208} INFO - Processing /home/airflow/.local/lib/python3.12/site-packages/airflow/example_dags/example_branch_operator.py took 0.120 seconds
[2024-11-19T04:10:22.760+0000] {processor.py:186} INFO - Started process (PID=1954) to work on /home/airflow/.local/lib/python3.12/site-packages/airflow/example_dags/example_branch_operator.py
[2024-11-19T04:10:22.761+0000] {processor.py:914} INFO - Processing file /home/airflow/.local/lib/python3.12/site-packages/airflow/example_dags/example_branch_operator.py for tasks to queue
[2024-11-19T04:10:22.763+0000] {logging_mixin.py:190} INFO - [2024-11-19T04:10:22.763+0000] {dagbag.py:588} INFO - Filling up the DagBag from /home/airflow/.local/lib/python3.12/site-packages/airflow/example_dags/example_branch_operator.py
[2024-11-19T04:10:22.786+0000] {processor.py:925} INFO - DAG(s) 'example_branch_operator' retrieved from /home/airflow/.local/lib/python3.12/site-packages/airflow/example_dags/example_branch_operator.py
[2024-11-19T04:10:22.821+0000] {logging_mixin.py:190} INFO - [2024-11-19T04:10:22.821+0000] {dag.py:3239} INFO - Sync 1 DAGs
[2024-11-19T04:10:22.849+0000] {logging_mixin.py:190} INFO - [2024-11-19T04:10:22.848+0000] {dag.py:4180} INFO - Setting next_dagrun for example_branch_operator to 2024-11-18 00:00:00+00:00, run_after=2024-11-19 00:00:00+00:00
[2024-11-19T04:10:22.866+0000] {processor.py:208} INFO - Processing /home/airflow/.local/lib/python3.12/site-packages/airflow/example_dags/example_branch_operator.py took 0.114 seconds
[2024-11-19T04:10:53.742+0000] {processor.py:186} INFO - Started process (PID=2019) to work on /home/airflow/.local/lib/python3.12/site-packages/airflow/example_dags/example_branch_operator.py
[2024-11-19T04:10:53.743+0000] {processor.py:914} INFO - Processing file /home/airflow/.local/lib/python3.12/site-packages/airflow/example_dags/example_branch_operator.py for tasks to queue
[2024-11-19T04:10:53.746+0000] {logging_mixin.py:190} INFO - [2024-11-19T04:10:53.745+0000] {dagbag.py:588} INFO - Filling up the DagBag from /home/airflow/.local/lib/python3.12/site-packages/airflow/example_dags/example_branch_operator.py
[2024-11-19T04:10:53.764+0000] {processor.py:925} INFO - DAG(s) 'example_branch_operator' retrieved from /home/airflow/.local/lib/python3.12/site-packages/airflow/example_dags/example_branch_operator.py
[2024-11-19T04:10:53.792+0000] {logging_mixin.py:190} INFO - [2024-11-19T04:10:53.792+0000] {dag.py:3239} INFO - Sync 1 DAGs
[2024-11-19T04:10:53.817+0000] {logging_mixin.py:190} INFO - [2024-11-19T04:10:53.817+0000] {dag.py:4180} INFO - Setting next_dagrun for example_branch_operator to 2024-11-18 00:00:00+00:00, run_after=2024-11-19 00:00:00+00:00
[2024-11-19T04:10:53.840+0000] {processor.py:208} INFO - Processing /home/airflow/.local/lib/python3.12/site-packages/airflow/example_dags/example_branch_operator.py took 0.105 seconds
[2024-11-19T04:23:30.584+0000] {processor.py:186} INFO - Started process (PID=2084) to work on /home/airflow/.local/lib/python3.12/site-packages/airflow/example_dags/example_branch_operator.py
[2024-11-19T04:23:30.585+0000] {processor.py:914} INFO - Processing file /home/airflow/.local/lib/python3.12/site-packages/airflow/example_dags/example_branch_operator.py for tasks to queue
[2024-11-19T04:23:30.589+0000] {logging_mixin.py:190} INFO - [2024-11-19T04:23:30.588+0000] {dagbag.py:588} INFO - Filling up the DagBag from /home/airflow/.local/lib/python3.12/site-packages/airflow/example_dags/example_branch_operator.py
[2024-11-19T04:23:30.616+0000] {processor.py:925} INFO - DAG(s) 'example_branch_operator' retrieved from /home/airflow/.local/lib/python3.12/site-packages/airflow/example_dags/example_branch_operator.py
[2024-11-19T04:23:30.650+0000] {logging_mixin.py:190} INFO - [2024-11-19T04:23:30.650+0000] {dag.py:3239} INFO - Sync 1 DAGs
[2024-11-19T04:23:30.683+0000] {logging_mixin.py:190} INFO - [2024-11-19T04:23:30.683+0000] {dag.py:4180} INFO - Setting next_dagrun for example_branch_operator to 2024-11-18 00:00:00+00:00, run_after=2024-11-19 00:00:00+00:00
[2024-11-19T04:23:30.706+0000] {processor.py:208} INFO - Processing /home/airflow/.local/lib/python3.12/site-packages/airflow/example_dags/example_branch_operator.py took 0.133 seconds
[2024-11-19T04:24:01.382+0000] {processor.py:186} INFO - Started process (PID=2149) to work on /home/airflow/.local/lib/python3.12/site-packages/airflow/example_dags/example_branch_operator.py
[2024-11-19T04:24:01.383+0000] {processor.py:914} INFO - Processing file /home/airflow/.local/lib/python3.12/site-packages/airflow/example_dags/example_branch_operator.py for tasks to queue
[2024-11-19T04:24:01.385+0000] {logging_mixin.py:190} INFO - [2024-11-19T04:24:01.385+0000] {dagbag.py:588} INFO - Filling up the DagBag from /home/airflow/.local/lib/python3.12/site-packages/airflow/example_dags/example_branch_operator.py
[2024-11-19T04:24:01.407+0000] {processor.py:925} INFO - DAG(s) 'example_branch_operator' retrieved from /home/airflow/.local/lib/python3.12/site-packages/airflow/example_dags/example_branch_operator.py
[2024-11-19T04:24:01.445+0000] {logging_mixin.py:190} INFO - [2024-11-19T04:24:01.445+0000] {dag.py:3239} INFO - Sync 1 DAGs
[2024-11-19T04:24:01.475+0000] {logging_mixin.py:190} INFO - [2024-11-19T04:24:01.474+0000] {dag.py:4180} INFO - Setting next_dagrun for example_branch_operator to 2024-11-18 00:00:00+00:00, run_after=2024-11-19 00:00:00+00:00
[2024-11-19T04:24:01.495+0000] {processor.py:208} INFO - Processing /home/airflow/.local/lib/python3.12/site-packages/airflow/example_dags/example_branch_operator.py took 0.120 seconds
[2024-11-19T04:24:33.829+0000] {processor.py:186} INFO - Started process (PID=2214) to work on /home/airflow/.local/lib/python3.12/site-packages/airflow/example_dags/example_branch_operator.py
[2024-11-19T04:24:33.830+0000] {processor.py:914} INFO - Processing file /home/airflow/.local/lib/python3.12/site-packages/airflow/example_dags/example_branch_operator.py for tasks to queue
[2024-11-19T04:24:33.834+0000] {logging_mixin.py:190} INFO - [2024-11-19T04:24:33.833+0000] {dagbag.py:588} INFO - Filling up the DagBag from /home/airflow/.local/lib/python3.12/site-packages/airflow/example_dags/example_branch_operator.py
[2024-11-19T04:24:33.860+0000] {processor.py:925} INFO - DAG(s) 'example_branch_operator' retrieved from /home/airflow/.local/lib/python3.12/site-packages/airflow/example_dags/example_branch_operator.py
[2024-11-19T04:24:33.900+0000] {logging_mixin.py:190} INFO - [2024-11-19T04:24:33.899+0000] {dag.py:3239} INFO - Sync 1 DAGs
[2024-11-19T04:24:33.940+0000] {logging_mixin.py:190} INFO - [2024-11-19T04:24:33.940+0000] {dag.py:4180} INFO - Setting next_dagrun for example_branch_operator to 2024-11-18 00:00:00+00:00, run_after=2024-11-19 00:00:00+00:00
[2024-11-19T04:24:33.964+0000] {processor.py:208} INFO - Processing /home/airflow/.local/lib/python3.12/site-packages/airflow/example_dags/example_branch_operator.py took 0.145 seconds
