[2024-11-19T03:51:09.561+0000] {processor.py:186} INFO - Started process (PID=88) to work on /home/airflow/.local/lib/python3.12/site-packages/airflow/example_dags/example_xcom.py
[2024-11-19T03:51:09.562+0000] {processor.py:914} INFO - Processing file /home/airflow/.local/lib/python3.12/site-packages/airflow/example_dags/example_xcom.py for tasks to queue
[2024-11-19T03:51:09.564+0000] {logging_mixin.py:190} INFO - [2024-11-19T03:51:09.564+0000] {dagbag.py:588} INFO - Filling up the DagBag from /home/airflow/.local/lib/python3.12/site-packages/airflow/example_dags/example_xcom.py
[2024-11-19T03:51:09.576+0000] {processor.py:925} INFO - DAG(s) 'example_xcom' retrieved from /home/airflow/.local/lib/python3.12/site-packages/airflow/example_dags/example_xcom.py
[2024-11-19T03:51:09.665+0000] {logging_mixin.py:190} INFO - [2024-11-19T03:51:09.664+0000] {override.py:1911} INFO - Created Permission View: can read on DAG:example_xcom
[2024-11-19T03:51:09.674+0000] {logging_mixin.py:190} INFO - [2024-11-19T03:51:09.673+0000] {override.py:1911} INFO - Created Permission View: can edit on DAG:example_xcom
[2024-11-19T03:51:09.679+0000] {logging_mixin.py:190} INFO - [2024-11-19T03:51:09.679+0000] {override.py:1911} INFO - Created Permission View: can delete on DAG:example_xcom
[2024-11-19T03:51:09.685+0000] {logging_mixin.py:190} INFO - [2024-11-19T03:51:09.685+0000] {override.py:1911} INFO - Created Permission View: can read on DAG Run:example_xcom
[2024-11-19T03:51:09.691+0000] {logging_mixin.py:190} INFO - [2024-11-19T03:51:09.691+0000] {override.py:1911} INFO - Created Permission View: menu access on DAG Run:example_xcom
[2024-11-19T03:51:09.697+0000] {logging_mixin.py:190} INFO - [2024-11-19T03:51:09.696+0000] {override.py:1911} INFO - Created Permission View: can create on DAG Run:example_xcom
[2024-11-19T03:51:09.703+0000] {logging_mixin.py:190} INFO - [2024-11-19T03:51:09.703+0000] {override.py:1911} INFO - Created Permission View: can delete on DAG Run:example_xcom
[2024-11-19T03:51:09.704+0000] {logging_mixin.py:190} INFO - [2024-11-19T03:51:09.704+0000] {dag.py:3239} INFO - Sync 1 DAGs
[2024-11-19T03:51:09.715+0000] {logging_mixin.py:190} INFO - [2024-11-19T03:51:09.714+0000] {dag.py:3262} INFO - Creating ORM DAG for example_xcom
[2024-11-19T03:51:09.723+0000] {logging_mixin.py:190} INFO - [2024-11-19T03:51:09.723+0000] {dag.py:4180} INFO - Setting next_dagrun for example_xcom to 2021-01-01 00:00:00+00:00, run_after=2021-01-01 00:00:00+00:00
[2024-11-19T03:51:09.739+0000] {processor.py:208} INFO - Processing /home/airflow/.local/lib/python3.12/site-packages/airflow/example_dags/example_xcom.py took 0.183 seconds
[2024-11-19T03:51:40.168+0000] {processor.py:186} INFO - Started process (PID=152) to work on /home/airflow/.local/lib/python3.12/site-packages/airflow/example_dags/example_xcom.py
[2024-11-19T03:51:40.169+0000] {processor.py:914} INFO - Processing file /home/airflow/.local/lib/python3.12/site-packages/airflow/example_dags/example_xcom.py for tasks to queue
[2024-11-19T03:51:40.171+0000] {logging_mixin.py:190} INFO - [2024-11-19T03:51:40.171+0000] {dagbag.py:588} INFO - Filling up the DagBag from /home/airflow/.local/lib/python3.12/site-packages/airflow/example_dags/example_xcom.py
[2024-11-19T03:51:40.179+0000] {processor.py:925} INFO - DAG(s) 'example_xcom' retrieved from /home/airflow/.local/lib/python3.12/site-packages/airflow/example_dags/example_xcom.py
[2024-11-19T03:51:40.195+0000] {logging_mixin.py:190} INFO - [2024-11-19T03:51:40.195+0000] {dag.py:3239} INFO - Sync 1 DAGs
[2024-11-19T03:51:40.212+0000] {logging_mixin.py:190} INFO - [2024-11-19T03:51:40.212+0000] {dag.py:4180} INFO - Setting next_dagrun for example_xcom to 2021-01-01 00:00:00+00:00, run_after=2021-01-01 00:00:00+00:00
[2024-11-19T03:51:40.227+0000] {processor.py:208} INFO - Processing /home/airflow/.local/lib/python3.12/site-packages/airflow/example_dags/example_xcom.py took 0.063 seconds
[2024-11-19T03:52:10.694+0000] {processor.py:186} INFO - Started process (PID=216) to work on /home/airflow/.local/lib/python3.12/site-packages/airflow/example_dags/example_xcom.py
[2024-11-19T03:52:10.695+0000] {processor.py:914} INFO - Processing file /home/airflow/.local/lib/python3.12/site-packages/airflow/example_dags/example_xcom.py for tasks to queue
[2024-11-19T03:52:10.697+0000] {logging_mixin.py:190} INFO - [2024-11-19T03:52:10.697+0000] {dagbag.py:588} INFO - Filling up the DagBag from /home/airflow/.local/lib/python3.12/site-packages/airflow/example_dags/example_xcom.py
[2024-11-19T03:52:10.704+0000] {processor.py:925} INFO - DAG(s) 'example_xcom' retrieved from /home/airflow/.local/lib/python3.12/site-packages/airflow/example_dags/example_xcom.py
[2024-11-19T03:52:10.721+0000] {logging_mixin.py:190} INFO - [2024-11-19T03:52:10.721+0000] {dag.py:3239} INFO - Sync 1 DAGs
[2024-11-19T03:52:10.743+0000] {logging_mixin.py:190} INFO - [2024-11-19T03:52:10.743+0000] {dag.py:4180} INFO - Setting next_dagrun for example_xcom to 2021-01-01 00:00:00+00:00, run_after=2021-01-01 00:00:00+00:00
[2024-11-19T03:52:10.765+0000] {processor.py:208} INFO - Processing /home/airflow/.local/lib/python3.12/site-packages/airflow/example_dags/example_xcom.py took 0.075 seconds
[2024-11-19T03:52:41.096+0000] {processor.py:186} INFO - Started process (PID=280) to work on /home/airflow/.local/lib/python3.12/site-packages/airflow/example_dags/example_xcom.py
[2024-11-19T03:52:41.097+0000] {processor.py:914} INFO - Processing file /home/airflow/.local/lib/python3.12/site-packages/airflow/example_dags/example_xcom.py for tasks to queue
[2024-11-19T03:52:41.099+0000] {logging_mixin.py:190} INFO - [2024-11-19T03:52:41.098+0000] {dagbag.py:588} INFO - Filling up the DagBag from /home/airflow/.local/lib/python3.12/site-packages/airflow/example_dags/example_xcom.py
[2024-11-19T03:52:41.106+0000] {processor.py:925} INFO - DAG(s) 'example_xcom' retrieved from /home/airflow/.local/lib/python3.12/site-packages/airflow/example_dags/example_xcom.py
[2024-11-19T03:52:41.123+0000] {logging_mixin.py:190} INFO - [2024-11-19T03:52:41.123+0000] {dag.py:3239} INFO - Sync 1 DAGs
[2024-11-19T03:52:41.181+0000] {logging_mixin.py:190} INFO - [2024-11-19T03:52:41.181+0000] {dag.py:4180} INFO - Setting next_dagrun for example_xcom to 2021-01-01 00:00:00+00:00, run_after=2021-01-01 00:00:00+00:00
[2024-11-19T03:52:41.218+0000] {processor.py:208} INFO - Processing /home/airflow/.local/lib/python3.12/site-packages/airflow/example_dags/example_xcom.py took 0.127 seconds
[2024-11-19T03:53:11.585+0000] {processor.py:186} INFO - Started process (PID=344) to work on /home/airflow/.local/lib/python3.12/site-packages/airflow/example_dags/example_xcom.py
[2024-11-19T03:53:11.586+0000] {processor.py:914} INFO - Processing file /home/airflow/.local/lib/python3.12/site-packages/airflow/example_dags/example_xcom.py for tasks to queue
[2024-11-19T03:53:11.589+0000] {logging_mixin.py:190} INFO - [2024-11-19T03:53:11.589+0000] {dagbag.py:588} INFO - Filling up the DagBag from /home/airflow/.local/lib/python3.12/site-packages/airflow/example_dags/example_xcom.py
[2024-11-19T03:53:11.598+0000] {processor.py:925} INFO - DAG(s) 'example_xcom' retrieved from /home/airflow/.local/lib/python3.12/site-packages/airflow/example_dags/example_xcom.py
[2024-11-19T03:53:11.615+0000] {logging_mixin.py:190} INFO - [2024-11-19T03:53:11.615+0000] {dag.py:3239} INFO - Sync 1 DAGs
[2024-11-19T03:53:11.630+0000] {logging_mixin.py:190} INFO - [2024-11-19T03:53:11.630+0000] {dag.py:4180} INFO - Setting next_dagrun for example_xcom to 2021-01-01 00:00:00+00:00, run_after=2021-01-01 00:00:00+00:00
[2024-11-19T03:53:11.645+0000] {processor.py:208} INFO - Processing /home/airflow/.local/lib/python3.12/site-packages/airflow/example_dags/example_xcom.py took 0.068 seconds
[2024-11-19T03:53:41.895+0000] {processor.py:186} INFO - Started process (PID=408) to work on /home/airflow/.local/lib/python3.12/site-packages/airflow/example_dags/example_xcom.py
[2024-11-19T03:53:41.896+0000] {processor.py:914} INFO - Processing file /home/airflow/.local/lib/python3.12/site-packages/airflow/example_dags/example_xcom.py for tasks to queue
[2024-11-19T03:53:41.898+0000] {logging_mixin.py:190} INFO - [2024-11-19T03:53:41.898+0000] {dagbag.py:588} INFO - Filling up the DagBag from /home/airflow/.local/lib/python3.12/site-packages/airflow/example_dags/example_xcom.py
[2024-11-19T03:53:41.905+0000] {processor.py:925} INFO - DAG(s) 'example_xcom' retrieved from /home/airflow/.local/lib/python3.12/site-packages/airflow/example_dags/example_xcom.py
[2024-11-19T03:53:41.921+0000] {logging_mixin.py:190} INFO - [2024-11-19T03:53:41.921+0000] {dag.py:3239} INFO - Sync 1 DAGs
[2024-11-19T03:53:41.942+0000] {logging_mixin.py:190} INFO - [2024-11-19T03:53:41.942+0000] {dag.py:4180} INFO - Setting next_dagrun for example_xcom to 2021-01-01 00:00:00+00:00, run_after=2021-01-01 00:00:00+00:00
[2024-11-19T03:53:41.959+0000] {processor.py:208} INFO - Processing /home/airflow/.local/lib/python3.12/site-packages/airflow/example_dags/example_xcom.py took 0.068 seconds
[2024-11-19T03:54:12.328+0000] {processor.py:186} INFO - Started process (PID=472) to work on /home/airflow/.local/lib/python3.12/site-packages/airflow/example_dags/example_xcom.py
[2024-11-19T03:54:12.329+0000] {processor.py:914} INFO - Processing file /home/airflow/.local/lib/python3.12/site-packages/airflow/example_dags/example_xcom.py for tasks to queue
[2024-11-19T03:54:12.331+0000] {logging_mixin.py:190} INFO - [2024-11-19T03:54:12.331+0000] {dagbag.py:588} INFO - Filling up the DagBag from /home/airflow/.local/lib/python3.12/site-packages/airflow/example_dags/example_xcom.py
[2024-11-19T03:54:12.340+0000] {processor.py:925} INFO - DAG(s) 'example_xcom' retrieved from /home/airflow/.local/lib/python3.12/site-packages/airflow/example_dags/example_xcom.py
[2024-11-19T03:54:12.361+0000] {logging_mixin.py:190} INFO - [2024-11-19T03:54:12.360+0000] {dag.py:3239} INFO - Sync 1 DAGs
[2024-11-19T03:54:12.384+0000] {logging_mixin.py:190} INFO - [2024-11-19T03:54:12.384+0000] {dag.py:4180} INFO - Setting next_dagrun for example_xcom to 2021-01-01 00:00:00+00:00, run_after=2021-01-01 00:00:00+00:00
[2024-11-19T03:54:12.404+0000] {processor.py:208} INFO - Processing /home/airflow/.local/lib/python3.12/site-packages/airflow/example_dags/example_xcom.py took 0.082 seconds
[2024-11-19T03:54:42.697+0000] {processor.py:186} INFO - Started process (PID=536) to work on /home/airflow/.local/lib/python3.12/site-packages/airflow/example_dags/example_xcom.py
[2024-11-19T03:54:42.697+0000] {processor.py:914} INFO - Processing file /home/airflow/.local/lib/python3.12/site-packages/airflow/example_dags/example_xcom.py for tasks to queue
[2024-11-19T03:54:42.699+0000] {logging_mixin.py:190} INFO - [2024-11-19T03:54:42.699+0000] {dagbag.py:588} INFO - Filling up the DagBag from /home/airflow/.local/lib/python3.12/site-packages/airflow/example_dags/example_xcom.py
[2024-11-19T03:54:42.706+0000] {processor.py:925} INFO - DAG(s) 'example_xcom' retrieved from /home/airflow/.local/lib/python3.12/site-packages/airflow/example_dags/example_xcom.py
[2024-11-19T03:54:42.722+0000] {logging_mixin.py:190} INFO - [2024-11-19T03:54:42.722+0000] {dag.py:3239} INFO - Sync 1 DAGs
[2024-11-19T03:54:42.738+0000] {logging_mixin.py:190} INFO - [2024-11-19T03:54:42.738+0000] {dag.py:4180} INFO - Setting next_dagrun for example_xcom to 2021-01-01 00:00:00+00:00, run_after=2021-01-01 00:00:00+00:00
[2024-11-19T03:54:42.753+0000] {processor.py:208} INFO - Processing /home/airflow/.local/lib/python3.12/site-packages/airflow/example_dags/example_xcom.py took 0.061 seconds
[2024-11-19T03:55:13.036+0000] {processor.py:186} INFO - Started process (PID=600) to work on /home/airflow/.local/lib/python3.12/site-packages/airflow/example_dags/example_xcom.py
[2024-11-19T03:55:13.037+0000] {processor.py:914} INFO - Processing file /home/airflow/.local/lib/python3.12/site-packages/airflow/example_dags/example_xcom.py for tasks to queue
[2024-11-19T03:55:13.038+0000] {logging_mixin.py:190} INFO - [2024-11-19T03:55:13.038+0000] {dagbag.py:588} INFO - Filling up the DagBag from /home/airflow/.local/lib/python3.12/site-packages/airflow/example_dags/example_xcom.py
[2024-11-19T03:55:13.046+0000] {processor.py:925} INFO - DAG(s) 'example_xcom' retrieved from /home/airflow/.local/lib/python3.12/site-packages/airflow/example_dags/example_xcom.py
[2024-11-19T03:55:13.061+0000] {logging_mixin.py:190} INFO - [2024-11-19T03:55:13.061+0000] {dag.py:3239} INFO - Sync 1 DAGs
[2024-11-19T03:55:13.079+0000] {logging_mixin.py:190} INFO - [2024-11-19T03:55:13.079+0000] {dag.py:4180} INFO - Setting next_dagrun for example_xcom to 2021-01-01 00:00:00+00:00, run_after=2021-01-01 00:00:00+00:00
[2024-11-19T03:55:13.094+0000] {processor.py:208} INFO - Processing /home/airflow/.local/lib/python3.12/site-packages/airflow/example_dags/example_xcom.py took 0.062 seconds
[2024-11-19T03:55:43.459+0000] {processor.py:186} INFO - Started process (PID=664) to work on /home/airflow/.local/lib/python3.12/site-packages/airflow/example_dags/example_xcom.py
[2024-11-19T03:55:43.460+0000] {processor.py:914} INFO - Processing file /home/airflow/.local/lib/python3.12/site-packages/airflow/example_dags/example_xcom.py for tasks to queue
[2024-11-19T03:55:43.463+0000] {logging_mixin.py:190} INFO - [2024-11-19T03:55:43.462+0000] {dagbag.py:588} INFO - Filling up the DagBag from /home/airflow/.local/lib/python3.12/site-packages/airflow/example_dags/example_xcom.py
[2024-11-19T03:55:43.471+0000] {processor.py:925} INFO - DAG(s) 'example_xcom' retrieved from /home/airflow/.local/lib/python3.12/site-packages/airflow/example_dags/example_xcom.py
[2024-11-19T03:55:43.490+0000] {logging_mixin.py:190} INFO - [2024-11-19T03:55:43.490+0000] {dag.py:3239} INFO - Sync 1 DAGs
[2024-11-19T03:55:43.511+0000] {logging_mixin.py:190} INFO - [2024-11-19T03:55:43.511+0000] {dag.py:4180} INFO - Setting next_dagrun for example_xcom to 2021-01-01 00:00:00+00:00, run_after=2021-01-01 00:00:00+00:00
[2024-11-19T03:55:43.531+0000] {processor.py:208} INFO - Processing /home/airflow/.local/lib/python3.12/site-packages/airflow/example_dags/example_xcom.py took 0.077 seconds
[2024-11-19T03:56:13.735+0000] {processor.py:186} INFO - Started process (PID=729) to work on /home/airflow/.local/lib/python3.12/site-packages/airflow/example_dags/example_xcom.py
[2024-11-19T03:56:13.736+0000] {processor.py:914} INFO - Processing file /home/airflow/.local/lib/python3.12/site-packages/airflow/example_dags/example_xcom.py for tasks to queue
[2024-11-19T03:56:13.738+0000] {logging_mixin.py:190} INFO - [2024-11-19T03:56:13.738+0000] {dagbag.py:588} INFO - Filling up the DagBag from /home/airflow/.local/lib/python3.12/site-packages/airflow/example_dags/example_xcom.py
[2024-11-19T03:56:13.746+0000] {processor.py:925} INFO - DAG(s) 'example_xcom' retrieved from /home/airflow/.local/lib/python3.12/site-packages/airflow/example_dags/example_xcom.py
[2024-11-19T03:56:13.763+0000] {logging_mixin.py:190} INFO - [2024-11-19T03:56:13.763+0000] {dag.py:3239} INFO - Sync 1 DAGs
[2024-11-19T03:56:13.781+0000] {logging_mixin.py:190} INFO - [2024-11-19T03:56:13.780+0000] {dag.py:4180} INFO - Setting next_dagrun for example_xcom to 2021-01-01 00:00:00+00:00, run_after=2021-01-01 00:00:00+00:00
[2024-11-19T03:56:13.796+0000] {processor.py:208} INFO - Processing /home/airflow/.local/lib/python3.12/site-packages/airflow/example_dags/example_xcom.py took 0.065 seconds
[2024-11-19T03:56:44.156+0000] {processor.py:186} INFO - Started process (PID=794) to work on /home/airflow/.local/lib/python3.12/site-packages/airflow/example_dags/example_xcom.py
[2024-11-19T03:56:44.157+0000] {processor.py:914} INFO - Processing file /home/airflow/.local/lib/python3.12/site-packages/airflow/example_dags/example_xcom.py for tasks to queue
[2024-11-19T03:56:44.161+0000] {logging_mixin.py:190} INFO - [2024-11-19T03:56:44.160+0000] {dagbag.py:588} INFO - Filling up the DagBag from /home/airflow/.local/lib/python3.12/site-packages/airflow/example_dags/example_xcom.py
[2024-11-19T03:56:44.172+0000] {processor.py:925} INFO - DAG(s) 'example_xcom' retrieved from /home/airflow/.local/lib/python3.12/site-packages/airflow/example_dags/example_xcom.py
[2024-11-19T03:56:44.199+0000] {logging_mixin.py:190} INFO - [2024-11-19T03:56:44.199+0000] {dag.py:3239} INFO - Sync 1 DAGs
[2024-11-19T03:56:44.219+0000] {logging_mixin.py:190} INFO - [2024-11-19T03:56:44.219+0000] {dag.py:4180} INFO - Setting next_dagrun for example_xcom to 2021-01-01 00:00:00+00:00, run_after=2021-01-01 00:00:00+00:00
[2024-11-19T03:56:44.237+0000] {processor.py:208} INFO - Processing /home/airflow/.local/lib/python3.12/site-packages/airflow/example_dags/example_xcom.py took 0.088 seconds
[2024-11-19T03:57:15.030+0000] {processor.py:186} INFO - Started process (PID=885) to work on /home/airflow/.local/lib/python3.12/site-packages/airflow/example_dags/example_xcom.py
[2024-11-19T03:57:15.031+0000] {processor.py:914} INFO - Processing file /home/airflow/.local/lib/python3.12/site-packages/airflow/example_dags/example_xcom.py for tasks to queue
[2024-11-19T03:57:15.033+0000] {logging_mixin.py:190} INFO - [2024-11-19T03:57:15.033+0000] {dagbag.py:588} INFO - Filling up the DagBag from /home/airflow/.local/lib/python3.12/site-packages/airflow/example_dags/example_xcom.py
[2024-11-19T03:57:15.039+0000] {processor.py:925} INFO - DAG(s) 'example_xcom' retrieved from /home/airflow/.local/lib/python3.12/site-packages/airflow/example_dags/example_xcom.py
[2024-11-19T03:57:15.055+0000] {logging_mixin.py:190} INFO - [2024-11-19T03:57:15.055+0000] {dag.py:3239} INFO - Sync 1 DAGs
[2024-11-19T03:57:15.071+0000] {logging_mixin.py:190} INFO - [2024-11-19T03:57:15.071+0000] {dag.py:4180} INFO - Setting next_dagrun for example_xcom to 2021-01-01 00:00:00+00:00, run_after=2021-01-01 00:00:00+00:00
[2024-11-19T03:57:15.084+0000] {processor.py:208} INFO - Processing /home/airflow/.local/lib/python3.12/site-packages/airflow/example_dags/example_xcom.py took 0.058 seconds
[2024-11-19T03:57:45.386+0000] {processor.py:186} INFO - Started process (PID=950) to work on /home/airflow/.local/lib/python3.12/site-packages/airflow/example_dags/example_xcom.py
[2024-11-19T03:57:45.387+0000] {processor.py:914} INFO - Processing file /home/airflow/.local/lib/python3.12/site-packages/airflow/example_dags/example_xcom.py for tasks to queue
[2024-11-19T03:57:45.389+0000] {logging_mixin.py:190} INFO - [2024-11-19T03:57:45.389+0000] {dagbag.py:588} INFO - Filling up the DagBag from /home/airflow/.local/lib/python3.12/site-packages/airflow/example_dags/example_xcom.py
[2024-11-19T03:57:45.395+0000] {processor.py:925} INFO - DAG(s) 'example_xcom' retrieved from /home/airflow/.local/lib/python3.12/site-packages/airflow/example_dags/example_xcom.py
[2024-11-19T03:57:45.410+0000] {logging_mixin.py:190} INFO - [2024-11-19T03:57:45.409+0000] {dag.py:3239} INFO - Sync 1 DAGs
[2024-11-19T03:57:45.427+0000] {logging_mixin.py:190} INFO - [2024-11-19T03:57:45.427+0000] {dag.py:4180} INFO - Setting next_dagrun for example_xcom to 2021-01-01 00:00:00+00:00, run_after=2021-01-01 00:00:00+00:00
[2024-11-19T03:57:45.441+0000] {processor.py:208} INFO - Processing /home/airflow/.local/lib/python3.12/site-packages/airflow/example_dags/example_xcom.py took 0.059 seconds
[2024-11-19T03:58:15.663+0000] {processor.py:186} INFO - Started process (PID=1015) to work on /home/airflow/.local/lib/python3.12/site-packages/airflow/example_dags/example_xcom.py
[2024-11-19T03:58:15.664+0000] {processor.py:914} INFO - Processing file /home/airflow/.local/lib/python3.12/site-packages/airflow/example_dags/example_xcom.py for tasks to queue
[2024-11-19T03:58:15.666+0000] {logging_mixin.py:190} INFO - [2024-11-19T03:58:15.666+0000] {dagbag.py:588} INFO - Filling up the DagBag from /home/airflow/.local/lib/python3.12/site-packages/airflow/example_dags/example_xcom.py
[2024-11-19T03:58:15.672+0000] {processor.py:925} INFO - DAG(s) 'example_xcom' retrieved from /home/airflow/.local/lib/python3.12/site-packages/airflow/example_dags/example_xcom.py
[2024-11-19T03:58:15.689+0000] {logging_mixin.py:190} INFO - [2024-11-19T03:58:15.689+0000] {dag.py:3239} INFO - Sync 1 DAGs
[2024-11-19T03:58:15.707+0000] {logging_mixin.py:190} INFO - [2024-11-19T03:58:15.707+0000] {dag.py:4180} INFO - Setting next_dagrun for example_xcom to 2021-01-01 00:00:00+00:00, run_after=2021-01-01 00:00:00+00:00
[2024-11-19T03:58:15.723+0000] {processor.py:208} INFO - Processing /home/airflow/.local/lib/python3.12/site-packages/airflow/example_dags/example_xcom.py took 0.064 seconds
[2024-11-19T03:58:45.983+0000] {processor.py:186} INFO - Started process (PID=1081) to work on /home/airflow/.local/lib/python3.12/site-packages/airflow/example_dags/example_xcom.py
[2024-11-19T03:58:45.984+0000] {processor.py:914} INFO - Processing file /home/airflow/.local/lib/python3.12/site-packages/airflow/example_dags/example_xcom.py for tasks to queue
[2024-11-19T03:58:45.985+0000] {logging_mixin.py:190} INFO - [2024-11-19T03:58:45.985+0000] {dagbag.py:588} INFO - Filling up the DagBag from /home/airflow/.local/lib/python3.12/site-packages/airflow/example_dags/example_xcom.py
[2024-11-19T03:58:45.994+0000] {processor.py:925} INFO - DAG(s) 'example_xcom' retrieved from /home/airflow/.local/lib/python3.12/site-packages/airflow/example_dags/example_xcom.py
[2024-11-19T03:58:46.010+0000] {logging_mixin.py:190} INFO - [2024-11-19T03:58:46.009+0000] {dag.py:3239} INFO - Sync 1 DAGs
[2024-11-19T03:58:46.031+0000] {logging_mixin.py:190} INFO - [2024-11-19T03:58:46.030+0000] {dag.py:4180} INFO - Setting next_dagrun for example_xcom to 2021-01-01 00:00:00+00:00, run_after=2021-01-01 00:00:00+00:00
[2024-11-19T03:58:46.060+0000] {processor.py:208} INFO - Processing /home/airflow/.local/lib/python3.12/site-packages/airflow/example_dags/example_xcom.py took 0.081 seconds
[2024-11-19T03:59:16.508+0000] {processor.py:186} INFO - Started process (PID=1146) to work on /home/airflow/.local/lib/python3.12/site-packages/airflow/example_dags/example_xcom.py
[2024-11-19T03:59:16.509+0000] {processor.py:914} INFO - Processing file /home/airflow/.local/lib/python3.12/site-packages/airflow/example_dags/example_xcom.py for tasks to queue
[2024-11-19T03:59:16.511+0000] {logging_mixin.py:190} INFO - [2024-11-19T03:59:16.511+0000] {dagbag.py:588} INFO - Filling up the DagBag from /home/airflow/.local/lib/python3.12/site-packages/airflow/example_dags/example_xcom.py
[2024-11-19T03:59:16.518+0000] {processor.py:925} INFO - DAG(s) 'example_xcom' retrieved from /home/airflow/.local/lib/python3.12/site-packages/airflow/example_dags/example_xcom.py
[2024-11-19T03:59:16.535+0000] {logging_mixin.py:190} INFO - [2024-11-19T03:59:16.534+0000] {dag.py:3239} INFO - Sync 1 DAGs
[2024-11-19T03:59:16.553+0000] {logging_mixin.py:190} INFO - [2024-11-19T03:59:16.552+0000] {dag.py:4180} INFO - Setting next_dagrun for example_xcom to 2021-01-01 00:00:00+00:00, run_after=2021-01-01 00:00:00+00:00
[2024-11-19T03:59:16.570+0000] {processor.py:208} INFO - Processing /home/airflow/.local/lib/python3.12/site-packages/airflow/example_dags/example_xcom.py took 0.066 seconds
[2024-11-19T03:59:46.892+0000] {processor.py:186} INFO - Started process (PID=1211) to work on /home/airflow/.local/lib/python3.12/site-packages/airflow/example_dags/example_xcom.py
[2024-11-19T03:59:46.893+0000] {processor.py:914} INFO - Processing file /home/airflow/.local/lib/python3.12/site-packages/airflow/example_dags/example_xcom.py for tasks to queue
[2024-11-19T03:59:46.896+0000] {logging_mixin.py:190} INFO - [2024-11-19T03:59:46.896+0000] {dagbag.py:588} INFO - Filling up the DagBag from /home/airflow/.local/lib/python3.12/site-packages/airflow/example_dags/example_xcom.py
[2024-11-19T03:59:46.906+0000] {processor.py:925} INFO - DAG(s) 'example_xcom' retrieved from /home/airflow/.local/lib/python3.12/site-packages/airflow/example_dags/example_xcom.py
[2024-11-19T03:59:46.933+0000] {logging_mixin.py:190} INFO - [2024-11-19T03:59:46.932+0000] {dag.py:3239} INFO - Sync 1 DAGs
[2024-11-19T03:59:46.958+0000] {logging_mixin.py:190} INFO - [2024-11-19T03:59:46.958+0000] {dag.py:4180} INFO - Setting next_dagrun for example_xcom to 2021-01-01 00:00:00+00:00, run_after=2021-01-01 00:00:00+00:00
[2024-11-19T03:59:46.973+0000] {processor.py:208} INFO - Processing /home/airflow/.local/lib/python3.12/site-packages/airflow/example_dags/example_xcom.py took 0.087 seconds
[2024-11-19T04:00:17.164+0000] {processor.py:186} INFO - Started process (PID=1276) to work on /home/airflow/.local/lib/python3.12/site-packages/airflow/example_dags/example_xcom.py
[2024-11-19T04:00:17.165+0000] {processor.py:914} INFO - Processing file /home/airflow/.local/lib/python3.12/site-packages/airflow/example_dags/example_xcom.py for tasks to queue
[2024-11-19T04:00:17.167+0000] {logging_mixin.py:190} INFO - [2024-11-19T04:00:17.167+0000] {dagbag.py:588} INFO - Filling up the DagBag from /home/airflow/.local/lib/python3.12/site-packages/airflow/example_dags/example_xcom.py
[2024-11-19T04:00:17.173+0000] {processor.py:925} INFO - DAG(s) 'example_xcom' retrieved from /home/airflow/.local/lib/python3.12/site-packages/airflow/example_dags/example_xcom.py
[2024-11-19T04:00:17.188+0000] {logging_mixin.py:190} INFO - [2024-11-19T04:00:17.188+0000] {dag.py:3239} INFO - Sync 1 DAGs
[2024-11-19T04:00:17.205+0000] {logging_mixin.py:190} INFO - [2024-11-19T04:00:17.205+0000] {dag.py:4180} INFO - Setting next_dagrun for example_xcom to 2021-01-01 00:00:00+00:00, run_after=2021-01-01 00:00:00+00:00
[2024-11-19T04:00:17.218+0000] {processor.py:208} INFO - Processing /home/airflow/.local/lib/python3.12/site-packages/airflow/example_dags/example_xcom.py took 0.058 seconds
[2024-11-19T04:00:47.710+0000] {processor.py:186} INFO - Started process (PID=1341) to work on /home/airflow/.local/lib/python3.12/site-packages/airflow/example_dags/example_xcom.py
[2024-11-19T04:00:47.711+0000] {processor.py:914} INFO - Processing file /home/airflow/.local/lib/python3.12/site-packages/airflow/example_dags/example_xcom.py for tasks to queue
[2024-11-19T04:00:47.713+0000] {logging_mixin.py:190} INFO - [2024-11-19T04:00:47.713+0000] {dagbag.py:588} INFO - Filling up the DagBag from /home/airflow/.local/lib/python3.12/site-packages/airflow/example_dags/example_xcom.py
[2024-11-19T04:00:47.720+0000] {processor.py:925} INFO - DAG(s) 'example_xcom' retrieved from /home/airflow/.local/lib/python3.12/site-packages/airflow/example_dags/example_xcom.py
[2024-11-19T04:00:47.736+0000] {logging_mixin.py:190} INFO - [2024-11-19T04:00:47.735+0000] {dag.py:3239} INFO - Sync 1 DAGs
[2024-11-19T04:00:47.752+0000] {logging_mixin.py:190} INFO - [2024-11-19T04:00:47.752+0000] {dag.py:4180} INFO - Setting next_dagrun for example_xcom to 2021-01-01 00:00:00+00:00, run_after=2021-01-01 00:00:00+00:00
[2024-11-19T04:00:47.767+0000] {processor.py:208} INFO - Processing /home/airflow/.local/lib/python3.12/site-packages/airflow/example_dags/example_xcom.py took 0.061 seconds
[2024-11-19T04:01:18.083+0000] {processor.py:186} INFO - Started process (PID=1406) to work on /home/airflow/.local/lib/python3.12/site-packages/airflow/example_dags/example_xcom.py
[2024-11-19T04:01:18.084+0000] {processor.py:914} INFO - Processing file /home/airflow/.local/lib/python3.12/site-packages/airflow/example_dags/example_xcom.py for tasks to queue
[2024-11-19T04:01:18.086+0000] {logging_mixin.py:190} INFO - [2024-11-19T04:01:18.086+0000] {dagbag.py:588} INFO - Filling up the DagBag from /home/airflow/.local/lib/python3.12/site-packages/airflow/example_dags/example_xcom.py
[2024-11-19T04:01:18.093+0000] {processor.py:925} INFO - DAG(s) 'example_xcom' retrieved from /home/airflow/.local/lib/python3.12/site-packages/airflow/example_dags/example_xcom.py
[2024-11-19T04:01:18.111+0000] {logging_mixin.py:190} INFO - [2024-11-19T04:01:18.110+0000] {dag.py:3239} INFO - Sync 1 DAGs
[2024-11-19T04:01:18.129+0000] {logging_mixin.py:190} INFO - [2024-11-19T04:01:18.129+0000] {dag.py:4180} INFO - Setting next_dagrun for example_xcom to 2021-01-01 00:00:00+00:00, run_after=2021-01-01 00:00:00+00:00
[2024-11-19T04:01:18.146+0000] {processor.py:208} INFO - Processing /home/airflow/.local/lib/python3.12/site-packages/airflow/example_dags/example_xcom.py took 0.067 seconds
[2024-11-19T04:01:48.288+0000] {processor.py:186} INFO - Started process (PID=1471) to work on /home/airflow/.local/lib/python3.12/site-packages/airflow/example_dags/example_xcom.py
[2024-11-19T04:01:48.289+0000] {processor.py:914} INFO - Processing file /home/airflow/.local/lib/python3.12/site-packages/airflow/example_dags/example_xcom.py for tasks to queue
[2024-11-19T04:01:48.291+0000] {logging_mixin.py:190} INFO - [2024-11-19T04:01:48.291+0000] {dagbag.py:588} INFO - Filling up the DagBag from /home/airflow/.local/lib/python3.12/site-packages/airflow/example_dags/example_xcom.py
[2024-11-19T04:01:48.298+0000] {processor.py:925} INFO - DAG(s) 'example_xcom' retrieved from /home/airflow/.local/lib/python3.12/site-packages/airflow/example_dags/example_xcom.py
[2024-11-19T04:01:48.314+0000] {logging_mixin.py:190} INFO - [2024-11-19T04:01:48.313+0000] {dag.py:3239} INFO - Sync 1 DAGs
[2024-11-19T04:01:48.331+0000] {logging_mixin.py:190} INFO - [2024-11-19T04:01:48.331+0000] {dag.py:4180} INFO - Setting next_dagrun for example_xcom to 2021-01-01 00:00:00+00:00, run_after=2021-01-01 00:00:00+00:00
[2024-11-19T04:01:48.345+0000] {processor.py:208} INFO - Processing /home/airflow/.local/lib/python3.12/site-packages/airflow/example_dags/example_xcom.py took 0.061 seconds
[2024-11-19T04:07:11.302+0000] {processor.py:186} INFO - Started process (PID=1535) to work on /home/airflow/.local/lib/python3.12/site-packages/airflow/example_dags/example_xcom.py
[2024-11-19T04:07:11.304+0000] {processor.py:914} INFO - Processing file /home/airflow/.local/lib/python3.12/site-packages/airflow/example_dags/example_xcom.py for tasks to queue
[2024-11-19T04:07:11.307+0000] {logging_mixin.py:190} INFO - [2024-11-19T04:07:11.306+0000] {dagbag.py:588} INFO - Filling up the DagBag from /home/airflow/.local/lib/python3.12/site-packages/airflow/example_dags/example_xcom.py
[2024-11-19T04:07:11.316+0000] {processor.py:925} INFO - DAG(s) 'example_xcom' retrieved from /home/airflow/.local/lib/python3.12/site-packages/airflow/example_dags/example_xcom.py
[2024-11-19T04:07:11.350+0000] {logging_mixin.py:190} INFO - [2024-11-19T04:07:11.349+0000] {dag.py:3239} INFO - Sync 1 DAGs
[2024-11-19T04:07:11.377+0000] {logging_mixin.py:190} INFO - [2024-11-19T04:07:11.376+0000] {dag.py:4180} INFO - Setting next_dagrun for example_xcom to 2021-01-01 00:00:00+00:00, run_after=2021-01-01 00:00:00+00:00
[2024-11-19T04:07:11.399+0000] {processor.py:208} INFO - Processing /home/airflow/.local/lib/python3.12/site-packages/airflow/example_dags/example_xcom.py took 0.103 seconds
[2024-11-19T04:07:42.051+0000] {processor.py:186} INFO - Started process (PID=1600) to work on /home/airflow/.local/lib/python3.12/site-packages/airflow/example_dags/example_xcom.py
[2024-11-19T04:07:42.053+0000] {processor.py:914} INFO - Processing file /home/airflow/.local/lib/python3.12/site-packages/airflow/example_dags/example_xcom.py for tasks to queue
[2024-11-19T04:07:42.057+0000] {logging_mixin.py:190} INFO - [2024-11-19T04:07:42.056+0000] {dagbag.py:588} INFO - Filling up the DagBag from /home/airflow/.local/lib/python3.12/site-packages/airflow/example_dags/example_xcom.py
[2024-11-19T04:07:42.069+0000] {processor.py:925} INFO - DAG(s) 'example_xcom' retrieved from /home/airflow/.local/lib/python3.12/site-packages/airflow/example_dags/example_xcom.py
[2024-11-19T04:07:42.092+0000] {logging_mixin.py:190} INFO - [2024-11-19T04:07:42.092+0000] {dag.py:3239} INFO - Sync 1 DAGs
[2024-11-19T04:07:42.118+0000] {logging_mixin.py:190} INFO - [2024-11-19T04:07:42.117+0000] {dag.py:4180} INFO - Setting next_dagrun for example_xcom to 2021-01-01 00:00:00+00:00, run_after=2021-01-01 00:00:00+00:00
[2024-11-19T04:07:42.139+0000] {processor.py:208} INFO - Processing /home/airflow/.local/lib/python3.12/site-packages/airflow/example_dags/example_xcom.py took 0.095 seconds
[2024-11-19T04:08:12.261+0000] {processor.py:186} INFO - Started process (PID=1665) to work on /home/airflow/.local/lib/python3.12/site-packages/airflow/example_dags/example_xcom.py
[2024-11-19T04:08:12.262+0000] {processor.py:914} INFO - Processing file /home/airflow/.local/lib/python3.12/site-packages/airflow/example_dags/example_xcom.py for tasks to queue
[2024-11-19T04:08:12.265+0000] {logging_mixin.py:190} INFO - [2024-11-19T04:08:12.265+0000] {dagbag.py:588} INFO - Filling up the DagBag from /home/airflow/.local/lib/python3.12/site-packages/airflow/example_dags/example_xcom.py
[2024-11-19T04:08:12.276+0000] {processor.py:925} INFO - DAG(s) 'example_xcom' retrieved from /home/airflow/.local/lib/python3.12/site-packages/airflow/example_dags/example_xcom.py
[2024-11-19T04:08:12.300+0000] {logging_mixin.py:190} INFO - [2024-11-19T04:08:12.300+0000] {dag.py:3239} INFO - Sync 1 DAGs
[2024-11-19T04:08:12.328+0000] {logging_mixin.py:190} INFO - [2024-11-19T04:08:12.328+0000] {dag.py:4180} INFO - Setting next_dagrun for example_xcom to 2021-01-01 00:00:00+00:00, run_after=2021-01-01 00:00:00+00:00
[2024-11-19T04:08:12.352+0000] {processor.py:208} INFO - Processing /home/airflow/.local/lib/python3.12/site-packages/airflow/example_dags/example_xcom.py took 0.097 seconds
[2024-11-19T04:08:42.547+0000] {processor.py:186} INFO - Started process (PID=1729) to work on /home/airflow/.local/lib/python3.12/site-packages/airflow/example_dags/example_xcom.py
[2024-11-19T04:08:42.548+0000] {processor.py:914} INFO - Processing file /home/airflow/.local/lib/python3.12/site-packages/airflow/example_dags/example_xcom.py for tasks to queue
[2024-11-19T04:08:42.550+0000] {logging_mixin.py:190} INFO - [2024-11-19T04:08:42.550+0000] {dagbag.py:588} INFO - Filling up the DagBag from /home/airflow/.local/lib/python3.12/site-packages/airflow/example_dags/example_xcom.py
[2024-11-19T04:08:42.560+0000] {processor.py:925} INFO - DAG(s) 'example_xcom' retrieved from /home/airflow/.local/lib/python3.12/site-packages/airflow/example_dags/example_xcom.py
[2024-11-19T04:08:42.580+0000] {logging_mixin.py:190} INFO - [2024-11-19T04:08:42.580+0000] {dag.py:3239} INFO - Sync 1 DAGs
[2024-11-19T04:08:42.605+0000] {logging_mixin.py:190} INFO - [2024-11-19T04:08:42.604+0000] {dag.py:4180} INFO - Setting next_dagrun for example_xcom to 2021-01-01 00:00:00+00:00, run_after=2021-01-01 00:00:00+00:00
[2024-11-19T04:08:42.635+0000] {processor.py:208} INFO - Processing /home/airflow/.local/lib/python3.12/site-packages/airflow/example_dags/example_xcom.py took 0.094 seconds
[2024-11-19T04:09:13.690+0000] {processor.py:186} INFO - Started process (PID=1795) to work on /home/airflow/.local/lib/python3.12/site-packages/airflow/example_dags/example_xcom.py
[2024-11-19T04:09:13.691+0000] {processor.py:914} INFO - Processing file /home/airflow/.local/lib/python3.12/site-packages/airflow/example_dags/example_xcom.py for tasks to queue
[2024-11-19T04:09:13.694+0000] {logging_mixin.py:190} INFO - [2024-11-19T04:09:13.694+0000] {dagbag.py:588} INFO - Filling up the DagBag from /home/airflow/.local/lib/python3.12/site-packages/airflow/example_dags/example_xcom.py
[2024-11-19T04:09:13.706+0000] {processor.py:925} INFO - DAG(s) 'example_xcom' retrieved from /home/airflow/.local/lib/python3.12/site-packages/airflow/example_dags/example_xcom.py
[2024-11-19T04:09:13.728+0000] {logging_mixin.py:190} INFO - [2024-11-19T04:09:13.728+0000] {dag.py:3239} INFO - Sync 1 DAGs
[2024-11-19T04:09:13.753+0000] {logging_mixin.py:190} INFO - [2024-11-19T04:09:13.753+0000] {dag.py:4180} INFO - Setting next_dagrun for example_xcom to 2021-01-01 00:00:00+00:00, run_after=2021-01-01 00:00:00+00:00
[2024-11-19T04:09:13.778+0000] {processor.py:208} INFO - Processing /home/airflow/.local/lib/python3.12/site-packages/airflow/example_dags/example_xcom.py took 0.094 seconds
[2024-11-19T04:09:44.140+0000] {processor.py:186} INFO - Started process (PID=1860) to work on /home/airflow/.local/lib/python3.12/site-packages/airflow/example_dags/example_xcom.py
[2024-11-19T04:09:44.141+0000] {processor.py:914} INFO - Processing file /home/airflow/.local/lib/python3.12/site-packages/airflow/example_dags/example_xcom.py for tasks to queue
[2024-11-19T04:09:44.143+0000] {logging_mixin.py:190} INFO - [2024-11-19T04:09:44.143+0000] {dagbag.py:588} INFO - Filling up the DagBag from /home/airflow/.local/lib/python3.12/site-packages/airflow/example_dags/example_xcom.py
[2024-11-19T04:09:44.152+0000] {processor.py:925} INFO - DAG(s) 'example_xcom' retrieved from /home/airflow/.local/lib/python3.12/site-packages/airflow/example_dags/example_xcom.py
[2024-11-19T04:09:44.176+0000] {logging_mixin.py:190} INFO - [2024-11-19T04:09:44.176+0000] {dag.py:3239} INFO - Sync 1 DAGs
[2024-11-19T04:09:44.204+0000] {logging_mixin.py:190} INFO - [2024-11-19T04:09:44.204+0000] {dag.py:4180} INFO - Setting next_dagrun for example_xcom to 2021-01-01 00:00:00+00:00, run_after=2021-01-01 00:00:00+00:00
[2024-11-19T04:09:44.226+0000] {processor.py:208} INFO - Processing /home/airflow/.local/lib/python3.12/site-packages/airflow/example_dags/example_xcom.py took 0.093 seconds
[2024-11-19T04:10:14.303+0000] {processor.py:186} INFO - Started process (PID=1924) to work on /home/airflow/.local/lib/python3.12/site-packages/airflow/example_dags/example_xcom.py
[2024-11-19T04:10:14.304+0000] {processor.py:914} INFO - Processing file /home/airflow/.local/lib/python3.12/site-packages/airflow/example_dags/example_xcom.py for tasks to queue
[2024-11-19T04:10:14.307+0000] {logging_mixin.py:190} INFO - [2024-11-19T04:10:14.306+0000] {dagbag.py:588} INFO - Filling up the DagBag from /home/airflow/.local/lib/python3.12/site-packages/airflow/example_dags/example_xcom.py
[2024-11-19T04:10:14.318+0000] {processor.py:925} INFO - DAG(s) 'example_xcom' retrieved from /home/airflow/.local/lib/python3.12/site-packages/airflow/example_dags/example_xcom.py
[2024-11-19T04:10:14.339+0000] {logging_mixin.py:190} INFO - [2024-11-19T04:10:14.338+0000] {dag.py:3239} INFO - Sync 1 DAGs
[2024-11-19T04:10:14.363+0000] {logging_mixin.py:190} INFO - [2024-11-19T04:10:14.362+0000] {dag.py:4180} INFO - Setting next_dagrun for example_xcom to 2021-01-01 00:00:00+00:00, run_after=2021-01-01 00:00:00+00:00
[2024-11-19T04:10:14.386+0000] {processor.py:208} INFO - Processing /home/airflow/.local/lib/python3.12/site-packages/airflow/example_dags/example_xcom.py took 0.091 seconds
[2024-11-19T04:10:45.055+0000] {processor.py:186} INFO - Started process (PID=1990) to work on /home/airflow/.local/lib/python3.12/site-packages/airflow/example_dags/example_xcom.py
[2024-11-19T04:10:45.057+0000] {processor.py:914} INFO - Processing file /home/airflow/.local/lib/python3.12/site-packages/airflow/example_dags/example_xcom.py for tasks to queue
[2024-11-19T04:10:45.066+0000] {logging_mixin.py:190} INFO - [2024-11-19T04:10:45.065+0000] {dagbag.py:588} INFO - Filling up the DagBag from /home/airflow/.local/lib/python3.12/site-packages/airflow/example_dags/example_xcom.py
[2024-11-19T04:10:45.084+0000] {processor.py:925} INFO - DAG(s) 'example_xcom' retrieved from /home/airflow/.local/lib/python3.12/site-packages/airflow/example_dags/example_xcom.py
[2024-11-19T04:10:45.116+0000] {logging_mixin.py:190} INFO - [2024-11-19T04:10:45.116+0000] {dag.py:3239} INFO - Sync 1 DAGs
[2024-11-19T04:10:45.162+0000] {logging_mixin.py:190} INFO - [2024-11-19T04:10:45.162+0000] {dag.py:4180} INFO - Setting next_dagrun for example_xcom to 2021-01-01 00:00:00+00:00, run_after=2021-01-01 00:00:00+00:00
[2024-11-19T04:10:45.191+0000] {processor.py:208} INFO - Processing /home/airflow/.local/lib/python3.12/site-packages/airflow/example_dags/example_xcom.py took 0.144 seconds
[2024-11-19T04:23:26.442+0000] {processor.py:186} INFO - Started process (PID=2055) to work on /home/airflow/.local/lib/python3.12/site-packages/airflow/example_dags/example_xcom.py
[2024-11-19T04:23:26.443+0000] {processor.py:914} INFO - Processing file /home/airflow/.local/lib/python3.12/site-packages/airflow/example_dags/example_xcom.py for tasks to queue
[2024-11-19T04:23:26.446+0000] {logging_mixin.py:190} INFO - [2024-11-19T04:23:26.446+0000] {dagbag.py:588} INFO - Filling up the DagBag from /home/airflow/.local/lib/python3.12/site-packages/airflow/example_dags/example_xcom.py
[2024-11-19T04:23:26.456+0000] {processor.py:925} INFO - DAG(s) 'example_xcom' retrieved from /home/airflow/.local/lib/python3.12/site-packages/airflow/example_dags/example_xcom.py
[2024-11-19T04:23:26.478+0000] {logging_mixin.py:190} INFO - [2024-11-19T04:23:26.478+0000] {dag.py:3239} INFO - Sync 1 DAGs
[2024-11-19T04:23:26.509+0000] {logging_mixin.py:190} INFO - [2024-11-19T04:23:26.509+0000] {dag.py:4180} INFO - Setting next_dagrun for example_xcom to 2021-01-01 00:00:00+00:00, run_after=2021-01-01 00:00:00+00:00
[2024-11-19T04:23:26.529+0000] {processor.py:208} INFO - Processing /home/airflow/.local/lib/python3.12/site-packages/airflow/example_dags/example_xcom.py took 0.094 seconds
[2024-11-19T04:23:57.012+0000] {processor.py:186} INFO - Started process (PID=2120) to work on /home/airflow/.local/lib/python3.12/site-packages/airflow/example_dags/example_xcom.py
[2024-11-19T04:23:57.013+0000] {processor.py:914} INFO - Processing file /home/airflow/.local/lib/python3.12/site-packages/airflow/example_dags/example_xcom.py for tasks to queue
[2024-11-19T04:23:57.016+0000] {logging_mixin.py:190} INFO - [2024-11-19T04:23:57.015+0000] {dagbag.py:588} INFO - Filling up the DagBag from /home/airflow/.local/lib/python3.12/site-packages/airflow/example_dags/example_xcom.py
[2024-11-19T04:23:57.032+0000] {processor.py:925} INFO - DAG(s) 'example_xcom' retrieved from /home/airflow/.local/lib/python3.12/site-packages/airflow/example_dags/example_xcom.py
[2024-11-19T04:23:57.061+0000] {logging_mixin.py:190} INFO - [2024-11-19T04:23:57.061+0000] {dag.py:3239} INFO - Sync 1 DAGs
[2024-11-19T04:23:57.093+0000] {logging_mixin.py:190} INFO - [2024-11-19T04:23:57.092+0000] {dag.py:4180} INFO - Setting next_dagrun for example_xcom to 2021-01-01 00:00:00+00:00, run_after=2021-01-01 00:00:00+00:00
[2024-11-19T04:23:57.128+0000] {processor.py:208} INFO - Processing /home/airflow/.local/lib/python3.12/site-packages/airflow/example_dags/example_xcom.py took 0.123 seconds
[2024-11-19T04:24:27.642+0000] {processor.py:186} INFO - Started process (PID=2185) to work on /home/airflow/.local/lib/python3.12/site-packages/airflow/example_dags/example_xcom.py
[2024-11-19T04:24:27.645+0000] {processor.py:914} INFO - Processing file /home/airflow/.local/lib/python3.12/site-packages/airflow/example_dags/example_xcom.py for tasks to queue
[2024-11-19T04:24:27.648+0000] {logging_mixin.py:190} INFO - [2024-11-19T04:24:27.647+0000] {dagbag.py:588} INFO - Filling up the DagBag from /home/airflow/.local/lib/python3.12/site-packages/airflow/example_dags/example_xcom.py
[2024-11-19T04:24:27.658+0000] {processor.py:925} INFO - DAG(s) 'example_xcom' retrieved from /home/airflow/.local/lib/python3.12/site-packages/airflow/example_dags/example_xcom.py
[2024-11-19T04:24:27.683+0000] {logging_mixin.py:190} INFO - [2024-11-19T04:24:27.682+0000] {dag.py:3239} INFO - Sync 1 DAGs
[2024-11-19T04:24:27.705+0000] {logging_mixin.py:190} INFO - [2024-11-19T04:24:27.704+0000] {dag.py:4180} INFO - Setting next_dagrun for example_xcom to 2021-01-01 00:00:00+00:00, run_after=2021-01-01 00:00:00+00:00
[2024-11-19T04:24:27.732+0000] {processor.py:208} INFO - Processing /home/airflow/.local/lib/python3.12/site-packages/airflow/example_dags/example_xcom.py took 0.096 seconds
