[2024-11-19T03:51:20.709+0000] {processor.py:186} INFO - Started process (PID=129) to work on /home/airflow/.local/lib/python3.12/site-packages/airflow/example_dags/example_sensors.py
[2024-11-19T03:51:20.710+0000] {processor.py:914} INFO - Processing file /home/airflow/.local/lib/python3.12/site-packages/airflow/example_dags/example_sensors.py for tasks to queue
[2024-11-19T03:51:20.713+0000] {logging_mixin.py:190} INFO - [2024-11-19T03:51:20.713+0000] {dagbag.py:588} INFO - Filling up the DagBag from /home/airflow/.local/lib/python3.12/site-packages/airflow/example_dags/example_sensors.py
[2024-11-19T03:51:20.729+0000] {processor.py:925} INFO - DAG(s) 'example_sensors' retrieved from /home/airflow/.local/lib/python3.12/site-packages/airflow/example_dags/example_sensors.py
[2024-11-19T03:51:20.905+0000] {logging_mixin.py:190} INFO - [2024-11-19T03:51:20.904+0000] {override.py:1911} INFO - Created Permission View: can read on DAG:example_sensors
[2024-11-19T03:51:20.923+0000] {logging_mixin.py:190} INFO - [2024-11-19T03:51:20.922+0000] {override.py:1911} INFO - Created Permission View: can edit on DAG:example_sensors
[2024-11-19T03:51:20.932+0000] {logging_mixin.py:190} INFO - [2024-11-19T03:51:20.931+0000] {override.py:1911} INFO - Created Permission View: can delete on DAG:example_sensors
[2024-11-19T03:51:20.941+0000] {logging_mixin.py:190} INFO - [2024-11-19T03:51:20.941+0000] {override.py:1911} INFO - Created Permission View: can read on DAG Run:example_sensors
[2024-11-19T03:51:20.952+0000] {logging_mixin.py:190} INFO - [2024-11-19T03:51:20.951+0000] {override.py:1911} INFO - Created Permission View: menu access on DAG Run:example_sensors
[2024-11-19T03:51:20.965+0000] {logging_mixin.py:190} INFO - [2024-11-19T03:51:20.965+0000] {override.py:1911} INFO - Created Permission View: can create on DAG Run:example_sensors
[2024-11-19T03:51:20.979+0000] {logging_mixin.py:190} INFO - [2024-11-19T03:51:20.978+0000] {override.py:1911} INFO - Created Permission View: can delete on DAG Run:example_sensors
[2024-11-19T03:51:20.980+0000] {logging_mixin.py:190} INFO - [2024-11-19T03:51:20.979+0000] {dag.py:3239} INFO - Sync 1 DAGs
[2024-11-19T03:51:21.003+0000] {logging_mixin.py:190} INFO - [2024-11-19T03:51:21.002+0000] {dag.py:3262} INFO - Creating ORM DAG for example_sensors
[2024-11-19T03:51:21.005+0000] {logging_mixin.py:190} INFO - [2024-11-19T03:51:21.004+0000] {dag.py:4180} INFO - Setting next_dagrun for example_sensors to None, run_after=None
[2024-11-19T03:51:21.031+0000] {processor.py:208} INFO - Processing /home/airflow/.local/lib/python3.12/site-packages/airflow/example_dags/example_sensors.py took 0.330 seconds
[2024-11-19T03:51:51.611+0000] {processor.py:186} INFO - Started process (PID=192) to work on /home/airflow/.local/lib/python3.12/site-packages/airflow/example_dags/example_sensors.py
[2024-11-19T03:51:51.612+0000] {processor.py:914} INFO - Processing file /home/airflow/.local/lib/python3.12/site-packages/airflow/example_dags/example_sensors.py for tasks to queue
[2024-11-19T03:51:51.615+0000] {logging_mixin.py:190} INFO - [2024-11-19T03:51:51.614+0000] {dagbag.py:588} INFO - Filling up the DagBag from /home/airflow/.local/lib/python3.12/site-packages/airflow/example_dags/example_sensors.py
[2024-11-19T03:51:51.623+0000] {processor.py:925} INFO - DAG(s) 'example_sensors' retrieved from /home/airflow/.local/lib/python3.12/site-packages/airflow/example_dags/example_sensors.py
[2024-11-19T03:51:51.643+0000] {logging_mixin.py:190} INFO - [2024-11-19T03:51:51.643+0000] {dag.py:3239} INFO - Sync 1 DAGs
[2024-11-19T03:51:51.654+0000] {logging_mixin.py:190} INFO - [2024-11-19T03:51:51.654+0000] {dag.py:4180} INFO - Setting next_dagrun for example_sensors to None, run_after=None
[2024-11-19T03:51:51.670+0000] {processor.py:208} INFO - Processing /home/airflow/.local/lib/python3.12/site-packages/airflow/example_dags/example_sensors.py took 0.062 seconds
[2024-11-19T03:52:22.072+0000] {processor.py:186} INFO - Started process (PID=256) to work on /home/airflow/.local/lib/python3.12/site-packages/airflow/example_dags/example_sensors.py
[2024-11-19T03:52:22.074+0000] {processor.py:914} INFO - Processing file /home/airflow/.local/lib/python3.12/site-packages/airflow/example_dags/example_sensors.py for tasks to queue
[2024-11-19T03:52:22.075+0000] {logging_mixin.py:190} INFO - [2024-11-19T03:52:22.075+0000] {dagbag.py:588} INFO - Filling up the DagBag from /home/airflow/.local/lib/python3.12/site-packages/airflow/example_dags/example_sensors.py
[2024-11-19T03:52:22.082+0000] {processor.py:925} INFO - DAG(s) 'example_sensors' retrieved from /home/airflow/.local/lib/python3.12/site-packages/airflow/example_dags/example_sensors.py
[2024-11-19T03:52:22.100+0000] {logging_mixin.py:190} INFO - [2024-11-19T03:52:22.100+0000] {dag.py:3239} INFO - Sync 1 DAGs
[2024-11-19T03:52:22.109+0000] {logging_mixin.py:190} INFO - [2024-11-19T03:52:22.109+0000] {dag.py:4180} INFO - Setting next_dagrun for example_sensors to None, run_after=None
[2024-11-19T03:52:22.123+0000] {processor.py:208} INFO - Processing /home/airflow/.local/lib/python3.12/site-packages/airflow/example_dags/example_sensors.py took 0.054 seconds
[2024-11-19T03:52:52.565+0000] {processor.py:186} INFO - Started process (PID=320) to work on /home/airflow/.local/lib/python3.12/site-packages/airflow/example_dags/example_sensors.py
[2024-11-19T03:52:52.566+0000] {processor.py:914} INFO - Processing file /home/airflow/.local/lib/python3.12/site-packages/airflow/example_dags/example_sensors.py for tasks to queue
[2024-11-19T03:52:52.568+0000] {logging_mixin.py:190} INFO - [2024-11-19T03:52:52.568+0000] {dagbag.py:588} INFO - Filling up the DagBag from /home/airflow/.local/lib/python3.12/site-packages/airflow/example_dags/example_sensors.py
[2024-11-19T03:52:52.576+0000] {processor.py:925} INFO - DAG(s) 'example_sensors' retrieved from /home/airflow/.local/lib/python3.12/site-packages/airflow/example_dags/example_sensors.py
[2024-11-19T03:52:52.594+0000] {logging_mixin.py:190} INFO - [2024-11-19T03:52:52.594+0000] {dag.py:3239} INFO - Sync 1 DAGs
[2024-11-19T03:52:52.605+0000] {logging_mixin.py:190} INFO - [2024-11-19T03:52:52.605+0000] {dag.py:4180} INFO - Setting next_dagrun for example_sensors to None, run_after=None
[2024-11-19T03:52:52.620+0000] {processor.py:208} INFO - Processing /home/airflow/.local/lib/python3.12/site-packages/airflow/example_dags/example_sensors.py took 0.058 seconds
[2024-11-19T03:53:23.225+0000] {processor.py:186} INFO - Started process (PID=384) to work on /home/airflow/.local/lib/python3.12/site-packages/airflow/example_dags/example_sensors.py
[2024-11-19T03:53:23.226+0000] {processor.py:914} INFO - Processing file /home/airflow/.local/lib/python3.12/site-packages/airflow/example_dags/example_sensors.py for tasks to queue
[2024-11-19T03:53:23.228+0000] {logging_mixin.py:190} INFO - [2024-11-19T03:53:23.227+0000] {dagbag.py:588} INFO - Filling up the DagBag from /home/airflow/.local/lib/python3.12/site-packages/airflow/example_dags/example_sensors.py
[2024-11-19T03:53:23.235+0000] {processor.py:925} INFO - DAG(s) 'example_sensors' retrieved from /home/airflow/.local/lib/python3.12/site-packages/airflow/example_dags/example_sensors.py
[2024-11-19T03:53:23.257+0000] {logging_mixin.py:190} INFO - [2024-11-19T03:53:23.257+0000] {dag.py:3239} INFO - Sync 1 DAGs
[2024-11-19T03:53:23.268+0000] {logging_mixin.py:190} INFO - [2024-11-19T03:53:23.268+0000] {dag.py:4180} INFO - Setting next_dagrun for example_sensors to None, run_after=None
[2024-11-19T03:53:23.285+0000] {processor.py:208} INFO - Processing /home/airflow/.local/lib/python3.12/site-packages/airflow/example_dags/example_sensors.py took 0.065 seconds
[2024-11-19T03:53:53.658+0000] {processor.py:186} INFO - Started process (PID=448) to work on /home/airflow/.local/lib/python3.12/site-packages/airflow/example_dags/example_sensors.py
[2024-11-19T03:53:53.659+0000] {processor.py:914} INFO - Processing file /home/airflow/.local/lib/python3.12/site-packages/airflow/example_dags/example_sensors.py for tasks to queue
[2024-11-19T03:53:53.661+0000] {logging_mixin.py:190} INFO - [2024-11-19T03:53:53.661+0000] {dagbag.py:588} INFO - Filling up the DagBag from /home/airflow/.local/lib/python3.12/site-packages/airflow/example_dags/example_sensors.py
[2024-11-19T03:53:53.668+0000] {processor.py:925} INFO - DAG(s) 'example_sensors' retrieved from /home/airflow/.local/lib/python3.12/site-packages/airflow/example_dags/example_sensors.py
[2024-11-19T03:53:53.688+0000] {logging_mixin.py:190} INFO - [2024-11-19T03:53:53.688+0000] {dag.py:3239} INFO - Sync 1 DAGs
[2024-11-19T03:53:53.698+0000] {logging_mixin.py:190} INFO - [2024-11-19T03:53:53.698+0000] {dag.py:4180} INFO - Setting next_dagrun for example_sensors to None, run_after=None
[2024-11-19T03:53:53.714+0000] {processor.py:208} INFO - Processing /home/airflow/.local/lib/python3.12/site-packages/airflow/example_dags/example_sensors.py took 0.061 seconds
[2024-11-19T03:54:24.247+0000] {processor.py:186} INFO - Started process (PID=512) to work on /home/airflow/.local/lib/python3.12/site-packages/airflow/example_dags/example_sensors.py
[2024-11-19T03:54:24.248+0000] {processor.py:914} INFO - Processing file /home/airflow/.local/lib/python3.12/site-packages/airflow/example_dags/example_sensors.py for tasks to queue
[2024-11-19T03:54:24.251+0000] {logging_mixin.py:190} INFO - [2024-11-19T03:54:24.250+0000] {dagbag.py:588} INFO - Filling up the DagBag from /home/airflow/.local/lib/python3.12/site-packages/airflow/example_dags/example_sensors.py
[2024-11-19T03:54:24.264+0000] {processor.py:925} INFO - DAG(s) 'example_sensors' retrieved from /home/airflow/.local/lib/python3.12/site-packages/airflow/example_dags/example_sensors.py
[2024-11-19T03:54:24.297+0000] {logging_mixin.py:190} INFO - [2024-11-19T03:54:24.296+0000] {dag.py:3239} INFO - Sync 1 DAGs
[2024-11-19T03:54:24.310+0000] {logging_mixin.py:190} INFO - [2024-11-19T03:54:24.310+0000] {dag.py:4180} INFO - Setting next_dagrun for example_sensors to None, run_after=None
[2024-11-19T03:54:24.327+0000] {processor.py:208} INFO - Processing /home/airflow/.local/lib/python3.12/site-packages/airflow/example_dags/example_sensors.py took 0.087 seconds
[2024-11-19T03:54:54.821+0000] {processor.py:186} INFO - Started process (PID=576) to work on /home/airflow/.local/lib/python3.12/site-packages/airflow/example_dags/example_sensors.py
[2024-11-19T03:54:54.823+0000] {processor.py:914} INFO - Processing file /home/airflow/.local/lib/python3.12/site-packages/airflow/example_dags/example_sensors.py for tasks to queue
[2024-11-19T03:54:54.825+0000] {logging_mixin.py:190} INFO - [2024-11-19T03:54:54.825+0000] {dagbag.py:588} INFO - Filling up the DagBag from /home/airflow/.local/lib/python3.12/site-packages/airflow/example_dags/example_sensors.py
[2024-11-19T03:54:54.832+0000] {processor.py:925} INFO - DAG(s) 'example_sensors' retrieved from /home/airflow/.local/lib/python3.12/site-packages/airflow/example_dags/example_sensors.py
[2024-11-19T03:54:54.859+0000] {logging_mixin.py:190} INFO - [2024-11-19T03:54:54.859+0000] {dag.py:3239} INFO - Sync 1 DAGs
[2024-11-19T03:54:54.872+0000] {logging_mixin.py:190} INFO - [2024-11-19T03:54:54.872+0000] {dag.py:4180} INFO - Setting next_dagrun for example_sensors to None, run_after=None
[2024-11-19T03:54:54.895+0000] {processor.py:208} INFO - Processing /home/airflow/.local/lib/python3.12/site-packages/airflow/example_dags/example_sensors.py took 0.078 seconds
[2024-11-19T03:55:25.754+0000] {processor.py:186} INFO - Started process (PID=640) to work on /home/airflow/.local/lib/python3.12/site-packages/airflow/example_dags/example_sensors.py
[2024-11-19T03:55:25.755+0000] {processor.py:914} INFO - Processing file /home/airflow/.local/lib/python3.12/site-packages/airflow/example_dags/example_sensors.py for tasks to queue
[2024-11-19T03:55:25.758+0000] {logging_mixin.py:190} INFO - [2024-11-19T03:55:25.757+0000] {dagbag.py:588} INFO - Filling up the DagBag from /home/airflow/.local/lib/python3.12/site-packages/airflow/example_dags/example_sensors.py
[2024-11-19T03:55:25.766+0000] {processor.py:925} INFO - DAG(s) 'example_sensors' retrieved from /home/airflow/.local/lib/python3.12/site-packages/airflow/example_dags/example_sensors.py
[2024-11-19T03:55:25.785+0000] {logging_mixin.py:190} INFO - [2024-11-19T03:55:25.785+0000] {dag.py:3239} INFO - Sync 1 DAGs
[2024-11-19T03:55:25.797+0000] {logging_mixin.py:190} INFO - [2024-11-19T03:55:25.797+0000] {dag.py:4180} INFO - Setting next_dagrun for example_sensors to None, run_after=None
[2024-11-19T03:55:25.811+0000] {processor.py:208} INFO - Processing /home/airflow/.local/lib/python3.12/site-packages/airflow/example_dags/example_sensors.py took 0.060 seconds
[2024-11-19T03:55:56.326+0000] {processor.py:186} INFO - Started process (PID=704) to work on /home/airflow/.local/lib/python3.12/site-packages/airflow/example_dags/example_sensors.py
[2024-11-19T03:55:56.327+0000] {processor.py:914} INFO - Processing file /home/airflow/.local/lib/python3.12/site-packages/airflow/example_dags/example_sensors.py for tasks to queue
[2024-11-19T03:55:56.329+0000] {logging_mixin.py:190} INFO - [2024-11-19T03:55:56.329+0000] {dagbag.py:588} INFO - Filling up the DagBag from /home/airflow/.local/lib/python3.12/site-packages/airflow/example_dags/example_sensors.py
[2024-11-19T03:55:56.337+0000] {processor.py:925} INFO - DAG(s) 'example_sensors' retrieved from /home/airflow/.local/lib/python3.12/site-packages/airflow/example_dags/example_sensors.py
[2024-11-19T03:55:56.357+0000] {logging_mixin.py:190} INFO - [2024-11-19T03:55:56.356+0000] {dag.py:3239} INFO - Sync 1 DAGs
[2024-11-19T03:55:56.366+0000] {logging_mixin.py:190} INFO - [2024-11-19T03:55:56.366+0000] {dag.py:4180} INFO - Setting next_dagrun for example_sensors to None, run_after=None
[2024-11-19T03:55:56.383+0000] {processor.py:208} INFO - Processing /home/airflow/.local/lib/python3.12/site-packages/airflow/example_dags/example_sensors.py took 0.061 seconds
[2024-11-19T03:56:27.064+0000] {processor.py:186} INFO - Started process (PID=769) to work on /home/airflow/.local/lib/python3.12/site-packages/airflow/example_dags/example_sensors.py
[2024-11-19T03:56:27.065+0000] {processor.py:914} INFO - Processing file /home/airflow/.local/lib/python3.12/site-packages/airflow/example_dags/example_sensors.py for tasks to queue
[2024-11-19T03:56:27.068+0000] {logging_mixin.py:190} INFO - [2024-11-19T03:56:27.067+0000] {dagbag.py:588} INFO - Filling up the DagBag from /home/airflow/.local/lib/python3.12/site-packages/airflow/example_dags/example_sensors.py
[2024-11-19T03:56:27.078+0000] {processor.py:925} INFO - DAG(s) 'example_sensors' retrieved from /home/airflow/.local/lib/python3.12/site-packages/airflow/example_dags/example_sensors.py
[2024-11-19T03:56:27.102+0000] {logging_mixin.py:190} INFO - [2024-11-19T03:56:27.102+0000] {dag.py:3239} INFO - Sync 1 DAGs
[2024-11-19T03:56:27.117+0000] {logging_mixin.py:190} INFO - [2024-11-19T03:56:27.117+0000] {dag.py:4180} INFO - Setting next_dagrun for example_sensors to None, run_after=None
[2024-11-19T03:56:27.134+0000] {processor.py:208} INFO - Processing /home/airflow/.local/lib/python3.12/site-packages/airflow/example_dags/example_sensors.py took 0.077 seconds
[2024-11-19T03:57:03.230+0000] {processor.py:186} INFO - Started process (PID=838) to work on /home/airflow/.local/lib/python3.12/site-packages/airflow/example_dags/example_sensors.py
[2024-11-19T03:57:03.231+0000] {processor.py:914} INFO - Processing file /home/airflow/.local/lib/python3.12/site-packages/airflow/example_dags/example_sensors.py for tasks to queue
[2024-11-19T03:57:03.235+0000] {logging_mixin.py:190} INFO - [2024-11-19T03:57:03.234+0000] {dagbag.py:588} INFO - Filling up the DagBag from /home/airflow/.local/lib/python3.12/site-packages/airflow/example_dags/example_sensors.py
[2024-11-19T03:57:03.254+0000] {processor.py:925} INFO - DAG(s) 'example_sensors' retrieved from /home/airflow/.local/lib/python3.12/site-packages/airflow/example_dags/example_sensors.py
[2024-11-19T03:57:03.294+0000] {logging_mixin.py:190} INFO - [2024-11-19T03:57:03.293+0000] {dag.py:3239} INFO - Sync 1 DAGs
[2024-11-19T03:57:03.318+0000] {logging_mixin.py:190} INFO - [2024-11-19T03:57:03.317+0000] {dag.py:4180} INFO - Setting next_dagrun for example_sensors to None, run_after=None
[2024-11-19T03:57:03.344+0000] {processor.py:208} INFO - Processing /home/airflow/.local/lib/python3.12/site-packages/airflow/example_dags/example_sensors.py took 0.128 seconds
[2024-11-19T03:57:33.448+0000] {processor.py:186} INFO - Started process (PID=925) to work on /home/airflow/.local/lib/python3.12/site-packages/airflow/example_dags/example_sensors.py
[2024-11-19T03:57:33.449+0000] {processor.py:914} INFO - Processing file /home/airflow/.local/lib/python3.12/site-packages/airflow/example_dags/example_sensors.py for tasks to queue
[2024-11-19T03:57:33.451+0000] {logging_mixin.py:190} INFO - [2024-11-19T03:57:33.451+0000] {dagbag.py:588} INFO - Filling up the DagBag from /home/airflow/.local/lib/python3.12/site-packages/airflow/example_dags/example_sensors.py
[2024-11-19T03:57:33.459+0000] {processor.py:925} INFO - DAG(s) 'example_sensors' retrieved from /home/airflow/.local/lib/python3.12/site-packages/airflow/example_dags/example_sensors.py
[2024-11-19T03:57:33.477+0000] {logging_mixin.py:190} INFO - [2024-11-19T03:57:33.477+0000] {dag.py:3239} INFO - Sync 1 DAGs
[2024-11-19T03:57:33.487+0000] {logging_mixin.py:190} INFO - [2024-11-19T03:57:33.487+0000] {dag.py:4180} INFO - Setting next_dagrun for example_sensors to None, run_after=None
[2024-11-19T03:57:33.501+0000] {processor.py:208} INFO - Processing /home/airflow/.local/lib/python3.12/site-packages/airflow/example_dags/example_sensors.py took 0.057 seconds
[2024-11-19T03:58:03.607+0000] {processor.py:186} INFO - Started process (PID=990) to work on /home/airflow/.local/lib/python3.12/site-packages/airflow/example_dags/example_sensors.py
[2024-11-19T03:58:03.608+0000] {processor.py:914} INFO - Processing file /home/airflow/.local/lib/python3.12/site-packages/airflow/example_dags/example_sensors.py for tasks to queue
[2024-11-19T03:58:03.611+0000] {logging_mixin.py:190} INFO - [2024-11-19T03:58:03.610+0000] {dagbag.py:588} INFO - Filling up the DagBag from /home/airflow/.local/lib/python3.12/site-packages/airflow/example_dags/example_sensors.py
[2024-11-19T03:58:03.621+0000] {processor.py:925} INFO - DAG(s) 'example_sensors' retrieved from /home/airflow/.local/lib/python3.12/site-packages/airflow/example_dags/example_sensors.py
[2024-11-19T03:58:03.644+0000] {logging_mixin.py:190} INFO - [2024-11-19T03:58:03.644+0000] {dag.py:3239} INFO - Sync 1 DAGs
[2024-11-19T03:58:03.655+0000] {logging_mixin.py:190} INFO - [2024-11-19T03:58:03.655+0000] {dag.py:4180} INFO - Setting next_dagrun for example_sensors to None, run_after=None
[2024-11-19T03:58:03.672+0000] {processor.py:208} INFO - Processing /home/airflow/.local/lib/python3.12/site-packages/airflow/example_dags/example_sensors.py took 0.072 seconds
[2024-11-19T03:58:34.516+0000] {processor.py:186} INFO - Started process (PID=1055) to work on /home/airflow/.local/lib/python3.12/site-packages/airflow/example_dags/example_sensors.py
[2024-11-19T03:58:34.517+0000] {processor.py:914} INFO - Processing file /home/airflow/.local/lib/python3.12/site-packages/airflow/example_dags/example_sensors.py for tasks to queue
[2024-11-19T03:58:34.521+0000] {logging_mixin.py:190} INFO - [2024-11-19T03:58:34.520+0000] {dagbag.py:588} INFO - Filling up the DagBag from /home/airflow/.local/lib/python3.12/site-packages/airflow/example_dags/example_sensors.py
[2024-11-19T03:58:34.542+0000] {processor.py:925} INFO - DAG(s) 'example_sensors' retrieved from /home/airflow/.local/lib/python3.12/site-packages/airflow/example_dags/example_sensors.py
[2024-11-19T03:58:34.588+0000] {logging_mixin.py:190} INFO - [2024-11-19T03:58:34.587+0000] {dag.py:3239} INFO - Sync 1 DAGs
[2024-11-19T03:58:34.605+0000] {logging_mixin.py:190} INFO - [2024-11-19T03:58:34.605+0000] {dag.py:4180} INFO - Setting next_dagrun for example_sensors to None, run_after=None
[2024-11-19T03:58:34.628+0000] {processor.py:208} INFO - Processing /home/airflow/.local/lib/python3.12/site-packages/airflow/example_dags/example_sensors.py took 0.118 seconds
[2024-11-19T03:59:04.931+0000] {processor.py:186} INFO - Started process (PID=1121) to work on /home/airflow/.local/lib/python3.12/site-packages/airflow/example_dags/example_sensors.py
[2024-11-19T03:59:04.932+0000] {processor.py:914} INFO - Processing file /home/airflow/.local/lib/python3.12/site-packages/airflow/example_dags/example_sensors.py for tasks to queue
[2024-11-19T03:59:04.934+0000] {logging_mixin.py:190} INFO - [2024-11-19T03:59:04.934+0000] {dagbag.py:588} INFO - Filling up the DagBag from /home/airflow/.local/lib/python3.12/site-packages/airflow/example_dags/example_sensors.py
[2024-11-19T03:59:04.942+0000] {processor.py:925} INFO - DAG(s) 'example_sensors' retrieved from /home/airflow/.local/lib/python3.12/site-packages/airflow/example_dags/example_sensors.py
[2024-11-19T03:59:04.960+0000] {logging_mixin.py:190} INFO - [2024-11-19T03:59:04.960+0000] {dag.py:3239} INFO - Sync 1 DAGs
[2024-11-19T03:59:04.969+0000] {logging_mixin.py:190} INFO - [2024-11-19T03:59:04.969+0000] {dag.py:4180} INFO - Setting next_dagrun for example_sensors to None, run_after=None
[2024-11-19T03:59:04.983+0000] {processor.py:208} INFO - Processing /home/airflow/.local/lib/python3.12/site-packages/airflow/example_dags/example_sensors.py took 0.056 seconds
[2024-11-19T03:59:35.423+0000] {processor.py:186} INFO - Started process (PID=1186) to work on /home/airflow/.local/lib/python3.12/site-packages/airflow/example_dags/example_sensors.py
[2024-11-19T03:59:35.424+0000] {processor.py:914} INFO - Processing file /home/airflow/.local/lib/python3.12/site-packages/airflow/example_dags/example_sensors.py for tasks to queue
[2024-11-19T03:59:35.426+0000] {logging_mixin.py:190} INFO - [2024-11-19T03:59:35.426+0000] {dagbag.py:588} INFO - Filling up the DagBag from /home/airflow/.local/lib/python3.12/site-packages/airflow/example_dags/example_sensors.py
[2024-11-19T03:59:35.434+0000] {processor.py:925} INFO - DAG(s) 'example_sensors' retrieved from /home/airflow/.local/lib/python3.12/site-packages/airflow/example_dags/example_sensors.py
[2024-11-19T03:59:35.453+0000] {logging_mixin.py:190} INFO - [2024-11-19T03:59:35.453+0000] {dag.py:3239} INFO - Sync 1 DAGs
[2024-11-19T03:59:35.466+0000] {logging_mixin.py:190} INFO - [2024-11-19T03:59:35.465+0000] {dag.py:4180} INFO - Setting next_dagrun for example_sensors to None, run_after=None
[2024-11-19T03:59:35.480+0000] {processor.py:208} INFO - Processing /home/airflow/.local/lib/python3.12/site-packages/airflow/example_dags/example_sensors.py took 0.060 seconds
[2024-11-19T04:00:05.736+0000] {processor.py:186} INFO - Started process (PID=1251) to work on /home/airflow/.local/lib/python3.12/site-packages/airflow/example_dags/example_sensors.py
[2024-11-19T04:00:05.737+0000] {processor.py:914} INFO - Processing file /home/airflow/.local/lib/python3.12/site-packages/airflow/example_dags/example_sensors.py for tasks to queue
[2024-11-19T04:00:05.739+0000] {logging_mixin.py:190} INFO - [2024-11-19T04:00:05.739+0000] {dagbag.py:588} INFO - Filling up the DagBag from /home/airflow/.local/lib/python3.12/site-packages/airflow/example_dags/example_sensors.py
[2024-11-19T04:00:05.746+0000] {processor.py:925} INFO - DAG(s) 'example_sensors' retrieved from /home/airflow/.local/lib/python3.12/site-packages/airflow/example_dags/example_sensors.py
[2024-11-19T04:00:05.766+0000] {logging_mixin.py:190} INFO - [2024-11-19T04:00:05.766+0000] {dag.py:3239} INFO - Sync 1 DAGs
[2024-11-19T04:00:05.776+0000] {logging_mixin.py:190} INFO - [2024-11-19T04:00:05.776+0000] {dag.py:4180} INFO - Setting next_dagrun for example_sensors to None, run_after=None
[2024-11-19T04:00:05.790+0000] {processor.py:208} INFO - Processing /home/airflow/.local/lib/python3.12/site-packages/airflow/example_dags/example_sensors.py took 0.058 seconds
[2024-11-19T04:00:37.186+0000] {processor.py:186} INFO - Started process (PID=1316) to work on /home/airflow/.local/lib/python3.12/site-packages/airflow/example_dags/example_sensors.py
[2024-11-19T04:00:37.187+0000] {processor.py:914} INFO - Processing file /home/airflow/.local/lib/python3.12/site-packages/airflow/example_dags/example_sensors.py for tasks to queue
[2024-11-19T04:00:37.189+0000] {logging_mixin.py:190} INFO - [2024-11-19T04:00:37.189+0000] {dagbag.py:588} INFO - Filling up the DagBag from /home/airflow/.local/lib/python3.12/site-packages/airflow/example_dags/example_sensors.py
[2024-11-19T04:00:37.197+0000] {processor.py:925} INFO - DAG(s) 'example_sensors' retrieved from /home/airflow/.local/lib/python3.12/site-packages/airflow/example_dags/example_sensors.py
[2024-11-19T04:00:37.215+0000] {logging_mixin.py:190} INFO - [2024-11-19T04:00:37.215+0000] {dag.py:3239} INFO - Sync 1 DAGs
[2024-11-19T04:00:37.226+0000] {logging_mixin.py:190} INFO - [2024-11-19T04:00:37.226+0000] {dag.py:4180} INFO - Setting next_dagrun for example_sensors to None, run_after=None
[2024-11-19T04:00:37.242+0000] {processor.py:208} INFO - Processing /home/airflow/.local/lib/python3.12/site-packages/airflow/example_dags/example_sensors.py took 0.062 seconds
[2024-11-19T04:01:07.898+0000] {processor.py:186} INFO - Started process (PID=1381) to work on /home/airflow/.local/lib/python3.12/site-packages/airflow/example_dags/example_sensors.py
[2024-11-19T04:01:07.899+0000] {processor.py:914} INFO - Processing file /home/airflow/.local/lib/python3.12/site-packages/airflow/example_dags/example_sensors.py for tasks to queue
[2024-11-19T04:01:07.900+0000] {logging_mixin.py:190} INFO - [2024-11-19T04:01:07.900+0000] {dagbag.py:588} INFO - Filling up the DagBag from /home/airflow/.local/lib/python3.12/site-packages/airflow/example_dags/example_sensors.py
[2024-11-19T04:01:07.908+0000] {processor.py:925} INFO - DAG(s) 'example_sensors' retrieved from /home/airflow/.local/lib/python3.12/site-packages/airflow/example_dags/example_sensors.py
[2024-11-19T04:01:07.927+0000] {logging_mixin.py:190} INFO - [2024-11-19T04:01:07.927+0000] {dag.py:3239} INFO - Sync 1 DAGs
[2024-11-19T04:01:07.940+0000] {logging_mixin.py:190} INFO - [2024-11-19T04:01:07.939+0000] {dag.py:4180} INFO - Setting next_dagrun for example_sensors to None, run_after=None
[2024-11-19T04:01:07.980+0000] {processor.py:208} INFO - Processing /home/airflow/.local/lib/python3.12/site-packages/airflow/example_dags/example_sensors.py took 0.086 seconds
[2024-11-19T04:01:39.244+0000] {processor.py:186} INFO - Started process (PID=1452) to work on /home/airflow/.local/lib/python3.12/site-packages/airflow/example_dags/example_sensors.py
[2024-11-19T04:01:39.245+0000] {processor.py:914} INFO - Processing file /home/airflow/.local/lib/python3.12/site-packages/airflow/example_dags/example_sensors.py for tasks to queue
[2024-11-19T04:01:39.247+0000] {logging_mixin.py:190} INFO - [2024-11-19T04:01:39.247+0000] {dagbag.py:588} INFO - Filling up the DagBag from /home/airflow/.local/lib/python3.12/site-packages/airflow/example_dags/example_sensors.py
[2024-11-19T04:01:39.254+0000] {processor.py:925} INFO - DAG(s) 'example_sensors' retrieved from /home/airflow/.local/lib/python3.12/site-packages/airflow/example_dags/example_sensors.py
[2024-11-19T04:01:39.273+0000] {logging_mixin.py:190} INFO - [2024-11-19T04:01:39.273+0000] {dag.py:3239} INFO - Sync 1 DAGs
[2024-11-19T04:01:39.284+0000] {logging_mixin.py:190} INFO - [2024-11-19T04:01:39.284+0000] {dag.py:4180} INFO - Setting next_dagrun for example_sensors to None, run_after=None
[2024-11-19T04:01:39.297+0000] {processor.py:208} INFO - Processing /home/airflow/.local/lib/python3.12/site-packages/airflow/example_dags/example_sensors.py took 0.057 seconds
[2024-11-19T04:02:11.866+0000] {processor.py:186} INFO - Started process (PID=1517) to work on /home/airflow/.local/lib/python3.12/site-packages/airflow/example_dags/example_sensors.py
[2024-11-19T04:02:11.867+0000] {processor.py:914} INFO - Processing file /home/airflow/.local/lib/python3.12/site-packages/airflow/example_dags/example_sensors.py for tasks to queue
[2024-11-19T04:02:11.869+0000] {logging_mixin.py:190} INFO - [2024-11-19T04:02:11.869+0000] {dagbag.py:588} INFO - Filling up the DagBag from /home/airflow/.local/lib/python3.12/site-packages/airflow/example_dags/example_sensors.py
[2024-11-19T04:02:11.877+0000] {processor.py:925} INFO - DAG(s) 'example_sensors' retrieved from /home/airflow/.local/lib/python3.12/site-packages/airflow/example_dags/example_sensors.py
[2024-11-19T04:02:11.896+0000] {logging_mixin.py:190} INFO - [2024-11-19T04:02:11.896+0000] {dag.py:3239} INFO - Sync 1 DAGs
[2024-11-19T04:02:11.907+0000] {logging_mixin.py:190} INFO - [2024-11-19T04:02:11.907+0000] {dag.py:4180} INFO - Setting next_dagrun for example_sensors to None, run_after=None
[2024-11-19T04:02:11.924+0000] {processor.py:208} INFO - Processing /home/airflow/.local/lib/python3.12/site-packages/airflow/example_dags/example_sensors.py took 0.063 seconds
[2024-11-19T04:07:15.981+0000] {processor.py:186} INFO - Started process (PID=1576) to work on /home/airflow/.local/lib/python3.12/site-packages/airflow/example_dags/example_sensors.py
[2024-11-19T04:07:15.982+0000] {processor.py:914} INFO - Processing file /home/airflow/.local/lib/python3.12/site-packages/airflow/example_dags/example_sensors.py for tasks to queue
[2024-11-19T04:07:15.985+0000] {logging_mixin.py:190} INFO - [2024-11-19T04:07:15.985+0000] {dagbag.py:588} INFO - Filling up the DagBag from /home/airflow/.local/lib/python3.12/site-packages/airflow/example_dags/example_sensors.py
[2024-11-19T04:07:15.998+0000] {processor.py:925} INFO - DAG(s) 'example_sensors' retrieved from /home/airflow/.local/lib/python3.12/site-packages/airflow/example_dags/example_sensors.py
[2024-11-19T04:07:16.029+0000] {logging_mixin.py:190} INFO - [2024-11-19T04:07:16.028+0000] {dag.py:3239} INFO - Sync 1 DAGs
[2024-11-19T04:07:16.047+0000] {logging_mixin.py:190} INFO - [2024-11-19T04:07:16.047+0000] {dag.py:4180} INFO - Setting next_dagrun for example_sensors to None, run_after=None
[2024-11-19T04:07:16.086+0000] {processor.py:208} INFO - Processing /home/airflow/.local/lib/python3.12/site-packages/airflow/example_dags/example_sensors.py took 0.113 seconds
[2024-11-19T04:07:47.907+0000] {processor.py:186} INFO - Started process (PID=1640) to work on /home/airflow/.local/lib/python3.12/site-packages/airflow/example_dags/example_sensors.py
[2024-11-19T04:07:47.908+0000] {processor.py:914} INFO - Processing file /home/airflow/.local/lib/python3.12/site-packages/airflow/example_dags/example_sensors.py for tasks to queue
[2024-11-19T04:07:47.911+0000] {logging_mixin.py:190} INFO - [2024-11-19T04:07:47.911+0000] {dagbag.py:588} INFO - Filling up the DagBag from /home/airflow/.local/lib/python3.12/site-packages/airflow/example_dags/example_sensors.py
[2024-11-19T04:07:47.922+0000] {processor.py:925} INFO - DAG(s) 'example_sensors' retrieved from /home/airflow/.local/lib/python3.12/site-packages/airflow/example_dags/example_sensors.py
[2024-11-19T04:07:47.956+0000] {logging_mixin.py:190} INFO - [2024-11-19T04:07:47.955+0000] {dag.py:3239} INFO - Sync 1 DAGs
[2024-11-19T04:07:47.973+0000] {logging_mixin.py:190} INFO - [2024-11-19T04:07:47.973+0000] {dag.py:4180} INFO - Setting next_dagrun for example_sensors to None, run_after=None
[2024-11-19T04:07:47.998+0000] {processor.py:208} INFO - Processing /home/airflow/.local/lib/python3.12/site-packages/airflow/example_dags/example_sensors.py took 0.098 seconds
[2024-11-19T04:08:19.004+0000] {processor.py:186} INFO - Started process (PID=1705) to work on /home/airflow/.local/lib/python3.12/site-packages/airflow/example_dags/example_sensors.py
[2024-11-19T04:08:19.006+0000] {processor.py:914} INFO - Processing file /home/airflow/.local/lib/python3.12/site-packages/airflow/example_dags/example_sensors.py for tasks to queue
[2024-11-19T04:08:19.008+0000] {logging_mixin.py:190} INFO - [2024-11-19T04:08:19.007+0000] {dagbag.py:588} INFO - Filling up the DagBag from /home/airflow/.local/lib/python3.12/site-packages/airflow/example_dags/example_sensors.py
[2024-11-19T04:08:19.019+0000] {processor.py:925} INFO - DAG(s) 'example_sensors' retrieved from /home/airflow/.local/lib/python3.12/site-packages/airflow/example_dags/example_sensors.py
[2024-11-19T04:08:19.048+0000] {logging_mixin.py:190} INFO - [2024-11-19T04:08:19.048+0000] {dag.py:3239} INFO - Sync 1 DAGs
[2024-11-19T04:08:19.065+0000] {logging_mixin.py:190} INFO - [2024-11-19T04:08:19.065+0000] {dag.py:4180} INFO - Setting next_dagrun for example_sensors to None, run_after=None
[2024-11-19T04:08:19.085+0000] {processor.py:208} INFO - Processing /home/airflow/.local/lib/python3.12/site-packages/airflow/example_dags/example_sensors.py took 0.087 seconds
[2024-11-19T04:08:50.203+0000] {processor.py:186} INFO - Started process (PID=1770) to work on /home/airflow/.local/lib/python3.12/site-packages/airflow/example_dags/example_sensors.py
[2024-11-19T04:08:50.205+0000] {processor.py:914} INFO - Processing file /home/airflow/.local/lib/python3.12/site-packages/airflow/example_dags/example_sensors.py for tasks to queue
[2024-11-19T04:08:50.207+0000] {logging_mixin.py:190} INFO - [2024-11-19T04:08:50.207+0000] {dagbag.py:588} INFO - Filling up the DagBag from /home/airflow/.local/lib/python3.12/site-packages/airflow/example_dags/example_sensors.py
[2024-11-19T04:08:50.221+0000] {processor.py:925} INFO - DAG(s) 'example_sensors' retrieved from /home/airflow/.local/lib/python3.12/site-packages/airflow/example_dags/example_sensors.py
[2024-11-19T04:08:50.251+0000] {logging_mixin.py:190} INFO - [2024-11-19T04:08:50.250+0000] {dag.py:3239} INFO - Sync 1 DAGs
[2024-11-19T04:08:50.267+0000] {logging_mixin.py:190} INFO - [2024-11-19T04:08:50.266+0000] {dag.py:4180} INFO - Setting next_dagrun for example_sensors to None, run_after=None
[2024-11-19T04:08:50.289+0000] {processor.py:208} INFO - Processing /home/airflow/.local/lib/python3.12/site-packages/airflow/example_dags/example_sensors.py took 0.092 seconds
[2024-11-19T04:09:20.885+0000] {processor.py:186} INFO - Started process (PID=1835) to work on /home/airflow/.local/lib/python3.12/site-packages/airflow/example_dags/example_sensors.py
[2024-11-19T04:09:20.886+0000] {processor.py:914} INFO - Processing file /home/airflow/.local/lib/python3.12/site-packages/airflow/example_dags/example_sensors.py for tasks to queue
[2024-11-19T04:09:20.889+0000] {logging_mixin.py:190} INFO - [2024-11-19T04:09:20.888+0000] {dagbag.py:588} INFO - Filling up the DagBag from /home/airflow/.local/lib/python3.12/site-packages/airflow/example_dags/example_sensors.py
[2024-11-19T04:09:20.901+0000] {processor.py:925} INFO - DAG(s) 'example_sensors' retrieved from /home/airflow/.local/lib/python3.12/site-packages/airflow/example_dags/example_sensors.py
[2024-11-19T04:09:20.931+0000] {logging_mixin.py:190} INFO - [2024-11-19T04:09:20.930+0000] {dag.py:3239} INFO - Sync 1 DAGs
[2024-11-19T04:09:20.948+0000] {logging_mixin.py:190} INFO - [2024-11-19T04:09:20.947+0000] {dag.py:4180} INFO - Setting next_dagrun for example_sensors to None, run_after=None
[2024-11-19T04:09:20.971+0000] {processor.py:208} INFO - Processing /home/airflow/.local/lib/python3.12/site-packages/airflow/example_dags/example_sensors.py took 0.093 seconds
[2024-11-19T04:09:52.803+0000] {processor.py:186} INFO - Started process (PID=1900) to work on /home/airflow/.local/lib/python3.12/site-packages/airflow/example_dags/example_sensors.py
[2024-11-19T04:09:52.804+0000] {processor.py:914} INFO - Processing file /home/airflow/.local/lib/python3.12/site-packages/airflow/example_dags/example_sensors.py for tasks to queue
[2024-11-19T04:09:52.807+0000] {logging_mixin.py:190} INFO - [2024-11-19T04:09:52.807+0000] {dagbag.py:588} INFO - Filling up the DagBag from /home/airflow/.local/lib/python3.12/site-packages/airflow/example_dags/example_sensors.py
[2024-11-19T04:09:52.822+0000] {processor.py:925} INFO - DAG(s) 'example_sensors' retrieved from /home/airflow/.local/lib/python3.12/site-packages/airflow/example_dags/example_sensors.py
[2024-11-19T04:09:52.851+0000] {logging_mixin.py:190} INFO - [2024-11-19T04:09:52.851+0000] {dag.py:3239} INFO - Sync 1 DAGs
[2024-11-19T04:09:52.871+0000] {logging_mixin.py:190} INFO - [2024-11-19T04:09:52.871+0000] {dag.py:4180} INFO - Setting next_dagrun for example_sensors to None, run_after=None
[2024-11-19T04:09:52.921+0000] {processor.py:208} INFO - Processing /home/airflow/.local/lib/python3.12/site-packages/airflow/example_dags/example_sensors.py took 0.125 seconds
[2024-11-19T04:10:23.769+0000] {processor.py:186} INFO - Started process (PID=1965) to work on /home/airflow/.local/lib/python3.12/site-packages/airflow/example_dags/example_sensors.py
[2024-11-19T04:10:23.770+0000] {processor.py:914} INFO - Processing file /home/airflow/.local/lib/python3.12/site-packages/airflow/example_dags/example_sensors.py for tasks to queue
[2024-11-19T04:10:23.773+0000] {logging_mixin.py:190} INFO - [2024-11-19T04:10:23.772+0000] {dagbag.py:588} INFO - Filling up the DagBag from /home/airflow/.local/lib/python3.12/site-packages/airflow/example_dags/example_sensors.py
[2024-11-19T04:10:23.788+0000] {processor.py:925} INFO - DAG(s) 'example_sensors' retrieved from /home/airflow/.local/lib/python3.12/site-packages/airflow/example_dags/example_sensors.py
[2024-11-19T04:10:23.829+0000] {logging_mixin.py:190} INFO - [2024-11-19T04:10:23.828+0000] {dag.py:3239} INFO - Sync 1 DAGs
[2024-11-19T04:10:23.849+0000] {logging_mixin.py:190} INFO - [2024-11-19T04:10:23.848+0000] {dag.py:4180} INFO - Setting next_dagrun for example_sensors to None, run_after=None
[2024-11-19T04:10:23.878+0000] {processor.py:208} INFO - Processing /home/airflow/.local/lib/python3.12/site-packages/airflow/example_dags/example_sensors.py took 0.118 seconds
[2024-11-19T04:10:54.896+0000] {processor.py:186} INFO - Started process (PID=2030) to work on /home/airflow/.local/lib/python3.12/site-packages/airflow/example_dags/example_sensors.py
[2024-11-19T04:10:54.897+0000] {processor.py:914} INFO - Processing file /home/airflow/.local/lib/python3.12/site-packages/airflow/example_dags/example_sensors.py for tasks to queue
[2024-11-19T04:10:54.900+0000] {logging_mixin.py:190} INFO - [2024-11-19T04:10:54.900+0000] {dagbag.py:588} INFO - Filling up the DagBag from /home/airflow/.local/lib/python3.12/site-packages/airflow/example_dags/example_sensors.py
[2024-11-19T04:10:54.913+0000] {processor.py:925} INFO - DAG(s) 'example_sensors' retrieved from /home/airflow/.local/lib/python3.12/site-packages/airflow/example_dags/example_sensors.py
[2024-11-19T04:10:54.947+0000] {logging_mixin.py:190} INFO - [2024-11-19T04:10:54.946+0000] {dag.py:3239} INFO - Sync 1 DAGs
[2024-11-19T04:10:54.985+0000] {logging_mixin.py:190} INFO - [2024-11-19T04:10:54.985+0000] {dag.py:4180} INFO - Setting next_dagrun for example_sensors to None, run_after=None
[2024-11-19T04:10:55.025+0000] {processor.py:208} INFO - Processing /home/airflow/.local/lib/python3.12/site-packages/airflow/example_dags/example_sensors.py took 0.137 seconds
[2024-11-19T04:23:31.730+0000] {processor.py:186} INFO - Started process (PID=2096) to work on /home/airflow/.local/lib/python3.12/site-packages/airflow/example_dags/example_sensors.py
[2024-11-19T04:23:31.732+0000] {processor.py:914} INFO - Processing file /home/airflow/.local/lib/python3.12/site-packages/airflow/example_dags/example_sensors.py for tasks to queue
[2024-11-19T04:23:31.735+0000] {logging_mixin.py:190} INFO - [2024-11-19T04:23:31.734+0000] {dagbag.py:588} INFO - Filling up the DagBag from /home/airflow/.local/lib/python3.12/site-packages/airflow/example_dags/example_sensors.py
[2024-11-19T04:23:31.750+0000] {processor.py:925} INFO - DAG(s) 'example_sensors' retrieved from /home/airflow/.local/lib/python3.12/site-packages/airflow/example_dags/example_sensors.py
[2024-11-19T04:23:31.791+0000] {logging_mixin.py:190} INFO - [2024-11-19T04:23:31.791+0000] {dag.py:3239} INFO - Sync 1 DAGs
[2024-11-19T04:23:31.812+0000] {logging_mixin.py:190} INFO - [2024-11-19T04:23:31.812+0000] {dag.py:4180} INFO - Setting next_dagrun for example_sensors to None, run_after=None
[2024-11-19T04:23:31.849+0000] {processor.py:208} INFO - Processing /home/airflow/.local/lib/python3.12/site-packages/airflow/example_dags/example_sensors.py took 0.126 seconds
[2024-11-19T04:24:02.194+0000] {processor.py:186} INFO - Started process (PID=2160) to work on /home/airflow/.local/lib/python3.12/site-packages/airflow/example_dags/example_sensors.py
[2024-11-19T04:24:02.196+0000] {processor.py:914} INFO - Processing file /home/airflow/.local/lib/python3.12/site-packages/airflow/example_dags/example_sensors.py for tasks to queue
[2024-11-19T04:24:02.198+0000] {logging_mixin.py:190} INFO - [2024-11-19T04:24:02.198+0000] {dagbag.py:588} INFO - Filling up the DagBag from /home/airflow/.local/lib/python3.12/site-packages/airflow/example_dags/example_sensors.py
[2024-11-19T04:24:02.212+0000] {processor.py:925} INFO - DAG(s) 'example_sensors' retrieved from /home/airflow/.local/lib/python3.12/site-packages/airflow/example_dags/example_sensors.py
[2024-11-19T04:24:02.240+0000] {logging_mixin.py:190} INFO - [2024-11-19T04:24:02.239+0000] {dag.py:3239} INFO - Sync 1 DAGs
[2024-11-19T04:24:02.264+0000] {logging_mixin.py:190} INFO - [2024-11-19T04:24:02.264+0000] {dag.py:4180} INFO - Setting next_dagrun for example_sensors to None, run_after=None
[2024-11-19T04:24:02.300+0000] {processor.py:208} INFO - Processing /home/airflow/.local/lib/python3.12/site-packages/airflow/example_dags/example_sensors.py took 0.113 seconds
[2024-11-19T04:24:34.812+0000] {processor.py:186} INFO - Started process (PID=2225) to work on /home/airflow/.local/lib/python3.12/site-packages/airflow/example_dags/example_sensors.py
[2024-11-19T04:24:34.813+0000] {processor.py:914} INFO - Processing file /home/airflow/.local/lib/python3.12/site-packages/airflow/example_dags/example_sensors.py for tasks to queue
[2024-11-19T04:24:34.816+0000] {logging_mixin.py:190} INFO - [2024-11-19T04:24:34.816+0000] {dagbag.py:588} INFO - Filling up the DagBag from /home/airflow/.local/lib/python3.12/site-packages/airflow/example_dags/example_sensors.py
[2024-11-19T04:24:34.831+0000] {processor.py:925} INFO - DAG(s) 'example_sensors' retrieved from /home/airflow/.local/lib/python3.12/site-packages/airflow/example_dags/example_sensors.py
[2024-11-19T04:24:34.872+0000] {logging_mixin.py:190} INFO - [2024-11-19T04:24:34.872+0000] {dag.py:3239} INFO - Sync 1 DAGs
[2024-11-19T04:24:34.893+0000] {logging_mixin.py:190} INFO - [2024-11-19T04:24:34.892+0000] {dag.py:4180} INFO - Setting next_dagrun for example_sensors to None, run_after=None
[2024-11-19T04:24:34.918+0000] {processor.py:208} INFO - Processing /home/airflow/.local/lib/python3.12/site-packages/airflow/example_dags/example_sensors.py took 0.113 seconds
