[2024-11-19T03:51:18.365+0000] {processor.py:186} INFO - Started process (PID=114) to work on /home/airflow/.local/lib/python3.12/site-packages/airflow/example_dags/example_sla_dag.py
[2024-11-19T03:51:18.366+0000] {processor.py:914} INFO - Processing file /home/airflow/.local/lib/python3.12/site-packages/airflow/example_dags/example_sla_dag.py for tasks to queue
[2024-11-19T03:51:18.369+0000] {logging_mixin.py:190} INFO - [2024-11-19T03:51:18.369+0000] {dagbag.py:588} INFO - Filling up the DagBag from /home/airflow/.local/lib/python3.12/site-packages/airflow/example_dags/example_sla_dag.py
[2024-11-19T03:51:18.377+0000] {processor.py:925} INFO - DAG(s) 'example_sla_dag' retrieved from /home/airflow/.local/lib/python3.12/site-packages/airflow/example_dags/example_sla_dag.py
[2024-11-19T03:51:18.543+0000] {logging_mixin.py:190} INFO - [2024-11-19T03:51:18.542+0000] {override.py:1911} INFO - Created Permission View: can read on DAG:example_sla_dag
[2024-11-19T03:51:18.556+0000] {logging_mixin.py:190} INFO - [2024-11-19T03:51:18.555+0000] {override.py:1911} INFO - Created Permission View: can edit on DAG:example_sla_dag
[2024-11-19T03:51:18.564+0000] {logging_mixin.py:190} INFO - [2024-11-19T03:51:18.563+0000] {override.py:1911} INFO - Created Permission View: can delete on DAG:example_sla_dag
[2024-11-19T03:51:18.572+0000] {logging_mixin.py:190} INFO - [2024-11-19T03:51:18.572+0000] {override.py:1911} INFO - Created Permission View: can read on DAG Run:example_sla_dag
[2024-11-19T03:51:18.580+0000] {logging_mixin.py:190} INFO - [2024-11-19T03:51:18.580+0000] {override.py:1911} INFO - Created Permission View: menu access on DAG Run:example_sla_dag
[2024-11-19T03:51:18.589+0000] {logging_mixin.py:190} INFO - [2024-11-19T03:51:18.589+0000] {override.py:1911} INFO - Created Permission View: can create on DAG Run:example_sla_dag
[2024-11-19T03:51:18.598+0000] {logging_mixin.py:190} INFO - [2024-11-19T03:51:18.598+0000] {override.py:1911} INFO - Created Permission View: can delete on DAG Run:example_sla_dag
[2024-11-19T03:51:18.599+0000] {logging_mixin.py:190} INFO - [2024-11-19T03:51:18.598+0000] {dag.py:3239} INFO - Sync 1 DAGs
[2024-11-19T03:51:18.615+0000] {logging_mixin.py:190} INFO - [2024-11-19T03:51:18.614+0000] {dag.py:3262} INFO - Creating ORM DAG for example_sla_dag
[2024-11-19T03:51:18.632+0000] {logging_mixin.py:190} INFO - [2024-11-19T03:51:18.631+0000] {dag.py:4180} INFO - Setting next_dagrun for example_sla_dag to 2024-11-19 03:48:00+00:00, run_after=2024-11-19 03:50:00+00:00
[2024-11-19T03:51:18.649+0000] {processor.py:208} INFO - Processing /home/airflow/.local/lib/python3.12/site-packages/airflow/example_dags/example_sla_dag.py took 0.288 seconds
[2024-11-19T03:51:48.789+0000] {processor.py:186} INFO - Started process (PID=178) to work on /home/airflow/.local/lib/python3.12/site-packages/airflow/example_dags/example_sla_dag.py
[2024-11-19T03:51:48.791+0000] {processor.py:914} INFO - Processing file /home/airflow/.local/lib/python3.12/site-packages/airflow/example_dags/example_sla_dag.py for tasks to queue
[2024-11-19T03:51:48.792+0000] {logging_mixin.py:190} INFO - [2024-11-19T03:51:48.792+0000] {dagbag.py:588} INFO - Filling up the DagBag from /home/airflow/.local/lib/python3.12/site-packages/airflow/example_dags/example_sla_dag.py
[2024-11-19T03:51:48.800+0000] {processor.py:925} INFO - DAG(s) 'example_sla_dag' retrieved from /home/airflow/.local/lib/python3.12/site-packages/airflow/example_dags/example_sla_dag.py
[2024-11-19T03:51:48.814+0000] {logging_mixin.py:190} INFO - [2024-11-19T03:51:48.814+0000] {dag.py:3239} INFO - Sync 1 DAGs
[2024-11-19T03:51:48.833+0000] {logging_mixin.py:190} INFO - [2024-11-19T03:51:48.833+0000] {dag.py:4180} INFO - Setting next_dagrun for example_sla_dag to 2024-11-19 03:48:00+00:00, run_after=2024-11-19 03:50:00+00:00
[2024-11-19T03:51:48.848+0000] {processor.py:208} INFO - Processing /home/airflow/.local/lib/python3.12/site-packages/airflow/example_dags/example_sla_dag.py took 0.063 seconds
[2024-11-19T03:52:19.241+0000] {processor.py:186} INFO - Started process (PID=242) to work on /home/airflow/.local/lib/python3.12/site-packages/airflow/example_dags/example_sla_dag.py
[2024-11-19T03:52:19.242+0000] {processor.py:914} INFO - Processing file /home/airflow/.local/lib/python3.12/site-packages/airflow/example_dags/example_sla_dag.py for tasks to queue
[2024-11-19T03:52:19.244+0000] {logging_mixin.py:190} INFO - [2024-11-19T03:52:19.244+0000] {dagbag.py:588} INFO - Filling up the DagBag from /home/airflow/.local/lib/python3.12/site-packages/airflow/example_dags/example_sla_dag.py
[2024-11-19T03:52:19.258+0000] {processor.py:925} INFO - DAG(s) 'example_sla_dag' retrieved from /home/airflow/.local/lib/python3.12/site-packages/airflow/example_dags/example_sla_dag.py
[2024-11-19T03:52:19.284+0000] {logging_mixin.py:190} INFO - [2024-11-19T03:52:19.283+0000] {dag.py:3239} INFO - Sync 1 DAGs
[2024-11-19T03:52:19.314+0000] {logging_mixin.py:190} INFO - [2024-11-19T03:52:19.314+0000] {dag.py:4180} INFO - Setting next_dagrun for example_sla_dag to 2024-11-19 03:50:00+00:00, run_after=2024-11-19 03:52:00+00:00
[2024-11-19T03:52:19.334+0000] {processor.py:208} INFO - Processing /home/airflow/.local/lib/python3.12/site-packages/airflow/example_dags/example_sla_dag.py took 0.098 seconds
[2024-11-19T03:52:49.810+0000] {processor.py:186} INFO - Started process (PID=306) to work on /home/airflow/.local/lib/python3.12/site-packages/airflow/example_dags/example_sla_dag.py
[2024-11-19T03:52:49.811+0000] {processor.py:914} INFO - Processing file /home/airflow/.local/lib/python3.12/site-packages/airflow/example_dags/example_sla_dag.py for tasks to queue
[2024-11-19T03:52:49.814+0000] {logging_mixin.py:190} INFO - [2024-11-19T03:52:49.813+0000] {dagbag.py:588} INFO - Filling up the DagBag from /home/airflow/.local/lib/python3.12/site-packages/airflow/example_dags/example_sla_dag.py
[2024-11-19T03:52:49.820+0000] {processor.py:925} INFO - DAG(s) 'example_sla_dag' retrieved from /home/airflow/.local/lib/python3.12/site-packages/airflow/example_dags/example_sla_dag.py
[2024-11-19T03:52:49.835+0000] {logging_mixin.py:190} INFO - [2024-11-19T03:52:49.835+0000] {dag.py:3239} INFO - Sync 1 DAGs
[2024-11-19T03:52:49.854+0000] {logging_mixin.py:190} INFO - [2024-11-19T03:52:49.854+0000] {dag.py:4180} INFO - Setting next_dagrun for example_sla_dag to 2024-11-19 03:50:00+00:00, run_after=2024-11-19 03:52:00+00:00
[2024-11-19T03:52:49.870+0000] {processor.py:208} INFO - Processing /home/airflow/.local/lib/python3.12/site-packages/airflow/example_dags/example_sla_dag.py took 0.064 seconds
[2024-11-19T03:53:20.327+0000] {processor.py:186} INFO - Started process (PID=370) to work on /home/airflow/.local/lib/python3.12/site-packages/airflow/example_dags/example_sla_dag.py
[2024-11-19T03:53:20.328+0000] {processor.py:914} INFO - Processing file /home/airflow/.local/lib/python3.12/site-packages/airflow/example_dags/example_sla_dag.py for tasks to queue
[2024-11-19T03:53:20.329+0000] {logging_mixin.py:190} INFO - [2024-11-19T03:53:20.329+0000] {dagbag.py:588} INFO - Filling up the DagBag from /home/airflow/.local/lib/python3.12/site-packages/airflow/example_dags/example_sla_dag.py
[2024-11-19T03:53:20.336+0000] {processor.py:925} INFO - DAG(s) 'example_sla_dag' retrieved from /home/airflow/.local/lib/python3.12/site-packages/airflow/example_dags/example_sla_dag.py
[2024-11-19T03:53:20.354+0000] {logging_mixin.py:190} INFO - [2024-11-19T03:53:20.353+0000] {dag.py:3239} INFO - Sync 1 DAGs
[2024-11-19T03:53:20.373+0000] {logging_mixin.py:190} INFO - [2024-11-19T03:53:20.372+0000] {dag.py:4180} INFO - Setting next_dagrun for example_sla_dag to 2024-11-19 03:50:00+00:00, run_after=2024-11-19 03:52:00+00:00
[2024-11-19T03:53:20.386+0000] {processor.py:208} INFO - Processing /home/airflow/.local/lib/python3.12/site-packages/airflow/example_dags/example_sla_dag.py took 0.063 seconds
[2024-11-19T03:53:50.901+0000] {processor.py:186} INFO - Started process (PID=434) to work on /home/airflow/.local/lib/python3.12/site-packages/airflow/example_dags/example_sla_dag.py
[2024-11-19T03:53:50.902+0000] {processor.py:914} INFO - Processing file /home/airflow/.local/lib/python3.12/site-packages/airflow/example_dags/example_sla_dag.py for tasks to queue
[2024-11-19T03:53:50.905+0000] {logging_mixin.py:190} INFO - [2024-11-19T03:53:50.904+0000] {dagbag.py:588} INFO - Filling up the DagBag from /home/airflow/.local/lib/python3.12/site-packages/airflow/example_dags/example_sla_dag.py
[2024-11-19T03:53:50.912+0000] {processor.py:925} INFO - DAG(s) 'example_sla_dag' retrieved from /home/airflow/.local/lib/python3.12/site-packages/airflow/example_dags/example_sla_dag.py
[2024-11-19T03:53:50.927+0000] {logging_mixin.py:190} INFO - [2024-11-19T03:53:50.927+0000] {dag.py:3239} INFO - Sync 1 DAGs
[2024-11-19T03:53:50.946+0000] {logging_mixin.py:190} INFO - [2024-11-19T03:53:50.946+0000] {dag.py:4180} INFO - Setting next_dagrun for example_sla_dag to 2024-11-19 03:50:00+00:00, run_after=2024-11-19 03:52:00+00:00
[2024-11-19T03:53:50.960+0000] {processor.py:208} INFO - Processing /home/airflow/.local/lib/python3.12/site-packages/airflow/example_dags/example_sla_dag.py took 0.064 seconds
[2024-11-19T03:54:21.308+0000] {processor.py:186} INFO - Started process (PID=498) to work on /home/airflow/.local/lib/python3.12/site-packages/airflow/example_dags/example_sla_dag.py
[2024-11-19T03:54:21.309+0000] {processor.py:914} INFO - Processing file /home/airflow/.local/lib/python3.12/site-packages/airflow/example_dags/example_sla_dag.py for tasks to queue
[2024-11-19T03:54:21.311+0000] {logging_mixin.py:190} INFO - [2024-11-19T03:54:21.311+0000] {dagbag.py:588} INFO - Filling up the DagBag from /home/airflow/.local/lib/python3.12/site-packages/airflow/example_dags/example_sla_dag.py
[2024-11-19T03:54:21.318+0000] {processor.py:925} INFO - DAG(s) 'example_sla_dag' retrieved from /home/airflow/.local/lib/python3.12/site-packages/airflow/example_dags/example_sla_dag.py
[2024-11-19T03:54:21.344+0000] {logging_mixin.py:190} INFO - [2024-11-19T03:54:21.344+0000] {dag.py:3239} INFO - Sync 1 DAGs
[2024-11-19T03:54:21.383+0000] {logging_mixin.py:190} INFO - [2024-11-19T03:54:21.383+0000] {dag.py:4180} INFO - Setting next_dagrun for example_sla_dag to 2024-11-19 03:52:00+00:00, run_after=2024-11-19 03:54:00+00:00
[2024-11-19T03:54:21.411+0000] {processor.py:208} INFO - Processing /home/airflow/.local/lib/python3.12/site-packages/airflow/example_dags/example_sla_dag.py took 0.108 seconds
[2024-11-19T03:54:52.658+0000] {processor.py:186} INFO - Started process (PID=562) to work on /home/airflow/.local/lib/python3.12/site-packages/airflow/example_dags/example_sla_dag.py
[2024-11-19T03:54:52.660+0000] {processor.py:914} INFO - Processing file /home/airflow/.local/lib/python3.12/site-packages/airflow/example_dags/example_sla_dag.py for tasks to queue
[2024-11-19T03:54:52.663+0000] {logging_mixin.py:190} INFO - [2024-11-19T03:54:52.662+0000] {dagbag.py:588} INFO - Filling up the DagBag from /home/airflow/.local/lib/python3.12/site-packages/airflow/example_dags/example_sla_dag.py
[2024-11-19T03:54:52.684+0000] {processor.py:925} INFO - DAG(s) 'example_sla_dag' retrieved from /home/airflow/.local/lib/python3.12/site-packages/airflow/example_dags/example_sla_dag.py
[2024-11-19T03:54:52.707+0000] {logging_mixin.py:190} INFO - [2024-11-19T03:54:52.707+0000] {dag.py:3239} INFO - Sync 1 DAGs
[2024-11-19T03:54:52.754+0000] {logging_mixin.py:190} INFO - [2024-11-19T03:54:52.754+0000] {dag.py:4180} INFO - Setting next_dagrun for example_sla_dag to 2024-11-19 03:52:00+00:00, run_after=2024-11-19 03:54:00+00:00
[2024-11-19T03:54:52.788+0000] {processor.py:208} INFO - Processing /home/airflow/.local/lib/python3.12/site-packages/airflow/example_dags/example_sla_dag.py took 0.137 seconds
[2024-11-19T03:55:23.100+0000] {processor.py:186} INFO - Started process (PID=626) to work on /home/airflow/.local/lib/python3.12/site-packages/airflow/example_dags/example_sla_dag.py
[2024-11-19T03:55:23.101+0000] {processor.py:914} INFO - Processing file /home/airflow/.local/lib/python3.12/site-packages/airflow/example_dags/example_sla_dag.py for tasks to queue
[2024-11-19T03:55:23.103+0000] {logging_mixin.py:190} INFO - [2024-11-19T03:55:23.102+0000] {dagbag.py:588} INFO - Filling up the DagBag from /home/airflow/.local/lib/python3.12/site-packages/airflow/example_dags/example_sla_dag.py
[2024-11-19T03:55:23.110+0000] {processor.py:925} INFO - DAG(s) 'example_sla_dag' retrieved from /home/airflow/.local/lib/python3.12/site-packages/airflow/example_dags/example_sla_dag.py
[2024-11-19T03:55:23.124+0000] {logging_mixin.py:190} INFO - [2024-11-19T03:55:23.124+0000] {dag.py:3239} INFO - Sync 1 DAGs
[2024-11-19T03:55:23.142+0000] {logging_mixin.py:190} INFO - [2024-11-19T03:55:23.142+0000] {dag.py:4180} INFO - Setting next_dagrun for example_sla_dag to 2024-11-19 03:52:00+00:00, run_after=2024-11-19 03:54:00+00:00
[2024-11-19T03:55:23.157+0000] {processor.py:208} INFO - Processing /home/airflow/.local/lib/python3.12/site-packages/airflow/example_dags/example_sla_dag.py took 0.061 seconds
[2024-11-19T03:55:54.499+0000] {processor.py:186} INFO - Started process (PID=690) to work on /home/airflow/.local/lib/python3.12/site-packages/airflow/example_dags/example_sla_dag.py
[2024-11-19T03:55:54.500+0000] {processor.py:914} INFO - Processing file /home/airflow/.local/lib/python3.12/site-packages/airflow/example_dags/example_sla_dag.py for tasks to queue
[2024-11-19T03:55:54.502+0000] {logging_mixin.py:190} INFO - [2024-11-19T03:55:54.501+0000] {dagbag.py:588} INFO - Filling up the DagBag from /home/airflow/.local/lib/python3.12/site-packages/airflow/example_dags/example_sla_dag.py
[2024-11-19T03:55:54.509+0000] {processor.py:925} INFO - DAG(s) 'example_sla_dag' retrieved from /home/airflow/.local/lib/python3.12/site-packages/airflow/example_dags/example_sla_dag.py
[2024-11-19T03:55:54.522+0000] {logging_mixin.py:190} INFO - [2024-11-19T03:55:54.522+0000] {dag.py:3239} INFO - Sync 1 DAGs
[2024-11-19T03:55:54.540+0000] {logging_mixin.py:190} INFO - [2024-11-19T03:55:54.540+0000] {dag.py:4180} INFO - Setting next_dagrun for example_sla_dag to 2024-11-19 03:52:00+00:00, run_after=2024-11-19 03:54:00+00:00
[2024-11-19T03:55:54.553+0000] {processor.py:208} INFO - Processing /home/airflow/.local/lib/python3.12/site-packages/airflow/example_dags/example_sla_dag.py took 0.058 seconds
[2024-11-19T03:56:26.187+0000] {processor.py:186} INFO - Started process (PID=755) to work on /home/airflow/.local/lib/python3.12/site-packages/airflow/example_dags/example_sla_dag.py
[2024-11-19T03:56:26.189+0000] {processor.py:914} INFO - Processing file /home/airflow/.local/lib/python3.12/site-packages/airflow/example_dags/example_sla_dag.py for tasks to queue
[2024-11-19T03:56:26.194+0000] {logging_mixin.py:190} INFO - [2024-11-19T03:56:26.193+0000] {dagbag.py:588} INFO - Filling up the DagBag from /home/airflow/.local/lib/python3.12/site-packages/airflow/example_dags/example_sla_dag.py
[2024-11-19T03:56:26.206+0000] {processor.py:925} INFO - DAG(s) 'example_sla_dag' retrieved from /home/airflow/.local/lib/python3.12/site-packages/airflow/example_dags/example_sla_dag.py
[2024-11-19T03:56:26.227+0000] {logging_mixin.py:190} INFO - [2024-11-19T03:56:26.227+0000] {dag.py:3239} INFO - Sync 1 DAGs
[2024-11-19T03:56:26.280+0000] {logging_mixin.py:190} INFO - [2024-11-19T03:56:26.279+0000] {dag.py:4180} INFO - Setting next_dagrun for example_sla_dag to 2024-11-19 03:54:00+00:00, run_after=2024-11-19 03:56:00+00:00
[2024-11-19T03:56:26.311+0000] {processor.py:208} INFO - Processing /home/airflow/.local/lib/python3.12/site-packages/airflow/example_dags/example_sla_dag.py took 0.133 seconds
[2024-11-19T03:57:00.966+0000] {processor.py:186} INFO - Started process (PID=824) to work on /home/airflow/.local/lib/python3.12/site-packages/airflow/example_dags/example_sla_dag.py
[2024-11-19T03:57:00.969+0000] {processor.py:914} INFO - Processing file /home/airflow/.local/lib/python3.12/site-packages/airflow/example_dags/example_sla_dag.py for tasks to queue
[2024-11-19T03:57:00.977+0000] {logging_mixin.py:190} INFO - [2024-11-19T03:57:00.975+0000] {dagbag.py:588} INFO - Filling up the DagBag from /home/airflow/.local/lib/python3.12/site-packages/airflow/example_dags/example_sla_dag.py
[2024-11-19T03:57:01.032+0000] {processor.py:925} INFO - DAG(s) 'example_sla_dag' retrieved from /home/airflow/.local/lib/python3.12/site-packages/airflow/example_dags/example_sla_dag.py
[2024-11-19T03:57:01.068+0000] {logging_mixin.py:190} INFO - [2024-11-19T03:57:01.067+0000] {dag.py:3239} INFO - Sync 1 DAGs
[2024-11-19T03:57:01.109+0000] {logging_mixin.py:190} INFO - [2024-11-19T03:57:01.108+0000] {dag.py:4180} INFO - Setting next_dagrun for example_sla_dag to 2024-11-19 03:54:00+00:00, run_after=2024-11-19 03:56:00+00:00
[2024-11-19T03:57:01.144+0000] {processor.py:208} INFO - Processing /home/airflow/.local/lib/python3.12/site-packages/airflow/example_dags/example_sla_dag.py took 0.192 seconds
[2024-11-19T03:57:31.409+0000] {processor.py:186} INFO - Started process (PID=911) to work on /home/airflow/.local/lib/python3.12/site-packages/airflow/example_dags/example_sla_dag.py
[2024-11-19T03:57:31.410+0000] {processor.py:914} INFO - Processing file /home/airflow/.local/lib/python3.12/site-packages/airflow/example_dags/example_sla_dag.py for tasks to queue
[2024-11-19T03:57:31.412+0000] {logging_mixin.py:190} INFO - [2024-11-19T03:57:31.412+0000] {dagbag.py:588} INFO - Filling up the DagBag from /home/airflow/.local/lib/python3.12/site-packages/airflow/example_dags/example_sla_dag.py
[2024-11-19T03:57:31.420+0000] {processor.py:925} INFO - DAG(s) 'example_sla_dag' retrieved from /home/airflow/.local/lib/python3.12/site-packages/airflow/example_dags/example_sla_dag.py
[2024-11-19T03:57:31.441+0000] {logging_mixin.py:190} INFO - [2024-11-19T03:57:31.441+0000] {dag.py:3239} INFO - Sync 1 DAGs
[2024-11-19T03:57:31.472+0000] {logging_mixin.py:190} INFO - [2024-11-19T03:57:31.472+0000] {dag.py:4180} INFO - Setting next_dagrun for example_sla_dag to 2024-11-19 03:54:00+00:00, run_after=2024-11-19 03:56:00+00:00
[2024-11-19T03:57:31.500+0000] {processor.py:208} INFO - Processing /home/airflow/.local/lib/python3.12/site-packages/airflow/example_dags/example_sla_dag.py took 0.096 seconds
[2024-11-19T03:58:01.644+0000] {processor.py:186} INFO - Started process (PID=976) to work on /home/airflow/.local/lib/python3.12/site-packages/airflow/example_dags/example_sla_dag.py
[2024-11-19T03:58:01.644+0000] {processor.py:914} INFO - Processing file /home/airflow/.local/lib/python3.12/site-packages/airflow/example_dags/example_sla_dag.py for tasks to queue
[2024-11-19T03:58:01.646+0000] {logging_mixin.py:190} INFO - [2024-11-19T03:58:01.646+0000] {dagbag.py:588} INFO - Filling up the DagBag from /home/airflow/.local/lib/python3.12/site-packages/airflow/example_dags/example_sla_dag.py
[2024-11-19T03:58:01.654+0000] {processor.py:925} INFO - DAG(s) 'example_sla_dag' retrieved from /home/airflow/.local/lib/python3.12/site-packages/airflow/example_dags/example_sla_dag.py
[2024-11-19T03:58:01.668+0000] {logging_mixin.py:190} INFO - [2024-11-19T03:58:01.668+0000] {dag.py:3239} INFO - Sync 1 DAGs
[2024-11-19T03:58:01.688+0000] {logging_mixin.py:190} INFO - [2024-11-19T03:58:01.688+0000] {dag.py:4180} INFO - Setting next_dagrun for example_sla_dag to 2024-11-19 03:56:00+00:00, run_after=2024-11-19 03:58:00+00:00
[2024-11-19T03:58:01.705+0000] {processor.py:208} INFO - Processing /home/airflow/.local/lib/python3.12/site-packages/airflow/example_dags/example_sla_dag.py took 0.066 seconds
[2024-11-19T03:58:32.502+0000] {processor.py:186} INFO - Started process (PID=1041) to work on /home/airflow/.local/lib/python3.12/site-packages/airflow/example_dags/example_sla_dag.py
[2024-11-19T03:58:32.503+0000] {processor.py:914} INFO - Processing file /home/airflow/.local/lib/python3.12/site-packages/airflow/example_dags/example_sla_dag.py for tasks to queue
[2024-11-19T03:58:32.505+0000] {logging_mixin.py:190} INFO - [2024-11-19T03:58:32.505+0000] {dagbag.py:588} INFO - Filling up the DagBag from /home/airflow/.local/lib/python3.12/site-packages/airflow/example_dags/example_sla_dag.py
[2024-11-19T03:58:32.514+0000] {processor.py:925} INFO - DAG(s) 'example_sla_dag' retrieved from /home/airflow/.local/lib/python3.12/site-packages/airflow/example_dags/example_sla_dag.py
[2024-11-19T03:58:32.528+0000] {logging_mixin.py:190} INFO - [2024-11-19T03:58:32.528+0000] {dag.py:3239} INFO - Sync 1 DAGs
[2024-11-19T03:58:32.551+0000] {logging_mixin.py:190} INFO - [2024-11-19T03:58:32.551+0000] {dag.py:4180} INFO - Setting next_dagrun for example_sla_dag to 2024-11-19 03:56:00+00:00, run_after=2024-11-19 03:58:00+00:00
[2024-11-19T03:58:32.568+0000] {processor.py:208} INFO - Processing /home/airflow/.local/lib/python3.12/site-packages/airflow/example_dags/example_sla_dag.py took 0.070 seconds
[2024-11-19T03:59:03.095+0000] {processor.py:186} INFO - Started process (PID=1107) to work on /home/airflow/.local/lib/python3.12/site-packages/airflow/example_dags/example_sla_dag.py
[2024-11-19T03:59:03.096+0000] {processor.py:914} INFO - Processing file /home/airflow/.local/lib/python3.12/site-packages/airflow/example_dags/example_sla_dag.py for tasks to queue
[2024-11-19T03:59:03.097+0000] {logging_mixin.py:190} INFO - [2024-11-19T03:59:03.097+0000] {dagbag.py:588} INFO - Filling up the DagBag from /home/airflow/.local/lib/python3.12/site-packages/airflow/example_dags/example_sla_dag.py
[2024-11-19T03:59:03.105+0000] {processor.py:925} INFO - DAG(s) 'example_sla_dag' retrieved from /home/airflow/.local/lib/python3.12/site-packages/airflow/example_dags/example_sla_dag.py
[2024-11-19T03:59:03.120+0000] {logging_mixin.py:190} INFO - [2024-11-19T03:59:03.120+0000] {dag.py:3239} INFO - Sync 1 DAGs
[2024-11-19T03:59:03.140+0000] {logging_mixin.py:190} INFO - [2024-11-19T03:59:03.140+0000] {dag.py:4180} INFO - Setting next_dagrun for example_sla_dag to 2024-11-19 03:56:00+00:00, run_after=2024-11-19 03:58:00+00:00
[2024-11-19T03:59:03.156+0000] {processor.py:208} INFO - Processing /home/airflow/.local/lib/python3.12/site-packages/airflow/example_dags/example_sla_dag.py took 0.066 seconds
[2024-11-19T03:59:33.514+0000] {processor.py:186} INFO - Started process (PID=1171) to work on /home/airflow/.local/lib/python3.12/site-packages/airflow/example_dags/example_sla_dag.py
[2024-11-19T03:59:33.515+0000] {processor.py:914} INFO - Processing file /home/airflow/.local/lib/python3.12/site-packages/airflow/example_dags/example_sla_dag.py for tasks to queue
[2024-11-19T03:59:33.517+0000] {logging_mixin.py:190} INFO - [2024-11-19T03:59:33.517+0000] {dagbag.py:588} INFO - Filling up the DagBag from /home/airflow/.local/lib/python3.12/site-packages/airflow/example_dags/example_sla_dag.py
[2024-11-19T03:59:33.524+0000] {processor.py:925} INFO - DAG(s) 'example_sla_dag' retrieved from /home/airflow/.local/lib/python3.12/site-packages/airflow/example_dags/example_sla_dag.py
[2024-11-19T03:59:33.538+0000] {logging_mixin.py:190} INFO - [2024-11-19T03:59:33.538+0000] {dag.py:3239} INFO - Sync 1 DAGs
[2024-11-19T03:59:33.556+0000] {logging_mixin.py:190} INFO - [2024-11-19T03:59:33.556+0000] {dag.py:4180} INFO - Setting next_dagrun for example_sla_dag to 2024-11-19 03:56:00+00:00, run_after=2024-11-19 03:58:00+00:00
[2024-11-19T03:59:33.570+0000] {processor.py:208} INFO - Processing /home/airflow/.local/lib/python3.12/site-packages/airflow/example_dags/example_sla_dag.py took 0.060 seconds
[2024-11-19T04:00:05.122+0000] {processor.py:186} INFO - Started process (PID=1237) to work on /home/airflow/.local/lib/python3.12/site-packages/airflow/example_dags/example_sla_dag.py
[2024-11-19T04:00:05.123+0000] {processor.py:914} INFO - Processing file /home/airflow/.local/lib/python3.12/site-packages/airflow/example_dags/example_sla_dag.py for tasks to queue
[2024-11-19T04:00:05.126+0000] {logging_mixin.py:190} INFO - [2024-11-19T04:00:05.125+0000] {dagbag.py:588} INFO - Filling up the DagBag from /home/airflow/.local/lib/python3.12/site-packages/airflow/example_dags/example_sla_dag.py
[2024-11-19T04:00:05.133+0000] {processor.py:925} INFO - DAG(s) 'example_sla_dag' retrieved from /home/airflow/.local/lib/python3.12/site-packages/airflow/example_dags/example_sla_dag.py
[2024-11-19T04:00:05.146+0000] {logging_mixin.py:190} INFO - [2024-11-19T04:00:05.146+0000] {dag.py:3239} INFO - Sync 1 DAGs
[2024-11-19T04:00:05.164+0000] {logging_mixin.py:190} INFO - [2024-11-19T04:00:05.163+0000] {dag.py:4180} INFO - Setting next_dagrun for example_sla_dag to 2024-11-19 03:58:00+00:00, run_after=2024-11-19 04:00:00+00:00
[2024-11-19T04:00:05.178+0000] {processor.py:208} INFO - Processing /home/airflow/.local/lib/python3.12/site-packages/airflow/example_dags/example_sla_dag.py took 0.060 seconds
[2024-11-19T04:00:36.558+0000] {processor.py:186} INFO - Started process (PID=1302) to work on /home/airflow/.local/lib/python3.12/site-packages/airflow/example_dags/example_sla_dag.py
[2024-11-19T04:00:36.559+0000] {processor.py:914} INFO - Processing file /home/airflow/.local/lib/python3.12/site-packages/airflow/example_dags/example_sla_dag.py for tasks to queue
[2024-11-19T04:00:36.561+0000] {logging_mixin.py:190} INFO - [2024-11-19T04:00:36.560+0000] {dagbag.py:588} INFO - Filling up the DagBag from /home/airflow/.local/lib/python3.12/site-packages/airflow/example_dags/example_sla_dag.py
[2024-11-19T04:00:36.568+0000] {processor.py:925} INFO - DAG(s) 'example_sla_dag' retrieved from /home/airflow/.local/lib/python3.12/site-packages/airflow/example_dags/example_sla_dag.py
[2024-11-19T04:00:36.581+0000] {logging_mixin.py:190} INFO - [2024-11-19T04:00:36.581+0000] {dag.py:3239} INFO - Sync 1 DAGs
[2024-11-19T04:00:36.601+0000] {logging_mixin.py:190} INFO - [2024-11-19T04:00:36.600+0000] {dag.py:4180} INFO - Setting next_dagrun for example_sla_dag to 2024-11-19 03:58:00+00:00, run_after=2024-11-19 04:00:00+00:00
[2024-11-19T04:00:36.615+0000] {processor.py:208} INFO - Processing /home/airflow/.local/lib/python3.12/site-packages/airflow/example_dags/example_sla_dag.py took 0.061 seconds
[2024-11-19T04:01:07.117+0000] {processor.py:186} INFO - Started process (PID=1367) to work on /home/airflow/.local/lib/python3.12/site-packages/airflow/example_dags/example_sla_dag.py
[2024-11-19T04:01:07.118+0000] {processor.py:914} INFO - Processing file /home/airflow/.local/lib/python3.12/site-packages/airflow/example_dags/example_sla_dag.py for tasks to queue
[2024-11-19T04:01:07.120+0000] {logging_mixin.py:190} INFO - [2024-11-19T04:01:07.119+0000] {dagbag.py:588} INFO - Filling up the DagBag from /home/airflow/.local/lib/python3.12/site-packages/airflow/example_dags/example_sla_dag.py
[2024-11-19T04:01:07.126+0000] {processor.py:925} INFO - DAG(s) 'example_sla_dag' retrieved from /home/airflow/.local/lib/python3.12/site-packages/airflow/example_dags/example_sla_dag.py
[2024-11-19T04:01:07.139+0000] {logging_mixin.py:190} INFO - [2024-11-19T04:01:07.139+0000] {dag.py:3239} INFO - Sync 1 DAGs
[2024-11-19T04:01:07.156+0000] {logging_mixin.py:190} INFO - [2024-11-19T04:01:07.155+0000] {dag.py:4180} INFO - Setting next_dagrun for example_sla_dag to 2024-11-19 03:58:00+00:00, run_after=2024-11-19 04:00:00+00:00
[2024-11-19T04:01:07.168+0000] {processor.py:208} INFO - Processing /home/airflow/.local/lib/python3.12/site-packages/airflow/example_dags/example_sla_dag.py took 0.055 seconds
[2024-11-19T04:01:38.475+0000] {processor.py:186} INFO - Started process (PID=1438) to work on /home/airflow/.local/lib/python3.12/site-packages/airflow/example_dags/example_sla_dag.py
[2024-11-19T04:01:38.476+0000] {processor.py:914} INFO - Processing file /home/airflow/.local/lib/python3.12/site-packages/airflow/example_dags/example_sla_dag.py for tasks to queue
[2024-11-19T04:01:38.478+0000] {logging_mixin.py:190} INFO - [2024-11-19T04:01:38.478+0000] {dagbag.py:588} INFO - Filling up the DagBag from /home/airflow/.local/lib/python3.12/site-packages/airflow/example_dags/example_sla_dag.py
[2024-11-19T04:01:38.485+0000] {processor.py:925} INFO - DAG(s) 'example_sla_dag' retrieved from /home/airflow/.local/lib/python3.12/site-packages/airflow/example_dags/example_sla_dag.py
[2024-11-19T04:01:38.502+0000] {logging_mixin.py:190} INFO - [2024-11-19T04:01:38.502+0000] {dag.py:3239} INFO - Sync 1 DAGs
[2024-11-19T04:01:38.521+0000] {logging_mixin.py:190} INFO - [2024-11-19T04:01:38.521+0000] {dag.py:4180} INFO - Setting next_dagrun for example_sla_dag to 2024-11-19 03:58:00+00:00, run_after=2024-11-19 04:00:00+00:00
[2024-11-19T04:01:38.538+0000] {processor.py:208} INFO - Processing /home/airflow/.local/lib/python3.12/site-packages/airflow/example_dags/example_sla_dag.py took 0.066 seconds
[2024-11-19T04:02:11.183+0000] {processor.py:186} INFO - Started process (PID=1503) to work on /home/airflow/.local/lib/python3.12/site-packages/airflow/example_dags/example_sla_dag.py
[2024-11-19T04:02:11.184+0000] {processor.py:914} INFO - Processing file /home/airflow/.local/lib/python3.12/site-packages/airflow/example_dags/example_sla_dag.py for tasks to queue
[2024-11-19T04:02:11.186+0000] {logging_mixin.py:190} INFO - [2024-11-19T04:02:11.186+0000] {dagbag.py:588} INFO - Filling up the DagBag from /home/airflow/.local/lib/python3.12/site-packages/airflow/example_dags/example_sla_dag.py
[2024-11-19T04:02:11.195+0000] {processor.py:925} INFO - DAG(s) 'example_sla_dag' retrieved from /home/airflow/.local/lib/python3.12/site-packages/airflow/example_dags/example_sla_dag.py
[2024-11-19T04:02:11.211+0000] {logging_mixin.py:190} INFO - [2024-11-19T04:02:11.210+0000] {dag.py:3239} INFO - Sync 1 DAGs
[2024-11-19T04:02:11.231+0000] {logging_mixin.py:190} INFO - [2024-11-19T04:02:11.231+0000] {dag.py:4180} INFO - Setting next_dagrun for example_sla_dag to 2024-11-19 04:00:00+00:00, run_after=2024-11-19 04:02:00+00:00
[2024-11-19T04:02:11.250+0000] {processor.py:208} INFO - Processing /home/airflow/.local/lib/python3.12/site-packages/airflow/example_dags/example_sla_dag.py took 0.072 seconds
[2024-11-19T04:07:14.588+0000] {processor.py:186} INFO - Started process (PID=1561) to work on /home/airflow/.local/lib/python3.12/site-packages/airflow/example_dags/example_sla_dag.py
[2024-11-19T04:07:14.589+0000] {processor.py:914} INFO - Processing file /home/airflow/.local/lib/python3.12/site-packages/airflow/example_dags/example_sla_dag.py for tasks to queue
[2024-11-19T04:07:14.592+0000] {logging_mixin.py:190} INFO - [2024-11-19T04:07:14.591+0000] {dagbag.py:588} INFO - Filling up the DagBag from /home/airflow/.local/lib/python3.12/site-packages/airflow/example_dags/example_sla_dag.py
[2024-11-19T04:07:14.604+0000] {processor.py:925} INFO - DAG(s) 'example_sla_dag' retrieved from /home/airflow/.local/lib/python3.12/site-packages/airflow/example_dags/example_sla_dag.py
[2024-11-19T04:07:14.626+0000] {logging_mixin.py:190} INFO - [2024-11-19T04:07:14.626+0000] {dag.py:3239} INFO - Sync 1 DAGs
[2024-11-19T04:07:14.653+0000] {logging_mixin.py:190} INFO - [2024-11-19T04:07:14.653+0000] {dag.py:4180} INFO - Setting next_dagrun for example_sla_dag to 2024-11-19 04:04:00+00:00, run_after=2024-11-19 04:06:00+00:00
[2024-11-19T04:07:14.674+0000] {processor.py:208} INFO - Processing /home/airflow/.local/lib/python3.12/site-packages/airflow/example_dags/example_sla_dag.py took 0.093 seconds
[2024-11-19T04:07:46.550+0000] {processor.py:186} INFO - Started process (PID=1626) to work on /home/airflow/.local/lib/python3.12/site-packages/airflow/example_dags/example_sla_dag.py
[2024-11-19T04:07:46.551+0000] {processor.py:914} INFO - Processing file /home/airflow/.local/lib/python3.12/site-packages/airflow/example_dags/example_sla_dag.py for tasks to queue
[2024-11-19T04:07:46.553+0000] {logging_mixin.py:190} INFO - [2024-11-19T04:07:46.553+0000] {dagbag.py:588} INFO - Filling up the DagBag from /home/airflow/.local/lib/python3.12/site-packages/airflow/example_dags/example_sla_dag.py
[2024-11-19T04:07:46.567+0000] {processor.py:925} INFO - DAG(s) 'example_sla_dag' retrieved from /home/airflow/.local/lib/python3.12/site-packages/airflow/example_dags/example_sla_dag.py
[2024-11-19T04:07:46.595+0000] {logging_mixin.py:190} INFO - [2024-11-19T04:07:46.595+0000] {dag.py:3239} INFO - Sync 1 DAGs
[2024-11-19T04:07:46.648+0000] {logging_mixin.py:190} INFO - [2024-11-19T04:07:46.647+0000] {dag.py:4180} INFO - Setting next_dagrun for example_sla_dag to 2024-11-19 04:04:00+00:00, run_after=2024-11-19 04:06:00+00:00
[2024-11-19T04:07:46.674+0000] {processor.py:208} INFO - Processing /home/airflow/.local/lib/python3.12/site-packages/airflow/example_dags/example_sla_dag.py took 0.132 seconds
[2024-11-19T04:08:17.817+0000] {processor.py:186} INFO - Started process (PID=1691) to work on /home/airflow/.local/lib/python3.12/site-packages/airflow/example_dags/example_sla_dag.py
[2024-11-19T04:08:17.818+0000] {processor.py:914} INFO - Processing file /home/airflow/.local/lib/python3.12/site-packages/airflow/example_dags/example_sla_dag.py for tasks to queue
[2024-11-19T04:08:17.821+0000] {logging_mixin.py:190} INFO - [2024-11-19T04:08:17.821+0000] {dagbag.py:588} INFO - Filling up the DagBag from /home/airflow/.local/lib/python3.12/site-packages/airflow/example_dags/example_sla_dag.py
[2024-11-19T04:08:17.836+0000] {processor.py:925} INFO - DAG(s) 'example_sla_dag' retrieved from /home/airflow/.local/lib/python3.12/site-packages/airflow/example_dags/example_sla_dag.py
[2024-11-19T04:08:17.858+0000] {logging_mixin.py:190} INFO - [2024-11-19T04:08:17.857+0000] {dag.py:3239} INFO - Sync 1 DAGs
[2024-11-19T04:08:17.888+0000] {logging_mixin.py:190} INFO - [2024-11-19T04:08:17.887+0000] {dag.py:4180} INFO - Setting next_dagrun for example_sla_dag to 2024-11-19 04:06:00+00:00, run_after=2024-11-19 04:08:00+00:00
[2024-11-19T04:08:17.910+0000] {processor.py:208} INFO - Processing /home/airflow/.local/lib/python3.12/site-packages/airflow/example_dags/example_sla_dag.py took 0.112 seconds
[2024-11-19T04:08:49.219+0000] {processor.py:186} INFO - Started process (PID=1756) to work on /home/airflow/.local/lib/python3.12/site-packages/airflow/example_dags/example_sla_dag.py
[2024-11-19T04:08:49.221+0000] {processor.py:914} INFO - Processing file /home/airflow/.local/lib/python3.12/site-packages/airflow/example_dags/example_sla_dag.py for tasks to queue
[2024-11-19T04:08:49.223+0000] {logging_mixin.py:190} INFO - [2024-11-19T04:08:49.223+0000] {dagbag.py:588} INFO - Filling up the DagBag from /home/airflow/.local/lib/python3.12/site-packages/airflow/example_dags/example_sla_dag.py
[2024-11-19T04:08:49.234+0000] {processor.py:925} INFO - DAG(s) 'example_sla_dag' retrieved from /home/airflow/.local/lib/python3.12/site-packages/airflow/example_dags/example_sla_dag.py
[2024-11-19T04:08:49.254+0000] {logging_mixin.py:190} INFO - [2024-11-19T04:08:49.254+0000] {dag.py:3239} INFO - Sync 1 DAGs
[2024-11-19T04:08:49.281+0000] {logging_mixin.py:190} INFO - [2024-11-19T04:08:49.281+0000] {dag.py:4180} INFO - Setting next_dagrun for example_sla_dag to 2024-11-19 04:06:00+00:00, run_after=2024-11-19 04:08:00+00:00
[2024-11-19T04:08:49.313+0000] {processor.py:208} INFO - Processing /home/airflow/.local/lib/python3.12/site-packages/airflow/example_dags/example_sla_dag.py took 0.102 seconds
[2024-11-19T04:09:19.745+0000] {processor.py:186} INFO - Started process (PID=1821) to work on /home/airflow/.local/lib/python3.12/site-packages/airflow/example_dags/example_sla_dag.py
[2024-11-19T04:09:19.746+0000] {processor.py:914} INFO - Processing file /home/airflow/.local/lib/python3.12/site-packages/airflow/example_dags/example_sla_dag.py for tasks to queue
[2024-11-19T04:09:19.749+0000] {logging_mixin.py:190} INFO - [2024-11-19T04:09:19.749+0000] {dagbag.py:588} INFO - Filling up the DagBag from /home/airflow/.local/lib/python3.12/site-packages/airflow/example_dags/example_sla_dag.py
[2024-11-19T04:09:19.764+0000] {processor.py:925} INFO - DAG(s) 'example_sla_dag' retrieved from /home/airflow/.local/lib/python3.12/site-packages/airflow/example_dags/example_sla_dag.py
[2024-11-19T04:09:19.790+0000] {logging_mixin.py:190} INFO - [2024-11-19T04:09:19.790+0000] {dag.py:3239} INFO - Sync 1 DAGs
[2024-11-19T04:09:19.818+0000] {logging_mixin.py:190} INFO - [2024-11-19T04:09:19.817+0000] {dag.py:4180} INFO - Setting next_dagrun for example_sla_dag to 2024-11-19 04:06:00+00:00, run_after=2024-11-19 04:08:00+00:00
[2024-11-19T04:09:19.839+0000] {processor.py:208} INFO - Processing /home/airflow/.local/lib/python3.12/site-packages/airflow/example_dags/example_sla_dag.py took 0.102 seconds
[2024-11-19T04:09:51.753+0000] {processor.py:186} INFO - Started process (PID=1886) to work on /home/airflow/.local/lib/python3.12/site-packages/airflow/example_dags/example_sla_dag.py
[2024-11-19T04:09:51.754+0000] {processor.py:914} INFO - Processing file /home/airflow/.local/lib/python3.12/site-packages/airflow/example_dags/example_sla_dag.py for tasks to queue
[2024-11-19T04:09:51.757+0000] {logging_mixin.py:190} INFO - [2024-11-19T04:09:51.756+0000] {dagbag.py:588} INFO - Filling up the DagBag from /home/airflow/.local/lib/python3.12/site-packages/airflow/example_dags/example_sla_dag.py
[2024-11-19T04:09:51.770+0000] {processor.py:925} INFO - DAG(s) 'example_sla_dag' retrieved from /home/airflow/.local/lib/python3.12/site-packages/airflow/example_dags/example_sla_dag.py
[2024-11-19T04:09:51.790+0000] {logging_mixin.py:190} INFO - [2024-11-19T04:09:51.790+0000] {dag.py:3239} INFO - Sync 1 DAGs
[2024-11-19T04:09:51.819+0000] {logging_mixin.py:190} INFO - [2024-11-19T04:09:51.819+0000] {dag.py:4180} INFO - Setting next_dagrun for example_sla_dag to 2024-11-19 04:06:00+00:00, run_after=2024-11-19 04:08:00+00:00
[2024-11-19T04:09:51.840+0000] {processor.py:208} INFO - Processing /home/airflow/.local/lib/python3.12/site-packages/airflow/example_dags/example_sla_dag.py took 0.093 seconds
[2024-11-19T04:10:22.520+0000] {processor.py:186} INFO - Started process (PID=1951) to work on /home/airflow/.local/lib/python3.12/site-packages/airflow/example_dags/example_sla_dag.py
[2024-11-19T04:10:22.521+0000] {processor.py:914} INFO - Processing file /home/airflow/.local/lib/python3.12/site-packages/airflow/example_dags/example_sla_dag.py for tasks to queue
[2024-11-19T04:10:22.524+0000] {logging_mixin.py:190} INFO - [2024-11-19T04:10:22.523+0000] {dagbag.py:588} INFO - Filling up the DagBag from /home/airflow/.local/lib/python3.12/site-packages/airflow/example_dags/example_sla_dag.py
[2024-11-19T04:10:22.541+0000] {processor.py:925} INFO - DAG(s) 'example_sla_dag' retrieved from /home/airflow/.local/lib/python3.12/site-packages/airflow/example_dags/example_sla_dag.py
[2024-11-19T04:10:22.576+0000] {logging_mixin.py:190} INFO - [2024-11-19T04:10:22.576+0000] {dag.py:3239} INFO - Sync 1 DAGs
[2024-11-19T04:10:22.611+0000] {logging_mixin.py:190} INFO - [2024-11-19T04:10:22.611+0000] {dag.py:4180} INFO - Setting next_dagrun for example_sla_dag to 2024-11-19 04:08:00+00:00, run_after=2024-11-19 04:10:00+00:00
[2024-11-19T04:10:22.635+0000] {processor.py:208} INFO - Processing /home/airflow/.local/lib/python3.12/site-packages/airflow/example_dags/example_sla_dag.py took 0.122 seconds
[2024-11-19T04:10:53.471+0000] {processor.py:186} INFO - Started process (PID=2016) to work on /home/airflow/.local/lib/python3.12/site-packages/airflow/example_dags/example_sla_dag.py
[2024-11-19T04:10:53.472+0000] {processor.py:914} INFO - Processing file /home/airflow/.local/lib/python3.12/site-packages/airflow/example_dags/example_sla_dag.py for tasks to queue
[2024-11-19T04:10:53.476+0000] {logging_mixin.py:190} INFO - [2024-11-19T04:10:53.475+0000] {dagbag.py:588} INFO - Filling up the DagBag from /home/airflow/.local/lib/python3.12/site-packages/airflow/example_dags/example_sla_dag.py
[2024-11-19T04:10:53.488+0000] {processor.py:925} INFO - DAG(s) 'example_sla_dag' retrieved from /home/airflow/.local/lib/python3.12/site-packages/airflow/example_dags/example_sla_dag.py
[2024-11-19T04:10:53.511+0000] {logging_mixin.py:190} INFO - [2024-11-19T04:10:53.510+0000] {dag.py:3239} INFO - Sync 1 DAGs
[2024-11-19T04:10:53.550+0000] {logging_mixin.py:190} INFO - [2024-11-19T04:10:53.549+0000] {dag.py:4180} INFO - Setting next_dagrun for example_sla_dag to 2024-11-19 04:08:00+00:00, run_after=2024-11-19 04:10:00+00:00
[2024-11-19T04:10:53.570+0000] {processor.py:208} INFO - Processing /home/airflow/.local/lib/python3.12/site-packages/airflow/example_dags/example_sla_dag.py took 0.108 seconds
[2024-11-19T04:23:30.134+0000] {processor.py:186} INFO - Started process (PID=2081) to work on /home/airflow/.local/lib/python3.12/site-packages/airflow/example_dags/example_sla_dag.py
[2024-11-19T04:23:30.135+0000] {processor.py:914} INFO - Processing file /home/airflow/.local/lib/python3.12/site-packages/airflow/example_dags/example_sla_dag.py for tasks to queue
[2024-11-19T04:23:30.137+0000] {logging_mixin.py:190} INFO - [2024-11-19T04:23:30.137+0000] {dagbag.py:588} INFO - Filling up the DagBag from /home/airflow/.local/lib/python3.12/site-packages/airflow/example_dags/example_sla_dag.py
[2024-11-19T04:23:30.150+0000] {processor.py:925} INFO - DAG(s) 'example_sla_dag' retrieved from /home/airflow/.local/lib/python3.12/site-packages/airflow/example_dags/example_sla_dag.py
[2024-11-19T04:23:30.171+0000] {logging_mixin.py:190} INFO - [2024-11-19T04:23:30.171+0000] {dag.py:3239} INFO - Sync 1 DAGs
[2024-11-19T04:23:30.233+0000] {logging_mixin.py:190} INFO - [2024-11-19T04:23:30.232+0000] {dag.py:4180} INFO - Setting next_dagrun for example_sla_dag to 2024-11-19 04:20:00+00:00, run_after=2024-11-19 04:22:00+00:00
[2024-11-19T04:23:30.294+0000] {processor.py:208} INFO - Processing /home/airflow/.local/lib/python3.12/site-packages/airflow/example_dags/example_sla_dag.py took 0.166 seconds
[2024-11-19T04:24:01.185+0000] {processor.py:186} INFO - Started process (PID=2146) to work on /home/airflow/.local/lib/python3.12/site-packages/airflow/example_dags/example_sla_dag.py
[2024-11-19T04:24:01.187+0000] {processor.py:914} INFO - Processing file /home/airflow/.local/lib/python3.12/site-packages/airflow/example_dags/example_sla_dag.py for tasks to queue
[2024-11-19T04:24:01.191+0000] {logging_mixin.py:190} INFO - [2024-11-19T04:24:01.190+0000] {dagbag.py:588} INFO - Filling up the DagBag from /home/airflow/.local/lib/python3.12/site-packages/airflow/example_dags/example_sla_dag.py
[2024-11-19T04:24:01.204+0000] {processor.py:925} INFO - DAG(s) 'example_sla_dag' retrieved from /home/airflow/.local/lib/python3.12/site-packages/airflow/example_dags/example_sla_dag.py
[2024-11-19T04:24:01.234+0000] {logging_mixin.py:190} INFO - [2024-11-19T04:24:01.234+0000] {dag.py:3239} INFO - Sync 1 DAGs
[2024-11-19T04:24:01.269+0000] {logging_mixin.py:190} INFO - [2024-11-19T04:24:01.269+0000] {dag.py:4180} INFO - Setting next_dagrun for example_sla_dag to 2024-11-19 04:22:00+00:00, run_after=2024-11-19 04:24:00+00:00
[2024-11-19T04:24:01.300+0000] {processor.py:208} INFO - Processing /home/airflow/.local/lib/python3.12/site-packages/airflow/example_dags/example_sla_dag.py took 0.123 seconds
[2024-11-19T04:24:33.548+0000] {processor.py:186} INFO - Started process (PID=2211) to work on /home/airflow/.local/lib/python3.12/site-packages/airflow/example_dags/example_sla_dag.py
[2024-11-19T04:24:33.549+0000] {processor.py:914} INFO - Processing file /home/airflow/.local/lib/python3.12/site-packages/airflow/example_dags/example_sla_dag.py for tasks to queue
[2024-11-19T04:24:33.552+0000] {logging_mixin.py:190} INFO - [2024-11-19T04:24:33.551+0000] {dagbag.py:588} INFO - Filling up the DagBag from /home/airflow/.local/lib/python3.12/site-packages/airflow/example_dags/example_sla_dag.py
[2024-11-19T04:24:33.563+0000] {processor.py:925} INFO - DAG(s) 'example_sla_dag' retrieved from /home/airflow/.local/lib/python3.12/site-packages/airflow/example_dags/example_sla_dag.py
[2024-11-19T04:24:33.594+0000] {logging_mixin.py:190} INFO - [2024-11-19T04:24:33.594+0000] {dag.py:3239} INFO - Sync 1 DAGs
[2024-11-19T04:24:33.650+0000] {logging_mixin.py:190} INFO - [2024-11-19T04:24:33.649+0000] {dag.py:4180} INFO - Setting next_dagrun for example_sla_dag to 2024-11-19 04:22:00+00:00, run_after=2024-11-19 04:24:00+00:00
[2024-11-19T04:24:33.674+0000] {processor.py:208} INFO - Processing /home/airflow/.local/lib/python3.12/site-packages/airflow/example_dags/example_sla_dag.py took 0.134 seconds
