[2024-11-19T03:51:17.892+0000] {processor.py:186} INFO - Started process (PID=111) to work on /home/airflow/.local/lib/python3.12/site-packages/airflow/example_dags/example_sensor_decorator.py
[2024-11-19T03:51:17.893+0000] {processor.py:914} INFO - Processing file /home/airflow/.local/lib/python3.12/site-packages/airflow/example_dags/example_sensor_decorator.py for tasks to queue
[2024-11-19T03:51:17.895+0000] {logging_mixin.py:190} INFO - [2024-11-19T03:51:17.895+0000] {dagbag.py:588} INFO - Filling up the DagBag from /home/airflow/.local/lib/python3.12/site-packages/airflow/example_dags/example_sensor_decorator.py
[2024-11-19T03:51:17.903+0000] {processor.py:925} INFO - DAG(s) 'example_sensor_decorator' retrieved from /home/airflow/.local/lib/python3.12/site-packages/airflow/example_dags/example_sensor_decorator.py
[2024-11-19T03:51:17.998+0000] {logging_mixin.py:190} INFO - [2024-11-19T03:51:17.997+0000] {override.py:1911} INFO - Created Permission View: can read on DAG:example_sensor_decorator
[2024-11-19T03:51:18.009+0000] {logging_mixin.py:190} INFO - [2024-11-19T03:51:18.009+0000] {override.py:1911} INFO - Created Permission View: can edit on DAG:example_sensor_decorator
[2024-11-19T03:51:18.017+0000] {logging_mixin.py:190} INFO - [2024-11-19T03:51:18.017+0000] {override.py:1911} INFO - Created Permission View: can delete on DAG:example_sensor_decorator
[2024-11-19T03:51:18.027+0000] {logging_mixin.py:190} INFO - [2024-11-19T03:51:18.026+0000] {override.py:1911} INFO - Created Permission View: can read on DAG Run:example_sensor_decorator
[2024-11-19T03:51:18.035+0000] {logging_mixin.py:190} INFO - [2024-11-19T03:51:18.035+0000] {override.py:1911} INFO - Created Permission View: menu access on DAG Run:example_sensor_decorator
[2024-11-19T03:51:18.044+0000] {logging_mixin.py:190} INFO - [2024-11-19T03:51:18.044+0000] {override.py:1911} INFO - Created Permission View: can create on DAG Run:example_sensor_decorator
[2024-11-19T03:51:18.054+0000] {logging_mixin.py:190} INFO - [2024-11-19T03:51:18.053+0000] {override.py:1911} INFO - Created Permission View: can delete on DAG Run:example_sensor_decorator
[2024-11-19T03:51:18.055+0000] {logging_mixin.py:190} INFO - [2024-11-19T03:51:18.055+0000] {dag.py:3239} INFO - Sync 1 DAGs
[2024-11-19T03:51:18.066+0000] {logging_mixin.py:190} INFO - [2024-11-19T03:51:18.065+0000] {dag.py:3262} INFO - Creating ORM DAG for example_sensor_decorator
[2024-11-19T03:51:18.067+0000] {logging_mixin.py:190} INFO - [2024-11-19T03:51:18.067+0000] {dag.py:4180} INFO - Setting next_dagrun for example_sensor_decorator to None, run_after=None
[2024-11-19T03:51:18.089+0000] {processor.py:208} INFO - Processing /home/airflow/.local/lib/python3.12/site-packages/airflow/example_dags/example_sensor_decorator.py took 0.203 seconds
[2024-11-19T03:51:48.564+0000] {processor.py:186} INFO - Started process (PID=175) to work on /home/airflow/.local/lib/python3.12/site-packages/airflow/example_dags/example_sensor_decorator.py
[2024-11-19T03:51:48.565+0000] {processor.py:914} INFO - Processing file /home/airflow/.local/lib/python3.12/site-packages/airflow/example_dags/example_sensor_decorator.py for tasks to queue
[2024-11-19T03:51:48.567+0000] {logging_mixin.py:190} INFO - [2024-11-19T03:51:48.567+0000] {dagbag.py:588} INFO - Filling up the DagBag from /home/airflow/.local/lib/python3.12/site-packages/airflow/example_dags/example_sensor_decorator.py
[2024-11-19T03:51:48.575+0000] {processor.py:925} INFO - DAG(s) 'example_sensor_decorator' retrieved from /home/airflow/.local/lib/python3.12/site-packages/airflow/example_dags/example_sensor_decorator.py
[2024-11-19T03:51:48.592+0000] {logging_mixin.py:190} INFO - [2024-11-19T03:51:48.592+0000] {dag.py:3239} INFO - Sync 1 DAGs
[2024-11-19T03:51:48.603+0000] {logging_mixin.py:190} INFO - [2024-11-19T03:51:48.602+0000] {dag.py:4180} INFO - Setting next_dagrun for example_sensor_decorator to None, run_after=None
[2024-11-19T03:51:48.616+0000] {processor.py:208} INFO - Processing /home/airflow/.local/lib/python3.12/site-packages/airflow/example_dags/example_sensor_decorator.py took 0.056 seconds
[2024-11-19T03:52:19.046+0000] {processor.py:186} INFO - Started process (PID=239) to work on /home/airflow/.local/lib/python3.12/site-packages/airflow/example_dags/example_sensor_decorator.py
[2024-11-19T03:52:19.048+0000] {processor.py:914} INFO - Processing file /home/airflow/.local/lib/python3.12/site-packages/airflow/example_dags/example_sensor_decorator.py for tasks to queue
[2024-11-19T03:52:19.049+0000] {logging_mixin.py:190} INFO - [2024-11-19T03:52:19.049+0000] {dagbag.py:588} INFO - Filling up the DagBag from /home/airflow/.local/lib/python3.12/site-packages/airflow/example_dags/example_sensor_decorator.py
[2024-11-19T03:52:19.057+0000] {processor.py:925} INFO - DAG(s) 'example_sensor_decorator' retrieved from /home/airflow/.local/lib/python3.12/site-packages/airflow/example_dags/example_sensor_decorator.py
[2024-11-19T03:52:19.071+0000] {logging_mixin.py:190} INFO - [2024-11-19T03:52:19.071+0000] {dag.py:3239} INFO - Sync 1 DAGs
[2024-11-19T03:52:19.082+0000] {logging_mixin.py:190} INFO - [2024-11-19T03:52:19.082+0000] {dag.py:4180} INFO - Setting next_dagrun for example_sensor_decorator to None, run_after=None
[2024-11-19T03:52:19.099+0000] {processor.py:208} INFO - Processing /home/airflow/.local/lib/python3.12/site-packages/airflow/example_dags/example_sensor_decorator.py took 0.056 seconds
[2024-11-19T03:52:49.584+0000] {processor.py:186} INFO - Started process (PID=303) to work on /home/airflow/.local/lib/python3.12/site-packages/airflow/example_dags/example_sensor_decorator.py
[2024-11-19T03:52:49.585+0000] {processor.py:914} INFO - Processing file /home/airflow/.local/lib/python3.12/site-packages/airflow/example_dags/example_sensor_decorator.py for tasks to queue
[2024-11-19T03:52:49.588+0000] {logging_mixin.py:190} INFO - [2024-11-19T03:52:49.587+0000] {dagbag.py:588} INFO - Filling up the DagBag from /home/airflow/.local/lib/python3.12/site-packages/airflow/example_dags/example_sensor_decorator.py
[2024-11-19T03:52:49.594+0000] {processor.py:925} INFO - DAG(s) 'example_sensor_decorator' retrieved from /home/airflow/.local/lib/python3.12/site-packages/airflow/example_dags/example_sensor_decorator.py
[2024-11-19T03:52:49.609+0000] {logging_mixin.py:190} INFO - [2024-11-19T03:52:49.609+0000] {dag.py:3239} INFO - Sync 1 DAGs
[2024-11-19T03:52:49.620+0000] {logging_mixin.py:190} INFO - [2024-11-19T03:52:49.619+0000] {dag.py:4180} INFO - Setting next_dagrun for example_sensor_decorator to None, run_after=None
[2024-11-19T03:52:49.646+0000] {processor.py:208} INFO - Processing /home/airflow/.local/lib/python3.12/site-packages/airflow/example_dags/example_sensor_decorator.py took 0.065 seconds
[2024-11-19T03:53:20.134+0000] {processor.py:186} INFO - Started process (PID=367) to work on /home/airflow/.local/lib/python3.12/site-packages/airflow/example_dags/example_sensor_decorator.py
[2024-11-19T03:53:20.135+0000] {processor.py:914} INFO - Processing file /home/airflow/.local/lib/python3.12/site-packages/airflow/example_dags/example_sensor_decorator.py for tasks to queue
[2024-11-19T03:53:20.138+0000] {logging_mixin.py:190} INFO - [2024-11-19T03:53:20.137+0000] {dagbag.py:588} INFO - Filling up the DagBag from /home/airflow/.local/lib/python3.12/site-packages/airflow/example_dags/example_sensor_decorator.py
[2024-11-19T03:53:20.145+0000] {processor.py:925} INFO - DAG(s) 'example_sensor_decorator' retrieved from /home/airflow/.local/lib/python3.12/site-packages/airflow/example_dags/example_sensor_decorator.py
[2024-11-19T03:53:20.159+0000] {logging_mixin.py:190} INFO - [2024-11-19T03:53:20.159+0000] {dag.py:3239} INFO - Sync 1 DAGs
[2024-11-19T03:53:20.171+0000] {logging_mixin.py:190} INFO - [2024-11-19T03:53:20.170+0000] {dag.py:4180} INFO - Setting next_dagrun for example_sensor_decorator to None, run_after=None
[2024-11-19T03:53:20.186+0000] {processor.py:208} INFO - Processing /home/airflow/.local/lib/python3.12/site-packages/airflow/example_dags/example_sensor_decorator.py took 0.056 seconds
[2024-11-19T03:53:50.699+0000] {processor.py:186} INFO - Started process (PID=431) to work on /home/airflow/.local/lib/python3.12/site-packages/airflow/example_dags/example_sensor_decorator.py
[2024-11-19T03:53:50.700+0000] {processor.py:914} INFO - Processing file /home/airflow/.local/lib/python3.12/site-packages/airflow/example_dags/example_sensor_decorator.py for tasks to queue
[2024-11-19T03:53:50.702+0000] {logging_mixin.py:190} INFO - [2024-11-19T03:53:50.701+0000] {dagbag.py:588} INFO - Filling up the DagBag from /home/airflow/.local/lib/python3.12/site-packages/airflow/example_dags/example_sensor_decorator.py
[2024-11-19T03:53:50.708+0000] {processor.py:925} INFO - DAG(s) 'example_sensor_decorator' retrieved from /home/airflow/.local/lib/python3.12/site-packages/airflow/example_dags/example_sensor_decorator.py
[2024-11-19T03:53:50.722+0000] {logging_mixin.py:190} INFO - [2024-11-19T03:53:50.722+0000] {dag.py:3239} INFO - Sync 1 DAGs
[2024-11-19T03:53:50.734+0000] {logging_mixin.py:190} INFO - [2024-11-19T03:53:50.734+0000] {dag.py:4180} INFO - Setting next_dagrun for example_sensor_decorator to None, run_after=None
[2024-11-19T03:53:50.750+0000] {processor.py:208} INFO - Processing /home/airflow/.local/lib/python3.12/site-packages/airflow/example_dags/example_sensor_decorator.py took 0.056 seconds
[2024-11-19T03:54:21.116+0000] {processor.py:186} INFO - Started process (PID=495) to work on /home/airflow/.local/lib/python3.12/site-packages/airflow/example_dags/example_sensor_decorator.py
[2024-11-19T03:54:21.117+0000] {processor.py:914} INFO - Processing file /home/airflow/.local/lib/python3.12/site-packages/airflow/example_dags/example_sensor_decorator.py for tasks to queue
[2024-11-19T03:54:21.120+0000] {logging_mixin.py:190} INFO - [2024-11-19T03:54:21.119+0000] {dagbag.py:588} INFO - Filling up the DagBag from /home/airflow/.local/lib/python3.12/site-packages/airflow/example_dags/example_sensor_decorator.py
[2024-11-19T03:54:21.126+0000] {processor.py:925} INFO - DAG(s) 'example_sensor_decorator' retrieved from /home/airflow/.local/lib/python3.12/site-packages/airflow/example_dags/example_sensor_decorator.py
[2024-11-19T03:54:21.143+0000] {logging_mixin.py:190} INFO - [2024-11-19T03:54:21.143+0000] {dag.py:3239} INFO - Sync 1 DAGs
[2024-11-19T03:54:21.157+0000] {logging_mixin.py:190} INFO - [2024-11-19T03:54:21.156+0000] {dag.py:4180} INFO - Setting next_dagrun for example_sensor_decorator to None, run_after=None
[2024-11-19T03:54:21.174+0000] {processor.py:208} INFO - Processing /home/airflow/.local/lib/python3.12/site-packages/airflow/example_dags/example_sensor_decorator.py took 0.061 seconds
[2024-11-19T03:54:52.363+0000] {processor.py:186} INFO - Started process (PID=559) to work on /home/airflow/.local/lib/python3.12/site-packages/airflow/example_dags/example_sensor_decorator.py
[2024-11-19T03:54:52.364+0000] {processor.py:914} INFO - Processing file /home/airflow/.local/lib/python3.12/site-packages/airflow/example_dags/example_sensor_decorator.py for tasks to queue
[2024-11-19T03:54:52.367+0000] {logging_mixin.py:190} INFO - [2024-11-19T03:54:52.367+0000] {dagbag.py:588} INFO - Filling up the DagBag from /home/airflow/.local/lib/python3.12/site-packages/airflow/example_dags/example_sensor_decorator.py
[2024-11-19T03:54:52.379+0000] {processor.py:925} INFO - DAG(s) 'example_sensor_decorator' retrieved from /home/airflow/.local/lib/python3.12/site-packages/airflow/example_dags/example_sensor_decorator.py
[2024-11-19T03:54:52.406+0000] {logging_mixin.py:190} INFO - [2024-11-19T03:54:52.405+0000] {dag.py:3239} INFO - Sync 1 DAGs
[2024-11-19T03:54:52.422+0000] {logging_mixin.py:190} INFO - [2024-11-19T03:54:52.422+0000] {dag.py:4180} INFO - Setting next_dagrun for example_sensor_decorator to None, run_after=None
[2024-11-19T03:54:52.445+0000] {processor.py:208} INFO - Processing /home/airflow/.local/lib/python3.12/site-packages/airflow/example_dags/example_sensor_decorator.py took 0.091 seconds
[2024-11-19T03:55:22.985+0000] {processor.py:186} INFO - Started process (PID=623) to work on /home/airflow/.local/lib/python3.12/site-packages/airflow/example_dags/example_sensor_decorator.py
[2024-11-19T03:55:22.986+0000] {processor.py:914} INFO - Processing file /home/airflow/.local/lib/python3.12/site-packages/airflow/example_dags/example_sensor_decorator.py for tasks to queue
[2024-11-19T03:55:22.987+0000] {logging_mixin.py:190} INFO - [2024-11-19T03:55:22.987+0000] {dagbag.py:588} INFO - Filling up the DagBag from /home/airflow/.local/lib/python3.12/site-packages/airflow/example_dags/example_sensor_decorator.py
[2024-11-19T03:55:22.993+0000] {processor.py:925} INFO - DAG(s) 'example_sensor_decorator' retrieved from /home/airflow/.local/lib/python3.12/site-packages/airflow/example_dags/example_sensor_decorator.py
[2024-11-19T03:55:23.007+0000] {logging_mixin.py:190} INFO - [2024-11-19T03:55:23.007+0000] {dag.py:3239} INFO - Sync 1 DAGs
[2024-11-19T03:55:23.017+0000] {logging_mixin.py:190} INFO - [2024-11-19T03:55:23.017+0000] {dag.py:4180} INFO - Setting next_dagrun for example_sensor_decorator to None, run_after=None
[2024-11-19T03:55:23.032+0000] {processor.py:208} INFO - Processing /home/airflow/.local/lib/python3.12/site-packages/airflow/example_dags/example_sensor_decorator.py took 0.051 seconds
[2024-11-19T03:55:54.377+0000] {processor.py:186} INFO - Started process (PID=687) to work on /home/airflow/.local/lib/python3.12/site-packages/airflow/example_dags/example_sensor_decorator.py
[2024-11-19T03:55:54.378+0000] {processor.py:914} INFO - Processing file /home/airflow/.local/lib/python3.12/site-packages/airflow/example_dags/example_sensor_decorator.py for tasks to queue
[2024-11-19T03:55:54.380+0000] {logging_mixin.py:190} INFO - [2024-11-19T03:55:54.379+0000] {dagbag.py:588} INFO - Filling up the DagBag from /home/airflow/.local/lib/python3.12/site-packages/airflow/example_dags/example_sensor_decorator.py
[2024-11-19T03:55:54.386+0000] {processor.py:925} INFO - DAG(s) 'example_sensor_decorator' retrieved from /home/airflow/.local/lib/python3.12/site-packages/airflow/example_dags/example_sensor_decorator.py
[2024-11-19T03:55:54.399+0000] {logging_mixin.py:190} INFO - [2024-11-19T03:55:54.399+0000] {dag.py:3239} INFO - Sync 1 DAGs
[2024-11-19T03:55:54.409+0000] {logging_mixin.py:190} INFO - [2024-11-19T03:55:54.409+0000] {dag.py:4180} INFO - Setting next_dagrun for example_sensor_decorator to None, run_after=None
[2024-11-19T03:55:54.423+0000] {processor.py:208} INFO - Processing /home/airflow/.local/lib/python3.12/site-packages/airflow/example_dags/example_sensor_decorator.py took 0.050 seconds
[2024-11-19T03:56:25.907+0000] {processor.py:186} INFO - Started process (PID=752) to work on /home/airflow/.local/lib/python3.12/site-packages/airflow/example_dags/example_sensor_decorator.py
[2024-11-19T03:56:25.908+0000] {processor.py:914} INFO - Processing file /home/airflow/.local/lib/python3.12/site-packages/airflow/example_dags/example_sensor_decorator.py for tasks to queue
[2024-11-19T03:56:25.910+0000] {logging_mixin.py:190} INFO - [2024-11-19T03:56:25.910+0000] {dagbag.py:588} INFO - Filling up the DagBag from /home/airflow/.local/lib/python3.12/site-packages/airflow/example_dags/example_sensor_decorator.py
[2024-11-19T03:56:25.916+0000] {processor.py:925} INFO - DAG(s) 'example_sensor_decorator' retrieved from /home/airflow/.local/lib/python3.12/site-packages/airflow/example_dags/example_sensor_decorator.py
[2024-11-19T03:56:25.975+0000] {logging_mixin.py:190} INFO - [2024-11-19T03:56:25.973+0000] {dag.py:3239} INFO - Sync 1 DAGs
[2024-11-19T03:56:26.019+0000] {logging_mixin.py:190} INFO - [2024-11-19T03:56:26.018+0000] {dag.py:4180} INFO - Setting next_dagrun for example_sensor_decorator to None, run_after=None
[2024-11-19T03:56:26.054+0000] {processor.py:208} INFO - Processing /home/airflow/.local/lib/python3.12/site-packages/airflow/example_dags/example_sensor_decorator.py took 0.152 seconds
[2024-11-19T03:57:00.510+0000] {processor.py:186} INFO - Started process (PID=821) to work on /home/airflow/.local/lib/python3.12/site-packages/airflow/example_dags/example_sensor_decorator.py
[2024-11-19T03:57:00.512+0000] {processor.py:914} INFO - Processing file /home/airflow/.local/lib/python3.12/site-packages/airflow/example_dags/example_sensor_decorator.py for tasks to queue
[2024-11-19T03:57:00.515+0000] {logging_mixin.py:190} INFO - [2024-11-19T03:57:00.515+0000] {dagbag.py:588} INFO - Filling up the DagBag from /home/airflow/.local/lib/python3.12/site-packages/airflow/example_dags/example_sensor_decorator.py
[2024-11-19T03:57:00.534+0000] {processor.py:925} INFO - DAG(s) 'example_sensor_decorator' retrieved from /home/airflow/.local/lib/python3.12/site-packages/airflow/example_dags/example_sensor_decorator.py
[2024-11-19T03:57:00.585+0000] {logging_mixin.py:190} INFO - [2024-11-19T03:57:00.582+0000] {dag.py:3239} INFO - Sync 1 DAGs
[2024-11-19T03:57:00.679+0000] {logging_mixin.py:190} INFO - [2024-11-19T03:57:00.678+0000] {dag.py:4180} INFO - Setting next_dagrun for example_sensor_decorator to None, run_after=None
[2024-11-19T03:57:00.719+0000] {processor.py:208} INFO - Processing /home/airflow/.local/lib/python3.12/site-packages/airflow/example_dags/example_sensor_decorator.py took 0.220 seconds
[2024-11-19T03:57:31.102+0000] {processor.py:186} INFO - Started process (PID=908) to work on /home/airflow/.local/lib/python3.12/site-packages/airflow/example_dags/example_sensor_decorator.py
[2024-11-19T03:57:31.103+0000] {processor.py:914} INFO - Processing file /home/airflow/.local/lib/python3.12/site-packages/airflow/example_dags/example_sensor_decorator.py for tasks to queue
[2024-11-19T03:57:31.106+0000] {logging_mixin.py:190} INFO - [2024-11-19T03:57:31.105+0000] {dagbag.py:588} INFO - Filling up the DagBag from /home/airflow/.local/lib/python3.12/site-packages/airflow/example_dags/example_sensor_decorator.py
[2024-11-19T03:57:31.115+0000] {processor.py:925} INFO - DAG(s) 'example_sensor_decorator' retrieved from /home/airflow/.local/lib/python3.12/site-packages/airflow/example_dags/example_sensor_decorator.py
[2024-11-19T03:57:31.135+0000] {logging_mixin.py:190} INFO - [2024-11-19T03:57:31.134+0000] {dag.py:3239} INFO - Sync 1 DAGs
[2024-11-19T03:57:31.152+0000] {logging_mixin.py:190} INFO - [2024-11-19T03:57:31.152+0000] {dag.py:4180} INFO - Setting next_dagrun for example_sensor_decorator to None, run_after=None
[2024-11-19T03:57:31.174+0000] {processor.py:208} INFO - Processing /home/airflow/.local/lib/python3.12/site-packages/airflow/example_dags/example_sensor_decorator.py took 0.077 seconds
[2024-11-19T03:58:01.338+0000] {processor.py:186} INFO - Started process (PID=973) to work on /home/airflow/.local/lib/python3.12/site-packages/airflow/example_dags/example_sensor_decorator.py
[2024-11-19T03:58:01.339+0000] {processor.py:914} INFO - Processing file /home/airflow/.local/lib/python3.12/site-packages/airflow/example_dags/example_sensor_decorator.py for tasks to queue
[2024-11-19T03:58:01.341+0000] {logging_mixin.py:190} INFO - [2024-11-19T03:58:01.341+0000] {dagbag.py:588} INFO - Filling up the DagBag from /home/airflow/.local/lib/python3.12/site-packages/airflow/example_dags/example_sensor_decorator.py
[2024-11-19T03:58:01.347+0000] {processor.py:925} INFO - DAG(s) 'example_sensor_decorator' retrieved from /home/airflow/.local/lib/python3.12/site-packages/airflow/example_dags/example_sensor_decorator.py
[2024-11-19T03:58:01.364+0000] {logging_mixin.py:190} INFO - [2024-11-19T03:58:01.363+0000] {dag.py:3239} INFO - Sync 1 DAGs
[2024-11-19T03:58:01.377+0000] {logging_mixin.py:190} INFO - [2024-11-19T03:58:01.377+0000] {dag.py:4180} INFO - Setting next_dagrun for example_sensor_decorator to None, run_after=None
[2024-11-19T03:58:01.393+0000] {processor.py:208} INFO - Processing /home/airflow/.local/lib/python3.12/site-packages/airflow/example_dags/example_sensor_decorator.py took 0.059 seconds
[2024-11-19T03:58:31.688+0000] {processor.py:186} INFO - Started process (PID=1037) to work on /home/airflow/.local/lib/python3.12/site-packages/airflow/example_dags/example_sensor_decorator.py
[2024-11-19T03:58:31.689+0000] {processor.py:914} INFO - Processing file /home/airflow/.local/lib/python3.12/site-packages/airflow/example_dags/example_sensor_decorator.py for tasks to queue
[2024-11-19T03:58:31.692+0000] {logging_mixin.py:190} INFO - [2024-11-19T03:58:31.691+0000] {dagbag.py:588} INFO - Filling up the DagBag from /home/airflow/.local/lib/python3.12/site-packages/airflow/example_dags/example_sensor_decorator.py
[2024-11-19T03:58:31.700+0000] {processor.py:925} INFO - DAG(s) 'example_sensor_decorator' retrieved from /home/airflow/.local/lib/python3.12/site-packages/airflow/example_dags/example_sensor_decorator.py
[2024-11-19T03:58:31.717+0000] {logging_mixin.py:190} INFO - [2024-11-19T03:58:31.717+0000] {dag.py:3239} INFO - Sync 1 DAGs
[2024-11-19T03:58:31.729+0000] {logging_mixin.py:190} INFO - [2024-11-19T03:58:31.729+0000] {dag.py:4180} INFO - Setting next_dagrun for example_sensor_decorator to None, run_after=None
[2024-11-19T03:58:31.748+0000] {processor.py:208} INFO - Processing /home/airflow/.local/lib/python3.12/site-packages/airflow/example_dags/example_sensor_decorator.py took 0.065 seconds
[2024-11-19T03:59:02.849+0000] {processor.py:186} INFO - Started process (PID=1103) to work on /home/airflow/.local/lib/python3.12/site-packages/airflow/example_dags/example_sensor_decorator.py
[2024-11-19T03:59:02.850+0000] {processor.py:914} INFO - Processing file /home/airflow/.local/lib/python3.12/site-packages/airflow/example_dags/example_sensor_decorator.py for tasks to queue
[2024-11-19T03:59:02.852+0000] {logging_mixin.py:190} INFO - [2024-11-19T03:59:02.852+0000] {dagbag.py:588} INFO - Filling up the DagBag from /home/airflow/.local/lib/python3.12/site-packages/airflow/example_dags/example_sensor_decorator.py
[2024-11-19T03:59:02.858+0000] {processor.py:925} INFO - DAG(s) 'example_sensor_decorator' retrieved from /home/airflow/.local/lib/python3.12/site-packages/airflow/example_dags/example_sensor_decorator.py
[2024-11-19T03:59:02.872+0000] {logging_mixin.py:190} INFO - [2024-11-19T03:59:02.872+0000] {dag.py:3239} INFO - Sync 1 DAGs
[2024-11-19T03:59:02.882+0000] {logging_mixin.py:190} INFO - [2024-11-19T03:59:02.881+0000] {dag.py:4180} INFO - Setting next_dagrun for example_sensor_decorator to None, run_after=None
[2024-11-19T03:59:02.896+0000] {processor.py:208} INFO - Processing /home/airflow/.local/lib/python3.12/site-packages/airflow/example_dags/example_sensor_decorator.py took 0.051 seconds
[2024-11-19T03:59:33.354+0000] {processor.py:186} INFO - Started process (PID=1168) to work on /home/airflow/.local/lib/python3.12/site-packages/airflow/example_dags/example_sensor_decorator.py
[2024-11-19T03:59:33.355+0000] {processor.py:914} INFO - Processing file /home/airflow/.local/lib/python3.12/site-packages/airflow/example_dags/example_sensor_decorator.py for tasks to queue
[2024-11-19T03:59:33.357+0000] {logging_mixin.py:190} INFO - [2024-11-19T03:59:33.357+0000] {dagbag.py:588} INFO - Filling up the DagBag from /home/airflow/.local/lib/python3.12/site-packages/airflow/example_dags/example_sensor_decorator.py
[2024-11-19T03:59:33.363+0000] {processor.py:925} INFO - DAG(s) 'example_sensor_decorator' retrieved from /home/airflow/.local/lib/python3.12/site-packages/airflow/example_dags/example_sensor_decorator.py
[2024-11-19T03:59:33.377+0000] {logging_mixin.py:190} INFO - [2024-11-19T03:59:33.377+0000] {dag.py:3239} INFO - Sync 1 DAGs
[2024-11-19T03:59:33.388+0000] {logging_mixin.py:190} INFO - [2024-11-19T03:59:33.387+0000] {dag.py:4180} INFO - Setting next_dagrun for example_sensor_decorator to None, run_after=None
[2024-11-19T03:59:33.402+0000] {processor.py:208} INFO - Processing /home/airflow/.local/lib/python3.12/site-packages/airflow/example_dags/example_sensor_decorator.py took 0.051 seconds
[2024-11-19T04:00:04.988+0000] {processor.py:186} INFO - Started process (PID=1234) to work on /home/airflow/.local/lib/python3.12/site-packages/airflow/example_dags/example_sensor_decorator.py
[2024-11-19T04:00:04.989+0000] {processor.py:914} INFO - Processing file /home/airflow/.local/lib/python3.12/site-packages/airflow/example_dags/example_sensor_decorator.py for tasks to queue
[2024-11-19T04:00:04.991+0000] {logging_mixin.py:190} INFO - [2024-11-19T04:00:04.990+0000] {dagbag.py:588} INFO - Filling up the DagBag from /home/airflow/.local/lib/python3.12/site-packages/airflow/example_dags/example_sensor_decorator.py
[2024-11-19T04:00:04.997+0000] {processor.py:925} INFO - DAG(s) 'example_sensor_decorator' retrieved from /home/airflow/.local/lib/python3.12/site-packages/airflow/example_dags/example_sensor_decorator.py
[2024-11-19T04:00:05.011+0000] {logging_mixin.py:190} INFO - [2024-11-19T04:00:05.011+0000] {dag.py:3239} INFO - Sync 1 DAGs
[2024-11-19T04:00:05.022+0000] {logging_mixin.py:190} INFO - [2024-11-19T04:00:05.022+0000] {dag.py:4180} INFO - Setting next_dagrun for example_sensor_decorator to None, run_after=None
[2024-11-19T04:00:05.034+0000] {processor.py:208} INFO - Processing /home/airflow/.local/lib/python3.12/site-packages/airflow/example_dags/example_sensor_decorator.py took 0.052 seconds
[2024-11-19T04:00:36.392+0000] {processor.py:186} INFO - Started process (PID=1299) to work on /home/airflow/.local/lib/python3.12/site-packages/airflow/example_dags/example_sensor_decorator.py
[2024-11-19T04:00:36.393+0000] {processor.py:914} INFO - Processing file /home/airflow/.local/lib/python3.12/site-packages/airflow/example_dags/example_sensor_decorator.py for tasks to queue
[2024-11-19T04:00:36.395+0000] {logging_mixin.py:190} INFO - [2024-11-19T04:00:36.395+0000] {dagbag.py:588} INFO - Filling up the DagBag from /home/airflow/.local/lib/python3.12/site-packages/airflow/example_dags/example_sensor_decorator.py
[2024-11-19T04:00:36.404+0000] {processor.py:925} INFO - DAG(s) 'example_sensor_decorator' retrieved from /home/airflow/.local/lib/python3.12/site-packages/airflow/example_dags/example_sensor_decorator.py
[2024-11-19T04:00:36.424+0000] {logging_mixin.py:190} INFO - [2024-11-19T04:00:36.424+0000] {dag.py:3239} INFO - Sync 1 DAGs
[2024-11-19T04:00:36.434+0000] {logging_mixin.py:190} INFO - [2024-11-19T04:00:36.434+0000] {dag.py:4180} INFO - Setting next_dagrun for example_sensor_decorator to None, run_after=None
[2024-11-19T04:00:36.448+0000] {processor.py:208} INFO - Processing /home/airflow/.local/lib/python3.12/site-packages/airflow/example_dags/example_sensor_decorator.py took 0.063 seconds
[2024-11-19T04:01:06.948+0000] {processor.py:186} INFO - Started process (PID=1364) to work on /home/airflow/.local/lib/python3.12/site-packages/airflow/example_dags/example_sensor_decorator.py
[2024-11-19T04:01:06.949+0000] {processor.py:914} INFO - Processing file /home/airflow/.local/lib/python3.12/site-packages/airflow/example_dags/example_sensor_decorator.py for tasks to queue
[2024-11-19T04:01:06.951+0000] {logging_mixin.py:190} INFO - [2024-11-19T04:01:06.951+0000] {dagbag.py:588} INFO - Filling up the DagBag from /home/airflow/.local/lib/python3.12/site-packages/airflow/example_dags/example_sensor_decorator.py
[2024-11-19T04:01:06.956+0000] {processor.py:925} INFO - DAG(s) 'example_sensor_decorator' retrieved from /home/airflow/.local/lib/python3.12/site-packages/airflow/example_dags/example_sensor_decorator.py
[2024-11-19T04:01:06.971+0000] {logging_mixin.py:190} INFO - [2024-11-19T04:01:06.971+0000] {dag.py:3239} INFO - Sync 1 DAGs
[2024-11-19T04:01:06.983+0000] {logging_mixin.py:190} INFO - [2024-11-19T04:01:06.982+0000] {dag.py:4180} INFO - Setting next_dagrun for example_sensor_decorator to None, run_after=None
[2024-11-19T04:01:06.997+0000] {processor.py:208} INFO - Processing /home/airflow/.local/lib/python3.12/site-packages/airflow/example_dags/example_sensor_decorator.py took 0.053 seconds
[2024-11-19T04:01:38.310+0000] {processor.py:186} INFO - Started process (PID=1435) to work on /home/airflow/.local/lib/python3.12/site-packages/airflow/example_dags/example_sensor_decorator.py
[2024-11-19T04:01:38.311+0000] {processor.py:914} INFO - Processing file /home/airflow/.local/lib/python3.12/site-packages/airflow/example_dags/example_sensor_decorator.py for tasks to queue
[2024-11-19T04:01:38.312+0000] {logging_mixin.py:190} INFO - [2024-11-19T04:01:38.312+0000] {dagbag.py:588} INFO - Filling up the DagBag from /home/airflow/.local/lib/python3.12/site-packages/airflow/example_dags/example_sensor_decorator.py
[2024-11-19T04:01:38.317+0000] {processor.py:925} INFO - DAG(s) 'example_sensor_decorator' retrieved from /home/airflow/.local/lib/python3.12/site-packages/airflow/example_dags/example_sensor_decorator.py
[2024-11-19T04:01:38.330+0000] {logging_mixin.py:190} INFO - [2024-11-19T04:01:38.330+0000] {dag.py:3239} INFO - Sync 1 DAGs
[2024-11-19T04:01:38.340+0000] {logging_mixin.py:190} INFO - [2024-11-19T04:01:38.340+0000] {dag.py:4180} INFO - Setting next_dagrun for example_sensor_decorator to None, run_after=None
[2024-11-19T04:01:38.359+0000] {processor.py:208} INFO - Processing /home/airflow/.local/lib/python3.12/site-packages/airflow/example_dags/example_sensor_decorator.py took 0.053 seconds
[2024-11-19T04:02:11.022+0000] {processor.py:186} INFO - Started process (PID=1500) to work on /home/airflow/.local/lib/python3.12/site-packages/airflow/example_dags/example_sensor_decorator.py
[2024-11-19T04:02:11.023+0000] {processor.py:914} INFO - Processing file /home/airflow/.local/lib/python3.12/site-packages/airflow/example_dags/example_sensor_decorator.py for tasks to queue
[2024-11-19T04:02:11.025+0000] {logging_mixin.py:190} INFO - [2024-11-19T04:02:11.025+0000] {dagbag.py:588} INFO - Filling up the DagBag from /home/airflow/.local/lib/python3.12/site-packages/airflow/example_dags/example_sensor_decorator.py
[2024-11-19T04:02:11.031+0000] {processor.py:925} INFO - DAG(s) 'example_sensor_decorator' retrieved from /home/airflow/.local/lib/python3.12/site-packages/airflow/example_dags/example_sensor_decorator.py
[2024-11-19T04:02:11.047+0000] {logging_mixin.py:190} INFO - [2024-11-19T04:02:11.047+0000] {dag.py:3239} INFO - Sync 1 DAGs
[2024-11-19T04:02:11.057+0000] {logging_mixin.py:190} INFO - [2024-11-19T04:02:11.057+0000] {dag.py:4180} INFO - Setting next_dagrun for example_sensor_decorator to None, run_after=None
[2024-11-19T04:02:11.074+0000] {processor.py:208} INFO - Processing /home/airflow/.local/lib/python3.12/site-packages/airflow/example_dags/example_sensor_decorator.py took 0.057 seconds
[2024-11-19T04:07:14.363+0000] {processor.py:186} INFO - Started process (PID=1558) to work on /home/airflow/.local/lib/python3.12/site-packages/airflow/example_dags/example_sensor_decorator.py
[2024-11-19T04:07:14.364+0000] {processor.py:914} INFO - Processing file /home/airflow/.local/lib/python3.12/site-packages/airflow/example_dags/example_sensor_decorator.py for tasks to queue
[2024-11-19T04:07:14.366+0000] {logging_mixin.py:190} INFO - [2024-11-19T04:07:14.366+0000] {dagbag.py:588} INFO - Filling up the DagBag from /home/airflow/.local/lib/python3.12/site-packages/airflow/example_dags/example_sensor_decorator.py
[2024-11-19T04:07:14.375+0000] {processor.py:925} INFO - DAG(s) 'example_sensor_decorator' retrieved from /home/airflow/.local/lib/python3.12/site-packages/airflow/example_dags/example_sensor_decorator.py
[2024-11-19T04:07:14.395+0000] {logging_mixin.py:190} INFO - [2024-11-19T04:07:14.395+0000] {dag.py:3239} INFO - Sync 1 DAGs
[2024-11-19T04:07:14.411+0000] {logging_mixin.py:190} INFO - [2024-11-19T04:07:14.411+0000] {dag.py:4180} INFO - Setting next_dagrun for example_sensor_decorator to None, run_after=None
[2024-11-19T04:07:14.439+0000] {processor.py:208} INFO - Processing /home/airflow/.local/lib/python3.12/site-packages/airflow/example_dags/example_sensor_decorator.py took 0.083 seconds
[2024-11-19T04:07:46.290+0000] {processor.py:186} INFO - Started process (PID=1623) to work on /home/airflow/.local/lib/python3.12/site-packages/airflow/example_dags/example_sensor_decorator.py
[2024-11-19T04:07:46.291+0000] {processor.py:914} INFO - Processing file /home/airflow/.local/lib/python3.12/site-packages/airflow/example_dags/example_sensor_decorator.py for tasks to queue
[2024-11-19T04:07:46.293+0000] {logging_mixin.py:190} INFO - [2024-11-19T04:07:46.293+0000] {dagbag.py:588} INFO - Filling up the DagBag from /home/airflow/.local/lib/python3.12/site-packages/airflow/example_dags/example_sensor_decorator.py
[2024-11-19T04:07:46.302+0000] {processor.py:925} INFO - DAG(s) 'example_sensor_decorator' retrieved from /home/airflow/.local/lib/python3.12/site-packages/airflow/example_dags/example_sensor_decorator.py
[2024-11-19T04:07:46.322+0000] {logging_mixin.py:190} INFO - [2024-11-19T04:07:46.322+0000] {dag.py:3239} INFO - Sync 1 DAGs
[2024-11-19T04:07:46.338+0000] {logging_mixin.py:190} INFO - [2024-11-19T04:07:46.338+0000] {dag.py:4180} INFO - Setting next_dagrun for example_sensor_decorator to None, run_after=None
[2024-11-19T04:07:46.359+0000] {processor.py:208} INFO - Processing /home/airflow/.local/lib/python3.12/site-packages/airflow/example_dags/example_sensor_decorator.py took 0.075 seconds
[2024-11-19T04:08:17.590+0000] {processor.py:186} INFO - Started process (PID=1688) to work on /home/airflow/.local/lib/python3.12/site-packages/airflow/example_dags/example_sensor_decorator.py
[2024-11-19T04:08:17.592+0000] {processor.py:914} INFO - Processing file /home/airflow/.local/lib/python3.12/site-packages/airflow/example_dags/example_sensor_decorator.py for tasks to queue
[2024-11-19T04:08:17.594+0000] {logging_mixin.py:190} INFO - [2024-11-19T04:08:17.594+0000] {dagbag.py:588} INFO - Filling up the DagBag from /home/airflow/.local/lib/python3.12/site-packages/airflow/example_dags/example_sensor_decorator.py
[2024-11-19T04:08:17.603+0000] {processor.py:925} INFO - DAG(s) 'example_sensor_decorator' retrieved from /home/airflow/.local/lib/python3.12/site-packages/airflow/example_dags/example_sensor_decorator.py
[2024-11-19T04:08:17.628+0000] {logging_mixin.py:190} INFO - [2024-11-19T04:08:17.627+0000] {dag.py:3239} INFO - Sync 1 DAGs
[2024-11-19T04:08:17.659+0000] {logging_mixin.py:190} INFO - [2024-11-19T04:08:17.659+0000] {dag.py:4180} INFO - Setting next_dagrun for example_sensor_decorator to None, run_after=None
[2024-11-19T04:08:17.686+0000] {processor.py:208} INFO - Processing /home/airflow/.local/lib/python3.12/site-packages/airflow/example_dags/example_sensor_decorator.py took 0.103 seconds
[2024-11-19T04:08:48.946+0000] {processor.py:186} INFO - Started process (PID=1753) to work on /home/airflow/.local/lib/python3.12/site-packages/airflow/example_dags/example_sensor_decorator.py
[2024-11-19T04:08:48.948+0000] {processor.py:914} INFO - Processing file /home/airflow/.local/lib/python3.12/site-packages/airflow/example_dags/example_sensor_decorator.py for tasks to queue
[2024-11-19T04:08:48.950+0000] {logging_mixin.py:190} INFO - [2024-11-19T04:08:48.950+0000] {dagbag.py:588} INFO - Filling up the DagBag from /home/airflow/.local/lib/python3.12/site-packages/airflow/example_dags/example_sensor_decorator.py
[2024-11-19T04:08:48.961+0000] {processor.py:925} INFO - DAG(s) 'example_sensor_decorator' retrieved from /home/airflow/.local/lib/python3.12/site-packages/airflow/example_dags/example_sensor_decorator.py
[2024-11-19T04:08:48.983+0000] {logging_mixin.py:190} INFO - [2024-11-19T04:08:48.983+0000] {dag.py:3239} INFO - Sync 1 DAGs
[2024-11-19T04:08:49.000+0000] {logging_mixin.py:190} INFO - [2024-11-19T04:08:49.000+0000] {dag.py:4180} INFO - Setting next_dagrun for example_sensor_decorator to None, run_after=None
[2024-11-19T04:08:49.030+0000] {processor.py:208} INFO - Processing /home/airflow/.local/lib/python3.12/site-packages/airflow/example_dags/example_sensor_decorator.py took 0.093 seconds
[2024-11-19T04:09:19.572+0000] {processor.py:186} INFO - Started process (PID=1818) to work on /home/airflow/.local/lib/python3.12/site-packages/airflow/example_dags/example_sensor_decorator.py
[2024-11-19T04:09:19.573+0000] {processor.py:914} INFO - Processing file /home/airflow/.local/lib/python3.12/site-packages/airflow/example_dags/example_sensor_decorator.py for tasks to queue
[2024-11-19T04:09:19.575+0000] {logging_mixin.py:190} INFO - [2024-11-19T04:09:19.575+0000] {dagbag.py:588} INFO - Filling up the DagBag from /home/airflow/.local/lib/python3.12/site-packages/airflow/example_dags/example_sensor_decorator.py
[2024-11-19T04:09:19.584+0000] {processor.py:925} INFO - DAG(s) 'example_sensor_decorator' retrieved from /home/airflow/.local/lib/python3.12/site-packages/airflow/example_dags/example_sensor_decorator.py
[2024-11-19T04:09:19.603+0000] {logging_mixin.py:190} INFO - [2024-11-19T04:09:19.603+0000] {dag.py:3239} INFO - Sync 1 DAGs
[2024-11-19T04:09:19.622+0000] {logging_mixin.py:190} INFO - [2024-11-19T04:09:19.622+0000] {dag.py:4180} INFO - Setting next_dagrun for example_sensor_decorator to None, run_after=None
[2024-11-19T04:09:19.648+0000] {processor.py:208} INFO - Processing /home/airflow/.local/lib/python3.12/site-packages/airflow/example_dags/example_sensor_decorator.py took 0.083 seconds
[2024-11-19T04:09:51.545+0000] {processor.py:186} INFO - Started process (PID=1883) to work on /home/airflow/.local/lib/python3.12/site-packages/airflow/example_dags/example_sensor_decorator.py
[2024-11-19T04:09:51.546+0000] {processor.py:914} INFO - Processing file /home/airflow/.local/lib/python3.12/site-packages/airflow/example_dags/example_sensor_decorator.py for tasks to queue
[2024-11-19T04:09:51.549+0000] {logging_mixin.py:190} INFO - [2024-11-19T04:09:51.549+0000] {dagbag.py:588} INFO - Filling up the DagBag from /home/airflow/.local/lib/python3.12/site-packages/airflow/example_dags/example_sensor_decorator.py
[2024-11-19T04:09:51.559+0000] {processor.py:925} INFO - DAG(s) 'example_sensor_decorator' retrieved from /home/airflow/.local/lib/python3.12/site-packages/airflow/example_dags/example_sensor_decorator.py
[2024-11-19T04:09:51.582+0000] {logging_mixin.py:190} INFO - [2024-11-19T04:09:51.581+0000] {dag.py:3239} INFO - Sync 1 DAGs
[2024-11-19T04:09:51.597+0000] {logging_mixin.py:190} INFO - [2024-11-19T04:09:51.597+0000] {dag.py:4180} INFO - Setting next_dagrun for example_sensor_decorator to None, run_after=None
[2024-11-19T04:09:51.619+0000] {processor.py:208} INFO - Processing /home/airflow/.local/lib/python3.12/site-packages/airflow/example_dags/example_sensor_decorator.py took 0.080 seconds
[2024-11-19T04:10:22.328+0000] {processor.py:186} INFO - Started process (PID=1948) to work on /home/airflow/.local/lib/python3.12/site-packages/airflow/example_dags/example_sensor_decorator.py
[2024-11-19T04:10:22.329+0000] {processor.py:914} INFO - Processing file /home/airflow/.local/lib/python3.12/site-packages/airflow/example_dags/example_sensor_decorator.py for tasks to queue
[2024-11-19T04:10:22.332+0000] {logging_mixin.py:190} INFO - [2024-11-19T04:10:22.331+0000] {dagbag.py:588} INFO - Filling up the DagBag from /home/airflow/.local/lib/python3.12/site-packages/airflow/example_dags/example_sensor_decorator.py
[2024-11-19T04:10:22.342+0000] {processor.py:925} INFO - DAG(s) 'example_sensor_decorator' retrieved from /home/airflow/.local/lib/python3.12/site-packages/airflow/example_dags/example_sensor_decorator.py
[2024-11-19T04:10:22.362+0000] {logging_mixin.py:190} INFO - [2024-11-19T04:10:22.362+0000] {dag.py:3239} INFO - Sync 1 DAGs
[2024-11-19T04:10:22.381+0000] {logging_mixin.py:190} INFO - [2024-11-19T04:10:22.381+0000] {dag.py:4180} INFO - Setting next_dagrun for example_sensor_decorator to None, run_after=None
[2024-11-19T04:10:22.405+0000] {processor.py:208} INFO - Processing /home/airflow/.local/lib/python3.12/site-packages/airflow/example_dags/example_sensor_decorator.py took 0.083 seconds
[2024-11-19T04:10:53.288+0000] {processor.py:186} INFO - Started process (PID=2013) to work on /home/airflow/.local/lib/python3.12/site-packages/airflow/example_dags/example_sensor_decorator.py
[2024-11-19T04:10:53.289+0000] {processor.py:914} INFO - Processing file /home/airflow/.local/lib/python3.12/site-packages/airflow/example_dags/example_sensor_decorator.py for tasks to queue
[2024-11-19T04:10:53.291+0000] {logging_mixin.py:190} INFO - [2024-11-19T04:10:53.291+0000] {dagbag.py:588} INFO - Filling up the DagBag from /home/airflow/.local/lib/python3.12/site-packages/airflow/example_dags/example_sensor_decorator.py
[2024-11-19T04:10:53.300+0000] {processor.py:925} INFO - DAG(s) 'example_sensor_decorator' retrieved from /home/airflow/.local/lib/python3.12/site-packages/airflow/example_dags/example_sensor_decorator.py
[2024-11-19T04:10:53.322+0000] {logging_mixin.py:190} INFO - [2024-11-19T04:10:53.322+0000] {dag.py:3239} INFO - Sync 1 DAGs
[2024-11-19T04:10:53.340+0000] {logging_mixin.py:190} INFO - [2024-11-19T04:10:53.340+0000] {dag.py:4180} INFO - Setting next_dagrun for example_sensor_decorator to None, run_after=None
[2024-11-19T04:10:53.367+0000] {processor.py:208} INFO - Processing /home/airflow/.local/lib/python3.12/site-packages/airflow/example_dags/example_sensor_decorator.py took 0.086 seconds
[2024-11-19T04:23:29.825+0000] {processor.py:186} INFO - Started process (PID=2078) to work on /home/airflow/.local/lib/python3.12/site-packages/airflow/example_dags/example_sensor_decorator.py
[2024-11-19T04:23:29.827+0000] {processor.py:914} INFO - Processing file /home/airflow/.local/lib/python3.12/site-packages/airflow/example_dags/example_sensor_decorator.py for tasks to queue
[2024-11-19T04:23:29.829+0000] {logging_mixin.py:190} INFO - [2024-11-19T04:23:29.829+0000] {dagbag.py:588} INFO - Filling up the DagBag from /home/airflow/.local/lib/python3.12/site-packages/airflow/example_dags/example_sensor_decorator.py
[2024-11-19T04:23:29.839+0000] {processor.py:925} INFO - DAG(s) 'example_sensor_decorator' retrieved from /home/airflow/.local/lib/python3.12/site-packages/airflow/example_dags/example_sensor_decorator.py
[2024-11-19T04:23:29.858+0000] {logging_mixin.py:190} INFO - [2024-11-19T04:23:29.858+0000] {dag.py:3239} INFO - Sync 1 DAGs
[2024-11-19T04:23:29.876+0000] {logging_mixin.py:190} INFO - [2024-11-19T04:23:29.875+0000] {dag.py:4180} INFO - Setting next_dagrun for example_sensor_decorator to None, run_after=None
[2024-11-19T04:23:29.920+0000] {processor.py:208} INFO - Processing /home/airflow/.local/lib/python3.12/site-packages/airflow/example_dags/example_sensor_decorator.py took 0.102 seconds
[2024-11-19T04:24:00.968+0000] {processor.py:186} INFO - Started process (PID=2143) to work on /home/airflow/.local/lib/python3.12/site-packages/airflow/example_dags/example_sensor_decorator.py
[2024-11-19T04:24:00.969+0000] {processor.py:914} INFO - Processing file /home/airflow/.local/lib/python3.12/site-packages/airflow/example_dags/example_sensor_decorator.py for tasks to queue
[2024-11-19T04:24:00.972+0000] {logging_mixin.py:190} INFO - [2024-11-19T04:24:00.972+0000] {dagbag.py:588} INFO - Filling up the DagBag from /home/airflow/.local/lib/python3.12/site-packages/airflow/example_dags/example_sensor_decorator.py
[2024-11-19T04:24:00.984+0000] {processor.py:925} INFO - DAG(s) 'example_sensor_decorator' retrieved from /home/airflow/.local/lib/python3.12/site-packages/airflow/example_dags/example_sensor_decorator.py
[2024-11-19T04:24:01.005+0000] {logging_mixin.py:190} INFO - [2024-11-19T04:24:01.005+0000] {dag.py:3239} INFO - Sync 1 DAGs
[2024-11-19T04:24:01.020+0000] {logging_mixin.py:190} INFO - [2024-11-19T04:24:01.020+0000] {dag.py:4180} INFO - Setting next_dagrun for example_sensor_decorator to None, run_after=None
[2024-11-19T04:24:01.042+0000] {processor.py:208} INFO - Processing /home/airflow/.local/lib/python3.12/site-packages/airflow/example_dags/example_sensor_decorator.py took 0.081 seconds
[2024-11-19T04:24:33.317+0000] {processor.py:186} INFO - Started process (PID=2208) to work on /home/airflow/.local/lib/python3.12/site-packages/airflow/example_dags/example_sensor_decorator.py
[2024-11-19T04:24:33.318+0000] {processor.py:914} INFO - Processing file /home/airflow/.local/lib/python3.12/site-packages/airflow/example_dags/example_sensor_decorator.py for tasks to queue
[2024-11-19T04:24:33.321+0000] {logging_mixin.py:190} INFO - [2024-11-19T04:24:33.321+0000] {dagbag.py:588} INFO - Filling up the DagBag from /home/airflow/.local/lib/python3.12/site-packages/airflow/example_dags/example_sensor_decorator.py
[2024-11-19T04:24:33.332+0000] {processor.py:925} INFO - DAG(s) 'example_sensor_decorator' retrieved from /home/airflow/.local/lib/python3.12/site-packages/airflow/example_dags/example_sensor_decorator.py
[2024-11-19T04:24:33.356+0000] {logging_mixin.py:190} INFO - [2024-11-19T04:24:33.356+0000] {dag.py:3239} INFO - Sync 1 DAGs
[2024-11-19T04:24:33.374+0000] {logging_mixin.py:190} INFO - [2024-11-19T04:24:33.374+0000] {dag.py:4180} INFO - Setting next_dagrun for example_sensor_decorator to None, run_after=None
[2024-11-19T04:24:33.396+0000] {processor.py:208} INFO - Processing /home/airflow/.local/lib/python3.12/site-packages/airflow/example_dags/example_sensor_decorator.py took 0.087 seconds
