[2024-11-19T03:51:15.730+0000] {processor.py:186} INFO - Started process (PID=105) to work on /home/airflow/.local/lib/python3.12/site-packages/airflow/example_dags/example_params_ui_tutorial.py
[2024-11-19T03:51:15.733+0000] {processor.py:914} INFO - Processing file /home/airflow/.local/lib/python3.12/site-packages/airflow/example_dags/example_params_ui_tutorial.py for tasks to queue
[2024-11-19T03:51:15.740+0000] {logging_mixin.py:190} INFO - [2024-11-19T03:51:15.739+0000] {dagbag.py:588} INFO - Filling up the DagBag from /home/airflow/.local/lib/python3.12/site-packages/airflow/example_dags/example_params_ui_tutorial.py
[2024-11-19T03:51:15.774+0000] {processor.py:925} INFO - DAG(s) 'example_params_ui_tutorial' retrieved from /home/airflow/.local/lib/python3.12/site-packages/airflow/example_dags/example_params_ui_tutorial.py
[2024-11-19T03:51:16.265+0000] {logging_mixin.py:190} INFO - [2024-11-19T03:51:16.263+0000] {override.py:1911} INFO - Created Permission View: can read on DAG:example_params_ui_tutorial
[2024-11-19T03:51:16.300+0000] {logging_mixin.py:190} INFO - [2024-11-19T03:51:16.299+0000] {override.py:1911} INFO - Created Permission View: can edit on DAG:example_params_ui_tutorial
[2024-11-19T03:51:16.326+0000] {logging_mixin.py:190} INFO - [2024-11-19T03:51:16.325+0000] {override.py:1911} INFO - Created Permission View: can delete on DAG:example_params_ui_tutorial
[2024-11-19T03:51:16.355+0000] {logging_mixin.py:190} INFO - [2024-11-19T03:51:16.354+0000] {override.py:1911} INFO - Created Permission View: can read on DAG Run:example_params_ui_tutorial
[2024-11-19T03:51:16.380+0000] {logging_mixin.py:190} INFO - [2024-11-19T03:51:16.376+0000] {override.py:1911} INFO - Created Permission View: menu access on DAG Run:example_params_ui_tutorial
[2024-11-19T03:51:16.407+0000] {logging_mixin.py:190} INFO - [2024-11-19T03:51:16.406+0000] {override.py:1911} INFO - Created Permission View: can create on DAG Run:example_params_ui_tutorial
[2024-11-19T03:51:16.433+0000] {logging_mixin.py:190} INFO - [2024-11-19T03:51:16.432+0000] {override.py:1911} INFO - Created Permission View: can delete on DAG Run:example_params_ui_tutorial
[2024-11-19T03:51:16.435+0000] {logging_mixin.py:190} INFO - [2024-11-19T03:51:16.434+0000] {dag.py:3239} INFO - Sync 1 DAGs
[2024-11-19T03:51:16.467+0000] {logging_mixin.py:190} INFO - [2024-11-19T03:51:16.467+0000] {dag.py:3262} INFO - Creating ORM DAG for example_params_ui_tutorial
[2024-11-19T03:51:16.469+0000] {logging_mixin.py:190} INFO - [2024-11-19T03:51:16.469+0000] {dag.py:4180} INFO - Setting next_dagrun for example_params_ui_tutorial to None, run_after=None
[2024-11-19T03:51:16.533+0000] {processor.py:208} INFO - Processing /home/airflow/.local/lib/python3.12/site-packages/airflow/example_dags/example_params_ui_tutorial.py took 0.821 seconds
[2024-11-19T03:51:47.232+0000] {processor.py:186} INFO - Started process (PID=169) to work on /home/airflow/.local/lib/python3.12/site-packages/airflow/example_dags/example_params_ui_tutorial.py
[2024-11-19T03:51:47.233+0000] {processor.py:914} INFO - Processing file /home/airflow/.local/lib/python3.12/site-packages/airflow/example_dags/example_params_ui_tutorial.py for tasks to queue
[2024-11-19T03:51:47.238+0000] {logging_mixin.py:190} INFO - [2024-11-19T03:51:47.237+0000] {dagbag.py:588} INFO - Filling up the DagBag from /home/airflow/.local/lib/python3.12/site-packages/airflow/example_dags/example_params_ui_tutorial.py
[2024-11-19T03:51:47.244+0000] {processor.py:925} INFO - DAG(s) 'example_params_ui_tutorial' retrieved from /home/airflow/.local/lib/python3.12/site-packages/airflow/example_dags/example_params_ui_tutorial.py
[2024-11-19T03:51:47.276+0000] {logging_mixin.py:190} INFO - [2024-11-19T03:51:47.275+0000] {dag.py:3239} INFO - Sync 1 DAGs
[2024-11-19T03:51:47.288+0000] {logging_mixin.py:190} INFO - [2024-11-19T03:51:47.288+0000] {dag.py:4180} INFO - Setting next_dagrun for example_params_ui_tutorial to None, run_after=None
[2024-11-19T03:51:47.302+0000] {processor.py:208} INFO - Processing /home/airflow/.local/lib/python3.12/site-packages/airflow/example_dags/example_params_ui_tutorial.py took 0.074 seconds
[2024-11-19T03:52:17.704+0000] {processor.py:186} INFO - Started process (PID=233) to work on /home/airflow/.local/lib/python3.12/site-packages/airflow/example_dags/example_params_ui_tutorial.py
[2024-11-19T03:52:17.705+0000] {processor.py:914} INFO - Processing file /home/airflow/.local/lib/python3.12/site-packages/airflow/example_dags/example_params_ui_tutorial.py for tasks to queue
[2024-11-19T03:52:17.707+0000] {logging_mixin.py:190} INFO - [2024-11-19T03:52:17.707+0000] {dagbag.py:588} INFO - Filling up the DagBag from /home/airflow/.local/lib/python3.12/site-packages/airflow/example_dags/example_params_ui_tutorial.py
[2024-11-19T03:52:17.714+0000] {processor.py:925} INFO - DAG(s) 'example_params_ui_tutorial' retrieved from /home/airflow/.local/lib/python3.12/site-packages/airflow/example_dags/example_params_ui_tutorial.py
[2024-11-19T03:52:17.749+0000] {logging_mixin.py:190} INFO - [2024-11-19T03:52:17.749+0000] {dag.py:3239} INFO - Sync 1 DAGs
[2024-11-19T03:52:17.761+0000] {logging_mixin.py:190} INFO - [2024-11-19T03:52:17.761+0000] {dag.py:4180} INFO - Setting next_dagrun for example_params_ui_tutorial to None, run_after=None
[2024-11-19T03:52:17.779+0000] {processor.py:208} INFO - Processing /home/airflow/.local/lib/python3.12/site-packages/airflow/example_dags/example_params_ui_tutorial.py took 0.080 seconds
[2024-11-19T03:52:48.115+0000] {processor.py:186} INFO - Started process (PID=297) to work on /home/airflow/.local/lib/python3.12/site-packages/airflow/example_dags/example_params_ui_tutorial.py
[2024-11-19T03:52:48.116+0000] {processor.py:914} INFO - Processing file /home/airflow/.local/lib/python3.12/site-packages/airflow/example_dags/example_params_ui_tutorial.py for tasks to queue
[2024-11-19T03:52:48.119+0000] {logging_mixin.py:190} INFO - [2024-11-19T03:52:48.119+0000] {dagbag.py:588} INFO - Filling up the DagBag from /home/airflow/.local/lib/python3.12/site-packages/airflow/example_dags/example_params_ui_tutorial.py
[2024-11-19T03:52:48.134+0000] {processor.py:925} INFO - DAG(s) 'example_params_ui_tutorial' retrieved from /home/airflow/.local/lib/python3.12/site-packages/airflow/example_dags/example_params_ui_tutorial.py
[2024-11-19T03:52:48.200+0000] {logging_mixin.py:190} INFO - [2024-11-19T03:52:48.200+0000] {dag.py:3239} INFO - Sync 1 DAGs
[2024-11-19T03:52:48.225+0000] {logging_mixin.py:190} INFO - [2024-11-19T03:52:48.225+0000] {dag.py:4180} INFO - Setting next_dagrun for example_params_ui_tutorial to None, run_after=None
[2024-11-19T03:52:48.262+0000] {processor.py:208} INFO - Processing /home/airflow/.local/lib/python3.12/site-packages/airflow/example_dags/example_params_ui_tutorial.py took 0.152 seconds
[2024-11-19T03:53:18.767+0000] {processor.py:186} INFO - Started process (PID=361) to work on /home/airflow/.local/lib/python3.12/site-packages/airflow/example_dags/example_params_ui_tutorial.py
[2024-11-19T03:53:18.769+0000] {processor.py:914} INFO - Processing file /home/airflow/.local/lib/python3.12/site-packages/airflow/example_dags/example_params_ui_tutorial.py for tasks to queue
[2024-11-19T03:53:18.774+0000] {logging_mixin.py:190} INFO - [2024-11-19T03:53:18.773+0000] {dagbag.py:588} INFO - Filling up the DagBag from /home/airflow/.local/lib/python3.12/site-packages/airflow/example_dags/example_params_ui_tutorial.py
[2024-11-19T03:53:18.789+0000] {processor.py:925} INFO - DAG(s) 'example_params_ui_tutorial' retrieved from /home/airflow/.local/lib/python3.12/site-packages/airflow/example_dags/example_params_ui_tutorial.py
[2024-11-19T03:53:18.834+0000] {logging_mixin.py:190} INFO - [2024-11-19T03:53:18.833+0000] {dag.py:3239} INFO - Sync 1 DAGs
[2024-11-19T03:53:18.846+0000] {logging_mixin.py:190} INFO - [2024-11-19T03:53:18.845+0000] {dag.py:4180} INFO - Setting next_dagrun for example_params_ui_tutorial to None, run_after=None
[2024-11-19T03:53:18.864+0000] {processor.py:208} INFO - Processing /home/airflow/.local/lib/python3.12/site-packages/airflow/example_dags/example_params_ui_tutorial.py took 0.105 seconds
[2024-11-19T03:53:49.351+0000] {processor.py:186} INFO - Started process (PID=425) to work on /home/airflow/.local/lib/python3.12/site-packages/airflow/example_dags/example_params_ui_tutorial.py
[2024-11-19T03:53:49.352+0000] {processor.py:914} INFO - Processing file /home/airflow/.local/lib/python3.12/site-packages/airflow/example_dags/example_params_ui_tutorial.py for tasks to queue
[2024-11-19T03:53:49.354+0000] {logging_mixin.py:190} INFO - [2024-11-19T03:53:49.354+0000] {dagbag.py:588} INFO - Filling up the DagBag from /home/airflow/.local/lib/python3.12/site-packages/airflow/example_dags/example_params_ui_tutorial.py
[2024-11-19T03:53:49.361+0000] {processor.py:925} INFO - DAG(s) 'example_params_ui_tutorial' retrieved from /home/airflow/.local/lib/python3.12/site-packages/airflow/example_dags/example_params_ui_tutorial.py
[2024-11-19T03:53:49.395+0000] {logging_mixin.py:190} INFO - [2024-11-19T03:53:49.395+0000] {dag.py:3239} INFO - Sync 1 DAGs
[2024-11-19T03:53:49.406+0000] {logging_mixin.py:190} INFO - [2024-11-19T03:53:49.406+0000] {dag.py:4180} INFO - Setting next_dagrun for example_params_ui_tutorial to None, run_after=None
[2024-11-19T03:53:49.424+0000] {processor.py:208} INFO - Processing /home/airflow/.local/lib/python3.12/site-packages/airflow/example_dags/example_params_ui_tutorial.py took 0.077 seconds
[2024-11-19T03:54:20.612+0000] {processor.py:186} INFO - Started process (PID=489) to work on /home/airflow/.local/lib/python3.12/site-packages/airflow/example_dags/example_params_ui_tutorial.py
[2024-11-19T03:54:20.613+0000] {processor.py:914} INFO - Processing file /home/airflow/.local/lib/python3.12/site-packages/airflow/example_dags/example_params_ui_tutorial.py for tasks to queue
[2024-11-19T03:54:20.616+0000] {logging_mixin.py:190} INFO - [2024-11-19T03:54:20.616+0000] {dagbag.py:588} INFO - Filling up the DagBag from /home/airflow/.local/lib/python3.12/site-packages/airflow/example_dags/example_params_ui_tutorial.py
[2024-11-19T03:54:20.630+0000] {processor.py:925} INFO - DAG(s) 'example_params_ui_tutorial' retrieved from /home/airflow/.local/lib/python3.12/site-packages/airflow/example_dags/example_params_ui_tutorial.py
[2024-11-19T03:54:20.674+0000] {logging_mixin.py:190} INFO - [2024-11-19T03:54:20.674+0000] {dag.py:3239} INFO - Sync 1 DAGs
[2024-11-19T03:54:20.686+0000] {logging_mixin.py:190} INFO - [2024-11-19T03:54:20.686+0000] {dag.py:4180} INFO - Setting next_dagrun for example_params_ui_tutorial to None, run_after=None
[2024-11-19T03:54:20.703+0000] {processor.py:208} INFO - Processing /home/airflow/.local/lib/python3.12/site-packages/airflow/example_dags/example_params_ui_tutorial.py took 0.097 seconds
[2024-11-19T03:54:51.870+0000] {processor.py:186} INFO - Started process (PID=553) to work on /home/airflow/.local/lib/python3.12/site-packages/airflow/example_dags/example_params_ui_tutorial.py
[2024-11-19T03:54:51.871+0000] {processor.py:914} INFO - Processing file /home/airflow/.local/lib/python3.12/site-packages/airflow/example_dags/example_params_ui_tutorial.py for tasks to queue
[2024-11-19T03:54:51.873+0000] {logging_mixin.py:190} INFO - [2024-11-19T03:54:51.873+0000] {dagbag.py:588} INFO - Filling up the DagBag from /home/airflow/.local/lib/python3.12/site-packages/airflow/example_dags/example_params_ui_tutorial.py
[2024-11-19T03:54:51.882+0000] {processor.py:925} INFO - DAG(s) 'example_params_ui_tutorial' retrieved from /home/airflow/.local/lib/python3.12/site-packages/airflow/example_dags/example_params_ui_tutorial.py
[2024-11-19T03:54:51.914+0000] {logging_mixin.py:190} INFO - [2024-11-19T03:54:51.914+0000] {dag.py:3239} INFO - Sync 1 DAGs
[2024-11-19T03:54:51.928+0000] {logging_mixin.py:190} INFO - [2024-11-19T03:54:51.927+0000] {dag.py:4180} INFO - Setting next_dagrun for example_params_ui_tutorial to None, run_after=None
[2024-11-19T03:54:51.944+0000] {processor.py:208} INFO - Processing /home/airflow/.local/lib/python3.12/site-packages/airflow/example_dags/example_params_ui_tutorial.py took 0.078 seconds
[2024-11-19T03:55:22.655+0000] {processor.py:186} INFO - Started process (PID=617) to work on /home/airflow/.local/lib/python3.12/site-packages/airflow/example_dags/example_params_ui_tutorial.py
[2024-11-19T03:55:22.656+0000] {processor.py:914} INFO - Processing file /home/airflow/.local/lib/python3.12/site-packages/airflow/example_dags/example_params_ui_tutorial.py for tasks to queue
[2024-11-19T03:55:22.658+0000] {logging_mixin.py:190} INFO - [2024-11-19T03:55:22.658+0000] {dagbag.py:588} INFO - Filling up the DagBag from /home/airflow/.local/lib/python3.12/site-packages/airflow/example_dags/example_params_ui_tutorial.py
[2024-11-19T03:55:22.665+0000] {processor.py:925} INFO - DAG(s) 'example_params_ui_tutorial' retrieved from /home/airflow/.local/lib/python3.12/site-packages/airflow/example_dags/example_params_ui_tutorial.py
[2024-11-19T03:55:22.696+0000] {logging_mixin.py:190} INFO - [2024-11-19T03:55:22.696+0000] {dag.py:3239} INFO - Sync 1 DAGs
[2024-11-19T03:55:22.706+0000] {logging_mixin.py:190} INFO - [2024-11-19T03:55:22.706+0000] {dag.py:4180} INFO - Setting next_dagrun for example_params_ui_tutorial to None, run_after=None
[2024-11-19T03:55:22.720+0000] {processor.py:208} INFO - Processing /home/airflow/.local/lib/python3.12/site-packages/airflow/example_dags/example_params_ui_tutorial.py took 0.069 seconds
[2024-11-19T03:55:54.070+0000] {processor.py:186} INFO - Started process (PID=681) to work on /home/airflow/.local/lib/python3.12/site-packages/airflow/example_dags/example_params_ui_tutorial.py
[2024-11-19T03:55:54.071+0000] {processor.py:914} INFO - Processing file /home/airflow/.local/lib/python3.12/site-packages/airflow/example_dags/example_params_ui_tutorial.py for tasks to queue
[2024-11-19T03:55:54.074+0000] {logging_mixin.py:190} INFO - [2024-11-19T03:55:54.073+0000] {dagbag.py:588} INFO - Filling up the DagBag from /home/airflow/.local/lib/python3.12/site-packages/airflow/example_dags/example_params_ui_tutorial.py
[2024-11-19T03:55:54.080+0000] {processor.py:925} INFO - DAG(s) 'example_params_ui_tutorial' retrieved from /home/airflow/.local/lib/python3.12/site-packages/airflow/example_dags/example_params_ui_tutorial.py
[2024-11-19T03:55:54.114+0000] {logging_mixin.py:190} INFO - [2024-11-19T03:55:54.114+0000] {dag.py:3239} INFO - Sync 1 DAGs
[2024-11-19T03:55:54.129+0000] {logging_mixin.py:190} INFO - [2024-11-19T03:55:54.128+0000] {dag.py:4180} INFO - Setting next_dagrun for example_params_ui_tutorial to None, run_after=None
[2024-11-19T03:55:54.148+0000] {processor.py:208} INFO - Processing /home/airflow/.local/lib/python3.12/site-packages/airflow/example_dags/example_params_ui_tutorial.py took 0.082 seconds
[2024-11-19T03:56:25.491+0000] {processor.py:186} INFO - Started process (PID=746) to work on /home/airflow/.local/lib/python3.12/site-packages/airflow/example_dags/example_params_ui_tutorial.py
[2024-11-19T03:56:25.492+0000] {processor.py:914} INFO - Processing file /home/airflow/.local/lib/python3.12/site-packages/airflow/example_dags/example_params_ui_tutorial.py for tasks to queue
[2024-11-19T03:56:25.495+0000] {logging_mixin.py:190} INFO - [2024-11-19T03:56:25.495+0000] {dagbag.py:588} INFO - Filling up the DagBag from /home/airflow/.local/lib/python3.12/site-packages/airflow/example_dags/example_params_ui_tutorial.py
[2024-11-19T03:56:25.504+0000] {processor.py:925} INFO - DAG(s) 'example_params_ui_tutorial' retrieved from /home/airflow/.local/lib/python3.12/site-packages/airflow/example_dags/example_params_ui_tutorial.py
[2024-11-19T03:56:25.545+0000] {logging_mixin.py:190} INFO - [2024-11-19T03:56:25.545+0000] {dag.py:3239} INFO - Sync 1 DAGs
[2024-11-19T03:56:25.556+0000] {logging_mixin.py:190} INFO - [2024-11-19T03:56:25.556+0000] {dag.py:4180} INFO - Setting next_dagrun for example_params_ui_tutorial to None, run_after=None
[2024-11-19T03:56:25.574+0000] {processor.py:208} INFO - Processing /home/airflow/.local/lib/python3.12/site-packages/airflow/example_dags/example_params_ui_tutorial.py took 0.089 seconds
[2024-11-19T03:56:59.293+0000] {processor.py:186} INFO - Started process (PID=815) to work on /home/airflow/.local/lib/python3.12/site-packages/airflow/example_dags/example_params_ui_tutorial.py
[2024-11-19T03:56:59.294+0000] {processor.py:914} INFO - Processing file /home/airflow/.local/lib/python3.12/site-packages/airflow/example_dags/example_params_ui_tutorial.py for tasks to queue
[2024-11-19T03:56:59.301+0000] {logging_mixin.py:190} INFO - [2024-11-19T03:56:59.301+0000] {dagbag.py:588} INFO - Filling up the DagBag from /home/airflow/.local/lib/python3.12/site-packages/airflow/example_dags/example_params_ui_tutorial.py
[2024-11-19T03:56:59.318+0000] {processor.py:925} INFO - DAG(s) 'example_params_ui_tutorial' retrieved from /home/airflow/.local/lib/python3.12/site-packages/airflow/example_dags/example_params_ui_tutorial.py
[2024-11-19T03:56:59.436+0000] {logging_mixin.py:190} INFO - [2024-11-19T03:56:59.434+0000] {dag.py:3239} INFO - Sync 1 DAGs
[2024-11-19T03:56:59.471+0000] {logging_mixin.py:190} INFO - [2024-11-19T03:56:59.471+0000] {dag.py:4180} INFO - Setting next_dagrun for example_params_ui_tutorial to None, run_after=None
[2024-11-19T03:56:59.517+0000] {processor.py:208} INFO - Processing /home/airflow/.local/lib/python3.12/site-packages/airflow/example_dags/example_params_ui_tutorial.py took 0.243 seconds
[2024-11-19T03:57:30.507+0000] {processor.py:186} INFO - Started process (PID=902) to work on /home/airflow/.local/lib/python3.12/site-packages/airflow/example_dags/example_params_ui_tutorial.py
[2024-11-19T03:57:30.508+0000] {processor.py:914} INFO - Processing file /home/airflow/.local/lib/python3.12/site-packages/airflow/example_dags/example_params_ui_tutorial.py for tasks to queue
[2024-11-19T03:57:30.510+0000] {logging_mixin.py:190} INFO - [2024-11-19T03:57:30.509+0000] {dagbag.py:588} INFO - Filling up the DagBag from /home/airflow/.local/lib/python3.12/site-packages/airflow/example_dags/example_params_ui_tutorial.py
[2024-11-19T03:57:30.518+0000] {processor.py:925} INFO - DAG(s) 'example_params_ui_tutorial' retrieved from /home/airflow/.local/lib/python3.12/site-packages/airflow/example_dags/example_params_ui_tutorial.py
[2024-11-19T03:57:30.559+0000] {logging_mixin.py:190} INFO - [2024-11-19T03:57:30.559+0000] {dag.py:3239} INFO - Sync 1 DAGs
[2024-11-19T03:57:30.571+0000] {logging_mixin.py:190} INFO - [2024-11-19T03:57:30.571+0000] {dag.py:4180} INFO - Setting next_dagrun for example_params_ui_tutorial to None, run_after=None
[2024-11-19T03:57:30.601+0000] {processor.py:208} INFO - Processing /home/airflow/.local/lib/python3.12/site-packages/airflow/example_dags/example_params_ui_tutorial.py took 0.100 seconds
[2024-11-19T03:58:00.843+0000] {processor.py:186} INFO - Started process (PID=966) to work on /home/airflow/.local/lib/python3.12/site-packages/airflow/example_dags/example_params_ui_tutorial.py
[2024-11-19T03:58:00.844+0000] {processor.py:914} INFO - Processing file /home/airflow/.local/lib/python3.12/site-packages/airflow/example_dags/example_params_ui_tutorial.py for tasks to queue
[2024-11-19T03:58:00.845+0000] {logging_mixin.py:190} INFO - [2024-11-19T03:58:00.845+0000] {dagbag.py:588} INFO - Filling up the DagBag from /home/airflow/.local/lib/python3.12/site-packages/airflow/example_dags/example_params_ui_tutorial.py
[2024-11-19T03:58:00.852+0000] {processor.py:925} INFO - DAG(s) 'example_params_ui_tutorial' retrieved from /home/airflow/.local/lib/python3.12/site-packages/airflow/example_dags/example_params_ui_tutorial.py
[2024-11-19T03:58:00.883+0000] {logging_mixin.py:190} INFO - [2024-11-19T03:58:00.883+0000] {dag.py:3239} INFO - Sync 1 DAGs
[2024-11-19T03:58:00.895+0000] {logging_mixin.py:190} INFO - [2024-11-19T03:58:00.895+0000] {dag.py:4180} INFO - Setting next_dagrun for example_params_ui_tutorial to None, run_after=None
[2024-11-19T03:58:00.909+0000] {processor.py:208} INFO - Processing /home/airflow/.local/lib/python3.12/site-packages/airflow/example_dags/example_params_ui_tutorial.py took 0.071 seconds
[2024-11-19T03:58:31.143+0000] {processor.py:186} INFO - Started process (PID=1031) to work on /home/airflow/.local/lib/python3.12/site-packages/airflow/example_dags/example_params_ui_tutorial.py
[2024-11-19T03:58:31.144+0000] {processor.py:914} INFO - Processing file /home/airflow/.local/lib/python3.12/site-packages/airflow/example_dags/example_params_ui_tutorial.py for tasks to queue
[2024-11-19T03:58:31.147+0000] {logging_mixin.py:190} INFO - [2024-11-19T03:58:31.146+0000] {dagbag.py:588} INFO - Filling up the DagBag from /home/airflow/.local/lib/python3.12/site-packages/airflow/example_dags/example_params_ui_tutorial.py
[2024-11-19T03:58:31.155+0000] {processor.py:925} INFO - DAG(s) 'example_params_ui_tutorial' retrieved from /home/airflow/.local/lib/python3.12/site-packages/airflow/example_dags/example_params_ui_tutorial.py
[2024-11-19T03:58:31.200+0000] {logging_mixin.py:190} INFO - [2024-11-19T03:58:31.200+0000] {dag.py:3239} INFO - Sync 1 DAGs
[2024-11-19T03:58:31.216+0000] {logging_mixin.py:190} INFO - [2024-11-19T03:58:31.215+0000] {dag.py:4180} INFO - Setting next_dagrun for example_params_ui_tutorial to None, run_after=None
[2024-11-19T03:58:31.242+0000] {processor.py:208} INFO - Processing /home/airflow/.local/lib/python3.12/site-packages/airflow/example_dags/example_params_ui_tutorial.py took 0.104 seconds
[2024-11-19T03:59:02.197+0000] {processor.py:186} INFO - Started process (PID=1096) to work on /home/airflow/.local/lib/python3.12/site-packages/airflow/example_dags/example_params_ui_tutorial.py
[2024-11-19T03:59:02.198+0000] {processor.py:914} INFO - Processing file /home/airflow/.local/lib/python3.12/site-packages/airflow/example_dags/example_params_ui_tutorial.py for tasks to queue
[2024-11-19T03:59:02.200+0000] {logging_mixin.py:190} INFO - [2024-11-19T03:59:02.200+0000] {dagbag.py:588} INFO - Filling up the DagBag from /home/airflow/.local/lib/python3.12/site-packages/airflow/example_dags/example_params_ui_tutorial.py
[2024-11-19T03:59:02.206+0000] {processor.py:925} INFO - DAG(s) 'example_params_ui_tutorial' retrieved from /home/airflow/.local/lib/python3.12/site-packages/airflow/example_dags/example_params_ui_tutorial.py
[2024-11-19T03:59:02.250+0000] {logging_mixin.py:190} INFO - [2024-11-19T03:59:02.250+0000] {dag.py:3239} INFO - Sync 1 DAGs
[2024-11-19T03:59:02.263+0000] {logging_mixin.py:190} INFO - [2024-11-19T03:59:02.263+0000] {dag.py:4180} INFO - Setting next_dagrun for example_params_ui_tutorial to None, run_after=None
[2024-11-19T03:59:02.285+0000] {processor.py:208} INFO - Processing /home/airflow/.local/lib/python3.12/site-packages/airflow/example_dags/example_params_ui_tutorial.py took 0.092 seconds
[2024-11-19T03:59:32.794+0000] {processor.py:186} INFO - Started process (PID=1161) to work on /home/airflow/.local/lib/python3.12/site-packages/airflow/example_dags/example_params_ui_tutorial.py
[2024-11-19T03:59:32.795+0000] {processor.py:914} INFO - Processing file /home/airflow/.local/lib/python3.12/site-packages/airflow/example_dags/example_params_ui_tutorial.py for tasks to queue
[2024-11-19T03:59:32.797+0000] {logging_mixin.py:190} INFO - [2024-11-19T03:59:32.797+0000] {dagbag.py:588} INFO - Filling up the DagBag from /home/airflow/.local/lib/python3.12/site-packages/airflow/example_dags/example_params_ui_tutorial.py
[2024-11-19T03:59:32.803+0000] {processor.py:925} INFO - DAG(s) 'example_params_ui_tutorial' retrieved from /home/airflow/.local/lib/python3.12/site-packages/airflow/example_dags/example_params_ui_tutorial.py
[2024-11-19T03:59:32.847+0000] {logging_mixin.py:190} INFO - [2024-11-19T03:59:32.846+0000] {dag.py:3239} INFO - Sync 1 DAGs
[2024-11-19T03:59:32.865+0000] {logging_mixin.py:190} INFO - [2024-11-19T03:59:32.864+0000] {dag.py:4180} INFO - Setting next_dagrun for example_params_ui_tutorial to None, run_after=None
[2024-11-19T03:59:32.882+0000] {processor.py:208} INFO - Processing /home/airflow/.local/lib/python3.12/site-packages/airflow/example_dags/example_params_ui_tutorial.py took 0.092 seconds
[2024-11-19T04:00:04.170+0000] {processor.py:186} INFO - Started process (PID=1226) to work on /home/airflow/.local/lib/python3.12/site-packages/airflow/example_dags/example_params_ui_tutorial.py
[2024-11-19T04:00:04.171+0000] {processor.py:914} INFO - Processing file /home/airflow/.local/lib/python3.12/site-packages/airflow/example_dags/example_params_ui_tutorial.py for tasks to queue
[2024-11-19T04:00:04.173+0000] {logging_mixin.py:190} INFO - [2024-11-19T04:00:04.173+0000] {dagbag.py:588} INFO - Filling up the DagBag from /home/airflow/.local/lib/python3.12/site-packages/airflow/example_dags/example_params_ui_tutorial.py
[2024-11-19T04:00:04.180+0000] {processor.py:925} INFO - DAG(s) 'example_params_ui_tutorial' retrieved from /home/airflow/.local/lib/python3.12/site-packages/airflow/example_dags/example_params_ui_tutorial.py
[2024-11-19T04:00:04.213+0000] {logging_mixin.py:190} INFO - [2024-11-19T04:00:04.213+0000] {dag.py:3239} INFO - Sync 1 DAGs
[2024-11-19T04:00:04.224+0000] {logging_mixin.py:190} INFO - [2024-11-19T04:00:04.224+0000] {dag.py:4180} INFO - Setting next_dagrun for example_params_ui_tutorial to None, run_after=None
[2024-11-19T04:00:04.238+0000] {processor.py:208} INFO - Processing /home/airflow/.local/lib/python3.12/site-packages/airflow/example_dags/example_params_ui_tutorial.py took 0.072 seconds
[2024-11-19T04:00:35.509+0000] {processor.py:186} INFO - Started process (PID=1291) to work on /home/airflow/.local/lib/python3.12/site-packages/airflow/example_dags/example_params_ui_tutorial.py
[2024-11-19T04:00:35.510+0000] {processor.py:914} INFO - Processing file /home/airflow/.local/lib/python3.12/site-packages/airflow/example_dags/example_params_ui_tutorial.py for tasks to queue
[2024-11-19T04:00:35.512+0000] {logging_mixin.py:190} INFO - [2024-11-19T04:00:35.512+0000] {dagbag.py:588} INFO - Filling up the DagBag from /home/airflow/.local/lib/python3.12/site-packages/airflow/example_dags/example_params_ui_tutorial.py
[2024-11-19T04:00:35.519+0000] {processor.py:925} INFO - DAG(s) 'example_params_ui_tutorial' retrieved from /home/airflow/.local/lib/python3.12/site-packages/airflow/example_dags/example_params_ui_tutorial.py
[2024-11-19T04:00:35.551+0000] {logging_mixin.py:190} INFO - [2024-11-19T04:00:35.551+0000] {dag.py:3239} INFO - Sync 1 DAGs
[2024-11-19T04:00:35.562+0000] {logging_mixin.py:190} INFO - [2024-11-19T04:00:35.562+0000] {dag.py:4180} INFO - Setting next_dagrun for example_params_ui_tutorial to None, run_after=None
[2024-11-19T04:00:35.575+0000] {processor.py:208} INFO - Processing /home/airflow/.local/lib/python3.12/site-packages/airflow/example_dags/example_params_ui_tutorial.py took 0.070 seconds
[2024-11-19T04:01:06.026+0000] {processor.py:186} INFO - Started process (PID=1356) to work on /home/airflow/.local/lib/python3.12/site-packages/airflow/example_dags/example_params_ui_tutorial.py
[2024-11-19T04:01:06.027+0000] {processor.py:914} INFO - Processing file /home/airflow/.local/lib/python3.12/site-packages/airflow/example_dags/example_params_ui_tutorial.py for tasks to queue
[2024-11-19T04:01:06.028+0000] {logging_mixin.py:190} INFO - [2024-11-19T04:01:06.028+0000] {dagbag.py:588} INFO - Filling up the DagBag from /home/airflow/.local/lib/python3.12/site-packages/airflow/example_dags/example_params_ui_tutorial.py
[2024-11-19T04:01:06.035+0000] {processor.py:925} INFO - DAG(s) 'example_params_ui_tutorial' retrieved from /home/airflow/.local/lib/python3.12/site-packages/airflow/example_dags/example_params_ui_tutorial.py
[2024-11-19T04:01:06.067+0000] {logging_mixin.py:190} INFO - [2024-11-19T04:01:06.066+0000] {dag.py:3239} INFO - Sync 1 DAGs
[2024-11-19T04:01:06.077+0000] {logging_mixin.py:190} INFO - [2024-11-19T04:01:06.077+0000] {dag.py:4180} INFO - Setting next_dagrun for example_params_ui_tutorial to None, run_after=None
[2024-11-19T04:01:06.091+0000] {processor.py:208} INFO - Processing /home/airflow/.local/lib/python3.12/site-packages/airflow/example_dags/example_params_ui_tutorial.py took 0.069 seconds
[2024-11-19T04:01:37.367+0000] {processor.py:186} INFO - Started process (PID=1421) to work on /home/airflow/.local/lib/python3.12/site-packages/airflow/example_dags/example_params_ui_tutorial.py
[2024-11-19T04:01:37.368+0000] {processor.py:914} INFO - Processing file /home/airflow/.local/lib/python3.12/site-packages/airflow/example_dags/example_params_ui_tutorial.py for tasks to queue
[2024-11-19T04:01:37.371+0000] {logging_mixin.py:190} INFO - [2024-11-19T04:01:37.370+0000] {dagbag.py:588} INFO - Filling up the DagBag from /home/airflow/.local/lib/python3.12/site-packages/airflow/example_dags/example_params_ui_tutorial.py
[2024-11-19T04:01:37.378+0000] {processor.py:925} INFO - DAG(s) 'example_params_ui_tutorial' retrieved from /home/airflow/.local/lib/python3.12/site-packages/airflow/example_dags/example_params_ui_tutorial.py
[2024-11-19T04:01:37.408+0000] {logging_mixin.py:190} INFO - [2024-11-19T04:01:37.407+0000] {dag.py:3239} INFO - Sync 1 DAGs
[2024-11-19T04:01:37.418+0000] {logging_mixin.py:190} INFO - [2024-11-19T04:01:37.418+0000] {dag.py:4180} INFO - Setting next_dagrun for example_params_ui_tutorial to None, run_after=None
[2024-11-19T04:01:37.433+0000] {processor.py:208} INFO - Processing /home/airflow/.local/lib/python3.12/site-packages/airflow/example_dags/example_params_ui_tutorial.py took 0.070 seconds
[2024-11-19T04:02:10.070+0000] {processor.py:186} INFO - Started process (PID=1492) to work on /home/airflow/.local/lib/python3.12/site-packages/airflow/example_dags/example_params_ui_tutorial.py
[2024-11-19T04:02:10.071+0000] {processor.py:914} INFO - Processing file /home/airflow/.local/lib/python3.12/site-packages/airflow/example_dags/example_params_ui_tutorial.py for tasks to queue
[2024-11-19T04:02:10.073+0000] {logging_mixin.py:190} INFO - [2024-11-19T04:02:10.072+0000] {dagbag.py:588} INFO - Filling up the DagBag from /home/airflow/.local/lib/python3.12/site-packages/airflow/example_dags/example_params_ui_tutorial.py
[2024-11-19T04:02:10.082+0000] {processor.py:925} INFO - DAG(s) 'example_params_ui_tutorial' retrieved from /home/airflow/.local/lib/python3.12/site-packages/airflow/example_dags/example_params_ui_tutorial.py
[2024-11-19T04:02:10.122+0000] {logging_mixin.py:190} INFO - [2024-11-19T04:02:10.122+0000] {dag.py:3239} INFO - Sync 1 DAGs
[2024-11-19T04:02:10.135+0000] {logging_mixin.py:190} INFO - [2024-11-19T04:02:10.135+0000] {dag.py:4180} INFO - Setting next_dagrun for example_params_ui_tutorial to None, run_after=None
[2024-11-19T04:02:10.155+0000] {processor.py:208} INFO - Processing /home/airflow/.local/lib/python3.12/site-packages/airflow/example_dags/example_params_ui_tutorial.py took 0.091 seconds
[2024-11-19T04:07:13.904+0000] {processor.py:186} INFO - Started process (PID=1552) to work on /home/airflow/.local/lib/python3.12/site-packages/airflow/example_dags/example_params_ui_tutorial.py
[2024-11-19T04:07:13.905+0000] {processor.py:914} INFO - Processing file /home/airflow/.local/lib/python3.12/site-packages/airflow/example_dags/example_params_ui_tutorial.py for tasks to queue
[2024-11-19T04:07:13.908+0000] {logging_mixin.py:190} INFO - [2024-11-19T04:07:13.908+0000] {dagbag.py:588} INFO - Filling up the DagBag from /home/airflow/.local/lib/python3.12/site-packages/airflow/example_dags/example_params_ui_tutorial.py
[2024-11-19T04:07:13.918+0000] {processor.py:925} INFO - DAG(s) 'example_params_ui_tutorial' retrieved from /home/airflow/.local/lib/python3.12/site-packages/airflow/example_dags/example_params_ui_tutorial.py
[2024-11-19T04:07:13.974+0000] {logging_mixin.py:190} INFO - [2024-11-19T04:07:13.974+0000] {dag.py:3239} INFO - Sync 1 DAGs
[2024-11-19T04:07:13.989+0000] {logging_mixin.py:190} INFO - [2024-11-19T04:07:13.989+0000] {dag.py:4180} INFO - Setting next_dagrun for example_params_ui_tutorial to None, run_after=None
[2024-11-19T04:07:14.009+0000] {processor.py:208} INFO - Processing /home/airflow/.local/lib/python3.12/site-packages/airflow/example_dags/example_params_ui_tutorial.py took 0.111 seconds
[2024-11-19T04:07:45.779+0000] {processor.py:186} INFO - Started process (PID=1617) to work on /home/airflow/.local/lib/python3.12/site-packages/airflow/example_dags/example_params_ui_tutorial.py
[2024-11-19T04:07:45.780+0000] {processor.py:914} INFO - Processing file /home/airflow/.local/lib/python3.12/site-packages/airflow/example_dags/example_params_ui_tutorial.py for tasks to queue
[2024-11-19T04:07:45.783+0000] {logging_mixin.py:190} INFO - [2024-11-19T04:07:45.783+0000] {dagbag.py:588} INFO - Filling up the DagBag from /home/airflow/.local/lib/python3.12/site-packages/airflow/example_dags/example_params_ui_tutorial.py
[2024-11-19T04:07:45.796+0000] {processor.py:925} INFO - DAG(s) 'example_params_ui_tutorial' retrieved from /home/airflow/.local/lib/python3.12/site-packages/airflow/example_dags/example_params_ui_tutorial.py
[2024-11-19T04:07:45.846+0000] {logging_mixin.py:190} INFO - [2024-11-19T04:07:45.845+0000] {dag.py:3239} INFO - Sync 1 DAGs
[2024-11-19T04:07:45.864+0000] {logging_mixin.py:190} INFO - [2024-11-19T04:07:45.864+0000] {dag.py:4180} INFO - Setting next_dagrun for example_params_ui_tutorial to None, run_after=None
[2024-11-19T04:07:45.903+0000] {processor.py:208} INFO - Processing /home/airflow/.local/lib/python3.12/site-packages/airflow/example_dags/example_params_ui_tutorial.py took 0.130 seconds
[2024-11-19T04:08:17.012+0000] {processor.py:186} INFO - Started process (PID=1682) to work on /home/airflow/.local/lib/python3.12/site-packages/airflow/example_dags/example_params_ui_tutorial.py
[2024-11-19T04:08:17.013+0000] {processor.py:914} INFO - Processing file /home/airflow/.local/lib/python3.12/site-packages/airflow/example_dags/example_params_ui_tutorial.py for tasks to queue
[2024-11-19T04:08:17.016+0000] {logging_mixin.py:190} INFO - [2024-11-19T04:08:17.015+0000] {dagbag.py:588} INFO - Filling up the DagBag from /home/airflow/.local/lib/python3.12/site-packages/airflow/example_dags/example_params_ui_tutorial.py
[2024-11-19T04:08:17.025+0000] {processor.py:925} INFO - DAG(s) 'example_params_ui_tutorial' retrieved from /home/airflow/.local/lib/python3.12/site-packages/airflow/example_dags/example_params_ui_tutorial.py
[2024-11-19T04:08:17.071+0000] {logging_mixin.py:190} INFO - [2024-11-19T04:08:17.070+0000] {dag.py:3239} INFO - Sync 1 DAGs
[2024-11-19T04:08:17.088+0000] {logging_mixin.py:190} INFO - [2024-11-19T04:08:17.088+0000] {dag.py:4180} INFO - Setting next_dagrun for example_params_ui_tutorial to None, run_after=None
[2024-11-19T04:08:17.129+0000] {processor.py:208} INFO - Processing /home/airflow/.local/lib/python3.12/site-packages/airflow/example_dags/example_params_ui_tutorial.py took 0.122 seconds
[2024-11-19T04:08:48.367+0000] {processor.py:186} INFO - Started process (PID=1747) to work on /home/airflow/.local/lib/python3.12/site-packages/airflow/example_dags/example_params_ui_tutorial.py
[2024-11-19T04:08:48.368+0000] {processor.py:914} INFO - Processing file /home/airflow/.local/lib/python3.12/site-packages/airflow/example_dags/example_params_ui_tutorial.py for tasks to queue
[2024-11-19T04:08:48.372+0000] {logging_mixin.py:190} INFO - [2024-11-19T04:08:48.371+0000] {dagbag.py:588} INFO - Filling up the DagBag from /home/airflow/.local/lib/python3.12/site-packages/airflow/example_dags/example_params_ui_tutorial.py
[2024-11-19T04:08:48.383+0000] {processor.py:925} INFO - DAG(s) 'example_params_ui_tutorial' retrieved from /home/airflow/.local/lib/python3.12/site-packages/airflow/example_dags/example_params_ui_tutorial.py
[2024-11-19T04:08:48.436+0000] {logging_mixin.py:190} INFO - [2024-11-19T04:08:48.435+0000] {dag.py:3239} INFO - Sync 1 DAGs
[2024-11-19T04:08:48.452+0000] {logging_mixin.py:190} INFO - [2024-11-19T04:08:48.451+0000] {dag.py:4180} INFO - Setting next_dagrun for example_params_ui_tutorial to None, run_after=None
[2024-11-19T04:08:48.470+0000] {processor.py:208} INFO - Processing /home/airflow/.local/lib/python3.12/site-packages/airflow/example_dags/example_params_ui_tutorial.py took 0.111 seconds
[2024-11-19T04:09:19.156+0000] {processor.py:186} INFO - Started process (PID=1812) to work on /home/airflow/.local/lib/python3.12/site-packages/airflow/example_dags/example_params_ui_tutorial.py
[2024-11-19T04:09:19.157+0000] {processor.py:914} INFO - Processing file /home/airflow/.local/lib/python3.12/site-packages/airflow/example_dags/example_params_ui_tutorial.py for tasks to queue
[2024-11-19T04:09:19.159+0000] {logging_mixin.py:190} INFO - [2024-11-19T04:09:19.159+0000] {dagbag.py:588} INFO - Filling up the DagBag from /home/airflow/.local/lib/python3.12/site-packages/airflow/example_dags/example_params_ui_tutorial.py
[2024-11-19T04:09:19.171+0000] {processor.py:925} INFO - DAG(s) 'example_params_ui_tutorial' retrieved from /home/airflow/.local/lib/python3.12/site-packages/airflow/example_dags/example_params_ui_tutorial.py
[2024-11-19T04:09:19.220+0000] {logging_mixin.py:190} INFO - [2024-11-19T04:09:19.219+0000] {dag.py:3239} INFO - Sync 1 DAGs
[2024-11-19T04:09:19.239+0000] {logging_mixin.py:190} INFO - [2024-11-19T04:09:19.239+0000] {dag.py:4180} INFO - Setting next_dagrun for example_params_ui_tutorial to None, run_after=None
[2024-11-19T04:09:19.258+0000] {processor.py:208} INFO - Processing /home/airflow/.local/lib/python3.12/site-packages/airflow/example_dags/example_params_ui_tutorial.py took 0.109 seconds
[2024-11-19T04:09:51.089+0000] {processor.py:186} INFO - Started process (PID=1877) to work on /home/airflow/.local/lib/python3.12/site-packages/airflow/example_dags/example_params_ui_tutorial.py
[2024-11-19T04:09:51.090+0000] {processor.py:914} INFO - Processing file /home/airflow/.local/lib/python3.12/site-packages/airflow/example_dags/example_params_ui_tutorial.py for tasks to queue
[2024-11-19T04:09:51.093+0000] {logging_mixin.py:190} INFO - [2024-11-19T04:09:51.093+0000] {dagbag.py:588} INFO - Filling up the DagBag from /home/airflow/.local/lib/python3.12/site-packages/airflow/example_dags/example_params_ui_tutorial.py
[2024-11-19T04:09:51.102+0000] {processor.py:925} INFO - DAG(s) 'example_params_ui_tutorial' retrieved from /home/airflow/.local/lib/python3.12/site-packages/airflow/example_dags/example_params_ui_tutorial.py
[2024-11-19T04:09:51.157+0000] {logging_mixin.py:190} INFO - [2024-11-19T04:09:51.157+0000] {dag.py:3239} INFO - Sync 1 DAGs
[2024-11-19T04:09:51.178+0000] {logging_mixin.py:190} INFO - [2024-11-19T04:09:51.177+0000] {dag.py:4180} INFO - Setting next_dagrun for example_params_ui_tutorial to None, run_after=None
[2024-11-19T04:09:51.200+0000] {processor.py:208} INFO - Processing /home/airflow/.local/lib/python3.12/site-packages/airflow/example_dags/example_params_ui_tutorial.py took 0.117 seconds
[2024-11-19T04:10:21.543+0000] {processor.py:186} INFO - Started process (PID=1942) to work on /home/airflow/.local/lib/python3.12/site-packages/airflow/example_dags/example_params_ui_tutorial.py
[2024-11-19T04:10:21.544+0000] {processor.py:914} INFO - Processing file /home/airflow/.local/lib/python3.12/site-packages/airflow/example_dags/example_params_ui_tutorial.py for tasks to queue
[2024-11-19T04:10:21.547+0000] {logging_mixin.py:190} INFO - [2024-11-19T04:10:21.547+0000] {dagbag.py:588} INFO - Filling up the DagBag from /home/airflow/.local/lib/python3.12/site-packages/airflow/example_dags/example_params_ui_tutorial.py
[2024-11-19T04:10:21.556+0000] {processor.py:925} INFO - DAG(s) 'example_params_ui_tutorial' retrieved from /home/airflow/.local/lib/python3.12/site-packages/airflow/example_dags/example_params_ui_tutorial.py
[2024-11-19T04:10:21.604+0000] {logging_mixin.py:190} INFO - [2024-11-19T04:10:21.604+0000] {dag.py:3239} INFO - Sync 1 DAGs
[2024-11-19T04:10:21.620+0000] {logging_mixin.py:190} INFO - [2024-11-19T04:10:21.620+0000] {dag.py:4180} INFO - Setting next_dagrun for example_params_ui_tutorial to None, run_after=None
[2024-11-19T04:10:21.661+0000] {processor.py:208} INFO - Processing /home/airflow/.local/lib/python3.12/site-packages/airflow/example_dags/example_params_ui_tutorial.py took 0.124 seconds
[2024-11-19T04:10:52.240+0000] {processor.py:186} INFO - Started process (PID=2006) to work on /home/airflow/.local/lib/python3.12/site-packages/airflow/example_dags/example_params_ui_tutorial.py
[2024-11-19T04:10:52.241+0000] {processor.py:914} INFO - Processing file /home/airflow/.local/lib/python3.12/site-packages/airflow/example_dags/example_params_ui_tutorial.py for tasks to queue
[2024-11-19T04:10:52.244+0000] {logging_mixin.py:190} INFO - [2024-11-19T04:10:52.244+0000] {dagbag.py:588} INFO - Filling up the DagBag from /home/airflow/.local/lib/python3.12/site-packages/airflow/example_dags/example_params_ui_tutorial.py
[2024-11-19T04:10:52.279+0000] {processor.py:925} INFO - DAG(s) 'example_params_ui_tutorial' retrieved from /home/airflow/.local/lib/python3.12/site-packages/airflow/example_dags/example_params_ui_tutorial.py
[2024-11-19T04:10:52.370+0000] {logging_mixin.py:190} INFO - [2024-11-19T04:10:52.370+0000] {dag.py:3239} INFO - Sync 1 DAGs
[2024-11-19T04:10:52.388+0000] {logging_mixin.py:190} INFO - [2024-11-19T04:10:52.387+0000] {dag.py:4180} INFO - Setting next_dagrun for example_params_ui_tutorial to None, run_after=None
[2024-11-19T04:10:52.410+0000] {processor.py:208} INFO - Processing /home/airflow/.local/lib/python3.12/site-packages/airflow/example_dags/example_params_ui_tutorial.py took 0.182 seconds
[2024-11-19T04:23:29.376+0000] {processor.py:186} INFO - Started process (PID=2072) to work on /home/airflow/.local/lib/python3.12/site-packages/airflow/example_dags/example_params_ui_tutorial.py
[2024-11-19T04:23:29.377+0000] {processor.py:914} INFO - Processing file /home/airflow/.local/lib/python3.12/site-packages/airflow/example_dags/example_params_ui_tutorial.py for tasks to queue
[2024-11-19T04:23:29.380+0000] {logging_mixin.py:190} INFO - [2024-11-19T04:23:29.380+0000] {dagbag.py:588} INFO - Filling up the DagBag from /home/airflow/.local/lib/python3.12/site-packages/airflow/example_dags/example_params_ui_tutorial.py
[2024-11-19T04:23:29.392+0000] {processor.py:925} INFO - DAG(s) 'example_params_ui_tutorial' retrieved from /home/airflow/.local/lib/python3.12/site-packages/airflow/example_dags/example_params_ui_tutorial.py
[2024-11-19T04:23:29.450+0000] {logging_mixin.py:190} INFO - [2024-11-19T04:23:29.450+0000] {dag.py:3239} INFO - Sync 1 DAGs
[2024-11-19T04:23:29.471+0000] {logging_mixin.py:190} INFO - [2024-11-19T04:23:29.471+0000] {dag.py:4180} INFO - Setting next_dagrun for example_params_ui_tutorial to None, run_after=None
[2024-11-19T04:23:29.503+0000] {processor.py:208} INFO - Processing /home/airflow/.local/lib/python3.12/site-packages/airflow/example_dags/example_params_ui_tutorial.py took 0.133 seconds
[2024-11-19T04:24:00.375+0000] {processor.py:186} INFO - Started process (PID=2137) to work on /home/airflow/.local/lib/python3.12/site-packages/airflow/example_dags/example_params_ui_tutorial.py
[2024-11-19T04:24:00.377+0000] {processor.py:914} INFO - Processing file /home/airflow/.local/lib/python3.12/site-packages/airflow/example_dags/example_params_ui_tutorial.py for tasks to queue
[2024-11-19T04:24:00.381+0000] {logging_mixin.py:190} INFO - [2024-11-19T04:24:00.380+0000] {dagbag.py:588} INFO - Filling up the DagBag from /home/airflow/.local/lib/python3.12/site-packages/airflow/example_dags/example_params_ui_tutorial.py
[2024-11-19T04:24:00.396+0000] {processor.py:925} INFO - DAG(s) 'example_params_ui_tutorial' retrieved from /home/airflow/.local/lib/python3.12/site-packages/airflow/example_dags/example_params_ui_tutorial.py
[2024-11-19T04:24:00.475+0000] {logging_mixin.py:190} INFO - [2024-11-19T04:24:00.473+0000] {dag.py:3239} INFO - Sync 1 DAGs
[2024-11-19T04:24:00.501+0000] {logging_mixin.py:190} INFO - [2024-11-19T04:24:00.501+0000] {dag.py:4180} INFO - Setting next_dagrun for example_params_ui_tutorial to None, run_after=None
[2024-11-19T04:24:00.535+0000] {processor.py:208} INFO - Processing /home/airflow/.local/lib/python3.12/site-packages/airflow/example_dags/example_params_ui_tutorial.py took 0.168 seconds
[2024-11-19T04:24:32.881+0000] {processor.py:186} INFO - Started process (PID=2202) to work on /home/airflow/.local/lib/python3.12/site-packages/airflow/example_dags/example_params_ui_tutorial.py
[2024-11-19T04:24:32.883+0000] {processor.py:914} INFO - Processing file /home/airflow/.local/lib/python3.12/site-packages/airflow/example_dags/example_params_ui_tutorial.py for tasks to queue
[2024-11-19T04:24:32.886+0000] {logging_mixin.py:190} INFO - [2024-11-19T04:24:32.885+0000] {dagbag.py:588} INFO - Filling up the DagBag from /home/airflow/.local/lib/python3.12/site-packages/airflow/example_dags/example_params_ui_tutorial.py
[2024-11-19T04:24:32.895+0000] {processor.py:925} INFO - DAG(s) 'example_params_ui_tutorial' retrieved from /home/airflow/.local/lib/python3.12/site-packages/airflow/example_dags/example_params_ui_tutorial.py
[2024-11-19T04:24:32.949+0000] {logging_mixin.py:190} INFO - [2024-11-19T04:24:32.948+0000] {dag.py:3239} INFO - Sync 1 DAGs
[2024-11-19T04:24:32.968+0000] {logging_mixin.py:190} INFO - [2024-11-19T04:24:32.967+0000] {dag.py:4180} INFO - Setting next_dagrun for example_params_ui_tutorial to None, run_after=None
[2024-11-19T04:24:32.992+0000] {processor.py:208} INFO - Processing /home/airflow/.local/lib/python3.12/site-packages/airflow/example_dags/example_params_ui_tutorial.py took 0.117 seconds
