[2024-11-19T03:51:19.293+0000] {processor.py:186} INFO - Started process (PID=120) to work on /home/airflow/.local/lib/python3.12/site-packages/airflow/example_dags/example_kubernetes_executor.py
[2024-11-19T03:51:19.294+0000] {processor.py:914} INFO - Processing file /home/airflow/.local/lib/python3.12/site-packages/airflow/example_dags/example_kubernetes_executor.py for tasks to queue
[2024-11-19T03:51:19.297+0000] {logging_mixin.py:190} INFO - [2024-11-19T03:51:19.297+0000] {dagbag.py:588} INFO - Filling up the DagBag from /home/airflow/.local/lib/python3.12/site-packages/airflow/example_dags/example_kubernetes_executor.py
[2024-11-19T03:51:19.312+0000] {processor.py:925} INFO - DAG(s) 'example_kubernetes_executor' retrieved from /home/airflow/.local/lib/python3.12/site-packages/airflow/example_dags/example_kubernetes_executor.py
[2024-11-19T03:51:19.449+0000] {logging_mixin.py:190} INFO - [2024-11-19T03:51:19.448+0000] {override.py:1911} INFO - Created Permission View: can read on DAG:example_kubernetes_executor
[2024-11-19T03:51:19.461+0000] {logging_mixin.py:190} INFO - [2024-11-19T03:51:19.461+0000] {override.py:1911} INFO - Created Permission View: can edit on DAG:example_kubernetes_executor
[2024-11-19T03:51:19.469+0000] {logging_mixin.py:190} INFO - [2024-11-19T03:51:19.469+0000] {override.py:1911} INFO - Created Permission View: can delete on DAG:example_kubernetes_executor
[2024-11-19T03:51:19.478+0000] {logging_mixin.py:190} INFO - [2024-11-19T03:51:19.477+0000] {override.py:1911} INFO - Created Permission View: can read on DAG Run:example_kubernetes_executor
[2024-11-19T03:51:19.485+0000] {logging_mixin.py:190} INFO - [2024-11-19T03:51:19.485+0000] {override.py:1911} INFO - Created Permission View: menu access on DAG Run:example_kubernetes_executor
[2024-11-19T03:51:19.492+0000] {logging_mixin.py:190} INFO - [2024-11-19T03:51:19.492+0000] {override.py:1911} INFO - Created Permission View: can create on DAG Run:example_kubernetes_executor
[2024-11-19T03:51:19.499+0000] {logging_mixin.py:190} INFO - [2024-11-19T03:51:19.499+0000] {override.py:1911} INFO - Created Permission View: can delete on DAG Run:example_kubernetes_executor
[2024-11-19T03:51:19.500+0000] {logging_mixin.py:190} INFO - [2024-11-19T03:51:19.500+0000] {dag.py:3239} INFO - Sync 1 DAGs
[2024-11-19T03:51:19.515+0000] {logging_mixin.py:190} INFO - [2024-11-19T03:51:19.515+0000] {dag.py:3262} INFO - Creating ORM DAG for example_kubernetes_executor
[2024-11-19T03:51:19.516+0000] {logging_mixin.py:190} INFO - [2024-11-19T03:51:19.516+0000] {dag.py:4180} INFO - Setting next_dagrun for example_kubernetes_executor to None, run_after=None
[2024-11-19T03:51:19.536+0000] {processor.py:208} INFO - Processing /home/airflow/.local/lib/python3.12/site-packages/airflow/example_dags/example_kubernetes_executor.py took 0.248 seconds
[2024-11-19T03:51:50.204+0000] {processor.py:186} INFO - Started process (PID=184) to work on /home/airflow/.local/lib/python3.12/site-packages/airflow/example_dags/example_kubernetes_executor.py
[2024-11-19T03:51:50.205+0000] {processor.py:914} INFO - Processing file /home/airflow/.local/lib/python3.12/site-packages/airflow/example_dags/example_kubernetes_executor.py for tasks to queue
[2024-11-19T03:51:50.206+0000] {logging_mixin.py:190} INFO - [2024-11-19T03:51:50.206+0000] {dagbag.py:588} INFO - Filling up the DagBag from /home/airflow/.local/lib/python3.12/site-packages/airflow/example_dags/example_kubernetes_executor.py
[2024-11-19T03:51:50.218+0000] {processor.py:925} INFO - DAG(s) 'example_kubernetes_executor' retrieved from /home/airflow/.local/lib/python3.12/site-packages/airflow/example_dags/example_kubernetes_executor.py
[2024-11-19T03:51:50.245+0000] {logging_mixin.py:190} INFO - [2024-11-19T03:51:50.245+0000] {dag.py:3239} INFO - Sync 1 DAGs
[2024-11-19T03:51:50.256+0000] {logging_mixin.py:190} INFO - [2024-11-19T03:51:50.255+0000] {dag.py:4180} INFO - Setting next_dagrun for example_kubernetes_executor to None, run_after=None
[2024-11-19T03:51:50.271+0000] {processor.py:208} INFO - Processing /home/airflow/.local/lib/python3.12/site-packages/airflow/example_dags/example_kubernetes_executor.py took 0.072 seconds
[2024-11-19T03:52:20.591+0000] {processor.py:186} INFO - Started process (PID=248) to work on /home/airflow/.local/lib/python3.12/site-packages/airflow/example_dags/example_kubernetes_executor.py
[2024-11-19T03:52:20.592+0000] {processor.py:914} INFO - Processing file /home/airflow/.local/lib/python3.12/site-packages/airflow/example_dags/example_kubernetes_executor.py for tasks to queue
[2024-11-19T03:52:20.594+0000] {logging_mixin.py:190} INFO - [2024-11-19T03:52:20.594+0000] {dagbag.py:588} INFO - Filling up the DagBag from /home/airflow/.local/lib/python3.12/site-packages/airflow/example_dags/example_kubernetes_executor.py
[2024-11-19T03:52:20.607+0000] {processor.py:925} INFO - DAG(s) 'example_kubernetes_executor' retrieved from /home/airflow/.local/lib/python3.12/site-packages/airflow/example_dags/example_kubernetes_executor.py
[2024-11-19T03:52:20.639+0000] {logging_mixin.py:190} INFO - [2024-11-19T03:52:20.639+0000] {dag.py:3239} INFO - Sync 1 DAGs
[2024-11-19T03:52:20.649+0000] {logging_mixin.py:190} INFO - [2024-11-19T03:52:20.649+0000] {dag.py:4180} INFO - Setting next_dagrun for example_kubernetes_executor to None, run_after=None
[2024-11-19T03:52:20.664+0000] {processor.py:208} INFO - Processing /home/airflow/.local/lib/python3.12/site-packages/airflow/example_dags/example_kubernetes_executor.py took 0.077 seconds
[2024-11-19T03:52:51.100+0000] {processor.py:186} INFO - Started process (PID=312) to work on /home/airflow/.local/lib/python3.12/site-packages/airflow/example_dags/example_kubernetes_executor.py
[2024-11-19T03:52:51.101+0000] {processor.py:914} INFO - Processing file /home/airflow/.local/lib/python3.12/site-packages/airflow/example_dags/example_kubernetes_executor.py for tasks to queue
[2024-11-19T03:52:51.104+0000] {logging_mixin.py:190} INFO - [2024-11-19T03:52:51.103+0000] {dagbag.py:588} INFO - Filling up the DagBag from /home/airflow/.local/lib/python3.12/site-packages/airflow/example_dags/example_kubernetes_executor.py
[2024-11-19T03:52:51.114+0000] {processor.py:925} INFO - DAG(s) 'example_kubernetes_executor' retrieved from /home/airflow/.local/lib/python3.12/site-packages/airflow/example_dags/example_kubernetes_executor.py
[2024-11-19T03:52:51.142+0000] {logging_mixin.py:190} INFO - [2024-11-19T03:52:51.142+0000] {dag.py:3239} INFO - Sync 1 DAGs
[2024-11-19T03:52:51.153+0000] {logging_mixin.py:190} INFO - [2024-11-19T03:52:51.153+0000] {dag.py:4180} INFO - Setting next_dagrun for example_kubernetes_executor to None, run_after=None
[2024-11-19T03:52:51.170+0000] {processor.py:208} INFO - Processing /home/airflow/.local/lib/python3.12/site-packages/airflow/example_dags/example_kubernetes_executor.py took 0.074 seconds
[2024-11-19T03:53:21.684+0000] {processor.py:186} INFO - Started process (PID=376) to work on /home/airflow/.local/lib/python3.12/site-packages/airflow/example_dags/example_kubernetes_executor.py
[2024-11-19T03:53:21.685+0000] {processor.py:914} INFO - Processing file /home/airflow/.local/lib/python3.12/site-packages/airflow/example_dags/example_kubernetes_executor.py for tasks to queue
[2024-11-19T03:53:21.686+0000] {logging_mixin.py:190} INFO - [2024-11-19T03:53:21.686+0000] {dagbag.py:588} INFO - Filling up the DagBag from /home/airflow/.local/lib/python3.12/site-packages/airflow/example_dags/example_kubernetes_executor.py
[2024-11-19T03:53:21.698+0000] {processor.py:925} INFO - DAG(s) 'example_kubernetes_executor' retrieved from /home/airflow/.local/lib/python3.12/site-packages/airflow/example_dags/example_kubernetes_executor.py
[2024-11-19T03:53:21.727+0000] {logging_mixin.py:190} INFO - [2024-11-19T03:53:21.727+0000] {dag.py:3239} INFO - Sync 1 DAGs
[2024-11-19T03:53:21.740+0000] {logging_mixin.py:190} INFO - [2024-11-19T03:53:21.739+0000] {dag.py:4180} INFO - Setting next_dagrun for example_kubernetes_executor to None, run_after=None
[2024-11-19T03:53:21.760+0000] {processor.py:208} INFO - Processing /home/airflow/.local/lib/python3.12/site-packages/airflow/example_dags/example_kubernetes_executor.py took 0.080 seconds
[2024-11-19T03:53:52.235+0000] {processor.py:186} INFO - Started process (PID=440) to work on /home/airflow/.local/lib/python3.12/site-packages/airflow/example_dags/example_kubernetes_executor.py
[2024-11-19T03:53:52.236+0000] {processor.py:914} INFO - Processing file /home/airflow/.local/lib/python3.12/site-packages/airflow/example_dags/example_kubernetes_executor.py for tasks to queue
[2024-11-19T03:53:52.239+0000] {logging_mixin.py:190} INFO - [2024-11-19T03:53:52.238+0000] {dagbag.py:588} INFO - Filling up the DagBag from /home/airflow/.local/lib/python3.12/site-packages/airflow/example_dags/example_kubernetes_executor.py
[2024-11-19T03:53:52.249+0000] {processor.py:925} INFO - DAG(s) 'example_kubernetes_executor' retrieved from /home/airflow/.local/lib/python3.12/site-packages/airflow/example_dags/example_kubernetes_executor.py
[2024-11-19T03:53:52.278+0000] {logging_mixin.py:190} INFO - [2024-11-19T03:53:52.277+0000] {dag.py:3239} INFO - Sync 1 DAGs
[2024-11-19T03:53:52.289+0000] {logging_mixin.py:190} INFO - [2024-11-19T03:53:52.289+0000] {dag.py:4180} INFO - Setting next_dagrun for example_kubernetes_executor to None, run_after=None
[2024-11-19T03:53:52.306+0000] {processor.py:208} INFO - Processing /home/airflow/.local/lib/python3.12/site-packages/airflow/example_dags/example_kubernetes_executor.py took 0.075 seconds
[2024-11-19T03:54:22.778+0000] {processor.py:186} INFO - Started process (PID=504) to work on /home/airflow/.local/lib/python3.12/site-packages/airflow/example_dags/example_kubernetes_executor.py
[2024-11-19T03:54:22.779+0000] {processor.py:914} INFO - Processing file /home/airflow/.local/lib/python3.12/site-packages/airflow/example_dags/example_kubernetes_executor.py for tasks to queue
[2024-11-19T03:54:22.781+0000] {logging_mixin.py:190} INFO - [2024-11-19T03:54:22.781+0000] {dagbag.py:588} INFO - Filling up the DagBag from /home/airflow/.local/lib/python3.12/site-packages/airflow/example_dags/example_kubernetes_executor.py
[2024-11-19T03:54:22.793+0000] {processor.py:925} INFO - DAG(s) 'example_kubernetes_executor' retrieved from /home/airflow/.local/lib/python3.12/site-packages/airflow/example_dags/example_kubernetes_executor.py
[2024-11-19T03:54:22.821+0000] {logging_mixin.py:190} INFO - [2024-11-19T03:54:22.821+0000] {dag.py:3239} INFO - Sync 1 DAGs
[2024-11-19T03:54:22.832+0000] {logging_mixin.py:190} INFO - [2024-11-19T03:54:22.832+0000] {dag.py:4180} INFO - Setting next_dagrun for example_kubernetes_executor to None, run_after=None
[2024-11-19T03:54:22.847+0000] {processor.py:208} INFO - Processing /home/airflow/.local/lib/python3.12/site-packages/airflow/example_dags/example_kubernetes_executor.py took 0.073 seconds
[2024-11-19T03:54:53.103+0000] {processor.py:186} INFO - Started process (PID=568) to work on /home/airflow/.local/lib/python3.12/site-packages/airflow/example_dags/example_kubernetes_executor.py
[2024-11-19T03:54:53.105+0000] {processor.py:914} INFO - Processing file /home/airflow/.local/lib/python3.12/site-packages/airflow/example_dags/example_kubernetes_executor.py for tasks to queue
[2024-11-19T03:54:53.108+0000] {logging_mixin.py:190} INFO - [2024-11-19T03:54:53.108+0000] {dagbag.py:588} INFO - Filling up the DagBag from /home/airflow/.local/lib/python3.12/site-packages/airflow/example_dags/example_kubernetes_executor.py
[2024-11-19T03:54:53.125+0000] {processor.py:925} INFO - DAG(s) 'example_kubernetes_executor' retrieved from /home/airflow/.local/lib/python3.12/site-packages/airflow/example_dags/example_kubernetes_executor.py
[2024-11-19T03:54:53.164+0000] {logging_mixin.py:190} INFO - [2024-11-19T03:54:53.164+0000] {dag.py:3239} INFO - Sync 1 DAGs
[2024-11-19T03:54:53.179+0000] {logging_mixin.py:190} INFO - [2024-11-19T03:54:53.179+0000] {dag.py:4180} INFO - Setting next_dagrun for example_kubernetes_executor to None, run_after=None
[2024-11-19T03:54:53.199+0000] {processor.py:208} INFO - Processing /home/airflow/.local/lib/python3.12/site-packages/airflow/example_dags/example_kubernetes_executor.py took 0.101 seconds
[2024-11-19T03:55:23.349+0000] {processor.py:186} INFO - Started process (PID=632) to work on /home/airflow/.local/lib/python3.12/site-packages/airflow/example_dags/example_kubernetes_executor.py
[2024-11-19T03:55:23.350+0000] {processor.py:914} INFO - Processing file /home/airflow/.local/lib/python3.12/site-packages/airflow/example_dags/example_kubernetes_executor.py for tasks to queue
[2024-11-19T03:55:23.352+0000] {logging_mixin.py:190} INFO - [2024-11-19T03:55:23.352+0000] {dagbag.py:588} INFO - Filling up the DagBag from /home/airflow/.local/lib/python3.12/site-packages/airflow/example_dags/example_kubernetes_executor.py
[2024-11-19T03:55:23.361+0000] {processor.py:925} INFO - DAG(s) 'example_kubernetes_executor' retrieved from /home/airflow/.local/lib/python3.12/site-packages/airflow/example_dags/example_kubernetes_executor.py
[2024-11-19T03:55:23.388+0000] {logging_mixin.py:190} INFO - [2024-11-19T03:55:23.388+0000] {dag.py:3239} INFO - Sync 1 DAGs
[2024-11-19T03:55:23.400+0000] {logging_mixin.py:190} INFO - [2024-11-19T03:55:23.400+0000] {dag.py:4180} INFO - Setting next_dagrun for example_kubernetes_executor to None, run_after=None
[2024-11-19T03:55:23.414+0000] {processor.py:208} INFO - Processing /home/airflow/.local/lib/python3.12/site-packages/airflow/example_dags/example_kubernetes_executor.py took 0.070 seconds
[2024-11-19T03:55:54.910+0000] {processor.py:186} INFO - Started process (PID=696) to work on /home/airflow/.local/lib/python3.12/site-packages/airflow/example_dags/example_kubernetes_executor.py
[2024-11-19T03:55:54.911+0000] {processor.py:914} INFO - Processing file /home/airflow/.local/lib/python3.12/site-packages/airflow/example_dags/example_kubernetes_executor.py for tasks to queue
[2024-11-19T03:55:54.913+0000] {logging_mixin.py:190} INFO - [2024-11-19T03:55:54.913+0000] {dagbag.py:588} INFO - Filling up the DagBag from /home/airflow/.local/lib/python3.12/site-packages/airflow/example_dags/example_kubernetes_executor.py
[2024-11-19T03:55:54.924+0000] {processor.py:925} INFO - DAG(s) 'example_kubernetes_executor' retrieved from /home/airflow/.local/lib/python3.12/site-packages/airflow/example_dags/example_kubernetes_executor.py
[2024-11-19T03:55:54.953+0000] {logging_mixin.py:190} INFO - [2024-11-19T03:55:54.953+0000] {dag.py:3239} INFO - Sync 1 DAGs
[2024-11-19T03:55:54.966+0000] {logging_mixin.py:190} INFO - [2024-11-19T03:55:54.965+0000] {dag.py:4180} INFO - Setting next_dagrun for example_kubernetes_executor to None, run_after=None
[2024-11-19T03:55:54.981+0000] {processor.py:208} INFO - Processing /home/airflow/.local/lib/python3.12/site-packages/airflow/example_dags/example_kubernetes_executor.py took 0.075 seconds
[2024-11-19T03:56:26.672+0000] {processor.py:186} INFO - Started process (PID=761) to work on /home/airflow/.local/lib/python3.12/site-packages/airflow/example_dags/example_kubernetes_executor.py
[2024-11-19T03:56:26.673+0000] {processor.py:914} INFO - Processing file /home/airflow/.local/lib/python3.12/site-packages/airflow/example_dags/example_kubernetes_executor.py for tasks to queue
[2024-11-19T03:56:26.675+0000] {logging_mixin.py:190} INFO - [2024-11-19T03:56:26.675+0000] {dagbag.py:588} INFO - Filling up the DagBag from /home/airflow/.local/lib/python3.12/site-packages/airflow/example_dags/example_kubernetes_executor.py
[2024-11-19T03:56:26.685+0000] {processor.py:925} INFO - DAG(s) 'example_kubernetes_executor' retrieved from /home/airflow/.local/lib/python3.12/site-packages/airflow/example_dags/example_kubernetes_executor.py
[2024-11-19T03:56:26.714+0000] {logging_mixin.py:190} INFO - [2024-11-19T03:56:26.714+0000] {dag.py:3239} INFO - Sync 1 DAGs
[2024-11-19T03:56:26.726+0000] {logging_mixin.py:190} INFO - [2024-11-19T03:56:26.726+0000] {dag.py:4180} INFO - Setting next_dagrun for example_kubernetes_executor to None, run_after=None
[2024-11-19T03:56:26.744+0000] {processor.py:208} INFO - Processing /home/airflow/.local/lib/python3.12/site-packages/airflow/example_dags/example_kubernetes_executor.py took 0.077 seconds
[2024-11-19T03:57:01.734+0000] {processor.py:186} INFO - Started process (PID=830) to work on /home/airflow/.local/lib/python3.12/site-packages/airflow/example_dags/example_kubernetes_executor.py
[2024-11-19T03:57:01.735+0000] {processor.py:914} INFO - Processing file /home/airflow/.local/lib/python3.12/site-packages/airflow/example_dags/example_kubernetes_executor.py for tasks to queue
[2024-11-19T03:57:01.741+0000] {logging_mixin.py:190} INFO - [2024-11-19T03:57:01.740+0000] {dagbag.py:588} INFO - Filling up the DagBag from /home/airflow/.local/lib/python3.12/site-packages/airflow/example_dags/example_kubernetes_executor.py
[2024-11-19T03:57:01.772+0000] {processor.py:925} INFO - DAG(s) 'example_kubernetes_executor' retrieved from /home/airflow/.local/lib/python3.12/site-packages/airflow/example_dags/example_kubernetes_executor.py
[2024-11-19T03:57:01.867+0000] {logging_mixin.py:190} INFO - [2024-11-19T03:57:01.866+0000] {dag.py:3239} INFO - Sync 1 DAGs
[2024-11-19T03:57:01.900+0000] {logging_mixin.py:190} INFO - [2024-11-19T03:57:01.900+0000] {dag.py:4180} INFO - Setting next_dagrun for example_kubernetes_executor to None, run_after=None
[2024-11-19T03:57:01.950+0000] {processor.py:208} INFO - Processing /home/airflow/.local/lib/python3.12/site-packages/airflow/example_dags/example_kubernetes_executor.py took 0.232 seconds
[2024-11-19T03:57:32.803+0000] {processor.py:186} INFO - Started process (PID=917) to work on /home/airflow/.local/lib/python3.12/site-packages/airflow/example_dags/example_kubernetes_executor.py
[2024-11-19T03:57:32.804+0000] {processor.py:914} INFO - Processing file /home/airflow/.local/lib/python3.12/site-packages/airflow/example_dags/example_kubernetes_executor.py for tasks to queue
[2024-11-19T03:57:32.806+0000] {logging_mixin.py:190} INFO - [2024-11-19T03:57:32.806+0000] {dagbag.py:588} INFO - Filling up the DagBag from /home/airflow/.local/lib/python3.12/site-packages/airflow/example_dags/example_kubernetes_executor.py
[2024-11-19T03:57:32.815+0000] {processor.py:925} INFO - DAG(s) 'example_kubernetes_executor' retrieved from /home/airflow/.local/lib/python3.12/site-packages/airflow/example_dags/example_kubernetes_executor.py
[2024-11-19T03:57:32.842+0000] {logging_mixin.py:190} INFO - [2024-11-19T03:57:32.842+0000] {dag.py:3239} INFO - Sync 1 DAGs
[2024-11-19T03:57:32.853+0000] {logging_mixin.py:190} INFO - [2024-11-19T03:57:32.853+0000] {dag.py:4180} INFO - Setting next_dagrun for example_kubernetes_executor to None, run_after=None
[2024-11-19T03:57:32.877+0000] {processor.py:208} INFO - Processing /home/airflow/.local/lib/python3.12/site-packages/airflow/example_dags/example_kubernetes_executor.py took 0.078 seconds
[2024-11-19T03:58:02.950+0000] {processor.py:186} INFO - Started process (PID=982) to work on /home/airflow/.local/lib/python3.12/site-packages/airflow/example_dags/example_kubernetes_executor.py
[2024-11-19T03:58:02.951+0000] {processor.py:914} INFO - Processing file /home/airflow/.local/lib/python3.12/site-packages/airflow/example_dags/example_kubernetes_executor.py for tasks to queue
[2024-11-19T03:58:02.954+0000] {logging_mixin.py:190} INFO - [2024-11-19T03:58:02.954+0000] {dagbag.py:588} INFO - Filling up the DagBag from /home/airflow/.local/lib/python3.12/site-packages/airflow/example_dags/example_kubernetes_executor.py
[2024-11-19T03:58:02.966+0000] {processor.py:925} INFO - DAG(s) 'example_kubernetes_executor' retrieved from /home/airflow/.local/lib/python3.12/site-packages/airflow/example_dags/example_kubernetes_executor.py
[2024-11-19T03:58:02.994+0000] {logging_mixin.py:190} INFO - [2024-11-19T03:58:02.994+0000] {dag.py:3239} INFO - Sync 1 DAGs
[2024-11-19T03:58:03.005+0000] {logging_mixin.py:190} INFO - [2024-11-19T03:58:03.005+0000] {dag.py:4180} INFO - Setting next_dagrun for example_kubernetes_executor to None, run_after=None
[2024-11-19T03:58:03.023+0000] {processor.py:208} INFO - Processing /home/airflow/.local/lib/python3.12/site-packages/airflow/example_dags/example_kubernetes_executor.py took 0.077 seconds
[2024-11-19T03:58:33.900+0000] {processor.py:186} INFO - Started process (PID=1047) to work on /home/airflow/.local/lib/python3.12/site-packages/airflow/example_dags/example_kubernetes_executor.py
[2024-11-19T03:58:33.901+0000] {processor.py:914} INFO - Processing file /home/airflow/.local/lib/python3.12/site-packages/airflow/example_dags/example_kubernetes_executor.py for tasks to queue
[2024-11-19T03:58:33.903+0000] {logging_mixin.py:190} INFO - [2024-11-19T03:58:33.903+0000] {dagbag.py:588} INFO - Filling up the DagBag from /home/airflow/.local/lib/python3.12/site-packages/airflow/example_dags/example_kubernetes_executor.py
[2024-11-19T03:58:33.914+0000] {processor.py:925} INFO - DAG(s) 'example_kubernetes_executor' retrieved from /home/airflow/.local/lib/python3.12/site-packages/airflow/example_dags/example_kubernetes_executor.py
[2024-11-19T03:58:33.944+0000] {logging_mixin.py:190} INFO - [2024-11-19T03:58:33.944+0000] {dag.py:3239} INFO - Sync 1 DAGs
[2024-11-19T03:58:33.956+0000] {logging_mixin.py:190} INFO - [2024-11-19T03:58:33.955+0000] {dag.py:4180} INFO - Setting next_dagrun for example_kubernetes_executor to None, run_after=None
[2024-11-19T03:58:33.983+0000] {processor.py:208} INFO - Processing /home/airflow/.local/lib/python3.12/site-packages/airflow/example_dags/example_kubernetes_executor.py took 0.086 seconds
[2024-11-19T03:59:04.477+0000] {processor.py:186} INFO - Started process (PID=1113) to work on /home/airflow/.local/lib/python3.12/site-packages/airflow/example_dags/example_kubernetes_executor.py
[2024-11-19T03:59:04.478+0000] {processor.py:914} INFO - Processing file /home/airflow/.local/lib/python3.12/site-packages/airflow/example_dags/example_kubernetes_executor.py for tasks to queue
[2024-11-19T03:59:04.479+0000] {logging_mixin.py:190} INFO - [2024-11-19T03:59:04.479+0000] {dagbag.py:588} INFO - Filling up the DagBag from /home/airflow/.local/lib/python3.12/site-packages/airflow/example_dags/example_kubernetes_executor.py
[2024-11-19T03:59:04.489+0000] {processor.py:925} INFO - DAG(s) 'example_kubernetes_executor' retrieved from /home/airflow/.local/lib/python3.12/site-packages/airflow/example_dags/example_kubernetes_executor.py
[2024-11-19T03:59:04.516+0000] {logging_mixin.py:190} INFO - [2024-11-19T03:59:04.516+0000] {dag.py:3239} INFO - Sync 1 DAGs
[2024-11-19T03:59:04.527+0000] {logging_mixin.py:190} INFO - [2024-11-19T03:59:04.527+0000] {dag.py:4180} INFO - Setting next_dagrun for example_kubernetes_executor to None, run_after=None
[2024-11-19T03:59:04.542+0000] {processor.py:208} INFO - Processing /home/airflow/.local/lib/python3.12/site-packages/airflow/example_dags/example_kubernetes_executor.py took 0.069 seconds
[2024-11-19T03:59:34.946+0000] {processor.py:186} INFO - Started process (PID=1178) to work on /home/airflow/.local/lib/python3.12/site-packages/airflow/example_dags/example_kubernetes_executor.py
[2024-11-19T03:59:34.946+0000] {processor.py:914} INFO - Processing file /home/airflow/.local/lib/python3.12/site-packages/airflow/example_dags/example_kubernetes_executor.py for tasks to queue
[2024-11-19T03:59:34.948+0000] {logging_mixin.py:190} INFO - [2024-11-19T03:59:34.948+0000] {dagbag.py:588} INFO - Filling up the DagBag from /home/airflow/.local/lib/python3.12/site-packages/airflow/example_dags/example_kubernetes_executor.py
[2024-11-19T03:59:34.958+0000] {processor.py:925} INFO - DAG(s) 'example_kubernetes_executor' retrieved from /home/airflow/.local/lib/python3.12/site-packages/airflow/example_dags/example_kubernetes_executor.py
[2024-11-19T03:59:34.986+0000] {logging_mixin.py:190} INFO - [2024-11-19T03:59:34.986+0000] {dag.py:3239} INFO - Sync 1 DAGs
[2024-11-19T03:59:34.996+0000] {logging_mixin.py:190} INFO - [2024-11-19T03:59:34.996+0000] {dag.py:4180} INFO - Setting next_dagrun for example_kubernetes_executor to None, run_after=None
[2024-11-19T03:59:35.022+0000] {processor.py:208} INFO - Processing /home/airflow/.local/lib/python3.12/site-packages/airflow/example_dags/example_kubernetes_executor.py took 0.080 seconds
[2024-11-19T04:00:05.374+0000] {processor.py:186} INFO - Started process (PID=1243) to work on /home/airflow/.local/lib/python3.12/site-packages/airflow/example_dags/example_kubernetes_executor.py
[2024-11-19T04:00:05.375+0000] {processor.py:914} INFO - Processing file /home/airflow/.local/lib/python3.12/site-packages/airflow/example_dags/example_kubernetes_executor.py for tasks to queue
[2024-11-19T04:00:05.377+0000] {logging_mixin.py:190} INFO - [2024-11-19T04:00:05.377+0000] {dagbag.py:588} INFO - Filling up the DagBag from /home/airflow/.local/lib/python3.12/site-packages/airflow/example_dags/example_kubernetes_executor.py
[2024-11-19T04:00:05.387+0000] {processor.py:925} INFO - DAG(s) 'example_kubernetes_executor' retrieved from /home/airflow/.local/lib/python3.12/site-packages/airflow/example_dags/example_kubernetes_executor.py
[2024-11-19T04:00:05.413+0000] {logging_mixin.py:190} INFO - [2024-11-19T04:00:05.413+0000] {dag.py:3239} INFO - Sync 1 DAGs
[2024-11-19T04:00:05.424+0000] {logging_mixin.py:190} INFO - [2024-11-19T04:00:05.423+0000] {dag.py:4180} INFO - Setting next_dagrun for example_kubernetes_executor to None, run_after=None
[2024-11-19T04:00:05.437+0000] {processor.py:208} INFO - Processing /home/airflow/.local/lib/python3.12/site-packages/airflow/example_dags/example_kubernetes_executor.py took 0.067 seconds
[2024-11-19T04:00:36.811+0000] {processor.py:186} INFO - Started process (PID=1308) to work on /home/airflow/.local/lib/python3.12/site-packages/airflow/example_dags/example_kubernetes_executor.py
[2024-11-19T04:00:36.812+0000] {processor.py:914} INFO - Processing file /home/airflow/.local/lib/python3.12/site-packages/airflow/example_dags/example_kubernetes_executor.py for tasks to queue
[2024-11-19T04:00:36.814+0000] {logging_mixin.py:190} INFO - [2024-11-19T04:00:36.814+0000] {dagbag.py:588} INFO - Filling up the DagBag from /home/airflow/.local/lib/python3.12/site-packages/airflow/example_dags/example_kubernetes_executor.py
[2024-11-19T04:00:36.823+0000] {processor.py:925} INFO - DAG(s) 'example_kubernetes_executor' retrieved from /home/airflow/.local/lib/python3.12/site-packages/airflow/example_dags/example_kubernetes_executor.py
[2024-11-19T04:00:36.850+0000] {logging_mixin.py:190} INFO - [2024-11-19T04:00:36.850+0000] {dag.py:3239} INFO - Sync 1 DAGs
[2024-11-19T04:00:36.861+0000] {logging_mixin.py:190} INFO - [2024-11-19T04:00:36.861+0000] {dag.py:4180} INFO - Setting next_dagrun for example_kubernetes_executor to None, run_after=None
[2024-11-19T04:00:36.876+0000] {processor.py:208} INFO - Processing /home/airflow/.local/lib/python3.12/site-packages/airflow/example_dags/example_kubernetes_executor.py took 0.069 seconds
[2024-11-19T04:01:07.388+0000] {processor.py:186} INFO - Started process (PID=1373) to work on /home/airflow/.local/lib/python3.12/site-packages/airflow/example_dags/example_kubernetes_executor.py
[2024-11-19T04:01:07.388+0000] {processor.py:914} INFO - Processing file /home/airflow/.local/lib/python3.12/site-packages/airflow/example_dags/example_kubernetes_executor.py for tasks to queue
[2024-11-19T04:01:07.390+0000] {logging_mixin.py:190} INFO - [2024-11-19T04:01:07.390+0000] {dagbag.py:588} INFO - Filling up the DagBag from /home/airflow/.local/lib/python3.12/site-packages/airflow/example_dags/example_kubernetes_executor.py
[2024-11-19T04:01:07.402+0000] {processor.py:925} INFO - DAG(s) 'example_kubernetes_executor' retrieved from /home/airflow/.local/lib/python3.12/site-packages/airflow/example_dags/example_kubernetes_executor.py
[2024-11-19T04:01:07.427+0000] {logging_mixin.py:190} INFO - [2024-11-19T04:01:07.427+0000] {dag.py:3239} INFO - Sync 1 DAGs
[2024-11-19T04:01:07.437+0000] {logging_mixin.py:190} INFO - [2024-11-19T04:01:07.437+0000] {dag.py:4180} INFO - Setting next_dagrun for example_kubernetes_executor to None, run_after=None
[2024-11-19T04:01:07.452+0000] {processor.py:208} INFO - Processing /home/airflow/.local/lib/python3.12/site-packages/airflow/example_dags/example_kubernetes_executor.py took 0.068 seconds
[2024-11-19T04:01:38.752+0000] {processor.py:186} INFO - Started process (PID=1444) to work on /home/airflow/.local/lib/python3.12/site-packages/airflow/example_dags/example_kubernetes_executor.py
[2024-11-19T04:01:38.753+0000] {processor.py:914} INFO - Processing file /home/airflow/.local/lib/python3.12/site-packages/airflow/example_dags/example_kubernetes_executor.py for tasks to queue
[2024-11-19T04:01:38.754+0000] {logging_mixin.py:190} INFO - [2024-11-19T04:01:38.754+0000] {dagbag.py:588} INFO - Filling up the DagBag from /home/airflow/.local/lib/python3.12/site-packages/airflow/example_dags/example_kubernetes_executor.py
[2024-11-19T04:01:38.764+0000] {processor.py:925} INFO - DAG(s) 'example_kubernetes_executor' retrieved from /home/airflow/.local/lib/python3.12/site-packages/airflow/example_dags/example_kubernetes_executor.py
[2024-11-19T04:01:38.791+0000] {logging_mixin.py:190} INFO - [2024-11-19T04:01:38.790+0000] {dag.py:3239} INFO - Sync 1 DAGs
[2024-11-19T04:01:38.801+0000] {logging_mixin.py:190} INFO - [2024-11-19T04:01:38.801+0000] {dag.py:4180} INFO - Setting next_dagrun for example_kubernetes_executor to None, run_after=None
[2024-11-19T04:01:38.814+0000] {processor.py:208} INFO - Processing /home/airflow/.local/lib/python3.12/site-packages/airflow/example_dags/example_kubernetes_executor.py took 0.066 seconds
[2024-11-19T04:02:11.464+0000] {processor.py:186} INFO - Started process (PID=1509) to work on /home/airflow/.local/lib/python3.12/site-packages/airflow/example_dags/example_kubernetes_executor.py
[2024-11-19T04:02:11.465+0000] {processor.py:914} INFO - Processing file /home/airflow/.local/lib/python3.12/site-packages/airflow/example_dags/example_kubernetes_executor.py for tasks to queue
[2024-11-19T04:02:11.467+0000] {logging_mixin.py:190} INFO - [2024-11-19T04:02:11.467+0000] {dagbag.py:588} INFO - Filling up the DagBag from /home/airflow/.local/lib/python3.12/site-packages/airflow/example_dags/example_kubernetes_executor.py
[2024-11-19T04:02:11.481+0000] {processor.py:925} INFO - DAG(s) 'example_kubernetes_executor' retrieved from /home/airflow/.local/lib/python3.12/site-packages/airflow/example_dags/example_kubernetes_executor.py
[2024-11-19T04:02:11.513+0000] {logging_mixin.py:190} INFO - [2024-11-19T04:02:11.513+0000] {dag.py:3239} INFO - Sync 1 DAGs
[2024-11-19T04:02:11.526+0000] {logging_mixin.py:190} INFO - [2024-11-19T04:02:11.526+0000] {dag.py:4180} INFO - Setting next_dagrun for example_kubernetes_executor to None, run_after=None
[2024-11-19T04:02:11.542+0000] {processor.py:208} INFO - Processing /home/airflow/.local/lib/python3.12/site-packages/airflow/example_dags/example_kubernetes_executor.py took 0.083 seconds
[2024-11-19T04:07:15.086+0000] {processor.py:186} INFO - Started process (PID=1567) to work on /home/airflow/.local/lib/python3.12/site-packages/airflow/example_dags/example_kubernetes_executor.py
[2024-11-19T04:07:15.087+0000] {processor.py:914} INFO - Processing file /home/airflow/.local/lib/python3.12/site-packages/airflow/example_dags/example_kubernetes_executor.py for tasks to queue
[2024-11-19T04:07:15.090+0000] {logging_mixin.py:190} INFO - [2024-11-19T04:07:15.089+0000] {dagbag.py:588} INFO - Filling up the DagBag from /home/airflow/.local/lib/python3.12/site-packages/airflow/example_dags/example_kubernetes_executor.py
[2024-11-19T04:07:15.107+0000] {processor.py:925} INFO - DAG(s) 'example_kubernetes_executor' retrieved from /home/airflow/.local/lib/python3.12/site-packages/airflow/example_dags/example_kubernetes_executor.py
[2024-11-19T04:07:15.149+0000] {logging_mixin.py:190} INFO - [2024-11-19T04:07:15.149+0000] {dag.py:3239} INFO - Sync 1 DAGs
[2024-11-19T04:07:15.164+0000] {logging_mixin.py:190} INFO - [2024-11-19T04:07:15.164+0000] {dag.py:4180} INFO - Setting next_dagrun for example_kubernetes_executor to None, run_after=None
[2024-11-19T04:07:15.188+0000] {processor.py:208} INFO - Processing /home/airflow/.local/lib/python3.12/site-packages/airflow/example_dags/example_kubernetes_executor.py took 0.110 seconds
[2024-11-19T04:07:47.161+0000] {processor.py:186} INFO - Started process (PID=1632) to work on /home/airflow/.local/lib/python3.12/site-packages/airflow/example_dags/example_kubernetes_executor.py
[2024-11-19T04:07:47.162+0000] {processor.py:914} INFO - Processing file /home/airflow/.local/lib/python3.12/site-packages/airflow/example_dags/example_kubernetes_executor.py for tasks to queue
[2024-11-19T04:07:47.165+0000] {logging_mixin.py:190} INFO - [2024-11-19T04:07:47.165+0000] {dagbag.py:588} INFO - Filling up the DagBag from /home/airflow/.local/lib/python3.12/site-packages/airflow/example_dags/example_kubernetes_executor.py
[2024-11-19T04:07:47.180+0000] {processor.py:925} INFO - DAG(s) 'example_kubernetes_executor' retrieved from /home/airflow/.local/lib/python3.12/site-packages/airflow/example_dags/example_kubernetes_executor.py
[2024-11-19T04:07:47.220+0000] {logging_mixin.py:190} INFO - [2024-11-19T04:07:47.220+0000] {dag.py:3239} INFO - Sync 1 DAGs
[2024-11-19T04:07:47.239+0000] {logging_mixin.py:190} INFO - [2024-11-19T04:07:47.239+0000] {dag.py:4180} INFO - Setting next_dagrun for example_kubernetes_executor to None, run_after=None
[2024-11-19T04:07:47.266+0000] {processor.py:208} INFO - Processing /home/airflow/.local/lib/python3.12/site-packages/airflow/example_dags/example_kubernetes_executor.py took 0.111 seconds
[2024-11-19T04:08:18.242+0000] {processor.py:186} INFO - Started process (PID=1697) to work on /home/airflow/.local/lib/python3.12/site-packages/airflow/example_dags/example_kubernetes_executor.py
[2024-11-19T04:08:18.243+0000] {processor.py:914} INFO - Processing file /home/airflow/.local/lib/python3.12/site-packages/airflow/example_dags/example_kubernetes_executor.py for tasks to queue
[2024-11-19T04:08:18.246+0000] {logging_mixin.py:190} INFO - [2024-11-19T04:08:18.245+0000] {dagbag.py:588} INFO - Filling up the DagBag from /home/airflow/.local/lib/python3.12/site-packages/airflow/example_dags/example_kubernetes_executor.py
[2024-11-19T04:08:18.260+0000] {processor.py:925} INFO - DAG(s) 'example_kubernetes_executor' retrieved from /home/airflow/.local/lib/python3.12/site-packages/airflow/example_dags/example_kubernetes_executor.py
[2024-11-19T04:08:18.306+0000] {logging_mixin.py:190} INFO - [2024-11-19T04:08:18.305+0000] {dag.py:3239} INFO - Sync 1 DAGs
[2024-11-19T04:08:18.326+0000] {logging_mixin.py:190} INFO - [2024-11-19T04:08:18.326+0000] {dag.py:4180} INFO - Setting next_dagrun for example_kubernetes_executor to None, run_after=None
[2024-11-19T04:08:18.352+0000] {processor.py:208} INFO - Processing /home/airflow/.local/lib/python3.12/site-packages/airflow/example_dags/example_kubernetes_executor.py took 0.116 seconds
[2024-11-19T04:08:49.600+0000] {processor.py:186} INFO - Started process (PID=1762) to work on /home/airflow/.local/lib/python3.12/site-packages/airflow/example_dags/example_kubernetes_executor.py
[2024-11-19T04:08:49.601+0000] {processor.py:914} INFO - Processing file /home/airflow/.local/lib/python3.12/site-packages/airflow/example_dags/example_kubernetes_executor.py for tasks to queue
[2024-11-19T04:08:49.604+0000] {logging_mixin.py:190} INFO - [2024-11-19T04:08:49.603+0000] {dagbag.py:588} INFO - Filling up the DagBag from /home/airflow/.local/lib/python3.12/site-packages/airflow/example_dags/example_kubernetes_executor.py
[2024-11-19T04:08:49.619+0000] {processor.py:925} INFO - DAG(s) 'example_kubernetes_executor' retrieved from /home/airflow/.local/lib/python3.12/site-packages/airflow/example_dags/example_kubernetes_executor.py
[2024-11-19T04:08:49.660+0000] {logging_mixin.py:190} INFO - [2024-11-19T04:08:49.659+0000] {dag.py:3239} INFO - Sync 1 DAGs
[2024-11-19T04:08:49.679+0000] {logging_mixin.py:190} INFO - [2024-11-19T04:08:49.679+0000] {dag.py:4180} INFO - Setting next_dagrun for example_kubernetes_executor to None, run_after=None
[2024-11-19T04:08:49.700+0000] {processor.py:208} INFO - Processing /home/airflow/.local/lib/python3.12/site-packages/airflow/example_dags/example_kubernetes_executor.py took 0.106 seconds
[2024-11-19T04:09:20.307+0000] {processor.py:186} INFO - Started process (PID=1827) to work on /home/airflow/.local/lib/python3.12/site-packages/airflow/example_dags/example_kubernetes_executor.py
[2024-11-19T04:09:20.309+0000] {processor.py:914} INFO - Processing file /home/airflow/.local/lib/python3.12/site-packages/airflow/example_dags/example_kubernetes_executor.py for tasks to queue
[2024-11-19T04:09:20.313+0000] {logging_mixin.py:190} INFO - [2024-11-19T04:09:20.312+0000] {dagbag.py:588} INFO - Filling up the DagBag from /home/airflow/.local/lib/python3.12/site-packages/airflow/example_dags/example_kubernetes_executor.py
[2024-11-19T04:09:20.334+0000] {processor.py:925} INFO - DAG(s) 'example_kubernetes_executor' retrieved from /home/airflow/.local/lib/python3.12/site-packages/airflow/example_dags/example_kubernetes_executor.py
[2024-11-19T04:09:20.374+0000] {logging_mixin.py:190} INFO - [2024-11-19T04:09:20.373+0000] {dag.py:3239} INFO - Sync 1 DAGs
[2024-11-19T04:09:20.390+0000] {logging_mixin.py:190} INFO - [2024-11-19T04:09:20.390+0000] {dag.py:4180} INFO - Setting next_dagrun for example_kubernetes_executor to None, run_after=None
[2024-11-19T04:09:20.415+0000] {processor.py:208} INFO - Processing /home/airflow/.local/lib/python3.12/site-packages/airflow/example_dags/example_kubernetes_executor.py took 0.118 seconds
[2024-11-19T04:09:52.135+0000] {processor.py:186} INFO - Started process (PID=1892) to work on /home/airflow/.local/lib/python3.12/site-packages/airflow/example_dags/example_kubernetes_executor.py
[2024-11-19T04:09:52.136+0000] {processor.py:914} INFO - Processing file /home/airflow/.local/lib/python3.12/site-packages/airflow/example_dags/example_kubernetes_executor.py for tasks to queue
[2024-11-19T04:09:52.139+0000] {logging_mixin.py:190} INFO - [2024-11-19T04:09:52.138+0000] {dagbag.py:588} INFO - Filling up the DagBag from /home/airflow/.local/lib/python3.12/site-packages/airflow/example_dags/example_kubernetes_executor.py
[2024-11-19T04:09:52.154+0000] {processor.py:925} INFO - DAG(s) 'example_kubernetes_executor' retrieved from /home/airflow/.local/lib/python3.12/site-packages/airflow/example_dags/example_kubernetes_executor.py
[2024-11-19T04:09:52.192+0000] {logging_mixin.py:190} INFO - [2024-11-19T04:09:52.192+0000] {dag.py:3239} INFO - Sync 1 DAGs
[2024-11-19T04:09:52.207+0000] {logging_mixin.py:190} INFO - [2024-11-19T04:09:52.207+0000] {dag.py:4180} INFO - Setting next_dagrun for example_kubernetes_executor to None, run_after=None
[2024-11-19T04:09:52.235+0000] {processor.py:208} INFO - Processing /home/airflow/.local/lib/python3.12/site-packages/airflow/example_dags/example_kubernetes_executor.py took 0.107 seconds
[2024-11-19T04:10:22.931+0000] {processor.py:186} INFO - Started process (PID=1957) to work on /home/airflow/.local/lib/python3.12/site-packages/airflow/example_dags/example_kubernetes_executor.py
[2024-11-19T04:10:22.932+0000] {processor.py:914} INFO - Processing file /home/airflow/.local/lib/python3.12/site-packages/airflow/example_dags/example_kubernetes_executor.py for tasks to queue
[2024-11-19T04:10:22.935+0000] {logging_mixin.py:190} INFO - [2024-11-19T04:10:22.934+0000] {dagbag.py:588} INFO - Filling up the DagBag from /home/airflow/.local/lib/python3.12/site-packages/airflow/example_dags/example_kubernetes_executor.py
[2024-11-19T04:10:22.952+0000] {processor.py:925} INFO - DAG(s) 'example_kubernetes_executor' retrieved from /home/airflow/.local/lib/python3.12/site-packages/airflow/example_dags/example_kubernetes_executor.py
[2024-11-19T04:10:22.989+0000] {logging_mixin.py:190} INFO - [2024-11-19T04:10:22.989+0000] {dag.py:3239} INFO - Sync 1 DAGs
[2024-11-19T04:10:23.006+0000] {logging_mixin.py:190} INFO - [2024-11-19T04:10:23.006+0000] {dag.py:4180} INFO - Setting next_dagrun for example_kubernetes_executor to None, run_after=None
[2024-11-19T04:10:23.038+0000] {processor.py:208} INFO - Processing /home/airflow/.local/lib/python3.12/site-packages/airflow/example_dags/example_kubernetes_executor.py took 0.114 seconds
[2024-11-19T04:10:54.035+0000] {processor.py:186} INFO - Started process (PID=2022) to work on /home/airflow/.local/lib/python3.12/site-packages/airflow/example_dags/example_kubernetes_executor.py
[2024-11-19T04:10:54.036+0000] {processor.py:914} INFO - Processing file /home/airflow/.local/lib/python3.12/site-packages/airflow/example_dags/example_kubernetes_executor.py for tasks to queue
[2024-11-19T04:10:54.039+0000] {logging_mixin.py:190} INFO - [2024-11-19T04:10:54.039+0000] {dagbag.py:588} INFO - Filling up the DagBag from /home/airflow/.local/lib/python3.12/site-packages/airflow/example_dags/example_kubernetes_executor.py
[2024-11-19T04:10:54.118+0000] {processor.py:925} INFO - DAG(s) 'example_kubernetes_executor' retrieved from /home/airflow/.local/lib/python3.12/site-packages/airflow/example_dags/example_kubernetes_executor.py
[2024-11-19T04:10:54.193+0000] {logging_mixin.py:190} INFO - [2024-11-19T04:10:54.193+0000] {dag.py:3239} INFO - Sync 1 DAGs
[2024-11-19T04:10:54.249+0000] {logging_mixin.py:190} INFO - [2024-11-19T04:10:54.248+0000] {dag.py:4180} INFO - Setting next_dagrun for example_kubernetes_executor to None, run_after=None
[2024-11-19T04:10:54.284+0000] {processor.py:208} INFO - Processing /home/airflow/.local/lib/python3.12/site-packages/airflow/example_dags/example_kubernetes_executor.py took 0.256 seconds
[2024-11-19T04:23:30.888+0000] {processor.py:186} INFO - Started process (PID=2087) to work on /home/airflow/.local/lib/python3.12/site-packages/airflow/example_dags/example_kubernetes_executor.py
[2024-11-19T04:23:30.889+0000] {processor.py:914} INFO - Processing file /home/airflow/.local/lib/python3.12/site-packages/airflow/example_dags/example_kubernetes_executor.py for tasks to queue
[2024-11-19T04:23:30.892+0000] {logging_mixin.py:190} INFO - [2024-11-19T04:23:30.892+0000] {dagbag.py:588} INFO - Filling up the DagBag from /home/airflow/.local/lib/python3.12/site-packages/airflow/example_dags/example_kubernetes_executor.py
[2024-11-19T04:23:30.916+0000] {processor.py:925} INFO - DAG(s) 'example_kubernetes_executor' retrieved from /home/airflow/.local/lib/python3.12/site-packages/airflow/example_dags/example_kubernetes_executor.py
[2024-11-19T04:23:30.963+0000] {logging_mixin.py:190} INFO - [2024-11-19T04:23:30.963+0000] {dag.py:3239} INFO - Sync 1 DAGs
[2024-11-19T04:23:30.980+0000] {logging_mixin.py:190} INFO - [2024-11-19T04:23:30.980+0000] {dag.py:4180} INFO - Setting next_dagrun for example_kubernetes_executor to None, run_after=None
[2024-11-19T04:23:31.005+0000] {processor.py:208} INFO - Processing /home/airflow/.local/lib/python3.12/site-packages/airflow/example_dags/example_kubernetes_executor.py took 0.124 seconds
[2024-11-19T04:24:01.592+0000] {processor.py:186} INFO - Started process (PID=2152) to work on /home/airflow/.local/lib/python3.12/site-packages/airflow/example_dags/example_kubernetes_executor.py
[2024-11-19T04:24:01.593+0000] {processor.py:914} INFO - Processing file /home/airflow/.local/lib/python3.12/site-packages/airflow/example_dags/example_kubernetes_executor.py for tasks to queue
[2024-11-19T04:24:01.597+0000] {logging_mixin.py:190} INFO - [2024-11-19T04:24:01.596+0000] {dagbag.py:588} INFO - Filling up the DagBag from /home/airflow/.local/lib/python3.12/site-packages/airflow/example_dags/example_kubernetes_executor.py
[2024-11-19T04:24:01.627+0000] {processor.py:925} INFO - DAG(s) 'example_kubernetes_executor' retrieved from /home/airflow/.local/lib/python3.12/site-packages/airflow/example_dags/example_kubernetes_executor.py
[2024-11-19T04:24:01.690+0000] {logging_mixin.py:190} INFO - [2024-11-19T04:24:01.690+0000] {dag.py:3239} INFO - Sync 1 DAGs
[2024-11-19T04:24:01.707+0000] {logging_mixin.py:190} INFO - [2024-11-19T04:24:01.707+0000] {dag.py:4180} INFO - Setting next_dagrun for example_kubernetes_executor to None, run_after=None
[2024-11-19T04:24:01.729+0000] {processor.py:208} INFO - Processing /home/airflow/.local/lib/python3.12/site-packages/airflow/example_dags/example_kubernetes_executor.py took 0.144 seconds
[2024-11-19T04:24:34.177+0000] {processor.py:186} INFO - Started process (PID=2217) to work on /home/airflow/.local/lib/python3.12/site-packages/airflow/example_dags/example_kubernetes_executor.py
[2024-11-19T04:24:34.179+0000] {processor.py:914} INFO - Processing file /home/airflow/.local/lib/python3.12/site-packages/airflow/example_dags/example_kubernetes_executor.py for tasks to queue
[2024-11-19T04:24:34.181+0000] {logging_mixin.py:190} INFO - [2024-11-19T04:24:34.181+0000] {dagbag.py:588} INFO - Filling up the DagBag from /home/airflow/.local/lib/python3.12/site-packages/airflow/example_dags/example_kubernetes_executor.py
[2024-11-19T04:24:34.199+0000] {processor.py:925} INFO - DAG(s) 'example_kubernetes_executor' retrieved from /home/airflow/.local/lib/python3.12/site-packages/airflow/example_dags/example_kubernetes_executor.py
[2024-11-19T04:24:34.253+0000] {logging_mixin.py:190} INFO - [2024-11-19T04:24:34.253+0000] {dag.py:3239} INFO - Sync 1 DAGs
[2024-11-19T04:24:34.273+0000] {logging_mixin.py:190} INFO - [2024-11-19T04:24:34.272+0000] {dag.py:4180} INFO - Setting next_dagrun for example_kubernetes_executor to None, run_after=None
[2024-11-19T04:24:34.296+0000] {processor.py:208} INFO - Processing /home/airflow/.local/lib/python3.12/site-packages/airflow/example_dags/example_kubernetes_executor.py took 0.126 seconds
