[2024-11-19T03:51:13.596+0000] {processor.py:186} INFO - Started process (PID=100) to work on /home/airflow/.local/lib/python3.12/site-packages/airflow/example_dags/tutorial_dag.py
[2024-11-19T03:51:13.597+0000] {processor.py:914} INFO - Processing file /home/airflow/.local/lib/python3.12/site-packages/airflow/example_dags/tutorial_dag.py for tasks to queue
[2024-11-19T03:51:13.600+0000] {logging_mixin.py:190} INFO - [2024-11-19T03:51:13.600+0000] {dagbag.py:588} INFO - Filling up the DagBag from /home/airflow/.local/lib/python3.12/site-packages/airflow/example_dags/tutorial_dag.py
[2024-11-19T03:51:13.609+0000] {processor.py:925} INFO - DAG(s) 'tutorial_dag' retrieved from /home/airflow/.local/lib/python3.12/site-packages/airflow/example_dags/tutorial_dag.py
[2024-11-19T03:51:13.851+0000] {logging_mixin.py:190} INFO - [2024-11-19T03:51:13.849+0000] {override.py:1911} INFO - Created Permission View: can read on DAG:tutorial_dag
[2024-11-19T03:51:13.883+0000] {logging_mixin.py:190} INFO - [2024-11-19T03:51:13.882+0000] {override.py:1911} INFO - Created Permission View: can edit on DAG:tutorial_dag
[2024-11-19T03:51:13.908+0000] {logging_mixin.py:190} INFO - [2024-11-19T03:51:13.907+0000] {override.py:1911} INFO - Created Permission View: can delete on DAG:tutorial_dag
[2024-11-19T03:51:13.934+0000] {logging_mixin.py:190} INFO - [2024-11-19T03:51:13.933+0000] {override.py:1911} INFO - Created Permission View: can read on DAG Run:tutorial_dag
[2024-11-19T03:51:13.961+0000] {logging_mixin.py:190} INFO - [2024-11-19T03:51:13.960+0000] {override.py:1911} INFO - Created Permission View: menu access on DAG Run:tutorial_dag
[2024-11-19T03:51:13.986+0000] {logging_mixin.py:190} INFO - [2024-11-19T03:51:13.985+0000] {override.py:1911} INFO - Created Permission View: can create on DAG Run:tutorial_dag
[2024-11-19T03:51:14.008+0000] {logging_mixin.py:190} INFO - [2024-11-19T03:51:14.007+0000] {override.py:1911} INFO - Created Permission View: can delete on DAG Run:tutorial_dag
[2024-11-19T03:51:14.010+0000] {logging_mixin.py:190} INFO - [2024-11-19T03:51:14.009+0000] {dag.py:3239} INFO - Sync 1 DAGs
[2024-11-19T03:51:14.046+0000] {logging_mixin.py:190} INFO - [2024-11-19T03:51:14.046+0000] {dag.py:3262} INFO - Creating ORM DAG for tutorial_dag
[2024-11-19T03:51:14.049+0000] {logging_mixin.py:190} INFO - [2024-11-19T03:51:14.048+0000] {dag.py:4180} INFO - Setting next_dagrun for tutorial_dag to None, run_after=None
[2024-11-19T03:51:14.104+0000] {processor.py:208} INFO - Processing /home/airflow/.local/lib/python3.12/site-packages/airflow/example_dags/tutorial_dag.py took 0.513 seconds
[2024-11-19T03:51:44.277+0000] {processor.py:186} INFO - Started process (PID=163) to work on /home/airflow/.local/lib/python3.12/site-packages/airflow/example_dags/tutorial_dag.py
[2024-11-19T03:51:44.278+0000] {processor.py:914} INFO - Processing file /home/airflow/.local/lib/python3.12/site-packages/airflow/example_dags/tutorial_dag.py for tasks to queue
[2024-11-19T03:51:44.280+0000] {logging_mixin.py:190} INFO - [2024-11-19T03:51:44.280+0000] {dagbag.py:588} INFO - Filling up the DagBag from /home/airflow/.local/lib/python3.12/site-packages/airflow/example_dags/tutorial_dag.py
[2024-11-19T03:51:44.290+0000] {processor.py:925} INFO - DAG(s) 'tutorial_dag' retrieved from /home/airflow/.local/lib/python3.12/site-packages/airflow/example_dags/tutorial_dag.py
[2024-11-19T03:51:44.312+0000] {logging_mixin.py:190} INFO - [2024-11-19T03:51:44.312+0000] {dag.py:3239} INFO - Sync 1 DAGs
[2024-11-19T03:51:44.329+0000] {logging_mixin.py:190} INFO - [2024-11-19T03:51:44.329+0000] {dag.py:4180} INFO - Setting next_dagrun for tutorial_dag to None, run_after=None
[2024-11-19T03:51:44.347+0000] {processor.py:208} INFO - Processing /home/airflow/.local/lib/python3.12/site-packages/airflow/example_dags/tutorial_dag.py took 0.076 seconds
[2024-11-19T03:52:14.917+0000] {processor.py:186} INFO - Started process (PID=227) to work on /home/airflow/.local/lib/python3.12/site-packages/airflow/example_dags/tutorial_dag.py
[2024-11-19T03:52:14.918+0000] {processor.py:914} INFO - Processing file /home/airflow/.local/lib/python3.12/site-packages/airflow/example_dags/tutorial_dag.py for tasks to queue
[2024-11-19T03:52:14.920+0000] {logging_mixin.py:190} INFO - [2024-11-19T03:52:14.920+0000] {dagbag.py:588} INFO - Filling up the DagBag from /home/airflow/.local/lib/python3.12/site-packages/airflow/example_dags/tutorial_dag.py
[2024-11-19T03:52:14.926+0000] {processor.py:925} INFO - DAG(s) 'tutorial_dag' retrieved from /home/airflow/.local/lib/python3.12/site-packages/airflow/example_dags/tutorial_dag.py
[2024-11-19T03:52:14.942+0000] {logging_mixin.py:190} INFO - [2024-11-19T03:52:14.942+0000] {dag.py:3239} INFO - Sync 1 DAGs
[2024-11-19T03:52:14.954+0000] {logging_mixin.py:190} INFO - [2024-11-19T03:52:14.953+0000] {dag.py:4180} INFO - Setting next_dagrun for tutorial_dag to None, run_after=None
[2024-11-19T03:52:14.972+0000] {processor.py:208} INFO - Processing /home/airflow/.local/lib/python3.12/site-packages/airflow/example_dags/tutorial_dag.py took 0.060 seconds
[2024-11-19T03:52:45.357+0000] {processor.py:186} INFO - Started process (PID=290) to work on /home/airflow/.local/lib/python3.12/site-packages/airflow/example_dags/tutorial_dag.py
[2024-11-19T03:52:45.358+0000] {processor.py:914} INFO - Processing file /home/airflow/.local/lib/python3.12/site-packages/airflow/example_dags/tutorial_dag.py for tasks to queue
[2024-11-19T03:52:45.361+0000] {logging_mixin.py:190} INFO - [2024-11-19T03:52:45.360+0000] {dagbag.py:588} INFO - Filling up the DagBag from /home/airflow/.local/lib/python3.12/site-packages/airflow/example_dags/tutorial_dag.py
[2024-11-19T03:52:45.368+0000] {processor.py:925} INFO - DAG(s) 'tutorial_dag' retrieved from /home/airflow/.local/lib/python3.12/site-packages/airflow/example_dags/tutorial_dag.py
[2024-11-19T03:52:45.388+0000] {logging_mixin.py:190} INFO - [2024-11-19T03:52:45.388+0000] {dag.py:3239} INFO - Sync 1 DAGs
[2024-11-19T03:52:45.405+0000] {logging_mixin.py:190} INFO - [2024-11-19T03:52:45.405+0000] {dag.py:4180} INFO - Setting next_dagrun for tutorial_dag to None, run_after=None
[2024-11-19T03:52:45.427+0000] {processor.py:208} INFO - Processing /home/airflow/.local/lib/python3.12/site-packages/airflow/example_dags/tutorial_dag.py took 0.076 seconds
[2024-11-19T03:53:16.807+0000] {processor.py:186} INFO - Started process (PID=354) to work on /home/airflow/.local/lib/python3.12/site-packages/airflow/example_dags/tutorial_dag.py
[2024-11-19T03:53:16.808+0000] {processor.py:914} INFO - Processing file /home/airflow/.local/lib/python3.12/site-packages/airflow/example_dags/tutorial_dag.py for tasks to queue
[2024-11-19T03:53:16.810+0000] {logging_mixin.py:190} INFO - [2024-11-19T03:53:16.809+0000] {dagbag.py:588} INFO - Filling up the DagBag from /home/airflow/.local/lib/python3.12/site-packages/airflow/example_dags/tutorial_dag.py
[2024-11-19T03:53:16.815+0000] {processor.py:925} INFO - DAG(s) 'tutorial_dag' retrieved from /home/airflow/.local/lib/python3.12/site-packages/airflow/example_dags/tutorial_dag.py
[2024-11-19T03:53:16.832+0000] {logging_mixin.py:190} INFO - [2024-11-19T03:53:16.831+0000] {dag.py:3239} INFO - Sync 1 DAGs
[2024-11-19T03:53:16.842+0000] {logging_mixin.py:190} INFO - [2024-11-19T03:53:16.842+0000] {dag.py:4180} INFO - Setting next_dagrun for tutorial_dag to None, run_after=None
[2024-11-19T03:53:16.858+0000] {processor.py:208} INFO - Processing /home/airflow/.local/lib/python3.12/site-packages/airflow/example_dags/tutorial_dag.py took 0.055 seconds
[2024-11-19T03:53:48.046+0000] {processor.py:186} INFO - Started process (PID=418) to work on /home/airflow/.local/lib/python3.12/site-packages/airflow/example_dags/tutorial_dag.py
[2024-11-19T03:53:48.047+0000] {processor.py:914} INFO - Processing file /home/airflow/.local/lib/python3.12/site-packages/airflow/example_dags/tutorial_dag.py for tasks to queue
[2024-11-19T03:53:48.050+0000] {logging_mixin.py:190} INFO - [2024-11-19T03:53:48.049+0000] {dagbag.py:588} INFO - Filling up the DagBag from /home/airflow/.local/lib/python3.12/site-packages/airflow/example_dags/tutorial_dag.py
[2024-11-19T03:53:48.056+0000] {processor.py:925} INFO - DAG(s) 'tutorial_dag' retrieved from /home/airflow/.local/lib/python3.12/site-packages/airflow/example_dags/tutorial_dag.py
[2024-11-19T03:53:48.089+0000] {logging_mixin.py:190} INFO - [2024-11-19T03:53:48.088+0000] {dag.py:3239} INFO - Sync 1 DAGs
[2024-11-19T03:53:48.106+0000] {logging_mixin.py:190} INFO - [2024-11-19T03:53:48.106+0000] {dag.py:4180} INFO - Setting next_dagrun for tutorial_dag to None, run_after=None
[2024-11-19T03:53:48.132+0000] {processor.py:208} INFO - Processing /home/airflow/.local/lib/python3.12/site-packages/airflow/example_dags/tutorial_dag.py took 0.089 seconds
[2024-11-19T03:54:19.629+0000] {processor.py:186} INFO - Started process (PID=482) to work on /home/airflow/.local/lib/python3.12/site-packages/airflow/example_dags/tutorial_dag.py
[2024-11-19T03:54:19.632+0000] {processor.py:914} INFO - Processing file /home/airflow/.local/lib/python3.12/site-packages/airflow/example_dags/tutorial_dag.py for tasks to queue
[2024-11-19T03:54:19.636+0000] {logging_mixin.py:190} INFO - [2024-11-19T03:54:19.636+0000] {dagbag.py:588} INFO - Filling up the DagBag from /home/airflow/.local/lib/python3.12/site-packages/airflow/example_dags/tutorial_dag.py
[2024-11-19T03:54:19.651+0000] {processor.py:925} INFO - DAG(s) 'tutorial_dag' retrieved from /home/airflow/.local/lib/python3.12/site-packages/airflow/example_dags/tutorial_dag.py
[2024-11-19T03:54:19.688+0000] {logging_mixin.py:190} INFO - [2024-11-19T03:54:19.687+0000] {dag.py:3239} INFO - Sync 1 DAGs
[2024-11-19T03:54:19.707+0000] {logging_mixin.py:190} INFO - [2024-11-19T03:54:19.707+0000] {dag.py:4180} INFO - Setting next_dagrun for tutorial_dag to None, run_after=None
[2024-11-19T03:54:19.725+0000] {processor.py:208} INFO - Processing /home/airflow/.local/lib/python3.12/site-packages/airflow/example_dags/tutorial_dag.py took 0.103 seconds
[2024-11-19T03:54:50.844+0000] {processor.py:186} INFO - Started process (PID=546) to work on /home/airflow/.local/lib/python3.12/site-packages/airflow/example_dags/tutorial_dag.py
[2024-11-19T03:54:50.845+0000] {processor.py:914} INFO - Processing file /home/airflow/.local/lib/python3.12/site-packages/airflow/example_dags/tutorial_dag.py for tasks to queue
[2024-11-19T03:54:50.847+0000] {logging_mixin.py:190} INFO - [2024-11-19T03:54:50.847+0000] {dagbag.py:588} INFO - Filling up the DagBag from /home/airflow/.local/lib/python3.12/site-packages/airflow/example_dags/tutorial_dag.py
[2024-11-19T03:54:50.853+0000] {processor.py:925} INFO - DAG(s) 'tutorial_dag' retrieved from /home/airflow/.local/lib/python3.12/site-packages/airflow/example_dags/tutorial_dag.py
[2024-11-19T03:54:50.879+0000] {logging_mixin.py:190} INFO - [2024-11-19T03:54:50.879+0000] {dag.py:3239} INFO - Sync 1 DAGs
[2024-11-19T03:54:50.898+0000] {logging_mixin.py:190} INFO - [2024-11-19T03:54:50.898+0000] {dag.py:4180} INFO - Setting next_dagrun for tutorial_dag to None, run_after=None
[2024-11-19T03:54:50.927+0000] {processor.py:208} INFO - Processing /home/airflow/.local/lib/python3.12/site-packages/airflow/example_dags/tutorial_dag.py took 0.087 seconds
[2024-11-19T03:55:21.991+0000] {processor.py:186} INFO - Started process (PID=610) to work on /home/airflow/.local/lib/python3.12/site-packages/airflow/example_dags/tutorial_dag.py
[2024-11-19T03:55:21.992+0000] {processor.py:914} INFO - Processing file /home/airflow/.local/lib/python3.12/site-packages/airflow/example_dags/tutorial_dag.py for tasks to queue
[2024-11-19T03:55:21.994+0000] {logging_mixin.py:190} INFO - [2024-11-19T03:55:21.994+0000] {dagbag.py:588} INFO - Filling up the DagBag from /home/airflow/.local/lib/python3.12/site-packages/airflow/example_dags/tutorial_dag.py
[2024-11-19T03:55:21.999+0000] {processor.py:925} INFO - DAG(s) 'tutorial_dag' retrieved from /home/airflow/.local/lib/python3.12/site-packages/airflow/example_dags/tutorial_dag.py
[2024-11-19T03:55:22.012+0000] {logging_mixin.py:190} INFO - [2024-11-19T03:55:22.012+0000] {dag.py:3239} INFO - Sync 1 DAGs
[2024-11-19T03:55:22.022+0000] {logging_mixin.py:190} INFO - [2024-11-19T03:55:22.022+0000] {dag.py:4180} INFO - Setting next_dagrun for tutorial_dag to None, run_after=None
[2024-11-19T03:55:22.035+0000] {processor.py:208} INFO - Processing /home/airflow/.local/lib/python3.12/site-packages/airflow/example_dags/tutorial_dag.py took 0.048 seconds
[2024-11-19T03:55:53.732+0000] {processor.py:186} INFO - Started process (PID=676) to work on /home/airflow/.local/lib/python3.12/site-packages/airflow/example_dags/tutorial_dag.py
[2024-11-19T03:55:53.733+0000] {processor.py:914} INFO - Processing file /home/airflow/.local/lib/python3.12/site-packages/airflow/example_dags/tutorial_dag.py for tasks to queue
[2024-11-19T03:55:53.735+0000] {logging_mixin.py:190} INFO - [2024-11-19T03:55:53.735+0000] {dagbag.py:588} INFO - Filling up the DagBag from /home/airflow/.local/lib/python3.12/site-packages/airflow/example_dags/tutorial_dag.py
[2024-11-19T03:55:53.741+0000] {processor.py:925} INFO - DAG(s) 'tutorial_dag' retrieved from /home/airflow/.local/lib/python3.12/site-packages/airflow/example_dags/tutorial_dag.py
[2024-11-19T03:55:53.756+0000] {logging_mixin.py:190} INFO - [2024-11-19T03:55:53.756+0000] {dag.py:3239} INFO - Sync 1 DAGs
[2024-11-19T03:55:53.768+0000] {logging_mixin.py:190} INFO - [2024-11-19T03:55:53.767+0000] {dag.py:4180} INFO - Setting next_dagrun for tutorial_dag to None, run_after=None
[2024-11-19T03:55:53.784+0000] {processor.py:208} INFO - Processing /home/airflow/.local/lib/python3.12/site-packages/airflow/example_dags/tutorial_dag.py took 0.056 seconds
[2024-11-19T03:56:25.052+0000] {processor.py:186} INFO - Started process (PID=740) to work on /home/airflow/.local/lib/python3.12/site-packages/airflow/example_dags/tutorial_dag.py
[2024-11-19T03:56:25.053+0000] {processor.py:914} INFO - Processing file /home/airflow/.local/lib/python3.12/site-packages/airflow/example_dags/tutorial_dag.py for tasks to queue
[2024-11-19T03:56:25.054+0000] {logging_mixin.py:190} INFO - [2024-11-19T03:56:25.054+0000] {dagbag.py:588} INFO - Filling up the DagBag from /home/airflow/.local/lib/python3.12/site-packages/airflow/example_dags/tutorial_dag.py
[2024-11-19T03:56:25.061+0000] {processor.py:925} INFO - DAG(s) 'tutorial_dag' retrieved from /home/airflow/.local/lib/python3.12/site-packages/airflow/example_dags/tutorial_dag.py
[2024-11-19T03:56:25.080+0000] {logging_mixin.py:190} INFO - [2024-11-19T03:56:25.080+0000] {dag.py:3239} INFO - Sync 1 DAGs
[2024-11-19T03:56:25.092+0000] {logging_mixin.py:190} INFO - [2024-11-19T03:56:25.092+0000] {dag.py:4180} INFO - Setting next_dagrun for tutorial_dag to None, run_after=None
[2024-11-19T03:56:25.110+0000] {processor.py:208} INFO - Processing /home/airflow/.local/lib/python3.12/site-packages/airflow/example_dags/tutorial_dag.py took 0.063 seconds
[2024-11-19T03:56:58.285+0000] {processor.py:186} INFO - Started process (PID=809) to work on /home/airflow/.local/lib/python3.12/site-packages/airflow/example_dags/tutorial_dag.py
[2024-11-19T03:56:58.289+0000] {processor.py:914} INFO - Processing file /home/airflow/.local/lib/python3.12/site-packages/airflow/example_dags/tutorial_dag.py for tasks to queue
[2024-11-19T03:56:58.313+0000] {logging_mixin.py:190} INFO - [2024-11-19T03:56:58.312+0000] {dagbag.py:588} INFO - Filling up the DagBag from /home/airflow/.local/lib/python3.12/site-packages/airflow/example_dags/tutorial_dag.py
[2024-11-19T03:56:58.336+0000] {processor.py:925} INFO - DAG(s) 'tutorial_dag' retrieved from /home/airflow/.local/lib/python3.12/site-packages/airflow/example_dags/tutorial_dag.py
[2024-11-19T03:56:58.409+0000] {logging_mixin.py:190} INFO - [2024-11-19T03:56:58.408+0000] {dag.py:3239} INFO - Sync 1 DAGs
[2024-11-19T03:56:58.438+0000] {logging_mixin.py:190} INFO - [2024-11-19T03:56:58.438+0000] {dag.py:4180} INFO - Setting next_dagrun for tutorial_dag to None, run_after=None
[2024-11-19T03:56:58.511+0000] {processor.py:208} INFO - Processing /home/airflow/.local/lib/python3.12/site-packages/airflow/example_dags/tutorial_dag.py took 0.247 seconds
[2024-11-19T03:57:29.125+0000] {processor.py:186} INFO - Started process (PID=896) to work on /home/airflow/.local/lib/python3.12/site-packages/airflow/example_dags/tutorial_dag.py
[2024-11-19T03:57:29.126+0000] {processor.py:914} INFO - Processing file /home/airflow/.local/lib/python3.12/site-packages/airflow/example_dags/tutorial_dag.py for tasks to queue
[2024-11-19T03:57:29.127+0000] {logging_mixin.py:190} INFO - [2024-11-19T03:57:29.127+0000] {dagbag.py:588} INFO - Filling up the DagBag from /home/airflow/.local/lib/python3.12/site-packages/airflow/example_dags/tutorial_dag.py
[2024-11-19T03:57:29.133+0000] {processor.py:925} INFO - DAG(s) 'tutorial_dag' retrieved from /home/airflow/.local/lib/python3.12/site-packages/airflow/example_dags/tutorial_dag.py
[2024-11-19T03:57:29.147+0000] {logging_mixin.py:190} INFO - [2024-11-19T03:57:29.147+0000] {dag.py:3239} INFO - Sync 1 DAGs
[2024-11-19T03:57:29.158+0000] {logging_mixin.py:190} INFO - [2024-11-19T03:57:29.158+0000] {dag.py:4180} INFO - Setting next_dagrun for tutorial_dag to None, run_after=None
[2024-11-19T03:57:29.175+0000] {processor.py:208} INFO - Processing /home/airflow/.local/lib/python3.12/site-packages/airflow/example_dags/tutorial_dag.py took 0.055 seconds
[2024-11-19T03:57:59.489+0000] {processor.py:186} INFO - Started process (PID=960) to work on /home/airflow/.local/lib/python3.12/site-packages/airflow/example_dags/tutorial_dag.py
[2024-11-19T03:57:59.490+0000] {processor.py:914} INFO - Processing file /home/airflow/.local/lib/python3.12/site-packages/airflow/example_dags/tutorial_dag.py for tasks to queue
[2024-11-19T03:57:59.492+0000] {logging_mixin.py:190} INFO - [2024-11-19T03:57:59.492+0000] {dagbag.py:588} INFO - Filling up the DagBag from /home/airflow/.local/lib/python3.12/site-packages/airflow/example_dags/tutorial_dag.py
[2024-11-19T03:57:59.497+0000] {processor.py:925} INFO - DAG(s) 'tutorial_dag' retrieved from /home/airflow/.local/lib/python3.12/site-packages/airflow/example_dags/tutorial_dag.py
[2024-11-19T03:57:59.512+0000] {logging_mixin.py:190} INFO - [2024-11-19T03:57:59.511+0000] {dag.py:3239} INFO - Sync 1 DAGs
[2024-11-19T03:57:59.523+0000] {logging_mixin.py:190} INFO - [2024-11-19T03:57:59.522+0000] {dag.py:4180} INFO - Setting next_dagrun for tutorial_dag to None, run_after=None
[2024-11-19T03:57:59.534+0000] {processor.py:208} INFO - Processing /home/airflow/.local/lib/python3.12/site-packages/airflow/example_dags/tutorial_dag.py took 0.049 seconds
[2024-11-19T03:58:30.812+0000] {processor.py:186} INFO - Started process (PID=1025) to work on /home/airflow/.local/lib/python3.12/site-packages/airflow/example_dags/tutorial_dag.py
[2024-11-19T03:58:30.814+0000] {processor.py:914} INFO - Processing file /home/airflow/.local/lib/python3.12/site-packages/airflow/example_dags/tutorial_dag.py for tasks to queue
[2024-11-19T03:58:30.816+0000] {logging_mixin.py:190} INFO - [2024-11-19T03:58:30.815+0000] {dagbag.py:588} INFO - Filling up the DagBag from /home/airflow/.local/lib/python3.12/site-packages/airflow/example_dags/tutorial_dag.py
[2024-11-19T03:58:30.821+0000] {processor.py:925} INFO - DAG(s) 'tutorial_dag' retrieved from /home/airflow/.local/lib/python3.12/site-packages/airflow/example_dags/tutorial_dag.py
[2024-11-19T03:58:30.839+0000] {logging_mixin.py:190} INFO - [2024-11-19T03:58:30.839+0000] {dag.py:3239} INFO - Sync 1 DAGs
[2024-11-19T03:58:30.850+0000] {logging_mixin.py:190} INFO - [2024-11-19T03:58:30.850+0000] {dag.py:4180} INFO - Setting next_dagrun for tutorial_dag to None, run_after=None
[2024-11-19T03:58:30.867+0000] {processor.py:208} INFO - Processing /home/airflow/.local/lib/python3.12/site-packages/airflow/example_dags/tutorial_dag.py took 0.058 seconds
[2024-11-19T03:59:02.002+0000] {processor.py:186} INFO - Started process (PID=1091) to work on /home/airflow/.local/lib/python3.12/site-packages/airflow/example_dags/tutorial_dag.py
[2024-11-19T03:59:02.003+0000] {processor.py:914} INFO - Processing file /home/airflow/.local/lib/python3.12/site-packages/airflow/example_dags/tutorial_dag.py for tasks to queue
[2024-11-19T03:59:02.005+0000] {logging_mixin.py:190} INFO - [2024-11-19T03:59:02.005+0000] {dagbag.py:588} INFO - Filling up the DagBag from /home/airflow/.local/lib/python3.12/site-packages/airflow/example_dags/tutorial_dag.py
[2024-11-19T03:59:02.011+0000] {processor.py:925} INFO - DAG(s) 'tutorial_dag' retrieved from /home/airflow/.local/lib/python3.12/site-packages/airflow/example_dags/tutorial_dag.py
[2024-11-19T03:59:02.026+0000] {logging_mixin.py:190} INFO - [2024-11-19T03:59:02.025+0000] {dag.py:3239} INFO - Sync 1 DAGs
[2024-11-19T03:59:02.037+0000] {logging_mixin.py:190} INFO - [2024-11-19T03:59:02.037+0000] {dag.py:4180} INFO - Setting next_dagrun for tutorial_dag to None, run_after=None
[2024-11-19T03:59:02.051+0000] {processor.py:208} INFO - Processing /home/airflow/.local/lib/python3.12/site-packages/airflow/example_dags/tutorial_dag.py took 0.052 seconds
[2024-11-19T03:59:32.593+0000] {processor.py:186} INFO - Started process (PID=1156) to work on /home/airflow/.local/lib/python3.12/site-packages/airflow/example_dags/tutorial_dag.py
[2024-11-19T03:59:32.594+0000] {processor.py:914} INFO - Processing file /home/airflow/.local/lib/python3.12/site-packages/airflow/example_dags/tutorial_dag.py for tasks to queue
[2024-11-19T03:59:32.595+0000] {logging_mixin.py:190} INFO - [2024-11-19T03:59:32.595+0000] {dagbag.py:588} INFO - Filling up the DagBag from /home/airflow/.local/lib/python3.12/site-packages/airflow/example_dags/tutorial_dag.py
[2024-11-19T03:59:32.601+0000] {processor.py:925} INFO - DAG(s) 'tutorial_dag' retrieved from /home/airflow/.local/lib/python3.12/site-packages/airflow/example_dags/tutorial_dag.py
[2024-11-19T03:59:32.615+0000] {logging_mixin.py:190} INFO - [2024-11-19T03:59:32.615+0000] {dag.py:3239} INFO - Sync 1 DAGs
[2024-11-19T03:59:32.624+0000] {logging_mixin.py:190} INFO - [2024-11-19T03:59:32.624+0000] {dag.py:4180} INFO - Setting next_dagrun for tutorial_dag to None, run_after=None
[2024-11-19T03:59:32.641+0000] {processor.py:208} INFO - Processing /home/airflow/.local/lib/python3.12/site-packages/airflow/example_dags/tutorial_dag.py took 0.052 seconds
[2024-11-19T04:00:03.972+0000] {processor.py:186} INFO - Started process (PID=1221) to work on /home/airflow/.local/lib/python3.12/site-packages/airflow/example_dags/tutorial_dag.py
[2024-11-19T04:00:03.973+0000] {processor.py:914} INFO - Processing file /home/airflow/.local/lib/python3.12/site-packages/airflow/example_dags/tutorial_dag.py for tasks to queue
[2024-11-19T04:00:03.975+0000] {logging_mixin.py:190} INFO - [2024-11-19T04:00:03.975+0000] {dagbag.py:588} INFO - Filling up the DagBag from /home/airflow/.local/lib/python3.12/site-packages/airflow/example_dags/tutorial_dag.py
[2024-11-19T04:00:03.981+0000] {processor.py:925} INFO - DAG(s) 'tutorial_dag' retrieved from /home/airflow/.local/lib/python3.12/site-packages/airflow/example_dags/tutorial_dag.py
[2024-11-19T04:00:03.996+0000] {logging_mixin.py:190} INFO - [2024-11-19T04:00:03.995+0000] {dag.py:3239} INFO - Sync 1 DAGs
[2024-11-19T04:00:04.006+0000] {logging_mixin.py:190} INFO - [2024-11-19T04:00:04.006+0000] {dag.py:4180} INFO - Setting next_dagrun for tutorial_dag to None, run_after=None
[2024-11-19T04:00:04.019+0000] {processor.py:208} INFO - Processing /home/airflow/.local/lib/python3.12/site-packages/airflow/example_dags/tutorial_dag.py took 0.051 seconds
[2024-11-19T04:00:35.296+0000] {processor.py:186} INFO - Started process (PID=1286) to work on /home/airflow/.local/lib/python3.12/site-packages/airflow/example_dags/tutorial_dag.py
[2024-11-19T04:00:35.297+0000] {processor.py:914} INFO - Processing file /home/airflow/.local/lib/python3.12/site-packages/airflow/example_dags/tutorial_dag.py for tasks to queue
[2024-11-19T04:00:35.299+0000] {logging_mixin.py:190} INFO - [2024-11-19T04:00:35.299+0000] {dagbag.py:588} INFO - Filling up the DagBag from /home/airflow/.local/lib/python3.12/site-packages/airflow/example_dags/tutorial_dag.py
[2024-11-19T04:00:35.304+0000] {processor.py:925} INFO - DAG(s) 'tutorial_dag' retrieved from /home/airflow/.local/lib/python3.12/site-packages/airflow/example_dags/tutorial_dag.py
[2024-11-19T04:00:35.318+0000] {logging_mixin.py:190} INFO - [2024-11-19T04:00:35.318+0000] {dag.py:3239} INFO - Sync 1 DAGs
[2024-11-19T04:00:35.329+0000] {logging_mixin.py:190} INFO - [2024-11-19T04:00:35.329+0000] {dag.py:4180} INFO - Setting next_dagrun for tutorial_dag to None, run_after=None
[2024-11-19T04:00:35.343+0000] {processor.py:208} INFO - Processing /home/airflow/.local/lib/python3.12/site-packages/airflow/example_dags/tutorial_dag.py took 0.050 seconds
[2024-11-19T04:01:05.837+0000] {processor.py:186} INFO - Started process (PID=1351) to work on /home/airflow/.local/lib/python3.12/site-packages/airflow/example_dags/tutorial_dag.py
[2024-11-19T04:01:05.838+0000] {processor.py:914} INFO - Processing file /home/airflow/.local/lib/python3.12/site-packages/airflow/example_dags/tutorial_dag.py for tasks to queue
[2024-11-19T04:01:05.840+0000] {logging_mixin.py:190} INFO - [2024-11-19T04:01:05.839+0000] {dagbag.py:588} INFO - Filling up the DagBag from /home/airflow/.local/lib/python3.12/site-packages/airflow/example_dags/tutorial_dag.py
[2024-11-19T04:01:05.846+0000] {processor.py:925} INFO - DAG(s) 'tutorial_dag' retrieved from /home/airflow/.local/lib/python3.12/site-packages/airflow/example_dags/tutorial_dag.py
[2024-11-19T04:01:05.859+0000] {logging_mixin.py:190} INFO - [2024-11-19T04:01:05.859+0000] {dag.py:3239} INFO - Sync 1 DAGs
[2024-11-19T04:01:05.870+0000] {logging_mixin.py:190} INFO - [2024-11-19T04:01:05.870+0000] {dag.py:4180} INFO - Setting next_dagrun for tutorial_dag to None, run_after=None
[2024-11-19T04:01:05.884+0000] {processor.py:208} INFO - Processing /home/airflow/.local/lib/python3.12/site-packages/airflow/example_dags/tutorial_dag.py took 0.051 seconds
[2024-11-19T04:01:37.147+0000] {processor.py:186} INFO - Started process (PID=1416) to work on /home/airflow/.local/lib/python3.12/site-packages/airflow/example_dags/tutorial_dag.py
[2024-11-19T04:01:37.148+0000] {processor.py:914} INFO - Processing file /home/airflow/.local/lib/python3.12/site-packages/airflow/example_dags/tutorial_dag.py for tasks to queue
[2024-11-19T04:01:37.150+0000] {logging_mixin.py:190} INFO - [2024-11-19T04:01:37.150+0000] {dagbag.py:588} INFO - Filling up the DagBag from /home/airflow/.local/lib/python3.12/site-packages/airflow/example_dags/tutorial_dag.py
[2024-11-19T04:01:37.156+0000] {processor.py:925} INFO - DAG(s) 'tutorial_dag' retrieved from /home/airflow/.local/lib/python3.12/site-packages/airflow/example_dags/tutorial_dag.py
[2024-11-19T04:01:37.171+0000] {logging_mixin.py:190} INFO - [2024-11-19T04:01:37.170+0000] {dag.py:3239} INFO - Sync 1 DAGs
[2024-11-19T04:01:37.181+0000] {logging_mixin.py:190} INFO - [2024-11-19T04:01:37.181+0000] {dag.py:4180} INFO - Setting next_dagrun for tutorial_dag to None, run_after=None
[2024-11-19T04:01:37.195+0000] {processor.py:208} INFO - Processing /home/airflow/.local/lib/python3.12/site-packages/airflow/example_dags/tutorial_dag.py took 0.052 seconds
[2024-11-19T04:02:09.724+0000] {processor.py:186} INFO - Started process (PID=1487) to work on /home/airflow/.local/lib/python3.12/site-packages/airflow/example_dags/tutorial_dag.py
[2024-11-19T04:02:09.725+0000] {processor.py:914} INFO - Processing file /home/airflow/.local/lib/python3.12/site-packages/airflow/example_dags/tutorial_dag.py for tasks to queue
[2024-11-19T04:02:09.728+0000] {logging_mixin.py:190} INFO - [2024-11-19T04:02:09.728+0000] {dagbag.py:588} INFO - Filling up the DagBag from /home/airflow/.local/lib/python3.12/site-packages/airflow/example_dags/tutorial_dag.py
[2024-11-19T04:02:09.740+0000] {processor.py:925} INFO - DAG(s) 'tutorial_dag' retrieved from /home/airflow/.local/lib/python3.12/site-packages/airflow/example_dags/tutorial_dag.py
[2024-11-19T04:02:09.768+0000] {logging_mixin.py:190} INFO - [2024-11-19T04:02:09.768+0000] {dag.py:3239} INFO - Sync 1 DAGs
[2024-11-19T04:02:09.788+0000] {logging_mixin.py:190} INFO - [2024-11-19T04:02:09.787+0000] {dag.py:4180} INFO - Setting next_dagrun for tutorial_dag to None, run_after=None
[2024-11-19T04:02:09.814+0000] {processor.py:208} INFO - Processing /home/airflow/.local/lib/python3.12/site-packages/airflow/example_dags/tutorial_dag.py took 0.097 seconds
[2024-11-19T04:07:13.415+0000] {processor.py:186} INFO - Started process (PID=1547) to work on /home/airflow/.local/lib/python3.12/site-packages/airflow/example_dags/tutorial_dag.py
[2024-11-19T04:07:13.416+0000] {processor.py:914} INFO - Processing file /home/airflow/.local/lib/python3.12/site-packages/airflow/example_dags/tutorial_dag.py for tasks to queue
[2024-11-19T04:07:13.419+0000] {logging_mixin.py:190} INFO - [2024-11-19T04:07:13.419+0000] {dagbag.py:588} INFO - Filling up the DagBag from /home/airflow/.local/lib/python3.12/site-packages/airflow/example_dags/tutorial_dag.py
[2024-11-19T04:07:13.430+0000] {processor.py:925} INFO - DAG(s) 'tutorial_dag' retrieved from /home/airflow/.local/lib/python3.12/site-packages/airflow/example_dags/tutorial_dag.py
[2024-11-19T04:07:13.455+0000] {logging_mixin.py:190} INFO - [2024-11-19T04:07:13.455+0000] {dag.py:3239} INFO - Sync 1 DAGs
[2024-11-19T04:07:13.473+0000] {logging_mixin.py:190} INFO - [2024-11-19T04:07:13.472+0000] {dag.py:4180} INFO - Setting next_dagrun for tutorial_dag to None, run_after=None
[2024-11-19T04:07:13.493+0000] {processor.py:208} INFO - Processing /home/airflow/.local/lib/python3.12/site-packages/airflow/example_dags/tutorial_dag.py took 0.085 seconds
[2024-11-19T04:07:45.431+0000] {processor.py:186} INFO - Started process (PID=1612) to work on /home/airflow/.local/lib/python3.12/site-packages/airflow/example_dags/tutorial_dag.py
[2024-11-19T04:07:45.433+0000] {processor.py:914} INFO - Processing file /home/airflow/.local/lib/python3.12/site-packages/airflow/example_dags/tutorial_dag.py for tasks to queue
[2024-11-19T04:07:45.435+0000] {logging_mixin.py:190} INFO - [2024-11-19T04:07:45.435+0000] {dagbag.py:588} INFO - Filling up the DagBag from /home/airflow/.local/lib/python3.12/site-packages/airflow/example_dags/tutorial_dag.py
[2024-11-19T04:07:45.444+0000] {processor.py:925} INFO - DAG(s) 'tutorial_dag' retrieved from /home/airflow/.local/lib/python3.12/site-packages/airflow/example_dags/tutorial_dag.py
[2024-11-19T04:07:45.477+0000] {logging_mixin.py:190} INFO - [2024-11-19T04:07:45.476+0000] {dag.py:3239} INFO - Sync 1 DAGs
[2024-11-19T04:07:45.503+0000] {logging_mixin.py:190} INFO - [2024-11-19T04:07:45.503+0000] {dag.py:4180} INFO - Setting next_dagrun for tutorial_dag to None, run_after=None
[2024-11-19T04:07:45.526+0000] {processor.py:208} INFO - Processing /home/airflow/.local/lib/python3.12/site-packages/airflow/example_dags/tutorial_dag.py took 0.101 seconds
[2024-11-19T04:08:16.615+0000] {processor.py:186} INFO - Started process (PID=1677) to work on /home/airflow/.local/lib/python3.12/site-packages/airflow/example_dags/tutorial_dag.py
[2024-11-19T04:08:16.616+0000] {processor.py:914} INFO - Processing file /home/airflow/.local/lib/python3.12/site-packages/airflow/example_dags/tutorial_dag.py for tasks to queue
[2024-11-19T04:08:16.619+0000] {logging_mixin.py:190} INFO - [2024-11-19T04:08:16.618+0000] {dagbag.py:588} INFO - Filling up the DagBag from /home/airflow/.local/lib/python3.12/site-packages/airflow/example_dags/tutorial_dag.py
[2024-11-19T04:08:16.626+0000] {processor.py:925} INFO - DAG(s) 'tutorial_dag' retrieved from /home/airflow/.local/lib/python3.12/site-packages/airflow/example_dags/tutorial_dag.py
[2024-11-19T04:08:16.645+0000] {logging_mixin.py:190} INFO - [2024-11-19T04:08:16.645+0000] {dag.py:3239} INFO - Sync 1 DAGs
[2024-11-19T04:08:16.663+0000] {logging_mixin.py:190} INFO - [2024-11-19T04:08:16.662+0000] {dag.py:4180} INFO - Setting next_dagrun for tutorial_dag to None, run_after=None
[2024-11-19T04:08:16.681+0000] {processor.py:208} INFO - Processing /home/airflow/.local/lib/python3.12/site-packages/airflow/example_dags/tutorial_dag.py took 0.072 seconds
[2024-11-19T04:08:48.006+0000] {processor.py:186} INFO - Started process (PID=1742) to work on /home/airflow/.local/lib/python3.12/site-packages/airflow/example_dags/tutorial_dag.py
[2024-11-19T04:08:48.007+0000] {processor.py:914} INFO - Processing file /home/airflow/.local/lib/python3.12/site-packages/airflow/example_dags/tutorial_dag.py for tasks to queue
[2024-11-19T04:08:48.010+0000] {logging_mixin.py:190} INFO - [2024-11-19T04:08:48.009+0000] {dagbag.py:588} INFO - Filling up the DagBag from /home/airflow/.local/lib/python3.12/site-packages/airflow/example_dags/tutorial_dag.py
[2024-11-19T04:08:48.017+0000] {processor.py:925} INFO - DAG(s) 'tutorial_dag' retrieved from /home/airflow/.local/lib/python3.12/site-packages/airflow/example_dags/tutorial_dag.py
[2024-11-19T04:08:48.039+0000] {logging_mixin.py:190} INFO - [2024-11-19T04:08:48.038+0000] {dag.py:3239} INFO - Sync 1 DAGs
[2024-11-19T04:08:48.057+0000] {logging_mixin.py:190} INFO - [2024-11-19T04:08:48.057+0000] {dag.py:4180} INFO - Setting next_dagrun for tutorial_dag to None, run_after=None
[2024-11-19T04:08:48.096+0000] {processor.py:208} INFO - Processing /home/airflow/.local/lib/python3.12/site-packages/airflow/example_dags/tutorial_dag.py took 0.096 seconds
[2024-11-19T04:09:18.817+0000] {processor.py:186} INFO - Started process (PID=1807) to work on /home/airflow/.local/lib/python3.12/site-packages/airflow/example_dags/tutorial_dag.py
[2024-11-19T04:09:18.818+0000] {processor.py:914} INFO - Processing file /home/airflow/.local/lib/python3.12/site-packages/airflow/example_dags/tutorial_dag.py for tasks to queue
[2024-11-19T04:09:18.820+0000] {logging_mixin.py:190} INFO - [2024-11-19T04:09:18.820+0000] {dagbag.py:588} INFO - Filling up the DagBag from /home/airflow/.local/lib/python3.12/site-packages/airflow/example_dags/tutorial_dag.py
[2024-11-19T04:09:18.828+0000] {processor.py:925} INFO - DAG(s) 'tutorial_dag' retrieved from /home/airflow/.local/lib/python3.12/site-packages/airflow/example_dags/tutorial_dag.py
[2024-11-19T04:09:18.849+0000] {logging_mixin.py:190} INFO - [2024-11-19T04:09:18.848+0000] {dag.py:3239} INFO - Sync 1 DAGs
[2024-11-19T04:09:18.868+0000] {logging_mixin.py:190} INFO - [2024-11-19T04:09:18.867+0000] {dag.py:4180} INFO - Setting next_dagrun for tutorial_dag to None, run_after=None
[2024-11-19T04:09:18.891+0000] {processor.py:208} INFO - Processing /home/airflow/.local/lib/python3.12/site-packages/airflow/example_dags/tutorial_dag.py took 0.080 seconds
[2024-11-19T04:09:50.506+0000] {processor.py:186} INFO - Started process (PID=1872) to work on /home/airflow/.local/lib/python3.12/site-packages/airflow/example_dags/tutorial_dag.py
[2024-11-19T04:09:50.507+0000] {processor.py:914} INFO - Processing file /home/airflow/.local/lib/python3.12/site-packages/airflow/example_dags/tutorial_dag.py for tasks to queue
[2024-11-19T04:09:50.510+0000] {logging_mixin.py:190} INFO - [2024-11-19T04:09:50.510+0000] {dagbag.py:588} INFO - Filling up the DagBag from /home/airflow/.local/lib/python3.12/site-packages/airflow/example_dags/tutorial_dag.py
[2024-11-19T04:09:50.520+0000] {processor.py:925} INFO - DAG(s) 'tutorial_dag' retrieved from /home/airflow/.local/lib/python3.12/site-packages/airflow/example_dags/tutorial_dag.py
[2024-11-19T04:09:50.543+0000] {logging_mixin.py:190} INFO - [2024-11-19T04:09:50.542+0000] {dag.py:3239} INFO - Sync 1 DAGs
[2024-11-19T04:09:50.561+0000] {logging_mixin.py:190} INFO - [2024-11-19T04:09:50.561+0000] {dag.py:4180} INFO - Setting next_dagrun for tutorial_dag to None, run_after=None
[2024-11-19T04:09:50.585+0000] {processor.py:208} INFO - Processing /home/airflow/.local/lib/python3.12/site-packages/airflow/example_dags/tutorial_dag.py took 0.085 seconds
[2024-11-19T04:10:20.943+0000] {processor.py:186} INFO - Started process (PID=1936) to work on /home/airflow/.local/lib/python3.12/site-packages/airflow/example_dags/tutorial_dag.py
[2024-11-19T04:10:20.944+0000] {processor.py:914} INFO - Processing file /home/airflow/.local/lib/python3.12/site-packages/airflow/example_dags/tutorial_dag.py for tasks to queue
[2024-11-19T04:10:20.947+0000] {logging_mixin.py:190} INFO - [2024-11-19T04:10:20.946+0000] {dagbag.py:588} INFO - Filling up the DagBag from /home/airflow/.local/lib/python3.12/site-packages/airflow/example_dags/tutorial_dag.py
[2024-11-19T04:10:20.954+0000] {processor.py:925} INFO - DAG(s) 'tutorial_dag' retrieved from /home/airflow/.local/lib/python3.12/site-packages/airflow/example_dags/tutorial_dag.py
[2024-11-19T04:10:20.976+0000] {logging_mixin.py:190} INFO - [2024-11-19T04:10:20.976+0000] {dag.py:3239} INFO - Sync 1 DAGs
[2024-11-19T04:10:20.992+0000] {logging_mixin.py:190} INFO - [2024-11-19T04:10:20.992+0000] {dag.py:4180} INFO - Setting next_dagrun for tutorial_dag to None, run_after=None
[2024-11-19T04:10:21.013+0000] {processor.py:208} INFO - Processing /home/airflow/.local/lib/python3.12/site-packages/airflow/example_dags/tutorial_dag.py took 0.075 seconds
[2024-11-19T04:10:51.714+0000] {processor.py:186} INFO - Started process (PID=2000) to work on /home/airflow/.local/lib/python3.12/site-packages/airflow/example_dags/tutorial_dag.py
[2024-11-19T04:10:51.715+0000] {processor.py:914} INFO - Processing file /home/airflow/.local/lib/python3.12/site-packages/airflow/example_dags/tutorial_dag.py for tasks to queue
[2024-11-19T04:10:51.718+0000] {logging_mixin.py:190} INFO - [2024-11-19T04:10:51.717+0000] {dagbag.py:588} INFO - Filling up the DagBag from /home/airflow/.local/lib/python3.12/site-packages/airflow/example_dags/tutorial_dag.py
[2024-11-19T04:10:51.728+0000] {processor.py:925} INFO - DAG(s) 'tutorial_dag' retrieved from /home/airflow/.local/lib/python3.12/site-packages/airflow/example_dags/tutorial_dag.py
[2024-11-19T04:10:51.748+0000] {logging_mixin.py:190} INFO - [2024-11-19T04:10:51.748+0000] {dag.py:3239} INFO - Sync 1 DAGs
[2024-11-19T04:10:51.764+0000] {logging_mixin.py:190} INFO - [2024-11-19T04:10:51.764+0000] {dag.py:4180} INFO - Setting next_dagrun for tutorial_dag to None, run_after=None
[2024-11-19T04:10:51.783+0000] {processor.py:208} INFO - Processing /home/airflow/.local/lib/python3.12/site-packages/airflow/example_dags/tutorial_dag.py took 0.078 seconds
[2024-11-19T04:23:28.758+0000] {processor.py:186} INFO - Started process (PID=2067) to work on /home/airflow/.local/lib/python3.12/site-packages/airflow/example_dags/tutorial_dag.py
[2024-11-19T04:23:28.759+0000] {processor.py:914} INFO - Processing file /home/airflow/.local/lib/python3.12/site-packages/airflow/example_dags/tutorial_dag.py for tasks to queue
[2024-11-19T04:23:28.761+0000] {logging_mixin.py:190} INFO - [2024-11-19T04:23:28.761+0000] {dagbag.py:588} INFO - Filling up the DagBag from /home/airflow/.local/lib/python3.12/site-packages/airflow/example_dags/tutorial_dag.py
[2024-11-19T04:23:28.771+0000] {processor.py:925} INFO - DAG(s) 'tutorial_dag' retrieved from /home/airflow/.local/lib/python3.12/site-packages/airflow/example_dags/tutorial_dag.py
[2024-11-19T04:23:28.794+0000] {logging_mixin.py:190} INFO - [2024-11-19T04:23:28.794+0000] {dag.py:3239} INFO - Sync 1 DAGs
[2024-11-19T04:23:28.811+0000] {logging_mixin.py:190} INFO - [2024-11-19T04:23:28.811+0000] {dag.py:4180} INFO - Setting next_dagrun for tutorial_dag to None, run_after=None
[2024-11-19T04:23:28.831+0000] {processor.py:208} INFO - Processing /home/airflow/.local/lib/python3.12/site-packages/airflow/example_dags/tutorial_dag.py took 0.079 seconds
[2024-11-19T04:23:59.600+0000] {processor.py:186} INFO - Started process (PID=2131) to work on /home/airflow/.local/lib/python3.12/site-packages/airflow/example_dags/tutorial_dag.py
[2024-11-19T04:23:59.601+0000] {processor.py:914} INFO - Processing file /home/airflow/.local/lib/python3.12/site-packages/airflow/example_dags/tutorial_dag.py for tasks to queue
[2024-11-19T04:23:59.603+0000] {logging_mixin.py:190} INFO - [2024-11-19T04:23:59.603+0000] {dagbag.py:588} INFO - Filling up the DagBag from /home/airflow/.local/lib/python3.12/site-packages/airflow/example_dags/tutorial_dag.py
[2024-11-19T04:23:59.611+0000] {processor.py:925} INFO - DAG(s) 'tutorial_dag' retrieved from /home/airflow/.local/lib/python3.12/site-packages/airflow/example_dags/tutorial_dag.py
[2024-11-19T04:23:59.631+0000] {logging_mixin.py:190} INFO - [2024-11-19T04:23:59.631+0000] {dag.py:3239} INFO - Sync 1 DAGs
[2024-11-19T04:23:59.647+0000] {logging_mixin.py:190} INFO - [2024-11-19T04:23:59.647+0000] {dag.py:4180} INFO - Setting next_dagrun for tutorial_dag to None, run_after=None
[2024-11-19T04:23:59.669+0000] {processor.py:208} INFO - Processing /home/airflow/.local/lib/python3.12/site-packages/airflow/example_dags/tutorial_dag.py took 0.076 seconds
[2024-11-19T04:24:31.483+0000] {processor.py:186} INFO - Started process (PID=2195) to work on /home/airflow/.local/lib/python3.12/site-packages/airflow/example_dags/tutorial_dag.py
[2024-11-19T04:24:31.485+0000] {processor.py:914} INFO - Processing file /home/airflow/.local/lib/python3.12/site-packages/airflow/example_dags/tutorial_dag.py for tasks to queue
[2024-11-19T04:24:31.488+0000] {logging_mixin.py:190} INFO - [2024-11-19T04:24:31.487+0000] {dagbag.py:588} INFO - Filling up the DagBag from /home/airflow/.local/lib/python3.12/site-packages/airflow/example_dags/tutorial_dag.py
[2024-11-19T04:24:31.498+0000] {processor.py:925} INFO - DAG(s) 'tutorial_dag' retrieved from /home/airflow/.local/lib/python3.12/site-packages/airflow/example_dags/tutorial_dag.py
[2024-11-19T04:24:31.526+0000] {logging_mixin.py:190} INFO - [2024-11-19T04:24:31.525+0000] {dag.py:3239} INFO - Sync 1 DAGs
[2024-11-19T04:24:31.547+0000] {logging_mixin.py:190} INFO - [2024-11-19T04:24:31.547+0000] {dag.py:4180} INFO - Setting next_dagrun for tutorial_dag to None, run_after=None
[2024-11-19T04:24:31.577+0000] {processor.py:208} INFO - Processing /home/airflow/.local/lib/python3.12/site-packages/airflow/example_dags/tutorial_dag.py took 0.102 seconds
