[2024-11-19T03:51:19.653+0000] {processor.py:186} INFO - Started process (PID=123) to work on /home/airflow/.local/lib/python3.12/site-packages/airflow/example_dags/tutorial_taskflow_api_virtualenv.py
[2024-11-19T03:51:19.655+0000] {processor.py:914} INFO - Processing file /home/airflow/.local/lib/python3.12/site-packages/airflow/example_dags/tutorial_taskflow_api_virtualenv.py for tasks to queue
[2024-11-19T03:51:19.658+0000] {logging_mixin.py:190} INFO - [2024-11-19T03:51:19.657+0000] {dagbag.py:588} INFO - Filling up the DagBag from /home/airflow/.local/lib/python3.12/site-packages/airflow/example_dags/tutorial_taskflow_api_virtualenv.py
[2024-11-19T03:51:19.674+0000] {processor.py:925} INFO - DAG(s) 'tutorial_taskflow_api_virtualenv' retrieved from /home/airflow/.local/lib/python3.12/site-packages/airflow/example_dags/tutorial_taskflow_api_virtualenv.py
[2024-11-19T03:51:19.785+0000] {logging_mixin.py:190} INFO - [2024-11-19T03:51:19.784+0000] {override.py:1911} INFO - Created Permission View: can read on DAG:tutorial_taskflow_api_virtualenv
[2024-11-19T03:51:19.799+0000] {logging_mixin.py:190} INFO - [2024-11-19T03:51:19.799+0000] {override.py:1911} INFO - Created Permission View: can edit on DAG:tutorial_taskflow_api_virtualenv
[2024-11-19T03:51:19.810+0000] {logging_mixin.py:190} INFO - [2024-11-19T03:51:19.809+0000] {override.py:1911} INFO - Created Permission View: can delete on DAG:tutorial_taskflow_api_virtualenv
[2024-11-19T03:51:19.821+0000] {logging_mixin.py:190} INFO - [2024-11-19T03:51:19.821+0000] {override.py:1911} INFO - Created Permission View: can read on DAG Run:tutorial_taskflow_api_virtualenv
[2024-11-19T03:51:19.828+0000] {logging_mixin.py:190} INFO - [2024-11-19T03:51:19.828+0000] {override.py:1911} INFO - Created Permission View: menu access on DAG Run:tutorial_taskflow_api_virtualenv
[2024-11-19T03:51:19.836+0000] {logging_mixin.py:190} INFO - [2024-11-19T03:51:19.836+0000] {override.py:1911} INFO - Created Permission View: can create on DAG Run:tutorial_taskflow_api_virtualenv
[2024-11-19T03:51:19.846+0000] {logging_mixin.py:190} INFO - [2024-11-19T03:51:19.846+0000] {override.py:1911} INFO - Created Permission View: can delete on DAG Run:tutorial_taskflow_api_virtualenv
[2024-11-19T03:51:19.847+0000] {logging_mixin.py:190} INFO - [2024-11-19T03:51:19.847+0000] {dag.py:3239} INFO - Sync 1 DAGs
[2024-11-19T03:51:19.866+0000] {logging_mixin.py:190} INFO - [2024-11-19T03:51:19.866+0000] {dag.py:3262} INFO - Creating ORM DAG for tutorial_taskflow_api_virtualenv
[2024-11-19T03:51:19.868+0000] {logging_mixin.py:190} INFO - [2024-11-19T03:51:19.867+0000] {dag.py:4180} INFO - Setting next_dagrun for tutorial_taskflow_api_virtualenv to None, run_after=None
[2024-11-19T03:51:19.892+0000] {processor.py:208} INFO - Processing /home/airflow/.local/lib/python3.12/site-packages/airflow/example_dags/tutorial_taskflow_api_virtualenv.py took 0.246 seconds
[2024-11-19T03:51:50.311+0000] {processor.py:186} INFO - Started process (PID=187) to work on /home/airflow/.local/lib/python3.12/site-packages/airflow/example_dags/tutorial_taskflow_api_virtualenv.py
[2024-11-19T03:51:50.312+0000] {processor.py:914} INFO - Processing file /home/airflow/.local/lib/python3.12/site-packages/airflow/example_dags/tutorial_taskflow_api_virtualenv.py for tasks to queue
[2024-11-19T03:51:50.315+0000] {logging_mixin.py:190} INFO - [2024-11-19T03:51:50.314+0000] {dagbag.py:588} INFO - Filling up the DagBag from /home/airflow/.local/lib/python3.12/site-packages/airflow/example_dags/tutorial_taskflow_api_virtualenv.py
[2024-11-19T03:51:50.323+0000] {processor.py:925} INFO - DAG(s) 'tutorial_taskflow_api_virtualenv' retrieved from /home/airflow/.local/lib/python3.12/site-packages/airflow/example_dags/tutorial_taskflow_api_virtualenv.py
[2024-11-19T03:51:50.338+0000] {logging_mixin.py:190} INFO - [2024-11-19T03:51:50.338+0000] {dag.py:3239} INFO - Sync 1 DAGs
[2024-11-19T03:51:50.347+0000] {logging_mixin.py:190} INFO - [2024-11-19T03:51:50.347+0000] {dag.py:4180} INFO - Setting next_dagrun for tutorial_taskflow_api_virtualenv to None, run_after=None
[2024-11-19T03:51:50.363+0000] {processor.py:208} INFO - Processing /home/airflow/.local/lib/python3.12/site-packages/airflow/example_dags/tutorial_taskflow_api_virtualenv.py took 0.056 seconds
[2024-11-19T03:52:20.795+0000] {processor.py:186} INFO - Started process (PID=251) to work on /home/airflow/.local/lib/python3.12/site-packages/airflow/example_dags/tutorial_taskflow_api_virtualenv.py
[2024-11-19T03:52:20.796+0000] {processor.py:914} INFO - Processing file /home/airflow/.local/lib/python3.12/site-packages/airflow/example_dags/tutorial_taskflow_api_virtualenv.py for tasks to queue
[2024-11-19T03:52:20.798+0000] {logging_mixin.py:190} INFO - [2024-11-19T03:52:20.798+0000] {dagbag.py:588} INFO - Filling up the DagBag from /home/airflow/.local/lib/python3.12/site-packages/airflow/example_dags/tutorial_taskflow_api_virtualenv.py
[2024-11-19T03:52:20.807+0000] {processor.py:925} INFO - DAG(s) 'tutorial_taskflow_api_virtualenv' retrieved from /home/airflow/.local/lib/python3.12/site-packages/airflow/example_dags/tutorial_taskflow_api_virtualenv.py
[2024-11-19T03:52:20.824+0000] {logging_mixin.py:190} INFO - [2024-11-19T03:52:20.823+0000] {dag.py:3239} INFO - Sync 1 DAGs
[2024-11-19T03:52:20.833+0000] {logging_mixin.py:190} INFO - [2024-11-19T03:52:20.833+0000] {dag.py:4180} INFO - Setting next_dagrun for tutorial_taskflow_api_virtualenv to None, run_after=None
[2024-11-19T03:52:20.847+0000] {processor.py:208} INFO - Processing /home/airflow/.local/lib/python3.12/site-packages/airflow/example_dags/tutorial_taskflow_api_virtualenv.py took 0.056 seconds
[2024-11-19T03:52:51.227+0000] {processor.py:186} INFO - Started process (PID=315) to work on /home/airflow/.local/lib/python3.12/site-packages/airflow/example_dags/tutorial_taskflow_api_virtualenv.py
[2024-11-19T03:52:51.228+0000] {processor.py:914} INFO - Processing file /home/airflow/.local/lib/python3.12/site-packages/airflow/example_dags/tutorial_taskflow_api_virtualenv.py for tasks to queue
[2024-11-19T03:52:51.232+0000] {logging_mixin.py:190} INFO - [2024-11-19T03:52:51.232+0000] {dagbag.py:588} INFO - Filling up the DagBag from /home/airflow/.local/lib/python3.12/site-packages/airflow/example_dags/tutorial_taskflow_api_virtualenv.py
[2024-11-19T03:52:51.255+0000] {processor.py:925} INFO - DAG(s) 'tutorial_taskflow_api_virtualenv' retrieved from /home/airflow/.local/lib/python3.12/site-packages/airflow/example_dags/tutorial_taskflow_api_virtualenv.py
[2024-11-19T03:52:51.284+0000] {logging_mixin.py:190} INFO - [2024-11-19T03:52:51.284+0000] {dag.py:3239} INFO - Sync 1 DAGs
[2024-11-19T03:52:51.297+0000] {logging_mixin.py:190} INFO - [2024-11-19T03:52:51.297+0000] {dag.py:4180} INFO - Setting next_dagrun for tutorial_taskflow_api_virtualenv to None, run_after=None
[2024-11-19T03:52:51.314+0000] {processor.py:208} INFO - Processing /home/airflow/.local/lib/python3.12/site-packages/airflow/example_dags/tutorial_taskflow_api_virtualenv.py took 0.097 seconds
[2024-11-19T03:53:21.809+0000] {processor.py:186} INFO - Started process (PID=379) to work on /home/airflow/.local/lib/python3.12/site-packages/airflow/example_dags/tutorial_taskflow_api_virtualenv.py
[2024-11-19T03:53:21.810+0000] {processor.py:914} INFO - Processing file /home/airflow/.local/lib/python3.12/site-packages/airflow/example_dags/tutorial_taskflow_api_virtualenv.py for tasks to queue
[2024-11-19T03:53:21.812+0000] {logging_mixin.py:190} INFO - [2024-11-19T03:53:21.812+0000] {dagbag.py:588} INFO - Filling up the DagBag from /home/airflow/.local/lib/python3.12/site-packages/airflow/example_dags/tutorial_taskflow_api_virtualenv.py
[2024-11-19T03:53:21.853+0000] {processor.py:925} INFO - DAG(s) 'tutorial_taskflow_api_virtualenv' retrieved from /home/airflow/.local/lib/python3.12/site-packages/airflow/example_dags/tutorial_taskflow_api_virtualenv.py
[2024-11-19T03:53:21.903+0000] {logging_mixin.py:190} INFO - [2024-11-19T03:53:21.903+0000] {dag.py:3239} INFO - Sync 1 DAGs
[2024-11-19T03:53:21.921+0000] {logging_mixin.py:190} INFO - [2024-11-19T03:53:21.921+0000] {dag.py:4180} INFO - Setting next_dagrun for tutorial_taskflow_api_virtualenv to None, run_after=None
[2024-11-19T03:53:21.942+0000] {processor.py:208} INFO - Processing /home/airflow/.local/lib/python3.12/site-packages/airflow/example_dags/tutorial_taskflow_api_virtualenv.py took 0.138 seconds
[2024-11-19T03:53:52.350+0000] {processor.py:186} INFO - Started process (PID=443) to work on /home/airflow/.local/lib/python3.12/site-packages/airflow/example_dags/tutorial_taskflow_api_virtualenv.py
[2024-11-19T03:53:52.351+0000] {processor.py:914} INFO - Processing file /home/airflow/.local/lib/python3.12/site-packages/airflow/example_dags/tutorial_taskflow_api_virtualenv.py for tasks to queue
[2024-11-19T03:53:52.353+0000] {logging_mixin.py:190} INFO - [2024-11-19T03:53:52.353+0000] {dagbag.py:588} INFO - Filling up the DagBag from /home/airflow/.local/lib/python3.12/site-packages/airflow/example_dags/tutorial_taskflow_api_virtualenv.py
[2024-11-19T03:53:52.361+0000] {processor.py:925} INFO - DAG(s) 'tutorial_taskflow_api_virtualenv' retrieved from /home/airflow/.local/lib/python3.12/site-packages/airflow/example_dags/tutorial_taskflow_api_virtualenv.py
[2024-11-19T03:53:52.379+0000] {logging_mixin.py:190} INFO - [2024-11-19T03:53:52.379+0000] {dag.py:3239} INFO - Sync 1 DAGs
[2024-11-19T03:53:52.390+0000] {logging_mixin.py:190} INFO - [2024-11-19T03:53:52.390+0000] {dag.py:4180} INFO - Setting next_dagrun for tutorial_taskflow_api_virtualenv to None, run_after=None
[2024-11-19T03:53:52.404+0000] {processor.py:208} INFO - Processing /home/airflow/.local/lib/python3.12/site-packages/airflow/example_dags/tutorial_taskflow_api_virtualenv.py took 0.058 seconds
[2024-11-19T03:54:22.983+0000] {processor.py:186} INFO - Started process (PID=507) to work on /home/airflow/.local/lib/python3.12/site-packages/airflow/example_dags/tutorial_taskflow_api_virtualenv.py
[2024-11-19T03:54:22.984+0000] {processor.py:914} INFO - Processing file /home/airflow/.local/lib/python3.12/site-packages/airflow/example_dags/tutorial_taskflow_api_virtualenv.py for tasks to queue
[2024-11-19T03:54:22.986+0000] {logging_mixin.py:190} INFO - [2024-11-19T03:54:22.986+0000] {dagbag.py:588} INFO - Filling up the DagBag from /home/airflow/.local/lib/python3.12/site-packages/airflow/example_dags/tutorial_taskflow_api_virtualenv.py
[2024-11-19T03:54:23.000+0000] {processor.py:925} INFO - DAG(s) 'tutorial_taskflow_api_virtualenv' retrieved from /home/airflow/.local/lib/python3.12/site-packages/airflow/example_dags/tutorial_taskflow_api_virtualenv.py
[2024-11-19T03:54:23.025+0000] {logging_mixin.py:190} INFO - [2024-11-19T03:54:23.024+0000] {dag.py:3239} INFO - Sync 1 DAGs
[2024-11-19T03:54:23.041+0000] {logging_mixin.py:190} INFO - [2024-11-19T03:54:23.041+0000] {dag.py:4180} INFO - Setting next_dagrun for tutorial_taskflow_api_virtualenv to None, run_after=None
[2024-11-19T03:54:23.066+0000] {processor.py:208} INFO - Processing /home/airflow/.local/lib/python3.12/site-packages/airflow/example_dags/tutorial_taskflow_api_virtualenv.py took 0.087 seconds
[2024-11-19T03:54:53.394+0000] {processor.py:186} INFO - Started process (PID=571) to work on /home/airflow/.local/lib/python3.12/site-packages/airflow/example_dags/tutorial_taskflow_api_virtualenv.py
[2024-11-19T03:54:53.395+0000] {processor.py:914} INFO - Processing file /home/airflow/.local/lib/python3.12/site-packages/airflow/example_dags/tutorial_taskflow_api_virtualenv.py for tasks to queue
[2024-11-19T03:54:53.398+0000] {logging_mixin.py:190} INFO - [2024-11-19T03:54:53.398+0000] {dagbag.py:588} INFO - Filling up the DagBag from /home/airflow/.local/lib/python3.12/site-packages/airflow/example_dags/tutorial_taskflow_api_virtualenv.py
[2024-11-19T03:54:53.412+0000] {processor.py:925} INFO - DAG(s) 'tutorial_taskflow_api_virtualenv' retrieved from /home/airflow/.local/lib/python3.12/site-packages/airflow/example_dags/tutorial_taskflow_api_virtualenv.py
[2024-11-19T03:54:53.432+0000] {logging_mixin.py:190} INFO - [2024-11-19T03:54:53.431+0000] {dag.py:3239} INFO - Sync 1 DAGs
[2024-11-19T03:54:53.449+0000] {logging_mixin.py:190} INFO - [2024-11-19T03:54:53.449+0000] {dag.py:4180} INFO - Setting next_dagrun for tutorial_taskflow_api_virtualenv to None, run_after=None
[2024-11-19T03:54:53.472+0000] {processor.py:208} INFO - Processing /home/airflow/.local/lib/python3.12/site-packages/airflow/example_dags/tutorial_taskflow_api_virtualenv.py took 0.085 seconds
[2024-11-19T03:55:23.542+0000] {processor.py:186} INFO - Started process (PID=635) to work on /home/airflow/.local/lib/python3.12/site-packages/airflow/example_dags/tutorial_taskflow_api_virtualenv.py
[2024-11-19T03:55:23.543+0000] {processor.py:914} INFO - Processing file /home/airflow/.local/lib/python3.12/site-packages/airflow/example_dags/tutorial_taskflow_api_virtualenv.py for tasks to queue
[2024-11-19T03:55:23.544+0000] {logging_mixin.py:190} INFO - [2024-11-19T03:55:23.544+0000] {dagbag.py:588} INFO - Filling up the DagBag from /home/airflow/.local/lib/python3.12/site-packages/airflow/example_dags/tutorial_taskflow_api_virtualenv.py
[2024-11-19T03:55:23.552+0000] {processor.py:925} INFO - DAG(s) 'tutorial_taskflow_api_virtualenv' retrieved from /home/airflow/.local/lib/python3.12/site-packages/airflow/example_dags/tutorial_taskflow_api_virtualenv.py
[2024-11-19T03:55:23.568+0000] {logging_mixin.py:190} INFO - [2024-11-19T03:55:23.567+0000] {dag.py:3239} INFO - Sync 1 DAGs
[2024-11-19T03:55:23.578+0000] {logging_mixin.py:190} INFO - [2024-11-19T03:55:23.578+0000] {dag.py:4180} INFO - Setting next_dagrun for tutorial_taskflow_api_virtualenv to None, run_after=None
[2024-11-19T03:55:23.594+0000] {processor.py:208} INFO - Processing /home/airflow/.local/lib/python3.12/site-packages/airflow/example_dags/tutorial_taskflow_api_virtualenv.py took 0.056 seconds
[2024-11-19T03:55:55.015+0000] {processor.py:186} INFO - Started process (PID=699) to work on /home/airflow/.local/lib/python3.12/site-packages/airflow/example_dags/tutorial_taskflow_api_virtualenv.py
[2024-11-19T03:55:55.016+0000] {processor.py:914} INFO - Processing file /home/airflow/.local/lib/python3.12/site-packages/airflow/example_dags/tutorial_taskflow_api_virtualenv.py for tasks to queue
[2024-11-19T03:55:55.018+0000] {logging_mixin.py:190} INFO - [2024-11-19T03:55:55.018+0000] {dagbag.py:588} INFO - Filling up the DagBag from /home/airflow/.local/lib/python3.12/site-packages/airflow/example_dags/tutorial_taskflow_api_virtualenv.py
[2024-11-19T03:55:55.028+0000] {processor.py:925} INFO - DAG(s) 'tutorial_taskflow_api_virtualenv' retrieved from /home/airflow/.local/lib/python3.12/site-packages/airflow/example_dags/tutorial_taskflow_api_virtualenv.py
[2024-11-19T03:55:55.044+0000] {logging_mixin.py:190} INFO - [2024-11-19T03:55:55.044+0000] {dag.py:3239} INFO - Sync 1 DAGs
[2024-11-19T03:55:55.056+0000] {logging_mixin.py:190} INFO - [2024-11-19T03:55:55.056+0000] {dag.py:4180} INFO - Setting next_dagrun for tutorial_taskflow_api_virtualenv to None, run_after=None
[2024-11-19T03:55:55.072+0000] {processor.py:208} INFO - Processing /home/airflow/.local/lib/python3.12/site-packages/airflow/example_dags/tutorial_taskflow_api_virtualenv.py took 0.061 seconds
[2024-11-19T03:56:26.772+0000] {processor.py:186} INFO - Started process (PID=764) to work on /home/airflow/.local/lib/python3.12/site-packages/airflow/example_dags/tutorial_taskflow_api_virtualenv.py
[2024-11-19T03:56:26.773+0000] {processor.py:914} INFO - Processing file /home/airflow/.local/lib/python3.12/site-packages/airflow/example_dags/tutorial_taskflow_api_virtualenv.py for tasks to queue
[2024-11-19T03:56:26.775+0000] {logging_mixin.py:190} INFO - [2024-11-19T03:56:26.775+0000] {dagbag.py:588} INFO - Filling up the DagBag from /home/airflow/.local/lib/python3.12/site-packages/airflow/example_dags/tutorial_taskflow_api_virtualenv.py
[2024-11-19T03:56:26.784+0000] {processor.py:925} INFO - DAG(s) 'tutorial_taskflow_api_virtualenv' retrieved from /home/airflow/.local/lib/python3.12/site-packages/airflow/example_dags/tutorial_taskflow_api_virtualenv.py
[2024-11-19T03:56:26.800+0000] {logging_mixin.py:190} INFO - [2024-11-19T03:56:26.800+0000] {dag.py:3239} INFO - Sync 1 DAGs
[2024-11-19T03:56:26.811+0000] {logging_mixin.py:190} INFO - [2024-11-19T03:56:26.811+0000] {dag.py:4180} INFO - Setting next_dagrun for tutorial_taskflow_api_virtualenv to None, run_after=None
[2024-11-19T03:56:26.826+0000] {processor.py:208} INFO - Processing /home/airflow/.local/lib/python3.12/site-packages/airflow/example_dags/tutorial_taskflow_api_virtualenv.py took 0.058 seconds
[2024-11-19T03:57:02.304+0000] {processor.py:186} INFO - Started process (PID=833) to work on /home/airflow/.local/lib/python3.12/site-packages/airflow/example_dags/tutorial_taskflow_api_virtualenv.py
[2024-11-19T03:57:02.305+0000] {processor.py:914} INFO - Processing file /home/airflow/.local/lib/python3.12/site-packages/airflow/example_dags/tutorial_taskflow_api_virtualenv.py for tasks to queue
[2024-11-19T03:57:02.311+0000] {logging_mixin.py:190} INFO - [2024-11-19T03:57:02.311+0000] {dagbag.py:588} INFO - Filling up the DagBag from /home/airflow/.local/lib/python3.12/site-packages/airflow/example_dags/tutorial_taskflow_api_virtualenv.py
[2024-11-19T03:57:02.339+0000] {processor.py:925} INFO - DAG(s) 'tutorial_taskflow_api_virtualenv' retrieved from /home/airflow/.local/lib/python3.12/site-packages/airflow/example_dags/tutorial_taskflow_api_virtualenv.py
[2024-11-19T03:57:02.386+0000] {logging_mixin.py:190} INFO - [2024-11-19T03:57:02.386+0000] {dag.py:3239} INFO - Sync 1 DAGs
[2024-11-19T03:57:02.419+0000] {logging_mixin.py:190} INFO - [2024-11-19T03:57:02.419+0000] {dag.py:4180} INFO - Setting next_dagrun for tutorial_taskflow_api_virtualenv to None, run_after=None
[2024-11-19T03:57:02.475+0000] {processor.py:208} INFO - Processing /home/airflow/.local/lib/python3.12/site-packages/airflow/example_dags/tutorial_taskflow_api_virtualenv.py took 0.178 seconds
[2024-11-19T03:57:33.000+0000] {processor.py:186} INFO - Started process (PID=920) to work on /home/airflow/.local/lib/python3.12/site-packages/airflow/example_dags/tutorial_taskflow_api_virtualenv.py
[2024-11-19T03:57:33.001+0000] {processor.py:914} INFO - Processing file /home/airflow/.local/lib/python3.12/site-packages/airflow/example_dags/tutorial_taskflow_api_virtualenv.py for tasks to queue
[2024-11-19T03:57:33.003+0000] {logging_mixin.py:190} INFO - [2024-11-19T03:57:33.003+0000] {dagbag.py:588} INFO - Filling up the DagBag from /home/airflow/.local/lib/python3.12/site-packages/airflow/example_dags/tutorial_taskflow_api_virtualenv.py
[2024-11-19T03:57:33.012+0000] {processor.py:925} INFO - DAG(s) 'tutorial_taskflow_api_virtualenv' retrieved from /home/airflow/.local/lib/python3.12/site-packages/airflow/example_dags/tutorial_taskflow_api_virtualenv.py
[2024-11-19T03:57:33.027+0000] {logging_mixin.py:190} INFO - [2024-11-19T03:57:33.027+0000] {dag.py:3239} INFO - Sync 1 DAGs
[2024-11-19T03:57:33.038+0000] {logging_mixin.py:190} INFO - [2024-11-19T03:57:33.038+0000] {dag.py:4180} INFO - Setting next_dagrun for tutorial_taskflow_api_virtualenv to None, run_after=None
[2024-11-19T03:57:33.052+0000] {processor.py:208} INFO - Processing /home/airflow/.local/lib/python3.12/site-packages/airflow/example_dags/tutorial_taskflow_api_virtualenv.py took 0.056 seconds
[2024-11-19T03:58:03.166+0000] {processor.py:186} INFO - Started process (PID=985) to work on /home/airflow/.local/lib/python3.12/site-packages/airflow/example_dags/tutorial_taskflow_api_virtualenv.py
[2024-11-19T03:58:03.167+0000] {processor.py:914} INFO - Processing file /home/airflow/.local/lib/python3.12/site-packages/airflow/example_dags/tutorial_taskflow_api_virtualenv.py for tasks to queue
[2024-11-19T03:58:03.170+0000] {logging_mixin.py:190} INFO - [2024-11-19T03:58:03.169+0000] {dagbag.py:588} INFO - Filling up the DagBag from /home/airflow/.local/lib/python3.12/site-packages/airflow/example_dags/tutorial_taskflow_api_virtualenv.py
[2024-11-19T03:58:03.182+0000] {processor.py:925} INFO - DAG(s) 'tutorial_taskflow_api_virtualenv' retrieved from /home/airflow/.local/lib/python3.12/site-packages/airflow/example_dags/tutorial_taskflow_api_virtualenv.py
[2024-11-19T03:58:03.200+0000] {logging_mixin.py:190} INFO - [2024-11-19T03:58:03.199+0000] {dag.py:3239} INFO - Sync 1 DAGs
[2024-11-19T03:58:03.212+0000] {logging_mixin.py:190} INFO - [2024-11-19T03:58:03.212+0000] {dag.py:4180} INFO - Setting next_dagrun for tutorial_taskflow_api_virtualenv to None, run_after=None
[2024-11-19T03:58:03.228+0000] {processor.py:208} INFO - Processing /home/airflow/.local/lib/python3.12/site-packages/airflow/example_dags/tutorial_taskflow_api_virtualenv.py took 0.068 seconds
[2024-11-19T03:58:34.152+0000] {processor.py:186} INFO - Started process (PID=1050) to work on /home/airflow/.local/lib/python3.12/site-packages/airflow/example_dags/tutorial_taskflow_api_virtualenv.py
[2024-11-19T03:58:34.153+0000] {processor.py:914} INFO - Processing file /home/airflow/.local/lib/python3.12/site-packages/airflow/example_dags/tutorial_taskflow_api_virtualenv.py for tasks to queue
[2024-11-19T03:58:34.155+0000] {logging_mixin.py:190} INFO - [2024-11-19T03:58:34.154+0000] {dagbag.py:588} INFO - Filling up the DagBag from /home/airflow/.local/lib/python3.12/site-packages/airflow/example_dags/tutorial_taskflow_api_virtualenv.py
[2024-11-19T03:58:34.163+0000] {processor.py:925} INFO - DAG(s) 'tutorial_taskflow_api_virtualenv' retrieved from /home/airflow/.local/lib/python3.12/site-packages/airflow/example_dags/tutorial_taskflow_api_virtualenv.py
[2024-11-19T03:58:34.178+0000] {logging_mixin.py:190} INFO - [2024-11-19T03:58:34.178+0000] {dag.py:3239} INFO - Sync 1 DAGs
[2024-11-19T03:58:34.188+0000] {logging_mixin.py:190} INFO - [2024-11-19T03:58:34.188+0000] {dag.py:4180} INFO - Setting next_dagrun for tutorial_taskflow_api_virtualenv to None, run_after=None
[2024-11-19T03:58:34.202+0000] {processor.py:208} INFO - Processing /home/airflow/.local/lib/python3.12/site-packages/airflow/example_dags/tutorial_taskflow_api_virtualenv.py took 0.055 seconds
[2024-11-19T03:59:04.676+0000] {processor.py:186} INFO - Started process (PID=1116) to work on /home/airflow/.local/lib/python3.12/site-packages/airflow/example_dags/tutorial_taskflow_api_virtualenv.py
[2024-11-19T03:59:04.677+0000] {processor.py:914} INFO - Processing file /home/airflow/.local/lib/python3.12/site-packages/airflow/example_dags/tutorial_taskflow_api_virtualenv.py for tasks to queue
[2024-11-19T03:59:04.679+0000] {logging_mixin.py:190} INFO - [2024-11-19T03:59:04.679+0000] {dagbag.py:588} INFO - Filling up the DagBag from /home/airflow/.local/lib/python3.12/site-packages/airflow/example_dags/tutorial_taskflow_api_virtualenv.py
[2024-11-19T03:59:04.689+0000] {processor.py:925} INFO - DAG(s) 'tutorial_taskflow_api_virtualenv' retrieved from /home/airflow/.local/lib/python3.12/site-packages/airflow/example_dags/tutorial_taskflow_api_virtualenv.py
[2024-11-19T03:59:04.705+0000] {logging_mixin.py:190} INFO - [2024-11-19T03:59:04.705+0000] {dag.py:3239} INFO - Sync 1 DAGs
[2024-11-19T03:59:04.718+0000] {logging_mixin.py:190} INFO - [2024-11-19T03:59:04.717+0000] {dag.py:4180} INFO - Setting next_dagrun for tutorial_taskflow_api_virtualenv to None, run_after=None
[2024-11-19T03:59:04.732+0000] {processor.py:208} INFO - Processing /home/airflow/.local/lib/python3.12/site-packages/airflow/example_dags/tutorial_taskflow_api_virtualenv.py took 0.060 seconds
[2024-11-19T03:59:35.138+0000] {processor.py:186} INFO - Started process (PID=1181) to work on /home/airflow/.local/lib/python3.12/site-packages/airflow/example_dags/tutorial_taskflow_api_virtualenv.py
[2024-11-19T03:59:35.139+0000] {processor.py:914} INFO - Processing file /home/airflow/.local/lib/python3.12/site-packages/airflow/example_dags/tutorial_taskflow_api_virtualenv.py for tasks to queue
[2024-11-19T03:59:35.141+0000] {logging_mixin.py:190} INFO - [2024-11-19T03:59:35.141+0000] {dagbag.py:588} INFO - Filling up the DagBag from /home/airflow/.local/lib/python3.12/site-packages/airflow/example_dags/tutorial_taskflow_api_virtualenv.py
[2024-11-19T03:59:35.150+0000] {processor.py:925} INFO - DAG(s) 'tutorial_taskflow_api_virtualenv' retrieved from /home/airflow/.local/lib/python3.12/site-packages/airflow/example_dags/tutorial_taskflow_api_virtualenv.py
[2024-11-19T03:59:35.165+0000] {logging_mixin.py:190} INFO - [2024-11-19T03:59:35.165+0000] {dag.py:3239} INFO - Sync 1 DAGs
[2024-11-19T03:59:35.176+0000] {logging_mixin.py:190} INFO - [2024-11-19T03:59:35.176+0000] {dag.py:4180} INFO - Setting next_dagrun for tutorial_taskflow_api_virtualenv to None, run_after=None
[2024-11-19T03:59:35.189+0000] {processor.py:208} INFO - Processing /home/airflow/.local/lib/python3.12/site-packages/airflow/example_dags/tutorial_taskflow_api_virtualenv.py took 0.055 seconds
[2024-11-19T04:00:05.532+0000] {processor.py:186} INFO - Started process (PID=1246) to work on /home/airflow/.local/lib/python3.12/site-packages/airflow/example_dags/tutorial_taskflow_api_virtualenv.py
[2024-11-19T04:00:05.533+0000] {processor.py:914} INFO - Processing file /home/airflow/.local/lib/python3.12/site-packages/airflow/example_dags/tutorial_taskflow_api_virtualenv.py for tasks to queue
[2024-11-19T04:00:05.535+0000] {logging_mixin.py:190} INFO - [2024-11-19T04:00:05.535+0000] {dagbag.py:588} INFO - Filling up the DagBag from /home/airflow/.local/lib/python3.12/site-packages/airflow/example_dags/tutorial_taskflow_api_virtualenv.py
[2024-11-19T04:00:05.544+0000] {processor.py:925} INFO - DAG(s) 'tutorial_taskflow_api_virtualenv' retrieved from /home/airflow/.local/lib/python3.12/site-packages/airflow/example_dags/tutorial_taskflow_api_virtualenv.py
[2024-11-19T04:00:05.560+0000] {logging_mixin.py:190} INFO - [2024-11-19T04:00:05.560+0000] {dag.py:3239} INFO - Sync 1 DAGs
[2024-11-19T04:00:05.571+0000] {logging_mixin.py:190} INFO - [2024-11-19T04:00:05.570+0000] {dag.py:4180} INFO - Setting next_dagrun for tutorial_taskflow_api_virtualenv to None, run_after=None
[2024-11-19T04:00:05.586+0000] {processor.py:208} INFO - Processing /home/airflow/.local/lib/python3.12/site-packages/airflow/example_dags/tutorial_taskflow_api_virtualenv.py took 0.057 seconds
[2024-11-19T04:00:36.967+0000] {processor.py:186} INFO - Started process (PID=1311) to work on /home/airflow/.local/lib/python3.12/site-packages/airflow/example_dags/tutorial_taskflow_api_virtualenv.py
[2024-11-19T04:00:36.968+0000] {processor.py:914} INFO - Processing file /home/airflow/.local/lib/python3.12/site-packages/airflow/example_dags/tutorial_taskflow_api_virtualenv.py for tasks to queue
[2024-11-19T04:00:36.969+0000] {logging_mixin.py:190} INFO - [2024-11-19T04:00:36.969+0000] {dagbag.py:588} INFO - Filling up the DagBag from /home/airflow/.local/lib/python3.12/site-packages/airflow/example_dags/tutorial_taskflow_api_virtualenv.py
[2024-11-19T04:00:36.978+0000] {processor.py:925} INFO - DAG(s) 'tutorial_taskflow_api_virtualenv' retrieved from /home/airflow/.local/lib/python3.12/site-packages/airflow/example_dags/tutorial_taskflow_api_virtualenv.py
[2024-11-19T04:00:36.991+0000] {logging_mixin.py:190} INFO - [2024-11-19T04:00:36.990+0000] {dag.py:3239} INFO - Sync 1 DAGs
[2024-11-19T04:00:37.001+0000] {logging_mixin.py:190} INFO - [2024-11-19T04:00:37.000+0000] {dag.py:4180} INFO - Setting next_dagrun for tutorial_taskflow_api_virtualenv to None, run_after=None
[2024-11-19T04:00:37.015+0000] {processor.py:208} INFO - Processing /home/airflow/.local/lib/python3.12/site-packages/airflow/example_dags/tutorial_taskflow_api_virtualenv.py took 0.053 seconds
[2024-11-19T04:01:07.576+0000] {processor.py:186} INFO - Started process (PID=1376) to work on /home/airflow/.local/lib/python3.12/site-packages/airflow/example_dags/tutorial_taskflow_api_virtualenv.py
[2024-11-19T04:01:07.577+0000] {processor.py:914} INFO - Processing file /home/airflow/.local/lib/python3.12/site-packages/airflow/example_dags/tutorial_taskflow_api_virtualenv.py for tasks to queue
[2024-11-19T04:01:07.579+0000] {logging_mixin.py:190} INFO - [2024-11-19T04:01:07.578+0000] {dagbag.py:588} INFO - Filling up the DagBag from /home/airflow/.local/lib/python3.12/site-packages/airflow/example_dags/tutorial_taskflow_api_virtualenv.py
[2024-11-19T04:01:07.587+0000] {processor.py:925} INFO - DAG(s) 'tutorial_taskflow_api_virtualenv' retrieved from /home/airflow/.local/lib/python3.12/site-packages/airflow/example_dags/tutorial_taskflow_api_virtualenv.py
[2024-11-19T04:01:07.601+0000] {logging_mixin.py:190} INFO - [2024-11-19T04:01:07.601+0000] {dag.py:3239} INFO - Sync 1 DAGs
[2024-11-19T04:01:07.612+0000] {logging_mixin.py:190} INFO - [2024-11-19T04:01:07.611+0000] {dag.py:4180} INFO - Setting next_dagrun for tutorial_taskflow_api_virtualenv to None, run_after=None
[2024-11-19T04:01:07.626+0000] {processor.py:208} INFO - Processing /home/airflow/.local/lib/python3.12/site-packages/airflow/example_dags/tutorial_taskflow_api_virtualenv.py took 0.054 seconds
[2024-11-19T04:01:38.945+0000] {processor.py:186} INFO - Started process (PID=1446) to work on /home/airflow/.local/lib/python3.12/site-packages/airflow/example_dags/tutorial_taskflow_api_virtualenv.py
[2024-11-19T04:01:38.947+0000] {processor.py:914} INFO - Processing file /home/airflow/.local/lib/python3.12/site-packages/airflow/example_dags/tutorial_taskflow_api_virtualenv.py for tasks to queue
[2024-11-19T04:01:38.949+0000] {logging_mixin.py:190} INFO - [2024-11-19T04:01:38.949+0000] {dagbag.py:588} INFO - Filling up the DagBag from /home/airflow/.local/lib/python3.12/site-packages/airflow/example_dags/tutorial_taskflow_api_virtualenv.py
[2024-11-19T04:01:38.962+0000] {processor.py:925} INFO - DAG(s) 'tutorial_taskflow_api_virtualenv' retrieved from /home/airflow/.local/lib/python3.12/site-packages/airflow/example_dags/tutorial_taskflow_api_virtualenv.py
[2024-11-19T04:01:38.984+0000] {logging_mixin.py:190} INFO - [2024-11-19T04:01:38.984+0000] {dag.py:3239} INFO - Sync 1 DAGs
[2024-11-19T04:01:38.999+0000] {logging_mixin.py:190} INFO - [2024-11-19T04:01:38.999+0000] {dag.py:4180} INFO - Setting next_dagrun for tutorial_taskflow_api_virtualenv to None, run_after=None
[2024-11-19T04:01:39.018+0000] {processor.py:208} INFO - Processing /home/airflow/.local/lib/python3.12/site-packages/airflow/example_dags/tutorial_taskflow_api_virtualenv.py took 0.082 seconds
[2024-11-19T04:02:11.638+0000] {processor.py:186} INFO - Started process (PID=1512) to work on /home/airflow/.local/lib/python3.12/site-packages/airflow/example_dags/tutorial_taskflow_api_virtualenv.py
[2024-11-19T04:02:11.639+0000] {processor.py:914} INFO - Processing file /home/airflow/.local/lib/python3.12/site-packages/airflow/example_dags/tutorial_taskflow_api_virtualenv.py for tasks to queue
[2024-11-19T04:02:11.641+0000] {logging_mixin.py:190} INFO - [2024-11-19T04:02:11.640+0000] {dagbag.py:588} INFO - Filling up the DagBag from /home/airflow/.local/lib/python3.12/site-packages/airflow/example_dags/tutorial_taskflow_api_virtualenv.py
[2024-11-19T04:02:11.652+0000] {processor.py:925} INFO - DAG(s) 'tutorial_taskflow_api_virtualenv' retrieved from /home/airflow/.local/lib/python3.12/site-packages/airflow/example_dags/tutorial_taskflow_api_virtualenv.py
[2024-11-19T04:02:11.668+0000] {logging_mixin.py:190} INFO - [2024-11-19T04:02:11.668+0000] {dag.py:3239} INFO - Sync 1 DAGs
[2024-11-19T04:02:11.681+0000] {logging_mixin.py:190} INFO - [2024-11-19T04:02:11.680+0000] {dag.py:4180} INFO - Setting next_dagrun for tutorial_taskflow_api_virtualenv to None, run_after=None
[2024-11-19T04:02:11.697+0000] {processor.py:208} INFO - Processing /home/airflow/.local/lib/python3.12/site-packages/airflow/example_dags/tutorial_taskflow_api_virtualenv.py took 0.064 seconds
[2024-11-19T04:07:15.395+0000] {processor.py:186} INFO - Started process (PID=1570) to work on /home/airflow/.local/lib/python3.12/site-packages/airflow/example_dags/tutorial_taskflow_api_virtualenv.py
[2024-11-19T04:07:15.396+0000] {processor.py:914} INFO - Processing file /home/airflow/.local/lib/python3.12/site-packages/airflow/example_dags/tutorial_taskflow_api_virtualenv.py for tasks to queue
[2024-11-19T04:07:15.399+0000] {logging_mixin.py:190} INFO - [2024-11-19T04:07:15.399+0000] {dagbag.py:588} INFO - Filling up the DagBag from /home/airflow/.local/lib/python3.12/site-packages/airflow/example_dags/tutorial_taskflow_api_virtualenv.py
[2024-11-19T04:07:15.413+0000] {processor.py:925} INFO - DAG(s) 'tutorial_taskflow_api_virtualenv' retrieved from /home/airflow/.local/lib/python3.12/site-packages/airflow/example_dags/tutorial_taskflow_api_virtualenv.py
[2024-11-19T04:07:15.436+0000] {logging_mixin.py:190} INFO - [2024-11-19T04:07:15.436+0000] {dag.py:3239} INFO - Sync 1 DAGs
[2024-11-19T04:07:15.453+0000] {logging_mixin.py:190} INFO - [2024-11-19T04:07:15.453+0000] {dag.py:4180} INFO - Setting next_dagrun for tutorial_taskflow_api_virtualenv to None, run_after=None
[2024-11-19T04:07:15.477+0000] {processor.py:208} INFO - Processing /home/airflow/.local/lib/python3.12/site-packages/airflow/example_dags/tutorial_taskflow_api_virtualenv.py took 0.089 seconds
[2024-11-19T04:07:47.492+0000] {processor.py:186} INFO - Started process (PID=1635) to work on /home/airflow/.local/lib/python3.12/site-packages/airflow/example_dags/tutorial_taskflow_api_virtualenv.py
[2024-11-19T04:07:47.493+0000] {processor.py:914} INFO - Processing file /home/airflow/.local/lib/python3.12/site-packages/airflow/example_dags/tutorial_taskflow_api_virtualenv.py for tasks to queue
[2024-11-19T04:07:47.495+0000] {logging_mixin.py:190} INFO - [2024-11-19T04:07:47.495+0000] {dagbag.py:588} INFO - Filling up the DagBag from /home/airflow/.local/lib/python3.12/site-packages/airflow/example_dags/tutorial_taskflow_api_virtualenv.py
[2024-11-19T04:07:47.508+0000] {processor.py:925} INFO - DAG(s) 'tutorial_taskflow_api_virtualenv' retrieved from /home/airflow/.local/lib/python3.12/site-packages/airflow/example_dags/tutorial_taskflow_api_virtualenv.py
[2024-11-19T04:07:47.533+0000] {logging_mixin.py:190} INFO - [2024-11-19T04:07:47.532+0000] {dag.py:3239} INFO - Sync 1 DAGs
[2024-11-19T04:07:47.549+0000] {logging_mixin.py:190} INFO - [2024-11-19T04:07:47.549+0000] {dag.py:4180} INFO - Setting next_dagrun for tutorial_taskflow_api_virtualenv to None, run_after=None
[2024-11-19T04:07:47.576+0000] {processor.py:208} INFO - Processing /home/airflow/.local/lib/python3.12/site-packages/airflow/example_dags/tutorial_taskflow_api_virtualenv.py took 0.091 seconds
[2024-11-19T04:08:18.525+0000] {processor.py:186} INFO - Started process (PID=1700) to work on /home/airflow/.local/lib/python3.12/site-packages/airflow/example_dags/tutorial_taskflow_api_virtualenv.py
[2024-11-19T04:08:18.526+0000] {processor.py:914} INFO - Processing file /home/airflow/.local/lib/python3.12/site-packages/airflow/example_dags/tutorial_taskflow_api_virtualenv.py for tasks to queue
[2024-11-19T04:08:18.529+0000] {logging_mixin.py:190} INFO - [2024-11-19T04:08:18.528+0000] {dagbag.py:588} INFO - Filling up the DagBag from /home/airflow/.local/lib/python3.12/site-packages/airflow/example_dags/tutorial_taskflow_api_virtualenv.py
[2024-11-19T04:08:18.545+0000] {processor.py:925} INFO - DAG(s) 'tutorial_taskflow_api_virtualenv' retrieved from /home/airflow/.local/lib/python3.12/site-packages/airflow/example_dags/tutorial_taskflow_api_virtualenv.py
[2024-11-19T04:08:18.570+0000] {logging_mixin.py:190} INFO - [2024-11-19T04:08:18.570+0000] {dag.py:3239} INFO - Sync 1 DAGs
[2024-11-19T04:08:18.589+0000] {logging_mixin.py:190} INFO - [2024-11-19T04:08:18.588+0000] {dag.py:4180} INFO - Setting next_dagrun for tutorial_taskflow_api_virtualenv to None, run_after=None
[2024-11-19T04:08:18.617+0000] {processor.py:208} INFO - Processing /home/airflow/.local/lib/python3.12/site-packages/airflow/example_dags/tutorial_taskflow_api_virtualenv.py took 0.100 seconds
[2024-11-19T04:08:49.794+0000] {processor.py:186} INFO - Started process (PID=1765) to work on /home/airflow/.local/lib/python3.12/site-packages/airflow/example_dags/tutorial_taskflow_api_virtualenv.py
[2024-11-19T04:08:49.795+0000] {processor.py:914} INFO - Processing file /home/airflow/.local/lib/python3.12/site-packages/airflow/example_dags/tutorial_taskflow_api_virtualenv.py for tasks to queue
[2024-11-19T04:08:49.797+0000] {logging_mixin.py:190} INFO - [2024-11-19T04:08:49.797+0000] {dagbag.py:588} INFO - Filling up the DagBag from /home/airflow/.local/lib/python3.12/site-packages/airflow/example_dags/tutorial_taskflow_api_virtualenv.py
[2024-11-19T04:08:49.809+0000] {processor.py:925} INFO - DAG(s) 'tutorial_taskflow_api_virtualenv' retrieved from /home/airflow/.local/lib/python3.12/site-packages/airflow/example_dags/tutorial_taskflow_api_virtualenv.py
[2024-11-19T04:08:49.831+0000] {logging_mixin.py:190} INFO - [2024-11-19T04:08:49.830+0000] {dag.py:3239} INFO - Sync 1 DAGs
[2024-11-19T04:08:49.852+0000] {logging_mixin.py:190} INFO - [2024-11-19T04:08:49.851+0000] {dag.py:4180} INFO - Setting next_dagrun for tutorial_taskflow_api_virtualenv to None, run_after=None
[2024-11-19T04:08:49.874+0000] {processor.py:208} INFO - Processing /home/airflow/.local/lib/python3.12/site-packages/airflow/example_dags/tutorial_taskflow_api_virtualenv.py took 0.086 seconds
[2024-11-19T04:09:20.476+0000] {processor.py:186} INFO - Started process (PID=1830) to work on /home/airflow/.local/lib/python3.12/site-packages/airflow/example_dags/tutorial_taskflow_api_virtualenv.py
[2024-11-19T04:09:20.477+0000] {processor.py:914} INFO - Processing file /home/airflow/.local/lib/python3.12/site-packages/airflow/example_dags/tutorial_taskflow_api_virtualenv.py for tasks to queue
[2024-11-19T04:09:20.480+0000] {logging_mixin.py:190} INFO - [2024-11-19T04:09:20.479+0000] {dagbag.py:588} INFO - Filling up the DagBag from /home/airflow/.local/lib/python3.12/site-packages/airflow/example_dags/tutorial_taskflow_api_virtualenv.py
[2024-11-19T04:09:20.493+0000] {processor.py:925} INFO - DAG(s) 'tutorial_taskflow_api_virtualenv' retrieved from /home/airflow/.local/lib/python3.12/site-packages/airflow/example_dags/tutorial_taskflow_api_virtualenv.py
[2024-11-19T04:09:20.521+0000] {logging_mixin.py:190} INFO - [2024-11-19T04:09:20.521+0000] {dag.py:3239} INFO - Sync 1 DAGs
[2024-11-19T04:09:20.540+0000] {logging_mixin.py:190} INFO - [2024-11-19T04:09:20.540+0000] {dag.py:4180} INFO - Setting next_dagrun for tutorial_taskflow_api_virtualenv to None, run_after=None
[2024-11-19T04:09:20.563+0000] {processor.py:208} INFO - Processing /home/airflow/.local/lib/python3.12/site-packages/airflow/example_dags/tutorial_taskflow_api_virtualenv.py took 0.093 seconds
[2024-11-19T04:09:52.426+0000] {processor.py:186} INFO - Started process (PID=1895) to work on /home/airflow/.local/lib/python3.12/site-packages/airflow/example_dags/tutorial_taskflow_api_virtualenv.py
[2024-11-19T04:09:52.427+0000] {processor.py:914} INFO - Processing file /home/airflow/.local/lib/python3.12/site-packages/airflow/example_dags/tutorial_taskflow_api_virtualenv.py for tasks to queue
[2024-11-19T04:09:52.430+0000] {logging_mixin.py:190} INFO - [2024-11-19T04:09:52.430+0000] {dagbag.py:588} INFO - Filling up the DagBag from /home/airflow/.local/lib/python3.12/site-packages/airflow/example_dags/tutorial_taskflow_api_virtualenv.py
[2024-11-19T04:09:52.442+0000] {processor.py:925} INFO - DAG(s) 'tutorial_taskflow_api_virtualenv' retrieved from /home/airflow/.local/lib/python3.12/site-packages/airflow/example_dags/tutorial_taskflow_api_virtualenv.py
[2024-11-19T04:09:52.460+0000] {logging_mixin.py:190} INFO - [2024-11-19T04:09:52.460+0000] {dag.py:3239} INFO - Sync 1 DAGs
[2024-11-19T04:09:52.475+0000] {logging_mixin.py:190} INFO - [2024-11-19T04:09:52.475+0000] {dag.py:4180} INFO - Setting next_dagrun for tutorial_taskflow_api_virtualenv to None, run_after=None
[2024-11-19T04:09:52.495+0000] {processor.py:208} INFO - Processing /home/airflow/.local/lib/python3.12/site-packages/airflow/example_dags/tutorial_taskflow_api_virtualenv.py took 0.075 seconds
[2024-11-19T04:10:23.228+0000] {processor.py:186} INFO - Started process (PID=1960) to work on /home/airflow/.local/lib/python3.12/site-packages/airflow/example_dags/tutorial_taskflow_api_virtualenv.py
[2024-11-19T04:10:23.230+0000] {processor.py:914} INFO - Processing file /home/airflow/.local/lib/python3.12/site-packages/airflow/example_dags/tutorial_taskflow_api_virtualenv.py for tasks to queue
[2024-11-19T04:10:23.234+0000] {logging_mixin.py:190} INFO - [2024-11-19T04:10:23.234+0000] {dagbag.py:588} INFO - Filling up the DagBag from /home/airflow/.local/lib/python3.12/site-packages/airflow/example_dags/tutorial_taskflow_api_virtualenv.py
[2024-11-19T04:10:23.247+0000] {processor.py:925} INFO - DAG(s) 'tutorial_taskflow_api_virtualenv' retrieved from /home/airflow/.local/lib/python3.12/site-packages/airflow/example_dags/tutorial_taskflow_api_virtualenv.py
[2024-11-19T04:10:23.271+0000] {logging_mixin.py:190} INFO - [2024-11-19T04:10:23.270+0000] {dag.py:3239} INFO - Sync 1 DAGs
[2024-11-19T04:10:23.294+0000] {logging_mixin.py:190} INFO - [2024-11-19T04:10:23.294+0000] {dag.py:4180} INFO - Setting next_dagrun for tutorial_taskflow_api_virtualenv to None, run_after=None
[2024-11-19T04:10:23.324+0000] {processor.py:208} INFO - Processing /home/airflow/.local/lib/python3.12/site-packages/airflow/example_dags/tutorial_taskflow_api_virtualenv.py took 0.104 seconds
[2024-11-19T04:10:54.502+0000] {processor.py:186} INFO - Started process (PID=2025) to work on /home/airflow/.local/lib/python3.12/site-packages/airflow/example_dags/tutorial_taskflow_api_virtualenv.py
[2024-11-19T04:10:54.503+0000] {processor.py:914} INFO - Processing file /home/airflow/.local/lib/python3.12/site-packages/airflow/example_dags/tutorial_taskflow_api_virtualenv.py for tasks to queue
[2024-11-19T04:10:54.506+0000] {logging_mixin.py:190} INFO - [2024-11-19T04:10:54.505+0000] {dagbag.py:588} INFO - Filling up the DagBag from /home/airflow/.local/lib/python3.12/site-packages/airflow/example_dags/tutorial_taskflow_api_virtualenv.py
[2024-11-19T04:10:54.519+0000] {processor.py:925} INFO - DAG(s) 'tutorial_taskflow_api_virtualenv' retrieved from /home/airflow/.local/lib/python3.12/site-packages/airflow/example_dags/tutorial_taskflow_api_virtualenv.py
[2024-11-19T04:10:54.541+0000] {logging_mixin.py:190} INFO - [2024-11-19T04:10:54.540+0000] {dag.py:3239} INFO - Sync 1 DAGs
[2024-11-19T04:10:54.556+0000] {logging_mixin.py:190} INFO - [2024-11-19T04:10:54.556+0000] {dag.py:4180} INFO - Setting next_dagrun for tutorial_taskflow_api_virtualenv to None, run_after=None
[2024-11-19T04:10:54.588+0000] {processor.py:208} INFO - Processing /home/airflow/.local/lib/python3.12/site-packages/airflow/example_dags/tutorial_taskflow_api_virtualenv.py took 0.092 seconds
[2024-11-19T04:23:31.078+0000] {processor.py:186} INFO - Started process (PID=2090) to work on /home/airflow/.local/lib/python3.12/site-packages/airflow/example_dags/tutorial_taskflow_api_virtualenv.py
[2024-11-19T04:23:31.079+0000] {processor.py:914} INFO - Processing file /home/airflow/.local/lib/python3.12/site-packages/airflow/example_dags/tutorial_taskflow_api_virtualenv.py for tasks to queue
[2024-11-19T04:23:31.083+0000] {logging_mixin.py:190} INFO - [2024-11-19T04:23:31.082+0000] {dagbag.py:588} INFO - Filling up the DagBag from /home/airflow/.local/lib/python3.12/site-packages/airflow/example_dags/tutorial_taskflow_api_virtualenv.py
[2024-11-19T04:23:31.099+0000] {processor.py:925} INFO - DAG(s) 'tutorial_taskflow_api_virtualenv' retrieved from /home/airflow/.local/lib/python3.12/site-packages/airflow/example_dags/tutorial_taskflow_api_virtualenv.py
[2024-11-19T04:23:31.124+0000] {logging_mixin.py:190} INFO - [2024-11-19T04:23:31.124+0000] {dag.py:3239} INFO - Sync 1 DAGs
[2024-11-19T04:23:31.141+0000] {logging_mixin.py:190} INFO - [2024-11-19T04:23:31.141+0000] {dag.py:4180} INFO - Setting next_dagrun for tutorial_taskflow_api_virtualenv to None, run_after=None
[2024-11-19T04:23:31.163+0000] {processor.py:208} INFO - Processing /home/airflow/.local/lib/python3.12/site-packages/airflow/example_dags/tutorial_taskflow_api_virtualenv.py took 0.093 seconds
[2024-11-19T04:24:01.859+0000] {processor.py:186} INFO - Started process (PID=2155) to work on /home/airflow/.local/lib/python3.12/site-packages/airflow/example_dags/tutorial_taskflow_api_virtualenv.py
[2024-11-19T04:24:01.860+0000] {processor.py:914} INFO - Processing file /home/airflow/.local/lib/python3.12/site-packages/airflow/example_dags/tutorial_taskflow_api_virtualenv.py for tasks to queue
[2024-11-19T04:24:01.866+0000] {logging_mixin.py:190} INFO - [2024-11-19T04:24:01.866+0000] {dagbag.py:588} INFO - Filling up the DagBag from /home/airflow/.local/lib/python3.12/site-packages/airflow/example_dags/tutorial_taskflow_api_virtualenv.py
[2024-11-19T04:24:01.885+0000] {processor.py:925} INFO - DAG(s) 'tutorial_taskflow_api_virtualenv' retrieved from /home/airflow/.local/lib/python3.12/site-packages/airflow/example_dags/tutorial_taskflow_api_virtualenv.py
[2024-11-19T04:24:01.906+0000] {logging_mixin.py:190} INFO - [2024-11-19T04:24:01.905+0000] {dag.py:3239} INFO - Sync 1 DAGs
[2024-11-19T04:24:01.922+0000] {logging_mixin.py:190} INFO - [2024-11-19T04:24:01.922+0000] {dag.py:4180} INFO - Setting next_dagrun for tutorial_taskflow_api_virtualenv to None, run_after=None
[2024-11-19T04:24:01.943+0000] {processor.py:208} INFO - Processing /home/airflow/.local/lib/python3.12/site-packages/airflow/example_dags/tutorial_taskflow_api_virtualenv.py took 0.090 seconds
[2024-11-19T04:24:34.474+0000] {processor.py:186} INFO - Started process (PID=2220) to work on /home/airflow/.local/lib/python3.12/site-packages/airflow/example_dags/tutorial_taskflow_api_virtualenv.py
[2024-11-19T04:24:34.475+0000] {processor.py:914} INFO - Processing file /home/airflow/.local/lib/python3.12/site-packages/airflow/example_dags/tutorial_taskflow_api_virtualenv.py for tasks to queue
[2024-11-19T04:24:34.478+0000] {logging_mixin.py:190} INFO - [2024-11-19T04:24:34.477+0000] {dagbag.py:588} INFO - Filling up the DagBag from /home/airflow/.local/lib/python3.12/site-packages/airflow/example_dags/tutorial_taskflow_api_virtualenv.py
[2024-11-19T04:24:34.492+0000] {processor.py:925} INFO - DAG(s) 'tutorial_taskflow_api_virtualenv' retrieved from /home/airflow/.local/lib/python3.12/site-packages/airflow/example_dags/tutorial_taskflow_api_virtualenv.py
[2024-11-19T04:24:34.517+0000] {logging_mixin.py:190} INFO - [2024-11-19T04:24:34.517+0000] {dag.py:3239} INFO - Sync 1 DAGs
[2024-11-19T04:24:34.535+0000] {logging_mixin.py:190} INFO - [2024-11-19T04:24:34.535+0000] {dag.py:4180} INFO - Setting next_dagrun for tutorial_taskflow_api_virtualenv to None, run_after=None
[2024-11-19T04:24:34.569+0000] {processor.py:208} INFO - Processing /home/airflow/.local/lib/python3.12/site-packages/airflow/example_dags/tutorial_taskflow_api_virtualenv.py took 0.101 seconds
