[2024-11-19T03:56:07.808+0000] {processor.py:186} INFO - Started process (PID=717) to work on /opt/airflow/dags/__pycache__/viacep.py
[2024-11-19T03:56:07.809+0000] {processor.py:914} INFO - Processing file /opt/airflow/dags/__pycache__/viacep.py for tasks to queue
[2024-11-19T03:56:07.811+0000] {logging_mixin.py:190} INFO - [2024-11-19T03:56:07.811+0000] {dagbag.py:588} INFO - Filling up the DagBag from /opt/airflow/dags/__pycache__/viacep.py
[2024-11-19T03:56:07.844+0000] {processor.py:925} INFO - DAG(s) 'viacep' retrieved from /opt/airflow/dags/__pycache__/viacep.py
[2024-11-19T03:56:07.905+0000] {logging_mixin.py:190} INFO - [2024-11-19T03:56:07.904+0000] {override.py:1911} INFO - Created Permission View: can read on DAG:viacep
[2024-11-19T03:56:07.911+0000] {logging_mixin.py:190} INFO - [2024-11-19T03:56:07.911+0000] {override.py:1911} INFO - Created Permission View: can edit on DAG:viacep
[2024-11-19T03:56:07.915+0000] {logging_mixin.py:190} INFO - [2024-11-19T03:56:07.915+0000] {override.py:1911} INFO - Created Permission View: can delete on DAG:viacep
[2024-11-19T03:56:07.919+0000] {logging_mixin.py:190} INFO - [2024-11-19T03:56:07.919+0000] {override.py:1911} INFO - Created Permission View: can read on DAG Run:viacep
[2024-11-19T03:56:07.924+0000] {logging_mixin.py:190} INFO - [2024-11-19T03:56:07.924+0000] {override.py:1911} INFO - Created Permission View: menu access on DAG Run:viacep
[2024-11-19T03:56:07.928+0000] {logging_mixin.py:190} INFO - [2024-11-19T03:56:07.927+0000] {override.py:1911} INFO - Created Permission View: can create on DAG Run:viacep
[2024-11-19T03:56:07.931+0000] {logging_mixin.py:190} INFO - [2024-11-19T03:56:07.931+0000] {override.py:1911} INFO - Created Permission View: can delete on DAG Run:viacep
[2024-11-19T03:56:07.932+0000] {logging_mixin.py:190} INFO - [2024-11-19T03:56:07.932+0000] {dag.py:3239} INFO - Sync 1 DAGs
[2024-11-19T03:56:07.941+0000] {logging_mixin.py:190} INFO - [2024-11-19T03:56:07.941+0000] {dag.py:3262} INFO - Creating ORM DAG for viacep
[2024-11-19T03:56:07.948+0000] {logging_mixin.py:190} INFO - [2024-11-19T03:56:07.948+0000] {dag.py:4180} INFO - Setting next_dagrun for viacep to 2024-11-11 00:00:00+00:00, run_after=2024-11-12 00:00:00+00:00
[2024-11-19T03:56:07.960+0000] {processor.py:208} INFO - Processing /opt/airflow/dags/__pycache__/viacep.py took 0.155 seconds
[2024-11-19T03:56:38.413+0000] {processor.py:186} INFO - Started process (PID=782) to work on /opt/airflow/dags/__pycache__/viacep.py
[2024-11-19T03:56:38.414+0000] {processor.py:914} INFO - Processing file /opt/airflow/dags/__pycache__/viacep.py for tasks to queue
[2024-11-19T03:56:38.416+0000] {logging_mixin.py:190} INFO - [2024-11-19T03:56:38.415+0000] {dagbag.py:588} INFO - Filling up the DagBag from /opt/airflow/dags/__pycache__/viacep.py
[2024-11-19T03:56:38.447+0000] {processor.py:925} INFO - DAG(s) 'viacep' retrieved from /opt/airflow/dags/__pycache__/viacep.py
[2024-11-19T03:56:38.473+0000] {logging_mixin.py:190} INFO - [2024-11-19T03:56:38.473+0000] {dag.py:3239} INFO - Sync 1 DAGs
[2024-11-19T03:56:38.501+0000] {logging_mixin.py:190} INFO - [2024-11-19T03:56:38.501+0000] {dag.py:4180} INFO - Setting next_dagrun for viacep to 2024-11-11 00:00:00+00:00, run_after=2024-11-12 00:00:00+00:00
[2024-11-19T03:56:38.520+0000] {processor.py:208} INFO - Processing /opt/airflow/dags/__pycache__/viacep.py took 0.112 seconds
[2024-11-19T03:57:09.044+0000] {processor.py:186} INFO - Started process (PID=862) to work on /opt/airflow/dags/__pycache__/viacep.py
[2024-11-19T03:57:09.047+0000] {processor.py:914} INFO - Processing file /opt/airflow/dags/__pycache__/viacep.py for tasks to queue
[2024-11-19T03:57:09.053+0000] {logging_mixin.py:190} INFO - [2024-11-19T03:57:09.052+0000] {dagbag.py:588} INFO - Filling up the DagBag from /opt/airflow/dags/__pycache__/viacep.py
[2024-11-19T03:57:09.112+0000] {processor.py:925} INFO - DAG(s) 'viacep' retrieved from /opt/airflow/dags/__pycache__/viacep.py
[2024-11-19T03:57:09.140+0000] {logging_mixin.py:190} INFO - [2024-11-19T03:57:09.139+0000] {dag.py:3239} INFO - Sync 1 DAGs
[2024-11-19T03:57:09.184+0000] {logging_mixin.py:190} INFO - [2024-11-19T03:57:09.184+0000] {dag.py:4180} INFO - Setting next_dagrun for viacep to 2024-11-19 00:00:00+00:00, run_after=2024-11-20 00:00:00+00:00
[2024-11-19T03:57:09.217+0000] {processor.py:208} INFO - Processing /opt/airflow/dags/__pycache__/viacep.py took 0.182 seconds
[2024-11-19T03:57:39.716+0000] {processor.py:186} INFO - Started process (PID=938) to work on /opt/airflow/dags/__pycache__/viacep.py
[2024-11-19T03:57:39.717+0000] {processor.py:914} INFO - Processing file /opt/airflow/dags/__pycache__/viacep.py for tasks to queue
[2024-11-19T03:57:39.719+0000] {logging_mixin.py:190} INFO - [2024-11-19T03:57:39.719+0000] {dagbag.py:588} INFO - Filling up the DagBag from /opt/airflow/dags/__pycache__/viacep.py
[2024-11-19T03:57:39.745+0000] {processor.py:925} INFO - DAG(s) 'viacep' retrieved from /opt/airflow/dags/__pycache__/viacep.py
[2024-11-19T03:57:39.760+0000] {logging_mixin.py:190} INFO - [2024-11-19T03:57:39.760+0000] {dag.py:3239} INFO - Sync 1 DAGs
[2024-11-19T03:57:39.778+0000] {logging_mixin.py:190} INFO - [2024-11-19T03:57:39.778+0000] {dag.py:4180} INFO - Setting next_dagrun for viacep to 2024-11-19 00:00:00+00:00, run_after=2024-11-20 00:00:00+00:00
[2024-11-19T03:57:39.795+0000] {processor.py:208} INFO - Processing /opt/airflow/dags/__pycache__/viacep.py took 0.082 seconds
[2024-11-19T03:58:09.855+0000] {processor.py:186} INFO - Started process (PID=1003) to work on /opt/airflow/dags/__pycache__/viacep.py
[2024-11-19T03:58:09.856+0000] {processor.py:914} INFO - Processing file /opt/airflow/dags/__pycache__/viacep.py for tasks to queue
[2024-11-19T03:58:09.859+0000] {logging_mixin.py:190} INFO - [2024-11-19T03:58:09.859+0000] {dagbag.py:588} INFO - Filling up the DagBag from /opt/airflow/dags/__pycache__/viacep.py
[2024-11-19T03:58:09.884+0000] {processor.py:925} INFO - DAG(s) 'viacep' retrieved from /opt/airflow/dags/__pycache__/viacep.py
[2024-11-19T03:58:09.900+0000] {logging_mixin.py:190} INFO - [2024-11-19T03:58:09.900+0000] {dag.py:3239} INFO - Sync 1 DAGs
[2024-11-19T03:58:09.918+0000] {logging_mixin.py:190} INFO - [2024-11-19T03:58:09.918+0000] {dag.py:4180} INFO - Setting next_dagrun for viacep to 2024-11-19 00:00:00+00:00, run_after=2024-11-20 00:00:00+00:00
[2024-11-19T03:58:09.949+0000] {processor.py:208} INFO - Processing /opt/airflow/dags/__pycache__/viacep.py took 0.098 seconds
[2024-11-19T03:58:40.378+0000] {processor.py:186} INFO - Started process (PID=1069) to work on /opt/airflow/dags/__pycache__/viacep.py
[2024-11-19T03:58:40.379+0000] {processor.py:914} INFO - Processing file /opt/airflow/dags/__pycache__/viacep.py for tasks to queue
[2024-11-19T03:58:40.381+0000] {logging_mixin.py:190} INFO - [2024-11-19T03:58:40.381+0000] {dagbag.py:588} INFO - Filling up the DagBag from /opt/airflow/dags/__pycache__/viacep.py
[2024-11-19T03:58:40.404+0000] {processor.py:925} INFO - DAG(s) 'viacep' retrieved from /opt/airflow/dags/__pycache__/viacep.py
[2024-11-19T03:58:40.419+0000] {logging_mixin.py:190} INFO - [2024-11-19T03:58:40.419+0000] {dag.py:3239} INFO - Sync 1 DAGs
[2024-11-19T03:58:40.437+0000] {logging_mixin.py:190} INFO - [2024-11-19T03:58:40.437+0000] {dag.py:4180} INFO - Setting next_dagrun for viacep to 2024-11-19 00:00:00+00:00, run_after=2024-11-20 00:00:00+00:00
[2024-11-19T03:58:40.455+0000] {processor.py:208} INFO - Processing /opt/airflow/dags/__pycache__/viacep.py took 0.082 seconds
[2024-11-19T03:59:10.754+0000] {processor.py:186} INFO - Started process (PID=1134) to work on /opt/airflow/dags/__pycache__/viacep.py
[2024-11-19T03:59:10.755+0000] {processor.py:914} INFO - Processing file /opt/airflow/dags/__pycache__/viacep.py for tasks to queue
[2024-11-19T03:59:10.757+0000] {logging_mixin.py:190} INFO - [2024-11-19T03:59:10.756+0000] {dagbag.py:588} INFO - Filling up the DagBag from /opt/airflow/dags/__pycache__/viacep.py
[2024-11-19T03:59:10.778+0000] {processor.py:925} INFO - DAG(s) 'viacep' retrieved from /opt/airflow/dags/__pycache__/viacep.py
[2024-11-19T03:59:10.791+0000] {logging_mixin.py:190} INFO - [2024-11-19T03:59:10.791+0000] {dag.py:3239} INFO - Sync 1 DAGs
[2024-11-19T03:59:10.807+0000] {logging_mixin.py:190} INFO - [2024-11-19T03:59:10.807+0000] {dag.py:4180} INFO - Setting next_dagrun for viacep to 2024-11-19 00:00:00+00:00, run_after=2024-11-20 00:00:00+00:00
[2024-11-19T03:59:10.825+0000] {processor.py:208} INFO - Processing /opt/airflow/dags/__pycache__/viacep.py took 0.075 seconds
[2024-11-19T03:59:41.208+0000] {processor.py:186} INFO - Started process (PID=1199) to work on /opt/airflow/dags/__pycache__/viacep.py
[2024-11-19T03:59:41.209+0000] {processor.py:914} INFO - Processing file /opt/airflow/dags/__pycache__/viacep.py for tasks to queue
[2024-11-19T03:59:41.212+0000] {logging_mixin.py:190} INFO - [2024-11-19T03:59:41.212+0000] {dagbag.py:588} INFO - Filling up the DagBag from /opt/airflow/dags/__pycache__/viacep.py
[2024-11-19T03:59:41.237+0000] {processor.py:925} INFO - DAG(s) 'viacep' retrieved from /opt/airflow/dags/__pycache__/viacep.py
[2024-11-19T03:59:41.251+0000] {logging_mixin.py:190} INFO - [2024-11-19T03:59:41.251+0000] {dag.py:3239} INFO - Sync 1 DAGs
[2024-11-19T03:59:41.269+0000] {logging_mixin.py:190} INFO - [2024-11-19T03:59:41.269+0000] {dag.py:4180} INFO - Setting next_dagrun for viacep to 2024-11-19 00:00:00+00:00, run_after=2024-11-20 00:00:00+00:00
[2024-11-19T03:59:41.288+0000] {processor.py:208} INFO - Processing /opt/airflow/dags/__pycache__/viacep.py took 0.084 seconds
[2024-11-19T04:00:11.988+0000] {processor.py:186} INFO - Started process (PID=1263) to work on /opt/airflow/dags/__pycache__/viacep.py
[2024-11-19T04:00:11.988+0000] {processor.py:914} INFO - Processing file /opt/airflow/dags/__pycache__/viacep.py for tasks to queue
[2024-11-19T04:00:11.991+0000] {logging_mixin.py:190} INFO - [2024-11-19T04:00:11.990+0000] {dagbag.py:588} INFO - Filling up the DagBag from /opt/airflow/dags/__pycache__/viacep.py
[2024-11-19T04:00:12.013+0000] {processor.py:925} INFO - DAG(s) 'viacep' retrieved from /opt/airflow/dags/__pycache__/viacep.py
[2024-11-19T04:00:12.027+0000] {logging_mixin.py:190} INFO - [2024-11-19T04:00:12.027+0000] {dag.py:3239} INFO - Sync 1 DAGs
[2024-11-19T04:00:12.049+0000] {logging_mixin.py:190} INFO - [2024-11-19T04:00:12.049+0000] {dag.py:4180} INFO - Setting next_dagrun for viacep to 2024-11-19 00:00:00+00:00, run_after=2024-11-20 00:00:00+00:00
[2024-11-19T04:00:12.070+0000] {processor.py:208} INFO - Processing /opt/airflow/dags/__pycache__/viacep.py took 0.087 seconds
[2024-11-19T04:00:42.445+0000] {processor.py:186} INFO - Started process (PID=1328) to work on /opt/airflow/dags/__pycache__/viacep.py
[2024-11-19T04:00:42.446+0000] {processor.py:914} INFO - Processing file /opt/airflow/dags/__pycache__/viacep.py for tasks to queue
[2024-11-19T04:00:42.448+0000] {logging_mixin.py:190} INFO - [2024-11-19T04:00:42.448+0000] {dagbag.py:588} INFO - Filling up the DagBag from /opt/airflow/dags/__pycache__/viacep.py
[2024-11-19T04:00:42.467+0000] {processor.py:925} INFO - DAG(s) 'viacep' retrieved from /opt/airflow/dags/__pycache__/viacep.py
[2024-11-19T04:00:42.479+0000] {logging_mixin.py:190} INFO - [2024-11-19T04:00:42.478+0000] {dag.py:3239} INFO - Sync 1 DAGs
[2024-11-19T04:00:42.494+0000] {logging_mixin.py:190} INFO - [2024-11-19T04:00:42.494+0000] {dag.py:4180} INFO - Setting next_dagrun for viacep to 2024-11-19 00:00:00+00:00, run_after=2024-11-20 00:00:00+00:00
[2024-11-19T04:00:42.511+0000] {processor.py:208} INFO - Processing /opt/airflow/dags/__pycache__/viacep.py took 0.069 seconds
[2024-11-19T04:01:13.308+0000] {processor.py:186} INFO - Started process (PID=1393) to work on /opt/airflow/dags/__pycache__/viacep.py
[2024-11-19T04:01:13.309+0000] {processor.py:914} INFO - Processing file /opt/airflow/dags/__pycache__/viacep.py for tasks to queue
[2024-11-19T04:01:13.311+0000] {logging_mixin.py:190} INFO - [2024-11-19T04:01:13.310+0000] {dagbag.py:588} INFO - Filling up the DagBag from /opt/airflow/dags/__pycache__/viacep.py
[2024-11-19T04:01:13.338+0000] {processor.py:925} INFO - DAG(s) 'viacep' retrieved from /opt/airflow/dags/__pycache__/viacep.py
[2024-11-19T04:01:13.356+0000] {logging_mixin.py:190} INFO - [2024-11-19T04:01:13.355+0000] {dag.py:3239} INFO - Sync 1 DAGs
[2024-11-19T04:01:13.375+0000] {logging_mixin.py:190} INFO - [2024-11-19T04:01:13.375+0000] {dag.py:4180} INFO - Setting next_dagrun for viacep to 2024-11-19 00:00:00+00:00, run_after=2024-11-20 00:00:00+00:00
[2024-11-19T04:01:13.407+0000] {processor.py:208} INFO - Processing /opt/airflow/dags/__pycache__/viacep.py took 0.103 seconds
[2024-11-19T04:01:43.495+0000] {processor.py:186} INFO - Started process (PID=1458) to work on /opt/airflow/dags/__pycache__/viacep.py
[2024-11-19T04:01:43.496+0000] {processor.py:914} INFO - Processing file /opt/airflow/dags/__pycache__/viacep.py for tasks to queue
[2024-11-19T04:01:43.498+0000] {logging_mixin.py:190} INFO - [2024-11-19T04:01:43.498+0000] {dagbag.py:588} INFO - Filling up the DagBag from /opt/airflow/dags/__pycache__/viacep.py
[2024-11-19T04:01:43.520+0000] {processor.py:925} INFO - DAG(s) 'viacep' retrieved from /opt/airflow/dags/__pycache__/viacep.py
[2024-11-19T04:01:43.532+0000] {logging_mixin.py:190} INFO - [2024-11-19T04:01:43.532+0000] {dag.py:3239} INFO - Sync 1 DAGs
[2024-11-19T04:01:43.548+0000] {logging_mixin.py:190} INFO - [2024-11-19T04:01:43.548+0000] {dag.py:4180} INFO - Setting next_dagrun for viacep to 2024-11-19 00:00:00+00:00, run_after=2024-11-20 00:00:00+00:00
[2024-11-19T04:01:43.575+0000] {processor.py:208} INFO - Processing /opt/airflow/dags/__pycache__/viacep.py took 0.084 seconds
[2024-11-19T04:07:10.402+0000] {processor.py:186} INFO - Started process (PID=1523) to work on /opt/airflow/dags/__pycache__/viacep.py
[2024-11-19T04:07:10.403+0000] {processor.py:914} INFO - Processing file /opt/airflow/dags/__pycache__/viacep.py for tasks to queue
[2024-11-19T04:07:10.406+0000] {logging_mixin.py:190} INFO - [2024-11-19T04:07:10.406+0000] {dagbag.py:588} INFO - Filling up the DagBag from /opt/airflow/dags/__pycache__/viacep.py
[2024-11-19T04:07:10.432+0000] {processor.py:925} INFO - DAG(s) 'viacep' retrieved from /opt/airflow/dags/__pycache__/viacep.py
[2024-11-19T04:07:10.454+0000] {logging_mixin.py:190} INFO - [2024-11-19T04:07:10.454+0000] {dag.py:3239} INFO - Sync 1 DAGs
[2024-11-19T04:07:10.482+0000] {logging_mixin.py:190} INFO - [2024-11-19T04:07:10.482+0000] {dag.py:4180} INFO - Setting next_dagrun for viacep to 2024-11-19 00:00:00+00:00, run_after=2024-11-20 00:00:00+00:00
[2024-11-19T04:07:10.509+0000] {processor.py:208} INFO - Processing /opt/airflow/dags/__pycache__/viacep.py took 0.113 seconds
[2024-11-19T04:07:40.845+0000] {processor.py:186} INFO - Started process (PID=1588) to work on /opt/airflow/dags/__pycache__/viacep.py
[2024-11-19T04:07:40.846+0000] {processor.py:914} INFO - Processing file /opt/airflow/dags/__pycache__/viacep.py for tasks to queue
[2024-11-19T04:07:40.849+0000] {logging_mixin.py:190} INFO - [2024-11-19T04:07:40.848+0000] {dagbag.py:588} INFO - Filling up the DagBag from /opt/airflow/dags/__pycache__/viacep.py
[2024-11-19T04:07:40.896+0000] {processor.py:925} INFO - DAG(s) 'viacep' retrieved from /opt/airflow/dags/__pycache__/viacep.py
[2024-11-19T04:07:40.929+0000] {logging_mixin.py:190} INFO - [2024-11-19T04:07:40.929+0000] {dag.py:3239} INFO - Sync 1 DAGs
[2024-11-19T04:07:40.960+0000] {logging_mixin.py:190} INFO - [2024-11-19T04:07:40.960+0000] {dag.py:4180} INFO - Setting next_dagrun for viacep to 2024-11-19 00:00:00+00:00, run_after=2024-11-20 00:00:00+00:00
[2024-11-19T04:07:40.987+0000] {processor.py:208} INFO - Processing /opt/airflow/dags/__pycache__/viacep.py took 0.150 seconds
[2024-11-19T04:08:11.313+0000] {processor.py:186} INFO - Started process (PID=1653) to work on /opt/airflow/dags/__pycache__/viacep.py
[2024-11-19T04:08:11.314+0000] {processor.py:914} INFO - Processing file /opt/airflow/dags/__pycache__/viacep.py for tasks to queue
[2024-11-19T04:08:11.318+0000] {logging_mixin.py:190} INFO - [2024-11-19T04:08:11.317+0000] {dagbag.py:588} INFO - Filling up the DagBag from /opt/airflow/dags/__pycache__/viacep.py
[2024-11-19T04:08:11.347+0000] {processor.py:925} INFO - DAG(s) 'viacep' retrieved from /opt/airflow/dags/__pycache__/viacep.py
[2024-11-19T04:08:11.373+0000] {logging_mixin.py:190} INFO - [2024-11-19T04:08:11.373+0000] {dag.py:3239} INFO - Sync 1 DAGs
[2024-11-19T04:08:11.401+0000] {logging_mixin.py:190} INFO - [2024-11-19T04:08:11.400+0000] {dag.py:4180} INFO - Setting next_dagrun for viacep to 2024-11-19 00:00:00+00:00, run_after=2024-11-20 00:00:00+00:00
[2024-11-19T04:08:11.433+0000] {processor.py:208} INFO - Processing /opt/airflow/dags/__pycache__/viacep.py took 0.128 seconds
[2024-11-19T04:08:41.672+0000] {processor.py:186} INFO - Started process (PID=1718) to work on /opt/airflow/dags/__pycache__/viacep.py
[2024-11-19T04:08:41.673+0000] {processor.py:914} INFO - Processing file /opt/airflow/dags/__pycache__/viacep.py for tasks to queue
[2024-11-19T04:08:41.678+0000] {logging_mixin.py:190} INFO - [2024-11-19T04:08:41.677+0000] {dagbag.py:588} INFO - Filling up the DagBag from /opt/airflow/dags/__pycache__/viacep.py
[2024-11-19T04:08:41.706+0000] {processor.py:925} INFO - DAG(s) 'viacep' retrieved from /opt/airflow/dags/__pycache__/viacep.py
[2024-11-19T04:08:41.729+0000] {logging_mixin.py:190} INFO - [2024-11-19T04:08:41.729+0000] {dag.py:3239} INFO - Sync 1 DAGs
[2024-11-19T04:08:41.754+0000] {logging_mixin.py:190} INFO - [2024-11-19T04:08:41.754+0000] {dag.py:4180} INFO - Setting next_dagrun for viacep to 2024-11-19 00:00:00+00:00, run_after=2024-11-20 00:00:00+00:00
[2024-11-19T04:08:41.784+0000] {processor.py:208} INFO - Processing /opt/airflow/dags/__pycache__/viacep.py took 0.120 seconds
[2024-11-19T04:09:12.611+0000] {processor.py:186} INFO - Started process (PID=1783) to work on /opt/airflow/dags/__pycache__/viacep.py
[2024-11-19T04:09:12.613+0000] {processor.py:914} INFO - Processing file /opt/airflow/dags/__pycache__/viacep.py for tasks to queue
[2024-11-19T04:09:12.617+0000] {logging_mixin.py:190} INFO - [2024-11-19T04:09:12.616+0000] {dagbag.py:588} INFO - Filling up the DagBag from /opt/airflow/dags/__pycache__/viacep.py
[2024-11-19T04:09:12.654+0000] {processor.py:925} INFO - DAG(s) 'viacep' retrieved from /opt/airflow/dags/__pycache__/viacep.py
[2024-11-19T04:09:12.677+0000] {logging_mixin.py:190} INFO - [2024-11-19T04:09:12.676+0000] {dag.py:3239} INFO - Sync 1 DAGs
[2024-11-19T04:09:12.705+0000] {logging_mixin.py:190} INFO - [2024-11-19T04:09:12.705+0000] {dag.py:4180} INFO - Setting next_dagrun for viacep to 2024-11-19 00:00:00+00:00, run_after=2024-11-20 00:00:00+00:00
[2024-11-19T04:09:12.728+0000] {processor.py:208} INFO - Processing /opt/airflow/dags/__pycache__/viacep.py took 0.126 seconds
[2024-11-19T04:09:43.184+0000] {processor.py:186} INFO - Started process (PID=1848) to work on /opt/airflow/dags/__pycache__/viacep.py
[2024-11-19T04:09:43.185+0000] {processor.py:914} INFO - Processing file /opt/airflow/dags/__pycache__/viacep.py for tasks to queue
[2024-11-19T04:09:43.189+0000] {logging_mixin.py:190} INFO - [2024-11-19T04:09:43.188+0000] {dagbag.py:588} INFO - Filling up the DagBag from /opt/airflow/dags/__pycache__/viacep.py
[2024-11-19T04:09:43.215+0000] {processor.py:925} INFO - DAG(s) 'viacep' retrieved from /opt/airflow/dags/__pycache__/viacep.py
[2024-11-19T04:09:43.236+0000] {logging_mixin.py:190} INFO - [2024-11-19T04:09:43.236+0000] {dag.py:3239} INFO - Sync 1 DAGs
[2024-11-19T04:09:43.264+0000] {logging_mixin.py:190} INFO - [2024-11-19T04:09:43.264+0000] {dag.py:4180} INFO - Setting next_dagrun for viacep to 2024-11-19 00:00:00+00:00, run_after=2024-11-20 00:00:00+00:00
[2024-11-19T04:09:43.296+0000] {processor.py:208} INFO - Processing /opt/airflow/dags/__pycache__/viacep.py took 0.119 seconds
[2024-11-19T04:10:13.465+0000] {processor.py:186} INFO - Started process (PID=1913) to work on /opt/airflow/dags/__pycache__/viacep.py
[2024-11-19T04:10:13.466+0000] {processor.py:914} INFO - Processing file /opt/airflow/dags/__pycache__/viacep.py for tasks to queue
[2024-11-19T04:10:13.470+0000] {logging_mixin.py:190} INFO - [2024-11-19T04:10:13.470+0000] {dagbag.py:588} INFO - Filling up the DagBag from /opt/airflow/dags/__pycache__/viacep.py
[2024-11-19T04:10:13.499+0000] {processor.py:925} INFO - DAG(s) 'viacep' retrieved from /opt/airflow/dags/__pycache__/viacep.py
[2024-11-19T04:10:13.521+0000] {logging_mixin.py:190} INFO - [2024-11-19T04:10:13.520+0000] {dag.py:3239} INFO - Sync 1 DAGs
[2024-11-19T04:10:13.548+0000] {logging_mixin.py:190} INFO - [2024-11-19T04:10:13.548+0000] {dag.py:4180} INFO - Setting next_dagrun for viacep to 2024-11-19 00:00:00+00:00, run_after=2024-11-20 00:00:00+00:00
[2024-11-19T04:10:13.578+0000] {processor.py:208} INFO - Processing /opt/airflow/dags/__pycache__/viacep.py took 0.121 seconds
[2024-11-19T04:10:43.975+0000] {processor.py:186} INFO - Started process (PID=1978) to work on /opt/airflow/dags/__pycache__/viacep.py
[2024-11-19T04:10:43.977+0000] {processor.py:914} INFO - Processing file /opt/airflow/dags/__pycache__/viacep.py for tasks to queue
[2024-11-19T04:10:43.981+0000] {logging_mixin.py:190} INFO - [2024-11-19T04:10:43.980+0000] {dagbag.py:588} INFO - Filling up the DagBag from /opt/airflow/dags/__pycache__/viacep.py
[2024-11-19T04:10:44.013+0000] {processor.py:925} INFO - DAG(s) 'viacep' retrieved from /opt/airflow/dags/__pycache__/viacep.py
[2024-11-19T04:10:44.041+0000] {logging_mixin.py:190} INFO - [2024-11-19T04:10:44.040+0000] {dag.py:3239} INFO - Sync 1 DAGs
[2024-11-19T04:10:44.075+0000] {logging_mixin.py:190} INFO - [2024-11-19T04:10:44.074+0000] {dag.py:4180} INFO - Setting next_dagrun for viacep to 2024-11-19 00:00:00+00:00, run_after=2024-11-20 00:00:00+00:00
[2024-11-19T04:10:44.104+0000] {processor.py:208} INFO - Processing /opt/airflow/dags/__pycache__/viacep.py took 0.136 seconds
[2024-11-19T04:23:25.343+0000] {processor.py:186} INFO - Started process (PID=2043) to work on /opt/airflow/dags/__pycache__/viacep.py
[2024-11-19T04:23:25.344+0000] {processor.py:914} INFO - Processing file /opt/airflow/dags/__pycache__/viacep.py for tasks to queue
[2024-11-19T04:23:25.349+0000] {logging_mixin.py:190} INFO - [2024-11-19T04:23:25.348+0000] {dagbag.py:588} INFO - Filling up the DagBag from /opt/airflow/dags/__pycache__/viacep.py
[2024-11-19T04:23:25.398+0000] {processor.py:925} INFO - DAG(s) 'viacep' retrieved from /opt/airflow/dags/__pycache__/viacep.py
[2024-11-19T04:23:25.426+0000] {logging_mixin.py:190} INFO - [2024-11-19T04:23:25.425+0000] {dag.py:3239} INFO - Sync 1 DAGs
[2024-11-19T04:23:25.468+0000] {logging_mixin.py:190} INFO - [2024-11-19T04:23:25.468+0000] {dag.py:4180} INFO - Setting next_dagrun for viacep to 2024-11-19 00:00:00+00:00, run_after=2024-11-20 00:00:00+00:00
[2024-11-19T04:23:25.508+0000] {processor.py:208} INFO - Processing /opt/airflow/dags/__pycache__/viacep.py took 0.171 seconds
[2024-11-19T04:23:56.018+0000] {processor.py:186} INFO - Started process (PID=2108) to work on /opt/airflow/dags/__pycache__/viacep.py
[2024-11-19T04:23:56.019+0000] {processor.py:914} INFO - Processing file /opt/airflow/dags/__pycache__/viacep.py for tasks to queue
[2024-11-19T04:23:56.022+0000] {logging_mixin.py:190} INFO - [2024-11-19T04:23:56.022+0000] {dagbag.py:588} INFO - Filling up the DagBag from /opt/airflow/dags/__pycache__/viacep.py
[2024-11-19T04:23:56.056+0000] {processor.py:925} INFO - DAG(s) 'viacep' retrieved from /opt/airflow/dags/__pycache__/viacep.py
[2024-11-19T04:23:56.078+0000] {logging_mixin.py:190} INFO - [2024-11-19T04:23:56.077+0000] {dag.py:3239} INFO - Sync 1 DAGs
[2024-11-19T04:23:56.109+0000] {logging_mixin.py:190} INFO - [2024-11-19T04:23:56.109+0000] {dag.py:4180} INFO - Setting next_dagrun for viacep to 2024-11-19 00:00:00+00:00, run_after=2024-11-20 00:00:00+00:00
[2024-11-19T04:23:56.133+0000] {processor.py:208} INFO - Processing /opt/airflow/dags/__pycache__/viacep.py took 0.123 seconds
[2024-11-19T04:24:26.657+0000] {processor.py:186} INFO - Started process (PID=2173) to work on /opt/airflow/dags/__pycache__/viacep.py
[2024-11-19T04:24:26.658+0000] {processor.py:914} INFO - Processing file /opt/airflow/dags/__pycache__/viacep.py for tasks to queue
[2024-11-19T04:24:26.662+0000] {logging_mixin.py:190} INFO - [2024-11-19T04:24:26.661+0000] {dagbag.py:588} INFO - Filling up the DagBag from /opt/airflow/dags/__pycache__/viacep.py
[2024-11-19T04:24:26.688+0000] {processor.py:925} INFO - DAG(s) 'viacep' retrieved from /opt/airflow/dags/__pycache__/viacep.py
[2024-11-19T04:24:26.710+0000] {logging_mixin.py:190} INFO - [2024-11-19T04:24:26.709+0000] {dag.py:3239} INFO - Sync 1 DAGs
[2024-11-19T04:24:26.735+0000] {logging_mixin.py:190} INFO - [2024-11-19T04:24:26.735+0000] {dag.py:4180} INFO - Setting next_dagrun for viacep to 2024-11-19 00:00:00+00:00, run_after=2024-11-20 00:00:00+00:00
[2024-11-19T04:24:26.760+0000] {processor.py:208} INFO - Processing /opt/airflow/dags/__pycache__/viacep.py took 0.111 seconds
