[2024-11-21T16:40:35.485+0000] {local_task_job_runner.py:123} INFO - ::group::Pre task execution logs
[2024-11-21T16:40:35.497+0000] {taskinstance.py:2613} INFO - Dependencies all met for dep_context=non-requeueable deps ti=<TaskInstance: viacep.extract manual__2024-11-21T16:40:32.591227+00:00 [queued]>
[2024-11-21T16:40:35.503+0000] {taskinstance.py:2613} INFO - Dependencies all met for dep_context=requeueable deps ti=<TaskInstance: viacep.extract manual__2024-11-21T16:40:32.591227+00:00 [queued]>
[2024-11-21T16:40:35.504+0000] {taskinstance.py:2866} INFO - Starting attempt 1 of 1
[2024-11-21T16:40:35.618+0000] {taskinstance.py:2889} INFO - Executing <Task(PythonOperator): extract> on 2024-11-21 16:40:32.591227+00:00
[2024-11-21T16:40:35.624+0000] {warnings.py:112} WARNING - /home/***/.local/lib/python3.12/site-packages/***/task/task_runner/standard_task_runner.py:70: DeprecationWarning: This process (pid=127) is multi-threaded, use of fork() may lead to deadlocks in the child.
  pid = os.fork()

[2024-11-21T16:40:35.625+0000] {standard_task_runner.py:104} INFO - Running: ['***', 'tasks', 'run', 'viacep', 'extract', 'manual__2024-11-21T16:40:32.591227+00:00', '--job-id', '69', '--raw', '--subdir', 'DAGS_FOLDER/__pycache__/viacep.py', '--cfg-path', '/tmp/tmp267cf59e']
[2024-11-21T16:40:35.626+0000] {standard_task_runner.py:72} INFO - Started process 129 to run task
[2024-11-21T16:40:35.627+0000] {standard_task_runner.py:105} INFO - Job 69: Subtask extract
[2024-11-21T16:40:35.664+0000] {task_command.py:467} INFO - Running <TaskInstance: viacep.extract manual__2024-11-21T16:40:32.591227+00:00 [running]> on host bf751b86ec1d
[2024-11-21T16:40:35.727+0000] {taskinstance.py:3132} INFO - Exporting env vars: AIRFLOW_CTX_DAG_OWNER='***' AIRFLOW_CTX_DAG_ID='viacep' AIRFLOW_CTX_TASK_ID='extract' AIRFLOW_CTX_EXECUTION_DATE='2024-11-21T16:40:32.591227+00:00' AIRFLOW_CTX_TRY_NUMBER='1' AIRFLOW_CTX_DAG_RUN_ID='manual__2024-11-21T16:40:32.591227+00:00'
[2024-11-21T16:40:35.729+0000] {logging_mixin.py:190} INFO - Task instance is in running state
[2024-11-21T16:40:35.730+0000] {logging_mixin.py:190} INFO -  Previous state of the Task instance: queued
[2024-11-21T16:40:35.730+0000] {logging_mixin.py:190} INFO - Current task name:extract state:running start_date:2024-11-21 16:40:35.498328+00:00
[2024-11-21T16:40:35.731+0000] {logging_mixin.py:190} INFO - Dag name:viacep and current dag run status:running
[2024-11-21T16:40:35.732+0000] {taskinstance.py:731} INFO - ::endgroup::
[2024-11-21T16:40:36.156+0000] {python.py:240} INFO - Done. Returned value was: {'cep': '11700-100', 'logradouro': 'Praça Dezenove de Janeiro', 'complemento': '', 'unidade': '', 'bairro': 'Boqueirão', 'localidade': 'Praia Grande', 'uf': 'SP', 'estado': 'São Paulo', 'regiao': 'Sudeste', 'ibge': '3541000', 'gia': '5587', 'ddd': '13', 'siafi': '6921'}
[2024-11-21T16:40:36.182+0000] {taskinstance.py:340} INFO - ::group::Post task execution logs
[2024-11-21T16:40:36.183+0000] {taskinstance.py:352} INFO - Marking task as SUCCESS. dag_id=viacep, task_id=extract, run_id=manual__2024-11-21T16:40:32.591227+00:00, execution_date=20241121T164032, start_date=20241121T164035, end_date=20241121T164036
[2024-11-21T16:40:36.192+0000] {logging_mixin.py:190} INFO - Task instance in success state
[2024-11-21T16:40:36.193+0000] {logging_mixin.py:190} INFO -  Previous state of the Task instance: running
[2024-11-21T16:40:36.193+0000] {logging_mixin.py:190} INFO - Dag name:viacep queued_at:2024-11-21 16:40:32.606108+00:00
[2024-11-21T16:40:36.194+0000] {logging_mixin.py:190} INFO - Task hostname:bf751b86ec1d operator:PythonOperator
[2024-11-21T16:40:36.205+0000] {local_task_job_runner.py:266} INFO - Task exited with return code 0
[2024-11-21T16:40:36.225+0000] {taskinstance.py:3895} INFO - 1 downstream tasks scheduled from follow-on schedule check
[2024-11-21T16:40:36.227+0000] {local_task_job_runner.py:245} INFO - ::endgroup::
