[2024-11-21T16:43:02.348+0000] {local_task_job_runner.py:123} INFO - ::group::Pre task execution logs
[2024-11-21T16:43:02.370+0000] {taskinstance.py:2613} INFO - Dependencies all met for dep_context=non-requeueable deps ti=<TaskInstance: viacep.transform manual__2024-11-21T16:42:57.846843+00:00 [queued]>
[2024-11-21T16:43:02.380+0000] {taskinstance.py:2613} INFO - Dependencies all met for dep_context=requeueable deps ti=<TaskInstance: viacep.transform manual__2024-11-21T16:42:57.846843+00:00 [queued]>
[2024-11-21T16:43:02.382+0000] {taskinstance.py:2866} INFO - Starting attempt 1 of 1
[2024-11-21T16:43:02.528+0000] {taskinstance.py:2889} INFO - Executing <Task(PythonOperator): transform> on 2024-11-21 16:42:57.846843+00:00
[2024-11-21T16:43:02.541+0000] {standard_task_runner.py:104} INFO - Running: ['***', 'tasks', 'run', 'viacep', 'transform', 'manual__2024-11-21T16:42:57.846843+00:00', '--job-id', '73', '--raw', '--subdir', 'DAGS_FOLDER/__pycache__/viacep.py', '--cfg-path', '/tmp/tmp0xzcepit']
[2024-11-21T16:43:02.539+0000] {warnings.py:112} WARNING - /home/***/.local/lib/python3.12/site-packages/***/task/task_runner/standard_task_runner.py:70: DeprecationWarning: This process (pid=179) is multi-threaded, use of fork() may lead to deadlocks in the child.
  pid = os.fork()

[2024-11-21T16:43:02.543+0000] {standard_task_runner.py:105} INFO - Job 73: Subtask transform
[2024-11-21T16:43:02.544+0000] {standard_task_runner.py:72} INFO - Started process 181 to run task
[2024-11-21T16:43:02.599+0000] {task_command.py:467} INFO - Running <TaskInstance: viacep.transform manual__2024-11-21T16:42:57.846843+00:00 [running]> on host bf751b86ec1d
[2024-11-21T16:43:02.677+0000] {taskinstance.py:3132} INFO - Exporting env vars: AIRFLOW_CTX_DAG_OWNER='***' AIRFLOW_CTX_DAG_ID='viacep' AIRFLOW_CTX_TASK_ID='transform' AIRFLOW_CTX_EXECUTION_DATE='2024-11-21T16:42:57.846843+00:00' AIRFLOW_CTX_TRY_NUMBER='1' AIRFLOW_CTX_DAG_RUN_ID='manual__2024-11-21T16:42:57.846843+00:00'
[2024-11-21T16:43:02.679+0000] {logging_mixin.py:190} INFO - Task instance is in running state
[2024-11-21T16:43:02.679+0000] {logging_mixin.py:190} INFO -  Previous state of the Task instance: queued
[2024-11-21T16:43:02.680+0000] {logging_mixin.py:190} INFO - Current task name:transform state:running start_date:2024-11-21 16:43:02.371529+00:00
[2024-11-21T16:43:02.680+0000] {logging_mixin.py:190} INFO - Dag name:viacep and current dag run status:running
[2024-11-21T16:43:02.681+0000] {taskinstance.py:731} INFO - ::endgroup::
[2024-11-21T16:43:02.697+0000] {python.py:240} INFO - Done. Returned value was: [{"cep":"11700-100","logradouro":"Pra\u00e7a Dezenove de Janeiro","complemento":"","bairro":"Boqueir\u00e3o","localidade":"Praia Grande","estado":"S\u00e3o Paulo","uf":"SP"}]
[2024-11-21T16:43:02.720+0000] {taskinstance.py:340} INFO - ::group::Post task execution logs
[2024-11-21T16:43:02.721+0000] {taskinstance.py:352} INFO - Marking task as SUCCESS. dag_id=viacep, task_id=transform, run_id=manual__2024-11-21T16:42:57.846843+00:00, execution_date=20241121T164257, start_date=20241121T164302, end_date=20241121T164302
[2024-11-21T16:43:02.731+0000] {logging_mixin.py:190} INFO - Task instance in success state
[2024-11-21T16:43:02.732+0000] {logging_mixin.py:190} INFO -  Previous state of the Task instance: running
[2024-11-21T16:43:02.732+0000] {logging_mixin.py:190} INFO - Dag name:viacep queued_at:2024-11-21 16:42:57.853629+00:00
[2024-11-21T16:43:02.733+0000] {logging_mixin.py:190} INFO - Task hostname:bf751b86ec1d operator:PythonOperator
[2024-11-21T16:43:02.764+0000] {local_task_job_runner.py:266} INFO - Task exited with return code 0
[2024-11-21T16:43:02.791+0000] {taskinstance.py:3895} INFO - 1 downstream tasks scheduled from follow-on schedule check
[2024-11-21T16:43:02.794+0000] {local_task_job_runner.py:245} INFO - ::endgroup::
